INFO:__main__:dataset:
- multiple-graphs
- TUDataset
- BZR
derive_num: 30
logfname: bzr_dynamic-both_combinations.log
nas_args:
  dynamic_behaviour: change_both
  dynamic_nas_steps: 150
  forward:
    mode: train
    softmax_temp: 5.0
    tanh_c: 2.5
  hidden_size: 100
  reset:
    init_range: 0.1
ss_args:
  debug: false
  prob_scale: 4
  type: dynamic_prob
  with_combinations: true
trainer_args:
  derive:
    derive_from_history: false
  eval:
    save_model_flag: false
  train:
    derive_finaly: false
    num_eras: 30
    save_eras: 30
  train_controller:
    epochs: 20

INFO:nas.trainer:eval | (sampled_gnn, metric_val) = (['gin', 'gin', 2, 'global_max_pool', 5500], 0.8395061728395061)
INFO:nas.trainer:eval | (sampled_gnn, metric_val) = (['gin', 'gin', 2, 'global_max_pool', 8000], 0.8271604938271605)
INFO:nas.trainer:eval | (sampled_gnn, metric_val) = (['gcn', 'sg', 2, 'global_mean_pool', 5500], 0.7407407407407407)
INFO:nas.trainer:eval | (sampled_gnn, metric_val) = (['gin', 'gcn', 2, 'global_mean_pool', 6000], 0.8148148148148148)
INFO:nas.trainer:eval | (sampled_gnn, metric_val) = (['gmm', 'gin', 2, 'global_add_pool', 5500], 0.7654320987654321)
INFO:nas.trainer:eval | (sampled_gnn, metric_val) = (['gcn', 'gat', 2, 'global_max_pool', 7000], 0.8148148148148148)
INFO:nas.trainer:eval | (sampled_gnn, metric_val) = (['gmm', 'sg', 2, 'global_add_pool', 3500], 0.7037037037037037)
INFO:nas.trainer:eval | (sampled_gnn, metric_val) = (['tag', 'gin', 2, 'global_add_pool', 6000], 0.7777777777777778)
INFO:nas.trainer:eval | (sampled_gnn, metric_val) = (['gmm', 'tag', 2, 'global_mean_pool', 6500], 0.7160493827160493)
INFO:nas.trainer:eval | (sampled_gnn, metric_val) = (['gat', 'gmm', 2, 'global_add_pool', 5000], 0.7283950617283951)
INFO:nas.trainer:eval | (sampled_gnn, metric_val) = (['gat', 'gin', 2, 'global_add_pool', 7500], 0.6790123456790124)
INFO:nas.trainer:eval | (sampled_gnn, metric_val) = (['gcn', 'sage', 2, 'global_add_pool', 6000], 0.7283950617283951)
INFO:nas.trainer:eval | (sampled_gnn, metric_val) = (['gmm', 'sage', 2, 'global_max_pool', 3000], 0.7160493827160493)
INFO:nas.trainer:eval | (sampled_gnn, metric_val) = (['gin', 'sg', 2, 'global_max_pool', 5000], 0.7283950617283951)
INFO:nas.trainer:eval | (sampled_gnn, metric_val) = (['gin', 'gcn', 2, 'global_mean_pool', 3000], 0.7407407407407407)
INFO:nas.trainer:eval | (sampled_gnn, metric_val) = (['sg', 'gin', 2, 'global_max_pool', 6000], 0.8518518518518519)
INFO:nas.trainer:eval | (sampled_gnn, metric_val) = (['gcn', 'gin', 2, 'global_mean_pool', 6500], 0.7777777777777778)
INFO:nas.trainer:eval | (sampled_gnn, metric_val) = (['tag', 'gcn', 2, 'global_add_pool', 7500], 0.7777777777777778)
INFO:nas.trainer:eval | (sampled_gnn, metric_val) = (['gin', 'sg', 2, 'global_max_pool', 6000], 0.8641975308641975)
INFO:nas.trainer:eval | (sampled_gnn, metric_val) = (['gcn', 'gin', 2, 'global_add_pool', 3000], 0.7037037037037037)
INFO:nas.trainer:train | 0 era_time 3694.6817393302917
INFO:nas.trainer:eval | (sampled_gnn, metric_val) = (['gin', 'gcn', 2, 'global_max_pool', 3000], 0.8024691358024691)
INFO:nas.trainer:eval | (sampled_gnn, metric_val) = (['gin', 'sg', 2, 'global_add_pool', 7500], 0.8148148148148148)
INFO:nas.trainer:eval | (sampled_gnn, metric_val) = (['gin', 'gin', 2, 'global_max_pool', 6000], 0.8024691358024691)
INFO:nas.trainer:eval | (sampled_gnn, metric_val) = (['gcn', 'gin', 2, 'global_add_pool', 3000], 0.7901234567901234)
INFO:nas.trainer:eval | (sampled_gnn, metric_val) = (['gcn', 'gcn', 2, 'global_add_pool', 7500], 0.691358024691358)
INFO:nas.trainer:eval | (sampled_gnn, metric_val) = (['gmm', 'gcn', 2, 'global_mean_pool', 8000], 0.7407407407407407)
INFO:nas.trainer:eval | (sampled_gnn, metric_val) = (['gcn', 'gin', 2, 'global_add_pool', 4500], 0.7654320987654321)
INFO:nas.trainer:eval | (sampled_gnn, metric_val) = (['gin', 'gcn', 2, 'global_add_pool', 7500], 0.7283950617283951)
INFO:nas.trainer:eval | (sampled_gnn, metric_val) = (['gcn', 'gcn', 2, 'global_mean_pool', 4500], 0.7654320987654321)
INFO:nas.trainer:eval | (sampled_gnn, metric_val) = (['tag', 'gin', 2, 'global_add_pool', 7500], 0.7530864197530864)
INFO:nas.trainer:eval | (sampled_gnn, metric_val) = (['gin', 'gin', 2, 'global_add_pool', 4000], 0.7901234567901234)
INFO:nas.trainer:eval | (sampled_gnn, metric_val) = (['gin', 'sage', 2, 'global_add_pool', 3500], 0.8395061728395061)
INFO:nas.trainer:eval | (sampled_gnn, metric_val) = (['gin', 'gcn', 2, 'global_max_pool', 3000], 0.7777777777777778)
INFO:nas.trainer:eval | (sampled_gnn, metric_val) = (['gcn', 'gin', 2, 'global_add_pool', 4500], 0.7407407407407407)
INFO:nas.trainer:eval | (sampled_gnn, metric_val) = (['gin', 'gin', 2, 'global_max_pool', 3000], 0.8148148148148148)
INFO:nas.trainer:eval | (sampled_gnn, metric_val) = (['gat', 'gcn', 2, 'global_mean_pool', 3500], 0.7654320987654321)
INFO:nas.trainer:eval | (sampled_gnn, metric_val) = (['gcn', 'gin', 2, 'global_add_pool', 7000], 0.8271604938271605)
INFO:nas.trainer:eval | (sampled_gnn, metric_val) = (['sg', 'sg', 2, 'global_max_pool', 6000], 0.7283950617283951)
INFO:nas.trainer:eval | (sampled_gnn, metric_val) = (['gin', 'gin', 2, 'global_max_pool', 4500], 0.8395061728395061)
INFO:nas.trainer:eval | (sampled_gnn, metric_val) = (['gcn', 'gin', 2, 'global_mean_pool', 8000], 0.7654320987654321)
INFO:nas.trainer:train | 1 era_time 3348.5990121364594
INFO:nas.trainer:eval | (sampled_gnn, metric_val) = (['gcn', 'gcn', 2, 'global_max_pool', 4000], 0.7654320987654321)
INFO:nas.trainer:eval | (sampled_gnn, metric_val) = (['gin', 'sg', 2, 'global_max_pool', 4000], 0.7530864197530864)
INFO:nas.trainer:eval | (sampled_gnn, metric_val) = (['sage', 'gin', 2, 'global_max_pool', 8000], 0.8271604938271605)
INFO:nas.trainer:eval | (sampled_gnn, metric_val) = (['gat', 'gin', 2, 'global_max_pool', 3500], 0.8024691358024691)
INFO:nas.trainer:eval | (sampled_gnn, metric_val) = (['ssg', 'gin', 2, 'global_max_pool', 5000], 0.7654320987654321)
INFO:nas.trainer:eval | (sampled_gnn, metric_val) = (['sage', 'gin', 2, 'global_add_pool', 7000], 0.7407407407407407)
INFO:nas.trainer:eval | (sampled_gnn, metric_val) = (['gin', 'ssg', 2, 'global_mean_pool', 4000], 0.7407407407407407)
INFO:nas.trainer:eval | (sampled_gnn, metric_val) = (['gmm', 'gin', 2, 'global_add_pool', 5500], 0.8024691358024691)
INFO:nas.trainer:eval | (sampled_gnn, metric_val) = (['gin', 'sage', 2, 'global_mean_pool', 6500], 0.7407407407407407)
INFO:nas.trainer:eval | (sampled_gnn, metric_val) = (['gmm', 'ssg', 2, 'global_max_pool', 5000], 0.7777777777777778)
INFO:nas.trainer:eval | (sampled_gnn, metric_val) = (['gin', 'sg', 2, 'global_add_pool', 5500], 0.7530864197530864)
INFO:nas.trainer:eval | (sampled_gnn, metric_val) = (['gcn', 'gin', 2, 'global_max_pool', 3000], 0.7654320987654321)
INFO:nas.trainer:eval | (sampled_gnn, metric_val) = (['tag', 'gat', 2, 'global_max_pool', 8000], 0.7530864197530864)
INFO:nas.trainer:eval | (sampled_gnn, metric_val) = (['gat', 'gcn', 2, 'global_max_pool', 5500], 0.7037037037037037)
INFO:nas.trainer:eval | (sampled_gnn, metric_val) = (['gin', 'gcn', 2, 'global_add_pool', 4500], 0.7777777777777778)
INFO:nas.trainer:eval | (sampled_gnn, metric_val) = (['gin', 'gin', 2, 'global_mean_pool', 4500], 0.8271604938271605)
INFO:nas.trainer:eval | (sampled_gnn, metric_val) = (['ssg', 'sage', 2, 'global_add_pool', 7500], 0.7407407407407407)
INFO:nas.trainer:eval | (sampled_gnn, metric_val) = (['sg', 'ssg', 2, 'global_mean_pool', 7000], 0.7777777777777778)
INFO:nas.trainer:eval | (sampled_gnn, metric_val) = (['sage', 'gin', 2, 'global_add_pool', 8000], 0.7407407407407407)
INFO:nas.trainer:eval | (sampled_gnn, metric_val) = (['gcn', 'gmm', 2, 'global_add_pool', 7500], 0.7160493827160493)
INFO:nas.trainer:train | 2 era_time 3709.367331504822
INFO:nas.trainer:eval | (sampled_gnn, metric_val) = (['gcn', 'sg', 2, 'global_mean_pool', 7500], 0.7654320987654321)
INFO:nas.trainer:eval | (sampled_gnn, metric_val) = (['gin', 'tag', 2, 'global_add_pool', 8000], 0.7901234567901234)
INFO:nas.trainer:eval | (sampled_gnn, metric_val) = (['ssg', 'ssg', 2, 'global_mean_pool', 6000], 0.7530864197530864)
INFO:nas.trainer:eval | (sampled_gnn, metric_val) = (['ssg', 'gmm', 2, 'global_add_pool', 6500], 0.7160493827160493)
INFO:nas.trainer:eval | (sampled_gnn, metric_val) = (['gcn', 'gcn', 2, 'global_max_pool', 7000], 0.8024691358024691)
INFO:nas.trainer:eval | (sampled_gnn, metric_val) = (['gin', 'gcn', 2, 'global_mean_pool', 7500], 0.7283950617283951)
INFO:nas.trainer:eval | (sampled_gnn, metric_val) = (['gin', 'gcn', 2, 'global_max_pool', 5000], 0.8148148148148148)
INFO:nas.trainer:eval | (sampled_gnn, metric_val) = (['gin', 'gin', 2, 'global_mean_pool', 6500], 0.8765432098765432)
INFO:nas.trainer:eval | (sampled_gnn, metric_val) = (['gcn', 'gin', 2, 'global_add_pool', 6000], 0.7777777777777778)
INFO:nas.trainer:eval | (sampled_gnn, metric_val) = (['gcn', 'sg', 2, 'global_max_pool', 3000], 0.8518518518518519)
INFO:nas.trainer:eval | (sampled_gnn, metric_val) = (['gcn', 'ssg', 2, 'global_max_pool', 4000], 0.8271604938271605)
INFO:nas.trainer:eval | (sampled_gnn, metric_val) = (['sage', 'gcn', 2, 'global_mean_pool', 7000], 0.7654320987654321)
INFO:nas.trainer:eval | (sampled_gnn, metric_val) = (['sg', 'gin', 2, 'global_max_pool', 5000], 0.7901234567901234)
INFO:nas.trainer:eval | (sampled_gnn, metric_val) = (['gat', 'sage', 2, 'global_max_pool', 4000], 0.8518518518518519)
INFO:nas.trainer:eval | (sampled_gnn, metric_val) = (['gin', 'gcn', 2, 'global_add_pool', 4000], 0.7530864197530864)
INFO:nas.trainer:eval | (sampled_gnn, metric_val) = (['gat', 'gcn', 2, 'global_add_pool', 6500], 0.7901234567901234)
INFO:nas.trainer:eval | (sampled_gnn, metric_val) = (['ssg', 'gin', 2, 'global_max_pool', 5000], 0.8395061728395061)
INFO:nas.trainer:eval | (sampled_gnn, metric_val) = (['gmm', 'gin', 2, 'global_mean_pool', 5500], 0.8024691358024691)
INFO:nas.trainer:eval | (sampled_gnn, metric_val) = (['gat', 'gcn', 2, 'global_max_pool', 4500], 0.8024691358024691)
INFO:nas.trainer:eval | (sampled_gnn, metric_val) = (['gmm', 'ssg', 2, 'global_max_pool', 4000], 0.7901234567901234)
INFO:nas.trainer:train | 3 era_time 3700.9621562957764
INFO:nas.trainer:eval | (sampled_gnn, metric_val) = (['gin', 'ssg', 2, 'global_max_pool', 5000], 0.8271604938271605)
INFO:nas.trainer:eval | (sampled_gnn, metric_val) = (['sage', 'sage', 2, 'global_max_pool', 5000], 0.7530864197530864)
INFO:nas.trainer:eval | (sampled_gnn, metric_val) = (['gin', 'gin', 2, 'global_max_pool', 7000], 0.7530864197530864)
INFO:nas.trainer:eval | (sampled_gnn, metric_val) = (['gin', 'ssg', 2, 'global_max_pool', 4000], 0.8271604938271605)
INFO:nas.trainer:eval | (sampled_gnn, metric_val) = (['sage', 'gin', 2, 'global_max_pool', 3000], 0.7654320987654321)
INFO:nas.trainer:eval | (sampled_gnn, metric_val) = (['gin', 'gcn', 2, 'global_max_pool', 3000], 0.7654320987654321)
INFO:nas.trainer:eval | (sampled_gnn, metric_val) = (['sg', 'gat', 2, 'global_max_pool', 3500], 0.8024691358024691)
INFO:nas.trainer:eval | (sampled_gnn, metric_val) = (['gin', 'gcn', 2, 'global_mean_pool', 5000], 0.7037037037037037)
INFO:nas.trainer:eval | (sampled_gnn, metric_val) = (['gmm', 'gcn', 2, 'global_add_pool', 8000], 0.6790123456790124)
INFO:nas.trainer:eval | (sampled_gnn, metric_val) = (['sg', 'gcn', 2, 'global_max_pool', 7500], 0.8271604938271605)
INFO:nas.trainer:eval | (sampled_gnn, metric_val) = (['gcn', 'gcn', 2, 'global_max_pool', 4500], 0.7530864197530864)
INFO:nas.trainer:eval | (sampled_gnn, metric_val) = (['gcn', 'sg', 2, 'global_max_pool', 3500], 0.8024691358024691)
INFO:nas.trainer:eval | (sampled_gnn, metric_val) = (['gcn', 'gcn', 2, 'global_max_pool', 5000], 0.8024691358024691)
INFO:nas.trainer:eval | (sampled_gnn, metric_val) = (['sg', 'sage', 2, 'global_max_pool', 4000], 0.7654320987654321)
INFO:nas.trainer:eval | (sampled_gnn, metric_val) = (['sage', 'ssg', 2, 'global_add_pool', 5000], 0.7283950617283951)
INFO:nas.trainer:eval | (sampled_gnn, metric_val) = (['gin', 'gmm', 2, 'global_add_pool', 5500], 0.7530864197530864)
INFO:nas.trainer:eval | (sampled_gnn, metric_val) = (['gcn', 'gat', 2, 'global_add_pool', 8000], 0.7160493827160493)
INFO:nas.trainer:eval | (sampled_gnn, metric_val) = (['tag', 'gat', 2, 'global_max_pool', 4500], 0.7901234567901234)
INFO:nas.trainer:eval | (sampled_gnn, metric_val) = (['gin', 'gin', 2, 'global_max_pool', 6000], 0.8024691358024691)
INFO:nas.trainer:eval | (sampled_gnn, metric_val) = (['gcn', 'sage', 2, 'global_max_pool', 3000], 0.7777777777777778)
INFO:nas.trainer:train | 4 era_time 3270.9084899425507
INFO:nas.trainer:eval | (sampled_gnn, metric_val) = (['ssg', 'gin', 2, 'global_max_pool', 6500], 0.8271604938271605)
INFO:nas.trainer:eval | (sampled_gnn, metric_val) = (['tag', 'gcn', 2, 'global_max_pool', 6000], 0.7654320987654321)
INFO:nas.trainer:eval | (sampled_gnn, metric_val) = (['gin', 'gcn', 2, 'global_max_pool', 7000], 0.7654320987654321)
INFO:nas.trainer:eval | (sampled_gnn, metric_val) = (['gcn', 'gin', 2, 'global_max_pool', 6000], 0.8395061728395061)
INFO:nas.trainer:eval | (sampled_gnn, metric_val) = (['ssg', 'gin', 2, 'global_max_pool', 4000], 0.7654320987654321)
INFO:nas.trainer:eval | (sampled_gnn, metric_val) = (['sage', 'gat', 2, 'global_max_pool', 4500], 0.8271604938271605)
INFO:nas.trainer:eval | (sampled_gnn, metric_val) = (['gin', 'gin', 2, 'global_max_pool', 6000], 0.8271604938271605)
INFO:nas.trainer:eval | (sampled_gnn, metric_val) = (['gat', 'tag', 2, 'global_max_pool', 3500], 0.7901234567901234)
INFO:nas.trainer:eval | (sampled_gnn, metric_val) = (['sage', 'gin', 2, 'global_max_pool', 7000], 0.7777777777777778)
INFO:nas.trainer:eval | (sampled_gnn, metric_val) = (['sg', 'gat', 2, 'global_max_pool', 5000], 0.7777777777777778)
INFO:nas.trainer:eval | (sampled_gnn, metric_val) = (['gin', 'gin', 2, 'global_mean_pool', 4500], 0.8518518518518519)
INFO:nas.trainer:eval | (sampled_gnn, metric_val) = (['tag', 'ssg', 2, 'global_max_pool', 6000], 0.8148148148148148)
INFO:nas.trainer:eval | (sampled_gnn, metric_val) = (['gin', 'gcn', 2, 'global_max_pool', 4500], 0.8024691358024691)
INFO:nas.trainer:eval | (sampled_gnn, metric_val) = (['tag', 'sg', 2, 'global_max_pool', 3000], 0.7160493827160493)
INFO:nas.trainer:eval | (sampled_gnn, metric_val) = (['ssg', 'gin', 2, 'global_max_pool', 3000], 0.8148148148148148)
INFO:nas.trainer:eval | (sampled_gnn, metric_val) = (['gin', 'gcn', 2, 'global_max_pool', 6500], 0.8148148148148148)
INFO:nas.trainer:eval | (sampled_gnn, metric_val) = (['gin', 'gat', 2, 'global_max_pool', 7500], 0.7901234567901234)
INFO:nas.trainer:eval | (sampled_gnn, metric_val) = (['gcn', 'gin', 2, 'global_max_pool', 3000], 0.7530864197530864)
INFO:nas.trainer:eval | (sampled_gnn, metric_val) = (['sage', 'gin', 2, 'global_max_pool', 3000], 0.8888888888888888)
INFO:nas.trainer:eval | (sampled_gnn, metric_val) = (['gat', 'gin', 2, 'global_max_pool', 6500], 0.8148148148148148)
INFO:nas.trainer:train | 5 era_time 3462.795683860779
INFO:nas.trainer:eval | (sampled_gnn, metric_val) = (['gin', 'gin', 2, 'global_max_pool', 8000], 0.8271604938271605)
INFO:nas.trainer:eval | (sampled_gnn, metric_val) = (['gin', 'ssg', 2, 'global_max_pool', 3000], 0.7530864197530864)
INFO:nas.trainer:eval | (sampled_gnn, metric_val) = (['gin', 'gin', 2, 'global_mean_pool', 3500], 0.7901234567901234)
INFO:nas.trainer:eval | (sampled_gnn, metric_val) = (['gcn', 'gin', 2, 'global_max_pool', 7500], 0.8024691358024691)
INFO:nas.trainer:eval | (sampled_gnn, metric_val) = (['gin', 'gin', 2, 'global_mean_pool', 6000], 0.8518518518518519)
INFO:nas.trainer:eval | (sampled_gnn, metric_val) = (['gin', 'gin', 2, 'global_max_pool', 3500], 0.8148148148148148)
INFO:nas.trainer:eval | (sampled_gnn, metric_val) = (['gin', 'gin', 2, 'global_max_pool', 4000], 0.8148148148148148)
INFO:nas.trainer:eval | (sampled_gnn, metric_val) = (['gin', 'gcn', 2, 'global_max_pool', 4000], 0.7901234567901234)
INFO:nas.trainer:eval | (sampled_gnn, metric_val) = (['gmm', 'ssg', 2, 'global_max_pool', 4000], 0.7654320987654321)
INFO:nas.trainer:eval | (sampled_gnn, metric_val) = (['gcn', 'gin', 2, 'global_max_pool', 4500], 0.8148148148148148)
INFO:nas.trainer:eval | (sampled_gnn, metric_val) = (['gin', 'gat', 2, 'global_max_pool', 7500], 0.8024691358024691)
INFO:nas.trainer:eval | (sampled_gnn, metric_val) = (['tag', 'gin', 2, 'global_mean_pool', 4500], 0.7654320987654321)
INFO:nas.trainer:eval | (sampled_gnn, metric_val) = (['gin', 'gcn', 2, 'global_max_pool', 6500], 0.8148148148148148)
INFO:nas.trainer:eval | (sampled_gnn, metric_val) = (['ssg', 'gin', 2, 'global_max_pool', 3000], 0.8148148148148148)
INFO:nas.trainer:eval | (sampled_gnn, metric_val) = (['gin', 'sage', 2, 'global_max_pool', 5000], 0.7901234567901234)
INFO:nas.trainer:eval | (sampled_gnn, metric_val) = (['gin', 'gcn', 2, 'global_max_pool', 6500], 0.8271604938271605)
INFO:nas.trainer:eval | (sampled_gnn, metric_val) = (['gcn', 'sage', 2, 'global_max_pool', 6500], 0.8024691358024691)
INFO:nas.trainer:eval | (sampled_gnn, metric_val) = (['gin', 'tag', 2, 'global_mean_pool', 3000], 0.8024691358024691)
INFO:nas.trainer:eval | (sampled_gnn, metric_val) = (['gat', 'gin', 2, 'global_mean_pool', 6500], 0.7283950617283951)
INFO:nas.trainer:eval | (sampled_gnn, metric_val) = (['ssg', 'gcn', 2, 'global_max_pool', 6000], 0.7530864197530864)
INFO:nas.trainer:train | 6 era_time 3337.69078207016
INFO:nas.trainer:eval | (sampled_gnn, metric_val) = (['tag', 'gin', 2, 'global_max_pool', 3500], 0.7901234567901234)
INFO:nas.trainer:eval | (sampled_gnn, metric_val) = (['gat', 'gmm', 2, 'global_mean_pool', 4000], 0.7037037037037037)
INFO:nas.trainer:eval | (sampled_gnn, metric_val) = (['gcn', 'sg', 2, 'global_max_pool', 5500], 0.8271604938271605)
INFO:nas.trainer:eval | (sampled_gnn, metric_val) = (['gcn', 'sg', 2, 'global_max_pool', 5500], 0.8271604938271605)
INFO:nas.trainer:eval | (sampled_gnn, metric_val) = (['gcn', 'ssg', 2, 'global_max_pool', 4500], 0.8148148148148148)
INFO:nas.trainer:eval | (sampled_gnn, metric_val) = (['gin', 'gin', 2, 'global_max_pool', 6500], 0.8395061728395061)
INFO:nas.trainer:eval | (sampled_gnn, metric_val) = (['gin', 'gin', 2, 'global_max_pool', 4000], 0.8641975308641975)
INFO:nas.trainer:eval | (sampled_gnn, metric_val) = (['gin', 'gcn', 2, 'global_max_pool', 4500], 0.8024691358024691)
INFO:nas.trainer:eval | (sampled_gnn, metric_val) = (['gin', 'gin', 2, 'global_max_pool', 3500], 0.8271604938271605)
INFO:nas.trainer:eval | (sampled_gnn, metric_val) = (['sg', 'gin', 2, 'global_max_pool', 3500], 0.7777777777777778)
INFO:nas.trainer:eval | (sampled_gnn, metric_val) = (['gin', 'gin', 2, 'global_max_pool', 6500], 0.8148148148148148)
INFO:nas.trainer:eval | (sampled_gnn, metric_val) = (['gcn', 'gcn', 2, 'global_max_pool', 4500], 0.8395061728395061)
INFO:nas.trainer:eval | (sampled_gnn, metric_val) = (['gin', 'gin', 2, 'global_max_pool', 6500], 0.8024691358024691)
INFO:nas.trainer:eval | (sampled_gnn, metric_val) = (['gcn', 'gcn', 2, 'global_max_pool', 6500], 0.8148148148148148)
INFO:nas.trainer:eval | (sampled_gnn, metric_val) = (['gmm', 'gin', 2, 'global_max_pool', 5500], 0.8395061728395061)
INFO:nas.trainer:eval | (sampled_gnn, metric_val) = (['sage', 'gat', 2, 'global_max_pool', 6500], 0.8271604938271605)
INFO:nas.trainer:eval | (sampled_gnn, metric_val) = (['gcn', 'gin', 2, 'global_add_pool', 4500], 0.7777777777777778)
INFO:nas.trainer:eval | (sampled_gnn, metric_val) = (['gcn', 'gin', 2, 'global_mean_pool', 3500], 0.691358024691358)
INFO:nas.trainer:eval | (sampled_gnn, metric_val) = (['gin', 'sg', 2, 'global_max_pool', 6500], 0.8271604938271605)
INFO:nas.trainer:eval | (sampled_gnn, metric_val) = (['gmm', 'gat', 2, 'global_max_pool', 6000], 0.8148148148148148)
INFO:nas.trainer:train | 7 era_time 3314.545084476471
INFO:nas.trainer:eval | (sampled_gnn, metric_val) = (['ssg', 'gcn', 2, 'global_max_pool', 5500], 0.7777777777777778)
INFO:nas.trainer:eval | (sampled_gnn, metric_val) = (['gin', 'sg', 2, 'global_max_pool', 4500], 0.8148148148148148)
INFO:nas.trainer:eval | (sampled_gnn, metric_val) = (['sage', 'gin', 2, 'global_max_pool', 6500], 0.7777777777777778)
INFO:nas.trainer:eval | (sampled_gnn, metric_val) = (['sg', 'gin', 2, 'global_max_pool', 4500], 0.8395061728395061)
INFO:nas.trainer:eval | (sampled_gnn, metric_val) = (['sage', 'sage', 2, 'global_max_pool', 6500], 0.8148148148148148)
INFO:nas.trainer:eval | (sampled_gnn, metric_val) = (['gin', 'gat', 2, 'global_max_pool', 3500], 0.8148148148148148)
INFO:nas.trainer:eval | (sampled_gnn, metric_val) = (['tag', 'gcn', 2, 'global_max_pool', 7500], 0.8271604938271605)
INFO:nas.trainer:eval | (sampled_gnn, metric_val) = (['gin', 'gat', 2, 'global_max_pool', 3500], 0.8148148148148148)
INFO:nas.trainer:eval | (sampled_gnn, metric_val) = (['gat', 'sg', 2, 'global_max_pool', 4500], 0.8395061728395061)
INFO:nas.trainer:eval | (sampled_gnn, metric_val) = (['sage', 'sage', 2, 'global_max_pool', 5500], 0.8518518518518519)
INFO:nas.trainer:eval | (sampled_gnn, metric_val) = (['gcn', 'gcn', 2, 'global_max_pool', 7500], 0.8271604938271605)
INFO:nas.trainer:eval | (sampled_gnn, metric_val) = (['gcn', 'gat', 2, 'global_max_pool', 6000], 0.8518518518518519)
INFO:nas.trainer:eval | (sampled_gnn, metric_val) = (['gcn', 'gin', 2, 'global_max_pool', 5500], 0.8148148148148148)
INFO:nas.trainer:eval | (sampled_gnn, metric_val) = (['gcn', 'gcn', 2, 'global_max_pool', 3000], 0.7530864197530864)
INFO:nas.trainer:eval | (sampled_gnn, metric_val) = (['sage', 'gat', 2, 'global_max_pool', 4500], 0.7901234567901234)
INFO:nas.trainer:eval | (sampled_gnn, metric_val) = (['gmm', 'sg', 2, 'global_max_pool', 6500], 0.7901234567901234)
INFO:nas.trainer:eval | (sampled_gnn, metric_val) = (['gin', 'ssg', 2, 'global_max_pool', 7500], 0.7407407407407407)
INFO:nas.trainer:eval | (sampled_gnn, metric_val) = (['gcn', 'gcn', 2, 'global_max_pool', 6500], 0.7530864197530864)
INFO:nas.trainer:eval | (sampled_gnn, metric_val) = (['gin', 'gin', 2, 'global_max_pool', 6500], 0.8271604938271605)
INFO:nas.trainer:eval | (sampled_gnn, metric_val) = (['gat', 'sg', 2, 'global_max_pool', 3000], 0.8024691358024691)
INFO:nas.trainer:train | 8 era_time 3631.57102060318
INFO:nas.trainer:eval | (sampled_gnn, metric_val) = (['gin', 'gcn', 2, 'global_max_pool', 6500], 0.8024691358024691)
INFO:nas.trainer:eval | (sampled_gnn, metric_val) = (['ssg', 'sg', 2, 'global_max_pool', 4500], 0.8024691358024691)
INFO:nas.trainer:eval | (sampled_gnn, metric_val) = (['gin', 'sg', 2, 'global_max_pool', 6500], 0.8024691358024691)
INFO:nas.trainer:eval | (sampled_gnn, metric_val) = (['gcn', 'sage', 2, 'global_max_pool', 3000], 0.8271604938271605)
INFO:nas.trainer:eval | (sampled_gnn, metric_val) = (['tag', 'gcn', 2, 'global_max_pool', 3500], 0.7777777777777778)
INFO:nas.trainer:eval | (sampled_gnn, metric_val) = (['gcn', 'ssg', 2, 'global_max_pool', 3500], 0.7777777777777778)
INFO:nas.trainer:eval | (sampled_gnn, metric_val) = (['gat', 'sage', 2, 'global_max_pool', 4000], 0.7901234567901234)
INFO:nas.trainer:eval | (sampled_gnn, metric_val) = (['gin', 'sage', 2, 'global_max_pool', 4500], 0.8148148148148148)
INFO:nas.trainer:eval | (sampled_gnn, metric_val) = (['gat', 'sg', 2, 'global_max_pool', 6000], 0.7901234567901234)
INFO:nas.trainer:eval | (sampled_gnn, metric_val) = (['gin', 'gcn', 2, 'global_max_pool', 3000], 0.8148148148148148)
INFO:nas.trainer:eval | (sampled_gnn, metric_val) = (['gin', 'sg', 2, 'global_max_pool', 4000], 0.8518518518518519)
INFO:nas.trainer:eval | (sampled_gnn, metric_val) = (['gin', 'sage', 2, 'global_max_pool', 7500], 0.8395061728395061)
INFO:nas.trainer:eval | (sampled_gnn, metric_val) = (['gcn', 'gcn', 2, 'global_max_pool', 3500], 0.8148148148148148)
INFO:nas.trainer:eval | (sampled_gnn, metric_val) = (['gcn', 'sg', 2, 'global_max_pool', 6000], 0.8395061728395061)
INFO:nas.trainer:eval | (sampled_gnn, metric_val) = (['tag', 'gin', 2, 'global_max_pool', 4500], 0.8395061728395061)
INFO:nas.trainer:eval | (sampled_gnn, metric_val) = (['gin', 'sage', 2, 'global_max_pool', 4500], 0.7654320987654321)
INFO:nas.trainer:eval | (sampled_gnn, metric_val) = (['gat', 'gat', 2, 'global_max_pool', 3000], 0.8518518518518519)
INFO:nas.trainer:eval | (sampled_gnn, metric_val) = (['gin', 'ssg', 2, 'global_max_pool', 3000], 0.8271604938271605)
INFO:nas.trainer:eval | (sampled_gnn, metric_val) = (['gcn', 'gat', 2, 'global_max_pool', 7500], 0.7654320987654321)
INFO:nas.trainer:eval | (sampled_gnn, metric_val) = (['sg', 'gcn', 2, 'global_max_pool', 6000], 0.8024691358024691)
INFO:nas.trainer:train | 9 era_time 3178.7296345233917
INFO:nas.trainer:eval | (sampled_gnn, metric_val) = (['gin', 'sage', 2, 'global_max_pool', 3000], 0.8024691358024691)
INFO:nas.trainer:eval | (sampled_gnn, metric_val) = (['gin', 'gcn', 2, 'global_max_pool', 3500], 0.7901234567901234)
INFO:nas.trainer:eval | (sampled_gnn, metric_val) = (['gat', 'sg', 2, 'global_max_pool', 6500], 0.7777777777777778)
INFO:nas.trainer:eval | (sampled_gnn, metric_val) = (['gcn', 'sage', 2, 'global_mean_pool', 6000], 0.7407407407407407)
INFO:nas.trainer:eval | (sampled_gnn, metric_val) = (['gin', 'gmm', 2, 'global_max_pool', 6500], 0.8271604938271605)
INFO:nas.trainer:eval | (sampled_gnn, metric_val) = (['tag', 'gin', 2, 'global_max_pool', 3000], 0.8395061728395061)
INFO:nas.trainer:eval | (sampled_gnn, metric_val) = (['tag', 'gin', 2, 'global_max_pool', 3500], 0.8024691358024691)
INFO:nas.trainer:eval | (sampled_gnn, metric_val) = (['tag', 'ssg', 2, 'global_max_pool', 7500], 0.8024691358024691)
INFO:nas.trainer:eval | (sampled_gnn, metric_val) = (['gcn', 'sg', 2, 'global_max_pool', 5500], 0.8024691358024691)
INFO:nas.trainer:eval | (sampled_gnn, metric_val) = (['gin', 'gin', 2, 'global_max_pool', 7500], 0.7654320987654321)
INFO:nas.trainer:eval | (sampled_gnn, metric_val) = (['gmm', 'gcn', 2, 'global_max_pool', 5500], 0.7777777777777778)
INFO:nas.trainer:eval | (sampled_gnn, metric_val) = (['ssg', 'sage', 2, 'global_max_pool', 5500], 0.7777777777777778)
INFO:nas.trainer:eval | (sampled_gnn, metric_val) = (['gcn', 'sg', 2, 'global_max_pool', 5500], 0.8148148148148148)
INFO:nas.trainer:eval | (sampled_gnn, metric_val) = (['gmm', 'gin', 2, 'global_max_pool', 3000], 0.7654320987654321)
INFO:nas.trainer:eval | (sampled_gnn, metric_val) = (['sg', 'gin', 2, 'global_max_pool', 3000], 0.7407407407407407)
INFO:nas.trainer:eval | (sampled_gnn, metric_val) = (['sage', 'sg', 2, 'global_max_pool', 5500], 0.8271604938271605)
INFO:nas.trainer:eval | (sampled_gnn, metric_val) = (['ssg', 'gcn', 2, 'global_max_pool', 6500], 0.8148148148148148)
INFO:nas.trainer:eval | (sampled_gnn, metric_val) = (['sg', 'gin', 2, 'global_max_pool', 6500], 0.8641975308641975)
INFO:nas.trainer:eval | (sampled_gnn, metric_val) = (['gin', 'gat', 2, 'global_max_pool', 5500], 0.8148148148148148)
INFO:nas.trainer:eval | (sampled_gnn, metric_val) = (['gin', 'gin', 2, 'global_add_pool', 4500], 0.7901234567901234)
INFO:nas.trainer:train | 10 era_time 3376.212989807129
INFO:nas.trainer:eval | (sampled_gnn, metric_val) = (['gin', 'sg', 2, 'global_max_pool', 4500], 0.8395061728395061)
INFO:nas.trainer:eval | (sampled_gnn, metric_val) = (['gcn', 'tag', 2, 'global_max_pool', 6500], 0.8271604938271605)
INFO:nas.trainer:eval | (sampled_gnn, metric_val) = (['ssg', 'sg', 2, 'global_max_pool', 7500], 0.8024691358024691)
INFO:nas.trainer:eval | (sampled_gnn, metric_val) = (['gcn', 'gin', 2, 'global_max_pool', 4500], 0.7777777777777778)
INFO:nas.trainer:eval | (sampled_gnn, metric_val) = (['gin', 'gmm', 2, 'global_max_pool', 6000], 0.7777777777777778)
INFO:nas.trainer:eval | (sampled_gnn, metric_val) = (['gmm', 'gat', 2, 'global_max_pool', 3500], 0.8518518518518519)
INFO:nas.trainer:eval | (sampled_gnn, metric_val) = (['sg', 'tag', 2, 'global_max_pool', 4500], 0.8024691358024691)
INFO:nas.trainer:eval | (sampled_gnn, metric_val) = (['gcn', 'tag', 2, 'global_max_pool', 6500], 0.7777777777777778)
INFO:nas.trainer:eval | (sampled_gnn, metric_val) = (['gin', 'gat', 2, 'global_max_pool', 6500], 0.7530864197530864)
INFO:nas.trainer:eval | (sampled_gnn, metric_val) = (['tag', 'gin', 2, 'global_mean_pool', 3000], 0.7530864197530864)
INFO:nas.trainer:eval | (sampled_gnn, metric_val) = (['ssg', 'tag', 2, 'global_max_pool', 7500], 0.7654320987654321)
INFO:nas.trainer:eval | (sampled_gnn, metric_val) = (['tag', 'tag', 2, 'global_max_pool', 7500], 0.7530864197530864)
INFO:nas.trainer:eval | (sampled_gnn, metric_val) = (['sg', 'tag', 2, 'global_max_pool', 6500], 0.8271604938271605)
INFO:nas.trainer:eval | (sampled_gnn, metric_val) = (['gcn', 'gcn', 2, 'global_max_pool', 3500], 0.8271604938271605)
INFO:nas.trainer:eval | (sampled_gnn, metric_val) = (['gcn', 'sg', 2, 'global_max_pool', 3500], 0.8271604938271605)
INFO:nas.trainer:eval | (sampled_gnn, metric_val) = (['gin', 'gcn', 2, 'global_max_pool', 4500], 0.8395061728395061)
INFO:nas.trainer:eval | (sampled_gnn, metric_val) = (['sage', 'ssg', 2, 'global_max_pool', 3500], 0.8271604938271605)
INFO:nas.trainer:eval | (sampled_gnn, metric_val) = (['ssg', 'sg', 2, 'global_max_pool', 5500], 0.7530864197530864)
INFO:nas.trainer:eval | (sampled_gnn, metric_val) = (['tag', 'sg', 2, 'global_max_pool', 6500], 0.8395061728395061)
INFO:nas.trainer:eval | (sampled_gnn, metric_val) = (['gmm', 'sg', 2, 'global_max_pool', 6500], 0.8148148148148148)
INFO:nas.trainer:train | 11 era_time 3674.3742549419403
INFO:nas.trainer:eval | (sampled_gnn, metric_val) = (['gin', 'gmm', 2, 'global_max_pool', 3500], 0.8148148148148148)
INFO:nas.trainer:eval | (sampled_gnn, metric_val) = (['gat', 'sg', 2, 'global_max_pool', 6500], 0.8518518518518519)
INFO:nas.trainer:eval | (sampled_gnn, metric_val) = (['gat', 'gcn', 2, 'global_max_pool', 6500], 0.7654320987654321)
INFO:nas.trainer:eval | (sampled_gnn, metric_val) = (['gin', 'sg', 2, 'global_max_pool', 3500], 0.8518518518518519)
INFO:nas.trainer:eval | (sampled_gnn, metric_val) = (['sage', 'sg', 2, 'global_max_pool', 3000], 0.8518518518518519)
INFO:nas.trainer:eval | (sampled_gnn, metric_val) = (['gmm', 'sg', 2, 'global_max_pool', 3500], 0.7654320987654321)
INFO:nas.trainer:eval | (sampled_gnn, metric_val) = (['gmm', 'tag', 2, 'global_max_pool', 5500], 0.8024691358024691)
INFO:nas.trainer:eval | (sampled_gnn, metric_val) = (['gin', 'gin', 2, 'global_max_pool', 6500], 0.8888888888888888)
INFO:nas.trainer:eval | (sampled_gnn, metric_val) = (['sg', 'ssg', 2, 'global_max_pool', 3000], 0.7777777777777778)
INFO:nas.trainer:eval | (sampled_gnn, metric_val) = (['gin', 'sage', 2, 'global_max_pool', 4000], 0.8641975308641975)
INFO:nas.trainer:eval | (sampled_gnn, metric_val) = (['ssg', 'gcn', 2, 'global_max_pool', 4500], 0.7654320987654321)
INFO:nas.trainer:eval | (sampled_gnn, metric_val) = (['sg', 'sg', 2, 'global_max_pool', 3500], 0.8024691358024691)
INFO:nas.trainer:eval | (sampled_gnn, metric_val) = (['gin', 'sg', 2, 'global_max_pool', 6500], 0.8271604938271605)
INFO:nas.trainer:eval | (sampled_gnn, metric_val) = (['gcn', 'sg', 2, 'global_max_pool', 7500], 0.7777777777777778)
INFO:nas.trainer:eval | (sampled_gnn, metric_val) = (['ssg', 'sg', 2, 'global_max_pool', 7500], 0.7777777777777778)
INFO:nas.trainer:eval | (sampled_gnn, metric_val) = (['gcn', 'sg', 2, 'global_max_pool', 4500], 0.7530864197530864)
INFO:nas.trainer:eval | (sampled_gnn, metric_val) = (['sage', 'sg', 2, 'global_max_pool', 5500], 0.8395061728395061)
INFO:nas.trainer:eval | (sampled_gnn, metric_val) = (['gin', 'sg', 2, 'global_max_pool', 3000], 0.8024691358024691)
INFO:nas.trainer:eval | (sampled_gnn, metric_val) = (['gcn', 'gmm', 2, 'global_max_pool', 4500], 0.7777777777777778)
INFO:nas.trainer:eval | (sampled_gnn, metric_val) = (['gcn', 'ssg', 2, 'global_max_pool', 4500], 0.8024691358024691)
INFO:nas.trainer:train | 12 era_time 3175.16197347641
INFO:nas.trainer:eval | (sampled_gnn, metric_val) = (['gcn', 'sg', 2, 'global_max_pool', 6500], 0.8024691358024691)
INFO:nas.trainer:eval | (sampled_gnn, metric_val) = (['gcn', 'gin', 2, 'global_max_pool', 6500], 0.8271604938271605)
INFO:nas.trainer:eval | (sampled_gnn, metric_val) = (['gin', 'gcn', 2, 'global_max_pool', 4500], 0.7530864197530864)
INFO:nas.trainer:eval | (sampled_gnn, metric_val) = (['gcn', 'gmm', 2, 'global_max_pool', 6500], 0.8271604938271605)
INFO:nas.trainer:eval | (sampled_gnn, metric_val) = (['sage', 'gat', 2, 'global_max_pool', 3500], 0.8148148148148148)
INFO:nas.trainer:eval | (sampled_gnn, metric_val) = (['ssg', 'sage', 2, 'global_max_pool', 3000], 0.7777777777777778)
INFO:nas.trainer:eval | (sampled_gnn, metric_val) = (['gmm', 'gat', 2, 'global_max_pool', 3000], 0.8641975308641975)
INFO:nas.trainer:eval | (sampled_gnn, metric_val) = (['sage', 'sg', 2, 'global_max_pool', 5500], 0.8271604938271605)
INFO:nas.trainer:eval | (sampled_gnn, metric_val) = (['gat', 'sg', 2, 'global_max_pool', 6500], 0.8271604938271605)
INFO:nas.trainer:eval | (sampled_gnn, metric_val) = (['gmm', 'ssg', 2, 'global_max_pool', 6500], 0.8024691358024691)
INFO:nas.trainer:eval | (sampled_gnn, metric_val) = (['sage', 'gat', 2, 'global_max_pool', 4500], 0.7901234567901234)
INFO:nas.trainer:eval | (sampled_gnn, metric_val) = (['gin', 'sg', 2, 'global_max_pool', 6000], 0.7654320987654321)
INFO:nas.trainer:eval | (sampled_gnn, metric_val) = (['gmm', 'sage', 2, 'global_max_pool', 5500], 0.8271604938271605)
INFO:nas.trainer:eval | (sampled_gnn, metric_val) = (['gcn', 'sg', 2, 'global_max_pool', 5500], 0.8765432098765432)
INFO:nas.trainer:eval | (sampled_gnn, metric_val) = (['gcn', 'sg', 2, 'global_max_pool', 6500], 0.7407407407407407)
INFO:nas.trainer:eval | (sampled_gnn, metric_val) = (['gin', 'sage', 2, 'global_max_pool', 4000], 0.8271604938271605)
INFO:nas.trainer:eval | (sampled_gnn, metric_val) = (['tag', 'sg', 2, 'global_max_pool', 6500], 0.7777777777777778)
INFO:nas.trainer:eval | (sampled_gnn, metric_val) = (['gcn', 'ssg', 2, 'global_max_pool', 4500], 0.8148148148148148)
INFO:nas.trainer:eval | (sampled_gnn, metric_val) = (['gcn', 'gat', 2, 'global_max_pool', 3000], 0.8395061728395061)
INFO:nas.trainer:eval | (sampled_gnn, metric_val) = (['sage', 'gin', 2, 'global_max_pool', 3000], 0.8395061728395061)
INFO:nas.trainer:train | 13 era_time 3357.3762941360474
INFO:nas.trainer:eval | (sampled_gnn, metric_val) = (['gin', 'sg', 2, 'global_max_pool', 3000], 0.8148148148148148)
INFO:nas.trainer:eval | (sampled_gnn, metric_val) = (['gin', 'gcn', 2, 'global_max_pool', 4500], 0.8518518518518519)
INFO:nas.trainer:eval | (sampled_gnn, metric_val) = (['gat', 'sg', 2, 'global_max_pool', 5500], 0.7777777777777778)
INFO:nas.trainer:eval | (sampled_gnn, metric_val) = (['gat', 'gat', 2, 'global_max_pool', 4500], 0.7901234567901234)
INFO:nas.trainer:eval | (sampled_gnn, metric_val) = (['sage', 'sg', 2, 'global_max_pool', 5500], 0.7901234567901234)
INFO:nas.trainer:eval | (sampled_gnn, metric_val) = (['gat', 'sage', 2, 'global_max_pool', 3000], 0.7654320987654321)
INFO:nas.trainer:eval | (sampled_gnn, metric_val) = (['tag', 'sage', 2, 'global_max_pool', 4500], 0.7654320987654321)
INFO:nas.trainer:eval | (sampled_gnn, metric_val) = (['gin', 'sage', 2, 'global_max_pool', 4500], 0.8395061728395061)
INFO:nas.trainer:eval | (sampled_gnn, metric_val) = (['tag', 'gin', 2, 'global_max_pool', 6500], 0.8148148148148148)
INFO:nas.trainer:eval | (sampled_gnn, metric_val) = (['sage', 'sage', 2, 'global_max_pool', 4500], 0.7654320987654321)
INFO:nas.trainer:eval | (sampled_gnn, metric_val) = (['gcn', 'sg', 2, 'global_max_pool', 3000], 0.8148148148148148)
INFO:nas.trainer:eval | (sampled_gnn, metric_val) = (['sg', 'gat', 2, 'global_max_pool', 6500], 0.8271604938271605)
INFO:nas.trainer:eval | (sampled_gnn, metric_val) = (['gin', 'gat', 2, 'global_max_pool', 6500], 0.7160493827160493)
INFO:nas.trainer:eval | (sampled_gnn, metric_val) = (['gmm', 'sg', 2, 'global_max_pool', 4500], 0.8024691358024691)
INFO:nas.trainer:eval | (sampled_gnn, metric_val) = (['gin', 'sage', 2, 'global_max_pool', 3000], 0.7777777777777778)
INFO:nas.trainer:eval | (sampled_gnn, metric_val) = (['gmm', 'gat', 2, 'global_max_pool', 5500], 0.8024691358024691)
INFO:nas.trainer:eval | (sampled_gnn, metric_val) = (['gin', 'gin', 2, 'global_max_pool', 3500], 0.8641975308641975)
INFO:nas.trainer:eval | (sampled_gnn, metric_val) = (['sage', 'gmm', 2, 'global_max_pool', 4000], 0.8148148148148148)
INFO:nas.trainer:eval | (sampled_gnn, metric_val) = (['ssg', 'sage', 2, 'global_max_pool', 4000], 0.8024691358024691)
INFO:nas.trainer:eval | (sampled_gnn, metric_val) = (['ssg', 'gin', 2, 'global_max_pool', 3000], 0.8148148148148148)
INFO:nas.trainer:train | 14 era_time 3054.1967573165894
INFO:nas.trainer:eval | (sampled_gnn, metric_val) = (['gin', 'tag', 2, 'global_max_pool', 3500], 0.8271604938271605)
INFO:nas.trainer:eval | (sampled_gnn, metric_val) = (['gcn', 'sg', 2, 'global_max_pool', 3000], 0.7530864197530864)
INFO:nas.trainer:eval | (sampled_gnn, metric_val) = (['gat', 'sg', 2, 'global_max_pool', 6000], 0.8641975308641975)
INFO:nas.trainer:eval | (sampled_gnn, metric_val) = (['gmm', 'sage', 2, 'global_max_pool', 3000], 0.7901234567901234)
INFO:nas.trainer:eval | (sampled_gnn, metric_val) = (['gcn', 'sage', 2, 'global_max_pool', 6000], 0.8395061728395061)
INFO:nas.trainer:eval | (sampled_gnn, metric_val) = (['gcn', 'sg', 2, 'global_add_pool', 6000], 0.691358024691358)
INFO:nas.trainer:eval | (sampled_gnn, metric_val) = (['gcn', 'gcn', 2, 'global_max_pool', 4500], 0.8518518518518519)
INFO:nas.trainer:eval | (sampled_gnn, metric_val) = (['gcn', 'sg', 2, 'global_max_pool', 4000], 0.8024691358024691)
INFO:nas.trainer:eval | (sampled_gnn, metric_val) = (['gin', 'ssg', 2, 'global_max_pool', 3500], 0.8148148148148148)
INFO:nas.trainer:eval | (sampled_gnn, metric_val) = (['gcn', 'gin', 2, 'global_max_pool', 3500], 0.8271604938271605)
INFO:nas.trainer:eval | (sampled_gnn, metric_val) = (['gin', 'gin', 2, 'global_max_pool', 3500], 0.8148148148148148)
INFO:nas.trainer:eval | (sampled_gnn, metric_val) = (['sg', 'sg', 2, 'global_max_pool', 6000], 0.7407407407407407)
INFO:nas.trainer:eval | (sampled_gnn, metric_val) = (['gin', 'gin', 2, 'global_max_pool', 5500], 0.7407407407407407)
INFO:nas.trainer:eval | (sampled_gnn, metric_val) = (['gcn', 'gat', 2, 'global_max_pool', 6500], 0.8271604938271605)
INFO:nas.trainer:eval | (sampled_gnn, metric_val) = (['tag', 'gin', 2, 'global_max_pool', 5500], 0.8024691358024691)
INFO:nas.trainer:eval | (sampled_gnn, metric_val) = (['gcn', 'gcn', 2, 'global_max_pool', 3500], 0.7901234567901234)
INFO:nas.trainer:eval | (sampled_gnn, metric_val) = (['gin', 'gin', 2, 'global_max_pool', 7500], 0.8395061728395061)
INFO:nas.trainer:eval | (sampled_gnn, metric_val) = (['gcn', 'gcn', 2, 'global_add_pool', 6500], 0.7160493827160493)
INFO:nas.trainer:eval | (sampled_gnn, metric_val) = (['gcn', 'gat', 2, 'global_max_pool', 4500], 0.7777777777777778)
INFO:nas.trainer:eval | (sampled_gnn, metric_val) = (['gat', 'gat', 2, 'global_max_pool', 4500], 0.7901234567901234)
INFO:nas.trainer:train | 15 era_time 3302.3825018405914
INFO:nas.trainer:eval | (sampled_gnn, metric_val) = (['gin', 'gat', 2, 'global_max_pool', 6500], 0.7901234567901234)
INFO:nas.trainer:eval | (sampled_gnn, metric_val) = (['gcn', 'gin', 2, 'global_max_pool', 4000], 0.8148148148148148)
INFO:nas.trainer:eval | (sampled_gnn, metric_val) = (['ssg', 'gin', 2, 'global_max_pool', 6500], 0.8148148148148148)
INFO:nas.trainer:eval | (sampled_gnn, metric_val) = (['gcn', 'gin', 2, 'global_max_pool', 4500], 0.7777777777777778)
INFO:nas.trainer:eval | (sampled_gnn, metric_val) = (['gin', 'sage', 2, 'global_max_pool', 3000], 0.7530864197530864)
INFO:nas.trainer:eval | (sampled_gnn, metric_val) = (['sage', 'gin', 2, 'global_max_pool', 7500], 0.8641975308641975)
INFO:nas.trainer:eval | (sampled_gnn, metric_val) = (['sage', 'gmm', 2, 'global_max_pool', 3500], 0.8271604938271605)
INFO:nas.trainer:eval | (sampled_gnn, metric_val) = (['gcn', 'gin', 2, 'global_max_pool', 6500], 0.8271604938271605)
INFO:nas.trainer:eval | (sampled_gnn, metric_val) = (['sg', 'gin', 2, 'global_max_pool', 5500], 0.7530864197530864)
INFO:nas.trainer:eval | (sampled_gnn, metric_val) = (['gcn', 'gcn', 2, 'global_max_pool', 3500], 0.7654320987654321)
INFO:nas.trainer:eval | (sampled_gnn, metric_val) = (['gcn', 'sg', 2, 'global_add_pool', 3000], 0.691358024691358)
INFO:nas.trainer:eval | (sampled_gnn, metric_val) = (['gin', 'gcn', 2, 'global_max_pool', 3000], 0.7777777777777778)
INFO:nas.trainer:eval | (sampled_gnn, metric_val) = (['gcn', 'sage', 2, 'global_max_pool', 3000], 0.8271604938271605)
INFO:nas.trainer:eval | (sampled_gnn, metric_val) = (['gcn', 'sage', 2, 'global_max_pool', 6500], 0.8271604938271605)
INFO:nas.trainer:eval | (sampled_gnn, metric_val) = (['gcn', 'gin', 2, 'global_max_pool', 4500], 0.7777777777777778)
INFO:nas.trainer:eval | (sampled_gnn, metric_val) = (['gin', 'ssg', 2, 'global_max_pool', 6500], 0.7777777777777778)
INFO:nas.trainer:eval | (sampled_gnn, metric_val) = (['gat', 'gin', 2, 'global_max_pool', 6500], 0.8395061728395061)
INFO:nas.trainer:eval | (sampled_gnn, metric_val) = (['gcn', 'sage', 2, 'global_max_pool', 3000], 0.7777777777777778)
INFO:nas.trainer:eval | (sampled_gnn, metric_val) = (['gin', 'gmm', 2, 'global_max_pool', 4500], 0.8271604938271605)
INFO:nas.trainer:eval | (sampled_gnn, metric_val) = (['sg', 'gcn', 2, 'global_add_pool', 3500], 0.7407407407407407)
INFO:nas.trainer:train | 16 era_time 3077.024196624756
INFO:nas.trainer:eval | (sampled_gnn, metric_val) = (['gin', 'gmm', 2, 'global_max_pool', 3500], 0.8518518518518519)
INFO:nas.trainer:eval | (sampled_gnn, metric_val) = (['sage', 'sg', 2, 'global_max_pool', 5500], 0.7777777777777778)
INFO:nas.trainer:eval | (sampled_gnn, metric_val) = (['sg', 'gin', 2, 'global_max_pool', 3500], 0.7901234567901234)
INFO:nas.trainer:eval | (sampled_gnn, metric_val) = (['sage', 'gin', 2, 'global_max_pool', 3000], 0.8395061728395061)
INFO:nas.trainer:eval | (sampled_gnn, metric_val) = (['gin', 'gin', 2, 'global_max_pool', 5500], 0.8271604938271605)
INFO:nas.trainer:eval | (sampled_gnn, metric_val) = (['sg', 'gin', 2, 'global_max_pool', 3000], 0.7901234567901234)
INFO:nas.trainer:eval | (sampled_gnn, metric_val) = (['gcn', 'gin', 2, 'global_max_pool', 5500], 0.8395061728395061)
INFO:nas.trainer:eval | (sampled_gnn, metric_val) = (['sg', 'sg', 2, 'global_max_pool', 3000], 0.7654320987654321)
INFO:nas.trainer:eval | (sampled_gnn, metric_val) = (['ssg', 'gin', 2, 'global_max_pool', 4000], 0.8024691358024691)
INFO:nas.trainer:eval | (sampled_gnn, metric_val) = (['gin', 'gcn', 2, 'global_max_pool', 4000], 0.7901234567901234)
INFO:nas.trainer:eval | (sampled_gnn, metric_val) = (['gmm', 'gin', 2, 'global_max_pool', 4500], 0.7777777777777778)
INFO:nas.trainer:eval | (sampled_gnn, metric_val) = (['sg', 'gin', 2, 'global_max_pool', 3000], 0.7654320987654321)
INFO:nas.trainer:eval | (sampled_gnn, metric_val) = (['gcn', 'gin', 2, 'global_max_pool', 6500], 0.7901234567901234)
INFO:nas.trainer:eval | (sampled_gnn, metric_val) = (['gin', 'gin', 2, 'global_max_pool', 3000], 0.8148148148148148)
INFO:nas.trainer:eval | (sampled_gnn, metric_val) = (['gin', 'gcn', 2, 'global_max_pool', 5500], 0.8148148148148148)
INFO:nas.trainer:eval | (sampled_gnn, metric_val) = (['gin', 'gcn', 2, 'global_max_pool', 4500], 0.8271604938271605)
INFO:nas.trainer:eval | (sampled_gnn, metric_val) = (['gin', 'gin', 2, 'global_max_pool', 4000], 0.7160493827160493)
INFO:nas.trainer:eval | (sampled_gnn, metric_val) = (['gcn', 'sage', 2, 'global_max_pool', 6500], 0.8271604938271605)
INFO:nas.trainer:eval | (sampled_gnn, metric_val) = (['sg', 'ssg', 2, 'global_mean_pool', 3500], 0.7654320987654321)
INFO:nas.trainer:eval | (sampled_gnn, metric_val) = (['gin', 'gin', 2, 'global_max_pool', 6000], 0.8271604938271605)
INFO:nas.trainer:train | 17 era_time 2744.935141801834
INFO:nas.trainer:eval | (sampled_gnn, metric_val) = (['gin', 'tag', 2, 'global_max_pool', 3500], 0.7654320987654321)
INFO:nas.trainer:eval | (sampled_gnn, metric_val) = (['gcn', 'tag', 2, 'global_max_pool', 6500], 0.7777777777777778)
INFO:nas.trainer:eval | (sampled_gnn, metric_val) = (['gin', 'gcn', 2, 'global_max_pool', 3000], 0.8271604938271605)
INFO:nas.trainer:eval | (sampled_gnn, metric_val) = (['gcn', 'gin', 2, 'global_max_pool', 4500], 0.7654320987654321)
INFO:nas.trainer:eval | (sampled_gnn, metric_val) = (['gin', 'tag', 2, 'global_max_pool', 6500], 0.8395061728395061)
INFO:nas.trainer:eval | (sampled_gnn, metric_val) = (['gat', 'gin', 2, 'global_max_pool', 6500], 0.7654320987654321)
INFO:nas.trainer:eval | (sampled_gnn, metric_val) = (['gcn', 'gcn', 2, 'global_max_pool', 5500], 0.7901234567901234)
INFO:nas.trainer:eval | (sampled_gnn, metric_val) = (['sage', 'gcn', 2, 'global_max_pool', 5500], 0.8271604938271605)
INFO:nas.trainer:eval | (sampled_gnn, metric_val) = (['ssg', 'tag', 2, 'global_max_pool', 4000], 0.8271604938271605)
INFO:nas.trainer:eval | (sampled_gnn, metric_val) = (['gat', 'gin', 2, 'global_max_pool', 3500], 0.7777777777777778)
INFO:nas.trainer:eval | (sampled_gnn, metric_val) = (['sg', 'gat', 2, 'global_max_pool', 6500], 0.7777777777777778)
INFO:nas.trainer:eval | (sampled_gnn, metric_val) = (['gin', 'gat', 2, 'global_max_pool', 6500], 0.7777777777777778)
INFO:nas.trainer:eval | (sampled_gnn, metric_val) = (['gcn', 'gcn', 2, 'global_max_pool', 7500], 0.7654320987654321)
INFO:nas.trainer:eval | (sampled_gnn, metric_val) = (['gmm', 'gat', 2, 'global_max_pool', 6500], 0.8518518518518519)
INFO:nas.trainer:eval | (sampled_gnn, metric_val) = (['sage', 'gat', 2, 'global_max_pool', 6500], 0.7901234567901234)
INFO:nas.trainer:eval | (sampled_gnn, metric_val) = (['tag', 'gmm', 2, 'global_max_pool', 5500], 0.8148148148148148)
INFO:nas.trainer:eval | (sampled_gnn, metric_val) = (['tag', 'gin', 2, 'global_max_pool', 3000], 0.8148148148148148)
INFO:nas.trainer:eval | (sampled_gnn, metric_val) = (['gin', 'ssg', 2, 'global_max_pool', 6500], 0.8024691358024691)
INFO:nas.trainer:eval | (sampled_gnn, metric_val) = (['gin', 'gin', 2, 'global_max_pool', 4500], 0.8641975308641975)
INFO:nas.trainer:eval | (sampled_gnn, metric_val) = (['sg', 'gmm', 2, 'global_max_pool', 4500], 0.7407407407407407)
INFO:nas.trainer:train | 18 era_time 3687.4204404354095
INFO:nas.trainer:eval | (sampled_gnn, metric_val) = (['tag', 'sage', 2, 'global_max_pool', 5500], 0.7160493827160493)
INFO:nas.trainer:eval | (sampled_gnn, metric_val) = (['gin', 'gin', 2, 'global_max_pool', 3500], 0.7901234567901234)
INFO:nas.trainer:eval | (sampled_gnn, metric_val) = (['sage', 'gat', 2, 'global_max_pool', 4500], 0.8024691358024691)
INFO:nas.trainer:eval | (sampled_gnn, metric_val) = (['gcn', 'gat', 2, 'global_max_pool', 5500], 0.8518518518518519)
INFO:nas.trainer:eval | (sampled_gnn, metric_val) = (['gin', 'gcn', 2, 'global_max_pool', 4500], 0.8148148148148148)
INFO:nas.trainer:eval | (sampled_gnn, metric_val) = (['gmm', 'ssg', 2, 'global_max_pool', 3000], 0.8148148148148148)
INFO:nas.trainer:eval | (sampled_gnn, metric_val) = (['ssg', 'ssg', 2, 'global_max_pool', 4500], 0.8024691358024691)
INFO:nas.trainer:eval | (sampled_gnn, metric_val) = (['gcn', 'gcn', 2, 'global_max_pool', 3500], 0.7530864197530864)
INFO:nas.trainer:eval | (sampled_gnn, metric_val) = (['gcn', 'ssg', 2, 'global_max_pool', 4500], 0.7777777777777778)
INFO:nas.trainer:eval | (sampled_gnn, metric_val) = (['gin', 'gmm', 2, 'global_max_pool', 6500], 0.7777777777777778)
INFO:nas.trainer:eval | (sampled_gnn, metric_val) = (['sage', 'sage', 2, 'global_mean_pool', 4500], 0.7777777777777778)
INFO:nas.trainer:eval | (sampled_gnn, metric_val) = (['gcn', 'gmm', 2, 'global_max_pool', 3000], 0.8765432098765432)
INFO:nas.trainer:eval | (sampled_gnn, metric_val) = (['gin', 'tag', 2, 'global_max_pool', 4500], 0.8024691358024691)
INFO:nas.trainer:eval | (sampled_gnn, metric_val) = (['tag', 'gat', 2, 'global_max_pool', 3500], 0.7654320987654321)
INFO:nas.trainer:eval | (sampled_gnn, metric_val) = (['ssg', 'gcn', 2, 'global_max_pool', 5500], 0.7777777777777778)
INFO:nas.trainer:eval | (sampled_gnn, metric_val) = (['sage', 'gcn', 2, 'global_max_pool', 3000], 0.8024691358024691)
INFO:nas.trainer:eval | (sampled_gnn, metric_val) = (['gmm', 'gmm', 2, 'global_max_pool', 6500], 0.8148148148148148)
INFO:nas.trainer:eval | (sampled_gnn, metric_val) = (['tag', 'sg', 2, 'global_max_pool', 6500], 0.8271604938271605)
INFO:nas.trainer:eval | (sampled_gnn, metric_val) = (['ssg', 'gmm', 2, 'global_max_pool', 7500], 0.8148148148148148)
INFO:nas.trainer:eval | (sampled_gnn, metric_val) = (['gcn', 'gin', 2, 'global_max_pool', 3000], 0.7777777777777778)
INFO:nas.trainer:train | 19 era_time 3063.781398534775
INFO:nas.trainer:eval | (sampled_gnn, metric_val) = (['gcn', 'gcn', 2, 'global_max_pool', 4500], 0.7654320987654321)
INFO:nas.trainer:eval | (sampled_gnn, metric_val) = (['gat', 'gin', 2, 'global_max_pool', 6500], 0.8148148148148148)
INFO:nas.trainer:eval | (sampled_gnn, metric_val) = (['gmm', 'gcn', 2, 'global_max_pool', 3000], 0.8148148148148148)
INFO:nas.trainer:eval | (sampled_gnn, metric_val) = (['ssg', 'gin', 2, 'global_max_pool', 3500], 0.8271604938271605)
INFO:nas.trainer:eval | (sampled_gnn, metric_val) = (['gcn', 'gin', 2, 'global_max_pool', 6500], 0.8024691358024691)
INFO:nas.trainer:eval | (sampled_gnn, metric_val) = (['gcn', 'gcn', 2, 'global_max_pool', 3500], 0.7777777777777778)
INFO:nas.trainer:eval | (sampled_gnn, metric_val) = (['gin', 'gin', 2, 'global_max_pool', 4000], 0.8271604938271605)
INFO:nas.trainer:eval | (sampled_gnn, metric_val) = (['sg', 'gin', 2, 'global_max_pool', 3500], 0.7530864197530864)
INFO:nas.trainer:eval | (sampled_gnn, metric_val) = (['gin', 'gcn', 2, 'global_max_pool', 4500], 0.8024691358024691)
INFO:nas.trainer:eval | (sampled_gnn, metric_val) = (['tag', 'gin', 2, 'global_max_pool', 6500], 0.8888888888888888)
INFO:nas.trainer:eval | (sampled_gnn, metric_val) = (['gin', 'tag', 2, 'global_max_pool', 3000], 0.7901234567901234)
INFO:nas.trainer:eval | (sampled_gnn, metric_val) = (['gin', 'sg', 2, 'global_max_pool', 6500], 0.7530864197530864)
INFO:nas.trainer:eval | (sampled_gnn, metric_val) = (['sage', 'tag', 2, 'global_max_pool', 6500], 0.7654320987654321)
INFO:nas.trainer:eval | (sampled_gnn, metric_val) = (['tag', 'sage', 2, 'global_max_pool', 3000], 0.7901234567901234)
INFO:nas.trainer:eval | (sampled_gnn, metric_val) = (['gmm', 'gin', 2, 'global_max_pool', 6500], 0.7901234567901234)
INFO:nas.trainer:eval | (sampled_gnn, metric_val) = (['tag', 'gin', 2, 'global_max_pool', 3500], 0.7777777777777778)
INFO:nas.trainer:eval | (sampled_gnn, metric_val) = (['gin', 'ssg', 2, 'global_max_pool', 4500], 0.7654320987654321)
INFO:nas.trainer:eval | (sampled_gnn, metric_val) = (['tag', 'gat', 2, 'global_max_pool', 5500], 0.7407407407407407)
INFO:nas.trainer:eval | (sampled_gnn, metric_val) = (['gmm', 'gin', 2, 'global_max_pool', 3000], 0.7901234567901234)
INFO:nas.trainer:eval | (sampled_gnn, metric_val) = (['gcn', 'gat', 2, 'global_max_pool', 4500], 0.8641975308641975)
INFO:nas.trainer:train | 20 era_time 3096.6509449481964
INFO:nas.trainer:eval | (sampled_gnn, metric_val) = (['sage', 'gcn', 2, 'global_max_pool', 4500], 0.8024691358024691)
INFO:nas.trainer:eval | (sampled_gnn, metric_val) = (['sage', 'gin', 2, 'global_max_pool', 6500], 0.7777777777777778)
INFO:nas.trainer:eval | (sampled_gnn, metric_val) = (['sg', 'ssg', 2, 'global_max_pool', 3000], 0.7530864197530864)
INFO:nas.trainer:eval | (sampled_gnn, metric_val) = (['gin', 'gcn', 2, 'global_max_pool', 3000], 0.8024691358024691)
INFO:nas.trainer:eval | (sampled_gnn, metric_val) = (['ssg', 'ssg', 2, 'global_max_pool', 3000], 0.7901234567901234)
INFO:nas.trainer:eval | (sampled_gnn, metric_val) = (['gcn', 'tag', 2, 'global_max_pool', 3000], 0.7777777777777778)
INFO:nas.trainer:eval | (sampled_gnn, metric_val) = (['gcn', 'gin', 2, 'global_max_pool', 5500], 0.8024691358024691)
INFO:nas.trainer:eval | (sampled_gnn, metric_val) = (['gat', 'sg', 2, 'global_max_pool', 6500], 0.7777777777777778)
INFO:nas.trainer:eval | (sampled_gnn, metric_val) = (['gcn', 'tag', 2, 'global_max_pool', 3000], 0.7901234567901234)
INFO:nas.trainer:eval | (sampled_gnn, metric_val) = (['tag', 'gin', 2, 'global_max_pool', 3000], 0.8024691358024691)
INFO:nas.trainer:eval | (sampled_gnn, metric_val) = (['gcn', 'tag', 2, 'global_max_pool', 6500], 0.7283950617283951)
INFO:nas.trainer:eval | (sampled_gnn, metric_val) = (['tag', 'gin', 2, 'global_max_pool', 4500], 0.7901234567901234)
INFO:nas.trainer:eval | (sampled_gnn, metric_val) = (['sage', 'gcn', 2, 'global_max_pool', 4500], 0.7777777777777778)
INFO:nas.trainer:eval | (sampled_gnn, metric_val) = (['sg', 'gin', 2, 'global_max_pool', 5500], 0.8024691358024691)
INFO:nas.trainer:eval | (sampled_gnn, metric_val) = (['gmm', 'sage', 2, 'global_max_pool', 4500], 0.8395061728395061)
INFO:nas.trainer:eval | (sampled_gnn, metric_val) = (['gat', 'tag', 2, 'global_max_pool', 3000], 0.7901234567901234)
INFO:nas.trainer:eval | (sampled_gnn, metric_val) = (['gin', 'gin', 2, 'global_max_pool', 6500], 0.7777777777777778)
INFO:nas.trainer:eval | (sampled_gnn, metric_val) = (['ssg', 'ssg', 2, 'global_max_pool', 3000], 0.7530864197530864)
INFO:nas.trainer:eval | (sampled_gnn, metric_val) = (['sage', 'sg', 2, 'global_max_pool', 7500], 0.7407407407407407)
INFO:nas.trainer:eval | (sampled_gnn, metric_val) = (['sage', 'sg', 2, 'global_max_pool', 4500], 0.8024691358024691)
INFO:nas.trainer:train | 21 era_time 2984.08394408226
INFO:nas.trainer:eval | (sampled_gnn, metric_val) = (['gin', 'sg', 2, 'global_max_pool', 3000], 0.8518518518518519)
INFO:nas.trainer:eval | (sampled_gnn, metric_val) = (['tag', 'sg', 2, 'global_max_pool', 7500], 0.8271604938271605)
INFO:nas.trainer:eval | (sampled_gnn, metric_val) = (['gin', 'gmm', 2, 'global_max_pool', 7500], 0.8271604938271605)
INFO:nas.trainer:eval | (sampled_gnn, metric_val) = (['gin', 'ssg', 2, 'global_max_pool', 5500], 0.8148148148148148)
INFO:nas.trainer:eval | (sampled_gnn, metric_val) = (['gcn', 'sg', 2, 'global_max_pool', 5500], 0.7530864197530864)
INFO:nas.trainer:eval | (sampled_gnn, metric_val) = (['gin', 'gin', 2, 'global_add_pool', 3000], 0.7901234567901234)
INFO:nas.trainer:eval | (sampled_gnn, metric_val) = (['gmm', 'gin', 2, 'global_max_pool', 4500], 0.8148148148148148)
INFO:nas.trainer:eval | (sampled_gnn, metric_val) = (['tag', 'gin', 2, 'global_max_pool', 3000], 0.7901234567901234)
INFO:nas.trainer:eval | (sampled_gnn, metric_val) = (['gcn', 'gmm', 2, 'global_max_pool', 6500], 0.7407407407407407)
INFO:nas.trainer:eval | (sampled_gnn, metric_val) = (['gcn', 'gmm', 2, 'global_max_pool', 3000], 0.8271604938271605)
INFO:nas.trainer:eval | (sampled_gnn, metric_val) = (['tag', 'gin', 2, 'global_max_pool', 3500], 0.8271604938271605)
INFO:nas.trainer:eval | (sampled_gnn, metric_val) = (['gin', 'sg', 2, 'global_max_pool', 5000], 0.8024691358024691)
INFO:nas.trainer:eval | (sampled_gnn, metric_val) = (['ssg', 'gat', 2, 'global_max_pool', 4500], 0.7901234567901234)
INFO:nas.trainer:eval | (sampled_gnn, metric_val) = (['sg', 'tag', 2, 'global_mean_pool', 6500], 0.7777777777777778)
INFO:nas.trainer:eval | (sampled_gnn, metric_val) = (['gmm', 'gat', 2, 'global_max_pool', 4500], 0.8395061728395061)
INFO:nas.trainer:eval | (sampled_gnn, metric_val) = (['sg', 'gcn', 2, 'global_max_pool', 5500], 0.7901234567901234)
INFO:nas.trainer:eval | (sampled_gnn, metric_val) = (['gcn', 'sage', 2, 'global_max_pool', 3500], 0.8024691358024691)
INFO:nas.trainer:eval | (sampled_gnn, metric_val) = (['gin', 'sage', 2, 'global_max_pool', 4500], 0.8271604938271605)
INFO:nas.trainer:eval | (sampled_gnn, metric_val) = (['gin', 'sg', 2, 'global_max_pool', 8000], 0.8148148148148148)
INFO:nas.trainer:eval | (sampled_gnn, metric_val) = (['gin', 'gat', 2, 'global_max_pool', 4500], 0.7777777777777778)
INFO:nas.trainer:train | 22 era_time 3279.547606945038
INFO:nas.trainer:eval | (sampled_gnn, metric_val) = (['ssg', 'gat', 2, 'global_max_pool', 4500], 0.7901234567901234)
INFO:nas.trainer:eval | (sampled_gnn, metric_val) = (['sg', 'ssg', 2, 'global_max_pool', 3000], 0.7777777777777778)
INFO:nas.trainer:eval | (sampled_gnn, metric_val) = (['gcn', 'gat', 2, 'global_max_pool', 3000], 0.8148148148148148)
INFO:nas.trainer:eval | (sampled_gnn, metric_val) = (['gin', 'gat', 2, 'global_max_pool', 4500], 0.8024691358024691)
INFO:nas.trainer:eval | (sampled_gnn, metric_val) = (['gmm', 'gat', 2, 'global_max_pool', 3500], 0.8024691358024691)
INFO:nas.trainer:eval | (sampled_gnn, metric_val) = (['sg', 'gin', 2, 'global_max_pool', 5500], 0.7160493827160493)
INFO:nas.trainer:eval | (sampled_gnn, metric_val) = (['tag', 'ssg', 2, 'global_max_pool', 4500], 0.8148148148148148)
INFO:nas.trainer:eval | (sampled_gnn, metric_val) = (['gcn', 'gin', 2, 'global_max_pool', 4500], 0.8271604938271605)
INFO:nas.trainer:eval | (sampled_gnn, metric_val) = (['gmm', 'gcn', 2, 'global_max_pool', 4500], 0.7901234567901234)
INFO:nas.trainer:eval | (sampled_gnn, metric_val) = (['gcn', 'ssg', 2, 'global_max_pool', 6500], 0.7777777777777778)
INFO:nas.trainer:eval | (sampled_gnn, metric_val) = (['gin', 'tag', 2, 'global_max_pool', 6500], 0.7654320987654321)
INFO:nas.trainer:eval | (sampled_gnn, metric_val) = (['gcn', 'ssg', 2, 'global_max_pool', 6500], 0.8024691358024691)
INFO:nas.trainer:eval | (sampled_gnn, metric_val) = (['gat', 'gcn', 2, 'global_max_pool', 4500], 0.7777777777777778)
INFO:nas.trainer:eval | (sampled_gnn, metric_val) = (['gin', 'sg', 2, 'global_max_pool', 6500], 0.7530864197530864)
INFO:nas.trainer:eval | (sampled_gnn, metric_val) = (['gcn', 'sage', 2, 'global_max_pool', 4500], 0.8148148148148148)
INFO:nas.trainer:eval | (sampled_gnn, metric_val) = (['gcn', 'sg', 2, 'global_max_pool', 4500], 0.7777777777777778)
INFO:nas.trainer:eval | (sampled_gnn, metric_val) = (['tag', 'gat', 2, 'global_max_pool', 6500], 0.7283950617283951)
INFO:nas.trainer:eval | (sampled_gnn, metric_val) = (['gcn', 'gin', 2, 'global_max_pool', 4500], 0.8395061728395061)
INFO:nas.trainer:eval | (sampled_gnn, metric_val) = (['gcn', 'gat', 2, 'global_max_pool', 3500], 0.8271604938271605)
INFO:nas.trainer:eval | (sampled_gnn, metric_val) = (['gmm', 'tag', 2, 'global_max_pool', 3500], 0.7777777777777778)
INFO:nas.trainer:train | 23 era_time 3286.270515203476
INFO:nas.trainer:eval | (sampled_gnn, metric_val) = (['tag', 'ssg', 2, 'global_max_pool', 4500], 0.7530864197530864)
INFO:nas.trainer:eval | (sampled_gnn, metric_val) = (['gat', 'gat', 2, 'global_max_pool', 6500], 0.7530864197530864)
INFO:nas.trainer:eval | (sampled_gnn, metric_val) = (['gat', 'sg', 2, 'global_max_pool', 4500], 0.7777777777777778)
INFO:nas.trainer:eval | (sampled_gnn, metric_val) = (['sg', 'tag', 2, 'global_mean_pool', 6500], 0.7407407407407407)
INFO:nas.trainer:eval | (sampled_gnn, metric_val) = (['ssg', 'gin', 2, 'global_max_pool', 3000], 0.8148148148148148)
INFO:nas.trainer:eval | (sampled_gnn, metric_val) = (['gcn', 'sg', 2, 'global_max_pool', 8000], 0.8765432098765432)
INFO:nas.trainer:eval | (sampled_gnn, metric_val) = (['gcn', 'tag', 2, 'global_max_pool', 3000], 0.7160493827160493)
INFO:nas.trainer:eval | (sampled_gnn, metric_val) = (['gin', 'gcn', 2, 'global_max_pool', 4500], 0.7901234567901234)
INFO:nas.trainer:eval | (sampled_gnn, metric_val) = (['gat', 'gcn', 2, 'global_max_pool', 6500], 0.8518518518518519)
INFO:nas.trainer:eval | (sampled_gnn, metric_val) = (['gcn', 'tag', 2, 'global_max_pool', 6500], 0.8271604938271605)
INFO:nas.trainer:eval | (sampled_gnn, metric_val) = (['gin', 'gcn', 2, 'global_mean_pool', 4500], 0.7901234567901234)
INFO:nas.trainer:eval | (sampled_gnn, metric_val) = (['gcn', 'gin', 2, 'global_max_pool', 6500], 0.8518518518518519)
INFO:nas.trainer:eval | (sampled_gnn, metric_val) = (['ssg', 'gmm', 2, 'global_max_pool', 6500], 0.8641975308641975)
INFO:nas.trainer:eval | (sampled_gnn, metric_val) = (['ssg', 'sage', 2, 'global_max_pool', 3000], 0.8024691358024691)
INFO:nas.trainer:eval | (sampled_gnn, metric_val) = (['gcn', 'ssg', 2, 'global_add_pool', 3000], 0.7530864197530864)
INFO:nas.trainer:eval | (sampled_gnn, metric_val) = (['sg', 'gat', 2, 'global_max_pool', 3500], 0.7901234567901234)
INFO:nas.trainer:eval | (sampled_gnn, metric_val) = (['gin', 'gcn', 2, 'global_max_pool', 4000], 0.8518518518518519)
INFO:nas.trainer:eval | (sampled_gnn, metric_val) = (['gat', 'gin', 2, 'global_max_pool', 4500], 0.8518518518518519)
INFO:nas.trainer:eval | (sampled_gnn, metric_val) = (['gmm', 'tag', 2, 'global_mean_pool', 4500], 0.7530864197530864)
INFO:nas.trainer:eval | (sampled_gnn, metric_val) = (['sage', 'tag', 2, 'global_max_pool', 4500], 0.7777777777777778)
INFO:nas.trainer:train | 24 era_time 3435.862905025482
INFO:nas.trainer:eval | (sampled_gnn, metric_val) = (['gcn', 'gat', 2, 'global_max_pool', 6500], 0.7654320987654321)
INFO:nas.trainer:eval | (sampled_gnn, metric_val) = (['gin', 'gcn', 2, 'global_max_pool', 3500], 0.8024691358024691)
INFO:nas.trainer:eval | (sampled_gnn, metric_val) = (['gin', 'gcn', 2, 'global_max_pool', 3000], 0.7407407407407407)
INFO:nas.trainer:eval | (sampled_gnn, metric_val) = (['gin', 'gmm', 2, 'global_add_pool', 3000], 0.7901234567901234)
INFO:nas.trainer:eval | (sampled_gnn, metric_val) = (['sage', 'gcn', 2, 'global_max_pool', 3000], 0.7901234567901234)
INFO:nas.trainer:eval | (sampled_gnn, metric_val) = (['sg', 'gin', 2, 'global_max_pool', 8000], 0.8641975308641975)
INFO:nas.trainer:eval | (sampled_gnn, metric_val) = (['gin', 'tag', 2, 'global_max_pool', 4500], 0.8024691358024691)
INFO:nas.trainer:eval | (sampled_gnn, metric_val) = (['gcn', 'gcn', 2, 'global_max_pool', 5000], 0.7654320987654321)
INFO:nas.trainer:eval | (sampled_gnn, metric_val) = (['gcn', 'gcn', 2, 'global_max_pool', 5500], 0.8024691358024691)
INFO:nas.trainer:eval | (sampled_gnn, metric_val) = (['gin', 'gin', 2, 'global_max_pool', 4500], 0.8271604938271605)
INFO:nas.trainer:eval | (sampled_gnn, metric_val) = (['gcn', 'gin', 2, 'global_max_pool', 3500], 0.8148148148148148)
INFO:nas.trainer:eval | (sampled_gnn, metric_val) = (['gcn', 'gcn', 2, 'global_max_pool', 4000], 0.7654320987654321)
INFO:nas.trainer:eval | (sampled_gnn, metric_val) = (['gcn', 'gin', 2, 'global_mean_pool', 4500], 0.8271604938271605)
INFO:nas.trainer:eval | (sampled_gnn, metric_val) = (['sg', 'sg', 2, 'global_max_pool', 3000], 0.8024691358024691)
INFO:nas.trainer:eval | (sampled_gnn, metric_val) = (['tag', 'tag', 2, 'global_max_pool', 4500], 0.7530864197530864)
INFO:nas.trainer:eval | (sampled_gnn, metric_val) = (['gin', 'sage', 2, 'global_max_pool', 8000], 0.7530864197530864)
INFO:nas.trainer:eval | (sampled_gnn, metric_val) = (['sg', 'ssg', 2, 'global_max_pool', 4500], 0.8024691358024691)
INFO:nas.trainer:eval | (sampled_gnn, metric_val) = (['ssg', 'sg', 2, 'global_max_pool', 6000], 0.8024691358024691)
INFO:nas.trainer:eval | (sampled_gnn, metric_val) = (['gcn', 'gcn', 2, 'global_max_pool', 6000], 0.7654320987654321)
INFO:nas.trainer:eval | (sampled_gnn, metric_val) = (['tag', 'tag', 2, 'global_max_pool', 7000], 0.7777777777777778)
INFO:nas.trainer:train | 25 era_time 3215.656316280365
INFO:nas.trainer:eval | (sampled_gnn, metric_val) = (['gin', 'tag', 2, 'global_max_pool', 8000], 0.7777777777777778)
INFO:nas.trainer:eval | (sampled_gnn, metric_val) = (['gin', 'gat', 2, 'global_max_pool', 4500], 0.7901234567901234)
INFO:nas.trainer:eval | (sampled_gnn, metric_val) = (['gin', 'gmm', 2, 'global_max_pool', 4500], 0.8395061728395061)
INFO:nas.trainer:eval | (sampled_gnn, metric_val) = (['gcn', 'gin', 2, 'global_max_pool', 4000], 0.7530864197530864)
INFO:nas.trainer:eval | (sampled_gnn, metric_val) = (['gmm', 'tag', 2, 'global_max_pool', 6500], 0.7777777777777778)
INFO:nas.trainer:eval | (sampled_gnn, metric_val) = (['tag', 'tag', 2, 'global_max_pool', 3000], 0.8395061728395061)
INFO:nas.trainer:eval | (sampled_gnn, metric_val) = (['gcn', 'gmm', 2, 'global_max_pool', 4000], 0.8271604938271605)
INFO:nas.trainer:eval | (sampled_gnn, metric_val) = (['gcn', 'gin', 2, 'global_max_pool', 3000], 0.8024691358024691)
INFO:nas.trainer:eval | (sampled_gnn, metric_val) = (['ssg', 'sg', 2, 'global_max_pool', 3000], 0.7530864197530864)
INFO:nas.trainer:eval | (sampled_gnn, metric_val) = (['gcn', 'sg', 2, 'global_max_pool', 6500], 0.7901234567901234)
INFO:nas.trainer:eval | (sampled_gnn, metric_val) = (['sage', 'tag', 2, 'global_max_pool', 4500], 0.7777777777777778)
INFO:nas.trainer:eval | (sampled_gnn, metric_val) = (['gin', 'sg', 2, 'global_max_pool', 3500], 0.7283950617283951)
INFO:nas.trainer:eval | (sampled_gnn, metric_val) = (['gat', 'gmm', 2, 'global_max_pool', 7500], 0.8148148148148148)
INFO:nas.trainer:eval | (sampled_gnn, metric_val) = (['tag', 'sg', 2, 'global_max_pool', 4500], 0.8271604938271605)
INFO:nas.trainer:eval | (sampled_gnn, metric_val) = (['ssg', 'gin', 2, 'global_max_pool', 4500], 0.8518518518518519)
INFO:nas.trainer:eval | (sampled_gnn, metric_val) = (['sg', 'gin', 2, 'global_max_pool', 3000], 0.7777777777777778)
INFO:nas.trainer:eval | (sampled_gnn, metric_val) = (['gcn', 'gin', 2, 'global_max_pool', 3000], 0.8271604938271605)
INFO:nas.trainer:eval | (sampled_gnn, metric_val) = (['sg', 'tag', 2, 'global_max_pool', 7000], 0.7530864197530864)
INFO:nas.trainer:eval | (sampled_gnn, metric_val) = (['ssg', 'gcn', 2, 'global_max_pool', 4500], 0.8271604938271605)
INFO:nas.trainer:eval | (sampled_gnn, metric_val) = (['gmm', 'gcn', 2, 'global_max_pool', 3000], 0.8395061728395061)
INFO:nas.trainer:train | 26 era_time 3116.9463884830475
INFO:nas.trainer:eval | (sampled_gnn, metric_val) = (['gcn', 'gcn', 2, 'global_max_pool', 5500], 0.7654320987654321)
INFO:nas.trainer:eval | (sampled_gnn, metric_val) = (['gmm', 'gin', 2, 'global_max_pool', 3000], 0.7777777777777778)
INFO:nas.trainer:eval | (sampled_gnn, metric_val) = (['tag', 'gcn', 2, 'global_max_pool', 4500], 0.8148148148148148)
INFO:nas.trainer:eval | (sampled_gnn, metric_val) = (['tag', 'gcn', 2, 'global_max_pool', 6500], 0.7283950617283951)
INFO:nas.trainer:eval | (sampled_gnn, metric_val) = (['sg', 'gcn', 2, 'global_max_pool', 4500], 0.8024691358024691)
INFO:nas.trainer:eval | (sampled_gnn, metric_val) = (['sage', 'tag', 2, 'global_max_pool', 6500], 0.8024691358024691)
INFO:nas.trainer:eval | (sampled_gnn, metric_val) = (['sage', 'gcn', 2, 'global_max_pool', 4500], 0.7777777777777778)
INFO:nas.trainer:eval | (sampled_gnn, metric_val) = (['gcn', 'gcn', 2, 'global_max_pool', 8000], 0.7777777777777778)
INFO:nas.trainer:eval | (sampled_gnn, metric_val) = (['ssg', 'gcn', 2, 'global_max_pool', 8000], 0.7530864197530864)
INFO:nas.trainer:eval | (sampled_gnn, metric_val) = (['gin', 'gin', 2, 'global_max_pool', 3000], 0.8148148148148148)
INFO:nas.trainer:eval | (sampled_gnn, metric_val) = (['gin', 'ssg', 2, 'global_max_pool', 4500], 0.8518518518518519)
INFO:nas.trainer:eval | (sampled_gnn, metric_val) = (['gcn', 'sage', 2, 'global_max_pool', 4500], 0.8641975308641975)
INFO:nas.trainer:eval | (sampled_gnn, metric_val) = (['gin', 'gmm', 2, 'global_max_pool', 3000], 0.7901234567901234)
INFO:nas.trainer:eval | (sampled_gnn, metric_val) = (['gat', 'gin', 2, 'global_max_pool', 3500], 0.8024691358024691)
INFO:nas.trainer:eval | (sampled_gnn, metric_val) = (['gcn', 'gin', 2, 'global_max_pool', 7000], 0.8395061728395061)
INFO:nas.trainer:eval | (sampled_gnn, metric_val) = (['gin', 'gin', 2, 'global_max_pool', 4500], 0.8765432098765432)
INFO:nas.trainer:eval | (sampled_gnn, metric_val) = (['gcn', 'ssg', 2, 'global_max_pool', 3000], 0.8148148148148148)
INFO:nas.trainer:eval | (sampled_gnn, metric_val) = (['gmm', 'gcn', 2, 'global_max_pool', 5500], 0.8271604938271605)
INFO:nas.trainer:eval | (sampled_gnn, metric_val) = (['gmm', 'gmm', 2, 'global_max_pool', 4500], 0.7901234567901234)
INFO:nas.trainer:eval | (sampled_gnn, metric_val) = (['gcn', 'sg', 2, 'global_max_pool', 5500], 0.7530864197530864)
INFO:nas.trainer:train | 27 era_time 3239.724016904831
INFO:nas.trainer:eval | (sampled_gnn, metric_val) = (['sage', 'sg', 2, 'global_max_pool', 4500], 0.7037037037037037)
INFO:nas.trainer:eval | (sampled_gnn, metric_val) = (['gcn', 'tag', 2, 'global_max_pool', 6000], 0.7654320987654321)
INFO:nas.trainer:eval | (sampled_gnn, metric_val) = (['gcn', 'gcn', 2, 'global_max_pool', 3500], 0.8148148148148148)
INFO:nas.trainer:eval | (sampled_gnn, metric_val) = (['gin', 'tag', 2, 'global_max_pool', 5500], 0.8148148148148148)
INFO:nas.trainer:eval | (sampled_gnn, metric_val) = (['gat', 'gat', 2, 'global_max_pool', 7500], 0.7901234567901234)
INFO:nas.trainer:eval | (sampled_gnn, metric_val) = (['gcn', 'tag', 2, 'global_max_pool', 4500], 0.7530864197530864)
INFO:nas.trainer:eval | (sampled_gnn, metric_val) = (['gin', 'gcn', 2, 'global_max_pool', 6500], 0.8395061728395061)
INFO:nas.trainer:eval | (sampled_gnn, metric_val) = (['gin', 'gmm', 2, 'global_max_pool', 6500], 0.7901234567901234)
INFO:nas.trainer:eval | (sampled_gnn, metric_val) = (['gmm', 'gin', 2, 'global_max_pool', 6500], 0.7901234567901234)
INFO:nas.trainer:eval | (sampled_gnn, metric_val) = (['gin', 'gcn', 2, 'global_max_pool', 4500], 0.7777777777777778)
INFO:nas.trainer:eval | (sampled_gnn, metric_val) = (['gin', 'gmm', 2, 'global_max_pool', 7000], 0.8271604938271605)
INFO:nas.trainer:eval | (sampled_gnn, metric_val) = (['gin', 'gin', 2, 'global_max_pool', 3000], 0.8518518518518519)
INFO:nas.trainer:eval | (sampled_gnn, metric_val) = (['gin', 'tag', 2, 'global_max_pool', 4500], 0.8148148148148148)
INFO:nas.trainer:eval | (sampled_gnn, metric_val) = (['gin', 'gcn', 2, 'global_max_pool', 6000], 0.7901234567901234)
INFO:nas.trainer:eval | (sampled_gnn, metric_val) = (['gin', 'tag', 2, 'global_max_pool', 3000], 0.8024691358024691)
INFO:nas.trainer:eval | (sampled_gnn, metric_val) = (['gin', 'tag', 2, 'global_max_pool', 4500], 0.7530864197530864)
INFO:nas.trainer:eval | (sampled_gnn, metric_val) = (['gcn', 'gin', 2, 'global_max_pool', 4500], 0.8024691358024691)
INFO:nas.trainer:eval | (sampled_gnn, metric_val) = (['gmm', 'gin', 2, 'global_max_pool', 3000], 0.8395061728395061)
INFO:nas.trainer:eval | (sampled_gnn, metric_val) = (['gcn', 'ssg', 2, 'global_max_pool', 3000], 0.7530864197530864)
INFO:nas.trainer:eval | (sampled_gnn, metric_val) = (['gcn', 'gmm', 2, 'global_max_pool', 5000], 0.8888888888888888)
INFO:nas.trainer:train | 28 era_time 3344.2808175086975
INFO:nas.trainer:eval | (sampled_gnn, metric_val) = (['gcn', 'ssg', 2, 'global_max_pool', 6500], 0.7901234567901234)
INFO:nas.trainer:eval | (sampled_gnn, metric_val) = (['gcn', 'gat', 2, 'global_max_pool', 5000], 0.7777777777777778)
INFO:nas.trainer:eval | (sampled_gnn, metric_val) = (['gin', 'gcn', 2, 'global_max_pool', 4500], 0.8024691358024691)
INFO:nas.trainer:eval | (sampled_gnn, metric_val) = (['tag', 'gat', 2, 'global_max_pool', 4500], 0.8148148148148148)
INFO:nas.trainer:eval | (sampled_gnn, metric_val) = (['ssg', 'gin', 2, 'global_max_pool', 3000], 0.7530864197530864)
INFO:nas.trainer:eval | (sampled_gnn, metric_val) = (['sg', 'gmm', 2, 'global_max_pool', 4500], 0.8518518518518519)
INFO:nas.trainer:eval | (sampled_gnn, metric_val) = (['ssg', 'gin', 2, 'global_max_pool', 6500], 0.8518518518518519)
INFO:nas.trainer:eval | (sampled_gnn, metric_val) = (['gat', 'tag', 2, 'global_max_pool', 6500], 0.8395061728395061)
INFO:nas.trainer:eval | (sampled_gnn, metric_val) = (['gin', 'sage', 2, 'global_max_pool', 3000], 0.8641975308641975)
INFO:nas.trainer:eval | (sampled_gnn, metric_val) = (['gat', 'gcn', 2, 'global_max_pool', 6000], 0.7777777777777778)
INFO:nas.trainer:eval | (sampled_gnn, metric_val) = (['ssg', 'gin', 2, 'global_max_pool', 3500], 0.8148148148148148)
INFO:nas.trainer:eval | (sampled_gnn, metric_val) = (['gcn', 'tag', 2, 'global_max_pool', 4500], 0.7654320987654321)
INFO:nas.trainer:eval | (sampled_gnn, metric_val) = (['ssg', 'tag', 2, 'global_max_pool', 4500], 0.7777777777777778)
INFO:nas.trainer:eval | (sampled_gnn, metric_val) = (['gcn', 'tag', 2, 'global_max_pool', 6000], 0.8024691358024691)
INFO:nas.trainer:eval | (sampled_gnn, metric_val) = (['gcn', 'sage', 2, 'global_max_pool', 4500], 0.8024691358024691)
INFO:nas.trainer:eval | (sampled_gnn, metric_val) = (['gin', 'gin', 2, 'global_max_pool', 4500], 0.7654320987654321)
INFO:nas.trainer:eval | (sampled_gnn, metric_val) = (['gcn', 'gin', 2, 'global_max_pool', 7000], 0.8024691358024691)
INFO:nas.trainer:eval | (sampled_gnn, metric_val) = (['gcn', 'sage', 2, 'global_max_pool', 4500], 0.8271604938271605)
INFO:nas.trainer:eval | (sampled_gnn, metric_val) = (['gat', 'gin', 2, 'global_max_pool', 6000], 0.7530864197530864)
INFO:nas.trainer:eval | (sampled_gnn, metric_val) = (['gmm', 'gin', 2, 'global_max_pool', 4500], 0.8271604938271605)
INFO:nas.trainer:train | 29 era_time 3441.864973783493
INFO:nas.trainer:train | train_time 99643.64040327072
INFO:nas.trainer:eval | (sampled_gnn, metric_val) = (['gcn', 'gin', 2, 'global_max_pool', 5500], 0.8148148148148148)
INFO:nas.trainer:eval | (sampled_gnn, metric_val) = (['sg', 'gcn', 2, 'global_max_pool', 4500], 0.8271604938271605)
INFO:nas.trainer:eval | (sampled_gnn, metric_val) = (['ssg', 'gin', 2, 'global_max_pool', 4500], 0.8148148148148148)
INFO:nas.trainer:eval | (sampled_gnn, metric_val) = (['gcn', 'sage', 2, 'global_max_pool', 3000], 0.8395061728395061)
INFO:nas.trainer:eval | (sampled_gnn, metric_val) = (['ssg', 'gin', 2, 'global_max_pool', 3000], 0.8271604938271605)
INFO:nas.trainer:eval | (sampled_gnn, metric_val) = (['sage', 'gat', 2, 'global_max_pool', 6500], 0.7777777777777778)
INFO:nas.trainer:eval | (sampled_gnn, metric_val) = (['gin', 'gin', 2, 'global_max_pool', 5500], 0.8395061728395061)
INFO:nas.trainer:eval | (sampled_gnn, metric_val) = (['tag', 'tag', 2, 'global_max_pool', 6000], 0.7777777777777778)
INFO:nas.trainer:eval | (sampled_gnn, metric_val) = (['gin', 'gcn', 2, 'global_add_pool', 4500], 0.7407407407407407)
INFO:nas.trainer:eval | (sampled_gnn, metric_val) = (['sg', 'gat', 2, 'global_max_pool', 4500], 0.8148148148148148)
INFO:nas.trainer:eval | (sampled_gnn, metric_val) = (['gcn', 'gmm', 2, 'global_max_pool', 3000], 0.8271604938271605)
INFO:nas.trainer:eval | (sampled_gnn, metric_val) = (['gin', 'gcn', 2, 'global_max_pool', 3500], 0.8024691358024691)
INFO:nas.trainer:eval | (sampled_gnn, metric_val) = (['gcn', 'gin', 2, 'global_max_pool', 6500], 0.8148148148148148)
INFO:nas.trainer:eval | (sampled_gnn, metric_val) = (['gin', 'gin', 2, 'global_max_pool', 3500], 0.8148148148148148)
INFO:nas.trainer:eval | (sampled_gnn, metric_val) = (['gin', 'sage', 2, 'global_max_pool', 3000], 0.7901234567901234)
INFO:nas.trainer:eval | (sampled_gnn, metric_val) = (['gcn', 'gat', 2, 'global_max_pool', 3000], 0.8148148148148148)
INFO:nas.trainer:eval | (sampled_gnn, metric_val) = (['gin', 'gcn', 2, 'global_max_pool', 3000], 0.7777777777777778)
INFO:nas.trainer:eval | (sampled_gnn, metric_val) = (['tag', 'gcn', 2, 'global_max_pool', 4500], 0.7654320987654321)
INFO:nas.trainer:eval | (sampled_gnn, metric_val) = (['gin', 'ssg', 2, 'global_max_pool', 6500], 0.7777777777777778)
INFO:nas.trainer:eval | (sampled_gnn, metric_val) = (['gcn', 'gcn', 2, 'global_max_pool', 3500], 0.7654320987654321)
INFO:nas.trainer:eval | (sampled_gnn, metric_val) = (['gmm', 'ssg', 2, 'global_max_pool', 4500], 0.7777777777777778)
INFO:nas.trainer:eval | (sampled_gnn, metric_val) = (['gmm', 'gmm', 2, 'global_max_pool', 4500], 0.8024691358024691)
INFO:nas.trainer:eval | (sampled_gnn, metric_val) = (['gcn', 'ssg', 2, 'global_max_pool', 5500], 0.8271604938271605)
INFO:nas.trainer:eval | (sampled_gnn, metric_val) = (['gin', 'gin', 2, 'global_max_pool', 3000], 0.8024691358024691)
INFO:nas.trainer:eval | (sampled_gnn, metric_val) = (['gcn', 'gin', 2, 'global_max_pool', 4000], 0.8395061728395061)
INFO:nas.trainer:eval | (sampled_gnn, metric_val) = (['gin', 'gin', 2, 'global_max_pool', 6000], 0.8148148148148148)
INFO:nas.trainer:eval | (sampled_gnn, metric_val) = (['gin', 'gin', 2, 'global_max_pool', 7500], 0.8271604938271605)
INFO:nas.trainer:eval | (sampled_gnn, metric_val) = (['gin', 'sg', 2, 'global_max_pool', 4500], 0.7901234567901234)
INFO:nas.trainer:eval | (sampled_gnn, metric_val) = (['tag', 'gin', 2, 'global_max_pool', 3000], 0.8641975308641975)
INFO:nas.trainer:eval | (sampled_gnn, metric_val) = (['gin', 'gcn', 2, 'global_max_pool', 3500], 0.8765432098765432)
INFO:root:'/home/ubuntu/GNN-AID/src/nas/cfg/13.yml' cfg_file best structure: ['gin', 'gcn', 2, 'global_max_pool', 3500]
