INFO:__main__:dataset:
- multiple-graphs
- TUDataset
- BZR
derive_num: 30
logfname: bzr_dynamic.log
nas_args:
  dynamic_nas_steps: 100
  forward:
    mode: train
    softmax_temp: 5.0
    tanh_c: 2.5
  hidden_size: 100
  reset:
    init_range: 0.1
ss_args:
  prob_scale: 4
  type: dynamic_prob
trainer_args:
  derive:
    derive_from_history: false
  eval:
    save_model_flag: false
  train:
    derive_finaly: false
    num_eras: 30
    save_eras: 5
  train_controller:
    epochs: 20

INFO:nas.trainer:eval | (sampled_gnn, metric_val) = (['gin', 'gin', 'global_add_pool', 4000], 0.8271604938271605)
INFO:nas.trainer:eval | (sampled_gnn, metric_val) = (['gat', 'gcn', 'global_mean_pool', 7500], 0.7901234567901234)
INFO:nas.trainer:eval | (sampled_gnn, metric_val) = (['gcn', 'sage', 'global_add_pool', 8000], 0.7777777777777778)
INFO:nas.trainer:eval | (sampled_gnn, metric_val) = (['gmm', 'gmm', 'global_mean_pool', 5000], 0.7901234567901234)
INFO:nas.trainer:eval | (sampled_gnn, metric_val) = (['ssg', 'gcn', 'global_max_pool', 4500], 0.8148148148148148)
INFO:nas.trainer:eval | (sampled_gnn, metric_val) = (['gat', 'gcn', 'global_add_pool', 5500], 0.8518518518518519)
INFO:nas.trainer:eval | (sampled_gnn, metric_val) = (['gcn', 'gin', 'global_add_pool', 5500], 0.8395061728395061)
INFO:nas.trainer:eval | (sampled_gnn, metric_val) = (['gcn', 'gin', 'global_add_pool', 4500], 0.8024691358024691)
INFO:nas.trainer:eval | (sampled_gnn, metric_val) = (['gat', 'tag', 'global_mean_pool', 7000], 0.7530864197530864)
INFO:nas.trainer:eval | (sampled_gnn, metric_val) = (['tag', 'sg', 'global_max_pool', 4000], 0.7530864197530864)
INFO:nas.trainer:eval | (sampled_gnn, metric_val) = (['gin', 'gin', 'global_mean_pool', 3000], 0.8395061728395061)
INFO:nas.trainer:eval | (sampled_gnn, metric_val) = (['gcn', 'tag', 'global_add_pool', 4000], 0.8148148148148148)
INFO:nas.trainer:eval | (sampled_gnn, metric_val) = (['gin', 'gcn', 'global_mean_pool', 4500], 0.7901234567901234)
INFO:nas.trainer:eval | (sampled_gnn, metric_val) = (['gcn', 'gcn', 'global_mean_pool', 4000], 0.8395061728395061)
INFO:nas.trainer:eval | (sampled_gnn, metric_val) = (['tag', 'gcn', 'global_add_pool', 7000], 0.8395061728395061)
INFO:nas.trainer:eval | (sampled_gnn, metric_val) = (['gmm', 'gcn', 'global_add_pool', 5000], 0.8395061728395061)
INFO:nas.trainer:eval | (sampled_gnn, metric_val) = (['tag', 'gcn', 'global_add_pool', 6000], 0.8518518518518519)
INFO:nas.trainer:eval | (sampled_gnn, metric_val) = (['gcn', 'gin', 'global_mean_pool', 6000], 0.8024691358024691)
INFO:nas.trainer:eval | (sampled_gnn, metric_val) = (['gcn', 'gin', 'global_mean_pool', 5000], 0.8024691358024691)
INFO:nas.trainer:eval | (sampled_gnn, metric_val) = (['gcn', 'gat', 'global_add_pool', 5500], 0.8024691358024691)
INFO:nas.trainer:train | 0 era_time 3762.4891154766083
INFO:nas.trainer:eval | (sampled_gnn, metric_val) = (['gin', 'gmm', 'global_mean_pool', 4500], 0.8024691358024691)
INFO:nas.trainer:eval | (sampled_gnn, metric_val) = (['gcn', 'gat', 'global_mean_pool', 5500], 0.8518518518518519)
INFO:nas.trainer:eval | (sampled_gnn, metric_val) = (['gcn', 'gin', 'global_add_pool', 8000], 0.8518518518518519)
INFO:nas.trainer:eval | (sampled_gnn, metric_val) = (['gin', 'gcn', 'global_add_pool', 3500], 0.8271604938271605)
INFO:nas.trainer:eval | (sampled_gnn, metric_val) = (['gin', 'sage', 'global_mean_pool', 5000], 0.8888888888888888)
INFO:nas.trainer:eval | (sampled_gnn, metric_val) = (['gin', 'gin', 'global_mean_pool', 4000], 0.8148148148148148)
INFO:nas.trainer:eval | (sampled_gnn, metric_val) = (['tag', 'ssg', 'global_add_pool', 7000], 0.8024691358024691)
INFO:nas.trainer:eval | (sampled_gnn, metric_val) = (['gcn', 'gcn', 'global_add_pool', 4000], 0.7160493827160493)
INFO:nas.trainer:eval | (sampled_gnn, metric_val) = (['sg', 'ssg', 'global_max_pool', 6000], 0.8271604938271605)
INFO:nas.trainer:eval | (sampled_gnn, metric_val) = (['tag', 'ssg', 'global_max_pool', 3500], 0.8148148148148148)
INFO:nas.trainer:eval | (sampled_gnn, metric_val) = (['sg', 'gcn', 'global_mean_pool', 3500], 0.7901234567901234)
INFO:nas.trainer:eval | (sampled_gnn, metric_val) = (['ssg', 'gcn', 'global_add_pool', 6000], 0.8888888888888888)
INFO:nas.trainer:eval | (sampled_gnn, metric_val) = (['gin', 'gmm', 'global_mean_pool', 7000], 0.8395061728395061)
INFO:nas.trainer:eval | (sampled_gnn, metric_val) = (['sage', 'gmm', 'global_mean_pool', 3000], 0.7654320987654321)
INFO:nas.trainer:eval | (sampled_gnn, metric_val) = (['gmm', 'gin', 'global_mean_pool', 7500], 0.8765432098765432)
INFO:nas.trainer:eval | (sampled_gnn, metric_val) = (['gin', 'gcn', 'global_add_pool', 5500], 0.7777777777777778)
INFO:nas.trainer:eval | (sampled_gnn, metric_val) = (['gcn', 'ssg', 'global_max_pool', 5000], 0.8395061728395061)
INFO:nas.trainer:eval | (sampled_gnn, metric_val) = (['gin', 'gin', 'global_mean_pool', 4500], 0.7777777777777778)
INFO:nas.trainer:eval | (sampled_gnn, metric_val) = (['gcn', 'gmm', 'global_mean_pool', 3500], 0.7901234567901234)
INFO:nas.trainer:eval | (sampled_gnn, metric_val) = (['gin', 'gmm', 'global_max_pool', 5500], 0.7654320987654321)
INFO:nas.trainer:train | 1 era_time 3488.5072379112244
INFO:nas.trainer:eval | (sampled_gnn, metric_val) = (['ssg', 'gin', 'global_mean_pool', 8000], 0.8395061728395061)
INFO:nas.trainer:eval | (sampled_gnn, metric_val) = (['gat', 'gin', 'global_add_pool', 7500], 0.8765432098765432)
INFO:nas.trainer:eval | (sampled_gnn, metric_val) = (['gcn', 'ssg', 'global_add_pool', 5500], 0.7901234567901234)
INFO:nas.trainer:eval | (sampled_gnn, metric_val) = (['gin', 'gmm', 'global_max_pool', 5000], 0.8024691358024691)
INFO:nas.trainer:eval | (sampled_gnn, metric_val) = (['gat', 'ssg', 'global_mean_pool', 6500], 0.8148148148148148)
INFO:nas.trainer:eval | (sampled_gnn, metric_val) = (['gin', 'ssg', 'global_mean_pool', 6000], 0.8148148148148148)
INFO:nas.trainer:eval | (sampled_gnn, metric_val) = (['ssg', 'gin', 'global_mean_pool', 5000], 0.7654320987654321)
INFO:nas.trainer:eval | (sampled_gnn, metric_val) = (['sage', 'gcn', 'global_mean_pool', 7500], 0.8518518518518519)
INFO:nas.trainer:eval | (sampled_gnn, metric_val) = (['gcn', 'sg', 'global_max_pool', 5000], 0.7901234567901234)
INFO:nas.trainer:eval | (sampled_gnn, metric_val) = (['gat', 'gin', 'global_add_pool', 7000], 0.7654320987654321)
INFO:nas.trainer:eval | (sampled_gnn, metric_val) = (['gin', 'gin', 'global_add_pool', 5500], 0.8024691358024691)
INFO:nas.trainer:eval | (sampled_gnn, metric_val) = (['ssg', 'gmm', 'global_add_pool', 3500], 0.8024691358024691)
INFO:nas.trainer:eval | (sampled_gnn, metric_val) = (['gcn', 'gcn', 'global_add_pool', 7000], 0.7777777777777778)
INFO:nas.trainer:eval | (sampled_gnn, metric_val) = (['sg', 'gin', 'global_mean_pool', 3000], 0.8024691358024691)
INFO:nas.trainer:eval | (sampled_gnn, metric_val) = (['tag', 'sg', 'global_max_pool', 4500], 0.8888888888888888)
INFO:nas.trainer:eval | (sampled_gnn, metric_val) = (['gin', 'gcn', 'global_add_pool', 5500], 0.8641975308641975)
INFO:nas.trainer:eval | (sampled_gnn, metric_val) = (['gcn', 'gmm', 'global_mean_pool', 3000], 0.8024691358024691)
INFO:nas.trainer:eval | (sampled_gnn, metric_val) = (['gin', 'gmm', 'global_add_pool', 3000], 0.8148148148148148)
INFO:nas.trainer:eval | (sampled_gnn, metric_val) = (['gcn', 'gin', 'global_max_pool', 3500], 0.8148148148148148)
INFO:nas.trainer:eval | (sampled_gnn, metric_val) = (['sage', 'gin', 'global_mean_pool', 7500], 0.8024691358024691)
INFO:nas.trainer:train | 2 era_time 3719.631873846054
INFO:nas.trainer:eval | (sampled_gnn, metric_val) = (['gcn', 'gcn', 'global_add_pool', 7500], 0.8024691358024691)
INFO:nas.trainer:eval | (sampled_gnn, metric_val) = (['gcn', 'gcn', 'global_max_pool', 4000], 0.8395061728395061)
INFO:nas.trainer:eval | (sampled_gnn, metric_val) = (['tag', 'tag', 'global_max_pool', 7000], 0.7530864197530864)
INFO:nas.trainer:eval | (sampled_gnn, metric_val) = (['gcn', 'gin', 'global_mean_pool', 4000], 0.8271604938271605)
INFO:nas.trainer:eval | (sampled_gnn, metric_val) = (['gin', 'gin', 'global_mean_pool', 8000], 0.8395061728395061)
INFO:nas.trainer:eval | (sampled_gnn, metric_val) = (['gcn', 'gmm', 'global_add_pool', 4500], 0.8888888888888888)
INFO:nas.trainer:eval | (sampled_gnn, metric_val) = (['sage', 'gin', 'global_max_pool', 4500], 0.8271604938271605)
INFO:nas.trainer:eval | (sampled_gnn, metric_val) = (['gcn', 'gcn', 'global_mean_pool', 4500], 0.7283950617283951)
INFO:nas.trainer:eval | (sampled_gnn, metric_val) = (['gmm', 'gin', 'global_add_pool', 7500], 0.8765432098765432)
INFO:nas.trainer:eval | (sampled_gnn, metric_val) = (['gcn', 'gcn', 'global_mean_pool', 4500], 0.8024691358024691)
INFO:nas.trainer:eval | (sampled_gnn, metric_val) = (['ssg', 'sage', 'global_add_pool', 6500], 0.8395061728395061)
INFO:nas.trainer:eval | (sampled_gnn, metric_val) = (['gcn', 'sg', 'global_add_pool', 3500], 0.8271604938271605)
INFO:nas.trainer:eval | (sampled_gnn, metric_val) = (['gcn', 'tag', 'global_max_pool', 6000], 0.7777777777777778)
INFO:nas.trainer:eval | (sampled_gnn, metric_val) = (['ssg', 'gin', 'global_add_pool', 8000], 0.8271604938271605)
INFO:nas.trainer:eval | (sampled_gnn, metric_val) = (['gin', 'gin', 'global_add_pool', 3500], 0.7777777777777778)
INFO:nas.trainer:eval | (sampled_gnn, metric_val) = (['gcn', 'gcn', 'global_add_pool', 4000], 0.8271604938271605)
INFO:nas.trainer:eval | (sampled_gnn, metric_val) = (['sg', 'gin', 'global_max_pool', 4500], 0.8024691358024691)
INFO:nas.trainer:eval | (sampled_gnn, metric_val) = (['gin', 'sage', 'global_add_pool', 7000], 0.8148148148148148)
INFO:nas.trainer:eval | (sampled_gnn, metric_val) = (['gin', 'sg', 'global_add_pool', 7000], 0.8765432098765432)
INFO:nas.trainer:eval | (sampled_gnn, metric_val) = (['gcn', 'gin', 'global_add_pool', 4000], 0.8148148148148148)
INFO:nas.trainer:train | 3 era_time 3720.392824649811
INFO:nas.trainer:eval | (sampled_gnn, metric_val) = (['ssg', 'gcn', 'global_mean_pool', 7500], 0.8271604938271605)
INFO:nas.trainer:eval | (sampled_gnn, metric_val) = (['gin', 'gcn', 'global_add_pool', 4000], 0.8024691358024691)
INFO:nas.trainer:eval | (sampled_gnn, metric_val) = (['gmm', 'gcn', 'global_mean_pool', 7500], 0.8148148148148148)
INFO:nas.trainer:eval | (sampled_gnn, metric_val) = (['sage', 'tag', 'global_mean_pool', 6500], 0.8271604938271605)
INFO:nas.trainer:eval | (sampled_gnn, metric_val) = (['sg', 'gcn', 'global_mean_pool', 6500], 0.8271604938271605)
INFO:nas.trainer:eval | (sampled_gnn, metric_val) = (['gcn', 'ssg', 'global_mean_pool', 8000], 0.7777777777777778)
INFO:nas.trainer:eval | (sampled_gnn, metric_val) = (['gin', 'gcn', 'global_add_pool', 7000], 0.8148148148148148)
INFO:nas.trainer:eval | (sampled_gnn, metric_val) = (['tag', 'tag', 'global_max_pool', 4500], 0.7160493827160493)
INFO:nas.trainer:eval | (sampled_gnn, metric_val) = (['gat', 'gin', 'global_max_pool', 3500], 0.8518518518518519)
INFO:nas.trainer:eval | (sampled_gnn, metric_val) = (['gcn', 'gcn', 'global_mean_pool', 4500], 0.7654320987654321)
INFO:nas.trainer:eval | (sampled_gnn, metric_val) = (['gin', 'gmm', 'global_mean_pool', 6500], 0.8395061728395061)
INFO:nas.trainer:eval | (sampled_gnn, metric_val) = (['gin', 'gcn', 'global_mean_pool', 6500], 0.7654320987654321)
INFO:nas.trainer:eval | (sampled_gnn, metric_val) = (['gin', 'gcn', 'global_add_pool', 5000], 0.8395061728395061)
INFO:nas.trainer:eval | (sampled_gnn, metric_val) = (['sg', 'gin', 'global_max_pool', 3500], 0.8148148148148148)
INFO:nas.trainer:eval | (sampled_gnn, metric_val) = (['sage', 'gin', 'global_mean_pool', 6000], 0.8765432098765432)
INFO:nas.trainer:eval | (sampled_gnn, metric_val) = (['gmm', 'gat', 'global_add_pool', 7500], 0.8765432098765432)
INFO:nas.trainer:eval | (sampled_gnn, metric_val) = (['gcn', 'gcn', 'global_add_pool', 7500], 0.7654320987654321)
INFO:nas.trainer:eval | (sampled_gnn, metric_val) = (['sage', 'ssg', 'global_add_pool', 6500], 0.8024691358024691)
INFO:nas.trainer:eval | (sampled_gnn, metric_val) = (['gcn', 'gcn', 'global_max_pool', 7500], 0.8641975308641975)
INFO:nas.trainer:eval | (sampled_gnn, metric_val) = (['gat', 'gcn', 'global_mean_pool', 4500], 0.8024691358024691)
INFO:nas.trainer:train | 4 era_time 4116.939053058624
INFO:nas.trainer:eval | (sampled_gnn, metric_val) = (['tag', 'gin', 'global_add_pool', 7500], 0.7901234567901234)
INFO:nas.trainer:eval | (sampled_gnn, metric_val) = (['gmm', 'ssg', 'global_add_pool', 7000], 0.8024691358024691)
INFO:nas.trainer:eval | (sampled_gnn, metric_val) = (['gcn', 'gcn', 'global_add_pool', 7500], 0.8888888888888888)
INFO:nas.trainer:eval | (sampled_gnn, metric_val) = (['gcn', 'tag', 'global_mean_pool', 4500], 0.8271604938271605)
INFO:nas.trainer:eval | (sampled_gnn, metric_val) = (['gcn', 'tag', 'global_mean_pool', 7000], 0.7777777777777778)
INFO:nas.trainer:eval | (sampled_gnn, metric_val) = (['gcn', 'ssg', 'global_mean_pool', 8000], 0.8024691358024691)
INFO:nas.trainer:eval | (sampled_gnn, metric_val) = (['gcn', 'gin', 'global_add_pool', 6500], 0.8395061728395061)
INFO:nas.trainer:eval | (sampled_gnn, metric_val) = (['gmm', 'gcn', 'global_max_pool', 3000], 0.8148148148148148)
INFO:nas.trainer:eval | (sampled_gnn, metric_val) = (['gcn', 'gcn', 'global_max_pool', 3000], 0.8395061728395061)
INFO:nas.trainer:eval | (sampled_gnn, metric_val) = (['sg', 'gin', 'global_max_pool', 6500], 0.8518518518518519)
INFO:nas.trainer:eval | (sampled_gnn, metric_val) = (['gin', 'ssg', 'global_mean_pool', 8000], 0.7777777777777778)
INFO:nas.trainer:eval | (sampled_gnn, metric_val) = (['gat', 'gmm', 'global_mean_pool', 6000], 0.8518518518518519)
INFO:nas.trainer:eval | (sampled_gnn, metric_val) = (['gat', 'gin', 'global_mean_pool', 6500], 0.8271604938271605)
INFO:nas.trainer:eval | (sampled_gnn, metric_val) = (['gcn', 'gmm', 'global_max_pool', 5000], 0.8395061728395061)
INFO:nas.trainer:eval | (sampled_gnn, metric_val) = (['tag', 'gmm', 'global_mean_pool', 7500], 0.8271604938271605)
INFO:nas.trainer:eval | (sampled_gnn, metric_val) = (['gcn', 'gcn', 'global_mean_pool', 6000], 0.7777777777777778)
INFO:nas.trainer:eval | (sampled_gnn, metric_val) = (['gin', 'gin', 'global_mean_pool', 4500], 0.8148148148148148)
INFO:nas.trainer:eval | (sampled_gnn, metric_val) = (['sage', 'gcn', 'global_max_pool', 3500], 0.8395061728395061)
INFO:nas.trainer:eval | (sampled_gnn, metric_val) = (['gcn', 'gcn', 'global_mean_pool', 8000], 0.8148148148148148)
INFO:nas.trainer:eval | (sampled_gnn, metric_val) = (['sage', 'gmm', 'global_add_pool', 8000], 0.8641975308641975)
INFO:nas.trainer:train | 5 era_time 4234.820890188217
INFO:nas.trainer:eval | (sampled_gnn, metric_val) = (['tag', 'gcn', 'global_add_pool', 3500], 0.7777777777777778)
INFO:nas.trainer:eval | (sampled_gnn, metric_val) = (['ssg', 'sage', 'global_add_pool', 7000], 0.8395061728395061)
INFO:nas.trainer:eval | (sampled_gnn, metric_val) = (['gcn', 'gin', 'global_mean_pool', 4000], 0.8024691358024691)
INFO:nas.trainer:eval | (sampled_gnn, metric_val) = (['gat', 'sage', 'global_add_pool', 8000], 0.7777777777777778)
INFO:nas.trainer:eval | (sampled_gnn, metric_val) = (['sg', 'gin', 'global_mean_pool', 7500], 0.8395061728395061)
INFO:nas.trainer:eval | (sampled_gnn, metric_val) = (['sage', 'sg', 'global_mean_pool', 3000], 0.8518518518518519)
INFO:nas.trainer:eval | (sampled_gnn, metric_val) = (['sg', 'gmm', 'global_max_pool', 4500], 0.8024691358024691)
INFO:nas.trainer:eval | (sampled_gnn, metric_val) = (['gin', 'sage', 'global_mean_pool', 5000], 0.7530864197530864)
INFO:nas.trainer:eval | (sampled_gnn, metric_val) = (['gcn', 'gat', 'global_add_pool', 3500], 0.8271604938271605)
INFO:nas.trainer:eval | (sampled_gnn, metric_val) = (['gin', 'sg', 'global_mean_pool', 3000], 0.7901234567901234)
INFO:nas.trainer:eval | (sampled_gnn, metric_val) = (['sage', 'gin', 'global_mean_pool', 6000], 0.7901234567901234)
INFO:nas.trainer:eval | (sampled_gnn, metric_val) = (['ssg', 'gin', 'global_max_pool', 4500], 0.8148148148148148)
INFO:nas.trainer:eval | (sampled_gnn, metric_val) = (['ssg', 'gin', 'global_add_pool', 5500], 0.8148148148148148)
INFO:nas.trainer:eval | (sampled_gnn, metric_val) = (['ssg', 'tag', 'global_add_pool', 5500], 0.8641975308641975)
INFO:nas.trainer:eval | (sampled_gnn, metric_val) = (['gmm', 'tag', 'global_add_pool', 7500], 0.8641975308641975)
INFO:nas.trainer:eval | (sampled_gnn, metric_val) = (['gin', 'gcn', 'global_add_pool', 6000], 0.8024691358024691)
INFO:nas.trainer:eval | (sampled_gnn, metric_val) = (['gcn', 'gcn', 'global_add_pool', 5500], 0.8395061728395061)
INFO:nas.trainer:eval | (sampled_gnn, metric_val) = (['sage', 'gin', 'global_mean_pool', 7000], 0.9135802469135802)
INFO:nas.trainer:eval | (sampled_gnn, metric_val) = (['gcn', 'gin', 'global_add_pool', 8000], 0.8148148148148148)
INFO:nas.trainer:eval | (sampled_gnn, metric_val) = (['gcn', 'gcn', 'global_max_pool', 7000], 0.8271604938271605)
INFO:nas.trainer:train | 6 era_time 3701.1060876846313
INFO:nas.trainer:eval | (sampled_gnn, metric_val) = (['gmm', 'gmm', 'global_mean_pool', 7500], 0.7777777777777778)
INFO:nas.trainer:eval | (sampled_gnn, metric_val) = (['gat', 'gat', 'global_add_pool', 3000], 0.8024691358024691)
INFO:nas.trainer:eval | (sampled_gnn, metric_val) = (['gcn', 'gat', 'global_add_pool', 3000], 0.8271604938271605)
INFO:nas.trainer:eval | (sampled_gnn, metric_val) = (['gin', 'gin', 'global_max_pool', 7500], 0.7777777777777778)
INFO:nas.trainer:eval | (sampled_gnn, metric_val) = (['gin', 'gcn', 'global_add_pool', 6000], 0.8271604938271605)
INFO:nas.trainer:eval | (sampled_gnn, metric_val) = (['gin', 'sg', 'global_mean_pool', 6000], 0.7901234567901234)
INFO:nas.trainer:eval | (sampled_gnn, metric_val) = (['sage', 'gcn', 'global_mean_pool', 7500], 0.8518518518518519)
INFO:nas.trainer:eval | (sampled_gnn, metric_val) = (['gin', 'sg', 'global_max_pool', 3500], 0.8765432098765432)
INFO:nas.trainer:eval | (sampled_gnn, metric_val) = (['gcn', 'sg', 'global_max_pool', 7500], 0.8024691358024691)
INFO:nas.trainer:eval | (sampled_gnn, metric_val) = (['tag', 'gin', 'global_add_pool', 5500], 0.8641975308641975)
INFO:nas.trainer:eval | (sampled_gnn, metric_val) = (['gcn', 'gin', 'global_add_pool', 4000], 0.8148148148148148)
INFO:nas.trainer:eval | (sampled_gnn, metric_val) = (['gin', 'ssg', 'global_mean_pool', 8000], 0.8518518518518519)
INFO:nas.trainer:eval | (sampled_gnn, metric_val) = (['gcn', 'sg', 'global_add_pool', 7000], 0.7777777777777778)
INFO:nas.trainer:eval | (sampled_gnn, metric_val) = (['tag', 'sage', 'global_mean_pool', 5000], 0.8641975308641975)
INFO:nas.trainer:eval | (sampled_gnn, metric_val) = (['tag', 'sg', 'global_max_pool', 3500], 0.8395061728395061)
INFO:nas.trainer:eval | (sampled_gnn, metric_val) = (['sg', 'gin', 'global_add_pool', 6500], 0.7777777777777778)
INFO:nas.trainer:eval | (sampled_gnn, metric_val) = (['gat', 'gcn', 'global_max_pool', 7500], 0.8271604938271605)
INFO:nas.trainer:eval | (sampled_gnn, metric_val) = (['gcn', 'tag', 'global_add_pool', 4500], 0.7407407407407407)
INFO:nas.trainer:eval | (sampled_gnn, metric_val) = (['tag', 'gat', 'global_mean_pool', 8000], 0.8148148148148148)
INFO:nas.trainer:eval | (sampled_gnn, metric_val) = (['sage', 'sage', 'global_add_pool', 5000], 0.8641975308641975)
INFO:nas.trainer:train | 7 era_time 3916.866058588028
INFO:nas.trainer:eval | (sampled_gnn, metric_val) = (['gin', 'ssg', 'global_add_pool', 7500], 0.8765432098765432)
INFO:nas.trainer:eval | (sampled_gnn, metric_val) = (['gcn', 'tag', 'global_add_pool', 8000], 0.8024691358024691)
INFO:nas.trainer:eval | (sampled_gnn, metric_val) = (['gin', 'sage', 'global_mean_pool', 5000], 0.8395061728395061)
INFO:nas.trainer:eval | (sampled_gnn, metric_val) = (['gcn', 'gcn', 'global_max_pool', 8000], 0.8518518518518519)
INFO:nas.trainer:eval | (sampled_gnn, metric_val) = (['gin', 'gin', 'global_max_pool', 4000], 0.8641975308641975)
INFO:nas.trainer:eval | (sampled_gnn, metric_val) = (['gin', 'sg', 'global_mean_pool', 7000], 0.8271604938271605)
INFO:nas.trainer:eval | (sampled_gnn, metric_val) = (['sg', 'gcn', 'global_max_pool', 7500], 0.7777777777777778)
INFO:nas.trainer:eval | (sampled_gnn, metric_val) = (['gcn', 'sg', 'global_mean_pool', 7000], 0.7901234567901234)
INFO:nas.trainer:eval | (sampled_gnn, metric_val) = (['sg', 'gcn', 'global_add_pool', 7000], 0.8271604938271605)
INFO:nas.trainer:eval | (sampled_gnn, metric_val) = (['gat', 'gin', 'global_max_pool', 7500], 0.8395061728395061)
INFO:nas.trainer:eval | (sampled_gnn, metric_val) = (['gcn', 'gat', 'global_max_pool', 8000], 0.8641975308641975)
INFO:nas.trainer:eval | (sampled_gnn, metric_val) = (['gat', 'gcn', 'global_max_pool', 5500], 0.8271604938271605)
INFO:nas.trainer:eval | (sampled_gnn, metric_val) = (['gin', 'gcn', 'global_max_pool', 3500], 0.8395061728395061)
INFO:nas.trainer:eval | (sampled_gnn, metric_val) = (['gin', 'gcn', 'global_max_pool', 6500], 0.8765432098765432)
INFO:nas.trainer:eval | (sampled_gnn, metric_val) = (['tag', 'sg', 'global_max_pool', 7500], 0.7901234567901234)
INFO:nas.trainer:eval | (sampled_gnn, metric_val) = (['gin', 'gcn', 'global_mean_pool', 3000], 0.8518518518518519)
INFO:nas.trainer:eval | (sampled_gnn, metric_val) = (['gcn', 'ssg', 'global_max_pool', 5500], 0.8395061728395061)
INFO:nas.trainer:eval | (sampled_gnn, metric_val) = (['gcn', 'gat', 'global_add_pool', 3500], 0.8395061728395061)
INFO:nas.trainer:eval | (sampled_gnn, metric_val) = (['gin', 'gin', 'global_mean_pool', 4000], 0.8641975308641975)
INFO:nas.trainer:eval | (sampled_gnn, metric_val) = (['gin', 'gcn', 'global_mean_pool', 8000], 0.7901234567901234)
INFO:nas.trainer:train | 8 era_time 4199.421714067459
INFO:nas.trainer:eval | (sampled_gnn, metric_val) = (['gcn', 'gin', 'global_add_pool', 8000], 0.7901234567901234)
INFO:nas.trainer:eval | (sampled_gnn, metric_val) = (['sage', 'gin', 'global_max_pool', 8000], 0.8641975308641975)
INFO:nas.trainer:eval | (sampled_gnn, metric_val) = (['sg', 'tag', 'global_add_pool', 7000], 0.7777777777777778)
INFO:nas.trainer:eval | (sampled_gnn, metric_val) = (['sage', 'gcn', 'global_add_pool', 8000], 0.8024691358024691)
INFO:nas.trainer:eval | (sampled_gnn, metric_val) = (['sg', 'tag', 'global_mean_pool', 3500], 0.7777777777777778)
INFO:nas.trainer:eval | (sampled_gnn, metric_val) = (['gcn', 'gcn', 'global_max_pool', 7500], 0.7901234567901234)
INFO:nas.trainer:eval | (sampled_gnn, metric_val) = (['gcn', 'gin', 'global_max_pool', 5000], 0.7901234567901234)
INFO:nas.trainer:eval | (sampled_gnn, metric_val) = (['gmm', 'sage', 'global_add_pool', 5000], 0.8024691358024691)
INFO:nas.trainer:eval | (sampled_gnn, metric_val) = (['gin', 'gmm', 'global_max_pool', 3000], 0.8641975308641975)
INFO:nas.trainer:eval | (sampled_gnn, metric_val) = (['gin', 'tag', 'global_max_pool', 8000], 0.8395061728395061)
INFO:nas.trainer:eval | (sampled_gnn, metric_val) = (['gin', 'gat', 'global_add_pool', 5000], 0.8271604938271605)
INFO:nas.trainer:eval | (sampled_gnn, metric_val) = (['gat', 'gin', 'global_max_pool', 7500], 0.8765432098765432)
INFO:nas.trainer:eval | (sampled_gnn, metric_val) = (['gin', 'gin', 'global_mean_pool', 7500], 0.8148148148148148)
INFO:nas.trainer:eval | (sampled_gnn, metric_val) = (['gin', 'gcn', 'global_add_pool', 4500], 0.8148148148148148)
INFO:nas.trainer:eval | (sampled_gnn, metric_val) = (['gin', 'tag', 'global_add_pool', 6500], 0.8024691358024691)
INFO:nas.trainer:eval | (sampled_gnn, metric_val) = (['gcn', 'sg', 'global_mean_pool', 8000], 0.8024691358024691)
INFO:nas.trainer:eval | (sampled_gnn, metric_val) = (['ssg', 'gat', 'global_mean_pool', 6000], 0.7654320987654321)
INFO:nas.trainer:eval | (sampled_gnn, metric_val) = (['gat', 'gat', 'global_add_pool', 4000], 0.8148148148148148)
INFO:nas.trainer:eval | (sampled_gnn, metric_val) = (['gat', 'gcn', 'global_mean_pool', 6000], 0.8271604938271605)
INFO:nas.trainer:eval | (sampled_gnn, metric_val) = (['tag', 'gat', 'global_max_pool', 4500], 0.8641975308641975)
INFO:nas.trainer:train | 9 era_time 4263.195365667343
INFO:nas.trainer:eval | (sampled_gnn, metric_val) = (['sage', 'sg', 'global_add_pool', 7500], 0.8395061728395061)
INFO:nas.trainer:eval | (sampled_gnn, metric_val) = (['sg', 'gcn', 'global_max_pool', 5500], 0.8148148148148148)
INFO:nas.trainer:eval | (sampled_gnn, metric_val) = (['gin', 'gmm', 'global_add_pool', 8000], 0.7901234567901234)
INFO:nas.trainer:eval | (sampled_gnn, metric_val) = (['ssg', 'ssg', 'global_max_pool', 5500], 0.8148148148148148)
INFO:nas.trainer:eval | (sampled_gnn, metric_val) = (['gcn', 'sg', 'global_max_pool', 5500], 0.8148148148148148)
INFO:nas.trainer:eval | (sampled_gnn, metric_val) = (['gcn', 'gin', 'global_add_pool', 3000], 0.8271604938271605)
INFO:nas.trainer:eval | (sampled_gnn, metric_val) = (['gat', 'gmm', 'global_mean_pool', 8000], 0.8395061728395061)
INFO:nas.trainer:eval | (sampled_gnn, metric_val) = (['gcn', 'gin', 'global_add_pool', 7500], 0.7530864197530864)
INFO:nas.trainer:eval | (sampled_gnn, metric_val) = (['gin', 'gmm', 'global_max_pool', 5000], 0.8395061728395061)
INFO:nas.trainer:eval | (sampled_gnn, metric_val) = (['gcn', 'gcn', 'global_mean_pool', 7500], 0.8024691358024691)
INFO:nas.trainer:eval | (sampled_gnn, metric_val) = (['gcn', 'ssg', 'global_mean_pool', 4500], 0.8271604938271605)
INFO:nas.trainer:eval | (sampled_gnn, metric_val) = (['gin', 'tag', 'global_max_pool', 6000], 0.8148148148148148)
INFO:nas.trainer:eval | (sampled_gnn, metric_val) = (['gin', 'sage', 'global_mean_pool', 8000], 0.7530864197530864)
INFO:nas.trainer:eval | (sampled_gnn, metric_val) = (['gcn', 'gmm', 'global_max_pool', 4000], 0.7901234567901234)
INFO:nas.trainer:eval | (sampled_gnn, metric_val) = (['gin', 'gin', 'global_max_pool', 7000], 0.8271604938271605)
INFO:nas.trainer:eval | (sampled_gnn, metric_val) = (['gmm', 'gcn', 'global_add_pool', 5000], 0.8024691358024691)
INFO:nas.trainer:eval | (sampled_gnn, metric_val) = (['gin', 'gin', 'global_max_pool', 4000], 0.8271604938271605)
INFO:nas.trainer:eval | (sampled_gnn, metric_val) = (['ssg', 'ssg', 'global_add_pool', 7000], 0.8024691358024691)
INFO:nas.trainer:eval | (sampled_gnn, metric_val) = (['gin', 'gin', 'global_add_pool', 4500], 0.8518518518518519)
INFO:nas.trainer:eval | (sampled_gnn, metric_val) = (['gat', 'gin', 'global_mean_pool', 6500], 0.8024691358024691)
INFO:nas.trainer:train | 10 era_time 3966.6910383701324
INFO:nas.trainer:eval | (sampled_gnn, metric_val) = (['gmm', 'gcn', 'global_max_pool', 6500], 0.8765432098765432)
INFO:nas.trainer:eval | (sampled_gnn, metric_val) = (['gcn', 'tag', 'global_mean_pool', 5500], 0.8024691358024691)
INFO:nas.trainer:eval | (sampled_gnn, metric_val) = (['gcn', 'sg', 'global_max_pool', 3000], 0.8024691358024691)
INFO:nas.trainer:eval | (sampled_gnn, metric_val) = (['gmm', 'tag', 'global_add_pool', 5000], 0.7777777777777778)
INFO:nas.trainer:eval | (sampled_gnn, metric_val) = (['gin', 'gin', 'global_max_pool', 7500], 0.8518518518518519)
INFO:nas.trainer:eval | (sampled_gnn, metric_val) = (['tag', 'tag', 'global_add_pool', 3000], 0.8641975308641975)
INFO:nas.trainer:eval | (sampled_gnn, metric_val) = (['gin', 'tag', 'global_add_pool', 5000], 0.7530864197530864)
INFO:nas.trainer:eval | (sampled_gnn, metric_val) = (['gmm', 'gin', 'global_mean_pool', 5500], 0.8641975308641975)
INFO:nas.trainer:eval | (sampled_gnn, metric_val) = (['gmm', 'gcn', 'global_add_pool', 8000], 0.8271604938271605)
INFO:nas.trainer:eval | (sampled_gnn, metric_val) = (['gin', 'gcn', 'global_add_pool', 4500], 0.8271604938271605)
INFO:nas.trainer:eval | (sampled_gnn, metric_val) = (['gat', 'tag', 'global_mean_pool', 7500], 0.8395061728395061)
INFO:nas.trainer:eval | (sampled_gnn, metric_val) = (['gcn', 'gat', 'global_mean_pool', 7500], 0.8148148148148148)
INFO:nas.trainer:eval | (sampled_gnn, metric_val) = (['gin', 'gcn', 'global_max_pool', 4500], 0.8148148148148148)
INFO:nas.trainer:eval | (sampled_gnn, metric_val) = (['gin', 'tag', 'global_mean_pool', 6000], 0.8024691358024691)
INFO:nas.trainer:eval | (sampled_gnn, metric_val) = (['gat', 'sage', 'global_add_pool', 6500], 0.8024691358024691)
INFO:nas.trainer:eval | (sampled_gnn, metric_val) = (['gin', 'gin', 'global_mean_pool', 7000], 0.8518518518518519)
INFO:nas.trainer:eval | (sampled_gnn, metric_val) = (['sg', 'gin', 'global_add_pool', 4500], 0.8148148148148148)
INFO:nas.trainer:eval | (sampled_gnn, metric_val) = (['gin', 'gcn', 'global_mean_pool', 7000], 0.8024691358024691)
INFO:nas.trainer:eval | (sampled_gnn, metric_val) = (['gin', 'gin', 'global_max_pool', 5000], 0.8271604938271605)
INFO:nas.trainer:eval | (sampled_gnn, metric_val) = (['gin', 'gcn', 'global_max_pool', 6500], 0.8271604938271605)
INFO:nas.trainer:train | 11 era_time 3925.141065597534
INFO:nas.trainer:eval | (sampled_gnn, metric_val) = (['gin', 'gin', 'global_max_pool', 6000], 0.8148148148148148)
INFO:nas.trainer:eval | (sampled_gnn, metric_val) = (['gin', 'gmm', 'global_mean_pool', 3000], 0.7530864197530864)
INFO:nas.trainer:eval | (sampled_gnn, metric_val) = (['gcn', 'sage', 'global_max_pool', 6000], 0.8765432098765432)
INFO:nas.trainer:eval | (sampled_gnn, metric_val) = (['gcn', 'gcn', 'global_add_pool', 6500], 0.7901234567901234)
INFO:nas.trainer:eval | (sampled_gnn, metric_val) = (['ssg', 'gin', 'global_max_pool', 6000], 0.8271604938271605)
INFO:nas.trainer:eval | (sampled_gnn, metric_val) = (['sage', 'sage', 'global_mean_pool', 4500], 0.7654320987654321)
INFO:nas.trainer:eval | (sampled_gnn, metric_val) = (['gin', 'gcn', 'global_max_pool', 3500], 0.8024691358024691)
INFO:nas.trainer:eval | (sampled_gnn, metric_val) = (['gcn', 'gin', 'global_max_pool', 4000], 0.8024691358024691)
INFO:nas.trainer:eval | (sampled_gnn, metric_val) = (['gin', 'gin', 'global_max_pool', 3000], 0.8024691358024691)
INFO:nas.trainer:eval | (sampled_gnn, metric_val) = (['gin', 'gmm', 'global_max_pool', 5000], 0.8395061728395061)
INFO:nas.trainer:eval | (sampled_gnn, metric_val) = (['ssg', 'gcn', 'global_max_pool', 6500], 0.7901234567901234)
INFO:nas.trainer:eval | (sampled_gnn, metric_val) = (['sage', 'gin', 'global_max_pool', 4000], 0.8271604938271605)
INFO:nas.trainer:eval | (sampled_gnn, metric_val) = (['sg', 'tag', 'global_max_pool', 5000], 0.7901234567901234)
INFO:nas.trainer:eval | (sampled_gnn, metric_val) = (['ssg', 'sg', 'global_add_pool', 6500], 0.8024691358024691)
INFO:nas.trainer:eval | (sampled_gnn, metric_val) = (['gat', 'gmm', 'global_max_pool', 7000], 0.8148148148148148)
INFO:nas.trainer:eval | (sampled_gnn, metric_val) = (['gcn', 'gin', 'global_max_pool', 3500], 0.9012345679012346)
INFO:nas.trainer:eval | (sampled_gnn, metric_val) = (['gat', 'ssg', 'global_max_pool', 6000], 0.8148148148148148)
INFO:nas.trainer:eval | (sampled_gnn, metric_val) = (['gin', 'gin', 'global_max_pool', 3000], 0.8271604938271605)
INFO:nas.trainer:eval | (sampled_gnn, metric_val) = (['gat', 'sage', 'global_max_pool', 4000], 0.8024691358024691)
INFO:nas.trainer:eval | (sampled_gnn, metric_val) = (['gcn', 'sg', 'global_max_pool', 3000], 0.7654320987654321)
INFO:nas.trainer:train | 12 era_time 3229.4651956558228
INFO:nas.trainer:eval | (sampled_gnn, metric_val) = (['ssg', 'gin', 'global_max_pool', 4000], 0.7777777777777778)
INFO:nas.trainer:eval | (sampled_gnn, metric_val) = (['sg', 'gin', 'global_mean_pool', 4000], 0.8641975308641975)
INFO:nas.trainer:eval | (sampled_gnn, metric_val) = (['gin', 'gin', 'global_max_pool', 3500], 0.7901234567901234)
INFO:nas.trainer:eval | (sampled_gnn, metric_val) = (['gin', 'gin', 'global_max_pool', 6000], 0.8765432098765432)
INFO:nas.trainer:eval | (sampled_gnn, metric_val) = (['gin', 'gin', 'global_add_pool', 3000], 0.8395061728395061)
INFO:nas.trainer:eval | (sampled_gnn, metric_val) = (['gin', 'gcn', 'global_max_pool', 3000], 0.8641975308641975)
INFO:nas.trainer:eval | (sampled_gnn, metric_val) = (['gin', 'gmm', 'global_max_pool', 5000], 0.8641975308641975)
INFO:nas.trainer:eval | (sampled_gnn, metric_val) = (['sage', 'gmm', 'global_max_pool', 6000], 0.8765432098765432)
INFO:nas.trainer:eval | (sampled_gnn, metric_val) = (['tag', 'gcn', 'global_max_pool', 6500], 0.7901234567901234)
INFO:nas.trainer:eval | (sampled_gnn, metric_val) = (['gin', 'gmm', 'global_add_pool', 4000], 0.8271604938271605)
INFO:nas.trainer:eval | (sampled_gnn, metric_val) = (['gin', 'gcn', 'global_max_pool', 4000], 0.8518518518518519)
INFO:nas.trainer:eval | (sampled_gnn, metric_val) = (['sg', 'sage', 'global_max_pool', 3500], 0.8641975308641975)
INFO:nas.trainer:eval | (sampled_gnn, metric_val) = (['gat', 'gcn', 'global_max_pool', 6500], 0.7777777777777778)
INFO:nas.trainer:eval | (sampled_gnn, metric_val) = (['gcn', 'sage', 'global_max_pool', 6000], 0.8148148148148148)
INFO:nas.trainer:eval | (sampled_gnn, metric_val) = (['sg', 'gin', 'global_max_pool', 6500], 0.7777777777777778)
INFO:nas.trainer:eval | (sampled_gnn, metric_val) = (['gat', 'gat', 'global_max_pool', 4000], 0.8271604938271605)
INFO:nas.trainer:eval | (sampled_gnn, metric_val) = (['ssg', 'gat', 'global_add_pool', 6500], 0.8518518518518519)
INFO:nas.trainer:eval | (sampled_gnn, metric_val) = (['gcn', 'gmm', 'global_max_pool', 4000], 0.8271604938271605)
INFO:nas.trainer:eval | (sampled_gnn, metric_val) = (['gat', 'gin', 'global_add_pool', 6500], 0.7530864197530864)
INFO:nas.trainer:eval | (sampled_gnn, metric_val) = (['gin', 'gin', 'global_max_pool', 6500], 0.8271604938271605)
INFO:nas.trainer:train | 13 era_time 3388.7798817157745
INFO:nas.trainer:eval | (sampled_gnn, metric_val) = (['sage', 'gcn', 'global_add_pool', 5500], 0.8518518518518519)
INFO:nas.trainer:eval | (sampled_gnn, metric_val) = (['gmm', 'gin', 'global_add_pool', 3000], 0.8395061728395061)
INFO:nas.trainer:eval | (sampled_gnn, metric_val) = (['ssg', 'ssg', 'global_max_pool', 7000], 0.8271604938271605)
INFO:nas.trainer:eval | (sampled_gnn, metric_val) = (['ssg', 'gcn', 'global_max_pool', 3000], 0.8395061728395061)
INFO:nas.trainer:eval | (sampled_gnn, metric_val) = (['ssg', 'gcn', 'global_add_pool', 7000], 0.8024691358024691)
INFO:nas.trainer:eval | (sampled_gnn, metric_val) = (['gin', 'gmm', 'global_max_pool', 6500], 0.8765432098765432)
INFO:nas.trainer:eval | (sampled_gnn, metric_val) = (['ssg', 'ssg', 'global_max_pool', 3500], 0.8641975308641975)
INFO:nas.trainer:eval | (sampled_gnn, metric_val) = (['tag', 'gat', 'global_add_pool', 3500], 0.8765432098765432)
INFO:nas.trainer:eval | (sampled_gnn, metric_val) = (['gcn', 'gat', 'global_max_pool', 3500], 0.8641975308641975)
INFO:nas.trainer:eval | (sampled_gnn, metric_val) = (['gcn', 'sage', 'global_max_pool', 6000], 0.8148148148148148)
INFO:nas.trainer:eval | (sampled_gnn, metric_val) = (['gin', 'ssg', 'global_max_pool', 6500], 0.8148148148148148)
INFO:nas.trainer:eval | (sampled_gnn, metric_val) = (['gcn', 'gmm', 'global_max_pool', 5500], 0.8024691358024691)
INFO:nas.trainer:eval | (sampled_gnn, metric_val) = (['gin', 'gin', 'global_add_pool', 3500], 0.8395061728395061)
INFO:nas.trainer:eval | (sampled_gnn, metric_val) = (['gin', 'sage', 'global_max_pool', 6500], 0.8518518518518519)
INFO:nas.trainer:eval | (sampled_gnn, metric_val) = (['gin', 'gat', 'global_add_pool', 6500], 0.7530864197530864)
INFO:nas.trainer:eval | (sampled_gnn, metric_val) = (['ssg', 'gin', 'global_add_pool', 5000], 0.8888888888888888)
INFO:nas.trainer:eval | (sampled_gnn, metric_val) = (['ssg', 'sage', 'global_max_pool', 6500], 0.8271604938271605)
INFO:nas.trainer:eval | (sampled_gnn, metric_val) = (['gin', 'ssg', 'global_max_pool', 8000], 0.8148148148148148)
INFO:nas.trainer:eval | (sampled_gnn, metric_val) = (['ssg', 'gin', 'global_max_pool', 5500], 0.8518518518518519)
INFO:nas.trainer:eval | (sampled_gnn, metric_val) = (['gin', 'sage', 'global_max_pool', 6500], 0.8148148148148148)
INFO:nas.trainer:train | 14 era_time 3599.375416994095
INFO:nas.trainer:eval | (sampled_gnn, metric_val) = (['sg', 'ssg', 'global_max_pool', 3500], 0.8888888888888888)
INFO:nas.trainer:eval | (sampled_gnn, metric_val) = (['gcn', 'gin', 'global_max_pool', 6500], 0.7901234567901234)
INFO:nas.trainer:eval | (sampled_gnn, metric_val) = (['sage', 'gcn', 'global_max_pool', 7000], 0.8641975308641975)
INFO:nas.trainer:eval | (sampled_gnn, metric_val) = (['ssg', 'gat', 'global_max_pool', 5000], 0.8518518518518519)
INFO:nas.trainer:eval | (sampled_gnn, metric_val) = (['sage', 'gcn', 'global_max_pool', 5500], 0.8395061728395061)
INFO:nas.trainer:eval | (sampled_gnn, metric_val) = (['tag', 'gcn', 'global_mean_pool', 3500], 0.8271604938271605)
INFO:nas.trainer:eval | (sampled_gnn, metric_val) = (['gcn', 'gcn', 'global_max_pool', 3500], 0.8024691358024691)
INFO:nas.trainer:eval | (sampled_gnn, metric_val) = (['gat', 'gin', 'global_max_pool', 3000], 0.8271604938271605)
INFO:nas.trainer:eval | (sampled_gnn, metric_val) = (['sage', 'gin', 'global_max_pool', 5000], 0.8641975308641975)
INFO:nas.trainer:eval | (sampled_gnn, metric_val) = (['gat', 'gat', 'global_max_pool', 5000], 0.8765432098765432)
INFO:nas.trainer:eval | (sampled_gnn, metric_val) = (['gin', 'sage', 'global_max_pool', 3000], 0.7654320987654321)
INFO:nas.trainer:eval | (sampled_gnn, metric_val) = (['sage', 'gat', 'global_add_pool', 4000], 0.8271604938271605)
INFO:nas.trainer:eval | (sampled_gnn, metric_val) = (['gin', 'gmm', 'global_max_pool', 3000], 0.8641975308641975)
INFO:nas.trainer:eval | (sampled_gnn, metric_val) = (['gcn', 'gin', 'global_max_pool', 4000], 0.8395061728395061)
INFO:nas.trainer:eval | (sampled_gnn, metric_val) = (['gin', 'gin', 'global_max_pool', 3500], 0.8641975308641975)
INFO:nas.trainer:eval | (sampled_gnn, metric_val) = (['gat', 'ssg', 'global_max_pool', 5500], 0.8395061728395061)
INFO:nas.trainer:eval | (sampled_gnn, metric_val) = (['tag', 'gmm', 'global_add_pool', 6000], 0.7654320987654321)
INFO:nas.trainer:eval | (sampled_gnn, metric_val) = (['gat', 'gin', 'global_max_pool', 6500], 0.8148148148148148)
INFO:nas.trainer:eval | (sampled_gnn, metric_val) = (['gin', 'gin', 'global_max_pool', 3000], 0.8641975308641975)
INFO:nas.trainer:eval | (sampled_gnn, metric_val) = (['gin', 'gin', 'global_max_pool', 6500], 0.7777777777777778)
INFO:nas.trainer:train | 15 era_time 3237.4526641368866
INFO:nas.trainer:eval | (sampled_gnn, metric_val) = (['ssg', 'sg', 'global_max_pool', 6500], 0.8271604938271605)
INFO:nas.trainer:eval | (sampled_gnn, metric_val) = (['ssg', 'gat', 'global_max_pool', 4000], 0.8641975308641975)
INFO:nas.trainer:eval | (sampled_gnn, metric_val) = (['ssg', 'gin', 'global_max_pool', 3500], 0.8518518518518519)
INFO:nas.trainer:eval | (sampled_gnn, metric_val) = (['gcn', 'sage', 'global_add_pool', 8000], 0.8271604938271605)
INFO:nas.trainer:eval | (sampled_gnn, metric_val) = (['sg', 'gmm', 'global_max_pool', 6500], 0.8518518518518519)
INFO:nas.trainer:eval | (sampled_gnn, metric_val) = (['sg', 'ssg', 'global_max_pool', 6000], 0.8395061728395061)
INFO:nas.trainer:eval | (sampled_gnn, metric_val) = (['gin', 'ssg', 'global_max_pool', 6000], 0.8518518518518519)
INFO:nas.trainer:eval | (sampled_gnn, metric_val) = (['gmm', 'sg', 'global_max_pool', 3000], 0.8765432098765432)
INFO:nas.trainer:eval | (sampled_gnn, metric_val) = (['gin', 'ssg', 'global_max_pool', 6000], 0.8641975308641975)
INFO:nas.trainer:eval | (sampled_gnn, metric_val) = (['gin', 'gin', 'global_max_pool', 3500], 0.8024691358024691)
INFO:nas.trainer:eval | (sampled_gnn, metric_val) = (['gmm', 'ssg', 'global_max_pool', 6500], 0.8518518518518519)
INFO:nas.trainer:eval | (sampled_gnn, metric_val) = (['gcn', 'gcn', 'global_max_pool', 4000], 0.8148148148148148)
INFO:nas.trainer:eval | (sampled_gnn, metric_val) = (['gin', 'gin', 'global_max_pool', 4000], 0.8888888888888888)
INFO:nas.trainer:eval | (sampled_gnn, metric_val) = (['gin', 'gat', 'global_max_pool', 6000], 0.8518518518518519)
INFO:nas.trainer:eval | (sampled_gnn, metric_val) = (['sage', 'gat', 'global_max_pool', 6500], 0.8148148148148148)
INFO:nas.trainer:eval | (sampled_gnn, metric_val) = (['gin', 'gin', 'global_max_pool', 3500], 0.8765432098765432)
INFO:nas.trainer:eval | (sampled_gnn, metric_val) = (['sage', 'gcn', 'global_max_pool', 6500], 0.8395061728395061)
INFO:nas.trainer:eval | (sampled_gnn, metric_val) = (['gcn', 'sg', 'global_max_pool', 3000], 0.7901234567901234)
INFO:nas.trainer:eval | (sampled_gnn, metric_val) = (['gin', 'sg', 'global_add_pool', 3500], 0.8765432098765432)
INFO:nas.trainer:eval | (sampled_gnn, metric_val) = (['gcn', 'gcn', 'global_max_pool', 5000], 0.8518518518518519)
INFO:nas.trainer:train | 16 era_time 3382.0978553295135
INFO:nas.trainer:eval | (sampled_gnn, metric_val) = (['sage', 'gat', 'global_max_pool', 3000], 0.8765432098765432)
INFO:nas.trainer:eval | (sampled_gnn, metric_val) = (['gin', 'ssg', 'global_max_pool', 3000], 0.8765432098765432)
INFO:nas.trainer:eval | (sampled_gnn, metric_val) = (['sg', 'gat', 'global_max_pool', 4000], 0.8641975308641975)
INFO:nas.trainer:eval | (sampled_gnn, metric_val) = (['gcn', 'gin', 'global_max_pool', 6500], 0.8024691358024691)
INFO:nas.trainer:eval | (sampled_gnn, metric_val) = (['sg', 'gmm', 'global_max_pool', 3000], 0.8395061728395061)
INFO:nas.trainer:eval | (sampled_gnn, metric_val) = (['gin', 'ssg', 'global_max_pool', 3500], 0.8888888888888888)
INFO:nas.trainer:eval | (sampled_gnn, metric_val) = (['gin', 'gin', 'global_max_pool', 6000], 0.8148148148148148)
INFO:nas.trainer:eval | (sampled_gnn, metric_val) = (['gin', 'gin', 'global_max_pool', 4000], 0.8765432098765432)
INFO:nas.trainer:eval | (sampled_gnn, metric_val) = (['ssg', 'gin', 'global_max_pool', 6500], 0.7777777777777778)
INFO:nas.trainer:eval | (sampled_gnn, metric_val) = (['gin', 'sg', 'global_max_pool', 3000], 0.8395061728395061)
INFO:nas.trainer:eval | (sampled_gnn, metric_val) = (['ssg', 'sage', 'global_max_pool', 4000], 0.7654320987654321)
INFO:nas.trainer:eval | (sampled_gnn, metric_val) = (['gcn', 'sg', 'global_max_pool', 6000], 0.8271604938271605)
INFO:nas.trainer:eval | (sampled_gnn, metric_val) = (['ssg', 'gin', 'global_max_pool', 3000], 0.8395061728395061)
INFO:nas.trainer:eval | (sampled_gnn, metric_val) = (['gcn', 'ssg', 'global_max_pool', 5000], 0.8518518518518519)
INFO:nas.trainer:eval | (sampled_gnn, metric_val) = (['gin', 'sg', 'global_max_pool', 6000], 0.8518518518518519)
INFO:nas.trainer:eval | (sampled_gnn, metric_val) = (['tag', 'gin', 'global_max_pool', 5000], 0.8888888888888888)
INFO:nas.trainer:eval | (sampled_gnn, metric_val) = (['gcn', 'sg', 'global_max_pool', 3500], 0.8395061728395061)
INFO:nas.trainer:eval | (sampled_gnn, metric_val) = (['gcn', 'sg', 'global_max_pool', 4000], 0.8518518518518519)
INFO:nas.trainer:eval | (sampled_gnn, metric_val) = (['ssg', 'ssg', 'global_add_pool', 3500], 0.8148148148148148)
INFO:nas.trainer:eval | (sampled_gnn, metric_val) = (['gin', 'gcn', 'global_max_pool', 3000], 0.8271604938271605)
INFO:nas.trainer:train | 17 era_time 2767.015149831772
INFO:nas.trainer:eval | (sampled_gnn, metric_val) = (['sage', 'gcn', 'global_max_pool', 5500], 0.8518518518518519)
INFO:nas.trainer:eval | (sampled_gnn, metric_val) = (['gcn', 'gin', 'global_max_pool', 4000], 0.8395061728395061)
INFO:nas.trainer:eval | (sampled_gnn, metric_val) = (['gin', 'gmm', 'global_max_pool', 7000], 0.8888888888888888)
INFO:nas.trainer:eval | (sampled_gnn, metric_val) = (['gcn', 'gin', 'global_max_pool', 3000], 0.8765432098765432)
INFO:nas.trainer:eval | (sampled_gnn, metric_val) = (['tag', 'sage', 'global_max_pool', 5000], 0.8395061728395061)
INFO:nas.trainer:eval | (sampled_gnn, metric_val) = (['gmm', 'gcn', 'global_max_pool', 4000], 0.8271604938271605)
INFO:nas.trainer:eval | (sampled_gnn, metric_val) = (['sage', 'gin', 'global_max_pool', 5000], 0.8765432098765432)
INFO:nas.trainer:eval | (sampled_gnn, metric_val) = (['gin', 'gin', 'global_max_pool', 5000], 0.8148148148148148)
INFO:nas.trainer:eval | (sampled_gnn, metric_val) = (['gin', 'sg', 'global_max_pool', 5500], 0.8271604938271605)
INFO:nas.trainer:eval | (sampled_gnn, metric_val) = (['gcn', 'sg', 'global_add_pool', 4000], 0.8148148148148148)
INFO:nas.trainer:eval | (sampled_gnn, metric_val) = (['gmm', 'gin', 'global_max_pool', 3500], 0.7530864197530864)
INFO:nas.trainer:eval | (sampled_gnn, metric_val) = (['gcn', 'gcn', 'global_max_pool', 4500], 0.8271604938271605)
INFO:nas.trainer:eval | (sampled_gnn, metric_val) = (['sg', 'ssg', 'global_max_pool', 7000], 0.8765432098765432)
INFO:nas.trainer:eval | (sampled_gnn, metric_val) = (['gcn', 'gin', 'global_max_pool', 5500], 0.8024691358024691)
INFO:nas.trainer:eval | (sampled_gnn, metric_val) = (['gmm', 'gin', 'global_max_pool', 3500], 0.8641975308641975)
INFO:nas.trainer:eval | (sampled_gnn, metric_val) = (['sg', 'gin', 'global_max_pool', 5500], 0.8518518518518519)
INFO:nas.trainer:eval | (sampled_gnn, metric_val) = (['gcn', 'gin', 'global_max_pool', 7000], 0.8148148148148148)
INFO:nas.trainer:eval | (sampled_gnn, metric_val) = (['gin', 'ssg', 'global_max_pool', 3500], 0.8395061728395061)
INFO:nas.trainer:eval | (sampled_gnn, metric_val) = (['gin', 'gin', 'global_max_pool', 5000], 0.8024691358024691)
INFO:nas.trainer:eval | (sampled_gnn, metric_val) = (['gcn', 'sage', 'global_max_pool', 3000], 0.7407407407407407)
INFO:nas.trainer:train | 18 era_time 3077.9533309936523
INFO:nas.trainer:eval | (sampled_gnn, metric_val) = (['gcn', 'gin', 'global_max_pool', 3000], 0.8888888888888888)
INFO:nas.trainer:eval | (sampled_gnn, metric_val) = (['sg', 'ssg', 'global_max_pool', 3500], 0.7777777777777778)
INFO:nas.trainer:eval | (sampled_gnn, metric_val) = (['gat', 'gcn', 'global_max_pool', 4000], 0.8518518518518519)
INFO:nas.trainer:eval | (sampled_gnn, metric_val) = (['ssg', 'ssg', 'global_mean_pool', 7000], 0.8271604938271605)
INFO:nas.trainer:eval | (sampled_gnn, metric_val) = (['gcn', 'sg', 'global_max_pool', 4000], 0.8271604938271605)
INFO:nas.trainer:eval | (sampled_gnn, metric_val) = (['ssg', 'gcn', 'global_max_pool', 3500], 0.8271604938271605)
INFO:nas.trainer:eval | (sampled_gnn, metric_val) = (['gin', 'gmm', 'global_max_pool', 3000], 0.8395061728395061)
INFO:nas.trainer:eval | (sampled_gnn, metric_val) = (['gin', 'gin', 'global_max_pool', 5000], 0.8148148148148148)
INFO:nas.trainer:eval | (sampled_gnn, metric_val) = (['ssg', 'gcn', 'global_max_pool', 3500], 0.8641975308641975)
INFO:nas.trainer:eval | (sampled_gnn, metric_val) = (['ssg', 'tag', 'global_max_pool', 6500], 0.8395061728395061)
INFO:nas.trainer:eval | (sampled_gnn, metric_val) = (['gcn', 'gat', 'global_max_pool', 5000], 0.8518518518518519)
INFO:nas.trainer:eval | (sampled_gnn, metric_val) = (['gin', 'gin', 'global_max_pool', 4000], 0.8148148148148148)
INFO:nas.trainer:eval | (sampled_gnn, metric_val) = (['sg', 'gcn', 'global_max_pool', 5500], 0.8395061728395061)
INFO:nas.trainer:eval | (sampled_gnn, metric_val) = (['sg', 'ssg', 'global_max_pool', 3000], 0.7654320987654321)
INFO:nas.trainer:eval | (sampled_gnn, metric_val) = (['sg', 'gcn', 'global_max_pool', 5500], 0.7901234567901234)
INFO:nas.trainer:eval | (sampled_gnn, metric_val) = (['ssg', 'tag', 'global_max_pool', 4000], 0.8024691358024691)
INFO:nas.trainer:eval | (sampled_gnn, metric_val) = (['gin', 'gin', 'global_max_pool', 3000], 0.8395061728395061)
INFO:nas.trainer:eval | (sampled_gnn, metric_val) = (['tag', 'gat', 'global_max_pool', 3500], 0.8271604938271605)
INFO:nas.trainer:eval | (sampled_gnn, metric_val) = (['gin', 'ssg', 'global_max_pool', 4000], 0.8395061728395061)
INFO:nas.trainer:eval | (sampled_gnn, metric_val) = (['sg', 'ssg', 'global_max_pool', 5500], 0.7530864197530864)
INFO:nas.trainer:train | 19 era_time 2885.714098215103
INFO:nas.trainer:eval | (sampled_gnn, metric_val) = (['sg', 'sg', 'global_max_pool', 7000], 0.8271604938271605)
INFO:nas.trainer:eval | (sampled_gnn, metric_val) = (['gmm', 'gin', 'global_max_pool', 3500], 0.8765432098765432)
INFO:nas.trainer:eval | (sampled_gnn, metric_val) = (['gcn', 'sage', 'global_max_pool', 5000], 0.8641975308641975)
INFO:nas.trainer:eval | (sampled_gnn, metric_val) = (['gcn', 'gin', 'global_add_pool', 5500], 0.8148148148148148)
INFO:nas.trainer:eval | (sampled_gnn, metric_val) = (['gat', 'ssg', 'global_max_pool', 6000], 0.8148148148148148)
INFO:nas.trainer:eval | (sampled_gnn, metric_val) = (['gin', 'sg', 'global_max_pool', 4000], 0.8271604938271605)
INFO:nas.trainer:eval | (sampled_gnn, metric_val) = (['sg', 'sg', 'global_max_pool', 5000], 0.8518518518518519)
INFO:nas.trainer:eval | (sampled_gnn, metric_val) = (['gin', 'gcn', 'global_max_pool', 3500], 0.8641975308641975)
INFO:nas.trainer:eval | (sampled_gnn, metric_val) = (['gin', 'sage', 'global_max_pool', 3500], 0.7901234567901234)
INFO:nas.trainer:eval | (sampled_gnn, metric_val) = (['tag', 'ssg', 'global_max_pool', 3500], 0.8641975308641975)
INFO:nas.trainer:eval | (sampled_gnn, metric_val) = (['gat', 'gin', 'global_max_pool', 5000], 0.8641975308641975)
INFO:nas.trainer:eval | (sampled_gnn, metric_val) = (['gcn', 'sg', 'global_max_pool', 3000], 0.8518518518518519)
INFO:nas.trainer:eval | (sampled_gnn, metric_val) = (['gin', 'ssg', 'global_max_pool', 6000], 0.8765432098765432)
INFO:nas.trainer:eval | (sampled_gnn, metric_val) = (['gin', 'sg', 'global_max_pool', 4000], 0.8024691358024691)
INFO:nas.trainer:eval | (sampled_gnn, metric_val) = (['gcn', 'ssg', 'global_max_pool', 3000], 0.8641975308641975)
INFO:nas.trainer:eval | (sampled_gnn, metric_val) = (['gat', 'gin', 'global_max_pool', 4000], 0.8765432098765432)
INFO:nas.trainer:eval | (sampled_gnn, metric_val) = (['gin', 'sg', 'global_max_pool', 3500], 0.8395061728395061)
INFO:nas.trainer:eval | (sampled_gnn, metric_val) = (['ssg', 'gcn', 'global_max_pool', 7000], 0.7901234567901234)
INFO:nas.trainer:eval | (sampled_gnn, metric_val) = (['gin', 'ssg', 'global_max_pool', 5500], 0.8148148148148148)
INFO:nas.trainer:eval | (sampled_gnn, metric_val) = (['gin', 'sg', 'global_max_pool', 5500], 0.8271604938271605)
INFO:nas.trainer:train | 20 era_time 3133.273318529129
INFO:nas.trainer:eval | (sampled_gnn, metric_val) = (['sg', 'ssg', 'global_max_pool', 5500], 0.8395061728395061)
INFO:nas.trainer:eval | (sampled_gnn, metric_val) = (['gcn', 'gin', 'global_max_pool', 5000], 0.7901234567901234)
INFO:nas.trainer:eval | (sampled_gnn, metric_val) = (['gcn', 'gin', 'global_max_pool', 5000], 0.8271604938271605)
INFO:nas.trainer:eval | (sampled_gnn, metric_val) = (['ssg', 'sg', 'global_max_pool', 6500], 0.7901234567901234)
INFO:nas.trainer:eval | (sampled_gnn, metric_val) = (['ssg', 'sg', 'global_max_pool', 5000], 0.8148148148148148)
INFO:nas.trainer:eval | (sampled_gnn, metric_val) = (['gin', 'sg', 'global_max_pool', 3500], 0.8148148148148148)
INFO:nas.trainer:eval | (sampled_gnn, metric_val) = (['gin', 'ssg', 'global_max_pool', 3000], 0.8395061728395061)
INFO:nas.trainer:eval | (sampled_gnn, metric_val) = (['ssg', 'gmm', 'global_max_pool', 3000], 0.8271604938271605)
INFO:nas.trainer:eval | (sampled_gnn, metric_val) = (['tag', 'ssg', 'global_max_pool', 5000], 0.7777777777777778)
INFO:nas.trainer:eval | (sampled_gnn, metric_val) = (['gcn', 'gin', 'global_max_pool', 6000], 0.8024691358024691)
INFO:nas.trainer:eval | (sampled_gnn, metric_val) = (['gat', 'gmm', 'global_max_pool', 3000], 0.8024691358024691)
INFO:nas.trainer:eval | (sampled_gnn, metric_val) = (['tag', 'gin', 'global_max_pool', 5000], 0.8395061728395061)
INFO:nas.trainer:eval | (sampled_gnn, metric_val) = (['tag', 'ssg', 'global_max_pool', 5000], 0.8765432098765432)
INFO:nas.trainer:eval | (sampled_gnn, metric_val) = (['gat', 'gin', 'global_max_pool', 7000], 0.8271604938271605)
INFO:nas.trainer:eval | (sampled_gnn, metric_val) = (['ssg', 'gcn', 'global_max_pool', 6000], 0.7654320987654321)
INFO:nas.trainer:eval | (sampled_gnn, metric_val) = (['sage', 'gin', 'global_max_pool', 6000], 0.8148148148148148)
INFO:nas.trainer:eval | (sampled_gnn, metric_val) = (['ssg', 'gcn', 'global_max_pool', 4000], 0.8641975308641975)
INFO:nas.trainer:eval | (sampled_gnn, metric_val) = (['gin', 'gmm', 'global_max_pool', 5500], 0.8271604938271605)
INFO:nas.trainer:eval | (sampled_gnn, metric_val) = (['ssg', 'ssg', 'global_mean_pool', 3000], 0.8518518518518519)
INFO:nas.trainer:eval | (sampled_gnn, metric_val) = (['ssg', 'gcn', 'global_max_pool', 6000], 0.7777777777777778)
INFO:nas.trainer:train | 21 era_time 3266.209606409073
INFO:nas.trainer:eval | (sampled_gnn, metric_val) = (['gat', 'ssg', 'global_max_pool', 3000], 0.8271604938271605)
INFO:nas.trainer:eval | (sampled_gnn, metric_val) = (['sg', 'ssg', 'global_max_pool', 3000], 0.8271604938271605)
INFO:nas.trainer:eval | (sampled_gnn, metric_val) = (['gcn', 'tag', 'global_max_pool', 5000], 0.8024691358024691)
INFO:nas.trainer:eval | (sampled_gnn, metric_val) = (['gin', 'ssg', 'global_mean_pool', 5500], 0.8271604938271605)
INFO:nas.trainer:eval | (sampled_gnn, metric_val) = (['gin', 'ssg', 'global_max_pool', 4000], 0.8395061728395061)
INFO:nas.trainer:eval | (sampled_gnn, metric_val) = (['sg', 'sg', 'global_max_pool', 5500], 0.8271604938271605)
INFO:nas.trainer:eval | (sampled_gnn, metric_val) = (['gcn', 'gin', 'global_max_pool', 6000], 0.8024691358024691)
INFO:nas.trainer:eval | (sampled_gnn, metric_val) = (['sage', 'ssg', 'global_max_pool', 3000], 0.8641975308641975)
INFO:nas.trainer:eval | (sampled_gnn, metric_val) = (['sg', 'ssg', 'global_max_pool', 5000], 0.7901234567901234)
INFO:nas.trainer:eval | (sampled_gnn, metric_val) = (['tag', 'ssg', 'global_max_pool', 3000], 0.7901234567901234)
INFO:nas.trainer:eval | (sampled_gnn, metric_val) = (['gcn', 'ssg', 'global_max_pool', 4000], 0.8148148148148148)
INFO:nas.trainer:eval | (sampled_gnn, metric_val) = (['gin', 'gin', 'global_max_pool', 5500], 0.8641975308641975)
INFO:nas.trainer:eval | (sampled_gnn, metric_val) = (['gin', 'gin', 'global_max_pool', 5000], 0.8271604938271605)
INFO:nas.trainer:eval | (sampled_gnn, metric_val) = (['gcn', 'gin', 'global_max_pool', 3000], 0.8765432098765432)
INFO:nas.trainer:eval | (sampled_gnn, metric_val) = (['gin', 'gin', 'global_max_pool', 5500], 0.8518518518518519)
INFO:nas.trainer:eval | (sampled_gnn, metric_val) = (['gmm', 'gat', 'global_max_pool', 3000], 0.7901234567901234)
INFO:nas.trainer:eval | (sampled_gnn, metric_val) = (['gat', 'tag', 'global_max_pool', 5500], 0.8271604938271605)
INFO:nas.trainer:eval | (sampled_gnn, metric_val) = (['gcn', 'ssg', 'global_mean_pool', 3500], 0.8148148148148148)
INFO:nas.trainer:eval | (sampled_gnn, metric_val) = (['gcn', 'gin', 'global_max_pool', 3000], 0.8271604938271605)
INFO:nas.trainer:eval | (sampled_gnn, metric_val) = (['gat', 'gcn', 'global_max_pool', 4000], 0.8518518518518519)
INFO:nas.trainer:train | 22 era_time 2949.0881991386414
INFO:nas.trainer:eval | (sampled_gnn, metric_val) = (['sage', 'gat', 'global_max_pool', 3000], 0.8888888888888888)
INFO:nas.trainer:eval | (sampled_gnn, metric_val) = (['gcn', 'gcn', 'global_max_pool', 4000], 0.8271604938271605)
INFO:nas.trainer:eval | (sampled_gnn, metric_val) = (['ssg', 'ssg', 'global_mean_pool', 5000], 0.7901234567901234)
INFO:nas.trainer:eval | (sampled_gnn, metric_val) = (['sage', 'gat', 'global_max_pool', 4000], 0.8518518518518519)
INFO:nas.trainer:eval | (sampled_gnn, metric_val) = (['gcn', 'gcn', 'global_mean_pool', 5500], 0.8024691358024691)
INFO:nas.trainer:eval | (sampled_gnn, metric_val) = (['gin', 'ssg', 'global_max_pool', 4000], 0.8024691358024691)
INFO:nas.trainer:eval | (sampled_gnn, metric_val) = (['gin', 'gcn', 'global_max_pool', 7000], 0.8518518518518519)
INFO:nas.trainer:eval | (sampled_gnn, metric_val) = (['ssg', 'gcn', 'global_max_pool', 3000], 0.8641975308641975)
INFO:nas.trainer:eval | (sampled_gnn, metric_val) = (['gcn', 'gin', 'global_max_pool', 4000], 0.8395061728395061)
INFO:nas.trainer:eval | (sampled_gnn, metric_val) = (['ssg', 'gin', 'global_mean_pool', 7000], 0.8024691358024691)
INFO:nas.trainer:eval | (sampled_gnn, metric_val) = (['gin', 'gin', 'global_max_pool', 4000], 0.8765432098765432)
INFO:nas.trainer:eval | (sampled_gnn, metric_val) = (['gin', 'gin', 'global_max_pool', 4000], 0.8271604938271605)
INFO:nas.trainer:eval | (sampled_gnn, metric_val) = (['gin', 'gin', 'global_max_pool', 4000], 0.8395061728395061)
INFO:nas.trainer:eval | (sampled_gnn, metric_val) = (['gcn', 'gin', 'global_max_pool', 5500], 0.8395061728395061)
INFO:nas.trainer:eval | (sampled_gnn, metric_val) = (['sage', 'gat', 'global_max_pool', 4000], 0.8271604938271605)
INFO:nas.trainer:eval | (sampled_gnn, metric_val) = (['gat', 'gcn', 'global_max_pool', 6000], 0.8395061728395061)
INFO:nas.trainer:eval | (sampled_gnn, metric_val) = (['sage', 'ssg', 'global_mean_pool', 4000], 0.8641975308641975)
INFO:nas.trainer:eval | (sampled_gnn, metric_val) = (['gcn', 'ssg', 'global_max_pool', 5000], 0.8888888888888888)
INFO:nas.trainer:eval | (sampled_gnn, metric_val) = (['sg', 'gin', 'global_max_pool', 5000], 0.8641975308641975)
INFO:nas.trainer:eval | (sampled_gnn, metric_val) = (['sg', 'ssg', 'global_max_pool', 5500], 0.8518518518518519)
INFO:nas.trainer:train | 23 era_time 3122.7695133686066
INFO:nas.trainer:eval | (sampled_gnn, metric_val) = (['gcn', 'gat', 'global_max_pool', 4000], 0.8271604938271605)
INFO:nas.trainer:eval | (sampled_gnn, metric_val) = (['gat', 'gat', 'global_max_pool', 4000], 0.8641975308641975)
INFO:nas.trainer:eval | (sampled_gnn, metric_val) = (['ssg', 'gcn', 'global_mean_pool', 3000], 0.7654320987654321)
INFO:nas.trainer:eval | (sampled_gnn, metric_val) = (['gin', 'gcn', 'global_max_pool', 4000], 0.8641975308641975)
INFO:nas.trainer:eval | (sampled_gnn, metric_val) = (['tag', 'gat', 'global_max_pool', 7000], 0.8024691358024691)
INFO:nas.trainer:eval | (sampled_gnn, metric_val) = (['gat', 'gcn', 'global_max_pool', 5000], 0.8148148148148148)
INFO:nas.trainer:eval | (sampled_gnn, metric_val) = (['gin', 'gcn', 'global_max_pool', 3500], 0.8271604938271605)
INFO:nas.trainer:eval | (sampled_gnn, metric_val) = (['gmm', 'gcn', 'global_max_pool', 5500], 0.8765432098765432)
INFO:nas.trainer:eval | (sampled_gnn, metric_val) = (['tag', 'ssg', 'global_max_pool', 5000], 0.8271604938271605)
INFO:nas.trainer:eval | (sampled_gnn, metric_val) = (['gin', 'gin', 'global_max_pool', 5500], 0.8024691358024691)
INFO:nas.trainer:eval | (sampled_gnn, metric_val) = (['gin', 'gin', 'global_max_pool', 4000], 0.8395061728395061)
INFO:nas.trainer:eval | (sampled_gnn, metric_val) = (['gin', 'gcn', 'global_max_pool', 3500], 0.8271604938271605)
INFO:nas.trainer:eval | (sampled_gnn, metric_val) = (['sg', 'ssg', 'global_max_pool', 4000], 0.7654320987654321)
INFO:nas.trainer:eval | (sampled_gnn, metric_val) = (['sg', 'gin', 'global_max_pool', 3000], 0.8395061728395061)
INFO:nas.trainer:eval | (sampled_gnn, metric_val) = (['gin', 'ssg', 'global_max_pool', 5000], 0.9135802469135802)
INFO:nas.trainer:eval | (sampled_gnn, metric_val) = (['gcn', 'ssg', 'global_max_pool', 4000], 0.8641975308641975)
INFO:nas.trainer:eval | (sampled_gnn, metric_val) = (['sg', 'ssg', 'global_max_pool', 5000], 0.8271604938271605)
INFO:nas.trainer:eval | (sampled_gnn, metric_val) = (['ssg', 'gin', 'global_max_pool', 4000], 0.7901234567901234)
INFO:nas.trainer:eval | (sampled_gnn, metric_val) = (['gin', 'gcn', 'global_max_pool', 3000], 0.8765432098765432)
INFO:nas.trainer:eval | (sampled_gnn, metric_val) = (['gin', 'ssg', 'global_max_pool', 5500], 0.8148148148148148)
INFO:nas.trainer:train | 24 era_time 3042.405727148056
INFO:nas.trainer:eval | (sampled_gnn, metric_val) = (['ssg', 'gcn', 'global_mean_pool', 4000], 0.7407407407407407)
INFO:nas.trainer:eval | (sampled_gnn, metric_val) = (['tag', 'gin', 'global_max_pool', 5500], 0.8148148148148148)
INFO:nas.trainer:eval | (sampled_gnn, metric_val) = (['ssg', 'gcn', 'global_add_pool', 5500], 0.8271604938271605)
INFO:nas.trainer:eval | (sampled_gnn, metric_val) = (['gmm', 'gin', 'global_max_pool', 5500], 0.7901234567901234)
INFO:nas.trainer:eval | (sampled_gnn, metric_val) = (['gin', 'gmm', 'global_max_pool', 5500], 0.8271604938271605)
INFO:nas.trainer:eval | (sampled_gnn, metric_val) = (['gin', 'ssg', 'global_max_pool', 5500], 0.8765432098765432)
INFO:nas.trainer:eval | (sampled_gnn, metric_val) = (['gcn', 'gcn', 'global_max_pool', 5000], 0.7901234567901234)
INFO:nas.trainer:eval | (sampled_gnn, metric_val) = (['gin', 'ssg', 'global_max_pool', 3000], 0.8024691358024691)
INFO:nas.trainer:eval | (sampled_gnn, metric_val) = (['gin', 'gin', 'global_max_pool', 5000], 0.8024691358024691)
INFO:nas.trainer:eval | (sampled_gnn, metric_val) = (['tag', 'ssg', 'global_max_pool', 5000], 0.8641975308641975)
INFO:nas.trainer:eval | (sampled_gnn, metric_val) = (['gin', 'gin', 'global_max_pool', 5000], 0.8641975308641975)
INFO:nas.trainer:eval | (sampled_gnn, metric_val) = (['gin', 'gmm', 'global_max_pool', 3500], 0.8395061728395061)
INFO:nas.trainer:eval | (sampled_gnn, metric_val) = (['gcn', 'ssg', 'global_max_pool', 4000], 0.8271604938271605)
INFO:nas.trainer:eval | (sampled_gnn, metric_val) = (['gin', 'ssg', 'global_max_pool', 3500], 0.8518518518518519)
INFO:nas.trainer:eval | (sampled_gnn, metric_val) = (['gin', 'gcn', 'global_max_pool', 5500], 0.8148148148148148)
INFO:nas.trainer:eval | (sampled_gnn, metric_val) = (['gcn', 'ssg', 'global_max_pool', 5500], 0.7654320987654321)
INFO:nas.trainer:eval | (sampled_gnn, metric_val) = (['gcn', 'gin', 'global_max_pool', 3000], 0.8765432098765432)
INFO:nas.trainer:eval | (sampled_gnn, metric_val) = (['gat', 'gin', 'global_max_pool', 5500], 0.8271604938271605)
INFO:nas.trainer:eval | (sampled_gnn, metric_val) = (['sg', 'ssg', 'global_max_pool', 3500], 0.8271604938271605)
INFO:nas.trainer:eval | (sampled_gnn, metric_val) = (['gcn', 'gcn', 'global_add_pool', 5000], 0.8024691358024691)
INFO:nas.trainer:train | 25 era_time 3070.7208020687103
INFO:nas.trainer:eval | (sampled_gnn, metric_val) = (['gmm', 'gcn', 'global_max_pool', 3000], 0.8395061728395061)
INFO:nas.trainer:eval | (sampled_gnn, metric_val) = (['gat', 'gcn', 'global_max_pool', 4000], 0.8395061728395061)
INFO:nas.trainer:eval | (sampled_gnn, metric_val) = (['gcn', 'gmm', 'global_max_pool', 3000], 0.8888888888888888)
INFO:nas.trainer:eval | (sampled_gnn, metric_val) = (['gin', 'gcn', 'global_max_pool', 4000], 0.8765432098765432)
INFO:nas.trainer:eval | (sampled_gnn, metric_val) = (['gin', 'ssg', 'global_max_pool', 5500], 0.8641975308641975)
INFO:nas.trainer:eval | (sampled_gnn, metric_val) = (['ssg', 'tag', 'global_add_pool', 6500], 0.8395061728395061)
INFO:nas.trainer:eval | (sampled_gnn, metric_val) = (['gcn', 'gat', 'global_max_pool', 4000], 0.8395061728395061)
INFO:nas.trainer:eval | (sampled_gnn, metric_val) = (['ssg', 'tag', 'global_max_pool', 6500], 0.8271604938271605)
INFO:nas.trainer:eval | (sampled_gnn, metric_val) = (['gin', 'gat', 'global_max_pool', 4000], 0.8518518518518519)
INFO:nas.trainer:eval | (sampled_gnn, metric_val) = (['ssg', 'tag', 'global_max_pool', 5500], 0.8395061728395061)
INFO:nas.trainer:eval | (sampled_gnn, metric_val) = (['gin', 'gin', 'global_max_pool', 4000], 0.7654320987654321)
INFO:nas.trainer:eval | (sampled_gnn, metric_val) = (['gin', 'ssg', 'global_max_pool', 5000], 0.8641975308641975)
INFO:nas.trainer:eval | (sampled_gnn, metric_val) = (['gcn', 'sg', 'global_max_pool', 5000], 0.8395061728395061)
INFO:nas.trainer:eval | (sampled_gnn, metric_val) = (['gin', 'ssg', 'global_max_pool', 4500], 0.8765432098765432)
INFO:nas.trainer:eval | (sampled_gnn, metric_val) = (['gin', 'ssg', 'global_add_pool', 4000], 0.8148148148148148)
INFO:nas.trainer:eval | (sampled_gnn, metric_val) = (['ssg', 'gin', 'global_max_pool', 5000], 0.7901234567901234)
INFO:nas.trainer:eval | (sampled_gnn, metric_val) = (['gin', 'gcn', 'global_max_pool', 3000], 0.8395061728395061)
INFO:nas.trainer:eval | (sampled_gnn, metric_val) = (['tag', 'gin', 'global_max_pool', 5000], 0.8641975308641975)
INFO:nas.trainer:eval | (sampled_gnn, metric_val) = (['gin', 'ssg', 'global_max_pool', 4000], 0.8148148148148148)
INFO:nas.trainer:eval | (sampled_gnn, metric_val) = (['gcn', 'gin', 'global_max_pool', 5500], 0.8518518518518519)
INFO:nas.trainer:train | 26 era_time 3203.4973537921906
INFO:nas.trainer:eval | (sampled_gnn, metric_val) = (['gat', 'ssg', 'global_max_pool', 5500], 0.8271604938271605)
INFO:nas.trainer:eval | (sampled_gnn, metric_val) = (['gin', 'ssg', 'global_max_pool', 5500], 0.8395061728395061)
INFO:nas.trainer:eval | (sampled_gnn, metric_val) = (['gin', 'ssg', 'global_max_pool', 3000], 0.8765432098765432)
INFO:nas.trainer:eval | (sampled_gnn, metric_val) = (['gcn', 'ssg', 'global_max_pool', 3000], 0.8888888888888888)
INFO:nas.trainer:eval | (sampled_gnn, metric_val) = (['gin', 'gin', 'global_max_pool', 5500], 0.8024691358024691)
INFO:nas.trainer:eval | (sampled_gnn, metric_val) = (['ssg', 'gcn', 'global_max_pool', 3000], 0.8395061728395061)
INFO:nas.trainer:eval | (sampled_gnn, metric_val) = (['gcn', 'ssg', 'global_max_pool', 4000], 0.7777777777777778)
INFO:nas.trainer:eval | (sampled_gnn, metric_val) = (['gat', 'gin', 'global_max_pool', 5500], 0.7777777777777778)
INFO:nas.trainer:eval | (sampled_gnn, metric_val) = (['gat', 'gat', 'global_max_pool', 3500], 0.8395061728395061)
INFO:nas.trainer:eval | (sampled_gnn, metric_val) = (['gat', 'sg', 'global_max_pool', 4000], 0.8395061728395061)
INFO:nas.trainer:eval | (sampled_gnn, metric_val) = (['gin', 'gin', 'global_max_pool', 5500], 0.8765432098765432)
INFO:nas.trainer:eval | (sampled_gnn, metric_val) = (['gin', 'gin', 'global_max_pool', 5500], 0.8024691358024691)
INFO:nas.trainer:eval | (sampled_gnn, metric_val) = (['gcn', 'gat', 'global_max_pool', 5500], 0.8271604938271605)
INFO:nas.trainer:eval | (sampled_gnn, metric_val) = (['gmm', 'gmm', 'global_max_pool', 3000], 0.8518518518518519)
INFO:nas.trainer:eval | (sampled_gnn, metric_val) = (['sg', 'ssg', 'global_max_pool', 3500], 0.8641975308641975)
INFO:nas.trainer:eval | (sampled_gnn, metric_val) = (['gin', 'gat', 'global_max_pool', 3000], 0.8148148148148148)
INFO:nas.trainer:eval | (sampled_gnn, metric_val) = (['gcn', 'ssg', 'global_max_pool', 3500], 0.8765432098765432)
INFO:nas.trainer:eval | (sampled_gnn, metric_val) = (['gin', 'ssg', 'global_max_pool', 5500], 0.7777777777777778)
INFO:nas.trainer:eval | (sampled_gnn, metric_val) = (['gat', 'gcn', 'global_max_pool', 4000], 0.8271604938271605)
INFO:nas.trainer:eval | (sampled_gnn, metric_val) = (['gmm', 'ssg', 'global_max_pool', 4000], 0.8271604938271605)
INFO:nas.trainer:train | 27 era_time 3055.5265443325043
INFO:nas.trainer:eval | (sampled_gnn, metric_val) = (['gmm', 'gin', 'global_max_pool', 5000], 0.8271604938271605)
INFO:nas.trainer:eval | (sampled_gnn, metric_val) = (['gcn', 'gcn', 'global_max_pool', 5000], 0.8148148148148148)
INFO:nas.trainer:eval | (sampled_gnn, metric_val) = (['gat', 'ssg', 'global_add_pool', 3500], 0.8395061728395061)
INFO:nas.trainer:eval | (sampled_gnn, metric_val) = (['gmm', 'gmm', 'global_max_pool', 3000], 0.8518518518518519)
INFO:nas.trainer:eval | (sampled_gnn, metric_val) = (['gat', 'sg', 'global_max_pool', 5000], 0.8765432098765432)
INFO:nas.trainer:eval | (sampled_gnn, metric_val) = (['gmm', 'gmm', 'global_max_pool', 5000], 0.8518518518518519)
INFO:nas.trainer:eval | (sampled_gnn, metric_val) = (['gcn', 'ssg', 'global_max_pool', 4000], 0.8518518518518519)
INFO:nas.trainer:eval | (sampled_gnn, metric_val) = (['gin', 'gmm', 'global_max_pool', 3500], 0.8518518518518519)
INFO:nas.trainer:eval | (sampled_gnn, metric_val) = (['gcn', 'gin', 'global_mean_pool', 3000], 0.8148148148148148)
INFO:nas.trainer:eval | (sampled_gnn, metric_val) = (['tag', 'gin', 'global_max_pool', 5000], 0.8518518518518519)
INFO:nas.trainer:eval | (sampled_gnn, metric_val) = (['sage', 'ssg', 'global_max_pool', 5000], 0.8395061728395061)
INFO:nas.trainer:eval | (sampled_gnn, metric_val) = (['sg', 'ssg', 'global_max_pool', 4000], 0.8641975308641975)
INFO:nas.trainer:eval | (sampled_gnn, metric_val) = (['gin', 'gin', 'global_max_pool', 3000], 0.7901234567901234)
INFO:nas.trainer:eval | (sampled_gnn, metric_val) = (['gin', 'gin', 'global_max_pool', 5500], 0.7901234567901234)
INFO:nas.trainer:eval | (sampled_gnn, metric_val) = (['gin', 'gcn', 'global_max_pool', 5500], 0.8148148148148148)
INFO:nas.trainer:eval | (sampled_gnn, metric_val) = (['ssg', 'sage', 'global_mean_pool', 3000], 0.7654320987654321)
INFO:nas.trainer:eval | (sampled_gnn, metric_val) = (['gat', 'tag', 'global_max_pool', 4000], 0.7777777777777778)
INFO:nas.trainer:eval | (sampled_gnn, metric_val) = (['tag', 'gin', 'global_max_pool', 3000], 0.8271604938271605)
INFO:nas.trainer:eval | (sampled_gnn, metric_val) = (['gin', 'gcn', 'global_max_pool', 4000], 0.7777777777777778)
INFO:nas.trainer:eval | (sampled_gnn, metric_val) = (['tag', 'sg', 'global_max_pool', 4000], 0.8024691358024691)
INFO:nas.trainer:train | 28 era_time 2822.180362701416
INFO:nas.trainer:eval | (sampled_gnn, metric_val) = (['gcn', 'ssg', 'global_max_pool', 4000], 0.8518518518518519)
INFO:nas.trainer:eval | (sampled_gnn, metric_val) = (['gat', 'ssg', 'global_max_pool', 5000], 0.8641975308641975)
INFO:nas.trainer:eval | (sampled_gnn, metric_val) = (['sg', 'gcn', 'global_max_pool', 5500], 0.8518518518518519)
INFO:nas.trainer:eval | (sampled_gnn, metric_val) = (['gmm', 'ssg', 'global_max_pool', 5000], 0.8641975308641975)
INFO:nas.trainer:eval | (sampled_gnn, metric_val) = (['ssg', 'gcn', 'global_max_pool', 4000], 0.8148148148148148)
INFO:nas.trainer:eval | (sampled_gnn, metric_val) = (['gcn', 'ssg', 'global_max_pool', 5000], 0.8271604938271605)
INFO:nas.trainer:eval | (sampled_gnn, metric_val) = (['gin', 'ssg', 'global_max_pool', 4000], 0.8765432098765432)
INFO:nas.trainer:eval | (sampled_gnn, metric_val) = (['ssg', 'gcn', 'global_add_pool', 3000], 0.8271604938271605)
INFO:nas.trainer:eval | (sampled_gnn, metric_val) = (['tag', 'ssg', 'global_max_pool', 4000], 0.7901234567901234)
INFO:nas.trainer:eval | (sampled_gnn, metric_val) = (['gat', 'gin', 'global_mean_pool', 3500], 0.8148148148148148)
INFO:nas.trainer:eval | (sampled_gnn, metric_val) = (['gcn', 'gat', 'global_max_pool', 3000], 0.8641975308641975)
INFO:nas.trainer:eval | (sampled_gnn, metric_val) = (['sg', 'gin', 'global_max_pool', 3000], 0.7777777777777778)
INFO:nas.trainer:eval | (sampled_gnn, metric_val) = (['gcn', 'gin', 'global_max_pool', 5500], 0.8148148148148148)
INFO:nas.trainer:eval | (sampled_gnn, metric_val) = (['gin', 'gin', 'global_max_pool', 5500], 0.8148148148148148)
INFO:nas.trainer:eval | (sampled_gnn, metric_val) = (['sg', 'gin', 'global_max_pool', 4000], 0.8024691358024691)
INFO:nas.trainer:eval | (sampled_gnn, metric_val) = (['gcn', 'gcn', 'global_max_pool', 3500], 0.8148148148148148)
INFO:nas.trainer:eval | (sampled_gnn, metric_val) = (['gcn', 'gin', 'global_max_pool', 5500], 0.8148148148148148)
INFO:nas.trainer:eval | (sampled_gnn, metric_val) = (['gin', 'ssg', 'global_max_pool', 6500], 0.8271604938271605)
INFO:nas.trainer:eval | (sampled_gnn, metric_val) = (['gin', 'sage', 'global_max_pool', 4000], 0.8888888888888888)
INFO:nas.trainer:eval | (sampled_gnn, metric_val) = (['gin', 'gcn', 'global_max_pool', 4000], 0.8148148148148148)
INFO:nas.trainer:train | 29 era_time 2985.820807695389
INFO:nas.trainer:train | train_time 103460.56237792969
INFO:nas.trainer:eval | (sampled_gnn, metric_val) = (['gcn', 'gcn', 'global_max_pool', 4000], 0.8024691358024691)
INFO:nas.trainer:eval | (sampled_gnn, metric_val) = (['sg', 'gin', 'global_max_pool', 3000], 0.8641975308641975)
INFO:nas.trainer:eval | (sampled_gnn, metric_val) = (['ssg', 'gcn', 'global_max_pool', 5500], 0.8395061728395061)
INFO:nas.trainer:eval | (sampled_gnn, metric_val) = (['gat', 'ssg', 'global_max_pool', 5500], 0.8148148148148148)
INFO:nas.trainer:eval | (sampled_gnn, metric_val) = (['gcn', 'gmm', 'global_max_pool', 5000], 0.8271604938271605)
INFO:nas.trainer:eval | (sampled_gnn, metric_val) = (['gcn', 'gin', 'global_max_pool', 3000], 0.8518518518518519)
INFO:nas.trainer:eval | (sampled_gnn, metric_val) = (['gcn', 'ssg', 'global_max_pool', 3500], 0.8148148148148148)
INFO:nas.trainer:eval | (sampled_gnn, metric_val) = (['sg', 'gin', 'global_max_pool', 4000], 0.8765432098765432)
INFO:nas.trainer:eval | (sampled_gnn, metric_val) = (['ssg', 'tag', 'global_max_pool', 3000], 0.7654320987654321)
INFO:nas.trainer:eval | (sampled_gnn, metric_val) = (['ssg', 'sg', 'global_max_pool', 3500], 0.8148148148148148)
INFO:nas.trainer:eval | (sampled_gnn, metric_val) = (['sage', 'ssg', 'global_max_pool', 5000], 0.8271604938271605)
INFO:nas.trainer:eval | (sampled_gnn, metric_val) = (['gin', 'gmm', 'global_max_pool', 3000], 0.7901234567901234)
INFO:nas.trainer:eval | (sampled_gnn, metric_val) = (['gin', 'ssg', 'global_max_pool', 4000], 0.7654320987654321)
INFO:nas.trainer:eval | (sampled_gnn, metric_val) = (['sg', 'gin', 'global_max_pool', 4000], 0.8024691358024691)
INFO:nas.trainer:eval | (sampled_gnn, metric_val) = (['gin', 'gin', 'global_max_pool', 5500], 0.8395061728395061)
INFO:nas.trainer:eval | (sampled_gnn, metric_val) = (['ssg', 'gin', 'global_max_pool', 4000], 0.8641975308641975)
INFO:nas.trainer:eval | (sampled_gnn, metric_val) = (['sg', 'gin', 'global_max_pool', 3000], 0.8518518518518519)
INFO:nas.trainer:eval | (sampled_gnn, metric_val) = (['gin', 'ssg', 'global_max_pool', 3500], 0.8148148148148148)
INFO:nas.trainer:eval | (sampled_gnn, metric_val) = (['gcn', 'gin', 'global_max_pool', 3500], 0.8765432098765432)
INFO:nas.trainer:eval | (sampled_gnn, metric_val) = (['gin', 'sg', 'global_max_pool', 3500], 0.8271604938271605)
INFO:nas.trainer:eval | (sampled_gnn, metric_val) = (['gin', 'ssg', 'global_max_pool', 5000], 0.8395061728395061)
INFO:nas.trainer:eval | (sampled_gnn, metric_val) = (['gin', 'gcn', 'global_max_pool', 3500], 0.8395061728395061)
INFO:nas.trainer:eval | (sampled_gnn, metric_val) = (['ssg', 'gcn', 'global_max_pool', 3000], 0.8148148148148148)
INFO:nas.trainer:eval | (sampled_gnn, metric_val) = (['gin', 'ssg', 'global_max_pool', 3000], 0.8024691358024691)
INFO:nas.trainer:eval | (sampled_gnn, metric_val) = (['ssg', 'gmm', 'global_max_pool', 4000], 0.8271604938271605)
INFO:nas.trainer:eval | (sampled_gnn, metric_val) = (['sg', 'gcn', 'global_max_pool', 4000], 0.8518518518518519)
INFO:nas.trainer:eval | (sampled_gnn, metric_val) = (['gcn', 'gin', 'global_max_pool', 6000], 0.8765432098765432)
INFO:nas.trainer:eval | (sampled_gnn, metric_val) = (['gin', 'ssg', 'global_max_pool', 5000], 0.8395061728395061)
INFO:nas.trainer:eval | (sampled_gnn, metric_val) = (['gat', 'gin', 'global_max_pool', 5000], 0.8518518518518519)
INFO:nas.trainer:eval | (sampled_gnn, metric_val) = (['gcn', 'gin', 'global_max_pool', 4000], 0.8271604938271605)
INFO:root:'/home/ubuntu/GNN-AID/src/nas/cfg/6.yml' cfg_file best structure: ['sg', 'gin', 'global_max_pool', 4000]
