INFO:__main__:dataset:
- multiple-graphs
- TUDataset
- AIDS
derive_num: 10
is_random: false
logfname: aids_basic_combinations.log
nas_args:
  dynamic_behaviour: undefined
  dynamic_nas_steps: 150
  forward:
    mode: train
    softmax_temp: 5.0
    tanh_c: 2.5
  hidden_size: 100
  reset:
    init_range: 0.1
ss_args:
  debug: false
  prob_scale: 4
  type: basic
  with_combinations: true
trainer_args:
  derive:
    derive_from_history: false
  eval:
    save_model_flag: false
  train:
    derive_finaly: false
    num_eras: 30
    save_eras: 30
  train_controller:
    epochs: 20

INFO:nas.trainer:eval | (sampled_gnn, metric_val) = (['sage', 'sg', 2, 'global_max_pool', 7000], 0.985)
INFO:nas.trainer:eval | (sampled_gnn, metric_val) = (['gmm', 'gmm', 2, 'global_add_pool', 5500], 0.9875)
INFO:nas.trainer:eval | (sampled_gnn, metric_val) = (['gmm', 'ssg', 2, 'global_mean_pool', 3000], 0.9775)
INFO:nas.trainer:eval | (sampled_gnn, metric_val) = (['gmm', 'gmm', 2, 'global_max_pool', 5000], 0.985)
INFO:nas.trainer:eval | (sampled_gnn, metric_val) = (['gcn', 'gcn', 2, 'global_add_pool', 4000], 0.9925)
INFO:nas.trainer:eval | (sampled_gnn, metric_val) = (['gmm', 'sage', 2, 'global_mean_pool', 4000], 0.9875)
INFO:nas.trainer:eval | (sampled_gnn, metric_val) = (['gcn', 'sg', 2, 'global_max_pool', 7500], 0.985)
INFO:nas.trainer:eval | (sampled_gnn, metric_val) = (['gcn', 'gcn', 2, 'global_max_pool', 7500], 0.9875)
INFO:nas.trainer:eval | (sampled_gnn, metric_val) = (['gmm', 'sg', 2, 'global_mean_pool', 5500], 0.98)
INFO:nas.trainer:eval | (sampled_gnn, metric_val) = (['tag', 'gmm', 2, 'global_add_pool', 4000], 0.99)
INFO:nas.trainer:eval | (sampled_gnn, metric_val) = (['sage', 'gcn', 2, 'global_max_pool', 3000], 0.9825)
INFO:nas.trainer:eval | (sampled_gnn, metric_val) = (['tag', 'sg', 2, 'global_add_pool', 6500], 0.9825)
INFO:nas.trainer:eval | (sampled_gnn, metric_val) = (['ssg', 'gat', 2, 'global_add_pool', 5000], 0.9825)
INFO:nas.trainer:eval | (sampled_gnn, metric_val) = (['sg', 'sage', 2, 'global_add_pool', 5500], 0.9725)
INFO:nas.trainer:eval | (sampled_gnn, metric_val) = (['gat', 'gat', 2, 'global_max_pool', 3000], 0.9875)
INFO:nas.trainer:eval | (sampled_gnn, metric_val) = (['gmm', 'gin', 2, 'global_mean_pool', 3500], 0.9825)
INFO:nas.trainer:eval | (sampled_gnn, metric_val) = (['gin', 'tag', 2, 'global_max_pool', 3500], 0.9825)
INFO:nas.trainer:eval | (sampled_gnn, metric_val) = (['sage', 'gin', 2, 'global_add_pool', 6000], 0.9775)
INFO:nas.trainer:eval | (sampled_gnn, metric_val) = (['gat', 'gmm', 2, 'global_mean_pool', 4000], 0.9875)
INFO:nas.trainer:eval | (sampled_gnn, metric_val) = (['sg', 'sage', 2, 'global_mean_pool', 4500], 0.9775)
INFO:nas.trainer:train | 0 era_time 33816.955357313156
ERROR:__main__:cfg_file = '/home/ubuntu/GNN-AID/src/nas/cfg/28.yml'
[Errno 2] No such file or directory: 'save/Trainer_20.pkl'
