INFO:__main__:dataset:
- multiple-graphs
- TUDataset
- AIDS
derive_num: 10
is_random: false
logfname: aids_fixed_no-combinations.log
nas_args:
  dynamic_behaviour: undefined
  dynamic_nas_steps: 150
  forward:
    mode: train
    softmax_temp: 5.0
    tanh_c: 2.5
  hidden_size: 100
  reset:
    init_range: 0.1
ss_args:
  debug: false
  prob_scale: 4
  type: fixed_prob
  with_combinations: false
trainer_args:
  derive:
    derive_from_history: false
  eval:
    save_model_flag: false
  train:
    derive_finaly: false
    num_eras: 30
    save_eras: 50
  train_controller:
    epochs: 20

INFO:nas.trainer:eval | (sampled_gnn, metric_val) = (['ssg', 2, 'global_mean_pool', 4500], 0.99)
INFO:nas.trainer:eval | (sampled_gnn, metric_val) = (['gcn', 2, 'global_max_pool', 5000], 0.9975)
INFO:nas.trainer:eval | (sampled_gnn, metric_val) = (['gin', 2, 'global_max_pool', 7500], 0.98)
INFO:nas.trainer:eval | (sampled_gnn, metric_val) = (['gin', 2, 'global_add_pool', 7000], 0.98)
INFO:nas.trainer:eval | (sampled_gnn, metric_val) = (['gin', 2, 'global_add_pool', 8000], 0.9925)
INFO:nas.trainer:eval | (sampled_gnn, metric_val) = (['sg', 2, 'global_max_pool', 5000], 0.9875)
INFO:nas.trainer:eval | (sampled_gnn, metric_val) = (['gin', 2, 'global_add_pool', 4500], 0.98)
INFO:nas.trainer:eval | (sampled_gnn, metric_val) = (['gin', 2, 'global_add_pool', 6000], 0.9875)
INFO:nas.trainer:eval | (sampled_gnn, metric_val) = (['gin', 2, 'global_mean_pool', 5500], 0.985)
INFO:nas.trainer:eval | (sampled_gnn, metric_val) = (['gin', 2, 'global_max_pool', 4500], 0.99)
INFO:nas.trainer:eval | (sampled_gnn, metric_val) = (['sg', 2, 'global_mean_pool', 6000], 0.9875)
INFO:nas.trainer:eval | (sampled_gnn, metric_val) = (['gin', 2, 'global_max_pool', 4500], 0.9925)
INFO:nas.trainer:eval | (sampled_gnn, metric_val) = (['gmm', 2, 'global_add_pool', 3500], 0.9875)
INFO:nas.trainer:eval | (sampled_gnn, metric_val) = (['gin', 2, 'global_add_pool', 7000], 0.9925)
INFO:nas.trainer:eval | (sampled_gnn, metric_val) = (['gcn', 2, 'global_add_pool', 5000], 0.995)
INFO:nas.trainer:eval | (sampled_gnn, metric_val) = (['gmm', 2, 'global_max_pool', 3000], 0.99)
INFO:nas.trainer:eval | (sampled_gnn, metric_val) = (['gcn', 2, 'global_max_pool', 4000], 0.9925)
INFO:nas.trainer:eval | (sampled_gnn, metric_val) = (['gcn', 2, 'global_mean_pool', 4000], 0.9875)
INFO:nas.trainer:eval | (sampled_gnn, metric_val) = (['gmm', 2, 'global_add_pool', 3000], 0.9875)
INFO:nas.trainer:eval | (sampled_gnn, metric_val) = (['gcn', 2, 'global_add_pool', 5000], 0.9975)
INFO:nas.trainer:train | 1 era_time 12908.16723871231
INFO:nas.trainer:eval | (sampled_gnn, metric_val) = (['gcn', 2, 'global_mean_pool', 3500], 0.9925)
INFO:nas.trainer:eval | (sampled_gnn, metric_val) = (['gin', 2, 'global_add_pool', 6000], 0.985)
INFO:nas.trainer:eval | (sampled_gnn, metric_val) = (['gmm', 2, 'global_add_pool', 5000], 0.9875)
INFO:nas.trainer:eval | (sampled_gnn, metric_val) = (['gat', 2, 'global_max_pool', 6000], 0.99)
INFO:nas.trainer:eval | (sampled_gnn, metric_val) = (['gin', 2, 'global_max_pool', 6500], 0.9925)
INFO:nas.trainer:eval | (sampled_gnn, metric_val) = (['sg', 2, 'global_max_pool', 4500], 0.995)
INFO:nas.trainer:eval | (sampled_gnn, metric_val) = (['gin', 2, 'global_max_pool', 4000], 0.99)
INFO:nas.trainer:eval | (sampled_gnn, metric_val) = (['gcn', 2, 'global_max_pool', 5500], 0.9875)
INFO:nas.trainer:eval | (sampled_gnn, metric_val) = (['gmm', 2, 'global_mean_pool', 5500], 0.98)
INFO:nas.trainer:eval | (sampled_gnn, metric_val) = (['gin', 2, 'global_mean_pool', 7500], 0.9875)
INFO:nas.trainer:eval | (sampled_gnn, metric_val) = (['gcn', 2, 'global_add_pool', 5500], 0.995)
INFO:nas.trainer:eval | (sampled_gnn, metric_val) = (['sg', 2, 'global_mean_pool', 3000], 0.9925)
INFO:nas.trainer:eval | (sampled_gnn, metric_val) = (['gcn', 2, 'global_max_pool', 8000], 0.995)
INFO:nas.trainer:eval | (sampled_gnn, metric_val) = (['gat', 2, 'global_max_pool', 6500], 0.99)
INFO:nas.trainer:eval | (sampled_gnn, metric_val) = (['gat', 2, 'global_mean_pool', 4000], 0.98)
INFO:nas.trainer:eval | (sampled_gnn, metric_val) = (['sg', 2, 'global_max_pool', 3000], 0.9875)
INFO:nas.trainer:eval | (sampled_gnn, metric_val) = (['gin', 2, 'global_max_pool', 7000], 0.995)
INFO:nas.trainer:eval | (sampled_gnn, metric_val) = (['gcn', 2, 'global_add_pool', 5000], 0.995)
INFO:nas.trainer:eval | (sampled_gnn, metric_val) = (['tag', 2, 'global_mean_pool', 4000], 0.9875)
INFO:nas.trainer:eval | (sampled_gnn, metric_val) = (['gmm', 2, 'global_max_pool', 7000], 0.99)
INFO:nas.trainer:train | 2 era_time 14143.297479391098
INFO:nas.trainer:eval | (sampled_gnn, metric_val) = (['gin', 2, 'global_max_pool', 4500], 0.9925)
INFO:nas.trainer:eval | (sampled_gnn, metric_val) = (['tag', 2, 'global_add_pool', 4000], 0.9925)
INFO:nas.trainer:eval | (sampled_gnn, metric_val) = (['tag', 2, 'global_max_pool', 5000], 0.9925)
INFO:nas.trainer:eval | (sampled_gnn, metric_val) = (['gcn', 2, 'global_max_pool', 7000], 0.9875)
INFO:nas.trainer:eval | (sampled_gnn, metric_val) = (['sg', 2, 'global_add_pool', 5000], 0.9925)
INFO:nas.trainer:eval | (sampled_gnn, metric_val) = (['gin', 2, 'global_add_pool', 5000], 0.9975)
INFO:nas.trainer:eval | (sampled_gnn, metric_val) = (['gcn', 2, 'global_max_pool', 3500], 0.995)
INFO:nas.trainer:eval | (sampled_gnn, metric_val) = (['sage', 2, 'global_max_pool', 3500], 0.9925)
INFO:nas.trainer:eval | (sampled_gnn, metric_val) = (['gin', 2, 'global_max_pool', 5000], 0.99)
INFO:nas.trainer:eval | (sampled_gnn, metric_val) = (['gcn', 2, 'global_max_pool', 3500], 0.9925)
INFO:nas.trainer:eval | (sampled_gnn, metric_val) = (['tag', 2, 'global_mean_pool', 5000], 0.985)
INFO:nas.trainer:eval | (sampled_gnn, metric_val) = (['gcn', 2, 'global_add_pool', 8000], 0.9925)
INFO:nas.trainer:eval | (sampled_gnn, metric_val) = (['gcn', 2, 'global_max_pool', 4000], 0.9875)
INFO:nas.trainer:eval | (sampled_gnn, metric_val) = (['gcn', 2, 'global_add_pool', 3500], 0.99)
INFO:nas.trainer:eval | (sampled_gnn, metric_val) = (['gcn', 2, 'global_add_pool', 5000], 0.9975)
INFO:nas.trainer:eval | (sampled_gnn, metric_val) = (['gat', 2, 'global_add_pool', 3000], 0.9775)
INFO:nas.trainer:eval | (sampled_gnn, metric_val) = (['gin', 2, 'global_max_pool', 6500], 0.995)
INFO:nas.trainer:eval | (sampled_gnn, metric_val) = (['gcn', 2, 'global_max_pool', 5000], 0.99)
INFO:nas.trainer:eval | (sampled_gnn, metric_val) = (['sage', 2, 'global_max_pool', 6500], 0.985)
INFO:nas.trainer:eval | (sampled_gnn, metric_val) = (['gat', 2, 'global_mean_pool', 6000], 0.99)
INFO:nas.trainer:train | 3 era_time 13004.484785079956
INFO:nas.trainer:eval | (sampled_gnn, metric_val) = (['gcn', 2, 'global_add_pool', 8000], 0.995)
INFO:nas.trainer:eval | (sampled_gnn, metric_val) = (['sg', 2, 'global_max_pool', 5000], 0.985)
INFO:nas.trainer:eval | (sampled_gnn, metric_val) = (['gcn', 2, 'global_add_pool', 7000], 0.9975)
INFO:nas.trainer:eval | (sampled_gnn, metric_val) = (['gin', 2, 'global_add_pool', 6500], 0.99)
INFO:nas.trainer:eval | (sampled_gnn, metric_val) = (['gcn', 2, 'global_add_pool', 4500], 0.9925)
INFO:nas.trainer:eval | (sampled_gnn, metric_val) = (['gat', 2, 'global_add_pool', 8000], 0.9925)
INFO:nas.trainer:eval | (sampled_gnn, metric_val) = (['sage', 2, 'global_add_pool', 5500], 0.99)
INFO:nas.trainer:eval | (sampled_gnn, metric_val) = (['gin', 2, 'global_add_pool', 8000], 0.9925)
INFO:nas.trainer:eval | (sampled_gnn, metric_val) = (['tag', 2, 'global_max_pool', 6000], 0.99)
INFO:nas.trainer:eval | (sampled_gnn, metric_val) = (['gin', 2, 'global_add_pool', 5000], 0.9925)
INFO:nas.trainer:eval | (sampled_gnn, metric_val) = (['sg', 2, 'global_add_pool', 6500], 0.995)
INFO:nas.trainer:eval | (sampled_gnn, metric_val) = (['gin', 2, 'global_add_pool', 8000], 0.9875)
INFO:nas.trainer:eval | (sampled_gnn, metric_val) = (['gmm', 2, 'global_add_pool', 8000], 0.98)
INFO:nas.trainer:eval | (sampled_gnn, metric_val) = (['gcn', 2, 'global_add_pool', 8000], 0.9925)
INFO:nas.trainer:eval | (sampled_gnn, metric_val) = (['gcn', 2, 'global_max_pool', 3500], 0.99)
INFO:nas.trainer:eval | (sampled_gnn, metric_val) = (['sage', 2, 'global_add_pool', 3500], 0.9875)
INFO:nas.trainer:eval | (sampled_gnn, metric_val) = (['gcn', 2, 'global_add_pool', 3500], 0.9925)
INFO:nas.trainer:eval | (sampled_gnn, metric_val) = (['sg', 2, 'global_add_pool', 4500], 0.9975)
INFO:nas.trainer:eval | (sampled_gnn, metric_val) = (['gcn', 2, 'global_add_pool', 3500], 0.9925)
INFO:nas.trainer:eval | (sampled_gnn, metric_val) = (['gat', 2, 'global_max_pool', 3500], 0.9925)
INFO:nas.trainer:train | 4 era_time 15067.509299516678
INFO:nas.trainer:eval | (sampled_gnn, metric_val) = (['gin', 2, 'global_max_pool', 4500], 0.9925)
INFO:nas.trainer:eval | (sampled_gnn, metric_val) = (['gcn', 2, 'global_max_pool', 8000], 0.9925)
INFO:nas.trainer:eval | (sampled_gnn, metric_val) = (['gcn', 2, 'global_max_pool', 4500], 0.99)
INFO:nas.trainer:eval | (sampled_gnn, metric_val) = (['gcn', 2, 'global_add_pool', 3500], 0.9975)
INFO:nas.trainer:eval | (sampled_gnn, metric_val) = (['gcn', 2, 'global_max_pool', 8000], 0.9925)
INFO:nas.trainer:eval | (sampled_gnn, metric_val) = (['sg', 2, 'global_max_pool', 8000], 0.99)
INFO:nas.trainer:eval | (sampled_gnn, metric_val) = (['gcn', 2, 'global_add_pool', 8000], 0.9825)
INFO:nas.trainer:eval | (sampled_gnn, metric_val) = (['gcn', 2, 'global_add_pool', 6500], 0.9975)
INFO:nas.trainer:eval | (sampled_gnn, metric_val) = (['gat', 2, 'global_max_pool', 7500], 0.9925)
INFO:nas.trainer:eval | (sampled_gnn, metric_val) = (['gat', 2, 'global_add_pool', 6500], 0.985)
INFO:nas.trainer:eval | (sampled_gnn, metric_val) = (['sg', 2, 'global_max_pool', 8000], 0.9875)
INFO:nas.trainer:eval | (sampled_gnn, metric_val) = (['ssg', 2, 'global_max_pool', 5000], 0.9925)
INFO:nas.trainer:eval | (sampled_gnn, metric_val) = (['tag', 2, 'global_add_pool', 3500], 0.9875)
INFO:nas.trainer:eval | (sampled_gnn, metric_val) = (['gin', 2, 'global_max_pool', 3500], 0.995)
INFO:nas.trainer:eval | (sampled_gnn, metric_val) = (['sg', 2, 'global_mean_pool', 4500], 0.99)
INFO:nas.trainer:eval | (sampled_gnn, metric_val) = (['gcn', 2, 'global_max_pool', 8000], 0.995)
INFO:nas.trainer:eval | (sampled_gnn, metric_val) = (['ssg', 2, 'global_add_pool', 8000], 0.99)
INFO:nas.trainer:eval | (sampled_gnn, metric_val) = (['gcn', 2, 'global_add_pool', 4500], 0.9925)
INFO:nas.trainer:eval | (sampled_gnn, metric_val) = (['gcn', 2, 'global_max_pool', 3500], 0.9925)
INFO:nas.trainer:eval | (sampled_gnn, metric_val) = (['sage', 2, 'global_max_pool', 7500], 0.9925)
INFO:nas.trainer:train | 5 era_time 15882.504208803177
INFO:nas.trainer:eval | (sampled_gnn, metric_val) = (['gcn', 2, 'global_max_pool', 7500], 0.995)
INFO:nas.trainer:eval | (sampled_gnn, metric_val) = (['sage', 2, 'global_add_pool', 5000], 0.9875)
INFO:nas.trainer:eval | (sampled_gnn, metric_val) = (['gin', 2, 'global_add_pool', 5000], 0.9975)
INFO:nas.trainer:eval | (sampled_gnn, metric_val) = (['gmm', 2, 'global_max_pool', 6500], 0.99)
INFO:nas.trainer:eval | (sampled_gnn, metric_val) = (['gin', 2, 'global_add_pool', 4500], 0.99)
INFO:nas.trainer:eval | (sampled_gnn, metric_val) = (['gin', 2, 'global_max_pool', 4500], 0.99)
INFO:nas.trainer:eval | (sampled_gnn, metric_val) = (['gin', 2, 'global_max_pool', 5000], 0.9925)
INFO:nas.trainer:eval | (sampled_gnn, metric_val) = (['ssg', 2, 'global_add_pool', 5000], 0.9925)
INFO:nas.trainer:eval | (sampled_gnn, metric_val) = (['gcn', 2, 'global_max_pool', 8000], 0.9925)
INFO:nas.trainer:eval | (sampled_gnn, metric_val) = (['gin', 2, 'global_add_pool', 7000], 0.985)
INFO:nas.trainer:eval | (sampled_gnn, metric_val) = (['gcn', 2, 'global_max_pool', 7000], 0.9975)
INFO:nas.trainer:eval | (sampled_gnn, metric_val) = (['gcn', 2, 'global_add_pool', 8000], 0.9925)
INFO:nas.trainer:eval | (sampled_gnn, metric_val) = (['gin', 2, 'global_add_pool', 7500], 0.995)
INFO:nas.trainer:eval | (sampled_gnn, metric_val) = (['gcn', 2, 'global_add_pool', 5000], 0.99)
INFO:nas.trainer:eval | (sampled_gnn, metric_val) = (['tag', 2, 'global_max_pool', 5000], 0.995)
INFO:nas.trainer:eval | (sampled_gnn, metric_val) = (['gin', 2, 'global_max_pool', 7000], 0.995)
INFO:nas.trainer:eval | (sampled_gnn, metric_val) = (['gcn', 2, 'global_max_pool', 7000], 0.9925)
INFO:nas.trainer:eval | (sampled_gnn, metric_val) = (['gin', 2, 'global_max_pool', 8000], 0.99)
INFO:nas.trainer:eval | (sampled_gnn, metric_val) = (['gat', 2, 'global_max_pool', 7500], 0.9875)
INFO:nas.trainer:eval | (sampled_gnn, metric_val) = (['gin', 2, 'global_max_pool', 8000], 0.99)
INFO:nas.trainer:train | 6 era_time 16552.313238859177
INFO:nas.trainer:eval | (sampled_gnn, metric_val) = (['gin', 2, 'global_max_pool', 4500], 0.9925)
INFO:nas.trainer:eval | (sampled_gnn, metric_val) = (['gcn', 2, 'global_max_pool', 5500], 0.995)
INFO:nas.trainer:eval | (sampled_gnn, metric_val) = (['gmm', 2, 'global_max_pool', 4500], 0.995)
INFO:nas.trainer:eval | (sampled_gnn, metric_val) = (['gcn', 2, 'global_max_pool', 4500], 0.9975)
INFO:nas.trainer:eval | (sampled_gnn, metric_val) = (['sg', 2, 'global_add_pool', 5000], 0.995)
INFO:nas.trainer:eval | (sampled_gnn, metric_val) = (['gcn', 2, 'global_max_pool', 6500], 0.99)
INFO:nas.trainer:eval | (sampled_gnn, metric_val) = (['gin', 2, 'global_max_pool', 3500], 0.9925)
INFO:nas.trainer:eval | (sampled_gnn, metric_val) = (['gcn', 2, 'global_max_pool', 3500], 0.9875)
INFO:nas.trainer:eval | (sampled_gnn, metric_val) = (['gcn', 2, 'global_max_pool', 6500], 0.9925)
INFO:nas.trainer:eval | (sampled_gnn, metric_val) = (['gmm', 2, 'global_max_pool', 3500], 0.9825)
INFO:nas.trainer:eval | (sampled_gnn, metric_val) = (['gcn', 2, 'global_max_pool', 3500], 0.9825)
INFO:nas.trainer:eval | (sampled_gnn, metric_val) = (['gin', 2, 'global_max_pool', 5000], 0.99)
INFO:nas.trainer:eval | (sampled_gnn, metric_val) = (['gin', 2, 'global_max_pool', 7500], 0.9875)
INFO:nas.trainer:eval | (sampled_gnn, metric_val) = (['gmm', 2, 'global_max_pool', 6500], 0.99)
INFO:nas.trainer:eval | (sampled_gnn, metric_val) = (['gcn', 2, 'global_max_pool', 4500], 0.9975)
INFO:nas.trainer:eval | (sampled_gnn, metric_val) = (['gcn', 2, 'global_max_pool', 5000], 0.995)
INFO:nas.trainer:eval | (sampled_gnn, metric_val) = (['gcn', 2, 'global_max_pool', 7000], 0.99)
INFO:nas.trainer:eval | (sampled_gnn, metric_val) = (['gmm', 2, 'global_max_pool', 5000], 0.9925)
INFO:nas.trainer:eval | (sampled_gnn, metric_val) = (['gcn', 2, 'global_max_pool', 3500], 0.9925)
INFO:nas.trainer:eval | (sampled_gnn, metric_val) = (['gmm', 2, 'global_max_pool', 4500], 0.995)
INFO:nas.trainer:train | 7 era_time 12894.249121665955
INFO:nas.trainer:eval | (sampled_gnn, metric_val) = (['gcn', 2, 'global_max_pool', 6500], 0.9975)
INFO:nas.trainer:eval | (sampled_gnn, metric_val) = (['gcn', 2, 'global_max_pool', 7500], 0.9925)
INFO:nas.trainer:eval | (sampled_gnn, metric_val) = (['ssg', 2, 'global_max_pool', 7000], 0.9925)
INFO:nas.trainer:eval | (sampled_gnn, metric_val) = (['gcn', 2, 'global_max_pool', 8000], 0.9925)
INFO:nas.trainer:eval | (sampled_gnn, metric_val) = (['gin', 2, 'global_add_pool', 3500], 0.9875)
INFO:nas.trainer:eval | (sampled_gnn, metric_val) = (['gin', 2, 'global_max_pool', 3500], 0.99)
INFO:nas.trainer:eval | (sampled_gnn, metric_val) = (['gat', 2, 'global_max_pool', 4500], 0.9925)
INFO:nas.trainer:eval | (sampled_gnn, metric_val) = (['gcn', 2, 'global_max_pool', 8000], 0.9925)
INFO:nas.trainer:eval | (sampled_gnn, metric_val) = (['gin', 2, 'global_max_pool', 4500], 0.995)
INFO:nas.trainer:eval | (sampled_gnn, metric_val) = (['ssg', 2, 'global_max_pool', 7000], 0.9875)
INFO:nas.trainer:eval | (sampled_gnn, metric_val) = (['gin', 2, 'global_max_pool', 4500], 0.995)
INFO:nas.trainer:eval | (sampled_gnn, metric_val) = (['gcn', 2, 'global_max_pool', 7500], 0.9875)
INFO:nas.trainer:eval | (sampled_gnn, metric_val) = (['ssg', 2, 'global_max_pool', 6500], 0.9925)
INFO:nas.trainer:eval | (sampled_gnn, metric_val) = (['gcn', 2, 'global_max_pool', 5000], 0.9925)
INFO:nas.trainer:eval | (sampled_gnn, metric_val) = (['gcn', 2, 'global_max_pool', 4500], 0.9975)
INFO:nas.trainer:eval | (sampled_gnn, metric_val) = (['gin', 2, 'global_max_pool', 7000], 0.9875)
INFO:nas.trainer:eval | (sampled_gnn, metric_val) = (['gin', 2, 'global_max_pool', 4500], 0.995)
INFO:nas.trainer:eval | (sampled_gnn, metric_val) = (['gcn', 2, 'global_max_pool', 5000], 0.995)
INFO:nas.trainer:eval | (sampled_gnn, metric_val) = (['gin', 2, 'global_max_pool', 6500], 0.9875)
INFO:nas.trainer:eval | (sampled_gnn, metric_val) = (['gcn', 2, 'global_max_pool', 5000], 0.9925)
INFO:nas.trainer:train | 8 era_time 14988.206236600876
INFO:nas.trainer:eval | (sampled_gnn, metric_val) = (['gcn', 2, 'global_max_pool', 5000], 0.99)
INFO:nas.trainer:eval | (sampled_gnn, metric_val) = (['gcn', 2, 'global_max_pool', 6500], 0.9925)
INFO:nas.trainer:eval | (sampled_gnn, metric_val) = (['gcn', 2, 'global_max_pool', 3500], 0.99)
INFO:nas.trainer:eval | (sampled_gnn, metric_val) = (['gcn', 2, 'global_max_pool', 6500], 0.9925)
INFO:nas.trainer:eval | (sampled_gnn, metric_val) = (['sg', 2, 'global_add_pool', 4500], 0.9925)
INFO:nas.trainer:eval | (sampled_gnn, metric_val) = (['ssg', 2, 'global_max_pool', 7000], 0.995)
INFO:nas.trainer:eval | (sampled_gnn, metric_val) = (['sg', 2, 'global_max_pool', 6500], 0.99)
INFO:nas.trainer:eval | (sampled_gnn, metric_val) = (['gcn', 2, 'global_max_pool', 5000], 0.9925)
INFO:nas.trainer:eval | (sampled_gnn, metric_val) = (['gcn', 2, 'global_max_pool', 5000], 0.995)
INFO:nas.trainer:eval | (sampled_gnn, metric_val) = (['sg', 2, 'global_max_pool', 6500], 0.9925)
INFO:nas.trainer:eval | (sampled_gnn, metric_val) = (['gcn', 2, 'global_max_pool', 6500], 0.9875)
INFO:nas.trainer:eval | (sampled_gnn, metric_val) = (['ssg', 2, 'global_max_pool', 4500], 0.9875)
INFO:nas.trainer:eval | (sampled_gnn, metric_val) = (['ssg', 2, 'global_max_pool', 5000], 0.99)
INFO:nas.trainer:eval | (sampled_gnn, metric_val) = (['gin', 2, 'global_max_pool', 4500], 0.9825)
INFO:nas.trainer:eval | (sampled_gnn, metric_val) = (['gcn', 2, 'global_max_pool', 6500], 0.9925)
INFO:nas.trainer:eval | (sampled_gnn, metric_val) = (['gcn', 2, 'global_max_pool', 7000], 0.995)
INFO:nas.trainer:eval | (sampled_gnn, metric_val) = (['gcn', 2, 'global_max_pool', 6500], 0.995)
INFO:nas.trainer:eval | (sampled_gnn, metric_val) = (['gcn', 2, 'global_max_pool', 4500], 0.9875)
INFO:nas.trainer:eval | (sampled_gnn, metric_val) = (['ssg', 2, 'global_max_pool', 4500], 0.9925)
INFO:nas.trainer:eval | (sampled_gnn, metric_val) = (['gcn', 2, 'global_max_pool', 5000], 0.99)
INFO:nas.trainer:train | 9 era_time 14301.54544043541
INFO:nas.trainer:eval | (sampled_gnn, metric_val) = (['ssg', 2, 'global_max_pool', 4500], 0.99)
INFO:nas.trainer:eval | (sampled_gnn, metric_val) = (['gin', 2, 'global_max_pool', 7500], 0.9975)
INFO:nas.trainer:eval | (sampled_gnn, metric_val) = (['gin', 2, 'global_max_pool', 8000], 0.9975)
INFO:nas.trainer:eval | (sampled_gnn, metric_val) = (['gcn', 2, 'global_max_pool', 7000], 0.995)
INFO:nas.trainer:eval | (sampled_gnn, metric_val) = (['gcn', 2, 'global_max_pool', 7500], 0.995)
INFO:nas.trainer:eval | (sampled_gnn, metric_val) = (['gcn', 2, 'global_max_pool', 7000], 0.9925)
INFO:nas.trainer:eval | (sampled_gnn, metric_val) = (['gin', 2, 'global_max_pool', 7500], 0.985)
INFO:nas.trainer:eval | (sampled_gnn, metric_val) = (['gcn', 2, 'global_max_pool', 7000], 0.9875)
INFO:nas.trainer:eval | (sampled_gnn, metric_val) = (['gcn', 2, 'global_max_pool', 8000], 0.9925)
INFO:nas.trainer:eval | (sampled_gnn, metric_val) = (['gcn', 2, 'global_max_pool', 7000], 0.995)
INFO:nas.trainer:eval | (sampled_gnn, metric_val) = (['gcn', 2, 'global_max_pool', 6500], 0.9925)
INFO:nas.trainer:eval | (sampled_gnn, metric_val) = (['gin', 2, 'global_max_pool', 7500], 0.9925)
INFO:nas.trainer:eval | (sampled_gnn, metric_val) = (['gcn', 2, 'global_max_pool', 5000], 0.9925)
INFO:nas.trainer:eval | (sampled_gnn, metric_val) = (['gin', 2, 'global_max_pool', 6500], 0.995)
INFO:nas.trainer:eval | (sampled_gnn, metric_val) = (['gcn', 2, 'global_max_pool', 5000], 0.9825)
INFO:nas.trainer:eval | (sampled_gnn, metric_val) = (['gcn', 2, 'global_max_pool', 5000], 0.9925)
INFO:nas.trainer:eval | (sampled_gnn, metric_val) = (['gcn', 2, 'global_max_pool', 7000], 0.9925)
INFO:nas.trainer:eval | (sampled_gnn, metric_val) = (['gin', 2, 'global_max_pool', 4500], 0.9875)
INFO:nas.trainer:eval | (sampled_gnn, metric_val) = (['ssg', 2, 'global_max_pool', 7500], 0.9975)
INFO:nas.trainer:eval | (sampled_gnn, metric_val) = (['gcn', 2, 'global_max_pool', 8000], 0.99)
INFO:nas.trainer:train | 10 era_time 17297.452335357666
INFO:nas.trainer:eval | (sampled_gnn, metric_val) = (['gcn', 2, 'global_max_pool', 7000], 0.9875)
INFO:nas.trainer:eval | (sampled_gnn, metric_val) = (['ssg', 2, 'global_max_pool', 7500], 0.99)
INFO:nas.trainer:eval | (sampled_gnn, metric_val) = (['gcn', 2, 'global_max_pool', 4500], 0.99)
INFO:nas.trainer:eval | (sampled_gnn, metric_val) = (['ssg', 2, 'global_max_pool', 7500], 0.9925)
INFO:nas.trainer:eval | (sampled_gnn, metric_val) = (['gcn', 2, 'global_max_pool', 5000], 0.99)
INFO:nas.trainer:eval | (sampled_gnn, metric_val) = (['gcn', 2, 'global_max_pool', 6500], 0.995)
INFO:nas.trainer:eval | (sampled_gnn, metric_val) = (['gin', 2, 'global_max_pool', 4500], 0.9925)
INFO:nas.trainer:eval | (sampled_gnn, metric_val) = (['ssg', 2, 'global_max_pool', 5000], 0.995)
INFO:nas.trainer:eval | (sampled_gnn, metric_val) = (['gin', 2, 'global_max_pool', 6500], 0.995)
INFO:nas.trainer:eval | (sampled_gnn, metric_val) = (['gin', 2, 'global_max_pool', 8000], 0.985)
INFO:nas.trainer:eval | (sampled_gnn, metric_val) = (['gcn', 2, 'global_max_pool', 5000], 0.995)
INFO:nas.trainer:eval | (sampled_gnn, metric_val) = (['gin', 2, 'global_max_pool', 7500], 0.99)
INFO:nas.trainer:eval | (sampled_gnn, metric_val) = (['ssg', 2, 'global_add_pool', 7500], 0.9925)
INFO:nas.trainer:eval | (sampled_gnn, metric_val) = (['gcn', 2, 'global_max_pool', 4500], 0.995)
INFO:nas.trainer:eval | (sampled_gnn, metric_val) = (['gcn', 2, 'global_max_pool', 6500], 0.985)
INFO:nas.trainer:eval | (sampled_gnn, metric_val) = (['gcn', 2, 'global_max_pool', 7500], 0.995)
INFO:nas.trainer:eval | (sampled_gnn, metric_val) = (['gcn', 2, 'global_max_pool', 7500], 0.995)
INFO:nas.trainer:eval | (sampled_gnn, metric_val) = (['gcn', 2, 'global_max_pool', 7500], 0.9975)
INFO:nas.trainer:eval | (sampled_gnn, metric_val) = (['gcn', 2, 'global_max_pool', 7500], 0.9925)
INFO:nas.trainer:eval | (sampled_gnn, metric_val) = (['gcn', 2, 'global_max_pool', 4500], 0.9925)
INFO:nas.trainer:train | 11 era_time 16562.310002326965
INFO:nas.trainer:eval | (sampled_gnn, metric_val) = (['sage', 2, 'global_max_pool', 8000], 0.9775)
INFO:nas.trainer:eval | (sampled_gnn, metric_val) = (['gin', 2, 'global_max_pool', 8000], 0.9925)
INFO:nas.trainer:eval | (sampled_gnn, metric_val) = (['gcn', 2, 'global_max_pool', 3500], 0.9925)
INFO:nas.trainer:eval | (sampled_gnn, metric_val) = (['gin', 2, 'global_max_pool', 7000], 0.9925)
INFO:nas.trainer:eval | (sampled_gnn, metric_val) = (['gcn', 2, 'global_max_pool', 7000], 0.995)
INFO:nas.trainer:eval | (sampled_gnn, metric_val) = (['ssg', 2, 'global_max_pool', 7500], 0.9875)
INFO:nas.trainer:eval | (sampled_gnn, metric_val) = (['gcn', 2, 'global_max_pool', 4500], 0.995)
INFO:nas.trainer:eval | (sampled_gnn, metric_val) = (['gcn', 2, 'global_max_pool', 4500], 0.9875)
INFO:nas.trainer:eval | (sampled_gnn, metric_val) = (['sage', 2, 'global_max_pool', 6500], 0.99)
INFO:nas.trainer:eval | (sampled_gnn, metric_val) = (['gcn', 2, 'global_max_pool', 6500], 0.9925)
INFO:nas.trainer:eval | (sampled_gnn, metric_val) = (['gcn', 2, 'global_mean_pool', 4500], 0.99)
INFO:nas.trainer:eval | (sampled_gnn, metric_val) = (['gcn', 2, 'global_max_pool', 5000], 0.9925)
INFO:nas.trainer:eval | (sampled_gnn, metric_val) = (['gcn', 2, 'global_max_pool', 4500], 0.9975)
INFO:nas.trainer:eval | (sampled_gnn, metric_val) = (['ssg', 2, 'global_max_pool', 7500], 0.99)
INFO:nas.trainer:eval | (sampled_gnn, metric_val) = (['gin', 2, 'global_max_pool', 5000], 0.9825)
INFO:nas.trainer:eval | (sampled_gnn, metric_val) = (['gcn', 2, 'global_max_pool', 7000], 0.99)
INFO:nas.trainer:eval | (sampled_gnn, metric_val) = (['sg', 2, 'global_max_pool', 7500], 0.99)
INFO:nas.trainer:eval | (sampled_gnn, metric_val) = (['gcn', 2, 'global_max_pool', 6500], 0.9875)
INFO:nas.trainer:eval | (sampled_gnn, metric_val) = (['ssg', 2, 'global_max_pool', 7000], 0.9925)
INFO:nas.trainer:eval | (sampled_gnn, metric_val) = (['gcn', 2, 'global_max_pool', 7000], 0.99)
INFO:nas.trainer:train | 12 era_time 16045.10395693779
INFO:nas.trainer:eval | (sampled_gnn, metric_val) = (['gcn', 2, 'global_max_pool', 6500], 0.995)
INFO:nas.trainer:eval | (sampled_gnn, metric_val) = (['gin', 2, 'global_max_pool', 7000], 0.9925)
INFO:nas.trainer:eval | (sampled_gnn, metric_val) = (['ssg', 2, 'global_max_pool', 5000], 0.9925)
INFO:nas.trainer:eval | (sampled_gnn, metric_val) = (['gin', 2, 'global_max_pool', 8000], 0.99)
INFO:nas.trainer:eval | (sampled_gnn, metric_val) = (['gcn', 2, 'global_max_pool', 4500], 0.99)
INFO:nas.trainer:eval | (sampled_gnn, metric_val) = (['gin', 2, 'global_max_pool', 8000], 0.9975)
INFO:nas.trainer:eval | (sampled_gnn, metric_val) = (['gcn', 2, 'global_max_pool', 5000], 0.9925)
INFO:nas.trainer:eval | (sampled_gnn, metric_val) = (['gcn', 2, 'global_max_pool', 4500], 0.995)
INFO:nas.trainer:eval | (sampled_gnn, metric_val) = (['ssg', 2, 'global_max_pool', 5000], 0.99)
INFO:nas.trainer:eval | (sampled_gnn, metric_val) = (['tag', 2, 'global_max_pool', 5000], 0.985)
INFO:nas.trainer:eval | (sampled_gnn, metric_val) = (['gcn', 2, 'global_max_pool', 3500], 0.9925)
INFO:nas.trainer:eval | (sampled_gnn, metric_val) = (['gcn', 2, 'global_max_pool', 7500], 0.9875)
INFO:nas.trainer:eval | (sampled_gnn, metric_val) = (['gcn', 2, 'global_max_pool', 7500], 0.9925)
INFO:nas.trainer:eval | (sampled_gnn, metric_val) = (['ssg', 2, 'global_max_pool', 3500], 0.99)
INFO:nas.trainer:eval | (sampled_gnn, metric_val) = (['gin', 2, 'global_max_pool', 7000], 0.9925)
INFO:nas.trainer:eval | (sampled_gnn, metric_val) = (['sage', 2, 'global_max_pool', 5000], 0.9875)
INFO:nas.trainer:eval | (sampled_gnn, metric_val) = (['gcn', 2, 'global_max_pool', 4500], 0.995)
INFO:nas.trainer:eval | (sampled_gnn, metric_val) = (['gin', 2, 'global_max_pool', 5000], 0.985)
INFO:nas.trainer:eval | (sampled_gnn, metric_val) = (['gcn', 2, 'global_max_pool', 7500], 0.9925)
INFO:nas.trainer:eval | (sampled_gnn, metric_val) = (['ssg', 2, 'global_max_pool', 5000], 0.995)
INFO:nas.trainer:train | 13 era_time 15104.288209438324
INFO:nas.trainer:eval | (sampled_gnn, metric_val) = (['ssg', 2, 'global_max_pool', 5000], 0.985)
INFO:nas.trainer:eval | (sampled_gnn, metric_val) = (['gin', 2, 'global_add_pool', 6500], 0.9925)
INFO:nas.trainer:eval | (sampled_gnn, metric_val) = (['gcn', 2, 'global_max_pool', 7500], 0.99)
INFO:nas.trainer:eval | (sampled_gnn, metric_val) = (['gcn', 2, 'global_max_pool', 7500], 0.9925)
INFO:nas.trainer:eval | (sampled_gnn, metric_val) = (['gcn', 2, 'global_max_pool', 7000], 0.985)
INFO:nas.trainer:eval | (sampled_gnn, metric_val) = (['gcn', 2, 'global_max_pool', 4500], 0.995)
INFO:nas.trainer:eval | (sampled_gnn, metric_val) = (['gcn', 2, 'global_max_pool', 8000], 0.995)
INFO:nas.trainer:eval | (sampled_gnn, metric_val) = (['gcn', 2, 'global_max_pool', 7500], 0.9875)
INFO:nas.trainer:eval | (sampled_gnn, metric_val) = (['gcn', 2, 'global_max_pool', 5500], 0.99)
INFO:nas.trainer:eval | (sampled_gnn, metric_val) = (['gcn', 2, 'global_add_pool', 6000], 0.9925)
INFO:nas.trainer:eval | (sampled_gnn, metric_val) = (['gin', 2, 'global_max_pool', 4500], 0.995)
INFO:nas.trainer:eval | (sampled_gnn, metric_val) = (['ssg', 2, 'global_max_pool', 5500], 0.99)
INFO:nas.trainer:eval | (sampled_gnn, metric_val) = (['gcn', 2, 'global_max_pool', 7500], 0.99)
INFO:nas.trainer:eval | (sampled_gnn, metric_val) = (['sg', 2, 'global_max_pool', 7500], 0.99)
INFO:nas.trainer:eval | (sampled_gnn, metric_val) = (['gin', 2, 'global_max_pool', 4500], 0.84)
INFO:nas.trainer:eval | (sampled_gnn, metric_val) = (['gmm', 2, 'global_max_pool', 7500], 0.9875)
INFO:nas.trainer:eval | (sampled_gnn, metric_val) = (['ssg', 2, 'global_max_pool', 6500], 0.99)
INFO:nas.trainer:eval | (sampled_gnn, metric_val) = (['gcn', 2, 'global_max_pool', 8000], 0.9925)
INFO:nas.trainer:eval | (sampled_gnn, metric_val) = (['gcn', 2, 'global_max_pool', 4500], 0.9875)
INFO:nas.trainer:eval | (sampled_gnn, metric_val) = (['gcn', 2, 'global_max_pool', 6500], 0.9925)
INFO:nas.trainer:train | 14 era_time 17578.665118455887
INFO:nas.trainer:eval | (sampled_gnn, metric_val) = (['gcn', 2, 'global_mean_pool', 6500], 0.985)
INFO:nas.trainer:eval | (sampled_gnn, metric_val) = (['gcn', 2, 'global_max_pool', 6500], 0.9925)
INFO:nas.trainer:eval | (sampled_gnn, metric_val) = (['gmm', 2, 'global_max_pool', 6500], 0.985)
INFO:nas.trainer:eval | (sampled_gnn, metric_val) = (['gcn', 2, 'global_max_pool', 5000], 0.9875)
INFO:nas.trainer:eval | (sampled_gnn, metric_val) = (['ssg', 2, 'global_max_pool', 8000], 0.99)
INFO:nas.trainer:eval | (sampled_gnn, metric_val) = (['ssg', 2, 'global_max_pool', 7500], 0.9925)
INFO:nas.trainer:eval | (sampled_gnn, metric_val) = (['ssg', 2, 'global_max_pool', 6500], 0.9875)
INFO:nas.trainer:eval | (sampled_gnn, metric_val) = (['ssg', 2, 'global_max_pool', 8000], 0.9925)
INFO:nas.trainer:eval | (sampled_gnn, metric_val) = (['gcn', 2, 'global_max_pool', 4500], 0.9925)
INFO:nas.trainer:eval | (sampled_gnn, metric_val) = (['gcn', 2, 'global_max_pool', 7500], 0.9925)
INFO:nas.trainer:eval | (sampled_gnn, metric_val) = (['gcn', 2, 'global_max_pool', 6500], 0.99)
INFO:nas.trainer:eval | (sampled_gnn, metric_val) = (['gcn', 2, 'global_max_pool', 6500], 0.9925)
INFO:nas.trainer:eval | (sampled_gnn, metric_val) = (['gcn', 2, 'global_max_pool', 7000], 0.9875)
INFO:nas.trainer:eval | (sampled_gnn, metric_val) = (['gcn', 2, 'global_max_pool', 5000], 0.9875)
INFO:nas.trainer:eval | (sampled_gnn, metric_val) = (['gcn', 2, 'global_max_pool', 5000], 0.995)
INFO:nas.trainer:eval | (sampled_gnn, metric_val) = (['gmm', 2, 'global_max_pool', 7500], 0.99)
INFO:nas.trainer:eval | (sampled_gnn, metric_val) = (['gcn', 2, 'global_max_pool', 7000], 0.99)
INFO:nas.trainer:eval | (sampled_gnn, metric_val) = (['gcn', 2, 'global_max_pool', 7500], 0.9875)
INFO:nas.trainer:eval | (sampled_gnn, metric_val) = (['gcn', 2, 'global_max_pool', 4500], 0.985)
INFO:nas.trainer:eval | (sampled_gnn, metric_val) = (['ssg', 2, 'global_max_pool', 4500], 0.9875)
INFO:nas.trainer:train | 15 era_time 17696.15630888939
INFO:nas.trainer:eval | (sampled_gnn, metric_val) = (['gcn', 2, 'global_max_pool', 6500], 0.9975)
INFO:nas.trainer:eval | (sampled_gnn, metric_val) = (['gcn', 2, 'global_max_pool', 6500], 0.985)
INFO:nas.trainer:eval | (sampled_gnn, metric_val) = (['ssg', 2, 'global_max_pool', 6500], 0.9875)
INFO:nas.trainer:eval | (sampled_gnn, metric_val) = (['gcn', 2, 'global_max_pool', 7000], 0.99)
INFO:nas.trainer:eval | (sampled_gnn, metric_val) = (['ssg', 2, 'global_max_pool', 8000], 0.9875)
INFO:nas.trainer:eval | (sampled_gnn, metric_val) = (['gcn', 2, 'global_max_pool', 7500], 0.995)
INFO:nas.trainer:eval | (sampled_gnn, metric_val) = (['gin', 2, 'global_max_pool', 7500], 0.9875)
INFO:nas.trainer:eval | (sampled_gnn, metric_val) = (['gcn', 2, 'global_max_pool', 6000], 0.99)
INFO:nas.trainer:eval | (sampled_gnn, metric_val) = (['gcn', 2, 'global_max_pool', 8000], 0.99)
INFO:nas.trainer:eval | (sampled_gnn, metric_val) = (['gcn', 2, 'global_max_pool', 3500], 0.9875)
INFO:nas.trainer:eval | (sampled_gnn, metric_val) = (['gcn', 2, 'global_max_pool', 5000], 0.9925)
INFO:nas.trainer:eval | (sampled_gnn, metric_val) = (['gcn', 2, 'global_max_pool', 5000], 0.995)
INFO:nas.trainer:eval | (sampled_gnn, metric_val) = (['gcn', 2, 'global_max_pool', 7500], 0.9975)
INFO:nas.trainer:eval | (sampled_gnn, metric_val) = (['sage', 2, 'global_max_pool', 4500], 0.995)
INFO:nas.trainer:eval | (sampled_gnn, metric_val) = (['gcn', 2, 'global_max_pool', 4500], 0.9925)
INFO:nas.trainer:eval | (sampled_gnn, metric_val) = (['tag', 2, 'global_max_pool', 6500], 0.995)
INFO:nas.trainer:eval | (sampled_gnn, metric_val) = (['gcn', 2, 'global_max_pool', 8000], 0.9975)
INFO:nas.trainer:eval | (sampled_gnn, metric_val) = (['gmm', 2, 'global_max_pool', 7500], 0.99)
INFO:nas.trainer:eval | (sampled_gnn, metric_val) = (['ssg', 2, 'global_max_pool', 7500], 0.99)
INFO:nas.trainer:eval | (sampled_gnn, metric_val) = (['ssg', 2, 'global_max_pool', 7000], 0.9925)
INFO:nas.trainer:train | 16 era_time 16813.75335597992
INFO:nas.trainer:eval | (sampled_gnn, metric_val) = (['ssg', 2, 'global_max_pool', 6500], 0.99)
INFO:nas.trainer:eval | (sampled_gnn, metric_val) = (['gcn', 2, 'global_max_pool', 6500], 0.995)
INFO:nas.trainer:eval | (sampled_gnn, metric_val) = (['gcn', 2, 'global_max_pool', 7500], 0.9925)
INFO:nas.trainer:eval | (sampled_gnn, metric_val) = (['gin', 2, 'global_max_pool', 4500], 0.9925)
INFO:nas.trainer:eval | (sampled_gnn, metric_val) = (['gcn', 2, 'global_max_pool', 8000], 0.9925)
INFO:nas.trainer:eval | (sampled_gnn, metric_val) = (['gcn', 2, 'global_max_pool', 7500], 0.985)
INFO:nas.trainer:eval | (sampled_gnn, metric_val) = (['ssg', 2, 'global_max_pool', 7000], 0.99)
INFO:nas.trainer:eval | (sampled_gnn, metric_val) = (['gcn', 2, 'global_max_pool', 6500], 0.9975)
INFO:nas.trainer:eval | (sampled_gnn, metric_val) = (['gcn', 2, 'global_max_pool', 7500], 0.9875)
INFO:nas.trainer:eval | (sampled_gnn, metric_val) = (['ssg', 2, 'global_max_pool', 5000], 0.985)
INFO:nas.trainer:eval | (sampled_gnn, metric_val) = (['gcn', 2, 'global_max_pool', 5000], 0.995)
INFO:nas.trainer:eval | (sampled_gnn, metric_val) = (['gcn', 2, 'global_max_pool', 6500], 0.99)
INFO:nas.trainer:eval | (sampled_gnn, metric_val) = (['gcn', 2, 'global_add_pool', 6500], 0.9925)
INFO:nas.trainer:eval | (sampled_gnn, metric_val) = (['ssg', 2, 'global_add_pool', 4500], 0.9925)
INFO:nas.trainer:eval | (sampled_gnn, metric_val) = (['gcn', 2, 'global_max_pool', 7500], 0.9875)
INFO:nas.trainer:eval | (sampled_gnn, metric_val) = (['gcn', 2, 'global_max_pool', 7000], 0.9875)
INFO:nas.trainer:eval | (sampled_gnn, metric_val) = (['gcn', 2, 'global_max_pool', 7000], 0.99)
INFO:nas.trainer:eval | (sampled_gnn, metric_val) = (['gcn', 2, 'global_max_pool', 7500], 0.9975)
INFO:nas.trainer:eval | (sampled_gnn, metric_val) = (['gcn', 2, 'global_max_pool', 8000], 0.9875)
INFO:nas.trainer:eval | (sampled_gnn, metric_val) = (['gin', 2, 'global_max_pool', 7500], 0.995)
INFO:nas.trainer:train | 17 era_time 17320.631370782852
INFO:nas.trainer:eval | (sampled_gnn, metric_val) = (['ssg', 2, 'global_max_pool', 5000], 0.9875)
INFO:nas.trainer:eval | (sampled_gnn, metric_val) = (['gin', 2, 'global_max_pool', 4500], 0.995)
INFO:nas.trainer:eval | (sampled_gnn, metric_val) = (['ssg', 2, 'global_max_pool', 6500], 0.99)
INFO:nas.trainer:eval | (sampled_gnn, metric_val) = (['gcn', 2, 'global_max_pool', 5000], 0.99)
INFO:nas.trainer:eval | (sampled_gnn, metric_val) = (['gcn', 2, 'global_max_pool', 7500], 0.9925)
INFO:nas.trainer:eval | (sampled_gnn, metric_val) = (['gcn', 2, 'global_max_pool', 5000], 0.99)
INFO:nas.trainer:eval | (sampled_gnn, metric_val) = (['gcn', 2, 'global_max_pool', 7500], 0.995)
INFO:nas.trainer:eval | (sampled_gnn, metric_val) = (['ssg', 2, 'global_max_pool', 5000], 0.99)
INFO:nas.trainer:eval | (sampled_gnn, metric_val) = (['gcn', 2, 'global_max_pool', 7500], 0.985)
INFO:nas.trainer:eval | (sampled_gnn, metric_val) = (['gcn', 2, 'global_max_pool', 6500], 0.9925)
INFO:nas.trainer:eval | (sampled_gnn, metric_val) = (['gin', 2, 'global_max_pool', 7500], 0.9925)
INFO:nas.trainer:eval | (sampled_gnn, metric_val) = (['gcn', 2, 'global_max_pool', 6500], 0.9925)
INFO:nas.trainer:eval | (sampled_gnn, metric_val) = (['gcn', 2, 'global_max_pool', 8000], 0.9875)
INFO:nas.trainer:eval | (sampled_gnn, metric_val) = (['gcn', 2, 'global_max_pool', 7000], 0.99)
INFO:nas.trainer:eval | (sampled_gnn, metric_val) = (['gcn', 2, 'global_max_pool', 5000], 0.995)
INFO:nas.trainer:eval | (sampled_gnn, metric_val) = (['gat', 2, 'global_add_pool', 7500], 0.9925)
INFO:nas.trainer:eval | (sampled_gnn, metric_val) = (['gin', 2, 'global_max_pool', 4500], 0.9925)
INFO:nas.trainer:eval | (sampled_gnn, metric_val) = (['gcn', 2, 'global_max_pool', 8000], 0.99)
INFO:nas.trainer:eval | (sampled_gnn, metric_val) = (['ssg', 2, 'global_max_pool', 7500], 0.985)
INFO:nas.trainer:eval | (sampled_gnn, metric_val) = (['gcn', 2, 'global_max_pool', 4500], 0.9925)
INFO:nas.trainer:train | 18 era_time 16800.01449584961
INFO:nas.trainer:eval | (sampled_gnn, metric_val) = (['gcn', 2, 'global_max_pool', 5000], 0.9925)
INFO:nas.trainer:eval | (sampled_gnn, metric_val) = (['ssg', 2, 'global_max_pool', 5000], 0.99)
INFO:nas.trainer:eval | (sampled_gnn, metric_val) = (['gin', 2, 'global_max_pool', 4500], 0.99)
INFO:nas.trainer:eval | (sampled_gnn, metric_val) = (['gin', 2, 'global_max_pool', 5000], 0.995)
INFO:nas.trainer:eval | (sampled_gnn, metric_val) = (['gcn', 2, 'global_max_pool', 4500], 0.99)
INFO:nas.trainer:eval | (sampled_gnn, metric_val) = (['sg', 2, 'global_max_pool', 7000], 0.99)
INFO:nas.trainer:eval | (sampled_gnn, metric_val) = (['gcn', 2, 'global_max_pool', 4500], 0.9975)
INFO:nas.trainer:eval | (sampled_gnn, metric_val) = (['gcn', 2, 'global_max_pool', 6500], 0.9875)
INFO:nas.trainer:eval | (sampled_gnn, metric_val) = (['gcn', 2, 'global_max_pool', 8000], 0.9925)
INFO:nas.trainer:eval | (sampled_gnn, metric_val) = (['ssg', 2, 'global_max_pool', 7000], 0.985)
INFO:nas.trainer:eval | (sampled_gnn, metric_val) = (['gcn', 2, 'global_add_pool', 7500], 0.9925)
INFO:nas.trainer:eval | (sampled_gnn, metric_val) = (['gin', 2, 'global_max_pool', 5000], 0.9825)
INFO:nas.trainer:eval | (sampled_gnn, metric_val) = (['gin', 2, 'global_max_pool', 7000], 0.995)
INFO:nas.trainer:eval | (sampled_gnn, metric_val) = (['gcn', 2, 'global_add_pool', 8000], 0.995)
INFO:nas.trainer:eval | (sampled_gnn, metric_val) = (['gcn', 2, 'global_max_pool', 4500], 0.99)
INFO:nas.trainer:eval | (sampled_gnn, metric_val) = (['ssg', 2, 'global_max_pool', 6500], 0.9875)
INFO:nas.trainer:eval | (sampled_gnn, metric_val) = (['gcn', 2, 'global_max_pool', 5000], 0.985)
INFO:nas.trainer:eval | (sampled_gnn, metric_val) = (['gcn', 2, 'global_max_pool', 6500], 0.99)
INFO:nas.trainer:eval | (sampled_gnn, metric_val) = (['gcn', 2, 'global_add_pool', 8000], 0.99)
INFO:nas.trainer:eval | (sampled_gnn, metric_val) = (['ssg', 2, 'global_add_pool', 7500], 0.9975)
INFO:nas.trainer:train | 19 era_time 16581.355370759964
INFO:nas.trainer:eval | (sampled_gnn, metric_val) = (['gcn', 2, 'global_max_pool', 5000], 0.995)
INFO:nas.trainer:eval | (sampled_gnn, metric_val) = (['ssg', 2, 'global_max_pool', 7500], 0.99)
INFO:nas.trainer:eval | (sampled_gnn, metric_val) = (['sg', 2, 'global_max_pool', 4500], 0.9875)
INFO:nas.trainer:eval | (sampled_gnn, metric_val) = (['gcn', 2, 'global_max_pool', 7000], 0.995)
INFO:nas.trainer:eval | (sampled_gnn, metric_val) = (['gin', 2, 'global_max_pool', 7500], 0.9925)
INFO:nas.trainer:eval | (sampled_gnn, metric_val) = (['gcn', 2, 'global_max_pool', 7500], 0.99)
INFO:nas.trainer:eval | (sampled_gnn, metric_val) = (['gcn', 2, 'global_max_pool', 5000], 0.99)
INFO:nas.trainer:eval | (sampled_gnn, metric_val) = (['gcn', 2, 'global_add_pool', 7000], 0.995)
INFO:nas.trainer:eval | (sampled_gnn, metric_val) = (['ssg', 2, 'global_max_pool', 5000], 0.985)
INFO:nas.trainer:eval | (sampled_gnn, metric_val) = (['gin', 2, 'global_max_pool', 6500], 0.9875)
INFO:nas.trainer:eval | (sampled_gnn, metric_val) = (['gcn', 2, 'global_max_pool', 5000], 0.9925)
INFO:nas.trainer:eval | (sampled_gnn, metric_val) = (['gcn', 2, 'global_max_pool', 5500], 0.99)
INFO:nas.trainer:eval | (sampled_gnn, metric_val) = (['gcn', 2, 'global_max_pool', 4500], 0.9875)
INFO:nas.trainer:eval | (sampled_gnn, metric_val) = (['gcn', 2, 'global_add_pool', 5000], 0.99)
INFO:nas.trainer:eval | (sampled_gnn, metric_val) = (['gcn', 2, 'global_max_pool', 5000], 0.995)
INFO:nas.trainer:eval | (sampled_gnn, metric_val) = (['gcn', 2, 'global_max_pool', 5000], 0.995)
INFO:nas.trainer:eval | (sampled_gnn, metric_val) = (['gcn', 2, 'global_add_pool', 6500], 0.995)
INFO:nas.trainer:eval | (sampled_gnn, metric_val) = (['gcn', 2, 'global_max_pool', 7000], 0.9875)
INFO:nas.trainer:eval | (sampled_gnn, metric_val) = (['gcn', 2, 'global_add_pool', 6500], 0.995)
INFO:nas.trainer:eval | (sampled_gnn, metric_val) = (['gcn', 2, 'global_max_pool', 6000], 0.9925)
INFO:nas.trainer:train | 20 era_time 15967.474023342133
INFO:nas.trainer:eval | (sampled_gnn, metric_val) = (['gcn', 2, 'global_add_pool', 5000], 0.9925)
INFO:nas.trainer:eval | (sampled_gnn, metric_val) = (['gcn', 2, 'global_add_pool', 5000], 0.9925)
INFO:nas.trainer:eval | (sampled_gnn, metric_val) = (['gcn', 2, 'global_max_pool', 7500], 0.9925)
INFO:nas.trainer:eval | (sampled_gnn, metric_val) = (['gcn', 2, 'global_add_pool', 6500], 0.995)
INFO:nas.trainer:eval | (sampled_gnn, metric_val) = (['gin', 2, 'global_add_pool', 5000], 0.985)
INFO:nas.trainer:eval | (sampled_gnn, metric_val) = (['gcn', 2, 'global_add_pool', 4500], 0.995)
INFO:nas.trainer:eval | (sampled_gnn, metric_val) = (['gcn', 2, 'global_max_pool', 4500], 0.9975)
INFO:nas.trainer:eval | (sampled_gnn, metric_val) = (['ssg', 2, 'global_max_pool', 4500], 0.995)
INFO:nas.trainer:eval | (sampled_gnn, metric_val) = (['gcn', 2, 'global_add_pool', 7000], 0.9925)
INFO:nas.trainer:eval | (sampled_gnn, metric_val) = (['gcn', 2, 'global_add_pool', 7500], 0.9925)
INFO:nas.trainer:eval | (sampled_gnn, metric_val) = (['ssg', 2, 'global_max_pool', 8000], 0.99)
INFO:nas.trainer:eval | (sampled_gnn, metric_val) = (['gcn', 2, 'global_max_pool', 6500], 0.9925)
INFO:nas.trainer:eval | (sampled_gnn, metric_val) = (['gcn', 2, 'global_add_pool', 4500], 0.9975)
INFO:nas.trainer:eval | (sampled_gnn, metric_val) = (['gcn', 2, 'global_add_pool', 7000], 0.995)
INFO:nas.trainer:eval | (sampled_gnn, metric_val) = (['gcn', 2, 'global_add_pool', 7500], 0.99)
INFO:nas.trainer:eval | (sampled_gnn, metric_val) = (['gcn', 2, 'global_add_pool', 8000], 0.9925)
INFO:nas.trainer:eval | (sampled_gnn, metric_val) = (['gcn', 2, 'global_add_pool', 8000], 0.995)
INFO:nas.trainer:eval | (sampled_gnn, metric_val) = (['gcn', 2, 'global_add_pool', 8000], 0.995)
INFO:nas.trainer:eval | (sampled_gnn, metric_val) = (['ssg', 2, 'global_add_pool', 7000], 0.9925)
INFO:nas.trainer:eval | (sampled_gnn, metric_val) = (['gin', 2, 'global_max_pool', 8000], 0.99)
INFO:nas.trainer:train | 21 era_time 16744.846499443054
INFO:nas.trainer:eval | (sampled_gnn, metric_val) = (['gcn', 2, 'global_add_pool', 4500], 0.99)
INFO:nas.trainer:eval | (sampled_gnn, metric_val) = (['gcn', 2, 'global_add_pool', 5000], 0.9925)
INFO:nas.trainer:eval | (sampled_gnn, metric_val) = (['gcn', 2, 'global_add_pool', 6500], 0.99)
INFO:nas.trainer:eval | (sampled_gnn, metric_val) = (['gcn', 2, 'global_add_pool', 7500], 0.9925)
INFO:nas.trainer:eval | (sampled_gnn, metric_val) = (['gcn', 2, 'global_add_pool', 7000], 0.9975)
INFO:nas.trainer:eval | (sampled_gnn, metric_val) = (['gcn', 2, 'global_add_pool', 4500], 0.9925)
INFO:nas.trainer:eval | (sampled_gnn, metric_val) = (['gcn', 2, 'global_max_pool', 4500], 0.9925)
INFO:nas.trainer:eval | (sampled_gnn, metric_val) = (['gcn', 2, 'global_add_pool', 4500], 0.995)
INFO:nas.trainer:eval | (sampled_gnn, metric_val) = (['gcn', 2, 'global_max_pool', 8000], 0.99)
INFO:nas.trainer:eval | (sampled_gnn, metric_val) = (['gcn', 2, 'global_add_pool', 5000], 0.995)
INFO:nas.trainer:eval | (sampled_gnn, metric_val) = (['gcn', 2, 'global_add_pool', 6500], 0.99)
INFO:nas.trainer:eval | (sampled_gnn, metric_val) = (['gcn', 2, 'global_add_pool', 4500], 0.99)
INFO:nas.trainer:eval | (sampled_gnn, metric_val) = (['gcn', 2, 'global_add_pool', 7000], 0.99)
INFO:nas.trainer:eval | (sampled_gnn, metric_val) = (['gcn', 2, 'global_add_pool', 4500], 0.99)
INFO:nas.trainer:eval | (sampled_gnn, metric_val) = (['ssg', 2, 'global_add_pool', 7000], 0.995)
INFO:nas.trainer:eval | (sampled_gnn, metric_val) = (['gin', 2, 'global_max_pool', 6500], 0.9925)
INFO:nas.trainer:eval | (sampled_gnn, metric_val) = (['gcn', 2, 'global_max_pool', 4500], 0.9975)
INFO:nas.trainer:eval | (sampled_gnn, metric_val) = (['gcn', 2, 'global_add_pool', 7000], 0.9925)
INFO:nas.trainer:eval | (sampled_gnn, metric_val) = (['gcn', 2, 'global_add_pool', 4500], 0.99)
INFO:nas.trainer:eval | (sampled_gnn, metric_val) = (['gcn', 2, 'global_add_pool', 4500], 0.99)
INFO:nas.trainer:train | 22 era_time 14668.724312782288
INFO:nas.trainer:eval | (sampled_gnn, metric_val) = (['gcn', 2, 'global_add_pool', 7500], 0.9925)
INFO:nas.trainer:eval | (sampled_gnn, metric_val) = (['gcn', 2, 'global_add_pool', 4500], 0.99)
INFO:nas.trainer:eval | (sampled_gnn, metric_val) = (['ssg', 2, 'global_add_pool', 6500], 0.995)
INFO:nas.trainer:eval | (sampled_gnn, metric_val) = (['ssg', 2, 'global_add_pool', 4500], 0.995)
INFO:nas.trainer:eval | (sampled_gnn, metric_val) = (['gcn', 2, 'global_add_pool', 5000], 0.9975)
INFO:nas.trainer:eval | (sampled_gnn, metric_val) = (['gcn', 2, 'global_add_pool', 7000], 0.99)
INFO:nas.trainer:eval | (sampled_gnn, metric_val) = (['sg', 2, 'global_add_pool', 5000], 0.9925)
INFO:nas.trainer:eval | (sampled_gnn, metric_val) = (['gat', 2, 'global_add_pool', 6500], 0.985)
INFO:nas.trainer:eval | (sampled_gnn, metric_val) = (['gcn', 2, 'global_add_pool', 6500], 0.995)
INFO:nas.trainer:eval | (sampled_gnn, metric_val) = (['gcn', 2, 'global_max_pool', 5000], 0.99)
INFO:nas.trainer:eval | (sampled_gnn, metric_val) = (['gcn', 2, 'global_add_pool', 6500], 0.995)
INFO:nas.trainer:eval | (sampled_gnn, metric_val) = (['gcn', 2, 'global_add_pool', 7500], 0.9925)
INFO:nas.trainer:eval | (sampled_gnn, metric_val) = (['sg', 2, 'global_add_pool', 7500], 0.9875)
INFO:nas.trainer:eval | (sampled_gnn, metric_val) = (['ssg', 2, 'global_add_pool', 4500], 0.995)
INFO:nas.trainer:eval | (sampled_gnn, metric_val) = (['gcn', 2, 'global_max_pool', 3500], 0.99)
INFO:nas.trainer:eval | (sampled_gnn, metric_val) = (['gcn', 2, 'global_add_pool', 7500], 0.995)
INFO:nas.trainer:eval | (sampled_gnn, metric_val) = (['gcn', 2, 'global_add_pool', 4500], 0.9925)
INFO:nas.trainer:eval | (sampled_gnn, metric_val) = (['gcn', 2, 'global_max_pool', 7000], 0.995)
INFO:nas.trainer:eval | (sampled_gnn, metric_val) = (['ssg', 2, 'global_add_pool', 6500], 0.9925)
INFO:nas.trainer:eval | (sampled_gnn, metric_val) = (['ssg', 2, 'global_add_pool', 7000], 0.9875)
INFO:nas.trainer:train | 23 era_time 15634.543266773224
INFO:nas.trainer:eval | (sampled_gnn, metric_val) = (['gcn', 2, 'global_max_pool', 6500], 0.99)
INFO:nas.trainer:eval | (sampled_gnn, metric_val) = (['gcn', 2, 'global_add_pool', 6500], 0.9925)
INFO:nas.trainer:eval | (sampled_gnn, metric_val) = (['gcn', 2, 'global_max_pool', 4500], 0.9875)
INFO:nas.trainer:eval | (sampled_gnn, metric_val) = (['gcn', 2, 'global_max_pool', 8000], 0.9975)
INFO:nas.trainer:eval | (sampled_gnn, metric_val) = (['gcn', 2, 'global_max_pool', 7000], 0.9975)
INFO:nas.trainer:eval | (sampled_gnn, metric_val) = (['gcn', 2, 'global_add_pool', 7500], 0.9925)
INFO:nas.trainer:eval | (sampled_gnn, metric_val) = (['gcn', 2, 'global_add_pool', 4500], 0.9925)
INFO:nas.trainer:eval | (sampled_gnn, metric_val) = (['gcn', 2, 'global_add_pool', 7500], 0.995)
INFO:nas.trainer:eval | (sampled_gnn, metric_val) = (['gcn', 2, 'global_add_pool', 4500], 0.9925)
INFO:nas.trainer:eval | (sampled_gnn, metric_val) = (['gcn', 2, 'global_add_pool', 6500], 0.9875)
INFO:nas.trainer:eval | (sampled_gnn, metric_val) = (['gcn', 2, 'global_add_pool', 4500], 0.9975)
INFO:nas.trainer:eval | (sampled_gnn, metric_val) = (['ssg', 2, 'global_add_pool', 6500], 0.9925)
INFO:nas.trainer:eval | (sampled_gnn, metric_val) = (['ssg', 2, 'global_add_pool', 6500], 0.9975)
INFO:nas.trainer:eval | (sampled_gnn, metric_val) = (['gin', 2, 'global_max_pool', 6500], 0.98)
INFO:nas.trainer:eval | (sampled_gnn, metric_val) = (['ssg', 2, 'global_add_pool', 4500], 0.9975)
INFO:nas.trainer:eval | (sampled_gnn, metric_val) = (['gcn', 2, 'global_add_pool', 8000], 0.9925)
INFO:nas.trainer:eval | (sampled_gnn, metric_val) = (['ssg', 2, 'global_max_pool', 7000], 0.99)
INFO:nas.trainer:eval | (sampled_gnn, metric_val) = (['gcn', 2, 'global_add_pool', 7000], 0.99)
INFO:nas.trainer:eval | (sampled_gnn, metric_val) = (['gcn', 2, 'global_add_pool', 7000], 0.9925)
INFO:nas.trainer:eval | (sampled_gnn, metric_val) = (['gcn', 2, 'global_add_pool', 7500], 0.985)
INFO:nas.trainer:train | 24 era_time 16922.820637226105
INFO:nas.trainer:eval | (sampled_gnn, metric_val) = (['gcn', 2, 'global_max_pool', 4500], 0.9925)
INFO:nas.trainer:eval | (sampled_gnn, metric_val) = (['ssg', 2, 'global_add_pool', 7500], 0.995)
INFO:nas.trainer:eval | (sampled_gnn, metric_val) = (['gcn', 2, 'global_add_pool', 7500], 0.995)
INFO:nas.trainer:eval | (sampled_gnn, metric_val) = (['gcn', 2, 'global_add_pool', 7500], 0.99)
INFO:nas.trainer:eval | (sampled_gnn, metric_val) = (['ssg', 2, 'global_add_pool', 6500], 0.99)
INFO:nas.trainer:eval | (sampled_gnn, metric_val) = (['gcn', 2, 'global_add_pool', 5000], 0.995)
INFO:nas.trainer:eval | (sampled_gnn, metric_val) = (['ssg', 2, 'global_add_pool', 7000], 0.9925)
INFO:nas.trainer:eval | (sampled_gnn, metric_val) = (['gin', 2, 'global_add_pool', 7500], 0.9925)
INFO:nas.trainer:eval | (sampled_gnn, metric_val) = (['gcn', 2, 'global_add_pool', 6500], 0.9925)
INFO:nas.trainer:eval | (sampled_gnn, metric_val) = (['gcn', 2, 'global_mean_pool', 7500], 0.9875)
INFO:nas.trainer:eval | (sampled_gnn, metric_val) = (['gcn', 2, 'global_add_pool', 7500], 0.995)
INFO:nas.trainer:eval | (sampled_gnn, metric_val) = (['gcn', 2, 'global_add_pool', 4500], 0.9875)
INFO:nas.trainer:eval | (sampled_gnn, metric_val) = (['gcn', 2, 'global_add_pool', 4500], 0.9975)
INFO:nas.trainer:eval | (sampled_gnn, metric_val) = (['gcn', 2, 'global_add_pool', 4500], 0.99)
INFO:nas.trainer:eval | (sampled_gnn, metric_val) = (['gcn', 2, 'global_max_pool', 7500], 0.99)
INFO:nas.trainer:eval | (sampled_gnn, metric_val) = (['gcn', 2, 'global_add_pool', 5000], 0.9875)
INFO:nas.trainer:eval | (sampled_gnn, metric_val) = (['gcn', 2, 'global_add_pool', 7500], 0.9925)
INFO:nas.trainer:eval | (sampled_gnn, metric_val) = (['gcn', 2, 'global_add_pool', 7500], 0.9925)
INFO:nas.trainer:eval | (sampled_gnn, metric_val) = (['gcn', 2, 'global_add_pool', 4500], 0.99)
INFO:nas.trainer:eval | (sampled_gnn, metric_val) = (['gcn', 2, 'global_add_pool', 8000], 0.99)
INFO:nas.trainer:train | 25 era_time 17064.410141468048
INFO:nas.trainer:eval | (sampled_gnn, metric_val) = (['gcn', 2, 'global_max_pool', 7000], 0.9825)
INFO:nas.trainer:eval | (sampled_gnn, metric_val) = (['gcn', 2, 'global_max_pool', 7500], 0.99)
INFO:nas.trainer:eval | (sampled_gnn, metric_val) = (['gcn', 2, 'global_add_pool', 7500], 0.9925)
INFO:nas.trainer:eval | (sampled_gnn, metric_val) = (['ssg', 2, 'global_add_pool', 4500], 0.9925)
INFO:nas.trainer:eval | (sampled_gnn, metric_val) = (['gcn', 2, 'global_add_pool', 6500], 0.99)
INFO:nas.trainer:eval | (sampled_gnn, metric_val) = (['gcn', 2, 'global_add_pool', 7500], 0.995)
INFO:nas.trainer:eval | (sampled_gnn, metric_val) = (['gcn', 2, 'global_max_pool', 6500], 0.99)
INFO:nas.trainer:eval | (sampled_gnn, metric_val) = (['ssg', 2, 'global_max_pool', 7000], 0.9825)
INFO:nas.trainer:eval | (sampled_gnn, metric_val) = (['gcn', 2, 'global_add_pool', 5000], 0.9925)
INFO:nas.trainer:eval | (sampled_gnn, metric_val) = (['gcn', 2, 'global_max_pool', 8000], 0.995)
INFO:nas.trainer:eval | (sampled_gnn, metric_val) = (['gcn', 2, 'global_add_pool', 7500], 0.9925)
INFO:nas.trainer:eval | (sampled_gnn, metric_val) = (['gcn', 2, 'global_add_pool', 4500], 0.9925)
INFO:nas.trainer:eval | (sampled_gnn, metric_val) = (['gcn', 2, 'global_add_pool', 4500], 0.99)
INFO:nas.trainer:eval | (sampled_gnn, metric_val) = (['gcn', 2, 'global_add_pool', 7500], 0.995)
INFO:nas.trainer:eval | (sampled_gnn, metric_val) = (['ssg', 2, 'global_add_pool', 7500], 0.9925)
INFO:nas.trainer:eval | (sampled_gnn, metric_val) = (['ssg', 2, 'global_add_pool', 7500], 0.99)
INFO:nas.trainer:eval | (sampled_gnn, metric_val) = (['gcn', 2, 'global_max_pool', 4500], 0.99)
INFO:nas.trainer:eval | (sampled_gnn, metric_val) = (['gcn', 2, 'global_max_pool', 7000], 0.995)
INFO:nas.trainer:eval | (sampled_gnn, metric_val) = (['gcn', 2, 'global_max_pool', 7500], 0.995)
INFO:nas.trainer:eval | (sampled_gnn, metric_val) = (['gcn', 2, 'global_add_pool', 7500], 0.9925)
INFO:nas.trainer:train | 26 era_time 17272.28659939766
INFO:nas.trainer:eval | (sampled_gnn, metric_val) = (['gcn', 2, 'global_add_pool', 4500], 0.9925)
INFO:nas.trainer:eval | (sampled_gnn, metric_val) = (['ssg', 2, 'global_max_pool', 7000], 0.985)
INFO:nas.trainer:eval | (sampled_gnn, metric_val) = (['gcn', 2, 'global_add_pool', 7000], 0.9875)
INFO:nas.trainer:eval | (sampled_gnn, metric_val) = (['gcn', 2, 'global_max_pool', 4500], 0.995)
INFO:nas.trainer:eval | (sampled_gnn, metric_val) = (['gcn', 2, 'global_add_pool', 8000], 0.995)
INFO:nas.trainer:eval | (sampled_gnn, metric_val) = (['gcn', 2, 'global_add_pool', 7500], 0.995)
INFO:nas.trainer:eval | (sampled_gnn, metric_val) = (['gcn', 2, 'global_add_pool', 8000], 0.9975)
INFO:nas.trainer:eval | (sampled_gnn, metric_val) = (['gcn', 2, 'global_add_pool', 7500], 0.995)
INFO:nas.trainer:eval | (sampled_gnn, metric_val) = (['gcn', 2, 'global_add_pool', 8000], 0.995)
INFO:nas.trainer:eval | (sampled_gnn, metric_val) = (['gcn', 2, 'global_max_pool', 7500], 0.9875)
INFO:nas.trainer:eval | (sampled_gnn, metric_val) = (['gcn', 2, 'global_max_pool', 7500], 0.99)
INFO:nas.trainer:eval | (sampled_gnn, metric_val) = (['gcn', 2, 'global_add_pool', 7000], 0.9875)
INFO:nas.trainer:eval | (sampled_gnn, metric_val) = (['gcn', 2, 'global_max_pool', 4500], 0.9925)
INFO:nas.trainer:eval | (sampled_gnn, metric_val) = (['gcn', 2, 'global_add_pool', 6500], 0.9925)
INFO:nas.trainer:eval | (sampled_gnn, metric_val) = (['gcn', 2, 'global_add_pool', 7000], 0.9925)
INFO:nas.trainer:eval | (sampled_gnn, metric_val) = (['ssg', 2, 'global_mean_pool', 7000], 0.99)
INFO:nas.trainer:eval | (sampled_gnn, metric_val) = (['gin', 2, 'global_add_pool', 7500], 0.9825)
INFO:nas.trainer:eval | (sampled_gnn, metric_val) = (['gcn', 2, 'global_add_pool', 7500], 0.995)
INFO:nas.trainer:eval | (sampled_gnn, metric_val) = (['gcn', 2, 'global_add_pool', 7500], 0.99)
INFO:nas.trainer:eval | (sampled_gnn, metric_val) = (['gcn', 2, 'global_add_pool', 4500], 0.995)
INFO:nas.trainer:train | 27 era_time 17692.163309574127
INFO:nas.trainer:eval | (sampled_gnn, metric_val) = (['gcn', 2, 'global_max_pool', 8000], 0.9925)
INFO:nas.trainer:eval | (sampled_gnn, metric_val) = (['ssg', 2, 'global_add_pool', 4500], 0.99)
INFO:nas.trainer:eval | (sampled_gnn, metric_val) = (['ssg', 2, 'global_add_pool', 5000], 0.99)
INFO:nas.trainer:eval | (sampled_gnn, metric_val) = (['gcn', 2, 'global_add_pool', 4500], 0.995)
INFO:nas.trainer:eval | (sampled_gnn, metric_val) = (['gcn', 2, 'global_add_pool', 8000], 0.99)
INFO:nas.trainer:eval | (sampled_gnn, metric_val) = (['ssg', 2, 'global_add_pool', 7500], 0.99)
INFO:nas.trainer:eval | (sampled_gnn, metric_val) = (['ssg', 2, 'global_add_pool', 8000], 0.995)
INFO:nas.trainer:eval | (sampled_gnn, metric_val) = (['ssg', 2, 'global_add_pool', 8000], 0.995)
INFO:nas.trainer:eval | (sampled_gnn, metric_val) = (['gcn', 2, 'global_add_pool', 3500], 0.995)
INFO:nas.trainer:eval | (sampled_gnn, metric_val) = (['gcn', 2, 'global_add_pool', 6500], 0.9925)
INFO:nas.trainer:eval | (sampled_gnn, metric_val) = (['gcn', 2, 'global_add_pool', 5000], 0.9925)
INFO:nas.trainer:eval | (sampled_gnn, metric_val) = (['gcn', 2, 'global_add_pool', 4500], 0.99)
INFO:nas.trainer:eval | (sampled_gnn, metric_val) = (['gcn', 2, 'global_add_pool', 5000], 0.99)
INFO:nas.trainer:eval | (sampled_gnn, metric_val) = (['gmm', 2, 'global_add_pool', 7500], 0.9875)
INFO:nas.trainer:eval | (sampled_gnn, metric_val) = (['ssg', 2, 'global_add_pool', 6500], 0.995)
INFO:nas.trainer:eval | (sampled_gnn, metric_val) = (['ssg', 2, 'global_add_pool', 5000], 0.9925)
INFO:nas.trainer:eval | (sampled_gnn, metric_val) = (['gcn', 2, 'global_max_pool', 6500], 0.995)
INFO:nas.trainer:eval | (sampled_gnn, metric_val) = (['ssg', 2, 'global_add_pool', 5000], 0.99)
INFO:nas.trainer:eval | (sampled_gnn, metric_val) = (['gcn', 2, 'global_max_pool', 7500], 0.99)
INFO:nas.trainer:eval | (sampled_gnn, metric_val) = (['gcn', 2, 'global_mean_pool', 7500], 0.985)
INFO:nas.trainer:train | 28 era_time 15916.559808254242
INFO:nas.trainer:eval | (sampled_gnn, metric_val) = (['gcn', 2, 'global_add_pool', 4000], 0.9925)
INFO:nas.trainer:eval | (sampled_gnn, metric_val) = (['gcn', 2, 'global_add_pool', 4500], 0.995)
INFO:nas.trainer:eval | (sampled_gnn, metric_val) = (['gcn', 2, 'global_max_pool', 6500], 0.995)
INFO:nas.trainer:eval | (sampled_gnn, metric_val) = (['gin', 2, 'global_max_pool', 7000], 0.99)
INFO:nas.trainer:eval | (sampled_gnn, metric_val) = (['gcn', 2, 'global_max_pool', 4500], 0.9925)
INFO:nas.trainer:eval | (sampled_gnn, metric_val) = (['gcn', 2, 'global_add_pool', 8000], 0.99)
INFO:nas.trainer:eval | (sampled_gnn, metric_val) = (['gcn', 2, 'global_add_pool', 7000], 0.99)
INFO:nas.trainer:eval | (sampled_gnn, metric_val) = (['gcn', 2, 'global_add_pool', 8000], 0.9925)
INFO:nas.trainer:eval | (sampled_gnn, metric_val) = (['gcn', 2, 'global_add_pool', 6500], 0.9925)
INFO:nas.trainer:eval | (sampled_gnn, metric_val) = (['gin', 2, 'global_add_pool', 8000], 0.9875)
INFO:nas.trainer:eval | (sampled_gnn, metric_val) = (['gcn', 2, 'global_add_pool', 6500], 0.99)
INFO:nas.trainer:eval | (sampled_gnn, metric_val) = (['ssg', 2, 'global_max_pool', 7000], 0.985)
INFO:nas.trainer:eval | (sampled_gnn, metric_val) = (['gcn', 2, 'global_add_pool', 8000], 0.99)
INFO:nas.trainer:eval | (sampled_gnn, metric_val) = (['ssg', 2, 'global_max_pool', 5000], 0.9925)
INFO:nas.trainer:eval | (sampled_gnn, metric_val) = (['gcn', 2, 'global_add_pool', 6500], 0.9925)
INFO:nas.trainer:eval | (sampled_gnn, metric_val) = (['gcn', 2, 'global_add_pool', 6500], 0.995)
INFO:nas.trainer:eval | (sampled_gnn, metric_val) = (['gcn', 2, 'global_max_pool', 5000], 0.9925)
INFO:nas.trainer:eval | (sampled_gnn, metric_val) = (['ssg', 2, 'global_add_pool', 6500], 0.9925)
INFO:nas.trainer:eval | (sampled_gnn, metric_val) = (['gcn', 2, 'global_add_pool', 7500], 0.995)
INFO:nas.trainer:eval | (sampled_gnn, metric_val) = (['gcn', 2, 'global_add_pool', 4500], 0.9925)
INFO:nas.trainer:train | 29 era_time 16994.400957345963
INFO:nas.trainer:eval | (sampled_gnn, metric_val) = (['gat', 2, 'global_max_pool', 4500], 0.99)
INFO:nas.trainer:eval | (sampled_gnn, metric_val) = (['gcn', 2, 'global_max_pool', 7500], 0.995)
INFO:nas.trainer:eval | (sampled_gnn, metric_val) = (['ssg', 2, 'global_max_pool', 6500], 0.9925)
INFO:nas.trainer:eval | (sampled_gnn, metric_val) = (['gcn', 2, 'global_add_pool', 6500], 0.995)
INFO:nas.trainer:eval | (sampled_gnn, metric_val) = (['gcn', 2, 'global_add_pool', 7000], 0.9925)
INFO:nas.trainer:eval | (sampled_gnn, metric_val) = (['gcn', 2, 'global_add_pool', 8000], 0.995)
INFO:nas.trainer:eval | (sampled_gnn, metric_val) = (['gcn', 2, 'global_max_pool', 5000], 0.9925)
INFO:nas.trainer:eval | (sampled_gnn, metric_val) = (['gcn', 2, 'global_add_pool', 4500], 0.9925)
INFO:nas.trainer:eval | (sampled_gnn, metric_val) = (['gcn', 2, 'global_add_pool', 3000], 0.99)
INFO:nas.trainer:eval | (sampled_gnn, metric_val) = (['gcn', 2, 'global_add_pool', 6500], 0.9925)
INFO:nas.trainer:eval | (sampled_gnn, metric_val) = (['gcn', 2, 'global_max_pool', 8000], 0.9975)
INFO:nas.trainer:eval | (sampled_gnn, metric_val) = (['gcn', 2, 'global_max_pool', 8000], 0.9925)
INFO:nas.trainer:eval | (sampled_gnn, metric_val) = (['gcn', 2, 'global_add_pool', 4500], 0.99)
INFO:nas.trainer:eval | (sampled_gnn, metric_val) = (['gcn', 2, 'global_add_pool', 8000], 0.995)
INFO:nas.trainer:eval | (sampled_gnn, metric_val) = (['gcn', 2, 'global_max_pool', 7500], 0.995)
INFO:nas.trainer:eval | (sampled_gnn, metric_val) = (['gcn', 2, 'global_add_pool', 8000], 0.9925)
INFO:nas.trainer:eval | (sampled_gnn, metric_val) = (['gcn', 2, 'global_add_pool', 7000], 0.99)
INFO:nas.trainer:eval | (sampled_gnn, metric_val) = (['gcn', 2, 'global_max_pool', 8000], 0.9925)
INFO:nas.trainer:eval | (sampled_gnn, metric_val) = (['gcn', 2, 'global_max_pool', 7500], 0.995)
INFO:nas.trainer:eval | (sampled_gnn, metric_val) = (['gcn', 2, 'global_add_pool', 7500], 0.99)
INFO:nas.trainer:train | 30 era_time 17874.4274828434
INFO:nas.trainer:train | train_time 480523.94107174873
INFO:nas.trainer:eval | (sampled_gnn, metric_val) = (['gcn', 2, 'global_add_pool', 5500], 0.9925)
INFO:nas.trainer:eval | (sampled_gnn, metric_val) = (['gcn', 2, 'global_add_pool', 6500], 0.9925)
INFO:nas.trainer:eval | (sampled_gnn, metric_val) = (['gcn', 2, 'global_max_pool', 4500], 0.995)
INFO:nas.trainer:eval | (sampled_gnn, metric_val) = (['gcn', 2, 'global_add_pool', 7500], 0.9925)
INFO:nas.trainer:eval | (sampled_gnn, metric_val) = (['ssg', 2, 'global_add_pool', 7500], 0.995)
INFO:nas.trainer:eval | (sampled_gnn, metric_val) = (['gmm', 2, 'global_max_pool', 4500], 0.9875)
INFO:nas.trainer:eval | (sampled_gnn, metric_val) = (['gcn', 2, 'global_add_pool', 5000], 0.9975)
INFO:nas.trainer:eval | (sampled_gnn, metric_val) = (['ssg', 2, 'global_max_pool', 7500], 0.9825)
INFO:nas.trainer:eval | (sampled_gnn, metric_val) = (['gcn', 2, 'global_add_pool', 8000], 0.9925)
INFO:nas.trainer:eval | (sampled_gnn, metric_val) = (['gcn', 2, 'global_add_pool', 5000], 0.9925)
INFO:root:'/home/ubuntu/GNN-AID/src/nas/cfg/5.yml' cfg_file best structure: ['gcn', 2, 'global_add_pool', 5000]
