INFO:__main__:dataset:
- multiple-graphs
- TUDataset
- BZR
derive_num: 10
is_random: false
logfname: bzr_dynamic-both_no-combinations.log
nas_args:
  dynamic_behaviour: change_both
  dynamic_nas_steps: 150
  forward:
    mode: train
    softmax_temp: 5.0
    tanh_c: 2.5
  hidden_size: 100
  reset:
    init_range: 0.1
ss_args:
  debug: false
  prob_scale: 4
  type: dynamic_prob
  with_combinations: false
trainer_args:
  derive:
    derive_from_history: false
  eval:
    save_model_flag: false
  train:
    derive_finaly: false
    num_eras: 30
    save_eras: 50
  train_controller:
    epochs: 20

INFO:nas.trainer:eval | (sampled_gnn, metric_val) = (['ssg', 2, 'global_max_pool', 4500], 0.8271604938271605)
INFO:nas.trainer:eval | (sampled_gnn, metric_val) = (['gcn', 2, 'global_add_pool', 6500], 0.8271604938271605)
INFO:nas.trainer:eval | (sampled_gnn, metric_val) = (['sg', 2, 'global_max_pool', 4500], 0.8518518518518519)
INFO:nas.trainer:eval | (sampled_gnn, metric_val) = (['gat', 2, 'global_max_pool', 6500], 0.8024691358024691)
INFO:nas.trainer:eval | (sampled_gnn, metric_val) = (['gcn', 2, 'global_max_pool', 6500], 0.8024691358024691)
INFO:nas.trainer:eval | (sampled_gnn, metric_val) = (['gin', 2, 'global_add_pool', 7500], 0.8765432098765432)
INFO:nas.trainer:eval | (sampled_gnn, metric_val) = (['gcn', 2, 'global_add_pool', 7500], 0.8024691358024691)
INFO:nas.trainer:eval | (sampled_gnn, metric_val) = (['gcn', 2, 'global_max_pool', 6000], 0.8518518518518519)
INFO:nas.trainer:eval | (sampled_gnn, metric_val) = (['gin', 2, 'global_max_pool', 3500], 0.8395061728395061)
INFO:nas.trainer:eval | (sampled_gnn, metric_val) = (['gmm', 2, 'global_add_pool', 7000], 0.8271604938271605)
INFO:nas.trainer:eval | (sampled_gnn, metric_val) = (['gcn', 2, 'global_max_pool', 3000], 0.8395061728395061)
INFO:nas.trainer:eval | (sampled_gnn, metric_val) = (['gin', 2, 'global_max_pool', 8000], 0.7530864197530864)
INFO:nas.trainer:eval | (sampled_gnn, metric_val) = (['gcn', 2, 'global_max_pool', 6500], 0.8148148148148148)
INFO:nas.trainer:eval | (sampled_gnn, metric_val) = (['sage', 2, 'global_add_pool', 5000], 0.8148148148148148)
INFO:nas.trainer:eval | (sampled_gnn, metric_val) = (['gin', 2, 'global_add_pool', 3500], 0.8271604938271605)
INFO:nas.trainer:eval | (sampled_gnn, metric_val) = (['gcn', 2, 'global_max_pool', 3500], 0.8271604938271605)
INFO:nas.trainer:eval | (sampled_gnn, metric_val) = (['gat', 2, 'global_add_pool', 5000], 0.8148148148148148)
INFO:nas.trainer:eval | (sampled_gnn, metric_val) = (['gcn', 2, 'global_max_pool', 6000], 0.8148148148148148)
INFO:nas.trainer:eval | (sampled_gnn, metric_val) = (['gcn', 2, 'global_add_pool', 8000], 0.7901234567901234)
INFO:nas.trainer:eval | (sampled_gnn, metric_val) = (['gcn', 2, 'global_mean_pool', 8000], 0.7654320987654321)
INFO:nas.trainer:train | 1 era_time 9001.965442419052
INFO:nas.trainer:eval | (sampled_gnn, metric_val) = (['gat', 2, 'global_max_pool', 5000], 0.8148148148148148)
INFO:nas.trainer:eval | (sampled_gnn, metric_val) = (['gin', 2, 'global_max_pool', 5000], 0.8765432098765432)
INFO:nas.trainer:eval | (sampled_gnn, metric_val) = (['gin', 2, 'global_add_pool', 7000], 0.8395061728395061)
INFO:nas.trainer:eval | (sampled_gnn, metric_val) = (['gcn', 2, 'global_add_pool', 7000], 0.8148148148148148)
INFO:nas.trainer:eval | (sampled_gnn, metric_val) = (['sg', 2, 'global_mean_pool', 5000], 0.8518518518518519)
INFO:nas.trainer:eval | (sampled_gnn, metric_val) = (['sage', 2, 'global_add_pool', 6000], 0.8641975308641975)
INFO:nas.trainer:eval | (sampled_gnn, metric_val) = (['tag', 2, 'global_max_pool', 4000], 0.7407407407407407)
INFO:nas.trainer:eval | (sampled_gnn, metric_val) = (['gcn', 2, 'global_max_pool', 5500], 0.8518518518518519)
INFO:nas.trainer:eval | (sampled_gnn, metric_val) = (['gcn', 2, 'global_add_pool', 5500], 0.8024691358024691)
INFO:nas.trainer:eval | (sampled_gnn, metric_val) = (['gat', 2, 'global_mean_pool', 6500], 0.7777777777777778)
INFO:nas.trainer:eval | (sampled_gnn, metric_val) = (['gin', 2, 'global_add_pool', 5500], 0.8148148148148148)
INFO:nas.trainer:eval | (sampled_gnn, metric_val) = (['gcn', 2, 'global_add_pool', 4500], 0.8395061728395061)
INFO:nas.trainer:eval | (sampled_gnn, metric_val) = (['ssg', 2, 'global_max_pool', 3500], 0.8641975308641975)
INFO:nas.trainer:eval | (sampled_gnn, metric_val) = (['ssg', 2, 'global_max_pool', 4500], 0.8641975308641975)
INFO:nas.trainer:eval | (sampled_gnn, metric_val) = (['ssg', 2, 'global_add_pool', 5000], 0.8271604938271605)
INFO:nas.trainer:eval | (sampled_gnn, metric_val) = (['gin', 2, 'global_add_pool', 7000], 0.8395061728395061)
INFO:nas.trainer:eval | (sampled_gnn, metric_val) = (['gmm', 2, 'global_mean_pool', 4500], 0.8641975308641975)
INFO:nas.trainer:eval | (sampled_gnn, metric_val) = (['gin', 2, 'global_add_pool', 6000], 0.8395061728395061)
INFO:nas.trainer:eval | (sampled_gnn, metric_val) = (['tag', 2, 'global_max_pool', 3500], 0.7283950617283951)
INFO:nas.trainer:eval | (sampled_gnn, metric_val) = (['gcn', 2, 'global_max_pool', 3500], 0.8641975308641975)
INFO:nas.trainer:train | 2 era_time 8077.477016925812
INFO:nas.trainer:eval | (sampled_gnn, metric_val) = (['gcn', 2, 'global_max_pool', 3000], 0.8641975308641975)
INFO:nas.trainer:eval | (sampled_gnn, metric_val) = (['gcn', 2, 'global_max_pool', 7000], 0.8641975308641975)
INFO:nas.trainer:eval | (sampled_gnn, metric_val) = (['gin', 2, 'global_max_pool', 4500], 0.8518518518518519)
INFO:nas.trainer:eval | (sampled_gnn, metric_val) = (['gcn', 2, 'global_add_pool', 3000], 0.8271604938271605)
INFO:nas.trainer:eval | (sampled_gnn, metric_val) = (['gcn', 2, 'global_mean_pool', 4500], 0.8395061728395061)
INFO:nas.trainer:eval | (sampled_gnn, metric_val) = (['gin', 2, 'global_add_pool', 5500], 0.8641975308641975)
INFO:nas.trainer:eval | (sampled_gnn, metric_val) = (['gmm', 2, 'global_add_pool', 7500], 0.8024691358024691)
INFO:nas.trainer:eval | (sampled_gnn, metric_val) = (['sg', 2, 'global_add_pool', 7000], 0.8148148148148148)
INFO:nas.trainer:eval | (sampled_gnn, metric_val) = (['gin', 2, 'global_add_pool', 3500], 0.8641975308641975)
INFO:nas.trainer:eval | (sampled_gnn, metric_val) = (['ssg', 2, 'global_max_pool', 3500], 0.8148148148148148)
INFO:nas.trainer:eval | (sampled_gnn, metric_val) = (['gat', 2, 'global_max_pool', 4500], 0.8271604938271605)
INFO:nas.trainer:eval | (sampled_gnn, metric_val) = (['gin', 2, 'global_add_pool', 4500], 0.8518518518518519)
INFO:nas.trainer:eval | (sampled_gnn, metric_val) = (['gin', 2, 'global_add_pool', 7000], 0.8641975308641975)
INFO:nas.trainer:eval | (sampled_gnn, metric_val) = (['gin', 2, 'global_max_pool', 3500], 0.8395061728395061)
INFO:nas.trainer:eval | (sampled_gnn, metric_val) = (['gat', 2, 'global_mean_pool', 5000], 0.8518518518518519)
INFO:nas.trainer:eval | (sampled_gnn, metric_val) = (['gcn', 2, 'global_add_pool', 7500], 0.8024691358024691)
INFO:nas.trainer:eval | (sampled_gnn, metric_val) = (['gin', 2, 'global_mean_pool', 7000], 0.8148148148148148)
INFO:nas.trainer:eval | (sampled_gnn, metric_val) = (['sg', 2, 'global_max_pool', 7500], 0.8641975308641975)
INFO:nas.trainer:eval | (sampled_gnn, metric_val) = (['gat', 2, 'global_mean_pool', 5000], 0.8395061728395061)
INFO:nas.trainer:eval | (sampled_gnn, metric_val) = (['gin', 2, 'global_max_pool', 3500], 0.9259259259259259)
INFO:nas.trainer:train | 3 era_time 8191.564712524414
INFO:nas.trainer:eval | (sampled_gnn, metric_val) = (['gcn', 2, 'global_add_pool', 5000], 0.7777777777777778)
INFO:nas.trainer:eval | (sampled_gnn, metric_val) = (['gcn', 2, 'global_add_pool', 7000], 0.8395061728395061)
INFO:nas.trainer:eval | (sampled_gnn, metric_val) = (['sg', 2, 'global_mean_pool', 5000], 0.8641975308641975)
INFO:nas.trainer:eval | (sampled_gnn, metric_val) = (['tag', 2, 'global_add_pool', 7000], 0.8024691358024691)
INFO:nas.trainer:eval | (sampled_gnn, metric_val) = (['gmm', 2, 'global_max_pool', 6000], 0.8518518518518519)
INFO:nas.trainer:eval | (sampled_gnn, metric_val) = (['gcn', 2, 'global_add_pool', 5000], 0.7777777777777778)
INFO:nas.trainer:eval | (sampled_gnn, metric_val) = (['tag', 2, 'global_max_pool', 6000], 0.7901234567901234)
INFO:nas.trainer:eval | (sampled_gnn, metric_val) = (['gcn', 2, 'global_mean_pool', 6000], 0.7777777777777778)
INFO:nas.trainer:eval | (sampled_gnn, metric_val) = (['gin', 2, 'global_add_pool', 5500], 0.8395061728395061)
INFO:nas.trainer:eval | (sampled_gnn, metric_val) = (['sg', 2, 'global_max_pool', 6500], 0.8271604938271605)
INFO:nas.trainer:eval | (sampled_gnn, metric_val) = (['gin', 2, 'global_max_pool', 4500], 0.8395061728395061)
INFO:nas.trainer:eval | (sampled_gnn, metric_val) = (['gcn', 2, 'global_mean_pool', 4000], 0.8395061728395061)
INFO:nas.trainer:eval | (sampled_gnn, metric_val) = (['gin', 2, 'global_mean_pool', 7000], 0.8888888888888888)
INFO:nas.trainer:eval | (sampled_gnn, metric_val) = (['gat', 2, 'global_add_pool', 5000], 0.8518518518518519)
INFO:nas.trainer:eval | (sampled_gnn, metric_val) = (['gcn', 2, 'global_max_pool', 3000], 0.8518518518518519)
INFO:nas.trainer:eval | (sampled_gnn, metric_val) = (['gin', 2, 'global_max_pool', 5000], 0.8641975308641975)
INFO:nas.trainer:eval | (sampled_gnn, metric_val) = (['sg', 2, 'global_max_pool', 3500], 0.8271604938271605)
INFO:nas.trainer:eval | (sampled_gnn, metric_val) = (['sage', 2, 'global_mean_pool', 6000], 0.8271604938271605)
INFO:nas.trainer:eval | (sampled_gnn, metric_val) = (['sage', 2, 'global_max_pool', 5000], 0.8148148148148148)
INFO:nas.trainer:eval | (sampled_gnn, metric_val) = (['gmm', 2, 'global_max_pool', 5000], 0.8641975308641975)
INFO:nas.trainer:train | 4 era_time 8375.208498477936
INFO:nas.trainer:eval | (sampled_gnn, metric_val) = (['gmm', 2, 'global_mean_pool', 5000], 0.8148148148148148)
INFO:nas.trainer:eval | (sampled_gnn, metric_val) = (['gin', 2, 'global_max_pool', 5500], 0.7530864197530864)
INFO:nas.trainer:eval | (sampled_gnn, metric_val) = (['gat', 2, 'global_mean_pool', 7000], 0.8395061728395061)
INFO:nas.trainer:eval | (sampled_gnn, metric_val) = (['gcn', 2, 'global_mean_pool', 5000], 0.8271604938271605)
INFO:nas.trainer:eval | (sampled_gnn, metric_val) = (['gcn', 2, 'global_mean_pool', 3000], 0.8518518518518519)
INFO:nas.trainer:eval | (sampled_gnn, metric_val) = (['gin', 2, 'global_mean_pool', 3000], 0.8395061728395061)
INFO:nas.trainer:eval | (sampled_gnn, metric_val) = (['gcn', 2, 'global_max_pool', 4500], 0.8395061728395061)
INFO:nas.trainer:eval | (sampled_gnn, metric_val) = (['gcn', 2, 'global_mean_pool', 3000], 0.8148148148148148)
INFO:nas.trainer:eval | (sampled_gnn, metric_val) = (['sage', 2, 'global_max_pool', 3500], 0.9012345679012346)
INFO:nas.trainer:eval | (sampled_gnn, metric_val) = (['tag', 2, 'global_add_pool', 4000], 0.7530864197530864)
INFO:nas.trainer:eval | (sampled_gnn, metric_val) = (['gcn', 2, 'global_max_pool', 5000], 0.8271604938271605)
INFO:nas.trainer:eval | (sampled_gnn, metric_val) = (['sg', 2, 'global_mean_pool', 5000], 0.8395061728395061)
INFO:nas.trainer:eval | (sampled_gnn, metric_val) = (['sage', 2, 'global_max_pool', 6500], 0.8888888888888888)
INFO:nas.trainer:eval | (sampled_gnn, metric_val) = (['sage', 2, 'global_mean_pool', 5500], 0.8148148148148148)
INFO:nas.trainer:eval | (sampled_gnn, metric_val) = (['tag', 2, 'global_max_pool', 7500], 0.7777777777777778)
INFO:nas.trainer:eval | (sampled_gnn, metric_val) = (['gmm', 2, 'global_max_pool', 5000], 0.8518518518518519)
INFO:nas.trainer:eval | (sampled_gnn, metric_val) = (['gcn', 2, 'global_max_pool', 4000], 0.8395061728395061)
INFO:nas.trainer:eval | (sampled_gnn, metric_val) = (['gin', 2, 'global_mean_pool', 5000], 0.8518518518518519)
INFO:nas.trainer:eval | (sampled_gnn, metric_val) = (['gcn', 2, 'global_max_pool', 3500], 0.8148148148148148)
INFO:nas.trainer:eval | (sampled_gnn, metric_val) = (['gin', 2, 'global_max_pool', 7000], 0.8518518518518519)
INFO:nas.trainer:train | 5 era_time 7830.852700710297
INFO:nas.trainer:eval | (sampled_gnn, metric_val) = (['gat', 2, 'global_add_pool', 4000], 0.8395061728395061)
INFO:nas.trainer:eval | (sampled_gnn, metric_val) = (['ssg', 2, 'global_add_pool', 5000], 0.7777777777777778)
INFO:nas.trainer:eval | (sampled_gnn, metric_val) = (['gcn', 2, 'global_max_pool', 4500], 0.8395061728395061)
INFO:nas.trainer:eval | (sampled_gnn, metric_val) = (['gin', 2, 'global_add_pool', 7000], 0.8271604938271605)
INFO:nas.trainer:eval | (sampled_gnn, metric_val) = (['gin', 2, 'global_max_pool', 3500], 0.8765432098765432)
INFO:nas.trainer:eval | (sampled_gnn, metric_val) = (['sage', 2, 'global_mean_pool', 6500], 0.8395061728395061)
INFO:nas.trainer:eval | (sampled_gnn, metric_val) = (['tag', 2, 'global_mean_pool', 5000], 0.7901234567901234)
INFO:nas.trainer:eval | (sampled_gnn, metric_val) = (['gcn', 2, 'global_add_pool', 6000], 0.8024691358024691)
INFO:nas.trainer:eval | (sampled_gnn, metric_val) = (['gin', 2, 'global_max_pool', 3500], 0.8395061728395061)
INFO:nas.trainer:eval | (sampled_gnn, metric_val) = (['gin', 2, 'global_max_pool', 6000], 0.8395061728395061)
INFO:nas.trainer:eval | (sampled_gnn, metric_val) = (['gin', 2, 'global_add_pool', 3500], 0.8148148148148148)
INFO:nas.trainer:eval | (sampled_gnn, metric_val) = (['gin', 2, 'global_add_pool', 8000], 0.8888888888888888)
INFO:nas.trainer:eval | (sampled_gnn, metric_val) = (['gmm', 2, 'global_add_pool', 5500], 0.8271604938271605)
INFO:nas.trainer:eval | (sampled_gnn, metric_val) = (['ssg', 2, 'global_max_pool', 3500], 0.8518518518518519)
INFO:nas.trainer:eval | (sampled_gnn, metric_val) = (['gcn', 2, 'global_add_pool', 7500], 0.8148148148148148)
INFO:nas.trainer:eval | (sampled_gnn, metric_val) = (['gcn', 2, 'global_max_pool', 7500], 0.8518518518518519)
INFO:nas.trainer:eval | (sampled_gnn, metric_val) = (['gin', 2, 'global_mean_pool', 5000], 0.8395061728395061)
INFO:nas.trainer:eval | (sampled_gnn, metric_val) = (['gin', 2, 'global_max_pool', 4500], 0.8641975308641975)
INFO:nas.trainer:eval | (sampled_gnn, metric_val) = (['sage', 2, 'global_max_pool', 4500], 0.8641975308641975)
INFO:nas.trainer:eval | (sampled_gnn, metric_val) = (['gin', 2, 'global_mean_pool', 7000], 0.8518518518518519)
INFO:nas.trainer:train | 6 era_time 8356.08816242218
INFO:nas.trainer:eval | (sampled_gnn, metric_val) = (['gin', 2, 'global_max_pool', 7000], 0.8395061728395061)
INFO:nas.trainer:eval | (sampled_gnn, metric_val) = (['gin', 2, 'global_max_pool', 4500], 0.8271604938271605)
INFO:nas.trainer:eval | (sampled_gnn, metric_val) = (['gcn', 2, 'global_max_pool', 7000], 0.8641975308641975)
INFO:nas.trainer:eval | (sampled_gnn, metric_val) = (['gin', 2, 'global_max_pool', 6500], 0.8518518518518519)
INFO:nas.trainer:eval | (sampled_gnn, metric_val) = (['gat', 2, 'global_mean_pool', 6500], 0.8024691358024691)
INFO:nas.trainer:eval | (sampled_gnn, metric_val) = (['gcn', 2, 'global_mean_pool', 3500], 0.8024691358024691)
INFO:nas.trainer:eval | (sampled_gnn, metric_val) = (['tag', 2, 'global_max_pool', 7000], 0.7160493827160493)
INFO:nas.trainer:eval | (sampled_gnn, metric_val) = (['gcn', 2, 'global_mean_pool', 7500], 0.8148148148148148)
INFO:nas.trainer:eval | (sampled_gnn, metric_val) = (['gcn', 2, 'global_mean_pool', 8000], 0.8024691358024691)
INFO:nas.trainer:eval | (sampled_gnn, metric_val) = (['ssg', 2, 'global_add_pool', 7500], 0.8148148148148148)
INFO:nas.trainer:eval | (sampled_gnn, metric_val) = (['gcn', 2, 'global_mean_pool', 3500], 0.8148148148148148)
INFO:nas.trainer:eval | (sampled_gnn, metric_val) = (['gcn', 2, 'global_max_pool', 3000], 0.8641975308641975)
INFO:nas.trainer:eval | (sampled_gnn, metric_val) = (['gin', 2, 'global_mean_pool', 4500], 0.8395061728395061)
INFO:nas.trainer:eval | (sampled_gnn, metric_val) = (['gin', 2, 'global_max_pool', 6500], 0.8518518518518519)
INFO:nas.trainer:eval | (sampled_gnn, metric_val) = (['gin', 2, 'global_mean_pool', 5500], 0.8271604938271605)
INFO:nas.trainer:eval | (sampled_gnn, metric_val) = (['tag', 2, 'global_max_pool', 4500], 0.8395061728395061)
INFO:nas.trainer:eval | (sampled_gnn, metric_val) = (['gin', 2, 'global_add_pool', 7500], 0.8641975308641975)
INFO:nas.trainer:eval | (sampled_gnn, metric_val) = (['gat', 2, 'global_max_pool', 5500], 0.8518518518518519)
INFO:nas.trainer:eval | (sampled_gnn, metric_val) = (['gmm', 2, 'global_add_pool', 3500], 0.8395061728395061)
INFO:nas.trainer:eval | (sampled_gnn, metric_val) = (['gcn', 2, 'global_add_pool', 5000], 0.8518518518518519)
INFO:nas.trainer:train | 7 era_time 9117.568754434586
INFO:nas.trainer:eval | (sampled_gnn, metric_val) = (['gin', 2, 'global_add_pool', 5000], 0.8641975308641975)
INFO:nas.trainer:eval | (sampled_gnn, metric_val) = (['gcn', 2, 'global_add_pool', 3500], 0.8024691358024691)
INFO:nas.trainer:eval | (sampled_gnn, metric_val) = (['gmm', 2, 'global_add_pool', 3000], 0.8148148148148148)
INFO:nas.trainer:eval | (sampled_gnn, metric_val) = (['gin', 2, 'global_add_pool', 4500], 0.7901234567901234)
INFO:nas.trainer:eval | (sampled_gnn, metric_val) = (['tag', 2, 'global_mean_pool', 6500], 0.8148148148148148)
INFO:nas.trainer:eval | (sampled_gnn, metric_val) = (['gmm', 2, 'global_max_pool', 7500], 0.8888888888888888)
INFO:nas.trainer:eval | (sampled_gnn, metric_val) = (['gcn', 2, 'global_mean_pool', 7000], 0.8395061728395061)
INFO:nas.trainer:eval | (sampled_gnn, metric_val) = (['gmm', 2, 'global_mean_pool', 7500], 0.8271604938271605)
INFO:nas.trainer:eval | (sampled_gnn, metric_val) = (['sg', 2, 'global_max_pool', 7000], 0.8641975308641975)
INFO:nas.trainer:eval | (sampled_gnn, metric_val) = (['sage', 2, 'global_max_pool', 4000], 0.9012345679012346)
INFO:nas.trainer:eval | (sampled_gnn, metric_val) = (['sage', 2, 'global_max_pool', 7500], 0.9135802469135802)
INFO:nas.trainer:eval | (sampled_gnn, metric_val) = (['tag', 2, 'global_add_pool', 5500], 0.7777777777777778)
INFO:nas.trainer:eval | (sampled_gnn, metric_val) = (['gcn', 2, 'global_max_pool', 6500], 0.8641975308641975)
INFO:nas.trainer:eval | (sampled_gnn, metric_val) = (['gin', 2, 'global_max_pool', 3500], 0.8395061728395061)
INFO:nas.trainer:eval | (sampled_gnn, metric_val) = (['gcn', 2, 'global_add_pool', 6500], 0.8024691358024691)
INFO:nas.trainer:eval | (sampled_gnn, metric_val) = (['sage', 2, 'global_max_pool', 8000], 0.8518518518518519)
INFO:nas.trainer:eval | (sampled_gnn, metric_val) = (['gin', 2, 'global_max_pool', 4000], 0.8518518518518519)
INFO:nas.trainer:eval | (sampled_gnn, metric_val) = (['ssg', 2, 'global_add_pool', 7500], 0.7530864197530864)
INFO:nas.trainer:eval | (sampled_gnn, metric_val) = (['gin', 2, 'global_max_pool', 5500], 0.8518518518518519)
INFO:nas.trainer:eval | (sampled_gnn, metric_val) = (['gcn', 2, 'global_add_pool', 3500], 0.8024691358024691)
INFO:nas.trainer:train | 8 era_time 8608.628458499908
INFO:nas.trainer:eval | (sampled_gnn, metric_val) = (['sage', 2, 'global_max_pool', 4500], 0.8641975308641975)
INFO:nas.trainer:eval | (sampled_gnn, metric_val) = (['gmm', 2, 'global_max_pool', 3000], 0.8518518518518519)
INFO:nas.trainer:eval | (sampled_gnn, metric_val) = (['gin', 2, 'global_max_pool', 8000], 0.8518518518518519)
INFO:nas.trainer:eval | (sampled_gnn, metric_val) = (['sage', 2, 'global_max_pool', 3000], 0.8641975308641975)
INFO:nas.trainer:eval | (sampled_gnn, metric_val) = (['gat', 2, 'global_max_pool', 7500], 0.7901234567901234)
INFO:nas.trainer:eval | (sampled_gnn, metric_val) = (['gin', 2, 'global_add_pool', 5500], 0.7901234567901234)
INFO:nas.trainer:eval | (sampled_gnn, metric_val) = (['sg', 2, 'global_mean_pool', 7500], 0.8148148148148148)
INFO:nas.trainer:eval | (sampled_gnn, metric_val) = (['gcn', 2, 'global_max_pool', 5000], 0.8395061728395061)
INFO:nas.trainer:eval | (sampled_gnn, metric_val) = (['gin', 2, 'global_max_pool', 4000], 0.8148148148148148)
INFO:nas.trainer:eval | (sampled_gnn, metric_val) = (['gin', 2, 'global_mean_pool', 4000], 0.8148148148148148)
INFO:nas.trainer:eval | (sampled_gnn, metric_val) = (['gin', 2, 'global_max_pool', 3000], 0.8641975308641975)
INFO:nas.trainer:eval | (sampled_gnn, metric_val) = (['tag', 2, 'global_max_pool', 4000], 0.7901234567901234)
INFO:nas.trainer:eval | (sampled_gnn, metric_val) = (['sage', 2, 'global_mean_pool', 5000], 0.8148148148148148)
INFO:nas.trainer:eval | (sampled_gnn, metric_val) = (['gin', 2, 'global_max_pool', 3000], 0.8395061728395061)
INFO:nas.trainer:eval | (sampled_gnn, metric_val) = (['gcn', 2, 'global_max_pool', 5000], 0.8641975308641975)
INFO:nas.trainer:eval | (sampled_gnn, metric_val) = (['gat', 2, 'global_max_pool', 5000], 0.7654320987654321)
INFO:nas.trainer:eval | (sampled_gnn, metric_val) = (['gin', 2, 'global_max_pool', 5000], 0.7777777777777778)
INFO:nas.trainer:eval | (sampled_gnn, metric_val) = (['gmm', 2, 'global_mean_pool', 5000], 0.8518518518518519)
INFO:nas.trainer:eval | (sampled_gnn, metric_val) = (['gcn', 2, 'global_add_pool', 6000], 0.8271604938271605)
INFO:nas.trainer:eval | (sampled_gnn, metric_val) = (['gcn', 2, 'global_mean_pool', 4500], 0.8271604938271605)
INFO:nas.trainer:train | 9 era_time 7622.812390089035
INFO:nas.trainer:eval | (sampled_gnn, metric_val) = (['sg', 2, 'global_max_pool', 4500], 0.8518518518518519)
INFO:nas.trainer:eval | (sampled_gnn, metric_val) = (['sg', 2, 'global_max_pool', 4500], 0.8395061728395061)
INFO:nas.trainer:eval | (sampled_gnn, metric_val) = (['gcn', 2, 'global_max_pool', 7000], 0.8148148148148148)
INFO:nas.trainer:eval | (sampled_gnn, metric_val) = (['gcn', 2, 'global_max_pool', 4500], 0.8518518518518519)
INFO:nas.trainer:eval | (sampled_gnn, metric_val) = (['tag', 2, 'global_max_pool', 5000], 0.8395061728395061)
INFO:nas.trainer:eval | (sampled_gnn, metric_val) = (['sage', 2, 'global_max_pool', 6000], 0.8271604938271605)
INFO:nas.trainer:eval | (sampled_gnn, metric_val) = (['tag', 2, 'global_max_pool', 4500], 0.7283950617283951)
INFO:nas.trainer:eval | (sampled_gnn, metric_val) = (['tag', 2, 'global_max_pool', 3000], 0.7160493827160493)
INFO:nas.trainer:eval | (sampled_gnn, metric_val) = (['gcn', 2, 'global_max_pool', 5000], 0.8024691358024691)
INFO:nas.trainer:eval | (sampled_gnn, metric_val) = (['gcn', 2, 'global_max_pool', 3000], 0.8395061728395061)
INFO:nas.trainer:eval | (sampled_gnn, metric_val) = (['sage', 2, 'global_max_pool', 3000], 0.8518518518518519)
INFO:nas.trainer:eval | (sampled_gnn, metric_val) = (['sage', 2, 'global_max_pool', 5000], 0.8765432098765432)
INFO:nas.trainer:eval | (sampled_gnn, metric_val) = (['gcn', 2, 'global_max_pool', 5000], 0.8395061728395061)
INFO:nas.trainer:eval | (sampled_gnn, metric_val) = (['ssg', 2, 'global_mean_pool', 6500], 0.8148148148148148)
INFO:nas.trainer:eval | (sampled_gnn, metric_val) = (['sage', 2, 'global_add_pool', 4500], 0.8271604938271605)
INFO:nas.trainer:eval | (sampled_gnn, metric_val) = (['gcn', 2, 'global_max_pool', 6000], 0.8518518518518519)
INFO:nas.trainer:eval | (sampled_gnn, metric_val) = (['sg', 2, 'global_add_pool', 7000], 0.8024691358024691)
INFO:nas.trainer:eval | (sampled_gnn, metric_val) = (['sage', 2, 'global_mean_pool', 3000], 0.7901234567901234)
INFO:nas.trainer:eval | (sampled_gnn, metric_val) = (['sg', 2, 'global_max_pool', 3000], 0.8518518518518519)
INFO:nas.trainer:eval | (sampled_gnn, metric_val) = (['gmm', 2, 'global_max_pool', 8000], 0.8765432098765432)
INFO:nas.trainer:train | 10 era_time 7436.543328762054
INFO:nas.trainer:eval | (sampled_gnn, metric_val) = (['gmm', 2, 'global_max_pool', 4500], 0.8518518518518519)
INFO:nas.trainer:eval | (sampled_gnn, metric_val) = (['sage', 2, 'global_max_pool', 6500], 0.8395061728395061)
INFO:nas.trainer:eval | (sampled_gnn, metric_val) = (['sage', 2, 'global_add_pool', 3500], 0.8148148148148148)
INFO:nas.trainer:eval | (sampled_gnn, metric_val) = (['sg', 2, 'global_max_pool', 3000], 0.7901234567901234)
INFO:nas.trainer:eval | (sampled_gnn, metric_val) = (['ssg', 2, 'global_max_pool', 6500], 0.8395061728395061)
INFO:nas.trainer:eval | (sampled_gnn, metric_val) = (['sage', 2, 'global_max_pool', 6500], 0.8395061728395061)
INFO:nas.trainer:eval | (sampled_gnn, metric_val) = (['gcn', 2, 'global_max_pool', 6000], 0.8641975308641975)
INFO:nas.trainer:eval | (sampled_gnn, metric_val) = (['sage', 2, 'global_max_pool', 3500], 0.8518518518518519)
INFO:nas.trainer:eval | (sampled_gnn, metric_val) = (['sage', 2, 'global_max_pool', 7000], 0.8518518518518519)
INFO:nas.trainer:eval | (sampled_gnn, metric_val) = (['gmm', 2, 'global_max_pool', 7000], 0.8271604938271605)
INFO:nas.trainer:eval | (sampled_gnn, metric_val) = (['sg', 2, 'global_max_pool', 5500], 0.8641975308641975)
INFO:nas.trainer:eval | (sampled_gnn, metric_val) = (['gmm', 2, 'global_max_pool', 5000], 0.8518518518518519)
INFO:nas.trainer:eval | (sampled_gnn, metric_val) = (['sg', 2, 'global_max_pool', 6000], 0.8395061728395061)
INFO:nas.trainer:eval | (sampled_gnn, metric_val) = (['sg', 2, 'global_mean_pool', 8000], 0.8148148148148148)
INFO:nas.trainer:eval | (sampled_gnn, metric_val) = (['gcn', 2, 'global_max_pool', 6000], 0.8271604938271605)
INFO:nas.trainer:eval | (sampled_gnn, metric_val) = (['gmm', 2, 'global_max_pool', 8000], 0.8518518518518519)
INFO:nas.trainer:eval | (sampled_gnn, metric_val) = (['sg', 2, 'global_max_pool', 3500], 0.8148148148148148)
INFO:nas.trainer:eval | (sampled_gnn, metric_val) = (['sg', 2, 'global_max_pool', 6500], 0.9012345679012346)
INFO:nas.trainer:eval | (sampled_gnn, metric_val) = (['sage', 2, 'global_max_pool', 7000], 0.8641975308641975)
INFO:nas.trainer:eval | (sampled_gnn, metric_val) = (['gin', 2, 'global_max_pool', 4500], 0.8395061728395061)
INFO:nas.trainer:train | 11 era_time 8546.372847795486
INFO:nas.trainer:eval | (sampled_gnn, metric_val) = (['sage', 2, 'global_max_pool', 6500], 0.8765432098765432)
INFO:nas.trainer:eval | (sampled_gnn, metric_val) = (['sage', 2, 'global_max_pool', 5000], 0.8518518518518519)
INFO:nas.trainer:eval | (sampled_gnn, metric_val) = (['ssg', 2, 'global_max_pool', 3500], 0.8148148148148148)
INFO:nas.trainer:eval | (sampled_gnn, metric_val) = (['sage', 2, 'global_max_pool', 3000], 0.8518518518518519)
INFO:nas.trainer:eval | (sampled_gnn, metric_val) = (['ssg', 2, 'global_add_pool', 5500], 0.9012345679012346)
INFO:nas.trainer:eval | (sampled_gnn, metric_val) = (['gmm', 2, 'global_max_pool', 6500], 0.8765432098765432)
INFO:nas.trainer:eval | (sampled_gnn, metric_val) = (['sage', 2, 'global_max_pool', 5000], 0.7901234567901234)
INFO:nas.trainer:eval | (sampled_gnn, metric_val) = (['gin', 2, 'global_max_pool', 4500], 0.8148148148148148)
INFO:nas.trainer:eval | (sampled_gnn, metric_val) = (['sage', 2, 'global_max_pool', 5000], 0.8395061728395061)
INFO:nas.trainer:eval | (sampled_gnn, metric_val) = (['gmm', 2, 'global_max_pool', 3000], 0.8024691358024691)
INFO:nas.trainer:eval | (sampled_gnn, metric_val) = (['gcn', 2, 'global_max_pool', 5000], 0.8148148148148148)
INFO:nas.trainer:eval | (sampled_gnn, metric_val) = (['gmm', 2, 'global_max_pool', 7000], 0.8765432098765432)
INFO:nas.trainer:eval | (sampled_gnn, metric_val) = (['gin', 2, 'global_max_pool', 5000], 0.8888888888888888)
INFO:nas.trainer:eval | (sampled_gnn, metric_val) = (['gmm', 2, 'global_max_pool', 5500], 0.8641975308641975)
INFO:nas.trainer:eval | (sampled_gnn, metric_val) = (['ssg', 2, 'global_max_pool', 4500], 0.8271604938271605)
INFO:nas.trainer:eval | (sampled_gnn, metric_val) = (['gcn', 2, 'global_max_pool', 3500], 0.8641975308641975)
INFO:nas.trainer:eval | (sampled_gnn, metric_val) = (['sg', 2, 'global_max_pool', 4500], 0.8518518518518519)
INFO:nas.trainer:eval | (sampled_gnn, metric_val) = (['gin', 2, 'global_max_pool', 3000], 0.8518518518518519)
INFO:nas.trainer:eval | (sampled_gnn, metric_val) = (['gmm', 2, 'global_max_pool', 8000], 0.8765432098765432)
INFO:nas.trainer:eval | (sampled_gnn, metric_val) = (['ssg', 2, 'global_max_pool', 3500], 0.8271604938271605)
INFO:nas.trainer:train | 12 era_time 7305.132040977478
INFO:nas.trainer:eval | (sampled_gnn, metric_val) = (['gat', 2, 'global_max_pool', 5000], 0.8395061728395061)
INFO:nas.trainer:eval | (sampled_gnn, metric_val) = (['ssg', 2, 'global_max_pool', 6000], 0.8888888888888888)
INFO:nas.trainer:eval | (sampled_gnn, metric_val) = (['sage', 2, 'global_max_pool', 6500], 0.8395061728395061)
INFO:nas.trainer:eval | (sampled_gnn, metric_val) = (['sg', 2, 'global_max_pool', 5000], 0.8518518518518519)
INFO:nas.trainer:eval | (sampled_gnn, metric_val) = (['sage', 2, 'global_max_pool', 5500], 0.8395061728395061)
INFO:nas.trainer:eval | (sampled_gnn, metric_val) = (['sage', 2, 'global_max_pool', 7000], 0.8641975308641975)
INFO:nas.trainer:eval | (sampled_gnn, metric_val) = (['gin', 2, 'global_max_pool', 3000], 0.8641975308641975)
INFO:nas.trainer:eval | (sampled_gnn, metric_val) = (['sage', 2, 'global_max_pool', 7000], 0.8641975308641975)
INFO:nas.trainer:eval | (sampled_gnn, metric_val) = (['gat', 2, 'global_max_pool', 3500], 0.8395061728395061)
INFO:nas.trainer:eval | (sampled_gnn, metric_val) = (['sage', 2, 'global_max_pool', 8000], 0.8271604938271605)
INFO:nas.trainer:eval | (sampled_gnn, metric_val) = (['ssg', 2, 'global_max_pool', 7000], 0.8765432098765432)
INFO:nas.trainer:eval | (sampled_gnn, metric_val) = (['sage', 2, 'global_max_pool', 8000], 0.8518518518518519)
INFO:nas.trainer:eval | (sampled_gnn, metric_val) = (['gmm', 2, 'global_max_pool', 3000], 0.7777777777777778)
INFO:nas.trainer:eval | (sampled_gnn, metric_val) = (['gin', 2, 'global_max_pool', 5000], 0.8518518518518519)
INFO:nas.trainer:eval | (sampled_gnn, metric_val) = (['ssg', 2, 'global_max_pool', 5500], 0.8641975308641975)
INFO:nas.trainer:eval | (sampled_gnn, metric_val) = (['gin', 2, 'global_max_pool', 6000], 0.8395061728395061)
INFO:nas.trainer:eval | (sampled_gnn, metric_val) = (['gcn', 2, 'global_max_pool', 6500], 0.7901234567901234)
INFO:nas.trainer:eval | (sampled_gnn, metric_val) = (['gin', 2, 'global_max_pool', 7000], 0.8148148148148148)
INFO:nas.trainer:eval | (sampled_gnn, metric_val) = (['sage', 2, 'global_max_pool', 6000], 0.8888888888888888)
INFO:nas.trainer:eval | (sampled_gnn, metric_val) = (['gmm', 2, 'global_max_pool', 5000], 0.8518518518518519)
INFO:nas.trainer:train | 13 era_time 8756.981409788132
INFO:nas.trainer:eval | (sampled_gnn, metric_val) = (['gcn', 2, 'global_max_pool', 7000], 0.8765432098765432)
INFO:nas.trainer:eval | (sampled_gnn, metric_val) = (['gin', 2, 'global_max_pool', 6000], 0.8641975308641975)
INFO:nas.trainer:eval | (sampled_gnn, metric_val) = (['gin', 2, 'global_max_pool', 7000], 0.8518518518518519)
INFO:nas.trainer:eval | (sampled_gnn, metric_val) = (['sg', 2, 'global_max_pool', 4500], 0.8641975308641975)
INFO:nas.trainer:eval | (sampled_gnn, metric_val) = (['ssg', 2, 'global_max_pool', 5500], 0.8271604938271605)
INFO:nas.trainer:eval | (sampled_gnn, metric_val) = (['gcn', 2, 'global_max_pool', 4000], 0.9012345679012346)
INFO:nas.trainer:eval | (sampled_gnn, metric_val) = (['gmm', 2, 'global_max_pool', 6500], 0.8518518518518519)
INFO:nas.trainer:eval | (sampled_gnn, metric_val) = (['gmm', 2, 'global_max_pool', 4500], 0.8641975308641975)
INFO:nas.trainer:eval | (sampled_gnn, metric_val) = (['sg', 2, 'global_max_pool', 5500], 0.8888888888888888)
INFO:nas.trainer:eval | (sampled_gnn, metric_val) = (['ssg', 2, 'global_max_pool', 3500], 0.8641975308641975)
INFO:nas.trainer:eval | (sampled_gnn, metric_val) = (['gmm', 2, 'global_max_pool', 6500], 0.8518518518518519)
INFO:nas.trainer:eval | (sampled_gnn, metric_val) = (['gin', 2, 'global_max_pool', 4500], 0.8271604938271605)
INFO:nas.trainer:eval | (sampled_gnn, metric_val) = (['sg', 2, 'global_add_pool', 8000], 0.8024691358024691)
INFO:nas.trainer:eval | (sampled_gnn, metric_val) = (['sg', 2, 'global_add_pool', 3500], 0.8148148148148148)
INFO:nas.trainer:eval | (sampled_gnn, metric_val) = (['sage', 2, 'global_max_pool', 8000], 0.8765432098765432)
INFO:nas.trainer:eval | (sampled_gnn, metric_val) = (['ssg', 2, 'global_max_pool', 4500], 0.8518518518518519)
INFO:nas.trainer:eval | (sampled_gnn, metric_val) = (['sage', 2, 'global_max_pool', 4500], 0.8765432098765432)
INFO:nas.trainer:eval | (sampled_gnn, metric_val) = (['sage', 2, 'global_max_pool', 7000], 0.8271604938271605)
INFO:nas.trainer:eval | (sampled_gnn, metric_val) = (['gmm', 2, 'global_max_pool', 7000], 0.8641975308641975)
INFO:nas.trainer:eval | (sampled_gnn, metric_val) = (['gcn', 2, 'global_max_pool', 7000], 0.7901234567901234)
INFO:nas.trainer:train | 14 era_time 8767.534578800201
INFO:nas.trainer:eval | (sampled_gnn, metric_val) = (['sage', 2, 'global_max_pool', 5000], 0.8641975308641975)
INFO:nas.trainer:eval | (sampled_gnn, metric_val) = (['sg', 2, 'global_max_pool', 6000], 0.8765432098765432)
INFO:nas.trainer:eval | (sampled_gnn, metric_val) = (['tag', 2, 'global_max_pool', 6500], 0.8148148148148148)
INFO:nas.trainer:eval | (sampled_gnn, metric_val) = (['sage', 2, 'global_max_pool', 7000], 0.8271604938271605)
INFO:nas.trainer:eval | (sampled_gnn, metric_val) = (['gmm', 2, 'global_max_pool', 4500], 0.8765432098765432)
INFO:nas.trainer:eval | (sampled_gnn, metric_val) = (['sg', 2, 'global_max_pool', 4500], 0.8641975308641975)
INFO:nas.trainer:eval | (sampled_gnn, metric_val) = (['tag', 2, 'global_max_pool', 5500], 0.7901234567901234)
INFO:nas.trainer:eval | (sampled_gnn, metric_val) = (['gin', 2, 'global_max_pool', 3000], 0.8148148148148148)
INFO:nas.trainer:eval | (sampled_gnn, metric_val) = (['ssg', 2, 'global_max_pool', 4500], 0.8271604938271605)
INFO:nas.trainer:eval | (sampled_gnn, metric_val) = (['gcn', 2, 'global_max_pool', 8000], 0.8518518518518519)
INFO:nas.trainer:eval | (sampled_gnn, metric_val) = (['sage', 2, 'global_max_pool', 6000], 0.8641975308641975)
INFO:nas.trainer:eval | (sampled_gnn, metric_val) = (['gmm', 2, 'global_max_pool', 4500], 0.8888888888888888)
INFO:nas.trainer:eval | (sampled_gnn, metric_val) = (['sage', 2, 'global_max_pool', 3500], 0.8395061728395061)
INFO:nas.trainer:eval | (sampled_gnn, metric_val) = (['sage', 2, 'global_max_pool', 8000], 0.8641975308641975)
INFO:nas.trainer:eval | (sampled_gnn, metric_val) = (['sg', 2, 'global_max_pool', 3000], 0.8395061728395061)
INFO:nas.trainer:eval | (sampled_gnn, metric_val) = (['sage', 2, 'global_max_pool', 4500], 0.8395061728395061)
INFO:nas.trainer:eval | (sampled_gnn, metric_val) = (['sage', 2, 'global_max_pool', 4500], 0.8888888888888888)
INFO:nas.trainer:eval | (sampled_gnn, metric_val) = (['gmm', 2, 'global_max_pool', 6000], 0.8271604938271605)
INFO:nas.trainer:eval | (sampled_gnn, metric_val) = (['sage', 2, 'global_max_pool', 7000], 0.8765432098765432)
INFO:nas.trainer:eval | (sampled_gnn, metric_val) = (['sage', 2, 'global_max_pool', 7000], 0.8641975308641975)
INFO:nas.trainer:train | 15 era_time 8418.29955458641
INFO:nas.trainer:eval | (sampled_gnn, metric_val) = (['sage', 2, 'global_max_pool', 6500], 0.8271604938271605)
INFO:nas.trainer:eval | (sampled_gnn, metric_val) = (['sg', 2, 'global_max_pool', 4000], 0.8518518518518519)
INFO:nas.trainer:eval | (sampled_gnn, metric_val) = (['ssg', 2, 'global_max_pool', 8000], 0.8395061728395061)
INFO:nas.trainer:eval | (sampled_gnn, metric_val) = (['ssg', 2, 'global_max_pool', 4500], 0.8518518518518519)
INFO:nas.trainer:eval | (sampled_gnn, metric_val) = (['gmm', 2, 'global_max_pool', 7000], 0.8024691358024691)
INFO:nas.trainer:eval | (sampled_gnn, metric_val) = (['ssg', 2, 'global_max_pool', 5000], 0.8271604938271605)
INFO:nas.trainer:eval | (sampled_gnn, metric_val) = (['sage', 2, 'global_max_pool', 8000], 0.7901234567901234)
INFO:nas.trainer:eval | (sampled_gnn, metric_val) = (['gcn', 2, 'global_max_pool', 7000], 0.8518518518518519)
INFO:nas.trainer:eval | (sampled_gnn, metric_val) = (['sg', 2, 'global_max_pool', 6500], 0.8518518518518519)
INFO:nas.trainer:eval | (sampled_gnn, metric_val) = (['gmm', 2, 'global_max_pool', 6500], 0.8641975308641975)
INFO:nas.trainer:eval | (sampled_gnn, metric_val) = (['gin', 2, 'global_max_pool', 8000], 0.8024691358024691)
INFO:nas.trainer:eval | (sampled_gnn, metric_val) = (['gmm', 2, 'global_max_pool', 4500], 0.8641975308641975)
INFO:nas.trainer:eval | (sampled_gnn, metric_val) = (['sage', 2, 'global_max_pool', 5500], 0.8765432098765432)
INFO:nas.trainer:eval | (sampled_gnn, metric_val) = (['gmm', 2, 'global_max_pool', 8000], 0.8518518518518519)
INFO:nas.trainer:eval | (sampled_gnn, metric_val) = (['sg', 2, 'global_max_pool', 7000], 0.8148148148148148)
INFO:nas.trainer:eval | (sampled_gnn, metric_val) = (['sage', 2, 'global_max_pool', 5000], 0.8518518518518519)
INFO:nas.trainer:eval | (sampled_gnn, metric_val) = (['sage', 2, 'global_max_pool', 6000], 0.8518518518518519)
INFO:nas.trainer:eval | (sampled_gnn, metric_val) = (['sage', 2, 'global_max_pool', 6000], 0.8395061728395061)
INFO:nas.trainer:eval | (sampled_gnn, metric_val) = (['sage', 2, 'global_max_pool', 3500], 0.8641975308641975)
INFO:nas.trainer:eval | (sampled_gnn, metric_val) = (['sg', 2, 'global_max_pool', 5000], 0.8641975308641975)
INFO:nas.trainer:train | 16 era_time 9376.416448831558
INFO:nas.trainer:eval | (sampled_gnn, metric_val) = (['sage', 2, 'global_max_pool', 5500], 0.8518518518518519)
INFO:nas.trainer:eval | (sampled_gnn, metric_val) = (['ssg', 2, 'global_max_pool', 7000], 0.8148148148148148)
INFO:nas.trainer:eval | (sampled_gnn, metric_val) = (['sage', 2, 'global_max_pool', 3500], 0.8765432098765432)
INFO:nas.trainer:eval | (sampled_gnn, metric_val) = (['sage', 2, 'global_max_pool', 4500], 0.8518518518518519)
INFO:nas.trainer:eval | (sampled_gnn, metric_val) = (['gcn', 2, 'global_add_pool', 5000], 0.8024691358024691)
INFO:nas.trainer:eval | (sampled_gnn, metric_val) = (['gcn', 2, 'global_max_pool', 4500], 0.8395061728395061)
INFO:nas.trainer:eval | (sampled_gnn, metric_val) = (['gin', 2, 'global_max_pool', 3000], 0.7901234567901234)
INFO:nas.trainer:eval | (sampled_gnn, metric_val) = (['sg', 2, 'global_max_pool', 5000], 0.8765432098765432)
INFO:nas.trainer:eval | (sampled_gnn, metric_val) = (['ssg', 2, 'global_max_pool', 3500], 0.8518518518518519)
INFO:nas.trainer:eval | (sampled_gnn, metric_val) = (['gmm', 2, 'global_max_pool', 7000], 0.8395061728395061)
INFO:nas.trainer:eval | (sampled_gnn, metric_val) = (['gin', 2, 'global_max_pool', 8000], 0.8271604938271605)
INFO:nas.trainer:eval | (sampled_gnn, metric_val) = (['sage', 2, 'global_max_pool', 8000], 0.9012345679012346)
INFO:nas.trainer:eval | (sampled_gnn, metric_val) = (['ssg', 2, 'global_max_pool', 7000], 0.8395061728395061)
INFO:nas.trainer:eval | (sampled_gnn, metric_val) = (['sg', 2, 'global_max_pool', 6000], 0.8641975308641975)
INFO:nas.trainer:eval | (sampled_gnn, metric_val) = (['gmm', 2, 'global_max_pool', 3500], 0.8395061728395061)
INFO:nas.trainer:eval | (sampled_gnn, metric_val) = (['sage', 2, 'global_max_pool', 7000], 0.9012345679012346)
INFO:nas.trainer:eval | (sampled_gnn, metric_val) = (['sage', 2, 'global_max_pool', 3500], 0.8395061728395061)
INFO:nas.trainer:eval | (sampled_gnn, metric_val) = (['gin', 2, 'global_max_pool', 8000], 0.8518518518518519)
INFO:nas.trainer:eval | (sampled_gnn, metric_val) = (['gmm', 2, 'global_max_pool', 3000], 0.8148148148148148)
INFO:nas.trainer:eval | (sampled_gnn, metric_val) = (['ssg', 2, 'global_max_pool', 3500], 0.8641975308641975)
INFO:nas.trainer:train | 17 era_time 7964.46452999115
INFO:nas.trainer:eval | (sampled_gnn, metric_val) = (['ssg', 2, 'global_max_pool', 6000], 0.8765432098765432)
INFO:nas.trainer:eval | (sampled_gnn, metric_val) = (['gmm', 2, 'global_max_pool', 6500], 0.8271604938271605)
INFO:nas.trainer:eval | (sampled_gnn, metric_val) = (['ssg', 2, 'global_max_pool', 7000], 0.8518518518518519)
INFO:nas.trainer:eval | (sampled_gnn, metric_val) = (['sage', 2, 'global_max_pool', 5500], 0.8765432098765432)
INFO:nas.trainer:eval | (sampled_gnn, metric_val) = (['sage', 2, 'global_max_pool', 6000], 0.8641975308641975)
INFO:nas.trainer:eval | (sampled_gnn, metric_val) = (['sage', 2, 'global_max_pool', 6500], 0.8148148148148148)
INFO:nas.trainer:eval | (sampled_gnn, metric_val) = (['sg', 2, 'global_max_pool', 5000], 0.8024691358024691)
INFO:nas.trainer:eval | (sampled_gnn, metric_val) = (['sage', 2, 'global_max_pool', 4500], 0.8395061728395061)
INFO:nas.trainer:eval | (sampled_gnn, metric_val) = (['sage', 2, 'global_max_pool', 5500], 0.8641975308641975)
INFO:nas.trainer:eval | (sampled_gnn, metric_val) = (['gcn', 2, 'global_max_pool', 3500], 0.8888888888888888)
INFO:nas.trainer:eval | (sampled_gnn, metric_val) = (['gin', 2, 'global_max_pool', 5000], 0.7530864197530864)
INFO:nas.trainer:eval | (sampled_gnn, metric_val) = (['sage', 2, 'global_max_pool', 5500], 0.8395061728395061)
INFO:nas.trainer:eval | (sampled_gnn, metric_val) = (['sg', 2, 'global_max_pool', 3500], 0.8641975308641975)
INFO:nas.trainer:eval | (sampled_gnn, metric_val) = (['gmm', 2, 'global_max_pool', 5500], 0.8518518518518519)
INFO:nas.trainer:eval | (sampled_gnn, metric_val) = (['sage', 2, 'global_max_pool', 5000], 0.9259259259259259)
INFO:nas.trainer:eval | (sampled_gnn, metric_val) = (['sage', 2, 'global_max_pool', 4500], 0.8518518518518519)
INFO:nas.trainer:eval | (sampled_gnn, metric_val) = (['gin', 2, 'global_max_pool', 6500], 0.8395061728395061)
INFO:nas.trainer:eval | (sampled_gnn, metric_val) = (['gmm', 2, 'global_max_pool', 3000], 0.8641975308641975)
INFO:nas.trainer:eval | (sampled_gnn, metric_val) = (['gmm', 2, 'global_max_pool', 6500], 0.8765432098765432)
INFO:nas.trainer:eval | (sampled_gnn, metric_val) = (['ssg', 2, 'global_max_pool', 5000], 0.8641975308641975)
INFO:nas.trainer:train | 18 era_time 8022.961166381836
INFO:nas.trainer:eval | (sampled_gnn, metric_val) = (['gmm', 2, 'global_max_pool', 6500], 0.8395061728395061)
INFO:nas.trainer:eval | (sampled_gnn, metric_val) = (['gmm', 2, 'global_max_pool', 4500], 0.8888888888888888)
INFO:nas.trainer:eval | (sampled_gnn, metric_val) = (['sg', 2, 'global_max_pool', 8000], 0.8271604938271605)
INFO:nas.trainer:eval | (sampled_gnn, metric_val) = (['gmm', 2, 'global_add_pool', 6000], 0.8148148148148148)
INFO:nas.trainer:eval | (sampled_gnn, metric_val) = (['sage', 2, 'global_max_pool', 6000], 0.8765432098765432)
INFO:nas.trainer:eval | (sampled_gnn, metric_val) = (['sg', 2, 'global_max_pool', 3500], 0.8148148148148148)
INFO:nas.trainer:eval | (sampled_gnn, metric_val) = (['gmm', 2, 'global_max_pool', 7000], 0.8641975308641975)
INFO:nas.trainer:eval | (sampled_gnn, metric_val) = (['gmm', 2, 'global_max_pool', 7500], 0.8148148148148148)
INFO:nas.trainer:eval | (sampled_gnn, metric_val) = (['gin', 2, 'global_max_pool', 7000], 0.8024691358024691)
INFO:nas.trainer:eval | (sampled_gnn, metric_val) = (['sg', 2, 'global_max_pool', 6500], 0.8395061728395061)
INFO:nas.trainer:eval | (sampled_gnn, metric_val) = (['sage', 2, 'global_max_pool', 7000], 0.8888888888888888)
INFO:nas.trainer:eval | (sampled_gnn, metric_val) = (['gmm', 2, 'global_max_pool', 4500], 0.9012345679012346)
INFO:nas.trainer:eval | (sampled_gnn, metric_val) = (['gmm', 2, 'global_max_pool', 4000], 0.8271604938271605)
INFO:nas.trainer:eval | (sampled_gnn, metric_val) = (['gin', 2, 'global_max_pool', 8000], 0.8271604938271605)
INFO:nas.trainer:eval | (sampled_gnn, metric_val) = (['gmm', 2, 'global_max_pool', 7000], 0.8518518518518519)
INFO:nas.trainer:eval | (sampled_gnn, metric_val) = (['ssg', 2, 'global_max_pool', 3500], 0.8888888888888888)
INFO:nas.trainer:eval | (sampled_gnn, metric_val) = (['gat', 2, 'global_max_pool', 6500], 0.8024691358024691)
INFO:nas.trainer:eval | (sampled_gnn, metric_val) = (['sage', 2, 'global_max_pool', 6000], 0.9012345679012346)
INFO:nas.trainer:eval | (sampled_gnn, metric_val) = (['gat', 2, 'global_max_pool', 3500], 0.8271604938271605)
INFO:nas.trainer:eval | (sampled_gnn, metric_val) = (['sg', 2, 'global_max_pool', 6500], 0.8518518518518519)
INFO:nas.trainer:train | 19 era_time 9342.327141284943
INFO:nas.trainer:eval | (sampled_gnn, metric_val) = (['gcn', 2, 'global_max_pool', 5000], 0.8518518518518519)
INFO:nas.trainer:eval | (sampled_gnn, metric_val) = (['sg', 2, 'global_max_pool', 5000], 0.8395061728395061)
INFO:nas.trainer:eval | (sampled_gnn, metric_val) = (['ssg', 2, 'global_max_pool', 3500], 0.8518518518518519)
INFO:nas.trainer:eval | (sampled_gnn, metric_val) = (['gcn', 2, 'global_max_pool', 3500], 0.8518518518518519)
INFO:nas.trainer:eval | (sampled_gnn, metric_val) = (['sage', 2, 'global_max_pool', 6000], 0.8518518518518519)
INFO:nas.trainer:eval | (sampled_gnn, metric_val) = (['sg', 2, 'global_max_pool', 6000], 0.8271604938271605)
INFO:nas.trainer:eval | (sampled_gnn, metric_val) = (['sage', 2, 'global_max_pool', 5000], 0.8765432098765432)
INFO:nas.trainer:eval | (sampled_gnn, metric_val) = (['sage', 2, 'global_max_pool', 6000], 0.8641975308641975)
INFO:nas.trainer:eval | (sampled_gnn, metric_val) = (['sage', 2, 'global_max_pool', 8000], 0.8518518518518519)
INFO:nas.trainer:eval | (sampled_gnn, metric_val) = (['ssg', 2, 'global_max_pool', 3000], 0.8518518518518519)
INFO:nas.trainer:eval | (sampled_gnn, metric_val) = (['gmm', 2, 'global_max_pool', 5000], 0.8148148148148148)
INFO:nas.trainer:eval | (sampled_gnn, metric_val) = (['sage', 2, 'global_max_pool', 6500], 0.8641975308641975)
INFO:nas.trainer:eval | (sampled_gnn, metric_val) = (['sage', 2, 'global_max_pool', 6500], 0.8518518518518519)
INFO:nas.trainer:eval | (sampled_gnn, metric_val) = (['gmm', 2, 'global_max_pool', 8000], 0.8518518518518519)
INFO:nas.trainer:eval | (sampled_gnn, metric_val) = (['sage', 2, 'global_max_pool', 4500], 0.8641975308641975)
INFO:nas.trainer:eval | (sampled_gnn, metric_val) = (['ssg', 2, 'global_max_pool', 3500], 0.8148148148148148)
INFO:nas.trainer:eval | (sampled_gnn, metric_val) = (['sg', 2, 'global_max_pool', 3000], 0.8518518518518519)
INFO:nas.trainer:eval | (sampled_gnn, metric_val) = (['gmm', 2, 'global_max_pool', 6000], 0.8641975308641975)
INFO:nas.trainer:eval | (sampled_gnn, metric_val) = (['sage', 2, 'global_max_pool', 6500], 0.8148148148148148)
INFO:nas.trainer:eval | (sampled_gnn, metric_val) = (['gmm', 2, 'global_max_pool', 8000], 0.8148148148148148)
INFO:nas.trainer:train | 20 era_time 8183.018530130386
INFO:nas.trainer:eval | (sampled_gnn, metric_val) = (['sage', 2, 'global_max_pool', 6500], 0.8641975308641975)
INFO:nas.trainer:eval | (sampled_gnn, metric_val) = (['ssg', 2, 'global_max_pool', 6500], 0.8641975308641975)
INFO:nas.trainer:eval | (sampled_gnn, metric_val) = (['sg', 2, 'global_max_pool', 6500], 0.8765432098765432)
INFO:nas.trainer:eval | (sampled_gnn, metric_val) = (['sage', 2, 'global_mean_pool', 8000], 0.8395061728395061)
INFO:nas.trainer:eval | (sampled_gnn, metric_val) = (['sage', 2, 'global_max_pool', 5000], 0.9012345679012346)
INFO:nas.trainer:eval | (sampled_gnn, metric_val) = (['sage', 2, 'global_max_pool', 7000], 0.8888888888888888)
INFO:nas.trainer:eval | (sampled_gnn, metric_val) = (['sage', 2, 'global_max_pool', 3500], 0.8395061728395061)
INFO:nas.trainer:eval | (sampled_gnn, metric_val) = (['gcn', 2, 'global_max_pool', 8000], 0.8641975308641975)
INFO:nas.trainer:eval | (sampled_gnn, metric_val) = (['sg', 2, 'global_max_pool', 4500], 0.8518518518518519)
INFO:nas.trainer:eval | (sampled_gnn, metric_val) = (['ssg', 2, 'global_max_pool', 7000], 0.8395061728395061)
INFO:nas.trainer:eval | (sampled_gnn, metric_val) = (['sage', 2, 'global_max_pool', 6000], 0.8641975308641975)
INFO:nas.trainer:eval | (sampled_gnn, metric_val) = (['sg', 2, 'global_max_pool', 5500], 0.8395061728395061)
INFO:nas.trainer:eval | (sampled_gnn, metric_val) = (['ssg', 2, 'global_max_pool', 5500], 0.8641975308641975)
INFO:nas.trainer:eval | (sampled_gnn, metric_val) = (['gmm', 2, 'global_max_pool', 4500], 0.8641975308641975)
INFO:nas.trainer:eval | (sampled_gnn, metric_val) = (['ssg', 2, 'global_max_pool', 6000], 0.8271604938271605)
INFO:nas.trainer:eval | (sampled_gnn, metric_val) = (['gcn', 2, 'global_max_pool', 6000], 0.8641975308641975)
INFO:nas.trainer:eval | (sampled_gnn, metric_val) = (['gmm', 2, 'global_max_pool', 6000], 0.8765432098765432)
INFO:nas.trainer:eval | (sampled_gnn, metric_val) = (['ssg', 2, 'global_max_pool', 6000], 0.8641975308641975)
INFO:nas.trainer:eval | (sampled_gnn, metric_val) = (['sage', 2, 'global_max_pool', 5000], 0.8765432098765432)
INFO:nas.trainer:eval | (sampled_gnn, metric_val) = (['sg', 2, 'global_max_pool', 3500], 0.8518518518518519)
INFO:nas.trainer:train | 21 era_time 8613.508744478226
INFO:nas.trainer:eval | (sampled_gnn, metric_val) = (['sg', 2, 'global_max_pool', 3000], 0.8518518518518519)
INFO:nas.trainer:eval | (sampled_gnn, metric_val) = (['sage', 2, 'global_max_pool', 3500], 0.8765432098765432)
INFO:nas.trainer:eval | (sampled_gnn, metric_val) = (['sage', 2, 'global_max_pool', 7000], 0.8888888888888888)
INFO:nas.trainer:eval | (sampled_gnn, metric_val) = (['sage', 2, 'global_max_pool', 4500], 0.8148148148148148)
INFO:nas.trainer:eval | (sampled_gnn, metric_val) = (['sage', 2, 'global_mean_pool', 3000], 0.8518518518518519)
INFO:nas.trainer:eval | (sampled_gnn, metric_val) = (['sage', 2, 'global_max_pool', 3500], 0.8271604938271605)
INFO:nas.trainer:eval | (sampled_gnn, metric_val) = (['gmm', 2, 'global_max_pool', 5000], 0.7777777777777778)
INFO:nas.trainer:eval | (sampled_gnn, metric_val) = (['sage', 2, 'global_max_pool', 6000], 0.8641975308641975)
INFO:nas.trainer:eval | (sampled_gnn, metric_val) = (['gmm', 2, 'global_max_pool', 3500], 0.8148148148148148)
INFO:nas.trainer:eval | (sampled_gnn, metric_val) = (['sage', 2, 'global_max_pool', 4500], 0.8641975308641975)
INFO:nas.trainer:eval | (sampled_gnn, metric_val) = (['ssg', 2, 'global_max_pool', 4500], 0.8271604938271605)
INFO:nas.trainer:eval | (sampled_gnn, metric_val) = (['ssg', 2, 'global_max_pool', 6000], 0.9135802469135802)
INFO:nas.trainer:eval | (sampled_gnn, metric_val) = (['sage', 2, 'global_max_pool', 7000], 0.8518518518518519)
INFO:nas.trainer:eval | (sampled_gnn, metric_val) = (['gmm', 2, 'global_max_pool', 6500], 0.8518518518518519)
INFO:nas.trainer:eval | (sampled_gnn, metric_val) = (['sg', 2, 'global_add_pool', 5000], 0.7777777777777778)
INFO:nas.trainer:eval | (sampled_gnn, metric_val) = (['gcn', 2, 'global_max_pool', 6000], 0.8765432098765432)
INFO:nas.trainer:eval | (sampled_gnn, metric_val) = (['gin', 2, 'global_max_pool', 6500], 0.8148148148148148)
INFO:nas.trainer:eval | (sampled_gnn, metric_val) = (['sage', 2, 'global_max_pool', 6500], 0.8518518518518519)
INFO:nas.trainer:eval | (sampled_gnn, metric_val) = (['gin', 2, 'global_max_pool', 8000], 0.8271604938271605)
INFO:nas.trainer:eval | (sampled_gnn, metric_val) = (['gmm', 2, 'global_max_pool', 5000], 0.7901234567901234)
INFO:nas.trainer:train | 22 era_time 7697.953893899918
INFO:nas.trainer:eval | (sampled_gnn, metric_val) = (['sage', 2, 'global_max_pool', 5000], 0.8518518518518519)
INFO:nas.trainer:eval | (sampled_gnn, metric_val) = (['sage', 2, 'global_max_pool', 3500], 0.8641975308641975)
INFO:nas.trainer:eval | (sampled_gnn, metric_val) = (['gmm', 2, 'global_max_pool', 5500], 0.8271604938271605)
INFO:nas.trainer:eval | (sampled_gnn, metric_val) = (['sage', 2, 'global_max_pool', 4500], 0.8518518518518519)
INFO:nas.trainer:eval | (sampled_gnn, metric_val) = (['gcn', 2, 'global_max_pool', 4500], 0.8518518518518519)
INFO:nas.trainer:eval | (sampled_gnn, metric_val) = (['gcn', 2, 'global_max_pool', 6000], 0.8395061728395061)
INFO:nas.trainer:eval | (sampled_gnn, metric_val) = (['gmm', 2, 'global_max_pool', 6500], 0.8518518518518519)
INFO:nas.trainer:eval | (sampled_gnn, metric_val) = (['sg', 2, 'global_max_pool', 7000], 0.8641975308641975)
INFO:nas.trainer:eval | (sampled_gnn, metric_val) = (['gmm', 2, 'global_max_pool', 6500], 0.8888888888888888)
INFO:nas.trainer:eval | (sampled_gnn, metric_val) = (['gmm', 2, 'global_max_pool', 5500], 0.8395061728395061)
INFO:nas.trainer:eval | (sampled_gnn, metric_val) = (['sage', 2, 'global_max_pool', 8000], 0.8518518518518519)
INFO:nas.trainer:eval | (sampled_gnn, metric_val) = (['sg', 2, 'global_max_pool', 8000], 0.8641975308641975)
INFO:nas.trainer:eval | (sampled_gnn, metric_val) = (['gmm', 2, 'global_mean_pool', 5000], 0.8518518518518519)
INFO:nas.trainer:eval | (sampled_gnn, metric_val) = (['sg', 2, 'global_max_pool', 8000], 0.8518518518518519)
INFO:nas.trainer:eval | (sampled_gnn, metric_val) = (['sage', 2, 'global_max_pool', 5000], 0.8888888888888888)
INFO:nas.trainer:eval | (sampled_gnn, metric_val) = (['gmm', 2, 'global_max_pool', 8000], 0.8518518518518519)
INFO:nas.trainer:eval | (sampled_gnn, metric_val) = (['sg', 2, 'global_max_pool', 8000], 0.8395061728395061)
INFO:nas.trainer:eval | (sampled_gnn, metric_val) = (['sg', 2, 'global_max_pool', 5000], 0.7654320987654321)
INFO:nas.trainer:eval | (sampled_gnn, metric_val) = (['ssg', 2, 'global_max_pool', 3500], 0.8641975308641975)
INFO:nas.trainer:eval | (sampled_gnn, metric_val) = (['sg', 2, 'global_max_pool', 5000], 0.8271604938271605)
INFO:nas.trainer:train | 23 era_time 8869.754784107208
INFO:nas.trainer:eval | (sampled_gnn, metric_val) = (['gmm', 2, 'global_max_pool', 3500], 0.8271604938271605)
INFO:nas.trainer:eval | (sampled_gnn, metric_val) = (['gmm', 2, 'global_max_pool', 5000], 0.8641975308641975)
INFO:nas.trainer:eval | (sampled_gnn, metric_val) = (['sage', 2, 'global_max_pool', 5000], 0.8765432098765432)
INFO:nas.trainer:eval | (sampled_gnn, metric_val) = (['gmm', 2, 'global_max_pool', 5000], 0.8888888888888888)
INFO:nas.trainer:eval | (sampled_gnn, metric_val) = (['ssg', 2, 'global_max_pool', 3000], 0.8395061728395061)
INFO:nas.trainer:eval | (sampled_gnn, metric_val) = (['ssg', 2, 'global_max_pool', 6000], 0.8518518518518519)
INFO:nas.trainer:eval | (sampled_gnn, metric_val) = (['sage', 2, 'global_max_pool', 5000], 0.8641975308641975)
INFO:nas.trainer:eval | (sampled_gnn, metric_val) = (['ssg', 2, 'global_max_pool', 6500], 0.8641975308641975)
INFO:nas.trainer:eval | (sampled_gnn, metric_val) = (['sage', 2, 'global_max_pool', 5500], 0.8271604938271605)
INFO:nas.trainer:eval | (sampled_gnn, metric_val) = (['sage', 2, 'global_max_pool', 3000], 0.8765432098765432)
INFO:nas.trainer:eval | (sampled_gnn, metric_val) = (['sage', 2, 'global_max_pool', 4500], 0.8271604938271605)
INFO:nas.trainer:eval | (sampled_gnn, metric_val) = (['sage', 2, 'global_max_pool', 5000], 0.8024691358024691)
INFO:nas.trainer:eval | (sampled_gnn, metric_val) = (['ssg', 2, 'global_max_pool', 5000], 0.8271604938271605)
INFO:nas.trainer:eval | (sampled_gnn, metric_val) = (['gmm', 2, 'global_max_pool', 5000], 0.8395061728395061)
INFO:nas.trainer:eval | (sampled_gnn, metric_val) = (['sage', 2, 'global_max_pool', 6000], 0.8395061728395061)
INFO:nas.trainer:eval | (sampled_gnn, metric_val) = (['sage', 2, 'global_max_pool', 6500], 0.8395061728395061)
INFO:nas.trainer:eval | (sampled_gnn, metric_val) = (['sage', 2, 'global_max_pool', 3500], 0.8395061728395061)
INFO:nas.trainer:eval | (sampled_gnn, metric_val) = (['sage', 2, 'global_max_pool', 5000], 0.8518518518518519)
INFO:nas.trainer:eval | (sampled_gnn, metric_val) = (['gmm', 2, 'global_max_pool', 4500], 0.8518518518518519)
INFO:nas.trainer:eval | (sampled_gnn, metric_val) = (['sage', 2, 'global_max_pool', 6500], 0.8024691358024691)
INFO:nas.trainer:train | 24 era_time 7410.41179728508
INFO:nas.trainer:eval | (sampled_gnn, metric_val) = (['gat', 2, 'global_max_pool', 5500], 0.8024691358024691)
INFO:nas.trainer:eval | (sampled_gnn, metric_val) = (['gmm', 2, 'global_max_pool', 5000], 0.8518518518518519)
INFO:nas.trainer:eval | (sampled_gnn, metric_val) = (['sage', 2, 'global_max_pool', 3500], 0.8641975308641975)
INFO:nas.trainer:eval | (sampled_gnn, metric_val) = (['gin', 2, 'global_max_pool', 8000], 0.8271604938271605)
INFO:nas.trainer:eval | (sampled_gnn, metric_val) = (['gmm', 2, 'global_max_pool', 6500], 0.8518518518518519)
INFO:nas.trainer:eval | (sampled_gnn, metric_val) = (['gmm', 2, 'global_max_pool', 5000], 0.8395061728395061)
INFO:nas.trainer:eval | (sampled_gnn, metric_val) = (['sage', 2, 'global_max_pool', 4500], 0.8765432098765432)
INFO:nas.trainer:eval | (sampled_gnn, metric_val) = (['gin', 2, 'global_max_pool', 6000], 0.7901234567901234)
INFO:nas.trainer:eval | (sampled_gnn, metric_val) = (['gmm', 2, 'global_max_pool', 7500], 0.8641975308641975)
INFO:nas.trainer:eval | (sampled_gnn, metric_val) = (['sage', 2, 'global_max_pool', 6000], 0.8888888888888888)
INFO:nas.trainer:eval | (sampled_gnn, metric_val) = (['sage', 2, 'global_max_pool', 4500], 0.8518518518518519)
INFO:nas.trainer:eval | (sampled_gnn, metric_val) = (['ssg', 2, 'global_max_pool', 7000], 0.8641975308641975)
INFO:nas.trainer:eval | (sampled_gnn, metric_val) = (['gmm', 2, 'global_max_pool', 3000], 0.8765432098765432)
INFO:nas.trainer:eval | (sampled_gnn, metric_val) = (['gmm', 2, 'global_max_pool', 8000], 0.8148148148148148)
INFO:nas.trainer:eval | (sampled_gnn, metric_val) = (['sage', 2, 'global_max_pool', 4500], 0.8395061728395061)
INFO:nas.trainer:eval | (sampled_gnn, metric_val) = (['gin', 2, 'global_max_pool', 3000], 0.8888888888888888)
INFO:nas.trainer:eval | (sampled_gnn, metric_val) = (['sg', 2, 'global_max_pool', 4500], 0.8641975308641975)
INFO:nas.trainer:eval | (sampled_gnn, metric_val) = (['sg', 2, 'global_max_pool', 8000], 0.8271604938271605)
INFO:nas.trainer:eval | (sampled_gnn, metric_val) = (['sage', 2, 'global_max_pool', 6000], 0.8271604938271605)
INFO:nas.trainer:eval | (sampled_gnn, metric_val) = (['sg', 2, 'global_max_pool', 4500], 0.8395061728395061)
INFO:nas.trainer:train | 25 era_time 8686.55011510849
INFO:nas.trainer:eval | (sampled_gnn, metric_val) = (['gmm', 2, 'global_max_pool', 5000], 0.8888888888888888)
INFO:nas.trainer:eval | (sampled_gnn, metric_val) = (['ssg', 2, 'global_max_pool', 3500], 0.8024691358024691)
INFO:nas.trainer:eval | (sampled_gnn, metric_val) = (['sage', 2, 'global_max_pool', 6000], 0.8765432098765432)
INFO:nas.trainer:eval | (sampled_gnn, metric_val) = (['sage', 2, 'global_max_pool', 5500], 0.8518518518518519)
INFO:nas.trainer:eval | (sampled_gnn, metric_val) = (['sg', 2, 'global_max_pool', 5000], 0.8395061728395061)
INFO:nas.trainer:eval | (sampled_gnn, metric_val) = (['sg', 2, 'global_max_pool', 6500], 0.8641975308641975)
INFO:nas.trainer:eval | (sampled_gnn, metric_val) = (['gmm', 2, 'global_max_pool', 6500], 0.8641975308641975)
INFO:nas.trainer:eval | (sampled_gnn, metric_val) = (['ssg', 2, 'global_max_pool', 4500], 0.8518518518518519)
INFO:nas.trainer:eval | (sampled_gnn, metric_val) = (['ssg', 2, 'global_max_pool', 4500], 0.8271604938271605)
INFO:nas.trainer:eval | (sampled_gnn, metric_val) = (['gmm', 2, 'global_max_pool', 5500], 0.8518518518518519)
INFO:nas.trainer:eval | (sampled_gnn, metric_val) = (['ssg', 2, 'global_max_pool', 7000], 0.8395061728395061)
INFO:nas.trainer:eval | (sampled_gnn, metric_val) = (['sage', 2, 'global_max_pool', 3500], 0.8271604938271605)
INFO:nas.trainer:eval | (sampled_gnn, metric_val) = (['gmm', 2, 'global_max_pool', 8000], 0.8641975308641975)
INFO:nas.trainer:eval | (sampled_gnn, metric_val) = (['gin', 2, 'global_max_pool', 3000], 0.8271604938271605)
INFO:nas.trainer:eval | (sampled_gnn, metric_val) = (['gat', 2, 'global_max_pool', 6500], 0.8888888888888888)
INFO:nas.trainer:eval | (sampled_gnn, metric_val) = (['sage', 2, 'global_max_pool', 8000], 0.8395061728395061)
INFO:nas.trainer:eval | (sampled_gnn, metric_val) = (['gmm', 2, 'global_max_pool', 5000], 0.8641975308641975)
INFO:nas.trainer:eval | (sampled_gnn, metric_val) = (['sage', 2, 'global_max_pool', 7000], 0.8888888888888888)
INFO:nas.trainer:eval | (sampled_gnn, metric_val) = (['sg', 2, 'global_max_pool', 7000], 0.8271604938271605)
INFO:nas.trainer:eval | (sampled_gnn, metric_val) = (['sage', 2, 'global_max_pool', 3500], 0.8641975308641975)
INFO:nas.trainer:train | 26 era_time 8883.638894319534
INFO:nas.trainer:eval | (sampled_gnn, metric_val) = (['sg', 2, 'global_max_pool', 8000], 0.8518518518518519)
INFO:nas.trainer:eval | (sampled_gnn, metric_val) = (['sage', 2, 'global_max_pool', 8000], 0.8518518518518519)
INFO:nas.trainer:eval | (sampled_gnn, metric_val) = (['sage', 2, 'global_max_pool', 5000], 0.8765432098765432)
INFO:nas.trainer:eval | (sampled_gnn, metric_val) = (['sg', 2, 'global_max_pool', 4500], 0.8518518518518519)
INFO:nas.trainer:eval | (sampled_gnn, metric_val) = (['gin', 2, 'global_max_pool', 8000], 0.8271604938271605)
INFO:nas.trainer:eval | (sampled_gnn, metric_val) = (['gat', 2, 'global_max_pool', 6500], 0.8765432098765432)
INFO:nas.trainer:eval | (sampled_gnn, metric_val) = (['gmm', 2, 'global_max_pool', 5000], 0.8518518518518519)
INFO:nas.trainer:eval | (sampled_gnn, metric_val) = (['gcn', 2, 'global_max_pool', 3500], 0.8641975308641975)
INFO:nas.trainer:eval | (sampled_gnn, metric_val) = (['gat', 2, 'global_max_pool', 8000], 0.8518518518518519)
INFO:nas.trainer:eval | (sampled_gnn, metric_val) = (['gmm', 2, 'global_mean_pool', 5000], 0.8148148148148148)
INFO:nas.trainer:eval | (sampled_gnn, metric_val) = (['sg', 2, 'global_max_pool', 4500], 0.8518518518518519)
INFO:nas.trainer:eval | (sampled_gnn, metric_val) = (['gmm', 2, 'global_max_pool', 5500], 0.8641975308641975)
INFO:nas.trainer:eval | (sampled_gnn, metric_val) = (['sg', 2, 'global_max_pool', 8000], 0.8518518518518519)
INFO:nas.trainer:eval | (sampled_gnn, metric_val) = (['ssg', 2, 'global_max_pool', 7000], 0.8148148148148148)
INFO:nas.trainer:eval | (sampled_gnn, metric_val) = (['sg', 2, 'global_max_pool', 3000], 0.8024691358024691)
INFO:nas.trainer:eval | (sampled_gnn, metric_val) = (['sage', 2, 'global_max_pool', 8000], 0.8765432098765432)
INFO:nas.trainer:eval | (sampled_gnn, metric_val) = (['gmm', 2, 'global_max_pool', 8000], 0.8518518518518519)
INFO:nas.trainer:eval | (sampled_gnn, metric_val) = (['sg', 2, 'global_max_pool', 6500], 0.7777777777777778)
INFO:nas.trainer:eval | (sampled_gnn, metric_val) = (['sage', 2, 'global_max_pool', 3000], 0.8148148148148148)
INFO:nas.trainer:eval | (sampled_gnn, metric_val) = (['ssg', 2, 'global_max_pool', 7000], 0.8024691358024691)
INFO:nas.trainer:train | 27 era_time 9564.059107542038
INFO:nas.trainer:eval | (sampled_gnn, metric_val) = (['gcn', 2, 'global_max_pool', 6000], 0.8395061728395061)
INFO:nas.trainer:eval | (sampled_gnn, metric_val) = (['gmm', 2, 'global_max_pool', 6500], 0.8765432098765432)
INFO:nas.trainer:eval | (sampled_gnn, metric_val) = (['ssg', 2, 'global_max_pool', 5500], 0.8148148148148148)
INFO:nas.trainer:eval | (sampled_gnn, metric_val) = (['gmm', 2, 'global_max_pool', 5000], 0.8888888888888888)
INFO:nas.trainer:eval | (sampled_gnn, metric_val) = (['sage', 2, 'global_max_pool', 6000], 0.8395061728395061)
INFO:nas.trainer:eval | (sampled_gnn, metric_val) = (['gmm', 2, 'global_max_pool', 3500], 0.8518518518518519)
INFO:nas.trainer:eval | (sampled_gnn, metric_val) = (['ssg', 2, 'global_max_pool', 5000], 0.8641975308641975)
INFO:nas.trainer:eval | (sampled_gnn, metric_val) = (['sage', 2, 'global_max_pool', 6000], 0.8518518518518519)
INFO:nas.trainer:eval | (sampled_gnn, metric_val) = (['sage', 2, 'global_max_pool', 4500], 0.8518518518518519)
INFO:nas.trainer:eval | (sampled_gnn, metric_val) = (['gin', 2, 'global_max_pool', 8000], 0.8148148148148148)
INFO:nas.trainer:eval | (sampled_gnn, metric_val) = (['ssg', 2, 'global_max_pool', 5000], 0.8148148148148148)
INFO:nas.trainer:eval | (sampled_gnn, metric_val) = (['gmm', 2, 'global_max_pool', 5000], 0.8765432098765432)
INFO:nas.trainer:eval | (sampled_gnn, metric_val) = (['sage', 2, 'global_max_pool', 3500], 0.8395061728395061)
INFO:nas.trainer:eval | (sampled_gnn, metric_val) = (['sage', 2, 'global_max_pool', 3500], 0.8888888888888888)
INFO:nas.trainer:eval | (sampled_gnn, metric_val) = (['sg', 2, 'global_max_pool', 3500], 0.8641975308641975)
INFO:nas.trainer:eval | (sampled_gnn, metric_val) = (['sg', 2, 'global_max_pool', 7000], 0.8395061728395061)
INFO:nas.trainer:eval | (sampled_gnn, metric_val) = (['sage', 2, 'global_max_pool', 3500], 0.8518518518518519)
INFO:nas.trainer:eval | (sampled_gnn, metric_val) = (['sage', 2, 'global_max_pool', 3000], 0.8641975308641975)
INFO:nas.trainer:eval | (sampled_gnn, metric_val) = (['sg', 2, 'global_max_pool', 6000], 0.7901234567901234)
INFO:nas.trainer:eval | (sampled_gnn, metric_val) = (['sage', 2, 'global_max_pool', 6500], 0.8024691358024691)
INFO:nas.trainer:train | 28 era_time 7714.6361339092255
INFO:nas.trainer:eval | (sampled_gnn, metric_val) = (['gmm', 2, 'global_max_pool', 6500], 0.8518518518518519)
INFO:nas.trainer:eval | (sampled_gnn, metric_val) = (['gmm', 2, 'global_max_pool', 5500], 0.8641975308641975)
INFO:nas.trainer:eval | (sampled_gnn, metric_val) = (['gmm', 2, 'global_max_pool', 3000], 0.8148148148148148)
INFO:nas.trainer:eval | (sampled_gnn, metric_val) = (['sage', 2, 'global_max_pool', 7000], 0.8518518518518519)
INFO:nas.trainer:eval | (sampled_gnn, metric_val) = (['gcn', 2, 'global_max_pool', 3500], 0.8518518518518519)
INFO:nas.trainer:eval | (sampled_gnn, metric_val) = (['gmm', 2, 'global_max_pool', 3500], 0.8518518518518519)
INFO:nas.trainer:eval | (sampled_gnn, metric_val) = (['gcn', 2, 'global_max_pool', 8000], 0.8395061728395061)
INFO:nas.trainer:eval | (sampled_gnn, metric_val) = (['sage', 2, 'global_max_pool', 5000], 0.8395061728395061)
INFO:nas.trainer:eval | (sampled_gnn, metric_val) = (['sage', 2, 'global_max_pool', 3500], 0.8888888888888888)
INFO:nas.trainer:eval | (sampled_gnn, metric_val) = (['sg', 2, 'global_max_pool', 5500], 0.8888888888888888)
INFO:nas.trainer:eval | (sampled_gnn, metric_val) = (['ssg', 2, 'global_max_pool', 3500], 0.8765432098765432)
INFO:nas.trainer:eval | (sampled_gnn, metric_val) = (['sage', 2, 'global_max_pool', 6000], 0.8518518518518519)
INFO:nas.trainer:eval | (sampled_gnn, metric_val) = (['gmm', 2, 'global_max_pool', 3500], 0.8148148148148148)
INFO:nas.trainer:eval | (sampled_gnn, metric_val) = (['gmm', 2, 'global_max_pool', 3500], 0.9012345679012346)
INFO:nas.trainer:eval | (sampled_gnn, metric_val) = (['gmm', 2, 'global_max_pool', 6000], 0.8148148148148148)
INFO:nas.trainer:eval | (sampled_gnn, metric_val) = (['gcn', 2, 'global_max_pool', 6500], 0.8765432098765432)
INFO:nas.trainer:eval | (sampled_gnn, metric_val) = (['gmm', 2, 'global_max_pool', 6000], 0.8271604938271605)
INFO:nas.trainer:eval | (sampled_gnn, metric_val) = (['sage', 2, 'global_max_pool', 6000], 0.8271604938271605)
INFO:nas.trainer:eval | (sampled_gnn, metric_val) = (['sage', 2, 'global_max_pool', 6000], 0.8271604938271605)
INFO:nas.trainer:eval | (sampled_gnn, metric_val) = (['gmm', 2, 'global_max_pool', 6000], 0.8518518518518519)
INFO:nas.trainer:train | 29 era_time 7880.482370376587
INFO:nas.trainer:eval | (sampled_gnn, metric_val) = (['gcn', 2, 'global_max_pool', 4500], 0.8641975308641975)
INFO:nas.trainer:eval | (sampled_gnn, metric_val) = (['sg', 2, 'global_max_pool', 3000], 0.8518518518518519)
INFO:nas.trainer:eval | (sampled_gnn, metric_val) = (['gmm', 2, 'global_max_pool', 3000], 0.8395061728395061)
INFO:nas.trainer:eval | (sampled_gnn, metric_val) = (['gmm', 2, 'global_max_pool', 3500], 0.8271604938271605)
INFO:nas.trainer:eval | (sampled_gnn, metric_val) = (['gmm', 2, 'global_max_pool', 3000], 0.8395061728395061)
INFO:nas.trainer:eval | (sampled_gnn, metric_val) = (['gmm', 2, 'global_max_pool', 3000], 0.8641975308641975)
INFO:nas.trainer:eval | (sampled_gnn, metric_val) = (['gmm', 2, 'global_max_pool', 4000], 0.8271604938271605)
INFO:nas.trainer:eval | (sampled_gnn, metric_val) = (['sg', 2, 'global_max_pool', 6500], 0.8641975308641975)
INFO:nas.trainer:eval | (sampled_gnn, metric_val) = (['gcn', 2, 'global_max_pool', 3500], 0.8395061728395061)
INFO:nas.trainer:eval | (sampled_gnn, metric_val) = (['sage', 2, 'global_max_pool', 8000], 0.8641975308641975)
INFO:nas.trainer:eval | (sampled_gnn, metric_val) = (['gat', 2, 'global_max_pool', 5000], 0.8765432098765432)
INFO:nas.trainer:eval | (sampled_gnn, metric_val) = (['sage', 2, 'global_max_pool', 7000], 0.8395061728395061)
INFO:nas.trainer:eval | (sampled_gnn, metric_val) = (['sage', 2, 'global_max_pool', 8000], 0.8641975308641975)
INFO:nas.trainer:eval | (sampled_gnn, metric_val) = (['sage', 2, 'global_add_pool', 3500], 0.8271604938271605)
INFO:nas.trainer:eval | (sampled_gnn, metric_val) = (['gmm', 2, 'global_max_pool', 6000], 0.8518518518518519)
INFO:nas.trainer:eval | (sampled_gnn, metric_val) = (['ssg', 2, 'global_max_pool', 6500], 0.8395061728395061)
INFO:nas.trainer:eval | (sampled_gnn, metric_val) = (['sg', 2, 'global_max_pool', 4500], 0.7901234567901234)
INFO:nas.trainer:eval | (sampled_gnn, metric_val) = (['ssg', 2, 'global_max_pool', 6000], 0.8641975308641975)
INFO:nas.trainer:eval | (sampled_gnn, metric_val) = (['sage', 2, 'global_max_pool', 7000], 0.8271604938271605)
INFO:nas.trainer:eval | (sampled_gnn, metric_val) = (['ssg', 2, 'global_max_pool', 3500], 0.8271604938271605)
INFO:nas.trainer:train | 30 era_time 7535.188560962677
ERROR:__main__:cfg_file = '/home/ubuntu/GNN-AID/src/nas/cfg/46.yml'
[Errno 2] No such file or directory: 'save/Trainer_600.pkl'
