INFO:__main__:dataset:
- multiple-graphs
- TUDataset
- BZR
derive_num: 30
logfname: bzr_basic_combinations.log
nas_args:
  dynamic_behaviour: undefined
  dynamic_nas_steps: -1
  forward:
    mode: train
    softmax_temp: 5.0
    tanh_c: 2.5
  hidden_size: 100
  reset:
    init_range: 0.1
ss_args:
  debug: false
  prob_scale: 1
  type: basic
  with_combinations: true
trainer_args:
  derive:
    derive_from_history: false
  eval:
    save_model_flag: false
  train:
    derive_finaly: false
    num_eras: 30
    save_eras: 30
  train_controller:
    epochs: 20

INFO:nas.trainer:eval | (sampled_gnn, metric_val) = (['sg', 'sg', 2, 'global_max_pool', 6500], 0.8395061728395061)
INFO:nas.trainer:eval | (sampled_gnn, metric_val) = (['gin', 'gcn', 2, 'global_add_pool', 8000], 0.8395061728395061)
INFO:nas.trainer:eval | (sampled_gnn, metric_val) = (['sg', 'gat', 2, 'global_max_pool', 3000], 0.8765432098765432)
INFO:nas.trainer:eval | (sampled_gnn, metric_val) = (['tag', 'sg', 2, 'global_mean_pool', 4500], 0.8641975308641975)
INFO:nas.trainer:eval | (sampled_gnn, metric_val) = (['gcn', 'gcn', 2, 'global_add_pool', 7000], 0.8148148148148148)
INFO:nas.trainer:eval | (sampled_gnn, metric_val) = (['gcn', 'gat', 2, 'global_add_pool', 7000], 0.8271604938271605)
INFO:nas.trainer:eval | (sampled_gnn, metric_val) = (['gmm', 'ssg', 2, 'global_add_pool', 5500], 0.8024691358024691)
INFO:nas.trainer:eval | (sampled_gnn, metric_val) = (['sg', 'gmm', 2, 'global_max_pool', 8000], 0.8765432098765432)
INFO:nas.trainer:eval | (sampled_gnn, metric_val) = (['sg', 'sg', 2, 'global_mean_pool', 5000], 0.7777777777777778)
INFO:nas.trainer:eval | (sampled_gnn, metric_val) = (['gat', 'gin', 2, 'global_max_pool', 8000], 0.8395061728395061)
INFO:nas.trainer:eval | (sampled_gnn, metric_val) = (['gmm', 'sage', 2, 'global_mean_pool', 4000], 0.8765432098765432)
INFO:nas.trainer:eval | (sampled_gnn, metric_val) = (['gat', 'gmm', 2, 'global_add_pool', 6000], 0.8024691358024691)
INFO:nas.trainer:eval | (sampled_gnn, metric_val) = (['sg', 'sage', 2, 'global_max_pool', 4000], 0.8518518518518519)
INFO:nas.trainer:eval | (sampled_gnn, metric_val) = (['sage', 'gat', 2, 'global_mean_pool', 4500], 0.8395061728395061)
INFO:nas.trainer:eval | (sampled_gnn, metric_val) = (['sg', 'tag', 2, 'global_max_pool', 4000], 0.8641975308641975)
INFO:nas.trainer:eval | (sampled_gnn, metric_val) = (['tag', 'gmm', 2, 'global_max_pool', 5000], 0.8641975308641975)
INFO:nas.trainer:eval | (sampled_gnn, metric_val) = (['gmm', 'gmm', 2, 'global_max_pool', 6000], 0.8765432098765432)
INFO:nas.trainer:eval | (sampled_gnn, metric_val) = (['ssg', 'ssg', 2, 'global_max_pool', 4000], 0.8271604938271605)
INFO:nas.trainer:eval | (sampled_gnn, metric_val) = (['ssg', 'sg', 2, 'global_max_pool', 5000], 0.8271604938271605)
INFO:nas.trainer:eval | (sampled_gnn, metric_val) = (['sage', 'gcn', 2, 'global_max_pool', 4500], 0.8765432098765432)
INFO:nas.trainer:train | 0 era_time 3694.049613714218
INFO:nas.trainer:eval | (sampled_gnn, metric_val) = (['gmm', 'sg', 2, 'global_max_pool', 3500], 0.8641975308641975)
INFO:nas.trainer:eval | (sampled_gnn, metric_val) = (['sage', 'gmm', 2, 'global_max_pool', 5000], 0.8518518518518519)
INFO:nas.trainer:eval | (sampled_gnn, metric_val) = (['gat', 'ssg', 2, 'global_max_pool', 5000], 0.8518518518518519)
INFO:nas.trainer:eval | (sampled_gnn, metric_val) = (['gat', 'gin', 2, 'global_add_pool', 5000], 0.8024691358024691)
INFO:nas.trainer:eval | (sampled_gnn, metric_val) = (['ssg', 'sg', 2, 'global_mean_pool', 3000], 0.8518518518518519)
INFO:nas.trainer:eval | (sampled_gnn, metric_val) = (['tag', 'gcn', 2, 'global_max_pool', 7500], 0.8148148148148148)
INFO:nas.trainer:eval | (sampled_gnn, metric_val) = (['sage', 'ssg', 2, 'global_add_pool', 4000], 0.8271604938271605)
INFO:nas.trainer:eval | (sampled_gnn, metric_val) = (['gat', 'sage', 2, 'global_max_pool', 8000], 0.8765432098765432)
INFO:nas.trainer:eval | (sampled_gnn, metric_val) = (['gcn', 'sage', 2, 'global_max_pool', 4500], 0.8395061728395061)
INFO:nas.trainer:eval | (sampled_gnn, metric_val) = (['gmm', 'sage', 2, 'global_max_pool', 4000], 0.8641975308641975)
INFO:nas.trainer:eval | (sampled_gnn, metric_val) = (['tag', 'sg', 2, 'global_max_pool', 4500], 0.7407407407407407)
INFO:nas.trainer:eval | (sampled_gnn, metric_val) = (['sage', 'tag', 2, 'global_max_pool', 4500], 0.8024691358024691)
INFO:nas.trainer:eval | (sampled_gnn, metric_val) = (['sage', 'tag', 2, 'global_max_pool', 6500], 0.8888888888888888)
INFO:nas.trainer:eval | (sampled_gnn, metric_val) = (['gcn', 'sg', 2, 'global_max_pool', 4000], 0.8765432098765432)
INFO:nas.trainer:eval | (sampled_gnn, metric_val) = (['gin', 'sg', 2, 'global_max_pool', 7000], 0.8518518518518519)
INFO:nas.trainer:eval | (sampled_gnn, metric_val) = (['gcn', 'sage', 2, 'global_max_pool', 3500], 0.8641975308641975)
INFO:nas.trainer:eval | (sampled_gnn, metric_val) = (['gcn', 'gcn', 2, 'global_max_pool', 8000], 0.8518518518518519)
INFO:nas.trainer:eval | (sampled_gnn, metric_val) = (['ssg', 'gat', 2, 'global_mean_pool', 4000], 0.8148148148148148)
INFO:nas.trainer:eval | (sampled_gnn, metric_val) = (['gin', 'gat', 2, 'global_max_pool', 3500], 0.8518518518518519)
INFO:nas.trainer:eval | (sampled_gnn, metric_val) = (['gcn', 'tag', 2, 'global_max_pool', 3500], 0.8148148148148148)
INFO:nas.trainer:train | 1 era_time 3361.127393245697
INFO:nas.trainer:eval | (sampled_gnn, metric_val) = (['gcn', 'sage', 2, 'global_mean_pool', 4000], 0.7901234567901234)
INFO:nas.trainer:eval | (sampled_gnn, metric_val) = (['tag', 'sage', 2, 'global_max_pool', 7000], 0.8024691358024691)
INFO:nas.trainer:eval | (sampled_gnn, metric_val) = (['sage', 'gin', 2, 'global_max_pool', 3500], 0.8888888888888888)
INFO:nas.trainer:eval | (sampled_gnn, metric_val) = (['tag', 'gcn', 2, 'global_max_pool', 7500], 0.8024691358024691)
INFO:nas.trainer:eval | (sampled_gnn, metric_val) = (['gmm', 'gin', 2, 'global_max_pool', 4500], 0.8271604938271605)
INFO:nas.trainer:eval | (sampled_gnn, metric_val) = (['gmm', 'sage', 2, 'global_max_pool', 8000], 0.8641975308641975)
INFO:nas.trainer:eval | (sampled_gnn, metric_val) = (['tag', 'gin', 2, 'global_mean_pool', 8000], 0.8765432098765432)
INFO:nas.trainer:eval | (sampled_gnn, metric_val) = (['gat', 'sage', 2, 'global_max_pool', 7000], 0.8271604938271605)
INFO:nas.trainer:eval | (sampled_gnn, metric_val) = (['sg', 'sg', 2, 'global_max_pool', 7500], 0.8271604938271605)
INFO:nas.trainer:eval | (sampled_gnn, metric_val) = (['tag', 'sage', 2, 'global_max_pool', 3000], 0.8395061728395061)
INFO:nas.trainer:eval | (sampled_gnn, metric_val) = (['ssg', 'tag', 2, 'global_max_pool', 6000], 0.8271604938271605)
INFO:nas.trainer:eval | (sampled_gnn, metric_val) = (['sage', 'gcn', 2, 'global_max_pool', 6000], 0.8888888888888888)
INFO:nas.trainer:eval | (sampled_gnn, metric_val) = (['gat', 'gmm', 2, 'global_max_pool', 8000], 0.8765432098765432)
INFO:nas.trainer:eval | (sampled_gnn, metric_val) = (['gmm', 'sage', 2, 'global_max_pool', 8000], 0.9012345679012346)
INFO:nas.trainer:eval | (sampled_gnn, metric_val) = (['tag', 'gat', 2, 'global_max_pool', 4000], 0.8024691358024691)
INFO:nas.trainer:eval | (sampled_gnn, metric_val) = (['sg', 'tag', 2, 'global_max_pool', 4000], 0.8148148148148148)
INFO:nas.trainer:eval | (sampled_gnn, metric_val) = (['gin', 'sage', 2, 'global_max_pool', 4000], 0.8641975308641975)
INFO:nas.trainer:eval | (sampled_gnn, metric_val) = (['ssg', 'sage', 2, 'global_max_pool', 3000], 0.8271604938271605)
INFO:nas.trainer:eval | (sampled_gnn, metric_val) = (['tag', 'gin', 2, 'global_max_pool', 3500], 0.8395061728395061)
INFO:nas.trainer:eval | (sampled_gnn, metric_val) = (['tag', 'gat', 2, 'global_max_pool', 8000], 0.7654320987654321)
INFO:nas.trainer:train | 2 era_time 3938.203659772873
INFO:nas.trainer:eval | (sampled_gnn, metric_val) = (['ssg', 'gin', 2, 'global_mean_pool', 7500], 0.8395061728395061)
INFO:nas.trainer:eval | (sampled_gnn, metric_val) = (['gmm', 'gmm', 2, 'global_max_pool', 6000], 0.8518518518518519)
INFO:nas.trainer:eval | (sampled_gnn, metric_val) = (['gat', 'gmm', 2, 'global_max_pool', 5000], 0.8395061728395061)
INFO:nas.trainer:eval | (sampled_gnn, metric_val) = (['tag', 'ssg', 2, 'global_mean_pool', 6000], 0.8518518518518519)
INFO:nas.trainer:eval | (sampled_gnn, metric_val) = (['ssg', 'gmm', 2, 'global_mean_pool', 4500], 0.8271604938271605)
INFO:nas.trainer:eval | (sampled_gnn, metric_val) = (['gmm', 'sg', 2, 'global_mean_pool', 8000], 0.8395061728395061)
INFO:nas.trainer:eval | (sampled_gnn, metric_val) = (['gmm', 'ssg', 2, 'global_max_pool', 8000], 0.8271604938271605)
INFO:nas.trainer:eval | (sampled_gnn, metric_val) = (['ssg', 'gat', 2, 'global_max_pool', 6000], 0.8271604938271605)
INFO:nas.trainer:eval | (sampled_gnn, metric_val) = (['gat', 'tag', 2, 'global_max_pool', 4000], 0.8024691358024691)
INFO:nas.trainer:eval | (sampled_gnn, metric_val) = (['tag', 'gin', 2, 'global_max_pool', 8000], 0.8641975308641975)
INFO:nas.trainer:eval | (sampled_gnn, metric_val) = (['sg', 'sg', 2, 'global_max_pool', 3000], 0.8641975308641975)
INFO:nas.trainer:eval | (sampled_gnn, metric_val) = (['gmm', 'sage', 2, 'global_max_pool', 7000], 0.8518518518518519)
INFO:nas.trainer:eval | (sampled_gnn, metric_val) = (['sage', 'sage', 2, 'global_max_pool', 8000], 0.8641975308641975)
INFO:nas.trainer:eval | (sampled_gnn, metric_val) = (['tag', 'gmm', 2, 'global_max_pool', 7000], 0.8148148148148148)
INFO:nas.trainer:eval | (sampled_gnn, metric_val) = (['tag', 'gmm', 2, 'global_max_pool', 8000], 0.8024691358024691)
INFO:nas.trainer:eval | (sampled_gnn, metric_val) = (['gcn', 'gat', 2, 'global_max_pool', 6000], 0.7901234567901234)
INFO:nas.trainer:eval | (sampled_gnn, metric_val) = (['gmm', 'gcn', 2, 'global_max_pool', 6000], 0.8518518518518519)
INFO:nas.trainer:eval | (sampled_gnn, metric_val) = (['gin', 'ssg', 2, 'global_max_pool', 3500], 0.8271604938271605)
INFO:nas.trainer:eval | (sampled_gnn, metric_val) = (['gcn', 'sg', 2, 'global_mean_pool', 4000], 0.8148148148148148)
INFO:nas.trainer:eval | (sampled_gnn, metric_val) = (['tag', 'sg', 2, 'global_max_pool', 3500], 0.8148148148148148)
INFO:nas.trainer:train | 3 era_time 4082.460191965103
INFO:nas.trainer:eval | (sampled_gnn, metric_val) = (['gin', 'sage', 2, 'global_max_pool', 4500], 0.8024691358024691)
INFO:nas.trainer:eval | (sampled_gnn, metric_val) = (['gat', 'sage', 2, 'global_max_pool', 6000], 0.8395061728395061)
INFO:nas.trainer:eval | (sampled_gnn, metric_val) = (['sg', 'ssg', 2, 'global_max_pool', 3000], 0.8518518518518519)
INFO:nas.trainer:eval | (sampled_gnn, metric_val) = (['tag', 'sg', 2, 'global_max_pool', 7000], 0.8271604938271605)
INFO:nas.trainer:eval | (sampled_gnn, metric_val) = (['gmm', 'sage', 2, 'global_max_pool', 4500], 0.8518518518518519)
INFO:nas.trainer:eval | (sampled_gnn, metric_val) = (['gin', 'sage', 2, 'global_max_pool', 5500], 0.8148148148148148)
INFO:nas.trainer:eval | (sampled_gnn, metric_val) = (['sage', 'gin', 2, 'global_max_pool', 3000], 0.8641975308641975)
INFO:nas.trainer:eval | (sampled_gnn, metric_val) = (['sage', 'sg', 2, 'global_mean_pool', 7000], 0.8641975308641975)
INFO:nas.trainer:eval | (sampled_gnn, metric_val) = (['gin', 'sage', 2, 'global_max_pool', 5500], 0.8641975308641975)
INFO:nas.trainer:eval | (sampled_gnn, metric_val) = (['gin', 'ssg', 2, 'global_max_pool', 8000], 0.8518518518518519)
INFO:nas.trainer:eval | (sampled_gnn, metric_val) = (['gcn', 'sage', 2, 'global_max_pool', 3000], 0.8518518518518519)
INFO:nas.trainer:eval | (sampled_gnn, metric_val) = (['gmm', 'sage', 2, 'global_max_pool', 8000], 0.8641975308641975)
INFO:nas.trainer:eval | (sampled_gnn, metric_val) = (['sage', 'sage', 2, 'global_max_pool', 5500], 0.8641975308641975)
INFO:nas.trainer:eval | (sampled_gnn, metric_val) = (['gmm', 'sage', 2, 'global_add_pool', 7000], 0.8148148148148148)
INFO:nas.trainer:eval | (sampled_gnn, metric_val) = (['ssg', 'gin', 2, 'global_mean_pool', 3000], 0.8518518518518519)
INFO:nas.trainer:eval | (sampled_gnn, metric_val) = (['sage', 'gin', 2, 'global_max_pool', 8000], 0.8271604938271605)
INFO:nas.trainer:eval | (sampled_gnn, metric_val) = (['gmm', 'sage', 2, 'global_max_pool', 3000], 0.8024691358024691)
INFO:nas.trainer:eval | (sampled_gnn, metric_val) = (['gat', 'sage', 2, 'global_max_pool', 5500], 0.8888888888888888)
INFO:nas.trainer:eval | (sampled_gnn, metric_val) = (['tag', 'sg', 2, 'global_max_pool', 8000], 0.8395061728395061)
INFO:nas.trainer:eval | (sampled_gnn, metric_val) = (['sage', 'sage', 2, 'global_max_pool', 4000], 0.8765432098765432)
INFO:nas.trainer:train | 4 era_time 3517.3101332187653
INFO:nas.trainer:eval | (sampled_gnn, metric_val) = (['gin', 'sage', 2, 'global_max_pool', 3000], 0.8395061728395061)
INFO:nas.trainer:eval | (sampled_gnn, metric_val) = (['sg', 'sage', 2, 'global_max_pool', 6500], 0.8518518518518519)
INFO:nas.trainer:eval | (sampled_gnn, metric_val) = (['sg', 'sg', 2, 'global_max_pool', 6000], 0.8518518518518519)
INFO:nas.trainer:eval | (sampled_gnn, metric_val) = (['ssg', 'sage', 2, 'global_max_pool', 8000], 0.8765432098765432)
INFO:nas.trainer:eval | (sampled_gnn, metric_val) = (['sg', 'ssg', 2, 'global_max_pool', 6000], 0.8271604938271605)
INFO:nas.trainer:eval | (sampled_gnn, metric_val) = (['sg', 'gcn', 2, 'global_max_pool', 3000], 0.8641975308641975)
INFO:nas.trainer:eval | (sampled_gnn, metric_val) = (['sage', 'sage', 2, 'global_mean_pool', 5500], 0.8024691358024691)
INFO:nas.trainer:eval | (sampled_gnn, metric_val) = (['gat', 'sage', 2, 'global_mean_pool', 7000], 0.8271604938271605)
INFO:nas.trainer:eval | (sampled_gnn, metric_val) = (['gin', 'tag', 2, 'global_max_pool', 6000], 0.8148148148148148)
INFO:nas.trainer:eval | (sampled_gnn, metric_val) = (['sg', 'sage', 2, 'global_max_pool', 8000], 0.8641975308641975)
INFO:nas.trainer:eval | (sampled_gnn, metric_val) = (['sage', 'sage', 2, 'global_max_pool', 3000], 0.8518518518518519)
INFO:nas.trainer:eval | (sampled_gnn, metric_val) = (['gin', 'sage', 2, 'global_mean_pool', 6500], 0.8024691358024691)
INFO:nas.trainer:eval | (sampled_gnn, metric_val) = (['ssg', 'gat', 2, 'global_max_pool', 3000], 0.8518518518518519)
INFO:nas.trainer:eval | (sampled_gnn, metric_val) = (['sage', 'sage', 2, 'global_mean_pool', 8000], 0.8271604938271605)
INFO:nas.trainer:eval | (sampled_gnn, metric_val) = (['tag', 'gcn', 2, 'global_max_pool', 6500], 0.7901234567901234)
INFO:nas.trainer:eval | (sampled_gnn, metric_val) = (['gin', 'gcn', 2, 'global_max_pool', 3000], 0.8518518518518519)
INFO:nas.trainer:eval | (sampled_gnn, metric_val) = (['sg', 'ssg', 2, 'global_max_pool', 8000], 0.8271604938271605)
INFO:nas.trainer:eval | (sampled_gnn, metric_val) = (['sage', 'gin', 2, 'global_max_pool', 6000], 0.8765432098765432)
INFO:nas.trainer:eval | (sampled_gnn, metric_val) = (['gin', 'sage', 2, 'global_max_pool', 6000], 0.8518518518518519)
INFO:nas.trainer:eval | (sampled_gnn, metric_val) = (['sage', 'gin', 2, 'global_max_pool', 5500], 0.8518518518518519)
INFO:nas.trainer:train | 5 era_time 3657.154162168503
INFO:nas.trainer:eval | (sampled_gnn, metric_val) = (['gcn', 'gat', 2, 'global_add_pool', 8000], 0.8271604938271605)
INFO:nas.trainer:eval | (sampled_gnn, metric_val) = (['sage', 'sage', 2, 'global_max_pool', 8000], 0.8518518518518519)
INFO:nas.trainer:eval | (sampled_gnn, metric_val) = (['sage', 'gin', 2, 'global_max_pool', 3000], 0.8765432098765432)
INFO:nas.trainer:eval | (sampled_gnn, metric_val) = (['sage', 'sage', 2, 'global_max_pool', 3000], 0.8641975308641975)
INFO:nas.trainer:eval | (sampled_gnn, metric_val) = (['gmm', 'sage', 2, 'global_max_pool', 3000], 0.8148148148148148)
INFO:nas.trainer:eval | (sampled_gnn, metric_val) = (['ssg', 'gcn', 2, 'global_max_pool', 3000], 0.8395061728395061)
INFO:nas.trainer:eval | (sampled_gnn, metric_val) = (['sage', 'gmm', 2, 'global_max_pool', 8000], 0.8395061728395061)
INFO:nas.trainer:eval | (sampled_gnn, metric_val) = (['gmm', 'gin', 2, 'global_max_pool', 7000], 0.8148148148148148)
INFO:nas.trainer:eval | (sampled_gnn, metric_val) = (['gcn', 'sage', 2, 'global_max_pool', 3000], 0.8765432098765432)
INFO:nas.trainer:eval | (sampled_gnn, metric_val) = (['sage', 'gin', 2, 'global_max_pool', 5500], 0.8888888888888888)
INFO:nas.trainer:eval | (sampled_gnn, metric_val) = (['sg', 'sage', 2, 'global_max_pool', 5500], 0.8271604938271605)
INFO:nas.trainer:eval | (sampled_gnn, metric_val) = (['gin', 'gin', 2, 'global_max_pool', 5500], 0.7901234567901234)
INFO:nas.trainer:eval | (sampled_gnn, metric_val) = (['sage', 'gin', 2, 'global_max_pool', 7500], 0.8641975308641975)
INFO:nas.trainer:eval | (sampled_gnn, metric_val) = (['gin', 'gin', 2, 'global_max_pool', 3000], 0.8641975308641975)
INFO:nas.trainer:eval | (sampled_gnn, metric_val) = (['sg', 'sage', 2, 'global_max_pool', 3000], 0.8888888888888888)
INFO:nas.trainer:eval | (sampled_gnn, metric_val) = (['sage', 'gin', 2, 'global_max_pool', 3000], 0.8518518518518519)
INFO:nas.trainer:eval | (sampled_gnn, metric_val) = (['gin', 'sg', 2, 'global_max_pool', 3000], 0.8518518518518519)
INFO:nas.trainer:eval | (sampled_gnn, metric_val) = (['sage', 'sage', 2, 'global_max_pool', 8000], 0.8148148148148148)
INFO:nas.trainer:eval | (sampled_gnn, metric_val) = (['gmm', 'gin', 2, 'global_max_pool', 7000], 0.8395061728395061)
INFO:nas.trainer:eval | (sampled_gnn, metric_val) = (['gin', 'sage', 2, 'global_max_pool', 3000], 0.8271604938271605)
INFO:nas.trainer:train | 6 era_time 3150.9289548397064
INFO:nas.trainer:eval | (sampled_gnn, metric_val) = (['gin', 'gin', 2, 'global_max_pool', 3000], 0.8641975308641975)
INFO:nas.trainer:eval | (sampled_gnn, metric_val) = (['gin', 'sage', 2, 'global_max_pool', 3000], 0.9012345679012346)
INFO:nas.trainer:eval | (sampled_gnn, metric_val) = (['sage', 'sage', 2, 'global_max_pool', 3500], 0.8888888888888888)
INFO:nas.trainer:eval | (sampled_gnn, metric_val) = (['gin', 'sage', 2, 'global_max_pool', 3500], 0.8395061728395061)
INFO:nas.trainer:eval | (sampled_gnn, metric_val) = (['sg', 'sage', 2, 'global_max_pool', 8000], 0.8271604938271605)
INFO:nas.trainer:eval | (sampled_gnn, metric_val) = (['tag', 'gin', 2, 'global_max_pool', 3000], 0.8395061728395061)
INFO:nas.trainer:eval | (sampled_gnn, metric_val) = (['sg', 'gin', 2, 'global_max_pool', 3000], 0.8518518518518519)
INFO:nas.trainer:eval | (sampled_gnn, metric_val) = (['sage', 'sage', 2, 'global_max_pool', 3000], 0.8641975308641975)
INFO:nas.trainer:eval | (sampled_gnn, metric_val) = (['gat', 'sage', 2, 'global_max_pool', 3000], 0.8395061728395061)
INFO:nas.trainer:eval | (sampled_gnn, metric_val) = (['tag', 'gcn', 2, 'global_max_pool', 3000], 0.7777777777777778)
INFO:nas.trainer:eval | (sampled_gnn, metric_val) = (['gin', 'sage', 2, 'global_max_pool', 3000], 0.8395061728395061)
INFO:nas.trainer:eval | (sampled_gnn, metric_val) = (['sage', 'sage', 2, 'global_max_pool', 3000], 0.9012345679012346)
INFO:nas.trainer:eval | (sampled_gnn, metric_val) = (['sage', 'ssg', 2, 'global_max_pool', 6000], 0.8641975308641975)
INFO:nas.trainer:eval | (sampled_gnn, metric_val) = (['gmm', 'gin', 2, 'global_max_pool', 3000], 0.8641975308641975)
INFO:nas.trainer:eval | (sampled_gnn, metric_val) = (['sage', 'sage', 2, 'global_mean_pool', 6000], 0.8395061728395061)
INFO:nas.trainer:eval | (sampled_gnn, metric_val) = (['gin', 'gmm', 2, 'global_max_pool', 3000], 0.8518518518518519)
INFO:nas.trainer:eval | (sampled_gnn, metric_val) = (['sage', 'gmm', 2, 'global_max_pool', 8000], 0.8518518518518519)
INFO:nas.trainer:eval | (sampled_gnn, metric_val) = (['sage', 'sage', 2, 'global_max_pool', 8000], 0.8641975308641975)
INFO:nas.trainer:eval | (sampled_gnn, metric_val) = (['gin', 'gin', 2, 'global_max_pool', 3000], 0.8641975308641975)
INFO:nas.trainer:eval | (sampled_gnn, metric_val) = (['sage', 'gin', 2, 'global_max_pool', 3000], 0.7777777777777778)
INFO:nas.trainer:train | 7 era_time 2566.7111954689026
INFO:nas.trainer:eval | (sampled_gnn, metric_val) = (['sage', 'sage', 2, 'global_max_pool', 3000], 0.8641975308641975)
INFO:nas.trainer:eval | (sampled_gnn, metric_val) = (['gin', 'gin', 2, 'global_max_pool', 3000], 0.8271604938271605)
INFO:nas.trainer:eval | (sampled_gnn, metric_val) = (['gat', 'gin', 2, 'global_max_pool', 7500], 0.8395061728395061)
INFO:nas.trainer:eval | (sampled_gnn, metric_val) = (['sage', 'sage', 2, 'global_max_pool', 4000], 0.9012345679012346)
INFO:nas.trainer:eval | (sampled_gnn, metric_val) = (['sage', 'sage', 2, 'global_max_pool', 3000], 0.8641975308641975)
INFO:nas.trainer:eval | (sampled_gnn, metric_val) = (['ssg', 'sage', 2, 'global_max_pool', 3000], 0.8395061728395061)
INFO:nas.trainer:eval | (sampled_gnn, metric_val) = (['gin', 'sage', 2, 'global_max_pool', 5500], 0.8395061728395061)
INFO:nas.trainer:eval | (sampled_gnn, metric_val) = (['sage', 'sage', 2, 'global_max_pool', 8000], 0.8641975308641975)
INFO:nas.trainer:eval | (sampled_gnn, metric_val) = (['sg', 'sage', 2, 'global_max_pool', 8000], 0.8518518518518519)
INFO:nas.trainer:eval | (sampled_gnn, metric_val) = (['gin', 'sage', 2, 'global_max_pool', 8000], 0.8395061728395061)
INFO:nas.trainer:eval | (sampled_gnn, metric_val) = (['gmm', 'gmm', 2, 'global_max_pool', 3000], 0.8395061728395061)
INFO:nas.trainer:eval | (sampled_gnn, metric_val) = (['sage', 'ssg', 2, 'global_max_pool', 8000], 0.8395061728395061)
INFO:nas.trainer:eval | (sampled_gnn, metric_val) = (['gin', 'sage', 2, 'global_max_pool', 3000], 0.8641975308641975)
INFO:nas.trainer:eval | (sampled_gnn, metric_val) = (['sage', 'sage', 2, 'global_max_pool', 3000], 0.8765432098765432)
INFO:nas.trainer:eval | (sampled_gnn, metric_val) = (['sage', 'sage', 2, 'global_max_pool', 5500], 0.8518518518518519)
INFO:nas.trainer:eval | (sampled_gnn, metric_val) = (['ssg', 'sage', 2, 'global_max_pool', 5500], 0.8518518518518519)
INFO:nas.trainer:eval | (sampled_gnn, metric_val) = (['sage', 'ssg', 2, 'global_max_pool', 5500], 0.8641975308641975)
INFO:nas.trainer:eval | (sampled_gnn, metric_val) = (['sage', 'sage', 2, 'global_max_pool', 3000], 0.8888888888888888)
INFO:nas.trainer:eval | (sampled_gnn, metric_val) = (['tag', 'gin', 2, 'global_max_pool', 8000], 0.8395061728395061)
INFO:nas.trainer:eval | (sampled_gnn, metric_val) = (['ssg', 'gin', 2, 'global_max_pool', 8000], 0.9012345679012346)
INFO:nas.trainer:train | 8 era_time 3298.6779680252075
INFO:nas.trainer:eval | (sampled_gnn, metric_val) = (['tag', 'sage', 2, 'global_max_pool', 4500], 0.8148148148148148)
INFO:nas.trainer:eval | (sampled_gnn, metric_val) = (['sage', 'sage', 2, 'global_max_pool', 7500], 0.8518518518518519)
INFO:nas.trainer:eval | (sampled_gnn, metric_val) = (['sage', 'sg', 2, 'global_max_pool', 6000], 0.8888888888888888)
INFO:nas.trainer:eval | (sampled_gnn, metric_val) = (['sage', 'sage', 2, 'global_max_pool', 5500], 0.8271604938271605)
INFO:nas.trainer:eval | (sampled_gnn, metric_val) = (['sage', 'sage', 2, 'global_max_pool', 3000], 0.8518518518518519)
INFO:nas.trainer:eval | (sampled_gnn, metric_val) = (['sage', 'sage', 2, 'global_max_pool', 8000], 0.8271604938271605)
INFO:nas.trainer:eval | (sampled_gnn, metric_val) = (['gin', 'gmm', 2, 'global_max_pool', 8000], 0.8518518518518519)
INFO:nas.trainer:eval | (sampled_gnn, metric_val) = (['sage', 'sage', 2, 'global_max_pool', 6000], 0.8641975308641975)
INFO:nas.trainer:eval | (sampled_gnn, metric_val) = (['sage', 'gmm', 2, 'global_max_pool', 3000], 0.8888888888888888)
INFO:nas.trainer:eval | (sampled_gnn, metric_val) = (['sg', 'sage', 2, 'global_max_pool', 8000], 0.8765432098765432)
INFO:nas.trainer:eval | (sampled_gnn, metric_val) = (['sage', 'gin', 2, 'global_max_pool', 6000], 0.8641975308641975)
INFO:nas.trainer:eval | (sampled_gnn, metric_val) = (['sage', 'gin', 2, 'global_max_pool', 3000], 0.8641975308641975)
INFO:nas.trainer:eval | (sampled_gnn, metric_val) = (['sage', 'sage', 2, 'global_max_pool', 5500], 0.8765432098765432)
INFO:nas.trainer:eval | (sampled_gnn, metric_val) = (['sage', 'sage', 2, 'global_max_pool', 8000], 0.8765432098765432)
INFO:nas.trainer:eval | (sampled_gnn, metric_val) = (['sage', 'sage', 2, 'global_add_pool', 8000], 0.8271604938271605)
INFO:nas.trainer:eval | (sampled_gnn, metric_val) = (['gcn', 'sage', 2, 'global_max_pool', 8000], 0.8395061728395061)
INFO:nas.trainer:eval | (sampled_gnn, metric_val) = (['gmm', 'sage', 2, 'global_max_pool', 7500], 0.8765432098765432)
INFO:nas.trainer:eval | (sampled_gnn, metric_val) = (['sage', 'sage', 2, 'global_mean_pool', 6000], 0.8148148148148148)
INFO:nas.trainer:eval | (sampled_gnn, metric_val) = (['sg', 'gat', 2, 'global_max_pool', 6000], 0.8641975308641975)
INFO:nas.trainer:eval | (sampled_gnn, metric_val) = (['sage', 'sage', 2, 'global_max_pool', 8000], 0.8765432098765432)
INFO:nas.trainer:train | 9 era_time 3837.998140335083
INFO:nas.trainer:eval | (sampled_gnn, metric_val) = (['sage', 'sg', 2, 'global_max_pool', 6000], 0.8518518518518519)
INFO:nas.trainer:eval | (sampled_gnn, metric_val) = (['sage', 'sage', 2, 'global_max_pool', 3000], 0.8518518518518519)
INFO:nas.trainer:eval | (sampled_gnn, metric_val) = (['sage', 'sage', 2, 'global_max_pool', 3000], 0.8518518518518519)
INFO:nas.trainer:eval | (sampled_gnn, metric_val) = (['gcn', 'sage', 2, 'global_max_pool', 6000], 0.8395061728395061)
INFO:nas.trainer:eval | (sampled_gnn, metric_val) = (['sage', 'sage', 2, 'global_max_pool', 8000], 0.8148148148148148)
INFO:nas.trainer:eval | (sampled_gnn, metric_val) = (['gin', 'sage', 2, 'global_max_pool', 3000], 0.8271604938271605)
INFO:nas.trainer:eval | (sampled_gnn, metric_val) = (['sage', 'sage', 2, 'global_max_pool', 5500], 0.8765432098765432)
INFO:nas.trainer:eval | (sampled_gnn, metric_val) = (['ssg', 'sage', 2, 'global_max_pool', 8000], 0.8518518518518519)
INFO:nas.trainer:eval | (sampled_gnn, metric_val) = (['sage', 'sage', 2, 'global_max_pool', 3000], 0.8765432098765432)
INFO:nas.trainer:eval | (sampled_gnn, metric_val) = (['sage', 'sage', 2, 'global_max_pool', 6500], 0.8641975308641975)
INFO:nas.trainer:eval | (sampled_gnn, metric_val) = (['sage', 'sage', 2, 'global_max_pool', 6000], 0.8765432098765432)
INFO:nas.trainer:eval | (sampled_gnn, metric_val) = (['ssg', 'sage', 2, 'global_max_pool', 3000], 0.8271604938271605)
INFO:nas.trainer:eval | (sampled_gnn, metric_val) = (['gmm', 'sage', 2, 'global_max_pool', 8000], 0.8271604938271605)
INFO:nas.trainer:eval | (sampled_gnn, metric_val) = (['gcn', 'sg', 2, 'global_max_pool', 6000], 0.8518518518518519)
INFO:nas.trainer:eval | (sampled_gnn, metric_val) = (['gin', 'sage', 2, 'global_max_pool', 3000], 0.8888888888888888)
INFO:nas.trainer:eval | (sampled_gnn, metric_val) = (['sg', 'sage', 2, 'global_max_pool', 3000], 0.8765432098765432)
INFO:nas.trainer:eval | (sampled_gnn, metric_val) = (['sg', 'gmm', 2, 'global_max_pool', 8000], 0.8888888888888888)
INFO:nas.trainer:eval | (sampled_gnn, metric_val) = (['tag', 'sage', 2, 'global_max_pool', 6000], 0.8148148148148148)
INFO:nas.trainer:eval | (sampled_gnn, metric_val) = (['gin', 'sg', 2, 'global_max_pool', 8000], 0.8395061728395061)
INFO:nas.trainer:eval | (sampled_gnn, metric_val) = (['sg', 'sage', 2, 'global_max_pool', 7500], 0.8641975308641975)
INFO:nas.trainer:train | 10 era_time 3394.5539445877075
INFO:nas.trainer:eval | (sampled_gnn, metric_val) = (['gmm', 'sage', 2, 'global_max_pool', 3000], 0.8641975308641975)
INFO:nas.trainer:eval | (sampled_gnn, metric_val) = (['sage', 'sage', 2, 'global_max_pool', 3000], 0.9135802469135802)
INFO:nas.trainer:eval | (sampled_gnn, metric_val) = (['sage', 'sage', 2, 'global_max_pool', 7500], 0.8518518518518519)
INFO:nas.trainer:eval | (sampled_gnn, metric_val) = (['gat', 'sage', 2, 'global_max_pool', 7000], 0.8271604938271605)
INFO:nas.trainer:eval | (sampled_gnn, metric_val) = (['gcn', 'sg', 2, 'global_max_pool', 3000], 0.8395061728395061)
INFO:nas.trainer:eval | (sampled_gnn, metric_val) = (['sage', 'gin', 2, 'global_max_pool', 5500], 0.8641975308641975)
INFO:nas.trainer:eval | (sampled_gnn, metric_val) = (['sage', 'gin', 2, 'global_max_pool', 3500], 0.8395061728395061)
INFO:nas.trainer:eval | (sampled_gnn, metric_val) = (['sage', 'sg', 2, 'global_max_pool', 8000], 0.8641975308641975)
INFO:nas.trainer:eval | (sampled_gnn, metric_val) = (['sage', 'sage', 2, 'global_max_pool', 3000], 0.9012345679012346)
INFO:nas.trainer:eval | (sampled_gnn, metric_val) = (['gmm', 'sage', 2, 'global_max_pool', 3000], 0.8765432098765432)
INFO:nas.trainer:eval | (sampled_gnn, metric_val) = (['tag', 'gmm', 2, 'global_max_pool', 3000], 0.8518518518518519)
INFO:nas.trainer:eval | (sampled_gnn, metric_val) = (['sage', 'sage', 2, 'global_max_pool', 8000], 0.8518518518518519)
INFO:nas.trainer:eval | (sampled_gnn, metric_val) = (['sage', 'sage', 2, 'global_max_pool', 3000], 0.8888888888888888)
INFO:nas.trainer:eval | (sampled_gnn, metric_val) = (['sage', 'gmm', 2, 'global_max_pool', 6000], 0.8888888888888888)
INFO:nas.trainer:eval | (sampled_gnn, metric_val) = (['sage', 'sage', 2, 'global_max_pool', 3000], 0.8395061728395061)
INFO:nas.trainer:eval | (sampled_gnn, metric_val) = (['sage', 'sage', 2, 'global_max_pool', 4000], 0.8518518518518519)
INFO:nas.trainer:eval | (sampled_gnn, metric_val) = (['sage', 'gmm', 2, 'global_max_pool', 5500], 0.8641975308641975)
INFO:nas.trainer:eval | (sampled_gnn, metric_val) = (['sage', 'sage', 2, 'global_max_pool', 6500], 0.8518518518518519)
INFO:nas.trainer:eval | (sampled_gnn, metric_val) = (['ssg', 'sage', 2, 'global_max_pool', 6000], 0.8518518518518519)
INFO:nas.trainer:eval | (sampled_gnn, metric_val) = (['sg', 'gmm', 2, 'global_max_pool', 3000], 0.8888888888888888)
INFO:nas.trainer:train | 11 era_time 2918.6437401771545
INFO:nas.trainer:eval | (sampled_gnn, metric_val) = (['gin', 'gat', 2, 'global_max_pool', 5500], 0.8395061728395061)
INFO:nas.trainer:eval | (sampled_gnn, metric_val) = (['gmm', 'sage', 2, 'global_max_pool', 7000], 0.8641975308641975)
INFO:nas.trainer:eval | (sampled_gnn, metric_val) = (['sage', 'sage', 2, 'global_max_pool', 8000], 0.8395061728395061)
INFO:nas.trainer:eval | (sampled_gnn, metric_val) = (['sage', 'sage', 2, 'global_max_pool', 5500], 0.8395061728395061)
INFO:nas.trainer:eval | (sampled_gnn, metric_val) = (['sg', 'gmm', 2, 'global_max_pool', 3000], 0.8395061728395061)
INFO:nas.trainer:eval | (sampled_gnn, metric_val) = (['sg', 'sage', 2, 'global_max_pool', 3000], 0.8641975308641975)
INFO:nas.trainer:eval | (sampled_gnn, metric_val) = (['sage', 'sage', 2, 'global_max_pool', 5500], 0.8765432098765432)
INFO:nas.trainer:eval | (sampled_gnn, metric_val) = (['gmm', 'sage', 2, 'global_max_pool', 5500], 0.8888888888888888)
INFO:nas.trainer:eval | (sampled_gnn, metric_val) = (['sage', 'sage', 2, 'global_max_pool', 6000], 0.8271604938271605)
INFO:nas.trainer:eval | (sampled_gnn, metric_val) = (['sage', 'sage', 2, 'global_max_pool', 3000], 0.9012345679012346)
INFO:nas.trainer:eval | (sampled_gnn, metric_val) = (['gin', 'gcn', 2, 'global_max_pool', 8000], 0.8518518518518519)
INFO:nas.trainer:eval | (sampled_gnn, metric_val) = (['sage', 'sage', 2, 'global_max_pool', 6000], 0.8518518518518519)
INFO:nas.trainer:eval | (sampled_gnn, metric_val) = (['sage', 'gcn', 2, 'global_max_pool', 3000], 0.8148148148148148)
INFO:nas.trainer:eval | (sampled_gnn, metric_val) = (['gmm', 'sage', 2, 'global_max_pool', 8000], 0.8765432098765432)
INFO:nas.trainer:eval | (sampled_gnn, metric_val) = (['gmm', 'sage', 2, 'global_max_pool', 8000], 0.8395061728395061)
INFO:nas.trainer:eval | (sampled_gnn, metric_val) = (['sage', 'sage', 2, 'global_mean_pool', 5500], 0.8148148148148148)
INFO:nas.trainer:eval | (sampled_gnn, metric_val) = (['sage', 'sage', 2, 'global_max_pool', 3000], 0.8641975308641975)
INFO:nas.trainer:eval | (sampled_gnn, metric_val) = (['sage', 'gmm', 2, 'global_max_pool', 3000], 0.8765432098765432)
INFO:nas.trainer:eval | (sampled_gnn, metric_val) = (['sage', 'sage', 2, 'global_max_pool', 5000], 0.8518518518518519)
INFO:nas.trainer:eval | (sampled_gnn, metric_val) = (['sage', 'gin', 2, 'global_max_pool', 3000], 0.8395061728395061)
INFO:nas.trainer:train | 12 era_time 3200.6432569026947
INFO:nas.trainer:eval | (sampled_gnn, metric_val) = (['sage', 'sage', 2, 'global_max_pool', 5500], 0.8395061728395061)
INFO:nas.trainer:eval | (sampled_gnn, metric_val) = (['sage', 'sage', 2, 'global_max_pool', 8000], 0.8641975308641975)
INFO:nas.trainer:eval | (sampled_gnn, metric_val) = (['sg', 'gmm', 2, 'global_max_pool', 6000], 0.8271604938271605)
INFO:nas.trainer:eval | (sampled_gnn, metric_val) = (['tag', 'gmm', 2, 'global_max_pool', 6500], 0.8024691358024691)
INFO:nas.trainer:eval | (sampled_gnn, metric_val) = (['gin', 'gin', 2, 'global_max_pool', 3000], 0.8518518518518519)
INFO:nas.trainer:eval | (sampled_gnn, metric_val) = (['sage', 'gin', 2, 'global_max_pool', 6000], 0.8271604938271605)
INFO:nas.trainer:eval | (sampled_gnn, metric_val) = (['sage', 'sage', 2, 'global_max_pool', 3000], 0.8148148148148148)
INFO:nas.trainer:eval | (sampled_gnn, metric_val) = (['ssg', 'gmm', 2, 'global_max_pool', 3000], 0.8518518518518519)
INFO:nas.trainer:eval | (sampled_gnn, metric_val) = (['gin', 'sage', 2, 'global_max_pool', 8000], 0.8395061728395061)
INFO:nas.trainer:eval | (sampled_gnn, metric_val) = (['ssg', 'gin', 2, 'global_max_pool', 6000], 0.8148148148148148)
INFO:nas.trainer:eval | (sampled_gnn, metric_val) = (['sage', 'sage', 2, 'global_max_pool', 6000], 0.8641975308641975)
INFO:nas.trainer:eval | (sampled_gnn, metric_val) = (['sage', 'sage', 2, 'global_max_pool', 3000], 0.8148148148148148)
INFO:nas.trainer:eval | (sampled_gnn, metric_val) = (['sage', 'sage', 2, 'global_max_pool', 3000], 0.9012345679012346)
INFO:nas.trainer:eval | (sampled_gnn, metric_val) = (['sg', 'gmm', 2, 'global_max_pool', 3000], 0.8641975308641975)
INFO:nas.trainer:eval | (sampled_gnn, metric_val) = (['sage', 'gin', 2, 'global_max_pool', 5500], 0.8518518518518519)
INFO:nas.trainer:eval | (sampled_gnn, metric_val) = (['gin', 'gmm', 2, 'global_max_pool', 6000], 0.9012345679012346)
INFO:nas.trainer:eval | (sampled_gnn, metric_val) = (['sg', 'sage', 2, 'global_max_pool', 3000], 0.8765432098765432)
INFO:nas.trainer:eval | (sampled_gnn, metric_val) = (['sage', 'gmm', 2, 'global_max_pool', 5500], 0.8518518518518519)
INFO:nas.trainer:eval | (sampled_gnn, metric_val) = (['sage', 'sage', 2, 'global_max_pool', 3000], 0.8765432098765432)
INFO:nas.trainer:eval | (sampled_gnn, metric_val) = (['sage', 'sage', 2, 'global_max_pool', 5500], 0.8271604938271605)
INFO:nas.trainer:train | 13 era_time 3011.7408707141876
INFO:nas.trainer:eval | (sampled_gnn, metric_val) = (['sage', 'sage', 2, 'global_max_pool', 8000], 0.8765432098765432)
INFO:nas.trainer:eval | (sampled_gnn, metric_val) = (['sg', 'sg', 2, 'global_max_pool', 5500], 0.8395061728395061)
INFO:nas.trainer:eval | (sampled_gnn, metric_val) = (['sage', 'sg', 2, 'global_max_pool', 8000], 0.8271604938271605)
INFO:nas.trainer:eval | (sampled_gnn, metric_val) = (['sage', 'gin', 2, 'global_max_pool', 8000], 0.8395061728395061)
INFO:nas.trainer:eval | (sampled_gnn, metric_val) = (['gin', 'sage', 2, 'global_max_pool', 8000], 0.8518518518518519)
INFO:nas.trainer:eval | (sampled_gnn, metric_val) = (['sage', 'sage', 2, 'global_max_pool', 3000], 0.8395061728395061)
INFO:nas.trainer:eval | (sampled_gnn, metric_val) = (['sage', 'sage', 2, 'global_max_pool', 5500], 0.8395061728395061)
INFO:nas.trainer:eval | (sampled_gnn, metric_val) = (['sage', 'sage', 2, 'global_max_pool', 5500], 0.8395061728395061)
INFO:nas.trainer:eval | (sampled_gnn, metric_val) = (['tag', 'sage', 2, 'global_max_pool', 3000], 0.8024691358024691)
INFO:nas.trainer:eval | (sampled_gnn, metric_val) = (['sage', 'sg', 2, 'global_max_pool', 5500], 0.8888888888888888)
INFO:nas.trainer:eval | (sampled_gnn, metric_val) = (['sage', 'sage', 2, 'global_max_pool', 6000], 0.9135802469135802)
INFO:nas.trainer:eval | (sampled_gnn, metric_val) = (['sage', 'sage', 2, 'global_add_pool', 6000], 0.8024691358024691)
INFO:nas.trainer:eval | (sampled_gnn, metric_val) = (['sage', 'sage', 2, 'global_max_pool', 6500], 0.8641975308641975)
INFO:nas.trainer:eval | (sampled_gnn, metric_val) = (['sage', 'sage', 2, 'global_max_pool', 5500], 0.9012345679012346)
INFO:nas.trainer:eval | (sampled_gnn, metric_val) = (['gmm', 'gmm', 2, 'global_max_pool', 5500], 0.8765432098765432)
INFO:nas.trainer:eval | (sampled_gnn, metric_val) = (['sage', 'sage', 2, 'global_max_pool', 6000], 0.8888888888888888)
INFO:nas.trainer:eval | (sampled_gnn, metric_val) = (['sage', 'sage', 2, 'global_max_pool', 5500], 0.8518518518518519)
INFO:nas.trainer:eval | (sampled_gnn, metric_val) = (['sage', 'sage', 2, 'global_max_pool', 5500], 0.8271604938271605)
INFO:nas.trainer:eval | (sampled_gnn, metric_val) = (['sg', 'gmm', 2, 'global_max_pool', 5500], 0.8518518518518519)
INFO:nas.trainer:eval | (sampled_gnn, metric_val) = (['gat', 'sage', 2, 'global_max_pool', 3000], 0.8518518518518519)
INFO:nas.trainer:train | 14 era_time 3512.446042060852
INFO:nas.trainer:eval | (sampled_gnn, metric_val) = (['sage', 'gmm', 2, 'global_max_pool', 5500], 0.8395061728395061)
INFO:nas.trainer:eval | (sampled_gnn, metric_val) = (['sage', 'sg', 2, 'global_max_pool', 5500], 0.8271604938271605)
INFO:nas.trainer:eval | (sampled_gnn, metric_val) = (['gcn', 'sage', 2, 'global_max_pool', 5500], 0.8148148148148148)
INFO:nas.trainer:eval | (sampled_gnn, metric_val) = (['sg', 'gmm', 2, 'global_max_pool', 3000], 0.8518518518518519)
INFO:nas.trainer:eval | (sampled_gnn, metric_val) = (['gmm', 'sage', 2, 'global_max_pool', 3000], 0.8765432098765432)
INFO:nas.trainer:eval | (sampled_gnn, metric_val) = (['gmm', 'sage', 2, 'global_max_pool', 6000], 0.8765432098765432)
INFO:nas.trainer:eval | (sampled_gnn, metric_val) = (['sage', 'sg', 2, 'global_add_pool', 6000], 0.8148148148148148)
INFO:nas.trainer:eval | (sampled_gnn, metric_val) = (['sage', 'sg', 2, 'global_max_pool', 3000], 0.8395061728395061)
INFO:nas.trainer:eval | (sampled_gnn, metric_val) = (['sage', 'sage', 2, 'global_max_pool', 3000], 0.8148148148148148)
INFO:nas.trainer:eval | (sampled_gnn, metric_val) = (['gin', 'sage', 2, 'global_max_pool', 6000], 0.8765432098765432)
INFO:nas.trainer:eval | (sampled_gnn, metric_val) = (['gmm', 'gmm', 2, 'global_max_pool', 8000], 0.8518518518518519)
INFO:nas.trainer:eval | (sampled_gnn, metric_val) = (['sage', 'sage', 2, 'global_max_pool', 8000], 0.8518518518518519)
INFO:nas.trainer:eval | (sampled_gnn, metric_val) = (['gin', 'gmm', 2, 'global_max_pool', 3000], 0.8641975308641975)
INFO:nas.trainer:eval | (sampled_gnn, metric_val) = (['sage', 'gmm', 2, 'global_max_pool', 8000], 0.8518518518518519)
INFO:nas.trainer:eval | (sampled_gnn, metric_val) = (['sg', 'sage', 2, 'global_max_pool', 8000], 0.8518518518518519)
INFO:nas.trainer:eval | (sampled_gnn, metric_val) = (['gmm', 'gmm', 2, 'global_max_pool', 3000], 0.8148148148148148)
INFO:nas.trainer:eval | (sampled_gnn, metric_val) = (['sage', 'sage', 2, 'global_max_pool', 8000], 0.8271604938271605)
INFO:nas.trainer:eval | (sampled_gnn, metric_val) = (['sage', 'sage', 2, 'global_max_pool', 3000], 0.8765432098765432)
INFO:nas.trainer:eval | (sampled_gnn, metric_val) = (['sage', 'sage', 2, 'global_max_pool', 8000], 0.8888888888888888)
INFO:nas.trainer:eval | (sampled_gnn, metric_val) = (['gin', 'gmm', 2, 'global_max_pool', 8000], 0.8765432098765432)
INFO:nas.trainer:train | 15 era_time 3431.225960969925
INFO:nas.trainer:eval | (sampled_gnn, metric_val) = (['sage', 'gmm', 2, 'global_max_pool', 8000], 0.8271604938271605)
INFO:nas.trainer:eval | (sampled_gnn, metric_val) = (['gmm', 'gmm', 2, 'global_max_pool', 8000], 0.8271604938271605)
INFO:nas.trainer:eval | (sampled_gnn, metric_val) = (['sage', 'sage', 2, 'global_max_pool', 8000], 0.8765432098765432)
INFO:nas.trainer:eval | (sampled_gnn, metric_val) = (['gcn', 'gmm', 2, 'global_max_pool', 8000], 0.8765432098765432)
INFO:nas.trainer:eval | (sampled_gnn, metric_val) = (['sage', 'sage', 2, 'global_max_pool', 6000], 0.9012345679012346)
INFO:nas.trainer:eval | (sampled_gnn, metric_val) = (['gmm', 'sage', 2, 'global_max_pool', 3000], 0.8518518518518519)
INFO:nas.trainer:eval | (sampled_gnn, metric_val) = (['sage', 'sg', 2, 'global_max_pool', 8000], 0.8888888888888888)
INFO:nas.trainer:eval | (sampled_gnn, metric_val) = (['sage', 'gmm', 2, 'global_max_pool', 6000], 0.8395061728395061)
INFO:nas.trainer:eval | (sampled_gnn, metric_val) = (['sage', 'gcn', 2, 'global_max_pool', 3000], 0.9012345679012346)
INFO:nas.trainer:eval | (sampled_gnn, metric_val) = (['sage', 'gmm', 2, 'global_max_pool', 3000], 0.9012345679012346)
INFO:nas.trainer:eval | (sampled_gnn, metric_val) = (['sage', 'sage', 2, 'global_max_pool', 7500], 0.8765432098765432)
INFO:nas.trainer:eval | (sampled_gnn, metric_val) = (['gin', 'sg', 2, 'global_max_pool', 6000], 0.8518518518518519)
INFO:nas.trainer:eval | (sampled_gnn, metric_val) = (['gmm', 'sage', 2, 'global_max_pool', 6000], 0.8641975308641975)
INFO:nas.trainer:eval | (sampled_gnn, metric_val) = (['sage', 'sage', 2, 'global_max_pool', 5500], 0.8518518518518519)
INFO:nas.trainer:eval | (sampled_gnn, metric_val) = (['sage', 'gmm', 2, 'global_max_pool', 8000], 0.8518518518518519)
INFO:nas.trainer:eval | (sampled_gnn, metric_val) = (['gcn', 'sage', 2, 'global_max_pool', 8000], 0.8518518518518519)
INFO:nas.trainer:eval | (sampled_gnn, metric_val) = (['sage', 'gin', 2, 'global_max_pool', 5000], 0.8765432098765432)
INFO:nas.trainer:eval | (sampled_gnn, metric_val) = (['gin', 'sage', 2, 'global_max_pool', 8000], 0.8765432098765432)
INFO:nas.trainer:eval | (sampled_gnn, metric_val) = (['sage', 'sage', 2, 'global_max_pool', 8000], 0.8641975308641975)
INFO:nas.trainer:eval | (sampled_gnn, metric_val) = (['gin', 'gmm', 2, 'global_max_pool', 8000], 0.8641975308641975)
INFO:nas.trainer:train | 16 era_time 4023.629212141037
INFO:nas.trainer:eval | (sampled_gnn, metric_val) = (['sage', 'sage', 2, 'global_max_pool', 7500], 0.8641975308641975)
INFO:nas.trainer:eval | (sampled_gnn, metric_val) = (['sage', 'gmm', 2, 'global_max_pool', 6000], 0.8518518518518519)
INFO:nas.trainer:eval | (sampled_gnn, metric_val) = (['gcn', 'sage', 2, 'global_max_pool', 3000], 0.8271604938271605)
INFO:nas.trainer:eval | (sampled_gnn, metric_val) = (['sage', 'sage', 2, 'global_max_pool', 3000], 0.8765432098765432)
INFO:nas.trainer:eval | (sampled_gnn, metric_val) = (['sage', 'gmm', 2, 'global_max_pool', 8000], 0.8395061728395061)
INFO:nas.trainer:eval | (sampled_gnn, metric_val) = (['gat', 'sage', 2, 'global_max_pool', 6000], 0.8395061728395061)
INFO:nas.trainer:eval | (sampled_gnn, metric_val) = (['sg', 'sage', 2, 'global_max_pool', 5500], 0.8765432098765432)
INFO:nas.trainer:eval | (sampled_gnn, metric_val) = (['sage', 'gmm', 2, 'global_max_pool', 3500], 0.8888888888888888)
INFO:nas.trainer:eval | (sampled_gnn, metric_val) = (['gmm', 'gmm', 2, 'global_max_pool', 5500], 0.8518518518518519)
INFO:nas.trainer:eval | (sampled_gnn, metric_val) = (['sage', 'sage', 2, 'global_max_pool', 3000], 0.8518518518518519)
INFO:nas.trainer:eval | (sampled_gnn, metric_val) = (['tag', 'gmm', 2, 'global_max_pool', 8000], 0.8024691358024691)
INFO:nas.trainer:eval | (sampled_gnn, metric_val) = (['gmm', 'sage', 2, 'global_max_pool', 8000], 0.8395061728395061)
INFO:nas.trainer:eval | (sampled_gnn, metric_val) = (['sg', 'gmm', 2, 'global_max_pool', 3000], 0.8518518518518519)
INFO:nas.trainer:eval | (sampled_gnn, metric_val) = (['sage', 'sage', 2, 'global_max_pool', 4000], 0.8765432098765432)
INFO:nas.trainer:eval | (sampled_gnn, metric_val) = (['sage', 'sage', 2, 'global_max_pool', 3000], 0.8271604938271605)
INFO:nas.trainer:eval | (sampled_gnn, metric_val) = (['gmm', 'sage', 2, 'global_max_pool', 8000], 0.8641975308641975)
INFO:nas.trainer:eval | (sampled_gnn, metric_val) = (['sage', 'gmm', 2, 'global_max_pool', 4000], 0.8641975308641975)
INFO:nas.trainer:eval | (sampled_gnn, metric_val) = (['sage', 'sage', 2, 'global_max_pool', 8000], 0.8641975308641975)
INFO:nas.trainer:eval | (sampled_gnn, metric_val) = (['sage', 'gmm', 2, 'global_max_pool', 3000], 0.8395061728395061)
INFO:nas.trainer:eval | (sampled_gnn, metric_val) = (['sage', 'sage', 2, 'global_max_pool', 6000], 0.8765432098765432)
INFO:nas.trainer:train | 17 era_time 3337.158264875412
INFO:nas.trainer:eval | (sampled_gnn, metric_val) = (['sage', 'sage', 2, 'global_max_pool', 4500], 0.8765432098765432)
INFO:nas.trainer:eval | (sampled_gnn, metric_val) = (['tag', 'gat', 2, 'global_max_pool', 3000], 0.8148148148148148)
INFO:nas.trainer:eval | (sampled_gnn, metric_val) = (['sg', 'sage', 2, 'global_max_pool', 3000], 0.8395061728395061)
INFO:nas.trainer:eval | (sampled_gnn, metric_val) = (['sg', 'gmm', 2, 'global_max_pool', 6000], 0.8518518518518519)
INFO:nas.trainer:eval | (sampled_gnn, metric_val) = (['gin', 'sage', 2, 'global_max_pool', 4000], 0.8395061728395061)
INFO:nas.trainer:eval | (sampled_gnn, metric_val) = (['sage', 'sage', 2, 'global_max_pool', 6000], 0.9135802469135802)
INFO:nas.trainer:eval | (sampled_gnn, metric_val) = (['gin', 'sage', 2, 'global_max_pool', 7000], 0.8395061728395061)
INFO:nas.trainer:eval | (sampled_gnn, metric_val) = (['gin', 'sage', 2, 'global_max_pool', 7500], 0.8271604938271605)
INFO:nas.trainer:eval | (sampled_gnn, metric_val) = (['sage', 'gmm', 2, 'global_max_pool', 3000], 0.8641975308641975)
INFO:nas.trainer:eval | (sampled_gnn, metric_val) = (['sage', 'ssg', 2, 'global_max_pool', 6000], 0.8888888888888888)
INFO:nas.trainer:eval | (sampled_gnn, metric_val) = (['sage', 'gin', 2, 'global_max_pool', 3000], 0.8395061728395061)
INFO:nas.trainer:eval | (sampled_gnn, metric_val) = (['sage', 'sage', 2, 'global_max_pool', 8000], 0.8395061728395061)
INFO:nas.trainer:eval | (sampled_gnn, metric_val) = (['gmm', 'sage', 2, 'global_max_pool', 5500], 0.8765432098765432)
INFO:nas.trainer:eval | (sampled_gnn, metric_val) = (['sage', 'sage', 2, 'global_max_pool', 3000], 0.8888888888888888)
INFO:nas.trainer:eval | (sampled_gnn, metric_val) = (['gmm', 'gin', 2, 'global_max_pool', 3000], 0.8518518518518519)
INFO:nas.trainer:eval | (sampled_gnn, metric_val) = (['sage', 'sage', 2, 'global_max_pool', 3000], 0.9012345679012346)
INFO:nas.trainer:eval | (sampled_gnn, metric_val) = (['sg', 'sage', 2, 'global_max_pool', 8000], 0.8641975308641975)
INFO:nas.trainer:eval | (sampled_gnn, metric_val) = (['sage', 'sage', 2, 'global_max_pool', 8000], 0.8395061728395061)
INFO:nas.trainer:eval | (sampled_gnn, metric_val) = (['gmm', 'sage', 2, 'global_max_pool', 3000], 0.8641975308641975)
INFO:nas.trainer:eval | (sampled_gnn, metric_val) = (['gmm', 'sage', 2, 'global_max_pool', 5500], 0.8641975308641975)
INFO:nas.trainer:train | 18 era_time 3175.0679483413696
INFO:nas.trainer:eval | (sampled_gnn, metric_val) = (['gmm', 'sage', 2, 'global_max_pool', 8000], 0.8395061728395061)
INFO:nas.trainer:eval | (sampled_gnn, metric_val) = (['sage', 'gmm', 2, 'global_max_pool', 8000], 0.8271604938271605)
INFO:nas.trainer:eval | (sampled_gnn, metric_val) = (['sage', 'gmm', 2, 'global_max_pool', 7500], 0.8765432098765432)
INFO:nas.trainer:eval | (sampled_gnn, metric_val) = (['gmm', 'gmm', 2, 'global_max_pool', 6000], 0.8765432098765432)
INFO:nas.trainer:eval | (sampled_gnn, metric_val) = (['sage', 'sage', 2, 'global_max_pool', 6000], 0.8271604938271605)
INFO:nas.trainer:eval | (sampled_gnn, metric_val) = (['gcn', 'gmm', 2, 'global_max_pool', 3500], 0.8395061728395061)
INFO:nas.trainer:eval | (sampled_gnn, metric_val) = (['sage', 'sage', 2, 'global_max_pool', 3500], 0.8271604938271605)
INFO:nas.trainer:eval | (sampled_gnn, metric_val) = (['tag', 'gmm', 2, 'global_max_pool', 5500], 0.8765432098765432)
INFO:nas.trainer:eval | (sampled_gnn, metric_val) = (['gin', 'gmm', 2, 'global_max_pool', 4000], 0.8518518518518519)
INFO:nas.trainer:eval | (sampled_gnn, metric_val) = (['sage', 'gmm', 2, 'global_max_pool', 3000], 0.8765432098765432)
INFO:nas.trainer:eval | (sampled_gnn, metric_val) = (['sage', 'gmm', 2, 'global_max_pool', 8000], 0.8765432098765432)
INFO:nas.trainer:eval | (sampled_gnn, metric_val) = (['sage', 'sage', 2, 'global_max_pool', 7500], 0.8641975308641975)
INFO:nas.trainer:eval | (sampled_gnn, metric_val) = (['sage', 'sage', 2, 'global_max_pool', 8000], 0.8765432098765432)
INFO:nas.trainer:eval | (sampled_gnn, metric_val) = (['sage', 'gmm', 2, 'global_max_pool', 8000], 0.8765432098765432)
INFO:nas.trainer:eval | (sampled_gnn, metric_val) = (['gmm', 'gcn', 2, 'global_max_pool', 4000], 0.8641975308641975)
INFO:nas.trainer:eval | (sampled_gnn, metric_val) = (['sage', 'gmm', 2, 'global_max_pool', 6000], 0.8641975308641975)
INFO:nas.trainer:eval | (sampled_gnn, metric_val) = (['sage', 'sg', 2, 'global_max_pool', 8000], 0.8641975308641975)
INFO:nas.trainer:eval | (sampled_gnn, metric_val) = (['gmm', 'sage', 2, 'global_max_pool', 3000], 0.8518518518518519)
INFO:nas.trainer:eval | (sampled_gnn, metric_val) = (['gin', 'gmm', 2, 'global_max_pool', 8000], 0.8641975308641975)
INFO:nas.trainer:eval | (sampled_gnn, metric_val) = (['sg', 'sage', 2, 'global_max_pool', 5500], 0.8641975308641975)
INFO:nas.trainer:train | 19 era_time 3829.883697748184
INFO:nas.trainer:eval | (sampled_gnn, metric_val) = (['sage', 'sg', 2, 'global_max_pool', 5500], 0.8395061728395061)
INFO:nas.trainer:eval | (sampled_gnn, metric_val) = (['sg', 'gin', 2, 'global_max_pool', 6000], 0.7777777777777778)
INFO:nas.trainer:eval | (sampled_gnn, metric_val) = (['gmm', 'sage', 2, 'global_max_pool', 3000], 0.8395061728395061)
INFO:nas.trainer:eval | (sampled_gnn, metric_val) = (['sage', 'sage', 2, 'global_max_pool', 3000], 0.8271604938271605)
INFO:nas.trainer:eval | (sampled_gnn, metric_val) = (['gmm', 'sage', 2, 'global_max_pool', 5500], 0.8641975308641975)
INFO:nas.trainer:eval | (sampled_gnn, metric_val) = (['gmm', 'gmm', 2, 'global_max_pool', 8000], 0.8395061728395061)
INFO:nas.trainer:eval | (sampled_gnn, metric_val) = (['gmm', 'gmm', 2, 'global_max_pool', 3000], 0.8148148148148148)
INFO:nas.trainer:eval | (sampled_gnn, metric_val) = (['sage', 'sage', 2, 'global_max_pool', 5500], 0.8641975308641975)
INFO:nas.trainer:eval | (sampled_gnn, metric_val) = (['gmm', 'gmm', 2, 'global_max_pool', 5500], 0.8641975308641975)
INFO:nas.trainer:eval | (sampled_gnn, metric_val) = (['sage', 'gmm', 2, 'global_max_pool', 3000], 0.9135802469135802)
INFO:nas.trainer:eval | (sampled_gnn, metric_val) = (['sage', 'sage', 2, 'global_max_pool', 3000], 0.8641975308641975)
INFO:nas.trainer:eval | (sampled_gnn, metric_val) = (['sage', 'gcn', 2, 'global_max_pool', 5500], 0.8271604938271605)
INFO:nas.trainer:eval | (sampled_gnn, metric_val) = (['sage', 'sage', 2, 'global_max_pool', 5500], 0.8518518518518519)
INFO:nas.trainer:eval | (sampled_gnn, metric_val) = (['sage', 'sage', 2, 'global_max_pool', 3500], 0.8641975308641975)
INFO:nas.trainer:eval | (sampled_gnn, metric_val) = (['gmm', 'sage', 2, 'global_max_pool', 6000], 0.8395061728395061)
INFO:nas.trainer:eval | (sampled_gnn, metric_val) = (['gmm', 'sage', 2, 'global_max_pool', 8000], 0.8641975308641975)
INFO:nas.trainer:eval | (sampled_gnn, metric_val) = (['gmm', 'sage', 2, 'global_max_pool', 5500], 0.8641975308641975)
INFO:nas.trainer:eval | (sampled_gnn, metric_val) = (['sage', 'gmm', 2, 'global_max_pool', 3000], 0.8641975308641975)
INFO:nas.trainer:eval | (sampled_gnn, metric_val) = (['sage', 'sage', 2, 'global_max_pool', 3000], 0.9135802469135802)
INFO:nas.trainer:eval | (sampled_gnn, metric_val) = (['sage', 'sage', 2, 'global_max_pool', 5500], 0.8765432098765432)
INFO:nas.trainer:train | 20 era_time 3028.838606595993
INFO:nas.trainer:eval | (sampled_gnn, metric_val) = (['sage', 'sage', 2, 'global_max_pool', 3000], 0.8518518518518519)
INFO:nas.trainer:eval | (sampled_gnn, metric_val) = (['sage', 'sage', 2, 'global_max_pool', 6000], 0.8765432098765432)
INFO:nas.trainer:eval | (sampled_gnn, metric_val) = (['sage', 'gmm', 2, 'global_max_pool', 5500], 0.8641975308641975)
INFO:nas.trainer:eval | (sampled_gnn, metric_val) = (['sage', 'sage', 2, 'global_max_pool', 3000], 0.8765432098765432)
INFO:nas.trainer:eval | (sampled_gnn, metric_val) = (['gmm', 'gmm', 2, 'global_max_pool', 8000], 0.8641975308641975)
INFO:nas.trainer:eval | (sampled_gnn, metric_val) = (['sage', 'sage', 2, 'global_max_pool', 3000], 0.8765432098765432)
INFO:nas.trainer:eval | (sampled_gnn, metric_val) = (['sage', 'sage', 2, 'global_max_pool', 6000], 0.8518518518518519)
INFO:nas.trainer:eval | (sampled_gnn, metric_val) = (['sage', 'sage', 2, 'global_max_pool', 8000], 0.8765432098765432)
INFO:nas.trainer:eval | (sampled_gnn, metric_val) = (['sage', 'sage', 2, 'global_max_pool', 3000], 0.8271604938271605)
INFO:nas.trainer:eval | (sampled_gnn, metric_val) = (['sg', 'gmm', 2, 'global_max_pool', 8000], 0.8148148148148148)
INFO:nas.trainer:eval | (sampled_gnn, metric_val) = (['sage', 'sage', 2, 'global_max_pool', 5500], 0.8641975308641975)
INFO:nas.trainer:eval | (sampled_gnn, metric_val) = (['gmm', 'sage', 2, 'global_max_pool', 5500], 0.8641975308641975)
INFO:nas.trainer:eval | (sampled_gnn, metric_val) = (['gcn', 'sage', 2, 'global_max_pool', 5500], 0.8641975308641975)
INFO:nas.trainer:eval | (sampled_gnn, metric_val) = (['gin', 'gmm', 2, 'global_max_pool', 6000], 0.8395061728395061)
INFO:nas.trainer:eval | (sampled_gnn, metric_val) = (['sage', 'sage', 2, 'global_max_pool', 5500], 0.8395061728395061)
INFO:nas.trainer:eval | (sampled_gnn, metric_val) = (['sage', 'gmm', 2, 'global_max_pool', 6000], 0.8518518518518519)
INFO:nas.trainer:eval | (sampled_gnn, metric_val) = (['sage', 'sage', 2, 'global_max_pool', 3000], 0.8395061728395061)
INFO:nas.trainer:eval | (sampled_gnn, metric_val) = (['gmm', 'gmm', 2, 'global_max_pool', 8000], 0.9012345679012346)
INFO:nas.trainer:eval | (sampled_gnn, metric_val) = (['sage', 'gmm', 2, 'global_max_pool', 3000], 0.8888888888888888)
INFO:nas.trainer:eval | (sampled_gnn, metric_val) = (['sage', 'sage', 2, 'global_max_pool', 8000], 0.9012345679012346)
INFO:nas.trainer:train | 21 era_time 3410.708123922348
INFO:nas.trainer:eval | (sampled_gnn, metric_val) = (['sage', 'sage', 2, 'global_max_pool', 3000], 0.8395061728395061)
INFO:nas.trainer:eval | (sampled_gnn, metric_val) = (['sage', 'sage', 2, 'global_max_pool', 5500], 0.8641975308641975)
INFO:nas.trainer:eval | (sampled_gnn, metric_val) = (['sage', 'sage', 2, 'global_max_pool', 3000], 0.8518518518518519)
INFO:nas.trainer:eval | (sampled_gnn, metric_val) = (['sage', 'sage', 2, 'global_max_pool', 3000], 0.8518518518518519)
INFO:nas.trainer:eval | (sampled_gnn, metric_val) = (['gcn', 'gmm', 2, 'global_max_pool', 3000], 0.8641975308641975)
INFO:nas.trainer:eval | (sampled_gnn, metric_val) = (['gmm', 'gmm', 2, 'global_max_pool', 8000], 0.8395061728395061)
INFO:nas.trainer:eval | (sampled_gnn, metric_val) = (['sage', 'gmm', 2, 'global_max_pool', 3000], 0.8518518518518519)
INFO:nas.trainer:eval | (sampled_gnn, metric_val) = (['sage', 'gmm', 2, 'global_max_pool', 5500], 0.8641975308641975)
INFO:nas.trainer:eval | (sampled_gnn, metric_val) = (['sage', 'gmm', 2, 'global_max_pool', 7500], 0.8888888888888888)
INFO:nas.trainer:eval | (sampled_gnn, metric_val) = (['sage', 'gmm', 2, 'global_max_pool', 6000], 0.8641975308641975)
INFO:nas.trainer:eval | (sampled_gnn, metric_val) = (['sage', 'sage', 2, 'global_max_pool', 3000], 0.8765432098765432)
INFO:nas.trainer:eval | (sampled_gnn, metric_val) = (['sage', 'gmm', 2, 'global_max_pool', 8000], 0.8395061728395061)
INFO:nas.trainer:eval | (sampled_gnn, metric_val) = (['gcn', 'sage', 2, 'global_max_pool', 8000], 0.8518518518518519)
INFO:nas.trainer:eval | (sampled_gnn, metric_val) = (['sage', 'gmm', 2, 'global_max_pool', 3000], 0.8395061728395061)
INFO:nas.trainer:eval | (sampled_gnn, metric_val) = (['sage', 'gmm', 2, 'global_max_pool', 8000], 0.9012345679012346)
INFO:nas.trainer:eval | (sampled_gnn, metric_val) = (['gmm', 'gmm', 2, 'global_max_pool', 3000], 0.8641975308641975)
INFO:nas.trainer:eval | (sampled_gnn, metric_val) = (['gmm', 'sage', 2, 'global_max_pool', 8000], 0.8641975308641975)
INFO:nas.trainer:eval | (sampled_gnn, metric_val) = (['sage', 'gmm', 2, 'global_max_pool', 5500], 0.8518518518518519)
INFO:nas.trainer:eval | (sampled_gnn, metric_val) = (['gmm', 'gmm', 2, 'global_max_pool', 8000], 0.8641975308641975)
INFO:nas.trainer:eval | (sampled_gnn, metric_val) = (['sage', 'sage', 2, 'global_max_pool', 8000], 0.8395061728395061)
INFO:nas.trainer:train | 22 era_time 3563.303825855255
INFO:nas.trainer:eval | (sampled_gnn, metric_val) = (['sage', 'sage', 2, 'global_max_pool', 8000], 0.8765432098765432)
INFO:nas.trainer:eval | (sampled_gnn, metric_val) = (['sage', 'gmm', 2, 'global_max_pool', 3000], 0.8888888888888888)
INFO:nas.trainer:eval | (sampled_gnn, metric_val) = (['sage', 'sage', 2, 'global_max_pool', 8000], 0.9012345679012346)
INFO:nas.trainer:eval | (sampled_gnn, metric_val) = (['gmm', 'sage', 2, 'global_max_pool', 5500], 0.8641975308641975)
INFO:nas.trainer:eval | (sampled_gnn, metric_val) = (['gmm', 'sage', 2, 'global_max_pool', 6500], 0.9012345679012346)
INFO:nas.trainer:eval | (sampled_gnn, metric_val) = (['sage', 'gmm', 2, 'global_max_pool', 5500], 0.8518518518518519)
INFO:nas.trainer:eval | (sampled_gnn, metric_val) = (['sage', 'gmm', 2, 'global_max_pool', 8000], 0.8395061728395061)
INFO:nas.trainer:eval | (sampled_gnn, metric_val) = (['gmm', 'gcn', 2, 'global_max_pool', 8000], 0.8641975308641975)
INFO:nas.trainer:eval | (sampled_gnn, metric_val) = (['sage', 'gmm', 2, 'global_max_pool', 6000], 0.9012345679012346)
INFO:nas.trainer:eval | (sampled_gnn, metric_val) = (['sage', 'sage', 2, 'global_max_pool', 8000], 0.8765432098765432)
INFO:nas.trainer:eval | (sampled_gnn, metric_val) = (['sage', 'sage', 2, 'global_max_pool', 3000], 0.8641975308641975)
INFO:nas.trainer:eval | (sampled_gnn, metric_val) = (['gmm', 'sage', 2, 'global_max_pool', 7500], 0.8641975308641975)
INFO:nas.trainer:eval | (sampled_gnn, metric_val) = (['sage', 'gmm', 2, 'global_max_pool', 6000], 0.8765432098765432)
INFO:nas.trainer:eval | (sampled_gnn, metric_val) = (['sage', 'gmm', 2, 'global_max_pool', 3000], 0.8518518518518519)
INFO:nas.trainer:eval | (sampled_gnn, metric_val) = (['sage', 'gin', 2, 'global_max_pool', 3000], 0.7901234567901234)
INFO:nas.trainer:eval | (sampled_gnn, metric_val) = (['sage', 'gmm', 2, 'global_max_pool', 3000], 0.8641975308641975)
INFO:nas.trainer:eval | (sampled_gnn, metric_val) = (['sage', 'gmm', 2, 'global_max_pool', 8000], 0.8765432098765432)
INFO:nas.trainer:eval | (sampled_gnn, metric_val) = (['sage', 'sage', 2, 'global_max_pool', 7500], 0.8888888888888888)
INFO:nas.trainer:eval | (sampled_gnn, metric_val) = (['gmm', 'sage', 2, 'global_max_pool', 3000], 0.8271604938271605)
INFO:nas.trainer:eval | (sampled_gnn, metric_val) = (['sage', 'gmm', 2, 'global_max_pool', 6000], 0.8765432098765432)
INFO:nas.trainer:train | 23 era_time 3629.2803597450256
INFO:nas.trainer:eval | (sampled_gnn, metric_val) = (['sage', 'gmm', 2, 'global_max_pool', 8000], 0.8518518518518519)
INFO:nas.trainer:eval | (sampled_gnn, metric_val) = (['sage', 'sage', 2, 'global_max_pool', 4500], 0.8148148148148148)
INFO:nas.trainer:eval | (sampled_gnn, metric_val) = (['gmm', 'sage', 2, 'global_max_pool', 6000], 0.8518518518518519)
INFO:nas.trainer:eval | (sampled_gnn, metric_val) = (['gmm', 'sage', 2, 'global_max_pool', 3500], 0.8395061728395061)
INFO:nas.trainer:eval | (sampled_gnn, metric_val) = (['sage', 'sage', 2, 'global_max_pool', 4000], 0.8271604938271605)
INFO:nas.trainer:eval | (sampled_gnn, metric_val) = (['sage', 'sage', 2, 'global_max_pool', 3000], 0.8888888888888888)
INFO:nas.trainer:eval | (sampled_gnn, metric_val) = (['gmm', 'sage', 2, 'global_max_pool', 7000], 0.8888888888888888)
INFO:nas.trainer:eval | (sampled_gnn, metric_val) = (['sage', 'gmm', 2, 'global_max_pool', 8000], 0.8148148148148148)
INFO:nas.trainer:eval | (sampled_gnn, metric_val) = (['sage', 'gmm', 2, 'global_max_pool', 3000], 0.8765432098765432)
INFO:nas.trainer:eval | (sampled_gnn, metric_val) = (['sage', 'gmm', 2, 'global_add_pool', 8000], 0.8024691358024691)
INFO:nas.trainer:eval | (sampled_gnn, metric_val) = (['sage', 'sage', 2, 'global_max_pool', 8000], 0.8641975308641975)
INFO:nas.trainer:eval | (sampled_gnn, metric_val) = (['gmm', 'ssg', 2, 'global_max_pool', 5500], 0.8765432098765432)
INFO:nas.trainer:eval | (sampled_gnn, metric_val) = (['sage', 'gmm', 2, 'global_max_pool', 5500], 0.8765432098765432)
INFO:nas.trainer:eval | (sampled_gnn, metric_val) = (['sage', 'gmm', 2, 'global_max_pool', 8000], 0.8641975308641975)
INFO:nas.trainer:eval | (sampled_gnn, metric_val) = (['sage', 'gmm', 2, 'global_max_pool', 8000], 0.8641975308641975)
INFO:nas.trainer:eval | (sampled_gnn, metric_val) = (['gmm', 'sage', 2, 'global_max_pool', 8000], 0.8888888888888888)
INFO:nas.trainer:eval | (sampled_gnn, metric_val) = (['gmm', 'gmm', 2, 'global_max_pool', 8000], 0.7901234567901234)
INFO:nas.trainer:eval | (sampled_gnn, metric_val) = (['gin', 'sage', 2, 'global_max_pool', 8000], 0.8518518518518519)
INFO:nas.trainer:eval | (sampled_gnn, metric_val) = (['sage', 'sage', 2, 'global_max_pool', 3000], 0.9012345679012346)
INFO:nas.trainer:eval | (sampled_gnn, metric_val) = (['gmm', 'gmm', 2, 'global_max_pool', 6000], 0.8395061728395061)
INFO:nas.trainer:train | 24 era_time 3910.2037081718445
INFO:nas.trainer:eval | (sampled_gnn, metric_val) = (['sage', 'sage', 2, 'global_max_pool', 4000], 0.8641975308641975)
INFO:nas.trainer:eval | (sampled_gnn, metric_val) = (['gmm', 'sage', 2, 'global_max_pool', 8000], 0.8765432098765432)
INFO:nas.trainer:eval | (sampled_gnn, metric_val) = (['gmm', 'gmm', 2, 'global_max_pool', 4500], 0.8765432098765432)
INFO:nas.trainer:eval | (sampled_gnn, metric_val) = (['sage', 'gmm', 2, 'global_max_pool', 5500], 0.8765432098765432)
INFO:nas.trainer:eval | (sampled_gnn, metric_val) = (['sage', 'gmm', 2, 'global_max_pool', 6000], 0.8641975308641975)
INFO:nas.trainer:eval | (sampled_gnn, metric_val) = (['gmm', 'sage', 2, 'global_max_pool', 3500], 0.8271604938271605)
INFO:nas.trainer:eval | (sampled_gnn, metric_val) = (['sage', 'sage', 2, 'global_max_pool', 5500], 0.8765432098765432)
INFO:nas.trainer:eval | (sampled_gnn, metric_val) = (['sage', 'gmm', 2, 'global_max_pool', 6000], 0.8641975308641975)
INFO:nas.trainer:eval | (sampled_gnn, metric_val) = (['sage', 'sage', 2, 'global_max_pool', 7000], 0.8024691358024691)
INFO:nas.trainer:eval | (sampled_gnn, metric_val) = (['sage', 'sage', 2, 'global_max_pool', 8000], 0.8518518518518519)
INFO:nas.trainer:eval | (sampled_gnn, metric_val) = (['sage', 'sage', 2, 'global_max_pool', 6000], 0.8765432098765432)
INFO:nas.trainer:eval | (sampled_gnn, metric_val) = (['gmm', 'gmm', 2, 'global_mean_pool', 5500], 0.8271604938271605)
INFO:nas.trainer:eval | (sampled_gnn, metric_val) = (['sage', 'gmm', 2, 'global_max_pool', 5000], 0.8518518518518519)
INFO:nas.trainer:eval | (sampled_gnn, metric_val) = (['sage', 'sage', 2, 'global_max_pool', 5500], 0.8641975308641975)
INFO:nas.trainer:eval | (sampled_gnn, metric_val) = (['sage', 'gmm', 2, 'global_max_pool', 8000], 0.9012345679012346)
INFO:nas.trainer:eval | (sampled_gnn, metric_val) = (['gmm', 'sage', 2, 'global_max_pool', 6000], 0.8271604938271605)
INFO:nas.trainer:eval | (sampled_gnn, metric_val) = (['gmm', 'gmm', 2, 'global_max_pool', 5500], 0.8641975308641975)
INFO:nas.trainer:eval | (sampled_gnn, metric_val) = (['sage', 'gmm', 2, 'global_max_pool', 3000], 0.8518518518518519)
INFO:nas.trainer:eval | (sampled_gnn, metric_val) = (['gmm', 'gmm', 2, 'global_max_pool', 3000], 0.8271604938271605)
INFO:nas.trainer:eval | (sampled_gnn, metric_val) = (['gat', 'sage', 2, 'global_mean_pool', 5500], 0.8271604938271605)
INFO:nas.trainer:train | 25 era_time 3694.6033182144165
INFO:nas.trainer:eval | (sampled_gnn, metric_val) = (['gmm', 'sage', 2, 'global_max_pool', 8000], 0.8271604938271605)
INFO:nas.trainer:eval | (sampled_gnn, metric_val) = (['sage', 'gmm', 2, 'global_max_pool', 6000], 0.8765432098765432)
INFO:nas.trainer:eval | (sampled_gnn, metric_val) = (['ssg', 'gmm', 2, 'global_max_pool', 8000], 0.8395061728395061)
INFO:nas.trainer:eval | (sampled_gnn, metric_val) = (['sage', 'gmm', 2, 'global_max_pool', 5500], 0.8641975308641975)
INFO:nas.trainer:eval | (sampled_gnn, metric_val) = (['sage', 'gmm', 2, 'global_max_pool', 6000], 0.8765432098765432)
INFO:nas.trainer:eval | (sampled_gnn, metric_val) = (['sage', 'sage', 2, 'global_max_pool', 5500], 0.8518518518518519)
INFO:nas.trainer:eval | (sampled_gnn, metric_val) = (['sage', 'sage', 2, 'global_max_pool', 3000], 0.8518518518518519)
INFO:nas.trainer:eval | (sampled_gnn, metric_val) = (['gin', 'gmm', 2, 'global_max_pool', 8000], 0.8888888888888888)
INFO:nas.trainer:eval | (sampled_gnn, metric_val) = (['gmm', 'gmm', 2, 'global_max_pool', 3000], 0.8641975308641975)
INFO:nas.trainer:eval | (sampled_gnn, metric_val) = (['sage', 'sage', 2, 'global_max_pool', 6000], 0.8148148148148148)
INFO:nas.trainer:eval | (sampled_gnn, metric_val) = (['gmm', 'sage', 2, 'global_max_pool', 3000], 0.8641975308641975)
INFO:nas.trainer:eval | (sampled_gnn, metric_val) = (['gmm', 'gmm', 2, 'global_max_pool', 8000], 0.8641975308641975)
INFO:nas.trainer:eval | (sampled_gnn, metric_val) = (['sage', 'sage', 2, 'global_max_pool', 7500], 0.8765432098765432)
INFO:nas.trainer:eval | (sampled_gnn, metric_val) = (['gmm', 'gmm', 2, 'global_max_pool', 8000], 0.8518518518518519)
INFO:nas.trainer:eval | (sampled_gnn, metric_val) = (['gmm', 'sage', 2, 'global_max_pool', 8000], 0.8518518518518519)
INFO:nas.trainer:eval | (sampled_gnn, metric_val) = (['sage', 'gmm', 2, 'global_max_pool', 6000], 0.8765432098765432)
INFO:nas.trainer:eval | (sampled_gnn, metric_val) = (['ssg', 'gmm', 2, 'global_max_pool', 6000], 0.8765432098765432)
INFO:nas.trainer:eval | (sampled_gnn, metric_val) = (['sage', 'sage', 2, 'global_max_pool', 5500], 0.8765432098765432)
INFO:nas.trainer:eval | (sampled_gnn, metric_val) = (['sage', 'gmm', 2, 'global_max_pool', 6000], 0.8518518518518519)
INFO:nas.trainer:eval | (sampled_gnn, metric_val) = (['sage', 'gmm', 2, 'global_max_pool', 8000], 0.8641975308641975)
INFO:nas.trainer:train | 26 era_time 4191.481299877167
INFO:nas.trainer:eval | (sampled_gnn, metric_val) = (['sage', 'sage', 2, 'global_max_pool', 5500], 0.8271604938271605)
INFO:nas.trainer:eval | (sampled_gnn, metric_val) = (['sage', 'gmm', 2, 'global_add_pool', 6000], 0.8271604938271605)
INFO:nas.trainer:eval | (sampled_gnn, metric_val) = (['sage', 'sage', 2, 'global_max_pool', 7500], 0.8641975308641975)
INFO:nas.trainer:eval | (sampled_gnn, metric_val) = (['sage', 'sage', 2, 'global_max_pool', 6000], 0.9012345679012346)
INFO:nas.trainer:eval | (sampled_gnn, metric_val) = (['sage', 'gmm', 2, 'global_max_pool', 3000], 0.8641975308641975)
INFO:nas.trainer:eval | (sampled_gnn, metric_val) = (['sg', 'sage', 2, 'global_max_pool', 7500], 0.8765432098765432)
INFO:nas.trainer:eval | (sampled_gnn, metric_val) = (['sage', 'gmm', 2, 'global_max_pool', 5500], 0.8148148148148148)
INFO:nas.trainer:eval | (sampled_gnn, metric_val) = (['gmm', 'gmm', 2, 'global_max_pool', 6000], 0.8765432098765432)
INFO:nas.trainer:eval | (sampled_gnn, metric_val) = (['tag', 'gmm', 2, 'global_max_pool', 8000], 0.8518518518518519)
INFO:nas.trainer:eval | (sampled_gnn, metric_val) = (['gmm', 'gmm', 2, 'global_max_pool', 5500], 0.8888888888888888)
INFO:nas.trainer:eval | (sampled_gnn, metric_val) = (['ssg', 'sage', 2, 'global_max_pool', 5500], 0.8641975308641975)
INFO:nas.trainer:eval | (sampled_gnn, metric_val) = (['gmm', 'gmm', 2, 'global_max_pool', 3000], 0.8518518518518519)
INFO:nas.trainer:eval | (sampled_gnn, metric_val) = (['sage', 'sage', 2, 'global_max_pool', 5500], 0.8765432098765432)
INFO:nas.trainer:eval | (sampled_gnn, metric_val) = (['tag', 'sage', 2, 'global_max_pool', 5500], 0.8024691358024691)
INFO:nas.trainer:eval | (sampled_gnn, metric_val) = (['sage', 'sage', 2, 'global_max_pool', 6000], 0.8888888888888888)
INFO:nas.trainer:eval | (sampled_gnn, metric_val) = (['gmm', 'sage', 2, 'global_add_pool', 8000], 0.8518518518518519)
INFO:nas.trainer:eval | (sampled_gnn, metric_val) = (['tag', 'gmm', 2, 'global_max_pool', 5500], 0.8148148148148148)
INFO:nas.trainer:eval | (sampled_gnn, metric_val) = (['sage', 'gmm', 2, 'global_max_pool', 8000], 0.8765432098765432)
INFO:nas.trainer:eval | (sampled_gnn, metric_val) = (['sage', 'sage', 2, 'global_max_pool', 8000], 0.8641975308641975)
INFO:nas.trainer:eval | (sampled_gnn, metric_val) = (['sage', 'sage', 2, 'global_max_pool', 5500], 0.8765432098765432)
INFO:nas.trainer:train | 27 era_time 3765.4880752563477
INFO:nas.trainer:eval | (sampled_gnn, metric_val) = (['gmm', 'gmm', 2, 'global_max_pool', 5500], 0.9012345679012346)
INFO:nas.trainer:eval | (sampled_gnn, metric_val) = (['ssg', 'gmm', 2, 'global_max_pool', 7500], 0.8641975308641975)
INFO:nas.trainer:eval | (sampled_gnn, metric_val) = (['sage', 'gmm', 2, 'global_max_pool', 8000], 0.8518518518518519)
INFO:nas.trainer:eval | (sampled_gnn, metric_val) = (['gmm', 'gmm', 2, 'global_max_pool', 5500], 0.8395061728395061)
INFO:nas.trainer:eval | (sampled_gnn, metric_val) = (['sage', 'gmm', 2, 'global_max_pool', 3000], 0.8641975308641975)
INFO:nas.trainer:eval | (sampled_gnn, metric_val) = (['gmm', 'sage', 2, 'global_max_pool', 3000], 0.8765432098765432)
INFO:nas.trainer:eval | (sampled_gnn, metric_val) = (['sage', 'sage', 2, 'global_max_pool', 6000], 0.8765432098765432)
INFO:nas.trainer:eval | (sampled_gnn, metric_val) = (['gat', 'gmm', 2, 'global_max_pool', 7500], 0.8765432098765432)
INFO:nas.trainer:eval | (sampled_gnn, metric_val) = (['sage', 'gmm', 2, 'global_max_pool', 5500], 0.8765432098765432)
INFO:nas.trainer:eval | (sampled_gnn, metric_val) = (['sage', 'gmm', 2, 'global_max_pool', 8000], 0.8641975308641975)
INFO:nas.trainer:eval | (sampled_gnn, metric_val) = (['sage', 'sage', 2, 'global_max_pool', 3000], 0.8765432098765432)
INFO:nas.trainer:eval | (sampled_gnn, metric_val) = (['ssg', 'gmm', 2, 'global_max_pool', 8000], 0.8765432098765432)
INFO:nas.trainer:eval | (sampled_gnn, metric_val) = (['gmm', 'gmm', 2, 'global_max_pool', 6500], 0.8765432098765432)
INFO:nas.trainer:eval | (sampled_gnn, metric_val) = (['sage', 'gmm', 2, 'global_max_pool', 8000], 0.8765432098765432)
INFO:nas.trainer:eval | (sampled_gnn, metric_val) = (['sage', 'gmm', 2, 'global_max_pool', 7500], 0.8765432098765432)
INFO:nas.trainer:eval | (sampled_gnn, metric_val) = (['sage', 'sage', 2, 'global_max_pool', 8000], 0.8641975308641975)
INFO:nas.trainer:eval | (sampled_gnn, metric_val) = (['gmm', 'sage', 2, 'global_max_pool', 5500], 0.8641975308641975)
INFO:nas.trainer:eval | (sampled_gnn, metric_val) = (['sage', 'gmm', 2, 'global_max_pool', 6500], 0.8888888888888888)
INFO:nas.trainer:eval | (sampled_gnn, metric_val) = (['sage', 'gmm', 2, 'global_max_pool', 3000], 0.8271604938271605)
INFO:nas.trainer:eval | (sampled_gnn, metric_val) = (['sage', 'sage', 2, 'global_max_pool', 8000], 0.8395061728395061)
INFO:nas.trainer:train | 28 era_time 3953.220985174179
INFO:nas.trainer:eval | (sampled_gnn, metric_val) = (['sage', 'sage', 2, 'global_max_pool', 5500], 0.8888888888888888)
INFO:nas.trainer:eval | (sampled_gnn, metric_val) = (['sage', 'sage', 2, 'global_max_pool', 6000], 0.8641975308641975)
INFO:nas.trainer:eval | (sampled_gnn, metric_val) = (['sage', 'gmm', 2, 'global_max_pool', 6000], 0.8518518518518519)
INFO:nas.trainer:eval | (sampled_gnn, metric_val) = (['sage', 'sage', 2, 'global_max_pool', 5500], 0.8148148148148148)
INFO:nas.trainer:eval | (sampled_gnn, metric_val) = (['gmm', 'gmm', 2, 'global_max_pool', 7500], 0.8641975308641975)
INFO:nas.trainer:eval | (sampled_gnn, metric_val) = (['sage', 'sage', 2, 'global_max_pool', 8000], 0.8395061728395061)
INFO:nas.trainer:eval | (sampled_gnn, metric_val) = (['sage', 'sage', 2, 'global_max_pool', 5500], 0.8641975308641975)
INFO:nas.trainer:eval | (sampled_gnn, metric_val) = (['sage', 'sage', 2, 'global_max_pool', 7500], 0.8395061728395061)
INFO:nas.trainer:eval | (sampled_gnn, metric_val) = (['sage', 'sage', 2, 'global_max_pool', 8000], 0.8765432098765432)
INFO:nas.trainer:eval | (sampled_gnn, metric_val) = (['sage', 'ssg', 2, 'global_max_pool', 3000], 0.8641975308641975)
INFO:nas.trainer:eval | (sampled_gnn, metric_val) = (['sage', 'gmm', 2, 'global_max_pool', 5500], 0.8641975308641975)
INFO:nas.trainer:eval | (sampled_gnn, metric_val) = (['sage', 'ssg', 2, 'global_max_pool', 6000], 0.8641975308641975)
INFO:nas.trainer:eval | (sampled_gnn, metric_val) = (['sage', 'sage', 2, 'global_max_pool', 3000], 0.8395061728395061)
INFO:nas.trainer:eval | (sampled_gnn, metric_val) = (['gmm', 'sage', 2, 'global_max_pool', 6000], 0.8518518518518519)
INFO:nas.trainer:eval | (sampled_gnn, metric_val) = (['sage', 'sage', 2, 'global_max_pool', 7500], 0.8888888888888888)
INFO:nas.trainer:eval | (sampled_gnn, metric_val) = (['gmm', 'sage', 2, 'global_max_pool', 6000], 0.8765432098765432)
INFO:nas.trainer:eval | (sampled_gnn, metric_val) = (['gmm', 'sage', 2, 'global_max_pool', 3000], 0.8641975308641975)
INFO:nas.trainer:eval | (sampled_gnn, metric_val) = (['gmm', 'gmm', 2, 'global_max_pool', 6000], 0.8765432098765432)
INFO:nas.trainer:eval | (sampled_gnn, metric_val) = (['gmm', 'gmm', 2, 'global_max_pool', 5500], 0.8641975308641975)
INFO:nas.trainer:eval | (sampled_gnn, metric_val) = (['ssg', 'sage', 2, 'global_max_pool', 7500], 0.8765432098765432)
INFO:nas.trainer:train | 29 era_time 3650.035176038742
INFO:nas.trainer:train | train_time 105771.80382466316
INFO:nas.trainer:eval | (sampled_gnn, metric_val) = (['ssg', 'sage', 2, 'global_max_pool', 3000], 0.8641975308641975)
INFO:nas.trainer:eval | (sampled_gnn, metric_val) = (['sage', 'gmm', 2, 'global_max_pool', 6000], 0.8395061728395061)
INFO:nas.trainer:eval | (sampled_gnn, metric_val) = (['sg', 'ssg', 2, 'global_max_pool', 3000], 0.8518518518518519)
INFO:nas.trainer:eval | (sampled_gnn, metric_val) = (['gmm', 'sage', 2, 'global_max_pool', 3000], 0.8518518518518519)
INFO:nas.trainer:eval | (sampled_gnn, metric_val) = (['sage', 'ssg', 2, 'global_max_pool', 6000], 0.8765432098765432)
INFO:nas.trainer:eval | (sampled_gnn, metric_val) = (['gmm', 'sage', 2, 'global_max_pool', 6000], 0.8641975308641975)
INFO:nas.trainer:eval | (sampled_gnn, metric_val) = (['sage', 'ssg', 2, 'global_max_pool', 5500], 0.8765432098765432)
INFO:nas.trainer:eval | (sampled_gnn, metric_val) = (['sage', 'sage', 2, 'global_max_pool', 5500], 0.8395061728395061)
INFO:nas.trainer:eval | (sampled_gnn, metric_val) = (['gmm', 'gmm', 2, 'global_max_pool', 8000], 0.8641975308641975)
INFO:nas.trainer:eval | (sampled_gnn, metric_val) = (['sage', 'gmm', 2, 'global_max_pool', 3000], 0.8765432098765432)
INFO:nas.trainer:eval | (sampled_gnn, metric_val) = (['sage', 'sage', 2, 'global_max_pool', 6000], 0.8518518518518519)
INFO:nas.trainer:eval | (sampled_gnn, metric_val) = (['gmm', 'gmm', 2, 'global_max_pool', 3000], 0.8518518518518519)
INFO:nas.trainer:eval | (sampled_gnn, metric_val) = (['sage', 'sage', 2, 'global_max_pool', 5500], 0.8641975308641975)
INFO:nas.trainer:eval | (sampled_gnn, metric_val) = (['sage', 'gmm', 2, 'global_max_pool', 6000], 0.8765432098765432)
INFO:nas.trainer:eval | (sampled_gnn, metric_val) = (['sage', 'sage', 2, 'global_max_pool', 6000], 0.8395061728395061)
INFO:nas.trainer:eval | (sampled_gnn, metric_val) = (['gmm', 'sage', 2, 'global_max_pool', 7500], 0.8518518518518519)
INFO:nas.trainer:eval | (sampled_gnn, metric_val) = (['sage', 'sage', 2, 'global_max_pool', 3000], 0.8395061728395061)
INFO:nas.trainer:eval | (sampled_gnn, metric_val) = (['sage', 'sage', 2, 'global_max_pool', 3000], 0.8641975308641975)
INFO:nas.trainer:eval | (sampled_gnn, metric_val) = (['sage', 'gmm', 2, 'global_max_pool', 8000], 0.8765432098765432)
INFO:nas.trainer:eval | (sampled_gnn, metric_val) = (['sage', 'ssg', 2, 'global_max_pool', 3000], 0.8765432098765432)
INFO:nas.trainer:eval | (sampled_gnn, metric_val) = (['gmm', 'gmm', 2, 'global_max_pool', 5500], 0.8271604938271605)
INFO:nas.trainer:eval | (sampled_gnn, metric_val) = (['gmm', 'sage', 2, 'global_max_pool', 6000], 0.8641975308641975)
INFO:nas.trainer:eval | (sampled_gnn, metric_val) = (['sage', 'gmm', 2, 'global_max_pool', 8000], 0.8641975308641975)
INFO:nas.trainer:eval | (sampled_gnn, metric_val) = (['sage', 'gmm', 2, 'global_max_pool', 3000], 0.8518518518518519)
INFO:nas.trainer:eval | (sampled_gnn, metric_val) = (['gmm', 'sage', 2, 'global_max_pool', 3000], 0.8518518518518519)
INFO:nas.trainer:eval | (sampled_gnn, metric_val) = (['sage', 'sage', 2, 'global_max_pool', 3000], 0.8641975308641975)
INFO:nas.trainer:eval | (sampled_gnn, metric_val) = (['gmm', 'gmm', 2, 'global_max_pool', 5500], 0.8888888888888888)
INFO:nas.trainer:eval | (sampled_gnn, metric_val) = (['gmm', 'sage', 2, 'global_max_pool', 5500], 0.8518518518518519)
INFO:nas.trainer:eval | (sampled_gnn, metric_val) = (['gat', 'gmm', 2, 'global_max_pool', 8000], 0.8395061728395061)
INFO:nas.trainer:eval | (sampled_gnn, metric_val) = (['sage', 'gmm', 2, 'global_max_pool', 6000], 0.8395061728395061)
INFO:root:'/home/ubuntu/GNN-AID/src/nas/cfg/9.yml' cfg_file best structure: ['gmm', 'gmm', 2, 'global_max_pool', 5500]
