INFO:__main__:dataset:
- single-graph
- Planetoid
- Cora
derive_num: 30
logfname: cora_dynamic-probsonly_combinations.log
nas_args:
  dynamic_behaviour: probs_only
  dynamic_nas_steps: 150
  forward:
    mode: train
    softmax_temp: 5.0
    tanh_c: 2.5
  hidden_size: 100
  reset:
    init_range: 0.1
ss_args:
  debug: false
  prob_scale: 4
  type: dynamic_prob
  with_combinations: true
trainer_args:
  derive:
    derive_from_history: false
  eval:
    save_model_flag: false
  train:
    derive_finaly: false
    num_eras: 30
    save_eras: 30
  train_controller:
    epochs: 20

INFO:nas.trainer:eval | (sampled_gnn, metric_val) = (['ssg', 'gmm', 2, 160], 0.8766114180478821)
INFO:nas.trainer:eval | (sampled_gnn, metric_val) = (['gcn', 'sage', 2, 140], 0.8839779005524862)
INFO:nas.trainer:eval | (sampled_gnn, metric_val) = (['gmm', 'sage', 2, 200], 0.8747697974217311)
INFO:nas.trainer:eval | (sampled_gnn, metric_val) = (['gmm', 'gat', 2, 120], 0.856353591160221)
INFO:nas.trainer:eval | (sampled_gnn, metric_val) = (['sage', 'gmm', 2, 140], 0.8839779005524862)
INFO:nas.trainer:eval | (sampled_gnn, metric_val) = (['tag', 'gcn', 2, 220], 0.8305709023941068)
INFO:nas.trainer:eval | (sampled_gnn, metric_val) = (['ssg', 'tag', 2, 120], 0.8103130755064457)
INFO:nas.trainer:eval | (sampled_gnn, metric_val) = (['gmm', 'gcn', 2, 220], 0.8766114180478821)
INFO:nas.trainer:eval | (sampled_gnn, metric_val) = (['gcn', 'gat', 2, 200], 0.8655616942909761)
INFO:nas.trainer:eval | (sampled_gnn, metric_val) = (['gmm', 'gmm', 2, 180], 0.8692449355432781)
INFO:nas.trainer:eval | (sampled_gnn, metric_val) = (['gcn', 'gmm', 2, 120], 0.8913443830570903)
INFO:nas.trainer:eval | (sampled_gnn, metric_val) = (['gin', 'gmm', 2, 160], 0.8250460405156538)
INFO:nas.trainer:eval | (sampled_gnn, metric_val) = (['gmm', 'gat', 2, 100], 0.8747697974217311)
INFO:nas.trainer:eval | (sampled_gnn, metric_val) = (['ssg', 'gcn', 2, 120], 0.8637200736648251)
INFO:nas.trainer:eval | (sampled_gnn, metric_val) = (['gcn', 'tag', 2, 140], 0.8011049723756906)
INFO:nas.trainer:eval | (sampled_gnn, metric_val) = (['gat', 'gmm', 2, 100], 0.8839779005524862)
INFO:nas.trainer:eval | (sampled_gnn, metric_val) = (['gmm', 'gcn', 2, 100], 0.8692449355432781)
INFO:nas.trainer:eval | (sampled_gnn, metric_val) = (['gcn', 'sg', 2, 200], 0.8876611418047882)
INFO:nas.trainer:eval | (sampled_gnn, metric_val) = (['gmm', 'tag', 2, 200], 0.7918968692449355)
INFO:nas.trainer:eval | (sampled_gnn, metric_val) = (['gcn', 'gcn', 2, 220], 0.8950276243093923)
INFO:nas.trainer:train | 0 era_time 99.96928572654724
INFO:nas.trainer:eval | (sampled_gnn, metric_val) = (['gmm', 'gcn', 2, 140], 0.8710865561694291)
INFO:nas.trainer:eval | (sampled_gnn, metric_val) = (['gcn', 'sage', 2, 160], 0.8895027624309392)
INFO:nas.trainer:eval | (sampled_gnn, metric_val) = (['gat', 'gat', 2, 120], 0.85451197053407)
INFO:nas.trainer:eval | (sampled_gnn, metric_val) = (['gmm', 'gmm', 2, 220], 0.8895027624309392)
INFO:nas.trainer:eval | (sampled_gnn, metric_val) = (['gcn', 'sg', 2, 100], 0.8084714548802947)
INFO:nas.trainer:eval | (sampled_gnn, metric_val) = (['ssg', 'sage', 2, 180], 0.8913443830570903)
INFO:nas.trainer:eval | (sampled_gnn, metric_val) = (['gin', 'gmm', 2, 200], 0.8379373848987108)
INFO:nas.trainer:eval | (sampled_gnn, metric_val) = (['gcn', 'sg', 2, 100], 0.7992633517495396)
INFO:nas.trainer:eval | (sampled_gnn, metric_val) = (['ssg', 'gmm', 2, 160], 0.861878453038674)
INFO:nas.trainer:eval | (sampled_gnn, metric_val) = (['ssg', 'gin', 2, 220], 0.7440147329650092)
INFO:nas.trainer:eval | (sampled_gnn, metric_val) = (['gmm', 'gcn', 2, 180], 0.861878453038674)
INFO:nas.trainer:eval | (sampled_gnn, metric_val) = (['sage', 'tag', 2, 140], 0.7955801104972375)
INFO:nas.trainer:eval | (sampled_gnn, metric_val) = (['sg', 'gcn', 2, 160], 0.8895027624309392)
INFO:nas.trainer:eval | (sampled_gnn, metric_val) = (['ssg', 'gcn', 2, 200], 0.8858195211786372)
INFO:nas.trainer:eval | (sampled_gnn, metric_val) = (['tag', 'gmm', 2, 160], 0.7513812154696132)
INFO:nas.trainer:eval | (sampled_gnn, metric_val) = (['sg', 'gmm', 2, 140], 0.8802946593001841)
INFO:nas.trainer:eval | (sampled_gnn, metric_val) = (['sage', 'tag', 2, 180], 0.8029465930018416)
INFO:nas.trainer:eval | (sampled_gnn, metric_val) = (['gcn', 'gmm', 2, 160], 0.8950276243093923)
INFO:nas.trainer:eval | (sampled_gnn, metric_val) = (['sage', 'gmm', 2, 220], 0.8692449355432781)
INFO:nas.trainer:eval | (sampled_gnn, metric_val) = (['gcn', 'gmm', 2, 140], 0.8839779005524862)
INFO:nas.trainer:train | 1 era_time 133.8039927482605
INFO:nas.trainer:eval | (sampled_gnn, metric_val) = (['gcn', 'gmm', 2, 220], 0.8729281767955801)
INFO:nas.trainer:eval | (sampled_gnn, metric_val) = (['gcn', 'gcn', 2, 180], 0.8821362799263351)
INFO:nas.trainer:eval | (sampled_gnn, metric_val) = (['gin', 'gcn', 2, 160], 0.8434622467771639)
INFO:nas.trainer:eval | (sampled_gnn, metric_val) = (['gmm', 'gcn', 2, 140], 0.8729281767955801)
INFO:nas.trainer:eval | (sampled_gnn, metric_val) = (['gmm', 'gcn', 2, 220], 0.8692449355432781)
INFO:nas.trainer:eval | (sampled_gnn, metric_val) = (['sage', 'sg', 2, 120], 0.8692449355432781)
INFO:nas.trainer:eval | (sampled_gnn, metric_val) = (['gmm', 'gcn', 2, 180], 0.8655616942909761)
INFO:nas.trainer:eval | (sampled_gnn, metric_val) = (['gmm', 'gmm', 2, 140], 0.8784530386740331)
INFO:nas.trainer:eval | (sampled_gnn, metric_val) = (['gcn', 'gmm', 2, 220], 0.8766114180478821)
INFO:nas.trainer:eval | (sampled_gnn, metric_val) = (['sg', 'tag', 2, 100], 0.8176795580110497)
INFO:nas.trainer:eval | (sampled_gnn, metric_val) = (['gcn', 'gmm', 2, 180], 0.8931860036832413)
INFO:nas.trainer:eval | (sampled_gnn, metric_val) = (['gin', 'sage', 2, 180], 0.848987108655617)
INFO:nas.trainer:eval | (sampled_gnn, metric_val) = (['gmm', 'gmm', 2, 100], 0.858195211786372)
INFO:nas.trainer:eval | (sampled_gnn, metric_val) = (['gat', 'gmm', 2, 160], 0.8655616942909761)
INFO:nas.trainer:eval | (sampled_gnn, metric_val) = (['gmm', 'gat', 2, 120], 0.8305709023941068)
INFO:nas.trainer:eval | (sampled_gnn, metric_val) = (['gcn', 'gmm', 2, 100], 0.8416206261510129)
INFO:nas.trainer:eval | (sampled_gnn, metric_val) = (['gmm', 'gat', 2, 220], 0.848987108655617)
INFO:nas.trainer:eval | (sampled_gnn, metric_val) = (['gin', 'gcn', 2, 160], 0.8453038674033149)
INFO:nas.trainer:eval | (sampled_gnn, metric_val) = (['ssg', 'gmm', 2, 100], 0.860036832412523)
INFO:nas.trainer:eval | (sampled_gnn, metric_val) = (['gcn', 'gmm', 2, 200], 0.8784530386740331)
INFO:nas.trainer:train | 2 era_time 85.36068844795227
INFO:nas.trainer:eval | (sampled_gnn, metric_val) = (['sg', 'ssg', 2, 140], 0.850828729281768)
INFO:nas.trainer:eval | (sampled_gnn, metric_val) = (['gmm', 'gin', 2, 220], 0.5469613259668509)
INFO:nas.trainer:eval | (sampled_gnn, metric_val) = (['gmm', 'gin', 2, 160], 0.6740331491712708)
INFO:nas.trainer:eval | (sampled_gnn, metric_val) = (['gcn', 'gmm', 2, 100], 0.8913443830570903)
INFO:nas.trainer:eval | (sampled_gnn, metric_val) = (['tag', 'gmm', 2, 200], 0.7532228360957642)
INFO:nas.trainer:eval | (sampled_gnn, metric_val) = (['gcn', 'sage', 2, 140], 0.8876611418047882)
INFO:nas.trainer:eval | (sampled_gnn, metric_val) = (['sg', 'gcn', 2, 180], 0.8839779005524862)
INFO:nas.trainer:eval | (sampled_gnn, metric_val) = (['gmm', 'gmm', 2, 180], 0.8821362799263351)
INFO:nas.trainer:eval | (sampled_gnn, metric_val) = (['gmm', 'gmm', 2, 180], 0.8250460405156538)
INFO:nas.trainer:eval | (sampled_gnn, metric_val) = (['ssg', 'sg', 2, 140], 0.8710865561694291)
INFO:nas.trainer:eval | (sampled_gnn, metric_val) = (['gmm', 'gcn', 2, 220], 0.8692449355432781)
INFO:nas.trainer:eval | (sampled_gnn, metric_val) = (['ssg', 'gmm', 2, 140], 0.8895027624309392)
INFO:nas.trainer:eval | (sampled_gnn, metric_val) = (['sg', 'gmm', 2, 180], 0.8655616942909761)
INFO:nas.trainer:eval | (sampled_gnn, metric_val) = (['sg', 'gmm', 2, 100], 0.8913443830570903)
INFO:nas.trainer:eval | (sampled_gnn, metric_val) = (['gat', 'gcn', 2, 200], 0.8674033149171271)
INFO:nas.trainer:eval | (sampled_gnn, metric_val) = (['gat', 'gmm', 2, 180], 0.856353591160221)
INFO:nas.trainer:eval | (sampled_gnn, metric_val) = (['gcn', 'gmm', 2, 140], 0.8876611418047882)
INFO:nas.trainer:eval | (sampled_gnn, metric_val) = (['sg', 'gcn', 2, 140], 0.8802946593001841)
INFO:nas.trainer:eval | (sampled_gnn, metric_val) = (['gmm', 'sage', 2, 140], 0.8802946593001841)
INFO:nas.trainer:eval | (sampled_gnn, metric_val) = (['gcn', 'ssg', 2, 100], 0.8397790055248618)
INFO:nas.trainer:train | 3 era_time 108.93009924888611
INFO:nas.trainer:eval | (sampled_gnn, metric_val) = (['gmm', 'sg', 2, 140], 0.8710865561694291)
INFO:nas.trainer:eval | (sampled_gnn, metric_val) = (['gcn', 'gcn', 2, 140], 0.8858195211786372)
INFO:nas.trainer:eval | (sampled_gnn, metric_val) = (['gcn', 'sage', 2, 180], 0.8950276243093923)
INFO:nas.trainer:eval | (sampled_gnn, metric_val) = (['gcn', 'sage', 2, 140], 0.8876611418047882)
INFO:nas.trainer:eval | (sampled_gnn, metric_val) = (['sage', 'gmm', 2, 180], 0.861878453038674)
INFO:nas.trainer:eval | (sampled_gnn, metric_val) = (['sg', 'gmm', 2, 140], 0.861878453038674)
INFO:nas.trainer:eval | (sampled_gnn, metric_val) = (['gat', 'gmm', 2, 180], 0.848987108655617)
INFO:nas.trainer:eval | (sampled_gnn, metric_val) = (['sage', 'gcn', 2, 180], 0.8692449355432781)
INFO:nas.trainer:eval | (sampled_gnn, metric_val) = (['gmm', 'gcn', 2, 140], 0.8674033149171271)
INFO:nas.trainer:eval | (sampled_gnn, metric_val) = (['sg', 'gcn', 2, 180], 0.8950276243093923)
INFO:nas.trainer:eval | (sampled_gnn, metric_val) = (['gmm', 'sage', 2, 180], 0.8729281767955801)
INFO:nas.trainer:eval | (sampled_gnn, metric_val) = (['ssg', 'gat', 2, 100], 0.8637200736648251)
INFO:nas.trainer:eval | (sampled_gnn, metric_val) = (['tag', 'sg', 2, 160], 0.8416206261510129)
INFO:nas.trainer:eval | (sampled_gnn, metric_val) = (['gmm', 'gcn', 2, 140], 0.8692449355432781)
INFO:nas.trainer:eval | (sampled_gnn, metric_val) = (['sage', 'sage', 2, 200], 0.8821362799263351)
INFO:nas.trainer:eval | (sampled_gnn, metric_val) = (['gcn', 'gcn', 2, 100], 0.8637200736648251)
INFO:nas.trainer:eval | (sampled_gnn, metric_val) = (['gmm', 'gmm', 2, 180], 0.8747697974217311)
INFO:nas.trainer:eval | (sampled_gnn, metric_val) = (['gcn', 'sage', 2, 100], 0.8674033149171271)
INFO:nas.trainer:eval | (sampled_gnn, metric_val) = (['gat', 'sg', 2, 100], 0.7753222836095764)
INFO:nas.trainer:eval | (sampled_gnn, metric_val) = (['sage', 'gmm', 2, 180], 0.8802946593001841)
INFO:nas.trainer:train | 4 era_time 97.48970699310303
INFO:nas.trainer:eval | (sampled_gnn, metric_val) = (['gmm', 'gcn', 2, 140], 0.85451197053407)
INFO:nas.trainer:eval | (sampled_gnn, metric_val) = (['gcn', 'sage', 2, 180], 0.8931860036832413)
INFO:nas.trainer:eval | (sampled_gnn, metric_val) = (['gin', 'gmm', 2, 180], 0.8268876611418048)
INFO:nas.trainer:eval | (sampled_gnn, metric_val) = (['gcn', 'sage', 2, 180], 0.8858195211786372)
INFO:nas.trainer:eval | (sampled_gnn, metric_val) = (['gcn', 'gcn', 2, 180], 0.8821362799263351)
INFO:nas.trainer:eval | (sampled_gnn, metric_val) = (['sage', 'gmm', 2, 180], 0.8655616942909761)
INFO:nas.trainer:eval | (sampled_gnn, metric_val) = (['gmm', 'gcn', 2, 180], 0.8784530386740331)
INFO:nas.trainer:eval | (sampled_gnn, metric_val) = (['gcn', 'gcn', 2, 180], 0.8821362799263351)
INFO:nas.trainer:eval | (sampled_gnn, metric_val) = (['gcn', 'gcn', 2, 180], 0.8802946593001841)
INFO:nas.trainer:eval | (sampled_gnn, metric_val) = (['gmm', 'sage', 2, 200], 0.8802946593001841)
INFO:nas.trainer:eval | (sampled_gnn, metric_val) = (['gcn', 'gcn', 2, 180], 0.8931860036832413)
INFO:nas.trainer:eval | (sampled_gnn, metric_val) = (['gmm', 'gcn', 2, 200], 0.8692449355432781)
INFO:nas.trainer:eval | (sampled_gnn, metric_val) = (['gmm', 'gmm', 2, 140], 0.8710865561694291)
INFO:nas.trainer:eval | (sampled_gnn, metric_val) = (['gmm', 'gcn', 2, 140], 0.8729281767955801)
INFO:nas.trainer:eval | (sampled_gnn, metric_val) = (['tag', 'gmm', 2, 140], 0.8287292817679558)
INFO:nas.trainer:eval | (sampled_gnn, metric_val) = (['sg', 'tag', 2, 140], 0.8103130755064457)
INFO:nas.trainer:eval | (sampled_gnn, metric_val) = (['gmm', 'gat', 2, 140], 0.852670349907919)
INFO:nas.trainer:eval | (sampled_gnn, metric_val) = (['gcn', 'tag', 2, 140], 0.7955801104972375)
INFO:nas.trainer:eval | (sampled_gnn, metric_val) = (['gcn', 'gcn', 2, 140], 0.8839779005524862)
INFO:nas.trainer:eval | (sampled_gnn, metric_val) = (['gmm', 'sage', 2, 200], 0.8784530386740331)
INFO:nas.trainer:train | 5 era_time 86.77739429473877
INFO:nas.trainer:eval | (sampled_gnn, metric_val) = (['gmm', 'sage', 2, 180], 0.8839779005524862)
INFO:nas.trainer:eval | (sampled_gnn, metric_val) = (['gmm', 'gmm', 2, 200], 0.8784530386740331)
INFO:nas.trainer:eval | (sampled_gnn, metric_val) = (['gmm', 'gmm', 2, 200], 0.8342541436464088)
INFO:nas.trainer:eval | (sampled_gnn, metric_val) = (['gcn', 'ssg', 2, 140], 0.8710865561694291)
INFO:nas.trainer:eval | (sampled_gnn, metric_val) = (['gcn', 'gmm', 2, 180], 0.8747697974217311)
INFO:nas.trainer:eval | (sampled_gnn, metric_val) = (['gmm', 'gcn', 2, 200], 0.8784530386740331)
INFO:nas.trainer:eval | (sampled_gnn, metric_val) = (['gmm', 'gcn', 2, 140], 0.8747697974217311)
INFO:nas.trainer:eval | (sampled_gnn, metric_val) = (['sage', 'gcn', 2, 180], 0.8729281767955801)
INFO:nas.trainer:eval | (sampled_gnn, metric_val) = (['gcn', 'gmm', 2, 180], 0.8821362799263351)
INFO:nas.trainer:eval | (sampled_gnn, metric_val) = (['sage', 'gmm', 2, 180], 0.8710865561694291)
INFO:nas.trainer:eval | (sampled_gnn, metric_val) = (['sage', 'gcn', 2, 140], 0.8802946593001841)
INFO:nas.trainer:eval | (sampled_gnn, metric_val) = (['gin', 'gcn', 2, 140], 0.856353591160221)
INFO:nas.trainer:eval | (sampled_gnn, metric_val) = (['gcn', 'gcn', 2, 100], 0.8729281767955801)
INFO:nas.trainer:eval | (sampled_gnn, metric_val) = (['sage', 'gcn', 2, 180], 0.8784530386740331)
INFO:nas.trainer:eval | (sampled_gnn, metric_val) = (['gin', 'gmm', 2, 160], 0.7532228360957642)
INFO:nas.trainer:eval | (sampled_gnn, metric_val) = (['gcn', 'gcn', 2, 140], 0.8858195211786372)
INFO:nas.trainer:eval | (sampled_gnn, metric_val) = (['gcn', 'sage', 2, 200], 0.8876611418047882)
INFO:nas.trainer:eval | (sampled_gnn, metric_val) = (['sage', 'gcn', 2, 140], 0.8729281767955801)
INFO:nas.trainer:eval | (sampled_gnn, metric_val) = (['gcn', 'gcn', 2, 180], 0.8895027624309392)
INFO:nas.trainer:eval | (sampled_gnn, metric_val) = (['sage', 'gcn', 2, 120], 0.8710865561694291)
INFO:nas.trainer:train | 6 era_time 86.21353578567505
INFO:nas.trainer:eval | (sampled_gnn, metric_val) = (['gmm', 'gmm', 2, 180], 0.8047882136279927)
INFO:nas.trainer:eval | (sampled_gnn, metric_val) = (['gcn', 'gcn', 2, 200], 0.8913443830570903)
INFO:nas.trainer:eval | (sampled_gnn, metric_val) = (['gcn', 'ssg', 2, 200], 0.8913443830570903)
INFO:nas.trainer:eval | (sampled_gnn, metric_val) = (['gmm', 'gmm', 2, 200], 0.8802946593001841)
INFO:nas.trainer:eval | (sampled_gnn, metric_val) = (['gcn', 'sage', 2, 180], 0.8987108655616943)
INFO:nas.trainer:eval | (sampled_gnn, metric_val) = (['gin', 'sg', 2, 200], 0.8434622467771639)
INFO:nas.trainer:eval | (sampled_gnn, metric_val) = (['gmm', 'gcn', 2, 140], 0.8766114180478821)
INFO:nas.trainer:eval | (sampled_gnn, metric_val) = (['gmm', 'gcn', 2, 200], 0.8674033149171271)
INFO:nas.trainer:eval | (sampled_gnn, metric_val) = (['gcn', 'gmm', 2, 180], 0.8839779005524862)
INFO:nas.trainer:eval | (sampled_gnn, metric_val) = (['gcn', 'gcn', 2, 200], 0.8968692449355433)
INFO:nas.trainer:eval | (sampled_gnn, metric_val) = (['gcn', 'gcn', 2, 140], 0.8839779005524862)
INFO:nas.trainer:eval | (sampled_gnn, metric_val) = (['gin', 'gcn', 2, 200], 0.8434622467771639)
INFO:nas.trainer:eval | (sampled_gnn, metric_val) = (['sage', 'gmm', 2, 140], 0.8766114180478821)
INFO:nas.trainer:eval | (sampled_gnn, metric_val) = (['gin', 'gcn', 2, 180], 0.850828729281768)
INFO:nas.trainer:eval | (sampled_gnn, metric_val) = (['gcn', 'gmm', 2, 180], 0.8839779005524862)
INFO:nas.trainer:eval | (sampled_gnn, metric_val) = (['sg', 'sage', 2, 180], 0.8913443830570903)
INFO:nas.trainer:eval | (sampled_gnn, metric_val) = (['gmm', 'ssg', 2, 200], 0.8766114180478821)
INFO:nas.trainer:eval | (sampled_gnn, metric_val) = (['sg', 'tag', 2, 180], 0.8121546961325967)
INFO:nas.trainer:eval | (sampled_gnn, metric_val) = (['gmm', 'gmm', 2, 180], 0.8674033149171271)
INFO:nas.trainer:eval | (sampled_gnn, metric_val) = (['gcn', 'gcn', 2, 180], 0.8858195211786372)
INFO:nas.trainer:train | 7 era_time 98.08973026275635
INFO:nas.trainer:eval | (sampled_gnn, metric_val) = (['gcn', 'gin', 2, 200], 0.7366482504604052)
INFO:nas.trainer:eval | (sampled_gnn, metric_val) = (['tag', 'ssg', 2, 200], 0.8453038674033149)
INFO:nas.trainer:eval | (sampled_gnn, metric_val) = (['sage', 'gmm', 2, 200], 0.861878453038674)
INFO:nas.trainer:eval | (sampled_gnn, metric_val) = (['gcn', 'gat', 2, 180], 0.8674033149171271)
INFO:nas.trainer:eval | (sampled_gnn, metric_val) = (['gat', 'ssg', 2, 140], 0.8379373848987108)
INFO:nas.trainer:eval | (sampled_gnn, metric_val) = (['tag', 'gcn', 2, 140], 0.848987108655617)
INFO:nas.trainer:eval | (sampled_gnn, metric_val) = (['gcn', 'gmm', 2, 180], 0.8784530386740331)
INFO:nas.trainer:eval | (sampled_gnn, metric_val) = (['gmm', 'gcn', 2, 200], 0.8692449355432781)
INFO:nas.trainer:eval | (sampled_gnn, metric_val) = (['gcn', 'sg', 2, 200], 0.8895027624309392)
INFO:nas.trainer:eval | (sampled_gnn, metric_val) = (['gmm', 'sage', 2, 200], 0.8747697974217311)
INFO:nas.trainer:eval | (sampled_gnn, metric_val) = (['gmm', 'gmm', 2, 180], 0.8434622467771639)
INFO:nas.trainer:eval | (sampled_gnn, metric_val) = (['sg', 'gmm', 2, 180], 0.8839779005524862)
INFO:nas.trainer:eval | (sampled_gnn, metric_val) = (['gmm', 'gmm', 2, 180], 0.7421731123388582)
INFO:nas.trainer:eval | (sampled_gnn, metric_val) = (['gat', 'gcn', 2, 200], 0.861878453038674)
INFO:nas.trainer:eval | (sampled_gnn, metric_val) = (['gmm', 'gcn', 2, 140], 0.8710865561694291)
INFO:nas.trainer:eval | (sampled_gnn, metric_val) = (['gcn', 'gat', 2, 180], 0.8895027624309392)
INFO:nas.trainer:eval | (sampled_gnn, metric_val) = (['gmm', 'gcn', 2, 180], 0.8710865561694291)
INFO:nas.trainer:eval | (sampled_gnn, metric_val) = (['gmm', 'gcn', 2, 120], 0.8710865561694291)
INFO:nas.trainer:eval | (sampled_gnn, metric_val) = (['gcn', 'gcn', 2, 180], 0.8895027624309392)
INFO:nas.trainer:eval | (sampled_gnn, metric_val) = (['gmm', 'gmm', 2, 180], 0.8766114180478821)
INFO:nas.trainer:train | 8 era_time 98.07038640975952
INFO:nas.trainer:eval | (sampled_gnn, metric_val) = (['gmm', 'gcn', 2, 140], 0.8729281767955801)
INFO:nas.trainer:eval | (sampled_gnn, metric_val) = (['gcn', 'gmm', 2, 180], 0.8674033149171271)
INFO:nas.trainer:eval | (sampled_gnn, metric_val) = (['gmm', 'tag', 2, 140], 0.7790055248618785)
INFO:nas.trainer:eval | (sampled_gnn, metric_val) = (['gmm', 'ssg', 2, 200], 0.8766114180478821)
INFO:nas.trainer:eval | (sampled_gnn, metric_val) = (['gmm', 'gcn', 2, 200], 0.8802946593001841)
INFO:nas.trainer:eval | (sampled_gnn, metric_val) = (['gmm', 'gat', 2, 200], 0.8305709023941068)
INFO:nas.trainer:eval | (sampled_gnn, metric_val) = (['gat', 'gmm', 2, 180], 0.8710865561694291)
INFO:nas.trainer:eval | (sampled_gnn, metric_val) = (['gcn', 'gat', 2, 140], 0.8674033149171271)
INFO:nas.trainer:eval | (sampled_gnn, metric_val) = (['gmm', 'tag', 2, 200], 0.7790055248618785)
INFO:nas.trainer:eval | (sampled_gnn, metric_val) = (['ssg', 'gcn', 2, 180], 0.8876611418047882)
INFO:nas.trainer:eval | (sampled_gnn, metric_val) = (['gmm', 'tag', 2, 200], 0.7918968692449355)
INFO:nas.trainer:eval | (sampled_gnn, metric_val) = (['gmm', 'ssg', 2, 180], 0.8766114180478821)
INFO:nas.trainer:eval | (sampled_gnn, metric_val) = (['gmm', 'gin', 2, 120], 0.714548802946593)
INFO:nas.trainer:eval | (sampled_gnn, metric_val) = (['gcn', 'gin', 2, 140], 0.7863720073664825)
INFO:nas.trainer:eval | (sampled_gnn, metric_val) = (['sg', 'tag', 2, 200], 0.8232044198895028)
INFO:nas.trainer:eval | (sampled_gnn, metric_val) = (['gcn', 'ssg', 2, 180], 0.8895027624309392)
INFO:nas.trainer:eval | (sampled_gnn, metric_val) = (['gcn', 'ssg', 2, 180], 0.8858195211786372)
INFO:nas.trainer:eval | (sampled_gnn, metric_val) = (['ssg', 'ssg', 2, 140], 0.8453038674033149)
INFO:nas.trainer:eval | (sampled_gnn, metric_val) = (['tag', 'sg', 2, 140], 0.850828729281768)
INFO:nas.trainer:eval | (sampled_gnn, metric_val) = (['gmm', 'gcn', 2, 180], 0.8655616942909761)
INFO:nas.trainer:train | 9 era_time 98.05894875526428
INFO:nas.trainer:eval | (sampled_gnn, metric_val) = (['gmm', 'gin', 2, 200], 0.6740331491712708)
INFO:nas.trainer:eval | (sampled_gnn, metric_val) = (['gcn', 'sage', 2, 180], 0.8858195211786372)
INFO:nas.trainer:eval | (sampled_gnn, metric_val) = (['sg', 'gin', 2, 200], 0.7108655616942909)
INFO:nas.trainer:eval | (sampled_gnn, metric_val) = (['gmm', 'gcn', 2, 200], 0.8674033149171271)
INFO:nas.trainer:eval | (sampled_gnn, metric_val) = (['sg', 'ssg', 2, 180], 0.8913443830570903)
INFO:nas.trainer:eval | (sampled_gnn, metric_val) = (['gmm', 'ssg', 2, 100], 0.8453038674033149)
INFO:nas.trainer:eval | (sampled_gnn, metric_val) = (['gat', 'gcn', 2, 140], 0.8747697974217311)
INFO:nas.trainer:eval | (sampled_gnn, metric_val) = (['gmm', 'ssg', 2, 200], 0.8802946593001841)
INFO:nas.trainer:eval | (sampled_gnn, metric_val) = (['gcn', 'gcn', 2, 140], 0.8710865561694291)
INFO:nas.trainer:eval | (sampled_gnn, metric_val) = (['gcn', 'ssg', 2, 180], 0.8913443830570903)
INFO:nas.trainer:eval | (sampled_gnn, metric_val) = (['sage', 'gat', 2, 200], 0.8434622467771639)
INFO:nas.trainer:eval | (sampled_gnn, metric_val) = (['gmm', 'sg', 2, 180], 0.8784530386740331)
INFO:nas.trainer:eval | (sampled_gnn, metric_val) = (['gat', 'sg', 2, 200], 0.8655616942909761)
INFO:nas.trainer:eval | (sampled_gnn, metric_val) = (['gmm', 'gmm', 2, 200], 0.8784530386740331)
INFO:nas.trainer:eval | (sampled_gnn, metric_val) = (['gat', 'gcn', 2, 140], 0.85451197053407)
INFO:nas.trainer:eval | (sampled_gnn, metric_val) = (['gcn', 'ssg', 2, 180], 0.8876611418047882)
INFO:nas.trainer:eval | (sampled_gnn, metric_val) = (['gcn', 'sg', 2, 180], 0.8821362799263351)
INFO:nas.trainer:eval | (sampled_gnn, metric_val) = (['gcn', 'gcn', 2, 180], 0.8839779005524862)
INFO:nas.trainer:eval | (sampled_gnn, metric_val) = (['gcn', 'ssg', 2, 200], 0.8876611418047882)
INFO:nas.trainer:eval | (sampled_gnn, metric_val) = (['gcn', 'gmm', 2, 140], 0.8766114180478821)
INFO:nas.trainer:train | 10 era_time 85.63328099250793
INFO:nas.trainer:eval | (sampled_gnn, metric_val) = (['gmm', 'tag', 2, 180], 0.8011049723756906)
INFO:nas.trainer:eval | (sampled_gnn, metric_val) = (['gcn', 'sage', 2, 140], 0.8895027624309392)
INFO:nas.trainer:eval | (sampled_gnn, metric_val) = (['gmm', 'ssg', 2, 200], 0.8784530386740331)
INFO:nas.trainer:eval | (sampled_gnn, metric_val) = (['gmm', 'gcn', 2, 180], 0.8784530386740331)
INFO:nas.trainer:eval | (sampled_gnn, metric_val) = (['ssg', 'gcn', 2, 200], 0.8876611418047882)
INFO:nas.trainer:eval | (sampled_gnn, metric_val) = (['gat', 'gmm', 2, 140], 0.8729281767955801)
INFO:nas.trainer:eval | (sampled_gnn, metric_val) = (['ssg', 'gat', 2, 200], 0.8839779005524862)
INFO:nas.trainer:eval | (sampled_gnn, metric_val) = (['gat', 'gcn', 2, 120], 0.8637200736648251)
INFO:nas.trainer:eval | (sampled_gnn, metric_val) = (['gcn', 'gat', 2, 140], 0.8784530386740331)
INFO:nas.trainer:eval | (sampled_gnn, metric_val) = (['gcn', 'sg', 2, 200], 0.8913443830570903)
INFO:nas.trainer:eval | (sampled_gnn, metric_val) = (['sg', 'sage', 2, 200], 0.8895027624309392)
INFO:nas.trainer:eval | (sampled_gnn, metric_val) = (['gat', 'gmm', 2, 140], 0.8747697974217311)
INFO:nas.trainer:eval | (sampled_gnn, metric_val) = (['sage', 'gmm', 2, 200], 0.861878453038674)
INFO:nas.trainer:eval | (sampled_gnn, metric_val) = (['tag', 'sg', 2, 140], 0.8397790055248618)
INFO:nas.trainer:eval | (sampled_gnn, metric_val) = (['sage', 'ssg', 2, 200], 0.8766114180478821)
INFO:nas.trainer:eval | (sampled_gnn, metric_val) = (['gcn', 'ssg', 2, 140], 0.8674033149171271)
INFO:nas.trainer:eval | (sampled_gnn, metric_val) = (['gat', 'gcn', 2, 180], 0.861878453038674)
INFO:nas.trainer:eval | (sampled_gnn, metric_val) = (['sage', 'sage', 2, 200], 0.8729281767955801)
INFO:nas.trainer:eval | (sampled_gnn, metric_val) = (['gcn', 'sg', 2, 180], 0.8784530386740331)
INFO:nas.trainer:eval | (sampled_gnn, metric_val) = (['gin', 'gcn', 2, 180], 0.8453038674033149)
INFO:nas.trainer:train | 11 era_time 112.43046569824219
INFO:nas.trainer:eval | (sampled_gnn, metric_val) = (['gmm', 'gcn', 2, 140], 0.8674033149171271)
INFO:nas.trainer:eval | (sampled_gnn, metric_val) = (['gat', 'gcn', 2, 180], 0.8655616942909761)
INFO:nas.trainer:eval | (sampled_gnn, metric_val) = (['gmm', 'tag', 2, 140], 0.7771639042357275)
INFO:nas.trainer:eval | (sampled_gnn, metric_val) = (['sg', 'gcn', 2, 140], 0.8655616942909761)
INFO:nas.trainer:eval | (sampled_gnn, metric_val) = (['gin', 'sg', 2, 140], 0.8195211786372008)
INFO:nas.trainer:eval | (sampled_gnn, metric_val) = (['ssg', 'gmm', 2, 100], 0.861878453038674)
INFO:nas.trainer:eval | (sampled_gnn, metric_val) = (['gcn', 'gcn', 2, 200], 0.8913443830570903)
INFO:nas.trainer:eval | (sampled_gnn, metric_val) = (['gat', 'gmm', 2, 200], 0.8747697974217311)
INFO:nas.trainer:eval | (sampled_gnn, metric_val) = (['gmm', 'gcn', 2, 200], 0.8674033149171271)
INFO:nas.trainer:eval | (sampled_gnn, metric_val) = (['sg', 'gcn', 2, 180], 0.8858195211786372)
INFO:nas.trainer:eval | (sampled_gnn, metric_val) = (['gmm', 'gcn', 2, 100], 0.8674033149171271)
INFO:nas.trainer:eval | (sampled_gnn, metric_val) = (['gcn', 'gmm', 2, 200], 0.8729281767955801)
INFO:nas.trainer:eval | (sampled_gnn, metric_val) = (['sg', 'gmm', 2, 180], 0.8839779005524862)
INFO:nas.trainer:eval | (sampled_gnn, metric_val) = (['sg', 'gmm', 2, 180], 0.8655616942909761)
INFO:nas.trainer:eval | (sampled_gnn, metric_val) = (['sage', 'sg', 2, 180], 0.8802946593001841)
INFO:nas.trainer:eval | (sampled_gnn, metric_val) = (['gcn', 'gmm', 2, 140], 0.8729281767955801)
INFO:nas.trainer:eval | (sampled_gnn, metric_val) = (['sg', 'gmm', 2, 180], 0.8913443830570903)
INFO:nas.trainer:eval | (sampled_gnn, metric_val) = (['sg', 'gat', 2, 200], 0.860036832412523)
INFO:nas.trainer:eval | (sampled_gnn, metric_val) = (['tag', 'gcn', 2, 180], 0.8434622467771639)
INFO:nas.trainer:eval | (sampled_gnn, metric_val) = (['tag', 'gmm', 2, 140], 0.8232044198895028)
INFO:nas.trainer:train | 12 era_time 126.79959440231323
INFO:nas.trainer:eval | (sampled_gnn, metric_val) = (['gat', 'ssg', 2, 180], 0.8674033149171271)
INFO:nas.trainer:eval | (sampled_gnn, metric_val) = (['gmm', 'gin', 2, 140], 0.7348066298342542)
INFO:nas.trainer:eval | (sampled_gnn, metric_val) = (['gat', 'gin', 2, 200], 0.7237569060773481)
INFO:nas.trainer:eval | (sampled_gnn, metric_val) = (['gmm', 'gmm', 2, 140], 0.8637200736648251)
INFO:nas.trainer:eval | (sampled_gnn, metric_val) = (['gat', 'gcn', 2, 200], 0.8655616942909761)
INFO:nas.trainer:eval | (sampled_gnn, metric_val) = (['tag', 'gat', 2, 180], 0.5395948434622467)
INFO:nas.trainer:eval | (sampled_gnn, metric_val) = (['gmm', 'gat', 2, 200], 0.858195211786372)
INFO:nas.trainer:eval | (sampled_gnn, metric_val) = (['gmm', 'sage', 2, 180], 0.8802946593001841)
INFO:nas.trainer:eval | (sampled_gnn, metric_val) = (['gcn', 'gmm', 2, 180], 0.8747697974217311)
INFO:nas.trainer:eval | (sampled_gnn, metric_val) = (['sage', 'gcn', 2, 200], 0.8674033149171271)
INFO:nas.trainer:eval | (sampled_gnn, metric_val) = (['gcn', 'gcn', 2, 200], 0.8895027624309392)
INFO:nas.trainer:eval | (sampled_gnn, metric_val) = (['gin', 'sg', 2, 180], 0.8397790055248618)
INFO:nas.trainer:eval | (sampled_gnn, metric_val) = (['gmm', 'gmm', 2, 180], 0.8305709023941068)
INFO:nas.trainer:eval | (sampled_gnn, metric_val) = (['gcn', 'gmm', 2, 180], 0.8784530386740331)
INFO:nas.trainer:eval | (sampled_gnn, metric_val) = (['gcn', 'gmm', 2, 120], 0.8766114180478821)
INFO:nas.trainer:eval | (sampled_gnn, metric_val) = (['sg', 'gmm', 2, 200], 0.8802946593001841)
INFO:nas.trainer:eval | (sampled_gnn, metric_val) = (['tag', 'gcn', 2, 140], 0.8324125230202578)
INFO:nas.trainer:eval | (sampled_gnn, metric_val) = (['ssg', 'gcn', 2, 200], 0.8858195211786372)
INFO:nas.trainer:eval | (sampled_gnn, metric_val) = (['gmm', 'tag', 2, 200], 0.7882136279926335)
INFO:nas.trainer:eval | (sampled_gnn, metric_val) = (['gmm', 'sage', 2, 140], 0.856353591160221)
INFO:nas.trainer:train | 13 era_time 110.33652663230896
INFO:nas.trainer:eval | (sampled_gnn, metric_val) = (['gmm', 'sg', 2, 180], 0.8766114180478821)
INFO:nas.trainer:eval | (sampled_gnn, metric_val) = (['sg', 'gmm', 2, 140], 0.8453038674033149)
INFO:nas.trainer:eval | (sampled_gnn, metric_val) = (['gcn', 'gmm', 2, 140], 0.8802946593001841)
INFO:nas.trainer:eval | (sampled_gnn, metric_val) = (['gcn', 'gcn', 2, 180], 0.8931860036832413)
INFO:nas.trainer:eval | (sampled_gnn, metric_val) = (['gmm', 'gcn', 2, 200], 0.8766114180478821)
INFO:nas.trainer:eval | (sampled_gnn, metric_val) = (['tag', 'gcn', 2, 140], 0.7863720073664825)
INFO:nas.trainer:eval | (sampled_gnn, metric_val) = (['gmm', 'gcn', 2, 180], 0.8655616942909761)
INFO:nas.trainer:eval | (sampled_gnn, metric_val) = (['gcn', 'gcn', 2, 180], 0.8931860036832413)
INFO:nas.trainer:eval | (sampled_gnn, metric_val) = (['gcn', 'gmm', 2, 180], 0.8802946593001841)
INFO:nas.trainer:eval | (sampled_gnn, metric_val) = (['gmm', 'gmm', 2, 180], 0.8839779005524862)
INFO:nas.trainer:eval | (sampled_gnn, metric_val) = (['tag', 'gcn', 2, 140], 0.8342541436464088)
INFO:nas.trainer:eval | (sampled_gnn, metric_val) = (['gmm', 'gin', 2, 100], 0.7311233885819521)
INFO:nas.trainer:eval | (sampled_gnn, metric_val) = (['sg', 'sage', 2, 200], 0.8895027624309392)
INFO:nas.trainer:eval | (sampled_gnn, metric_val) = (['sage', 'gat', 2, 200], 0.8434622467771639)
INFO:nas.trainer:eval | (sampled_gnn, metric_val) = (['tag', 'gmm', 2, 140], 0.7292817679558011)
INFO:nas.trainer:eval | (sampled_gnn, metric_val) = (['gcn', 'gcn', 2, 180], 0.8839779005524862)
INFO:nas.trainer:eval | (sampled_gnn, metric_val) = (['ssg', 'gmm', 2, 180], 0.8858195211786372)
INFO:nas.trainer:eval | (sampled_gnn, metric_val) = (['sage', 'gin', 2, 180], 0.716390423572744)
INFO:nas.trainer:eval | (sampled_gnn, metric_val) = (['gmm', 'tag', 2, 180], 0.7790055248618785)
INFO:nas.trainer:eval | (sampled_gnn, metric_val) = (['tag', 'gmm', 2, 200], 0.7421731123388582)
INFO:nas.trainer:train | 14 era_time 122.24958610534668
INFO:nas.trainer:eval | (sampled_gnn, metric_val) = (['gcn', 'gmm', 2, 180], 0.8729281767955801)
INFO:nas.trainer:eval | (sampled_gnn, metric_val) = (['gmm', 'sg', 2, 140], 0.8747697974217311)
INFO:nas.trainer:eval | (sampled_gnn, metric_val) = (['gat', 'ssg', 2, 140], 0.848987108655617)
INFO:nas.trainer:eval | (sampled_gnn, metric_val) = (['gcn', 'sage', 2, 200], 0.8913443830570903)
INFO:nas.trainer:eval | (sampled_gnn, metric_val) = (['gcn', 'gmm', 2, 200], 0.8876611418047882)
INFO:nas.trainer:eval | (sampled_gnn, metric_val) = (['gcn', 'gcn', 2, 200], 0.8876611418047882)
INFO:nas.trainer:eval | (sampled_gnn, metric_val) = (['gcn', 'gcn', 2, 180], 0.8876611418047882)
INFO:nas.trainer:eval | (sampled_gnn, metric_val) = (['gmm', 'sage', 2, 180], 0.8913443830570903)
INFO:nas.trainer:eval | (sampled_gnn, metric_val) = (['gat', 'ssg', 2, 180], 0.8729281767955801)
INFO:nas.trainer:eval | (sampled_gnn, metric_val) = (['sg', 'gin', 2, 200], 0.7311233885819521)
INFO:nas.trainer:eval | (sampled_gnn, metric_val) = (['gcn', 'gmm', 2, 180], 0.8710865561694291)
INFO:nas.trainer:eval | (sampled_gnn, metric_val) = (['gcn', 'gmm', 2, 140], 0.8858195211786372)
INFO:nas.trainer:eval | (sampled_gnn, metric_val) = (['gin', 'gmm', 2, 140], 0.8379373848987108)
INFO:nas.trainer:eval | (sampled_gnn, metric_val) = (['sage', 'gcn', 2, 180], 0.8692449355432781)
INFO:nas.trainer:eval | (sampled_gnn, metric_val) = (['gcn', 'gmm', 2, 200], 0.8784530386740331)
INFO:nas.trainer:eval | (sampled_gnn, metric_val) = (['gmm', 'gmm', 2, 140], 0.8710865561694291)
INFO:nas.trainer:eval | (sampled_gnn, metric_val) = (['gcn', 'sage', 2, 200], 0.8839779005524862)
INFO:nas.trainer:eval | (sampled_gnn, metric_val) = (['gmm', 'gcn', 2, 180], 0.8692449355432781)
INFO:nas.trainer:eval | (sampled_gnn, metric_val) = (['gmm', 'gmm', 2, 200], 0.8379373848987108)
INFO:nas.trainer:eval | (sampled_gnn, metric_val) = (['gmm', 'ssg', 2, 200], 0.8821362799263351)
INFO:nas.trainer:train | 15 era_time 81.78262400627136
INFO:nas.trainer:eval | (sampled_gnn, metric_val) = (['sg', 'gmm', 2, 180], 0.8858195211786372)
INFO:nas.trainer:eval | (sampled_gnn, metric_val) = (['sg', 'gmm', 2, 140], 0.8858195211786372)
INFO:nas.trainer:eval | (sampled_gnn, metric_val) = (['gmm', 'sage', 2, 180], 0.8858195211786372)
INFO:nas.trainer:eval | (sampled_gnn, metric_val) = (['sg', 'gmm', 2, 180], 0.8895027624309392)
INFO:nas.trainer:eval | (sampled_gnn, metric_val) = (['gat', 'gcn', 2, 200], 0.858195211786372)
INFO:nas.trainer:eval | (sampled_gnn, metric_val) = (['gcn', 'gmm', 2, 200], 0.8839779005524862)
INFO:nas.trainer:eval | (sampled_gnn, metric_val) = (['sg', 'sg', 2, 200], 0.8729281767955801)
INFO:nas.trainer:eval | (sampled_gnn, metric_val) = (['gmm', 'ssg', 2, 200], 0.8692449355432781)
INFO:nas.trainer:eval | (sampled_gnn, metric_val) = (['gcn', 'gcn', 2, 180], 0.8913443830570903)
INFO:nas.trainer:eval | (sampled_gnn, metric_val) = (['sage', 'gcn', 2, 180], 0.8766114180478821)
INFO:nas.trainer:eval | (sampled_gnn, metric_val) = (['gin', 'gmm', 2, 200], 0.8342541436464088)
INFO:nas.trainer:eval | (sampled_gnn, metric_val) = (['sage', 'gmm', 2, 180], 0.8747697974217311)
INFO:nas.trainer:eval | (sampled_gnn, metric_val) = (['gmm', 'gmm', 2, 180], 0.856353591160221)
INFO:nas.trainer:eval | (sampled_gnn, metric_val) = (['gcn', 'gcn', 2, 200], 0.8876611418047882)
INFO:nas.trainer:eval | (sampled_gnn, metric_val) = (['gmm', 'gat', 2, 140], 0.8637200736648251)
INFO:nas.trainer:eval | (sampled_gnn, metric_val) = (['sg', 'ssg', 2, 140], 0.8710865561694291)
INFO:nas.trainer:eval | (sampled_gnn, metric_val) = (['ssg', 'gcn', 2, 120], 0.8710865561694291)
INFO:nas.trainer:eval | (sampled_gnn, metric_val) = (['tag', 'gmm', 2, 200], 0.8250460405156538)
INFO:nas.trainer:eval | (sampled_gnn, metric_val) = (['gcn', 'gmm', 2, 180], 0.8839779005524862)
INFO:nas.trainer:eval | (sampled_gnn, metric_val) = (['gcn', 'gat', 2, 200], 0.8766114180478821)
INFO:nas.trainer:train | 16 era_time 124.63928055763245
INFO:nas.trainer:eval | (sampled_gnn, metric_val) = (['tag', 'gmm', 2, 140], 0.8029465930018416)
INFO:nas.trainer:eval | (sampled_gnn, metric_val) = (['gcn', 'gmm', 2, 180], 0.8802946593001841)
INFO:nas.trainer:eval | (sampled_gnn, metric_val) = (['gmm', 'gmm', 2, 140], 0.7476979742173112)
INFO:nas.trainer:eval | (sampled_gnn, metric_val) = (['gcn', 'gcn', 2, 200], 0.8821362799263351)
INFO:nas.trainer:eval | (sampled_gnn, metric_val) = (['ssg', 'ssg', 2, 140], 0.8084714548802947)
INFO:nas.trainer:eval | (sampled_gnn, metric_val) = (['gcn', 'tag', 2, 200], 0.8066298342541437)
INFO:nas.trainer:eval | (sampled_gnn, metric_val) = (['ssg', 'sage', 2, 140], 0.8858195211786372)
INFO:nas.trainer:eval | (sampled_gnn, metric_val) = (['tag', 'gcn', 2, 140], 0.8324125230202578)
INFO:nas.trainer:eval | (sampled_gnn, metric_val) = (['ssg', 'gcn', 2, 180], 0.8913443830570903)
INFO:nas.trainer:eval | (sampled_gnn, metric_val) = (['gmm', 'ssg', 2, 140], 0.8821362799263351)
INFO:nas.trainer:eval | (sampled_gnn, metric_val) = (['tag', 'gcn', 2, 140], 0.8379373848987108)
INFO:nas.trainer:eval | (sampled_gnn, metric_val) = (['gcn', 'gcn', 2, 180], 0.8858195211786372)
INFO:nas.trainer:eval | (sampled_gnn, metric_val) = (['gcn', 'sg', 2, 140], 0.8360957642725598)
INFO:nas.trainer:eval | (sampled_gnn, metric_val) = (['gin', 'gmm', 2, 200], 0.8084714548802947)
INFO:nas.trainer:eval | (sampled_gnn, metric_val) = (['gcn', 'gmm', 2, 180], 0.8710865561694291)
INFO:nas.trainer:eval | (sampled_gnn, metric_val) = (['gin', 'gmm', 2, 160], 0.8342541436464088)
INFO:nas.trainer:eval | (sampled_gnn, metric_val) = (['sg', 'sg', 2, 180], 0.8931860036832413)
INFO:nas.trainer:eval | (sampled_gnn, metric_val) = (['tag', 'gcn', 2, 140], 0.8453038674033149)
INFO:nas.trainer:eval | (sampled_gnn, metric_val) = (['gcn', 'sage', 2, 140], 0.8895027624309392)
INFO:nas.trainer:eval | (sampled_gnn, metric_val) = (['gcn', 'gat', 2, 180], 0.8747697974217311)
INFO:nas.trainer:train | 17 era_time 125.20523381233215
INFO:nas.trainer:eval | (sampled_gnn, metric_val) = (['gcn', 'gmm', 2, 200], 0.8821362799263351)
INFO:nas.trainer:eval | (sampled_gnn, metric_val) = (['gmm', 'sage', 2, 140], 0.8802946593001841)
INFO:nas.trainer:eval | (sampled_gnn, metric_val) = (['ssg', 'gcn', 2, 180], 0.8839779005524862)
INFO:nas.trainer:eval | (sampled_gnn, metric_val) = (['gin', 'gmm', 2, 200], 0.8158379373848987)
INFO:nas.trainer:eval | (sampled_gnn, metric_val) = (['gat', 'ssg', 2, 200], 0.861878453038674)
INFO:nas.trainer:eval | (sampled_gnn, metric_val) = (['gmm', 'ssg', 2, 180], 0.8766114180478821)
INFO:nas.trainer:eval | (sampled_gnn, metric_val) = (['gmm', 'ssg', 2, 200], 0.8784530386740331)
INFO:nas.trainer:eval | (sampled_gnn, metric_val) = (['sg', 'gmm', 2, 200], 0.8710865561694291)
INFO:nas.trainer:eval | (sampled_gnn, metric_val) = (['gmm', 'gmm', 2, 140], 0.8876611418047882)
INFO:nas.trainer:eval | (sampled_gnn, metric_val) = (['gcn', 'tag', 2, 140], 0.8103130755064457)
INFO:nas.trainer:eval | (sampled_gnn, metric_val) = (['sg', 'gcn', 2, 200], 0.8913443830570903)
INFO:nas.trainer:eval | (sampled_gnn, metric_val) = (['sage', 'sg', 2, 200], 0.8729281767955801)
INFO:nas.trainer:eval | (sampled_gnn, metric_val) = (['tag', 'gat', 2, 180], 0.8176795580110497)
INFO:nas.trainer:eval | (sampled_gnn, metric_val) = (['sage', 'gmm', 2, 140], 0.8637200736648251)
INFO:nas.trainer:eval | (sampled_gnn, metric_val) = (['tag', 'gcn', 2, 140], 0.8434622467771639)
INFO:nas.trainer:eval | (sampled_gnn, metric_val) = (['sg', 'gcn', 2, 200], 0.8802946593001841)
INFO:nas.trainer:eval | (sampled_gnn, metric_val) = (['tag', 'sg', 2, 180], 0.8232044198895028)
INFO:nas.trainer:eval | (sampled_gnn, metric_val) = (['gmm', 'sg', 2, 180], 0.8692449355432781)
INFO:nas.trainer:eval | (sampled_gnn, metric_val) = (['gmm', 'gmm', 2, 200], 0.8692449355432781)
INFO:nas.trainer:eval | (sampled_gnn, metric_val) = (['gmm', 'gcn', 2, 180], 0.8784530386740331)
INFO:nas.trainer:train | 18 era_time 134.65403938293457
INFO:nas.trainer:eval | (sampled_gnn, metric_val) = (['gmm', 'sg', 2, 200], 0.8674033149171271)
INFO:nas.trainer:eval | (sampled_gnn, metric_val) = (['gmm', 'gcn', 2, 200], 0.8766114180478821)
INFO:nas.trainer:eval | (sampled_gnn, metric_val) = (['sage', 'sage', 2, 140], 0.8858195211786372)
INFO:nas.trainer:eval | (sampled_gnn, metric_val) = (['gin', 'gcn', 2, 140], 0.8453038674033149)
INFO:nas.trainer:eval | (sampled_gnn, metric_val) = (['gat', 'gat', 2, 200], 0.8379373848987108)
INFO:nas.trainer:eval | (sampled_gnn, metric_val) = (['gat', 'gcn', 2, 200], 0.8710865561694291)
INFO:nas.trainer:eval | (sampled_gnn, metric_val) = (['gmm', 'gmm', 2, 180], 0.8766114180478821)
INFO:nas.trainer:eval | (sampled_gnn, metric_val) = (['ssg', 'sg', 2, 140], 0.861878453038674)
INFO:nas.trainer:eval | (sampled_gnn, metric_val) = (['gin', 'gin', 2, 200], 0.7237569060773481)
INFO:nas.trainer:eval | (sampled_gnn, metric_val) = (['gin', 'gmm', 2, 140], 0.8434622467771639)
INFO:nas.trainer:eval | (sampled_gnn, metric_val) = (['sg', 'gat', 2, 200], 0.8710865561694291)
INFO:nas.trainer:eval | (sampled_gnn, metric_val) = (['gin', 'gcn', 2, 200], 0.8471454880294659)
INFO:nas.trainer:eval | (sampled_gnn, metric_val) = (['tag', 'sg', 2, 200], 0.8324125230202578)
INFO:nas.trainer:eval | (sampled_gnn, metric_val) = (['gmm', 'gcn', 2, 140], 0.8710865561694291)
INFO:nas.trainer:eval | (sampled_gnn, metric_val) = (['gmm', 'gmm', 2, 200], 0.8747697974217311)
INFO:nas.trainer:eval | (sampled_gnn, metric_val) = (['sage', 'gmm', 2, 140], 0.8710865561694291)
INFO:nas.trainer:eval | (sampled_gnn, metric_val) = (['gmm', 'gin', 2, 200], 0.6961325966850829)
INFO:nas.trainer:eval | (sampled_gnn, metric_val) = (['gmm', 'gcn', 2, 140], 0.8710865561694291)
INFO:nas.trainer:eval | (sampled_gnn, metric_val) = (['gin', 'gmm', 2, 140], 0.8121546961325967)
INFO:nas.trainer:eval | (sampled_gnn, metric_val) = (['gat', 'gmm', 2, 180], 0.852670349907919)
INFO:nas.trainer:train | 19 era_time 115.80253076553345
INFO:nas.trainer:eval | (sampled_gnn, metric_val) = (['gat', 'gmm', 2, 200], 0.8821362799263351)
INFO:nas.trainer:eval | (sampled_gnn, metric_val) = (['gcn', 'gcn', 2, 140], 0.8858195211786372)
INFO:nas.trainer:eval | (sampled_gnn, metric_val) = (['sg', 'tag', 2, 200], 0.8139963167587477)
INFO:nas.trainer:eval | (sampled_gnn, metric_val) = (['gcn', 'tag', 2, 200], 0.7992633517495396)
INFO:nas.trainer:eval | (sampled_gnn, metric_val) = (['gin', 'ssg', 2, 180], 0.8342541436464088)
INFO:nas.trainer:eval | (sampled_gnn, metric_val) = (['gcn', 'sage', 2, 200], 0.8876611418047882)
INFO:nas.trainer:eval | (sampled_gnn, metric_val) = (['tag', 'gmm', 2, 140], 0.7476979742173112)
INFO:nas.trainer:eval | (sampled_gnn, metric_val) = (['gcn', 'sage', 2, 180], 0.8913443830570903)
INFO:nas.trainer:eval | (sampled_gnn, metric_val) = (['sage', 'gcn', 2, 180], 0.8747697974217311)
INFO:nas.trainer:eval | (sampled_gnn, metric_val) = (['ssg', 'gmm', 2, 180], 0.8913443830570903)
INFO:nas.trainer:eval | (sampled_gnn, metric_val) = (['gat', 'gcn', 2, 200], 0.8692449355432781)
INFO:nas.trainer:eval | (sampled_gnn, metric_val) = (['gcn', 'tag', 2, 200], 0.8121546961325967)
INFO:nas.trainer:eval | (sampled_gnn, metric_val) = (['sg', 'gcn', 2, 180], 0.8895027624309392)
INFO:nas.trainer:eval | (sampled_gnn, metric_val) = (['gcn', 'gmm', 2, 200], 0.8913443830570903)
INFO:nas.trainer:eval | (sampled_gnn, metric_val) = (['gmm', 'gmm', 2, 140], 0.8674033149171271)
INFO:nas.trainer:eval | (sampled_gnn, metric_val) = (['gmm', 'ssg', 2, 200], 0.8674033149171271)
INFO:nas.trainer:eval | (sampled_gnn, metric_val) = (['gin', 'sg', 2, 140], 0.848987108655617)
INFO:nas.trainer:eval | (sampled_gnn, metric_val) = (['sg', 'gin', 2, 180], 0.7237569060773481)
INFO:nas.trainer:eval | (sampled_gnn, metric_val) = (['tag', 'gcn', 2, 140], 0.8342541436464088)
INFO:nas.trainer:eval | (sampled_gnn, metric_val) = (['gcn', 'sg', 2, 180], 0.8913443830570903)
INFO:nas.trainer:train | 20 era_time 120.73667359352112
INFO:nas.trainer:eval | (sampled_gnn, metric_val) = (['sage', 'gmm', 2, 140], 0.8710865561694291)
INFO:nas.trainer:eval | (sampled_gnn, metric_val) = (['sg', 'gmm', 2, 140], 0.8710865561694291)
INFO:nas.trainer:eval | (sampled_gnn, metric_val) = (['gat', 'gmm', 2, 200], 0.856353591160221)
INFO:nas.trainer:eval | (sampled_gnn, metric_val) = (['ssg', 'gcn', 2, 140], 0.8913443830570903)
INFO:nas.trainer:eval | (sampled_gnn, metric_val) = (['gat', 'ssg', 2, 140], 0.856353591160221)
INFO:nas.trainer:eval | (sampled_gnn, metric_val) = (['gmm', 'ssg', 2, 140], 0.8784530386740331)
INFO:nas.trainer:eval | (sampled_gnn, metric_val) = (['gin', 'gmm', 2, 180], 0.8453038674033149)
INFO:nas.trainer:eval | (sampled_gnn, metric_val) = (['gcn', 'gcn', 2, 140], 0.8858195211786372)
INFO:nas.trainer:eval | (sampled_gnn, metric_val) = (['gmm', 'gcn', 2, 140], 0.8729281767955801)
INFO:nas.trainer:eval | (sampled_gnn, metric_val) = (['sg', 'gmm', 2, 140], 0.8821362799263351)
INFO:nas.trainer:eval | (sampled_gnn, metric_val) = (['gcn', 'gcn', 2, 140], 0.8802946593001841)
INFO:nas.trainer:eval | (sampled_gnn, metric_val) = (['gmm', 'gat', 2, 200], 0.8324125230202578)
INFO:nas.trainer:eval | (sampled_gnn, metric_val) = (['gmm', 'sage', 2, 200], 0.8729281767955801)
INFO:nas.trainer:eval | (sampled_gnn, metric_val) = (['gmm', 'gmm', 2, 140], 0.8747697974217311)
INFO:nas.trainer:eval | (sampled_gnn, metric_val) = (['gcn', 'gmm', 2, 200], 0.8692449355432781)
INFO:nas.trainer:eval | (sampled_gnn, metric_val) = (['gcn', 'gmm', 2, 140], 0.8839779005524862)
INFO:nas.trainer:eval | (sampled_gnn, metric_val) = (['gmm', 'gcn', 2, 200], 0.8729281767955801)
INFO:nas.trainer:eval | (sampled_gnn, metric_val) = (['sg', 'gmm', 2, 200], 0.8858195211786372)
INFO:nas.trainer:eval | (sampled_gnn, metric_val) = (['sage', 'gcn', 2, 140], 0.8802946593001841)
INFO:nas.trainer:eval | (sampled_gnn, metric_val) = (['gat', 'gmm', 2, 200], 0.8710865561694291)
INFO:nas.trainer:train | 21 era_time 95.7543249130249
INFO:nas.trainer:eval | (sampled_gnn, metric_val) = (['gin', 'gcn', 2, 200], 0.8397790055248618)
INFO:nas.trainer:eval | (sampled_gnn, metric_val) = (['ssg', 'gcn', 2, 180], 0.8895027624309392)
INFO:nas.trainer:eval | (sampled_gnn, metric_val) = (['gcn', 'gat', 2, 180], 0.8802946593001841)
INFO:nas.trainer:eval | (sampled_gnn, metric_val) = (['sg', 'ssg', 2, 140], 0.8821362799263351)
INFO:nas.trainer:eval | (sampled_gnn, metric_val) = (['gat', 'gmm', 2, 180], 0.858195211786372)
INFO:nas.trainer:eval | (sampled_gnn, metric_val) = (['ssg', 'ssg', 2, 140], 0.8821362799263351)
INFO:nas.trainer:eval | (sampled_gnn, metric_val) = (['gcn', 'sg', 2, 180], 0.8876611418047882)
INFO:nas.trainer:eval | (sampled_gnn, metric_val) = (['gmm', 'gmm', 2, 180], 0.8821362799263351)
INFO:nas.trainer:eval | (sampled_gnn, metric_val) = (['gcn', 'gmm', 2, 220], 0.8858195211786372)
INFO:nas.trainer:eval | (sampled_gnn, metric_val) = (['gmm', 'tag', 2, 200], 0.7679558011049724)
INFO:nas.trainer:eval | (sampled_gnn, metric_val) = (['gat', 'sg', 2, 140], 0.8471454880294659)
INFO:nas.trainer:eval | (sampled_gnn, metric_val) = (['gcn', 'gcn', 2, 180], 0.8876611418047882)
INFO:nas.trainer:eval | (sampled_gnn, metric_val) = (['gcn', 'sg', 2, 220], 0.8876611418047882)
INFO:nas.trainer:eval | (sampled_gnn, metric_val) = (['gmm', 'gin', 2, 220], 0.6537753222836096)
INFO:nas.trainer:eval | (sampled_gnn, metric_val) = (['gmm', 'gcn', 2, 180], 0.8729281767955801)
INFO:nas.trainer:eval | (sampled_gnn, metric_val) = (['gcn', 'gcn', 2, 180], 0.8895027624309392)
INFO:nas.trainer:eval | (sampled_gnn, metric_val) = (['ssg', 'gcn', 2, 200], 0.8913443830570903)
INFO:nas.trainer:eval | (sampled_gnn, metric_val) = (['gmm', 'sg', 2, 140], 0.8710865561694291)
INFO:nas.trainer:eval | (sampled_gnn, metric_val) = (['sage', 'gmm', 2, 200], 0.8784530386740331)
INFO:nas.trainer:eval | (sampled_gnn, metric_val) = (['gcn', 'gin', 2, 220], 0.7513812154696132)
INFO:nas.trainer:train | 22 era_time 106.55398750305176
INFO:nas.trainer:eval | (sampled_gnn, metric_val) = (['tag', 'gcn', 2, 200], 0.850828729281768)
INFO:nas.trainer:eval | (sampled_gnn, metric_val) = (['gin', 'gmm', 2, 140], 0.8471454880294659)
INFO:nas.trainer:eval | (sampled_gnn, metric_val) = (['sg', 'gmm', 2, 180], 0.8692449355432781)
INFO:nas.trainer:eval | (sampled_gnn, metric_val) = (['sg', 'tag', 2, 180], 0.8250460405156538)
INFO:nas.trainer:eval | (sampled_gnn, metric_val) = (['gcn', 'sg', 2, 140], 0.8692449355432781)
INFO:nas.trainer:eval | (sampled_gnn, metric_val) = (['tag', 'gmm', 2, 180], 0.8176795580110497)
INFO:nas.trainer:eval | (sampled_gnn, metric_val) = (['gmm', 'gmm', 2, 140], 0.8637200736648251)
INFO:nas.trainer:eval | (sampled_gnn, metric_val) = (['ssg', 'gcn', 2, 200], 0.8876611418047882)
INFO:nas.trainer:eval | (sampled_gnn, metric_val) = (['gcn', 'gat', 2, 180], 0.8729281767955801)
INFO:nas.trainer:eval | (sampled_gnn, metric_val) = (['gcn', 'gmm', 2, 180], 0.8802946593001841)
INFO:nas.trainer:eval | (sampled_gnn, metric_val) = (['gmm', 'gcn', 2, 200], 0.861878453038674)
INFO:nas.trainer:eval | (sampled_gnn, metric_val) = (['tag', 'tag', 2, 180], 0.4714548802946593)
INFO:nas.trainer:eval | (sampled_gnn, metric_val) = (['gin', 'gcn', 2, 220], 0.8453038674033149)
INFO:nas.trainer:eval | (sampled_gnn, metric_val) = (['ssg', 'sage', 2, 200], 0.8931860036832413)
INFO:nas.trainer:eval | (sampled_gnn, metric_val) = (['gin', 'gin', 2, 180], 0.7366482504604052)
INFO:nas.trainer:eval | (sampled_gnn, metric_val) = (['gmm', 'gat', 2, 180], 0.8416206261510129)
INFO:nas.trainer:eval | (sampled_gnn, metric_val) = (['gmm', 'gin', 2, 180], 0.7274401473296501)
INFO:nas.trainer:eval | (sampled_gnn, metric_val) = (['gmm', 'ssg', 2, 140], 0.8784530386740331)
INFO:nas.trainer:eval | (sampled_gnn, metric_val) = (['gcn', 'gmm', 2, 180], 0.8931860036832413)
INFO:nas.trainer:eval | (sampled_gnn, metric_val) = (['gcn', 'gin', 2, 180], 0.6924493554327809)
INFO:nas.trainer:train | 23 era_time 139.5342447757721
INFO:nas.trainer:eval | (sampled_gnn, metric_val) = (['sage', 'gcn', 2, 180], 0.8766114180478821)
INFO:nas.trainer:eval | (sampled_gnn, metric_val) = (['gcn', 'ssg', 2, 140], 0.8747697974217311)
INFO:nas.trainer:eval | (sampled_gnn, metric_val) = (['gmm', 'gcn', 2, 180], 0.8710865561694291)
INFO:nas.trainer:eval | (sampled_gnn, metric_val) = (['gmm', 'sage', 2, 200], 0.8895027624309392)
INFO:nas.trainer:eval | (sampled_gnn, metric_val) = (['gmm', 'gat', 2, 180], 0.856353591160221)
INFO:nas.trainer:eval | (sampled_gnn, metric_val) = (['sage', 'sage', 2, 180], 0.8839779005524862)
INFO:nas.trainer:eval | (sampled_gnn, metric_val) = (['gin', 'gmm', 2, 100], 0.7587476979742173)
INFO:nas.trainer:eval | (sampled_gnn, metric_val) = (['ssg', 'gmm', 2, 140], 0.858195211786372)
INFO:nas.trainer:eval | (sampled_gnn, metric_val) = (['ssg', 'tag', 2, 140], 0.8195211786372008)
INFO:nas.trainer:eval | (sampled_gnn, metric_val) = (['gat', 'gcn', 2, 180], 0.8766114180478821)
INFO:nas.trainer:eval | (sampled_gnn, metric_val) = (['gmm', 'gmm', 2, 140], 0.856353591160221)
INFO:nas.trainer:eval | (sampled_gnn, metric_val) = (['gmm', 'sage', 2, 200], 0.8802946593001841)
INFO:nas.trainer:eval | (sampled_gnn, metric_val) = (['gcn', 'gin', 2, 200], 0.6906077348066298)
INFO:nas.trainer:eval | (sampled_gnn, metric_val) = (['gcn', 'gcn', 2, 200], 0.8858195211786372)
INFO:nas.trainer:eval | (sampled_gnn, metric_val) = (['gmm', 'gcn', 2, 180], 0.8729281767955801)
INFO:nas.trainer:eval | (sampled_gnn, metric_val) = (['gcn', 'gcn', 2, 140], 0.8858195211786372)
INFO:nas.trainer:eval | (sampled_gnn, metric_val) = (['gcn', 'gmm', 2, 180], 0.8858195211786372)
INFO:nas.trainer:eval | (sampled_gnn, metric_val) = (['gin', 'sg', 2, 200], 0.8453038674033149)
INFO:nas.trainer:eval | (sampled_gnn, metric_val) = (['tag', 'gcn', 2, 180], 0.8416206261510129)
INFO:nas.trainer:eval | (sampled_gnn, metric_val) = (['gcn', 'gmm', 2, 140], 0.8839779005524862)
INFO:nas.trainer:train | 24 era_time 100.52659916877747
INFO:nas.trainer:eval | (sampled_gnn, metric_val) = (['gcn', 'gcn', 2, 140], 0.8710865561694291)
INFO:nas.trainer:eval | (sampled_gnn, metric_val) = (['gmm', 'gmm', 2, 140], 0.8692449355432781)
INFO:nas.trainer:eval | (sampled_gnn, metric_val) = (['gmm', 'gmm', 2, 140], 0.8766114180478821)
INFO:nas.trainer:eval | (sampled_gnn, metric_val) = (['gin', 'gcn', 2, 200], 0.8360957642725598)
INFO:nas.trainer:eval | (sampled_gnn, metric_val) = (['gcn', 'gcn', 2, 140], 0.8766114180478821)
INFO:nas.trainer:eval | (sampled_gnn, metric_val) = (['gcn', 'gcn', 2, 180], 0.8858195211786372)
INFO:nas.trainer:eval | (sampled_gnn, metric_val) = (['sg', 'gcn', 2, 180], 0.8876611418047882)
INFO:nas.trainer:eval | (sampled_gnn, metric_val) = (['gcn', 'gcn', 2, 180], 0.8913443830570903)
INFO:nas.trainer:eval | (sampled_gnn, metric_val) = (['gmm', 'gat', 2, 180], 0.8434622467771639)
INFO:nas.trainer:eval | (sampled_gnn, metric_val) = (['sage', 'sage', 2, 200], 0.8802946593001841)
INFO:nas.trainer:eval | (sampled_gnn, metric_val) = (['gcn', 'sg', 2, 200], 0.8876611418047882)
INFO:nas.trainer:eval | (sampled_gnn, metric_val) = (['gmm', 'gcn', 2, 180], 0.8747697974217311)
INFO:nas.trainer:eval | (sampled_gnn, metric_val) = (['tag', 'ssg', 2, 140], 0.8471454880294659)
INFO:nas.trainer:eval | (sampled_gnn, metric_val) = (['gcn', 'tag', 2, 140], 0.7955801104972375)
INFO:nas.trainer:eval | (sampled_gnn, metric_val) = (['gcn', 'ssg', 2, 200], 0.8839779005524862)
INFO:nas.trainer:eval | (sampled_gnn, metric_val) = (['gcn', 'gin', 2, 180], 0.7587476979742173)
INFO:nas.trainer:eval | (sampled_gnn, metric_val) = (['gin', 'gmm', 2, 180], 0.7624309392265194)
INFO:nas.trainer:eval | (sampled_gnn, metric_val) = (['ssg', 'gcn', 2, 220], 0.8913443830570903)
INFO:nas.trainer:eval | (sampled_gnn, metric_val) = (['gmm', 'gmm', 2, 180], 0.8637200736648251)
INFO:nas.trainer:eval | (sampled_gnn, metric_val) = (['gmm', 'gmm', 2, 180], 0.8655616942909761)
INFO:nas.trainer:train | 25 era_time 101.83241009712219
INFO:nas.trainer:eval | (sampled_gnn, metric_val) = (['gcn', 'tag', 2, 200], 0.8029465930018416)
INFO:nas.trainer:eval | (sampled_gnn, metric_val) = (['gcn', 'ssg', 2, 140], 0.8729281767955801)
INFO:nas.trainer:eval | (sampled_gnn, metric_val) = (['gmm', 'gat', 2, 180], 0.852670349907919)
INFO:nas.trainer:eval | (sampled_gnn, metric_val) = (['gmm', 'gmm', 2, 180], 0.861878453038674)
INFO:nas.trainer:eval | (sampled_gnn, metric_val) = (['gmm', 'gcn', 2, 140], 0.8692449355432781)
INFO:nas.trainer:eval | (sampled_gnn, metric_val) = (['gcn', 'gcn', 2, 140], 0.8895027624309392)
INFO:nas.trainer:eval | (sampled_gnn, metric_val) = (['gmm', 'gmm', 2, 180], 0.8747697974217311)
INFO:nas.trainer:eval | (sampled_gnn, metric_val) = (['gmm', 'ssg', 2, 180], 0.8821362799263351)
INFO:nas.trainer:eval | (sampled_gnn, metric_val) = (['gcn', 'gcn', 2, 140], 0.8802946593001841)
INFO:nas.trainer:eval | (sampled_gnn, metric_val) = (['ssg', 'tag', 2, 180], 0.8047882136279927)
INFO:nas.trainer:eval | (sampled_gnn, metric_val) = (['sg', 'gmm', 2, 200], 0.8784530386740331)
INFO:nas.trainer:eval | (sampled_gnn, metric_val) = (['gat', 'gcn', 2, 180], 0.860036832412523)
INFO:nas.trainer:eval | (sampled_gnn, metric_val) = (['ssg', 'gmm', 2, 140], 0.8710865561694291)
INFO:nas.trainer:eval | (sampled_gnn, metric_val) = (['ssg', 'gcn', 2, 140], 0.8895027624309392)
INFO:nas.trainer:eval | (sampled_gnn, metric_val) = (['gcn', 'ssg', 2, 200], 0.8802946593001841)
INFO:nas.trainer:eval | (sampled_gnn, metric_val) = (['gmm', 'gcn', 2, 200], 0.8655616942909761)
INFO:nas.trainer:eval | (sampled_gnn, metric_val) = (['tag', 'gcn', 2, 180], 0.8305709023941068)
INFO:nas.trainer:eval | (sampled_gnn, metric_val) = (['gcn', 'gmm', 2, 200], 0.8802946593001841)
INFO:nas.trainer:eval | (sampled_gnn, metric_val) = (['gmm', 'gcn', 2, 140], 0.8766114180478821)
INFO:nas.trainer:eval | (sampled_gnn, metric_val) = (['gmm', 'gat', 2, 180], 0.8471454880294659)
INFO:nas.trainer:train | 26 era_time 104.58899140357971
INFO:nas.trainer:eval | (sampled_gnn, metric_val) = (['gcn', 'gat', 2, 180], 0.8747697974217311)
INFO:nas.trainer:eval | (sampled_gnn, metric_val) = (['gin', 'gcn', 2, 140], 0.85451197053407)
INFO:nas.trainer:eval | (sampled_gnn, metric_val) = (['gmm', 'gcn', 2, 140], 0.8784530386740331)
INFO:nas.trainer:eval | (sampled_gnn, metric_val) = (['tag', 'gcn', 2, 180], 0.8416206261510129)
INFO:nas.trainer:eval | (sampled_gnn, metric_val) = (['gcn', 'gmm', 2, 180], 0.8839779005524862)
INFO:nas.trainer:eval | (sampled_gnn, metric_val) = (['gcn', 'gmm', 2, 180], 0.8858195211786372)
INFO:nas.trainer:eval | (sampled_gnn, metric_val) = (['gcn', 'gcn', 2, 140], 0.8858195211786372)
INFO:nas.trainer:eval | (sampled_gnn, metric_val) = (['ssg', 'tag', 2, 200], 0.8029465930018416)
INFO:nas.trainer:eval | (sampled_gnn, metric_val) = (['gmm', 'gcn', 2, 180], 0.8802946593001841)
INFO:nas.trainer:eval | (sampled_gnn, metric_val) = (['gmm', 'gmm', 2, 140], 0.8674033149171271)
INFO:nas.trainer:eval | (sampled_gnn, metric_val) = (['gmm', 'sage', 2, 200], 0.8858195211786372)
INFO:nas.trainer:eval | (sampled_gnn, metric_val) = (['gcn', 'gcn', 2, 200], 0.8895027624309392)
INFO:nas.trainer:eval | (sampled_gnn, metric_val) = (['tag', 'gmm', 2, 200], 0.8139963167587477)
INFO:nas.trainer:eval | (sampled_gnn, metric_val) = (['gin', 'gcn', 2, 140], 0.850828729281768)
INFO:nas.trainer:eval | (sampled_gnn, metric_val) = (['tag', 'sage', 2, 180], 0.8103130755064457)
INFO:nas.trainer:eval | (sampled_gnn, metric_val) = (['gmm', 'gmm', 2, 200], 0.8821362799263351)
INFO:nas.trainer:eval | (sampled_gnn, metric_val) = (['tag', 'gcn', 2, 140], 0.8195211786372008)
INFO:nas.trainer:eval | (sampled_gnn, metric_val) = (['tag', 'gcn', 2, 140], 0.8287292817679558)
INFO:nas.trainer:eval | (sampled_gnn, metric_val) = (['tag', 'gmm', 2, 180], 0.8287292817679558)
INFO:nas.trainer:eval | (sampled_gnn, metric_val) = (['gat', 'gcn', 2, 200], 0.860036832412523)
INFO:nas.trainer:train | 27 era_time 134.00393533706665
INFO:nas.trainer:eval | (sampled_gnn, metric_val) = (['gat', 'gmm', 2, 140], 0.8655616942909761)
INFO:nas.trainer:eval | (sampled_gnn, metric_val) = (['tag', 'gcn', 2, 180], 0.8434622467771639)
INFO:nas.trainer:eval | (sampled_gnn, metric_val) = (['gin', 'sage', 2, 140], 0.8121546961325967)
INFO:nas.trainer:eval | (sampled_gnn, metric_val) = (['gcn', 'gin', 2, 180], 0.7458563535911602)
INFO:nas.trainer:eval | (sampled_gnn, metric_val) = (['sage', 'sg', 2, 200], 0.8747697974217311)
INFO:nas.trainer:eval | (sampled_gnn, metric_val) = (['sg', 'ssg', 2, 200], 0.8931860036832413)
INFO:nas.trainer:eval | (sampled_gnn, metric_val) = (['gcn', 'sage', 2, 140], 0.8876611418047882)
INFO:nas.trainer:eval | (sampled_gnn, metric_val) = (['gcn', 'gcn', 2, 140], 0.8968692449355433)
INFO:nas.trainer:eval | (sampled_gnn, metric_val) = (['gcn', 'gcn', 2, 140], 0.8692449355432781)
INFO:nas.trainer:eval | (sampled_gnn, metric_val) = (['gcn', 'gmm', 2, 200], 0.8784530386740331)
INFO:nas.trainer:eval | (sampled_gnn, metric_val) = (['gat', 'sg', 2, 180], 0.8655616942909761)
INFO:nas.trainer:eval | (sampled_gnn, metric_val) = (['gmm', 'sg', 2, 200], 0.8655616942909761)
INFO:nas.trainer:eval | (sampled_gnn, metric_val) = (['gmm', 'ssg', 2, 140], 0.8342541436464088)
INFO:nas.trainer:eval | (sampled_gnn, metric_val) = (['tag', 'gcn', 2, 180], 0.858195211786372)
INFO:nas.trainer:eval | (sampled_gnn, metric_val) = (['gmm', 'gmm', 2, 180], 0.8784530386740331)
INFO:nas.trainer:eval | (sampled_gnn, metric_val) = (['gcn', 'sage', 2, 180], 0.8895027624309392)
INFO:nas.trainer:eval | (sampled_gnn, metric_val) = (['gcn', 'gmm', 2, 180], 0.8766114180478821)
INFO:nas.trainer:eval | (sampled_gnn, metric_val) = (['gcn', 'sage', 2, 200], 0.8858195211786372)
INFO:nas.trainer:eval | (sampled_gnn, metric_val) = (['gin', 'tag', 2, 180], 0.7421731123388582)
INFO:nas.trainer:eval | (sampled_gnn, metric_val) = (['gcn', 'gcn', 2, 140], 0.8729281767955801)
INFO:nas.trainer:train | 28 era_time 101.69458055496216
INFO:nas.trainer:eval | (sampled_gnn, metric_val) = (['ssg', 'gcn', 2, 200], 0.8858195211786372)
INFO:nas.trainer:eval | (sampled_gnn, metric_val) = (['gmm', 'gat', 2, 140], 0.860036832412523)
INFO:nas.trainer:eval | (sampled_gnn, metric_val) = (['sg', 'gcn', 2, 140], 0.8784530386740331)
INFO:nas.trainer:eval | (sampled_gnn, metric_val) = (['gat', 'gmm', 2, 140], 0.8821362799263351)
INFO:nas.trainer:eval | (sampled_gnn, metric_val) = (['gcn', 'tag', 2, 140], 0.8084714548802947)
INFO:nas.trainer:eval | (sampled_gnn, metric_val) = (['sg', 'gcn', 2, 140], 0.8839779005524862)
INFO:nas.trainer:eval | (sampled_gnn, metric_val) = (['gcn', 'gcn', 2, 180], 0.8821362799263351)
INFO:nas.trainer:eval | (sampled_gnn, metric_val) = (['sg', 'tag', 2, 200], 0.8139963167587477)
INFO:nas.trainer:eval | (sampled_gnn, metric_val) = (['gcn', 'gcn', 2, 140], 0.8858195211786372)
INFO:nas.trainer:eval | (sampled_gnn, metric_val) = (['gat', 'gcn', 2, 140], 0.8821362799263351)
INFO:nas.trainer:eval | (sampled_gnn, metric_val) = (['gin', 'sage', 2, 180], 0.8360957642725598)
INFO:nas.trainer:eval | (sampled_gnn, metric_val) = (['gmm', 'gcn', 2, 200], 0.8729281767955801)
INFO:nas.trainer:eval | (sampled_gnn, metric_val) = (['gat', 'gmm', 2, 140], 0.8453038674033149)
INFO:nas.trainer:eval | (sampled_gnn, metric_val) = (['sg', 'sg', 2, 180], 0.8839779005524862)
INFO:nas.trainer:eval | (sampled_gnn, metric_val) = (['gmm', 'gmm', 2, 180], 0.8637200736648251)
INFO:nas.trainer:eval | (sampled_gnn, metric_val) = (['gin', 'gmm', 2, 200], 0.8360957642725598)
INFO:nas.trainer:eval | (sampled_gnn, metric_val) = (['gcn', 'gcn', 2, 200], 0.8895027624309392)
INFO:nas.trainer:eval | (sampled_gnn, metric_val) = (['gmm', 'gmm', 2, 200], 0.8416206261510129)
INFO:nas.trainer:eval | (sampled_gnn, metric_val) = (['gcn', 'gmm', 2, 140], 0.8895027624309392)
INFO:nas.trainer:eval | (sampled_gnn, metric_val) = (['gcn', 'ssg', 2, 200], 0.8895027624309392)
INFO:nas.trainer:train | 29 era_time 105.80756163597107
INFO:nas.trainer:train | train_time 3243.887980699539
INFO:nas.trainer:eval | (sampled_gnn, metric_val) = (['gcn', 'sg', 2, 200], 0.8931860036832413)
INFO:nas.trainer:eval | (sampled_gnn, metric_val) = (['gmm', 'gcn', 2, 200], 0.8766114180478821)
INFO:nas.trainer:eval | (sampled_gnn, metric_val) = (['gmm', 'gcn', 2, 180], 0.8674033149171271)
INFO:nas.trainer:eval | (sampled_gnn, metric_val) = (['sage', 'gcn', 2, 180], 0.8729281767955801)
INFO:nas.trainer:eval | (sampled_gnn, metric_val) = (['ssg', 'sage', 2, 180], 0.8895027624309392)
INFO:nas.trainer:eval | (sampled_gnn, metric_val) = (['gin', 'gmm', 2, 200], 0.8397790055248618)
INFO:nas.trainer:eval | (sampled_gnn, metric_val) = (['gcn', 'gin', 2, 200], 0.7661141804788214)
INFO:nas.trainer:eval | (sampled_gnn, metric_val) = (['gin', 'sage', 2, 180], 0.8268876611418048)
INFO:nas.trainer:eval | (sampled_gnn, metric_val) = (['gmm', 'ssg', 2, 140], 0.856353591160221)
INFO:nas.trainer:eval | (sampled_gnn, metric_val) = (['gin', 'gat', 2, 140], 0.8158379373848987)
INFO:nas.trainer:eval | (sampled_gnn, metric_val) = (['sage', 'gcn', 2, 180], 0.8729281767955801)
INFO:nas.trainer:eval | (sampled_gnn, metric_val) = (['gcn', 'gcn', 2, 200], 0.8895027624309392)
INFO:nas.trainer:eval | (sampled_gnn, metric_val) = (['tag', 'tag', 2, 180], 0.3020257826887661)
INFO:nas.trainer:eval | (sampled_gnn, metric_val) = (['gmm', 'gcn', 2, 180], 0.8710865561694291)
INFO:nas.trainer:eval | (sampled_gnn, metric_val) = (['gmm', 'gmm', 2, 180], 0.8434622467771639)
INFO:nas.trainer:eval | (sampled_gnn, metric_val) = (['gmm', 'gmm', 2, 180], 0.8710865561694291)
INFO:nas.trainer:eval | (sampled_gnn, metric_val) = (['gat', 'ssg', 2, 180], 0.85451197053407)
INFO:nas.trainer:eval | (sampled_gnn, metric_val) = (['gmm', 'gcn', 2, 140], 0.8710865561694291)
INFO:nas.trainer:eval | (sampled_gnn, metric_val) = (['sage', 'gmm', 2, 140], 0.848987108655617)
INFO:nas.trainer:eval | (sampled_gnn, metric_val) = (['gcn', 'sage', 2, 140], 0.8802946593001841)
INFO:nas.trainer:eval | (sampled_gnn, metric_val) = (['gmm', 'gmm', 2, 180], 0.8784530386740331)
INFO:nas.trainer:eval | (sampled_gnn, metric_val) = (['gcn', 'gmm', 2, 140], 0.8821362799263351)
INFO:nas.trainer:eval | (sampled_gnn, metric_val) = (['gmm', 'gmm', 2, 180], 0.8766114180478821)
INFO:nas.trainer:eval | (sampled_gnn, metric_val) = (['gmm', 'gmm', 2, 140], 0.8637200736648251)
INFO:nas.trainer:eval | (sampled_gnn, metric_val) = (['gcn', 'ssg', 2, 180], 0.8858195211786372)
INFO:nas.trainer:eval | (sampled_gnn, metric_val) = (['gin', 'gmm', 2, 200], 0.8121546961325967)
INFO:nas.trainer:eval | (sampled_gnn, metric_val) = (['gmm', 'tag', 2, 180], 0.7808471454880295)
INFO:nas.trainer:eval | (sampled_gnn, metric_val) = (['gat', 'ssg', 2, 200], 0.856353591160221)
INFO:nas.trainer:eval | (sampled_gnn, metric_val) = (['gin', 'gcn', 2, 200], 0.8471454880294659)
INFO:nas.trainer:eval | (sampled_gnn, metric_val) = (['gcn', 'gcn', 2, 200], 0.8876611418047882)
INFO:root:'/home/ubuntu/GNN-AID/src/nas/cfg/7.yml' cfg_file best structure: ['gcn', 'sg', 2, 200]
