INFO:__main__:dataset:
- multiple-graphs
- TUDataset
- COX2
derive_num: 10
is_random: false
logfname: cox2_basic_combinations.log
nas_args:
  dynamic_behaviour: undefined
  dynamic_nas_steps: 150
  forward:
    mode: train
    softmax_temp: 5.0
    tanh_c: 2.5
  hidden_size: 100
  reset:
    init_range: 0.1
ss_args:
  debug: false
  prob_scale: 4
  type: basic
  with_combinations: true
trainer_args:
  derive:
    derive_from_history: false
  eval:
    save_model_flag: false
  train:
    derive_finaly: false
    num_eras: 30
    save_eras: 50
  train_controller:
    epochs: 20

INFO:nas.trainer:eval | (sampled_gnn, metric_val) = (['tag', 'gat', 2, 'global_add_pool', 6000], 0.8085106382978723)
INFO:nas.trainer:eval | (sampled_gnn, metric_val) = (['gin', 'sg', 2, 'global_add_pool', 5500], 0.776595744680851)
INFO:nas.trainer:eval | (sampled_gnn, metric_val) = (['tag', 'ssg', 2, 'global_mean_pool', 8000], 0.7659574468085106)
INFO:nas.trainer:eval | (sampled_gnn, metric_val) = (['sg', 'sg', 2, 'global_mean_pool', 3500], 0.7659574468085106)
INFO:nas.trainer:eval | (sampled_gnn, metric_val) = (['sg', 'tag', 2, 'global_mean_pool', 3500], 0.776595744680851)
INFO:nas.trainer:eval | (sampled_gnn, metric_val) = (['gcn', 'tag', 2, 'global_max_pool', 7000], 0.7659574468085106)
INFO:nas.trainer:eval | (sampled_gnn, metric_val) = (['ssg', 'gat', 2, 'global_mean_pool', 5000], 0.776595744680851)
INFO:nas.trainer:eval | (sampled_gnn, metric_val) = (['sg', 'gat', 2, 'global_max_pool', 5000], 0.723404255319149)
INFO:nas.trainer:eval | (sampled_gnn, metric_val) = (['gcn', 'sg', 2, 'global_add_pool', 5000], 0.7872340425531915)
INFO:nas.trainer:eval | (sampled_gnn, metric_val) = (['gin', 'tag', 2, 'global_add_pool', 3000], 0.6914893617021277)
INFO:nas.trainer:eval | (sampled_gnn, metric_val) = (['gcn', 'gmm', 2, 'global_max_pool', 4500], 0.7872340425531915)
INFO:nas.trainer:eval | (sampled_gnn, metric_val) = (['gat', 'gcn', 2, 'global_add_pool', 5000], 0.7978723404255319)
INFO:nas.trainer:eval | (sampled_gnn, metric_val) = (['gmm', 'sg', 2, 'global_add_pool', 7500], 0.776595744680851)
INFO:nas.trainer:eval | (sampled_gnn, metric_val) = (['sg', 'gat', 2, 'global_add_pool', 6500], 0.7978723404255319)
INFO:nas.trainer:eval | (sampled_gnn, metric_val) = (['ssg', 'tag', 2, 'global_add_pool', 3500], 0.776595744680851)
INFO:nas.trainer:eval | (sampled_gnn, metric_val) = (['ssg', 'gmm', 2, 'global_add_pool', 6500], 0.776595744680851)
INFO:nas.trainer:eval | (sampled_gnn, metric_val) = (['tag', 'sage', 2, 'global_add_pool', 7500], 0.7553191489361702)
INFO:nas.trainer:eval | (sampled_gnn, metric_val) = (['sg', 'sg', 2, 'global_mean_pool', 8000], 0.776595744680851)
INFO:nas.trainer:eval | (sampled_gnn, metric_val) = (['gat', 'gat', 2, 'global_mean_pool', 7000], 0.7446808510638298)
INFO:nas.trainer:eval | (sampled_gnn, metric_val) = (['gin', 'gin', 2, 'global_max_pool', 8000], 0.7872340425531915)
INFO:nas.trainer:train | 1 era_time 11517.364033222198
INFO:nas.trainer:eval | (sampled_gnn, metric_val) = (['tag', 'sg', 2, 'global_mean_pool', 8000], 0.776595744680851)
INFO:nas.trainer:eval | (sampled_gnn, metric_val) = (['gin', 'gmm', 2, 'global_mean_pool', 6000], 0.8085106382978723)
INFO:nas.trainer:eval | (sampled_gnn, metric_val) = (['gcn', 'gcn', 2, 'global_add_pool', 3000], 0.7978723404255319)
INFO:nas.trainer:eval | (sampled_gnn, metric_val) = (['ssg', 'gmm', 2, 'global_max_pool', 6000], 0.7978723404255319)
INFO:nas.trainer:eval | (sampled_gnn, metric_val) = (['gmm', 'sage', 2, 'global_add_pool', 7500], 0.7553191489361702)
INFO:nas.trainer:eval | (sampled_gnn, metric_val) = (['ssg', 'ssg', 2, 'global_mean_pool', 7000], 0.8297872340425532)
INFO:nas.trainer:eval | (sampled_gnn, metric_val) = (['ssg', 'gmm', 2, 'global_mean_pool', 3500], 0.776595744680851)
INFO:nas.trainer:eval | (sampled_gnn, metric_val) = (['sage', 'tag', 2, 'global_max_pool', 4500], 0.7872340425531915)
INFO:nas.trainer:eval | (sampled_gnn, metric_val) = (['gat', 'gat', 2, 'global_mean_pool', 5500], 0.7872340425531915)
INFO:nas.trainer:eval | (sampled_gnn, metric_val) = (['gcn', 'gin', 2, 'global_mean_pool', 3500], 0.8297872340425532)
INFO:nas.trainer:eval | (sampled_gnn, metric_val) = (['sage', 'gin', 2, 'global_max_pool', 5500], 0.8191489361702128)
INFO:nas.trainer:eval | (sampled_gnn, metric_val) = (['sg', 'ssg', 2, 'global_max_pool', 8000], 0.7340425531914894)
INFO:nas.trainer:eval | (sampled_gnn, metric_val) = (['gin', 'gat', 2, 'global_mean_pool', 8000], 0.7446808510638298)
INFO:nas.trainer:eval | (sampled_gnn, metric_val) = (['tag', 'gcn', 2, 'global_max_pool', 6500], 0.8191489361702128)
INFO:nas.trainer:eval | (sampled_gnn, metric_val) = (['gat', 'ssg', 2, 'global_max_pool', 4500], 0.8085106382978723)
INFO:nas.trainer:eval | (sampled_gnn, metric_val) = (['gin', 'tag', 2, 'global_add_pool', 4500], 0.7872340425531915)
INFO:nas.trainer:eval | (sampled_gnn, metric_val) = (['ssg', 'gmm', 2, 'global_add_pool', 6000], 0.7872340425531915)
INFO:nas.trainer:eval | (sampled_gnn, metric_val) = (['tag', 'gat', 2, 'global_add_pool', 3500], 0.7446808510638298)
INFO:nas.trainer:eval | (sampled_gnn, metric_val) = (['gcn', 'ssg', 2, 'global_add_pool', 7500], 0.7553191489361702)
INFO:nas.trainer:eval | (sampled_gnn, metric_val) = (['tag', 'gmm', 2, 'global_add_pool', 4500], 0.7978723404255319)
INFO:nas.trainer:train | 2 era_time 10970.355596780777
INFO:nas.trainer:eval | (sampled_gnn, metric_val) = (['sage', 'gmm', 2, 'global_max_pool', 4500], 0.7659574468085106)
INFO:nas.trainer:eval | (sampled_gnn, metric_val) = (['gcn', 'gcn', 2, 'global_mean_pool', 4000], 0.7659574468085106)
INFO:nas.trainer:eval | (sampled_gnn, metric_val) = (['ssg', 'gat', 2, 'global_add_pool', 5500], 0.7659574468085106)
INFO:nas.trainer:eval | (sampled_gnn, metric_val) = (['gmm', 'gmm', 2, 'global_max_pool', 6000], 0.8191489361702128)
INFO:nas.trainer:eval | (sampled_gnn, metric_val) = (['tag', 'gmm', 2, 'global_mean_pool', 6000], 0.7446808510638298)
INFO:nas.trainer:eval | (sampled_gnn, metric_val) = (['gin', 'gat', 2, 'global_max_pool', 3000], 0.7553191489361702)
INFO:nas.trainer:eval | (sampled_gnn, metric_val) = (['sage', 'gin', 2, 'global_max_pool', 6000], 0.8085106382978723)
INFO:nas.trainer:eval | (sampled_gnn, metric_val) = (['gmm', 'tag', 2, 'global_mean_pool', 4500], 0.7553191489361702)
INFO:nas.trainer:eval | (sampled_gnn, metric_val) = (['sg', 'gin', 2, 'global_max_pool', 4500], 0.7659574468085106)
INFO:nas.trainer:eval | (sampled_gnn, metric_val) = (['gcn', 'gin', 2, 'global_max_pool', 5000], 0.7659574468085106)
INFO:nas.trainer:eval | (sampled_gnn, metric_val) = (['gat', 'gcn', 2, 'global_max_pool', 5500], 0.7872340425531915)
INFO:nas.trainer:eval | (sampled_gnn, metric_val) = (['gin', 'gmm', 2, 'global_max_pool', 6000], 0.7446808510638298)
INFO:nas.trainer:eval | (sampled_gnn, metric_val) = (['ssg', 'sage', 2, 'global_max_pool', 6000], 0.723404255319149)
INFO:nas.trainer:eval | (sampled_gnn, metric_val) = (['gcn', 'tag', 2, 'global_max_pool', 3000], 0.8085106382978723)
INFO:nas.trainer:eval | (sampled_gnn, metric_val) = (['gat', 'gat', 2, 'global_max_pool', 6000], 0.7553191489361702)
INFO:nas.trainer:eval | (sampled_gnn, metric_val) = (['gin', 'gat', 2, 'global_max_pool', 4000], 0.776595744680851)
INFO:nas.trainer:eval | (sampled_gnn, metric_val) = (['gmm', 'gcn', 2, 'global_max_pool', 6000], 0.7978723404255319)
INFO:nas.trainer:eval | (sampled_gnn, metric_val) = (['gat', 'gcn', 2, 'global_max_pool', 6000], 0.776595744680851)
INFO:nas.trainer:eval | (sampled_gnn, metric_val) = (['gcn', 'sage', 2, 'global_max_pool', 6000], 0.7553191489361702)
INFO:nas.trainer:eval | (sampled_gnn, metric_val) = (['gmm', 'gcn', 2, 'global_max_pool', 3000], 0.776595744680851)
INFO:nas.trainer:train | 3 era_time 9916.80962228775
INFO:nas.trainer:eval | (sampled_gnn, metric_val) = (['gin', 'sage', 2, 'global_max_pool', 6000], 0.776595744680851)
INFO:nas.trainer:eval | (sampled_gnn, metric_val) = (['sg', 'gin', 2, 'global_max_pool', 6500], 0.7553191489361702)
INFO:nas.trainer:eval | (sampled_gnn, metric_val) = (['sage', 'sage', 2, 'global_max_pool', 3000], 0.7446808510638298)
INFO:nas.trainer:eval | (sampled_gnn, metric_val) = (['gat', 'gcn', 2, 'global_max_pool', 6500], 0.7872340425531915)
INFO:nas.trainer:eval | (sampled_gnn, metric_val) = (['gmm', 'gmm', 2, 'global_max_pool', 8000], 0.7659574468085106)
INFO:nas.trainer:eval | (sampled_gnn, metric_val) = (['tag', 'gcn', 2, 'global_max_pool', 4500], 0.776595744680851)
INFO:nas.trainer:eval | (sampled_gnn, metric_val) = (['ssg', 'gmm', 2, 'global_max_pool', 4000], 0.7446808510638298)
INFO:nas.trainer:eval | (sampled_gnn, metric_val) = (['gcn', 'tag', 2, 'global_max_pool', 6000], 0.8085106382978723)
INFO:nas.trainer:eval | (sampled_gnn, metric_val) = (['ssg', 'gmm', 2, 'global_max_pool', 4000], 0.8085106382978723)
INFO:nas.trainer:eval | (sampled_gnn, metric_val) = (['gcn', 'gcn', 2, 'global_max_pool', 3000], 0.7872340425531915)
INFO:nas.trainer:eval | (sampled_gnn, metric_val) = (['sg', 'gcn', 2, 'global_max_pool', 3000], 0.8085106382978723)
INFO:nas.trainer:eval | (sampled_gnn, metric_val) = (['gin', 'tag', 2, 'global_max_pool', 3000], 0.7446808510638298)
INFO:nas.trainer:eval | (sampled_gnn, metric_val) = (['gmm', 'gin', 2, 'global_max_pool', 6000], 0.7659574468085106)
INFO:nas.trainer:eval | (sampled_gnn, metric_val) = (['gcn', 'gcn', 2, 'global_max_pool', 7500], 0.776595744680851)
INFO:nas.trainer:eval | (sampled_gnn, metric_val) = (['sage', 'gcn', 2, 'global_max_pool', 6500], 0.7659574468085106)
INFO:nas.trainer:eval | (sampled_gnn, metric_val) = (['gat', 'gcn', 2, 'global_max_pool', 6000], 0.776595744680851)
INFO:nas.trainer:eval | (sampled_gnn, metric_val) = (['gin', 'tag', 2, 'global_max_pool', 3000], 0.7978723404255319)
INFO:nas.trainer:eval | (sampled_gnn, metric_val) = (['tag', 'tag', 2, 'global_max_pool', 5500], 0.7553191489361702)
INFO:nas.trainer:eval | (sampled_gnn, metric_val) = (['gmm', 'gmm', 2, 'global_max_pool', 3000], 0.7446808510638298)
INFO:nas.trainer:eval | (sampled_gnn, metric_val) = (['tag', 'gcn', 2, 'global_max_pool', 3000], 0.8191489361702128)
INFO:nas.trainer:train | 4 era_time 9552.30680680275
INFO:nas.trainer:eval | (sampled_gnn, metric_val) = (['gcn', 'gcn', 2, 'global_max_pool', 6000], 0.8191489361702128)
INFO:nas.trainer:eval | (sampled_gnn, metric_val) = (['gmm', 'gcn', 2, 'global_max_pool', 6500], 0.7021276595744681)
INFO:nas.trainer:eval | (sampled_gnn, metric_val) = (['sage', 'gcn', 2, 'global_max_pool', 4000], 0.7659574468085106)
INFO:nas.trainer:eval | (sampled_gnn, metric_val) = (['sg', 'gcn', 2, 'global_max_pool', 3000], 0.7659574468085106)
INFO:nas.trainer:eval | (sampled_gnn, metric_val) = (['gin', 'gat', 2, 'global_max_pool', 4500], 0.7659574468085106)
INFO:nas.trainer:eval | (sampled_gnn, metric_val) = (['sage', 'gcn', 2, 'global_max_pool', 3000], 0.8085106382978723)
INFO:nas.trainer:eval | (sampled_gnn, metric_val) = (['ssg', 'sg', 2, 'global_max_pool', 3000], 0.776595744680851)
INFO:nas.trainer:eval | (sampled_gnn, metric_val) = (['gat', 'gcn', 2, 'global_max_pool', 7000], 0.851063829787234)
INFO:nas.trainer:eval | (sampled_gnn, metric_val) = (['gat', 'gcn', 2, 'global_add_pool', 6000], 0.7872340425531915)
INFO:nas.trainer:eval | (sampled_gnn, metric_val) = (['gmm', 'gcn', 2, 'global_max_pool', 5000], 0.7659574468085106)
INFO:nas.trainer:eval | (sampled_gnn, metric_val) = (['gat', 'gcn', 2, 'global_max_pool', 4500], 0.7872340425531915)
INFO:nas.trainer:eval | (sampled_gnn, metric_val) = (['gat', 'gcn', 2, 'global_max_pool', 6000], 0.7659574468085106)
INFO:nas.trainer:eval | (sampled_gnn, metric_val) = (['gcn', 'gat', 2, 'global_max_pool', 4500], 0.8191489361702128)
INFO:nas.trainer:eval | (sampled_gnn, metric_val) = (['gin', 'tag', 2, 'global_max_pool', 6000], 0.7340425531914894)
INFO:nas.trainer:eval | (sampled_gnn, metric_val) = (['ssg', 'tag', 2, 'global_mean_pool', 4500], 0.7553191489361702)
INFO:nas.trainer:eval | (sampled_gnn, metric_val) = (['gcn', 'tag', 2, 'global_max_pool', 6000], 0.7978723404255319)
INFO:nas.trainer:eval | (sampled_gnn, metric_val) = (['gcn', 'gcn', 2, 'global_max_pool', 6000], 0.7659574468085106)
INFO:nas.trainer:eval | (sampled_gnn, metric_val) = (['gcn', 'gin', 2, 'global_max_pool', 4500], 0.7978723404255319)
INFO:nas.trainer:eval | (sampled_gnn, metric_val) = (['tag', 'ssg', 2, 'global_max_pool', 5500], 0.8191489361702128)
INFO:nas.trainer:eval | (sampled_gnn, metric_val) = (['sage', 'gin', 2, 'global_max_pool', 6000], 0.7659574468085106)
INFO:nas.trainer:train | 5 era_time 10138.599575519562
INFO:nas.trainer:eval | (sampled_gnn, metric_val) = (['gmm', 'gcn', 2, 'global_max_pool', 5000], 0.8085106382978723)
INFO:nas.trainer:eval | (sampled_gnn, metric_val) = (['gcn', 'gcn', 2, 'global_add_pool', 6000], 0.7340425531914894)
INFO:nas.trainer:eval | (sampled_gnn, metric_val) = (['sg', 'gcn', 2, 'global_max_pool', 4500], 0.7872340425531915)
INFO:nas.trainer:eval | (sampled_gnn, metric_val) = (['ssg', 'gcn', 2, 'global_max_pool', 3000], 0.8297872340425532)
INFO:nas.trainer:eval | (sampled_gnn, metric_val) = (['tag', 'gcn', 2, 'global_max_pool', 4500], 0.8191489361702128)
INFO:nas.trainer:eval | (sampled_gnn, metric_val) = (['gat', 'gcn', 2, 'global_max_pool', 3000], 0.7446808510638298)
INFO:nas.trainer:eval | (sampled_gnn, metric_val) = (['gmm', 'gmm', 2, 'global_max_pool', 7000], 0.7446808510638298)
INFO:nas.trainer:eval | (sampled_gnn, metric_val) = (['tag', 'gin', 2, 'global_max_pool', 5500], 0.7978723404255319)
INFO:nas.trainer:eval | (sampled_gnn, metric_val) = (['tag', 'ssg', 2, 'global_max_pool', 5500], 0.7340425531914894)
INFO:nas.trainer:eval | (sampled_gnn, metric_val) = (['sg', 'ssg', 2, 'global_max_pool', 4500], 0.723404255319149)
INFO:nas.trainer:eval | (sampled_gnn, metric_val) = (['gcn', 'gcn', 2, 'global_max_pool', 3000], 0.7978723404255319)
INFO:nas.trainer:eval | (sampled_gnn, metric_val) = (['sg', 'gcn', 2, 'global_max_pool', 7500], 0.7553191489361702)
INFO:nas.trainer:eval | (sampled_gnn, metric_val) = (['gmm', 'gmm', 2, 'global_max_pool', 3000], 0.776595744680851)
INFO:nas.trainer:eval | (sampled_gnn, metric_val) = (['gmm', 'gcn', 2, 'global_max_pool', 6000], 0.7340425531914894)
INFO:nas.trainer:eval | (sampled_gnn, metric_val) = (['gcn', 'gmm', 2, 'global_max_pool', 3000], 0.776595744680851)
INFO:nas.trainer:eval | (sampled_gnn, metric_val) = (['ssg', 'gat', 2, 'global_max_pool', 5500], 0.7340425531914894)
INFO:nas.trainer:eval | (sampled_gnn, metric_val) = (['gin', 'gin', 2, 'global_max_pool', 5500], 0.7978723404255319)
INFO:nas.trainer:eval | (sampled_gnn, metric_val) = (['gin', 'gmm', 2, 'global_max_pool', 6000], 0.776595744680851)
INFO:nas.trainer:eval | (sampled_gnn, metric_val) = (['gin', 'gin', 2, 'global_max_pool', 6000], 0.7659574468085106)
INFO:nas.trainer:eval | (sampled_gnn, metric_val) = (['gat', 'gin', 2, 'global_max_pool', 4000], 0.7553191489361702)
INFO:nas.trainer:train | 6 era_time 9322.175605535507
INFO:nas.trainer:eval | (sampled_gnn, metric_val) = (['gcn', 'gin', 2, 'global_max_pool', 7000], 0.776595744680851)
INFO:nas.trainer:eval | (sampled_gnn, metric_val) = (['gat', 'gcn', 2, 'global_max_pool', 5500], 0.7872340425531915)
INFO:nas.trainer:eval | (sampled_gnn, metric_val) = (['sg', 'gmm', 2, 'global_max_pool', 6500], 0.8191489361702128)
INFO:nas.trainer:eval | (sampled_gnn, metric_val) = (['sg', 'gcn', 2, 'global_max_pool', 7000], 0.8085106382978723)
INFO:nas.trainer:eval | (sampled_gnn, metric_val) = (['gat', 'gcn', 2, 'global_mean_pool', 5500], 0.8085106382978723)
INFO:nas.trainer:eval | (sampled_gnn, metric_val) = (['gin', 'gin', 2, 'global_max_pool', 6500], 0.7659574468085106)
INFO:nas.trainer:eval | (sampled_gnn, metric_val) = (['sage', 'gmm', 2, 'global_max_pool', 5500], 0.7553191489361702)
INFO:nas.trainer:eval | (sampled_gnn, metric_val) = (['gcn', 'gcn', 2, 'global_max_pool', 7000], 0.7659574468085106)
INFO:nas.trainer:eval | (sampled_gnn, metric_val) = (['tag', 'gin', 2, 'global_max_pool', 6000], 0.7659574468085106)
INFO:nas.trainer:eval | (sampled_gnn, metric_val) = (['gcn', 'gcn', 2, 'global_max_pool', 6500], 0.7659574468085106)
INFO:nas.trainer:eval | (sampled_gnn, metric_val) = (['gat', 'gcn', 2, 'global_max_pool', 5000], 0.7446808510638298)
INFO:nas.trainer:eval | (sampled_gnn, metric_val) = (['tag', 'gcn', 2, 'global_max_pool', 5500], 0.8085106382978723)
INFO:nas.trainer:eval | (sampled_gnn, metric_val) = (['gat', 'gcn', 2, 'global_max_pool', 4500], 0.7446808510638298)
INFO:nas.trainer:eval | (sampled_gnn, metric_val) = (['ssg', 'gcn', 2, 'global_max_pool', 6500], 0.8191489361702128)
INFO:nas.trainer:eval | (sampled_gnn, metric_val) = (['gin', 'gcn', 2, 'global_max_pool', 4000], 0.7872340425531915)
INFO:nas.trainer:eval | (sampled_gnn, metric_val) = (['gat', 'gin', 2, 'global_max_pool', 4500], 0.7659574468085106)
INFO:nas.trainer:eval | (sampled_gnn, metric_val) = (['gat', 'gcn', 2, 'global_max_pool', 7000], 0.7340425531914894)
INFO:nas.trainer:eval | (sampled_gnn, metric_val) = (['gin', 'gin', 2, 'global_max_pool', 3500], 0.7978723404255319)
INFO:nas.trainer:eval | (sampled_gnn, metric_val) = (['gin', 'gcn', 2, 'global_max_pool', 7000], 0.7659574468085106)
INFO:nas.trainer:eval | (sampled_gnn, metric_val) = (['gcn', 'gcn', 2, 'global_max_pool', 7000], 0.7553191489361702)
INFO:nas.trainer:train | 7 era_time 11469.920568943024
INFO:nas.trainer:eval | (sampled_gnn, metric_val) = (['gcn', 'gmm', 2, 'global_max_pool', 4500], 0.7978723404255319)
INFO:nas.trainer:eval | (sampled_gnn, metric_val) = (['gin', 'gcn', 2, 'global_max_pool', 5500], 0.776595744680851)
INFO:nas.trainer:eval | (sampled_gnn, metric_val) = (['tag', 'gin', 2, 'global_max_pool', 6000], 0.7659574468085106)
INFO:nas.trainer:eval | (sampled_gnn, metric_val) = (['ssg', 'gin', 2, 'global_max_pool', 4500], 0.7340425531914894)
INFO:nas.trainer:eval | (sampled_gnn, metric_val) = (['gcn', 'gin', 2, 'global_max_pool', 5500], 0.7978723404255319)
INFO:nas.trainer:eval | (sampled_gnn, metric_val) = (['ssg', 'gcn', 2, 'global_max_pool', 5000], 0.7659574468085106)
INFO:nas.trainer:eval | (sampled_gnn, metric_val) = (['gin', 'gcn', 2, 'global_max_pool', 4500], 0.7872340425531915)
INFO:nas.trainer:eval | (sampled_gnn, metric_val) = (['gcn', 'gat', 2, 'global_max_pool', 5500], 0.7659574468085106)
INFO:nas.trainer:eval | (sampled_gnn, metric_val) = (['gcn', 'gin', 2, 'global_max_pool', 6000], 0.776595744680851)
INFO:nas.trainer:eval | (sampled_gnn, metric_val) = (['gat', 'gin', 2, 'global_max_pool', 6500], 0.8404255319148937)
INFO:nas.trainer:eval | (sampled_gnn, metric_val) = (['gin', 'gin', 2, 'global_max_pool', 5500], 0.8085106382978723)
INFO:nas.trainer:eval | (sampled_gnn, metric_val) = (['gcn', 'gcn', 2, 'global_max_pool', 3500], 0.7872340425531915)
INFO:nas.trainer:eval | (sampled_gnn, metric_val) = (['gin', 'gin', 2, 'global_max_pool', 5500], 0.7553191489361702)
INFO:nas.trainer:eval | (sampled_gnn, metric_val) = (['gcn', 'gin', 2, 'global_max_pool', 6500], 0.7872340425531915)
INFO:nas.trainer:eval | (sampled_gnn, metric_val) = (['gmm', 'sage', 2, 'global_max_pool', 3500], 0.7659574468085106)
INFO:nas.trainer:eval | (sampled_gnn, metric_val) = (['sg', 'gcn', 2, 'global_max_pool', 4000], 0.7872340425531915)
INFO:nas.trainer:eval | (sampled_gnn, metric_val) = (['sg', 'gin', 2, 'global_max_pool', 6000], 0.776595744680851)
INFO:nas.trainer:eval | (sampled_gnn, metric_val) = (['gin', 'sage', 2, 'global_max_pool', 6000], 0.7659574468085106)
INFO:nas.trainer:eval | (sampled_gnn, metric_val) = (['sg', 'gcn', 2, 'global_max_pool', 5500], 0.7872340425531915)
INFO:nas.trainer:eval | (sampled_gnn, metric_val) = (['sage', 'gcn', 2, 'global_max_pool', 6500], 0.7978723404255319)
INFO:nas.trainer:train | 8 era_time 10119.19549036026
INFO:nas.trainer:eval | (sampled_gnn, metric_val) = (['gcn', 'gcn', 2, 'global_max_pool', 6000], 0.7553191489361702)
INFO:nas.trainer:eval | (sampled_gnn, metric_val) = (['ssg', 'sage', 2, 'global_max_pool', 4500], 0.8085106382978723)
INFO:nas.trainer:eval | (sampled_gnn, metric_val) = (['gin', 'sage', 2, 'global_max_pool', 7000], 0.7340425531914894)
INFO:nas.trainer:eval | (sampled_gnn, metric_val) = (['sage', 'ssg', 2, 'global_mean_pool', 5000], 0.8085106382978723)
INFO:nas.trainer:eval | (sampled_gnn, metric_val) = (['gcn', 'gcn', 2, 'global_max_pool', 6500], 0.7446808510638298)
INFO:nas.trainer:eval | (sampled_gnn, metric_val) = (['gin', 'gcn', 2, 'global_max_pool', 6000], 0.7553191489361702)
INFO:nas.trainer:eval | (sampled_gnn, metric_val) = (['gin', 'sage', 2, 'global_max_pool', 3000], 0.7659574468085106)
INFO:nas.trainer:eval | (sampled_gnn, metric_val) = (['gin', 'gin', 2, 'global_max_pool', 4500], 0.7659574468085106)
INFO:nas.trainer:eval | (sampled_gnn, metric_val) = (['gcn', 'gcn', 2, 'global_max_pool', 7000], 0.776595744680851)
INFO:nas.trainer:eval | (sampled_gnn, metric_val) = (['sg', 'gin', 2, 'global_add_pool', 4000], 0.7872340425531915)
INFO:nas.trainer:eval | (sampled_gnn, metric_val) = (['gat', 'ssg', 2, 'global_max_pool', 6500], 0.7978723404255319)
INFO:nas.trainer:eval | (sampled_gnn, metric_val) = (['ssg', 'gcn', 2, 'global_mean_pool', 5000], 0.776595744680851)
INFO:nas.trainer:eval | (sampled_gnn, metric_val) = (['gin', 'sage', 2, 'global_max_pool', 4500], 0.776595744680851)
INFO:nas.trainer:eval | (sampled_gnn, metric_val) = (['gin', 'sg', 2, 'global_max_pool', 3000], 0.7021276595744681)
INFO:nas.trainer:eval | (sampled_gnn, metric_val) = (['sage', 'gcn', 2, 'global_max_pool', 4000], 0.776595744680851)
INFO:nas.trainer:eval | (sampled_gnn, metric_val) = (['gcn', 'gcn', 2, 'global_max_pool', 5000], 0.7553191489361702)
INFO:nas.trainer:eval | (sampled_gnn, metric_val) = (['gmm', 'gcn', 2, 'global_max_pool', 6500], 0.776595744680851)
INFO:nas.trainer:eval | (sampled_gnn, metric_val) = (['ssg', 'gin', 2, 'global_mean_pool', 6500], 0.776595744680851)
INFO:nas.trainer:eval | (sampled_gnn, metric_val) = (['gin', 'gin', 2, 'global_max_pool', 3000], 0.8297872340425532)
INFO:nas.trainer:eval | (sampled_gnn, metric_val) = (['tag', 'gcn', 2, 'global_max_pool', 4500], 0.7553191489361702)
INFO:nas.trainer:train | 9 era_time 9599.521049022675
INFO:nas.trainer:eval | (sampled_gnn, metric_val) = (['sage', 'gcn', 2, 'global_max_pool', 5000], 0.723404255319149)
INFO:nas.trainer:eval | (sampled_gnn, metric_val) = (['sage', 'gin', 2, 'global_max_pool', 6000], 0.7553191489361702)
INFO:nas.trainer:eval | (sampled_gnn, metric_val) = (['gcn', 'sage', 2, 'global_mean_pool', 5500], 0.7978723404255319)
INFO:nas.trainer:eval | (sampled_gnn, metric_val) = (['gin', 'gcn', 2, 'global_max_pool', 6000], 0.7553191489361702)
INFO:nas.trainer:eval | (sampled_gnn, metric_val) = (['tag', 'gin', 2, 'global_max_pool', 4500], 0.8191489361702128)
INFO:nas.trainer:eval | (sampled_gnn, metric_val) = (['sage', 'sage', 2, 'global_max_pool', 5500], 0.8085106382978723)
INFO:nas.trainer:eval | (sampled_gnn, metric_val) = (['tag', 'gcn', 2, 'global_mean_pool', 3000], 0.8085106382978723)
INFO:nas.trainer:eval | (sampled_gnn, metric_val) = (['gcn', 'gin', 2, 'global_max_pool', 3000], 0.7872340425531915)
INFO:nas.trainer:eval | (sampled_gnn, metric_val) = (['gat', 'gcn', 2, 'global_max_pool', 5000], 0.8085106382978723)
INFO:nas.trainer:eval | (sampled_gnn, metric_val) = (['sg', 'gin', 2, 'global_max_pool', 3000], 0.776595744680851)
INFO:nas.trainer:eval | (sampled_gnn, metric_val) = (['sage', 'gcn', 2, 'global_mean_pool', 4500], 0.7872340425531915)
INFO:nas.trainer:eval | (sampled_gnn, metric_val) = (['gcn', 'sage', 2, 'global_max_pool', 6500], 0.7446808510638298)
INFO:nas.trainer:eval | (sampled_gnn, metric_val) = (['gat', 'ssg', 2, 'global_max_pool', 3500], 0.776595744680851)
INFO:nas.trainer:eval | (sampled_gnn, metric_val) = (['sg', 'sage', 2, 'global_mean_pool', 6500], 0.7659574468085106)
INFO:nas.trainer:eval | (sampled_gnn, metric_val) = (['sg', 'gcn', 2, 'global_max_pool', 3000], 0.8085106382978723)
INFO:nas.trainer:eval | (sampled_gnn, metric_val) = (['sage', 'sage', 2, 'global_max_pool', 5500], 0.776595744680851)
INFO:nas.trainer:eval | (sampled_gnn, metric_val) = (['ssg', 'gcn', 2, 'global_max_pool', 3000], 0.7553191489361702)
INFO:nas.trainer:eval | (sampled_gnn, metric_val) = (['gcn', 'gcn', 2, 'global_max_pool', 6500], 0.7553191489361702)
INFO:nas.trainer:eval | (sampled_gnn, metric_val) = (['gcn', 'gcn', 2, 'global_max_pool', 6000], 0.7978723404255319)
INFO:nas.trainer:eval | (sampled_gnn, metric_val) = (['gcn', 'ssg', 2, 'global_max_pool', 3000], 0.7872340425531915)
INFO:nas.trainer:train | 10 era_time 8841.692495584488
INFO:nas.trainer:eval | (sampled_gnn, metric_val) = (['gin', 'gcn', 2, 'global_max_pool', 3000], 0.8191489361702128)
INFO:nas.trainer:eval | (sampled_gnn, metric_val) = (['gin', 'ssg', 2, 'global_max_pool', 4500], 0.7978723404255319)
INFO:nas.trainer:eval | (sampled_gnn, metric_val) = (['gcn', 'gcn', 2, 'global_mean_pool', 3000], 0.7446808510638298)
INFO:nas.trainer:eval | (sampled_gnn, metric_val) = (['gcn', 'gcn', 2, 'global_max_pool', 6000], 0.7659574468085106)
INFO:nas.trainer:eval | (sampled_gnn, metric_val) = (['sg', 'gcn', 2, 'global_mean_pool', 4500], 0.7553191489361702)
INFO:nas.trainer:eval | (sampled_gnn, metric_val) = (['tag', 'gin', 2, 'global_max_pool', 3000], 0.7659574468085106)
INFO:nas.trainer:eval | (sampled_gnn, metric_val) = (['sage', 'sage', 2, 'global_max_pool', 3000], 0.7446808510638298)
INFO:nas.trainer:eval | (sampled_gnn, metric_val) = (['sg', 'sage', 2, 'global_max_pool', 3500], 0.7872340425531915)
INFO:nas.trainer:eval | (sampled_gnn, metric_val) = (['gcn', 'gcn', 2, 'global_mean_pool', 6500], 0.7872340425531915)
INFO:nas.trainer:eval | (sampled_gnn, metric_val) = (['gcn', 'gin', 2, 'global_max_pool', 5500], 0.7553191489361702)
INFO:nas.trainer:eval | (sampled_gnn, metric_val) = (['gcn', 'sage', 2, 'global_max_pool', 4000], 0.7659574468085106)
INFO:nas.trainer:eval | (sampled_gnn, metric_val) = (['gcn', 'gcn', 2, 'global_max_pool', 4500], 0.7553191489361702)
INFO:nas.trainer:eval | (sampled_gnn, metric_val) = (['gcn', 'gcn', 2, 'global_max_pool', 5000], 0.7659574468085106)
INFO:nas.trainer:eval | (sampled_gnn, metric_val) = (['gcn', 'gcn', 2, 'global_max_pool', 5500], 0.7553191489361702)
INFO:nas.trainer:eval | (sampled_gnn, metric_val) = (['gin', 'gcn', 2, 'global_max_pool', 5000], 0.7553191489361702)
INFO:nas.trainer:eval | (sampled_gnn, metric_val) = (['gcn', 'gin', 2, 'global_mean_pool', 7000], 0.8297872340425532)
INFO:nas.trainer:eval | (sampled_gnn, metric_val) = (['sage', 'gcn', 2, 'global_max_pool', 5000], 0.7872340425531915)
INFO:nas.trainer:eval | (sampled_gnn, metric_val) = (['ssg', 'gcn', 2, 'global_max_pool', 5500], 0.7872340425531915)
INFO:nas.trainer:eval | (sampled_gnn, metric_val) = (['ssg', 'gcn', 2, 'global_max_pool', 5500], 0.8085106382978723)
INFO:nas.trainer:eval | (sampled_gnn, metric_val) = (['gcn', 'ssg', 2, 'global_max_pool', 4500], 0.7659574468085106)
INFO:nas.trainer:train | 11 era_time 8618.889211654663
INFO:nas.trainer:eval | (sampled_gnn, metric_val) = (['gmm', 'gcn', 2, 'global_max_pool', 6500], 0.7553191489361702)
INFO:nas.trainer:eval | (sampled_gnn, metric_val) = (['gin', 'gcn', 2, 'global_max_pool', 4000], 0.8085106382978723)
INFO:nas.trainer:eval | (sampled_gnn, metric_val) = (['ssg', 'gcn', 2, 'global_max_pool', 4500], 0.7553191489361702)
INFO:nas.trainer:eval | (sampled_gnn, metric_val) = (['gmm', 'gin', 2, 'global_mean_pool', 6500], 0.7553191489361702)
INFO:nas.trainer:eval | (sampled_gnn, metric_val) = (['sage', 'gcn', 2, 'global_max_pool', 4500], 0.7659574468085106)
INFO:nas.trainer:eval | (sampled_gnn, metric_val) = (['gcn', 'gcn', 2, 'global_max_pool', 5000], 0.7659574468085106)
INFO:nas.trainer:eval | (sampled_gnn, metric_val) = (['gcn', 'gcn', 2, 'global_max_pool', 5500], 0.7978723404255319)
INFO:nas.trainer:eval | (sampled_gnn, metric_val) = (['tag', 'gin', 2, 'global_max_pool', 4500], 0.7659574468085106)
INFO:nas.trainer:eval | (sampled_gnn, metric_val) = (['gmm', 'gcn', 2, 'global_max_pool', 4000], 0.7978723404255319)
INFO:nas.trainer:eval | (sampled_gnn, metric_val) = (['gin', 'sage', 2, 'global_max_pool', 4500], 0.7872340425531915)
INFO:nas.trainer:eval | (sampled_gnn, metric_val) = (['gcn', 'gmm', 2, 'global_max_pool', 3000], 0.7340425531914894)
INFO:nas.trainer:eval | (sampled_gnn, metric_val) = (['gcn', 'gin', 2, 'global_max_pool', 7000], 0.7872340425531915)
INFO:nas.trainer:eval | (sampled_gnn, metric_val) = (['gcn', 'gin', 2, 'global_mean_pool', 6500], 0.8297872340425532)
INFO:nas.trainer:eval | (sampled_gnn, metric_val) = (['sage', 'gin', 2, 'global_max_pool', 6500], 0.8297872340425532)
INFO:nas.trainer:eval | (sampled_gnn, metric_val) = (['gin', 'gcn', 2, 'global_max_pool', 3500], 0.8085106382978723)
INFO:nas.trainer:eval | (sampled_gnn, metric_val) = (['gin', 'gcn', 2, 'global_max_pool', 5500], 0.7872340425531915)
INFO:nas.trainer:eval | (sampled_gnn, metric_val) = (['gin', 'gcn', 2, 'global_max_pool', 4500], 0.7978723404255319)
INFO:nas.trainer:eval | (sampled_gnn, metric_val) = (['gin', 'gin', 2, 'global_max_pool', 3000], 0.776595744680851)
INFO:nas.trainer:eval | (sampled_gnn, metric_val) = (['gmm', 'ssg', 2, 'global_max_pool', 6000], 0.7446808510638298)
INFO:nas.trainer:eval | (sampled_gnn, metric_val) = (['gcn', 'sage', 2, 'global_max_pool', 5000], 0.7446808510638298)
INFO:nas.trainer:train | 12 era_time 9254.033925056458
INFO:nas.trainer:eval | (sampled_gnn, metric_val) = (['gcn', 'gin', 2, 'global_max_pool', 4000], 0.8085106382978723)
INFO:nas.trainer:eval | (sampled_gnn, metric_val) = (['gcn', 'gcn', 2, 'global_max_pool', 5000], 0.7872340425531915)
INFO:nas.trainer:eval | (sampled_gnn, metric_val) = (['gcn', 'sage', 2, 'global_mean_pool', 4000], 0.7340425531914894)
INFO:nas.trainer:eval | (sampled_gnn, metric_val) = (['sg', 'gcn', 2, 'global_max_pool', 3500], 0.723404255319149)
INFO:nas.trainer:eval | (sampled_gnn, metric_val) = (['ssg', 'gcn', 2, 'global_max_pool', 5500], 0.7553191489361702)
INFO:nas.trainer:eval | (sampled_gnn, metric_val) = (['sage', 'gcn', 2, 'global_max_pool', 4000], 0.776595744680851)
INFO:nas.trainer:eval | (sampled_gnn, metric_val) = (['sage', 'sage', 2, 'global_max_pool', 7000], 0.7553191489361702)
INFO:nas.trainer:eval | (sampled_gnn, metric_val) = (['gcn', 'gcn', 2, 'global_max_pool', 3500], 0.7659574468085106)
INFO:nas.trainer:eval | (sampled_gnn, metric_val) = (['tag', 'gcn', 2, 'global_max_pool', 7000], 0.7978723404255319)
INFO:nas.trainer:eval | (sampled_gnn, metric_val) = (['gcn', 'gin', 2, 'global_mean_pool', 4500], 0.776595744680851)
INFO:nas.trainer:eval | (sampled_gnn, metric_val) = (['gin', 'gcn', 2, 'global_max_pool', 4500], 0.8191489361702128)
INFO:nas.trainer:eval | (sampled_gnn, metric_val) = (['sg', 'gcn', 2, 'global_max_pool', 3500], 0.7446808510638298)
INFO:nas.trainer:eval | (sampled_gnn, metric_val) = (['sage', 'sage', 2, 'global_max_pool', 6500], 0.7659574468085106)
INFO:nas.trainer:eval | (sampled_gnn, metric_val) = (['ssg', 'gin', 2, 'global_max_pool', 6500], 0.8191489361702128)
INFO:nas.trainer:eval | (sampled_gnn, metric_val) = (['gcn', 'gmm', 2, 'global_max_pool', 5500], 0.7446808510638298)
INFO:nas.trainer:eval | (sampled_gnn, metric_val) = (['gcn', 'gin', 2, 'global_max_pool', 5500], 0.7446808510638298)
INFO:nas.trainer:eval | (sampled_gnn, metric_val) = (['gin', 'gin', 2, 'global_max_pool', 4500], 0.776595744680851)
INFO:nas.trainer:eval | (sampled_gnn, metric_val) = (['gcn', 'gcn', 2, 'global_max_pool', 6000], 0.7978723404255319)
INFO:nas.trainer:eval | (sampled_gnn, metric_val) = (['gin', 'ssg', 2, 'global_max_pool', 6500], 0.7978723404255319)
INFO:nas.trainer:eval | (sampled_gnn, metric_val) = (['gin', 'gcn', 2, 'global_max_pool', 4000], 0.776595744680851)
INFO:nas.trainer:train | 13 era_time 9278.378228187561
INFO:nas.trainer:eval | (sampled_gnn, metric_val) = (['gcn', 'gcn', 2, 'global_max_pool', 5000], 0.7446808510638298)
INFO:nas.trainer:eval | (sampled_gnn, metric_val) = (['gcn', 'gin', 2, 'global_max_pool', 5000], 0.776595744680851)
INFO:nas.trainer:eval | (sampled_gnn, metric_val) = (['gin', 'gcn', 2, 'global_max_pool', 3000], 0.776595744680851)
INFO:nas.trainer:eval | (sampled_gnn, metric_val) = (['gin', 'gcn', 2, 'global_max_pool', 3000], 0.776595744680851)
INFO:nas.trainer:eval | (sampled_gnn, metric_val) = (['gcn', 'gcn', 2, 'global_max_pool', 5500], 0.7446808510638298)
INFO:nas.trainer:eval | (sampled_gnn, metric_val) = (['gcn', 'gin', 2, 'global_max_pool', 3500], 0.8297872340425532)
INFO:nas.trainer:eval | (sampled_gnn, metric_val) = (['tag', 'gin', 2, 'global_mean_pool', 5000], 0.7659574468085106)
INFO:nas.trainer:eval | (sampled_gnn, metric_val) = (['gcn', 'gin', 2, 'global_max_pool', 7000], 0.7659574468085106)
INFO:nas.trainer:eval | (sampled_gnn, metric_val) = (['gcn', 'gcn', 2, 'global_max_pool', 4500], 0.7659574468085106)
INFO:nas.trainer:eval | (sampled_gnn, metric_val) = (['gcn', 'gcn', 2, 'global_max_pool', 4500], 0.7553191489361702)
INFO:nas.trainer:eval | (sampled_gnn, metric_val) = (['gat', 'tag', 2, 'global_max_pool', 3000], 0.851063829787234)
INFO:nas.trainer:eval | (sampled_gnn, metric_val) = (['tag', 'gmm', 2, 'global_mean_pool', 6000], 0.776595744680851)
INFO:nas.trainer:eval | (sampled_gnn, metric_val) = (['gin', 'gin', 2, 'global_max_pool', 3000], 0.7872340425531915)
INFO:nas.trainer:eval | (sampled_gnn, metric_val) = (['gcn', 'gcn', 2, 'global_max_pool', 5500], 0.7659574468085106)
INFO:nas.trainer:eval | (sampled_gnn, metric_val) = (['gat', 'gcn', 2, 'global_max_pool', 5500], 0.776595744680851)
INFO:nas.trainer:eval | (sampled_gnn, metric_val) = (['gcn', 'gin', 2, 'global_max_pool', 4000], 0.7872340425531915)
INFO:nas.trainer:eval | (sampled_gnn, metric_val) = (['gcn', 'gin', 2, 'global_max_pool', 6500], 0.7978723404255319)
INFO:nas.trainer:eval | (sampled_gnn, metric_val) = (['gcn', 'gcn', 2, 'global_max_pool', 5000], 0.7553191489361702)
INFO:nas.trainer:eval | (sampled_gnn, metric_val) = (['gin', 'gin', 2, 'global_max_pool', 3000], 0.776595744680851)
INFO:nas.trainer:eval | (sampled_gnn, metric_val) = (['gcn', 'gat', 2, 'global_max_pool', 5000], 0.7446808510638298)
INFO:nas.trainer:train | 14 era_time 8929.75544166565
INFO:nas.trainer:eval | (sampled_gnn, metric_val) = (['gcn', 'sage', 2, 'global_max_pool', 3000], 0.7659574468085106)
INFO:nas.trainer:eval | (sampled_gnn, metric_val) = (['gmm', 'gcn', 2, 'global_max_pool', 4000], 0.8085106382978723)
INFO:nas.trainer:eval | (sampled_gnn, metric_val) = (['gin', 'gcn', 2, 'global_max_pool', 3000], 0.7872340425531915)
INFO:nas.trainer:eval | (sampled_gnn, metric_val) = (['tag', 'gin', 2, 'global_max_pool', 3500], 0.7553191489361702)
INFO:nas.trainer:eval | (sampled_gnn, metric_val) = (['gin', 'sage', 2, 'global_max_pool', 4000], 0.8191489361702128)
INFO:nas.trainer:eval | (sampled_gnn, metric_val) = (['ssg', 'gin', 2, 'global_max_pool', 5500], 0.7659574468085106)
INFO:nas.trainer:eval | (sampled_gnn, metric_val) = (['gat', 'gcn', 2, 'global_max_pool', 4000], 0.7872340425531915)
INFO:nas.trainer:eval | (sampled_gnn, metric_val) = (['gin', 'gcn', 2, 'global_max_pool', 4500], 0.8191489361702128)
INFO:nas.trainer:eval | (sampled_gnn, metric_val) = (['gmm', 'gcn', 2, 'global_max_pool', 4000], 0.7553191489361702)
INFO:nas.trainer:eval | (sampled_gnn, metric_val) = (['gmm', 'sage', 2, 'global_max_pool', 3000], 0.7659574468085106)
INFO:nas.trainer:eval | (sampled_gnn, metric_val) = (['gcn', 'ssg', 2, 'global_max_pool', 4500], 0.776595744680851)
INFO:nas.trainer:eval | (sampled_gnn, metric_val) = (['gcn', 'gmm', 2, 'global_max_pool', 5500], 0.7872340425531915)
INFO:nas.trainer:eval | (sampled_gnn, metric_val) = (['tag', 'gin', 2, 'global_max_pool', 6500], 0.776595744680851)
INFO:nas.trainer:eval | (sampled_gnn, metric_val) = (['gin', 'gin', 2, 'global_max_pool', 4500], 0.7872340425531915)
INFO:nas.trainer:eval | (sampled_gnn, metric_val) = (['ssg', 'gcn', 2, 'global_max_pool', 3500], 0.8191489361702128)
INFO:nas.trainer:eval | (sampled_gnn, metric_val) = (['gin', 'gcn', 2, 'global_max_pool', 6000], 0.7978723404255319)
INFO:nas.trainer:eval | (sampled_gnn, metric_val) = (['gin', 'gcn', 2, 'global_max_pool', 4000], 0.8085106382978723)
INFO:nas.trainer:eval | (sampled_gnn, metric_val) = (['ssg', 'gcn', 2, 'global_max_pool', 3000], 0.7446808510638298)
INFO:nas.trainer:eval | (sampled_gnn, metric_val) = (['gmm', 'gcn', 2, 'global_max_pool', 5000], 0.776595744680851)
INFO:nas.trainer:eval | (sampled_gnn, metric_val) = (['gin', 'gcn', 2, 'global_mean_pool', 5500], 0.8085106382978723)
INFO:nas.trainer:train | 15 era_time 8028.81064915657
INFO:nas.trainer:eval | (sampled_gnn, metric_val) = (['gin', 'gin', 2, 'global_max_pool', 6500], 0.7872340425531915)
INFO:nas.trainer:eval | (sampled_gnn, metric_val) = (['gcn', 'gcn', 2, 'global_max_pool', 4000], 0.7872340425531915)
INFO:nas.trainer:eval | (sampled_gnn, metric_val) = (['gcn', 'gcn', 2, 'global_max_pool', 4000], 0.723404255319149)
INFO:nas.trainer:eval | (sampled_gnn, metric_val) = (['gat', 'gin', 2, 'global_max_pool', 5500], 0.7659574468085106)
INFO:nas.trainer:eval | (sampled_gnn, metric_val) = (['tag', 'ssg', 2, 'global_max_pool', 4500], 0.8297872340425532)
INFO:nas.trainer:eval | (sampled_gnn, metric_val) = (['gmm', 'gin', 2, 'global_max_pool', 4000], 0.8085106382978723)
INFO:nas.trainer:eval | (sampled_gnn, metric_val) = (['gin', 'gin', 2, 'global_max_pool', 5000], 0.7978723404255319)
INFO:nas.trainer:eval | (sampled_gnn, metric_val) = (['sg', 'ssg', 2, 'global_mean_pool', 5000], 0.7872340425531915)
INFO:nas.trainer:eval | (sampled_gnn, metric_val) = (['gin', 'gin', 2, 'global_max_pool', 4000], 0.7978723404255319)
INFO:nas.trainer:eval | (sampled_gnn, metric_val) = (['gcn', 'gin', 2, 'global_mean_pool', 3000], 0.7659574468085106)
INFO:nas.trainer:eval | (sampled_gnn, metric_val) = (['gcn', 'gin', 2, 'global_max_pool', 5000], 0.7446808510638298)
INFO:nas.trainer:eval | (sampled_gnn, metric_val) = (['sage', 'gcn', 2, 'global_max_pool', 3500], 0.7978723404255319)
INFO:nas.trainer:eval | (sampled_gnn, metric_val) = (['sage', 'gin', 2, 'global_max_pool', 5000], 0.8085106382978723)
INFO:nas.trainer:eval | (sampled_gnn, metric_val) = (['tag', 'gcn', 2, 'global_max_pool', 3000], 0.7978723404255319)
INFO:nas.trainer:eval | (sampled_gnn, metric_val) = (['sage', 'gcn', 2, 'global_max_pool', 4000], 0.7659574468085106)
INFO:nas.trainer:eval | (sampled_gnn, metric_val) = (['sg', 'gin', 2, 'global_max_pool', 4000], 0.7446808510638298)
INFO:nas.trainer:eval | (sampled_gnn, metric_val) = (['gin', 'gcn', 2, 'global_max_pool', 5000], 0.7659574468085106)
INFO:nas.trainer:eval | (sampled_gnn, metric_val) = (['gcn', 'gcn', 2, 'global_max_pool', 4500], 0.776595744680851)
INFO:nas.trainer:eval | (sampled_gnn, metric_val) = (['gcn', 'gcn', 2, 'global_max_pool', 3500], 0.8191489361702128)
INFO:nas.trainer:eval | (sampled_gnn, metric_val) = (['gin', 'gin', 2, 'global_max_pool', 5000], 0.7659574468085106)
INFO:nas.trainer:train | 16 era_time 8130.605573415756
INFO:nas.trainer:eval | (sampled_gnn, metric_val) = (['gcn', 'gin', 2, 'global_max_pool', 4000], 0.7446808510638298)
INFO:nas.trainer:eval | (sampled_gnn, metric_val) = (['sage', 'gcn', 2, 'global_max_pool', 4500], 0.776595744680851)
INFO:nas.trainer:eval | (sampled_gnn, metric_val) = (['gin', 'gin', 2, 'global_max_pool', 5000], 0.723404255319149)
INFO:nas.trainer:eval | (sampled_gnn, metric_val) = (['gin', 'ssg', 2, 'global_max_pool', 3000], 0.8085106382978723)
INFO:nas.trainer:eval | (sampled_gnn, metric_val) = (['gat', 'gcn', 2, 'global_max_pool', 6000], 0.7340425531914894)
INFO:nas.trainer:eval | (sampled_gnn, metric_val) = (['gin', 'gin', 2, 'global_max_pool', 4500], 0.7978723404255319)
INFO:nas.trainer:eval | (sampled_gnn, metric_val) = (['ssg', 'gin', 2, 'global_max_pool', 5500], 0.7978723404255319)
INFO:nas.trainer:eval | (sampled_gnn, metric_val) = (['sage', 'gcn', 2, 'global_max_pool', 3500], 0.7872340425531915)
INFO:nas.trainer:eval | (sampled_gnn, metric_val) = (['sg', 'gin', 2, 'global_max_pool', 3500], 0.7553191489361702)
INFO:nas.trainer:eval | (sampled_gnn, metric_val) = (['gin', 'gin', 2, 'global_max_pool', 6500], 0.7872340425531915)
INFO:nas.trainer:eval | (sampled_gnn, metric_val) = (['gin', 'gin', 2, 'global_max_pool', 4500], 0.7659574468085106)
INFO:nas.trainer:eval | (sampled_gnn, metric_val) = (['gin', 'gcn', 2, 'global_max_pool', 4000], 0.7978723404255319)
INFO:nas.trainer:eval | (sampled_gnn, metric_val) = (['gcn', 'gin', 2, 'global_max_pool', 3000], 0.7553191489361702)
INFO:nas.trainer:eval | (sampled_gnn, metric_val) = (['gcn', 'gcn', 2, 'global_max_pool', 6500], 0.7553191489361702)
INFO:nas.trainer:eval | (sampled_gnn, metric_val) = (['gin', 'ssg', 2, 'global_mean_pool', 5500], 0.7872340425531915)
INFO:nas.trainer:eval | (sampled_gnn, metric_val) = (['gcn', 'gcn', 2, 'global_max_pool', 3000], 0.776595744680851)
INFO:nas.trainer:eval | (sampled_gnn, metric_val) = (['gcn', 'gin', 2, 'global_max_pool', 4000], 0.7553191489361702)
INFO:nas.trainer:eval | (sampled_gnn, metric_val) = (['gcn', 'gin', 2, 'global_max_pool', 6500], 0.7446808510638298)
INFO:nas.trainer:eval | (sampled_gnn, metric_val) = (['sage', 'tag', 2, 'global_max_pool', 5000], 0.7659574468085106)
INFO:nas.trainer:eval | (sampled_gnn, metric_val) = (['gin', 'gcn', 2, 'global_max_pool', 3500], 0.7659574468085106)
INFO:nas.trainer:train | 17 era_time 8467.583423614502
INFO:nas.trainer:eval | (sampled_gnn, metric_val) = (['tag', 'tag', 2, 'global_max_pool', 6500], 0.6808510638297872)
INFO:nas.trainer:eval | (sampled_gnn, metric_val) = (['gmm', 'gin', 2, 'global_mean_pool', 5500], 0.776595744680851)
INFO:nas.trainer:eval | (sampled_gnn, metric_val) = (['sage', 'gmm', 2, 'global_max_pool', 4000], 0.7553191489361702)
INFO:nas.trainer:eval | (sampled_gnn, metric_val) = (['gmm', 'gin', 2, 'global_max_pool', 3000], 0.7978723404255319)
INFO:nas.trainer:eval | (sampled_gnn, metric_val) = (['sage', 'gcn', 2, 'global_max_pool', 4500], 0.7659574468085106)
INFO:nas.trainer:eval | (sampled_gnn, metric_val) = (['sage', 'ssg', 2, 'global_max_pool', 6500], 0.776595744680851)
INFO:nas.trainer:eval | (sampled_gnn, metric_val) = (['gin', 'gcn', 2, 'global_max_pool', 4000], 0.776595744680851)
INFO:nas.trainer:eval | (sampled_gnn, metric_val) = (['gmm', 'gin', 2, 'global_mean_pool', 6500], 0.7872340425531915)
INFO:nas.trainer:eval | (sampled_gnn, metric_val) = (['gmm', 'gcn', 2, 'global_max_pool', 7000], 0.7978723404255319)
INFO:nas.trainer:eval | (sampled_gnn, metric_val) = (['gcn', 'gcn', 2, 'global_max_pool', 4500], 0.776595744680851)
INFO:nas.trainer:eval | (sampled_gnn, metric_val) = (['gin', 'gin', 2, 'global_max_pool', 6500], 0.776595744680851)
INFO:nas.trainer:eval | (sampled_gnn, metric_val) = (['gcn', 'gcn', 2, 'global_max_pool', 4500], 0.7659574468085106)
INFO:nas.trainer:eval | (sampled_gnn, metric_val) = (['tag', 'gin', 2, 'global_max_pool', 5000], 0.8085106382978723)
INFO:nas.trainer:eval | (sampled_gnn, metric_val) = (['sage', 'gin', 2, 'global_max_pool', 3500], 0.7446808510638298)
INFO:nas.trainer:eval | (sampled_gnn, metric_val) = (['gmm', 'tag', 2, 'global_max_pool', 3500], 0.7446808510638298)
INFO:nas.trainer:eval | (sampled_gnn, metric_val) = (['sg', 'tag', 2, 'global_mean_pool', 3000], 0.7446808510638298)
INFO:nas.trainer:eval | (sampled_gnn, metric_val) = (['gin', 'gat', 2, 'global_max_pool', 5500], 0.7659574468085106)
INFO:nas.trainer:eval | (sampled_gnn, metric_val) = (['gcn', 'gcn', 2, 'global_max_pool', 5500], 0.7872340425531915)
INFO:nas.trainer:eval | (sampled_gnn, metric_val) = (['gat', 'gin', 2, 'global_max_pool', 3500], 0.776595744680851)
INFO:nas.trainer:eval | (sampled_gnn, metric_val) = (['gcn', 'gin', 2, 'global_max_pool', 5000], 0.7978723404255319)
INFO:nas.trainer:train | 18 era_time 9449.87985253334
INFO:nas.trainer:eval | (sampled_gnn, metric_val) = (['gmm', 'gin', 2, 'global_max_pool', 3000], 0.776595744680851)
INFO:nas.trainer:eval | (sampled_gnn, metric_val) = (['tag', 'gcn', 2, 'global_max_pool', 3000], 0.8297872340425532)
INFO:nas.trainer:eval | (sampled_gnn, metric_val) = (['sage', 'gat', 2, 'global_max_pool', 6500], 0.7659574468085106)
INFO:nas.trainer:eval | (sampled_gnn, metric_val) = (['gin', 'gcn', 2, 'global_max_pool', 4500], 0.7872340425531915)
INFO:nas.trainer:eval | (sampled_gnn, metric_val) = (['sg', 'gin', 2, 'global_mean_pool', 3000], 0.8191489361702128)
INFO:nas.trainer:eval | (sampled_gnn, metric_val) = (['gat', 'gcn', 2, 'global_max_pool', 5500], 0.7659574468085106)
INFO:nas.trainer:eval | (sampled_gnn, metric_val) = (['sage', 'gcn', 2, 'global_max_pool', 3000], 0.7978723404255319)
INFO:nas.trainer:eval | (sampled_gnn, metric_val) = (['sg', 'tag', 2, 'global_max_pool', 3000], 0.8297872340425532)
INFO:nas.trainer:eval | (sampled_gnn, metric_val) = (['tag', 'gin', 2, 'global_max_pool', 6500], 0.776595744680851)
INFO:nas.trainer:eval | (sampled_gnn, metric_val) = (['gin', 'gin', 2, 'global_max_pool', 3000], 0.776595744680851)
INFO:nas.trainer:eval | (sampled_gnn, metric_val) = (['tag', 'gcn', 2, 'global_max_pool', 6000], 0.7978723404255319)
INFO:nas.trainer:eval | (sampled_gnn, metric_val) = (['gcn', 'gin', 2, 'global_max_pool', 4000], 0.7127659574468085)
INFO:nas.trainer:eval | (sampled_gnn, metric_val) = (['gat', 'sage', 2, 'global_max_pool', 3000], 0.7978723404255319)
INFO:nas.trainer:eval | (sampled_gnn, metric_val) = (['gcn', 'gin', 2, 'global_max_pool', 3000], 0.7446808510638298)
INFO:nas.trainer:eval | (sampled_gnn, metric_val) = (['gat', 'gin', 2, 'global_max_pool', 3000], 0.8191489361702128)
INFO:nas.trainer:eval | (sampled_gnn, metric_val) = (['gmm', 'gin', 2, 'global_max_pool', 3500], 0.8191489361702128)
INFO:nas.trainer:eval | (sampled_gnn, metric_val) = (['sage', 'ssg', 2, 'global_max_pool', 5000], 0.7872340425531915)
INFO:nas.trainer:eval | (sampled_gnn, metric_val) = (['gin', 'gin', 2, 'global_max_pool', 3000], 0.8085106382978723)
INFO:nas.trainer:eval | (sampled_gnn, metric_val) = (['sage', 'gcn', 2, 'global_max_pool', 4500], 0.7872340425531915)
INFO:nas.trainer:eval | (sampled_gnn, metric_val) = (['tag', 'gin', 2, 'global_max_pool', 3000], 0.8191489361702128)
INFO:nas.trainer:train | 19 era_time 7703.485171556473
INFO:nas.trainer:eval | (sampled_gnn, metric_val) = (['sage', 'gin', 2, 'global_max_pool', 5000], 0.7340425531914894)
INFO:nas.trainer:eval | (sampled_gnn, metric_val) = (['gat', 'ssg', 2, 'global_max_pool', 6500], 0.7446808510638298)
INFO:nas.trainer:eval | (sampled_gnn, metric_val) = (['gin', 'gin', 2, 'global_max_pool', 5000], 0.7553191489361702)
INFO:nas.trainer:eval | (sampled_gnn, metric_val) = (['ssg', 'gcn', 2, 'global_max_pool', 4500], 0.7553191489361702)
INFO:nas.trainer:eval | (sampled_gnn, metric_val) = (['sage', 'gin', 2, 'global_max_pool', 3500], 0.8191489361702128)
INFO:nas.trainer:eval | (sampled_gnn, metric_val) = (['gcn', 'gin', 2, 'global_max_pool', 5000], 0.7978723404255319)
INFO:nas.trainer:eval | (sampled_gnn, metric_val) = (['ssg', 'gat', 2, 'global_max_pool', 3500], 0.7872340425531915)
INFO:nas.trainer:eval | (sampled_gnn, metric_val) = (['gin', 'gin', 2, 'global_mean_pool', 3000], 0.7659574468085106)
INFO:nas.trainer:eval | (sampled_gnn, metric_val) = (['gin', 'gcn', 2, 'global_max_pool', 6500], 0.8404255319148937)
INFO:nas.trainer:eval | (sampled_gnn, metric_val) = (['sg', 'gin', 2, 'global_max_pool', 4000], 0.8085106382978723)
INFO:nas.trainer:eval | (sampled_gnn, metric_val) = (['sage', 'gcn', 2, 'global_max_pool', 5000], 0.776595744680851)
INFO:nas.trainer:eval | (sampled_gnn, metric_val) = (['gin', 'gcn', 2, 'global_max_pool', 5500], 0.7978723404255319)
INFO:nas.trainer:eval | (sampled_gnn, metric_val) = (['sage', 'tag', 2, 'global_mean_pool', 3500], 0.7659574468085106)
INFO:nas.trainer:eval | (sampled_gnn, metric_val) = (['gin', 'gin', 2, 'global_max_pool', 5000], 0.7446808510638298)
INFO:nas.trainer:eval | (sampled_gnn, metric_val) = (['tag', 'gcn', 2, 'global_mean_pool', 4500], 0.7553191489361702)
INFO:nas.trainer:eval | (sampled_gnn, metric_val) = (['gin', 'gcn', 2, 'global_max_pool', 4500], 0.7872340425531915)
INFO:nas.trainer:eval | (sampled_gnn, metric_val) = (['gcn', 'gin', 2, 'global_max_pool', 3000], 0.8085106382978723)
INFO:nas.trainer:eval | (sampled_gnn, metric_val) = (['tag', 'gcn', 2, 'global_max_pool', 3000], 0.776595744680851)
INFO:nas.trainer:eval | (sampled_gnn, metric_val) = (['sg', 'gin', 2, 'global_max_pool', 5000], 0.7553191489361702)
INFO:nas.trainer:eval | (sampled_gnn, metric_val) = (['gin', 'gin', 2, 'global_max_pool', 4000], 0.776595744680851)
INFO:nas.trainer:train | 20 era_time 8411.154875516891
INFO:nas.trainer:eval | (sampled_gnn, metric_val) = (['gmm', 'gin', 2, 'global_max_pool', 6000], 0.776595744680851)
INFO:nas.trainer:eval | (sampled_gnn, metric_val) = (['sage', 'ssg', 2, 'global_max_pool', 6500], 0.7659574468085106)
INFO:nas.trainer:eval | (sampled_gnn, metric_val) = (['gin', 'gin', 2, 'global_max_pool', 3000], 0.7872340425531915)
INFO:nas.trainer:eval | (sampled_gnn, metric_val) = (['tag', 'gin', 2, 'global_mean_pool', 3500], 0.776595744680851)
INFO:nas.trainer:eval | (sampled_gnn, metric_val) = (['sage', 'sage', 2, 'global_max_pool', 3000], 0.7872340425531915)
INFO:nas.trainer:eval | (sampled_gnn, metric_val) = (['gcn', 'gin', 2, 'global_max_pool', 4500], 0.7553191489361702)
INFO:nas.trainer:eval | (sampled_gnn, metric_val) = (['tag', 'gin', 2, 'global_max_pool', 4500], 0.776595744680851)
INFO:nas.trainer:eval | (sampled_gnn, metric_val) = (['tag', 'gcn', 2, 'global_max_pool', 5000], 0.7872340425531915)
INFO:nas.trainer:eval | (sampled_gnn, metric_val) = (['tag', 'gin', 2, 'global_max_pool', 4000], 0.7553191489361702)
INFO:nas.trainer:eval | (sampled_gnn, metric_val) = (['tag', 'gcn', 2, 'global_max_pool', 3500], 0.7659574468085106)
INFO:nas.trainer:eval | (sampled_gnn, metric_val) = (['sage', 'gat', 2, 'global_max_pool', 5500], 0.7446808510638298)
INFO:nas.trainer:eval | (sampled_gnn, metric_val) = (['gcn', 'gmm', 2, 'global_mean_pool', 3500], 0.776595744680851)
INFO:nas.trainer:eval | (sampled_gnn, metric_val) = (['gin', 'gcn', 2, 'global_max_pool', 6500], 0.8297872340425532)
INFO:nas.trainer:eval | (sampled_gnn, metric_val) = (['gcn', 'gcn', 2, 'global_max_pool', 4500], 0.7978723404255319)
INFO:nas.trainer:eval | (sampled_gnn, metric_val) = (['gat', 'gin', 2, 'global_max_pool', 3500], 0.776595744680851)
INFO:nas.trainer:eval | (sampled_gnn, metric_val) = (['ssg', 'gcn', 2, 'global_max_pool', 4000], 0.7659574468085106)
INFO:nas.trainer:eval | (sampled_gnn, metric_val) = (['gcn', 'gin', 2, 'global_max_pool', 6500], 0.776595744680851)
INFO:nas.trainer:eval | (sampled_gnn, metric_val) = (['tag', 'gin', 2, 'global_max_pool', 5000], 0.8297872340425532)
INFO:nas.trainer:eval | (sampled_gnn, metric_val) = (['gin', 'gat', 2, 'global_max_pool', 3500], 0.8191489361702128)
INFO:nas.trainer:eval | (sampled_gnn, metric_val) = (['gin', 'gcn', 2, 'global_max_pool', 5000], 0.7872340425531915)
INFO:nas.trainer:train | 21 era_time 8680.040945529938
INFO:nas.trainer:eval | (sampled_gnn, metric_val) = (['sg', 'gin', 2, 'global_max_pool', 6500], 0.8404255319148937)
INFO:nas.trainer:eval | (sampled_gnn, metric_val) = (['gmm', 'gin', 2, 'global_mean_pool', 4000], 0.776595744680851)
INFO:nas.trainer:eval | (sampled_gnn, metric_val) = (['gin', 'gin', 2, 'global_max_pool', 3000], 0.7872340425531915)
INFO:nas.trainer:eval | (sampled_gnn, metric_val) = (['gcn', 'gcn', 2, 'global_max_pool', 5000], 0.7446808510638298)
INFO:nas.trainer:eval | (sampled_gnn, metric_val) = (['sage', 'tag', 2, 'global_max_pool', 3000], 0.7872340425531915)
INFO:nas.trainer:eval | (sampled_gnn, metric_val) = (['gmm', 'gin', 2, 'global_max_pool', 3000], 0.7872340425531915)
INFO:nas.trainer:eval | (sampled_gnn, metric_val) = (['sg', 'sage', 2, 'global_max_pool', 4500], 0.7553191489361702)
INFO:nas.trainer:eval | (sampled_gnn, metric_val) = (['gcn', 'gcn', 2, 'global_max_pool', 4500], 0.7553191489361702)
INFO:nas.trainer:eval | (sampled_gnn, metric_val) = (['gcn', 'gin', 2, 'global_max_pool', 4500], 0.8191489361702128)
INFO:nas.trainer:eval | (sampled_gnn, metric_val) = (['gin', 'gin', 2, 'global_max_pool', 6500], 0.776595744680851)
INFO:nas.trainer:eval | (sampled_gnn, metric_val) = (['sage', 'ssg', 2, 'global_mean_pool', 6500], 0.7553191489361702)
INFO:nas.trainer:eval | (sampled_gnn, metric_val) = (['gcn', 'gin', 2, 'global_max_pool', 5500], 0.7553191489361702)
INFO:nas.trainer:eval | (sampled_gnn, metric_val) = (['gin', 'gcn', 2, 'global_max_pool', 4000], 0.7872340425531915)
INFO:nas.trainer:eval | (sampled_gnn, metric_val) = (['gat', 'gmm', 2, 'global_max_pool', 3500], 0.7978723404255319)
INFO:nas.trainer:eval | (sampled_gnn, metric_val) = (['gat', 'gcn', 2, 'global_max_pool', 5000], 0.8191489361702128)
INFO:nas.trainer:eval | (sampled_gnn, metric_val) = (['gcn', 'gin', 2, 'global_max_pool', 6000], 0.776595744680851)
INFO:nas.trainer:eval | (sampled_gnn, metric_val) = (['gcn', 'ssg', 2, 'global_max_pool', 3000], 0.8297872340425532)
INFO:nas.trainer:eval | (sampled_gnn, metric_val) = (['ssg', 'gin', 2, 'global_add_pool', 5000], 0.851063829787234)
INFO:nas.trainer:eval | (sampled_gnn, metric_val) = (['gcn', 'gin', 2, 'global_max_pool', 7000], 0.7872340425531915)
INFO:nas.trainer:eval | (sampled_gnn, metric_val) = (['tag', 'gin', 2, 'global_max_pool', 5000], 0.8191489361702128)
INFO:nas.trainer:train | 22 era_time 8902.264829397202
INFO:nas.trainer:eval | (sampled_gnn, metric_val) = (['gat', 'ssg', 2, 'global_max_pool', 4500], 0.723404255319149)
INFO:nas.trainer:eval | (sampled_gnn, metric_val) = (['gin', 'gmm', 2, 'global_max_pool', 3000], 0.776595744680851)
INFO:nas.trainer:eval | (sampled_gnn, metric_val) = (['tag', 'tag', 2, 'global_max_pool', 3500], 0.7978723404255319)
INFO:nas.trainer:eval | (sampled_gnn, metric_val) = (['gin', 'tag', 2, 'global_add_pool', 5000], 0.7872340425531915)
INFO:nas.trainer:eval | (sampled_gnn, metric_val) = (['tag', 'tag', 2, 'global_add_pool', 5500], 0.7127659574468085)
INFO:nas.trainer:eval | (sampled_gnn, metric_val) = (['ssg', 'gat', 2, 'global_max_pool', 4500], 0.7446808510638298)
INFO:nas.trainer:eval | (sampled_gnn, metric_val) = (['gin', 'gcn', 2, 'global_max_pool', 7000], 0.8085106382978723)
INFO:nas.trainer:eval | (sampled_gnn, metric_val) = (['gcn', 'sg', 2, 'global_max_pool', 5500], 0.7872340425531915)
INFO:nas.trainer:eval | (sampled_gnn, metric_val) = (['gin', 'tag', 2, 'global_add_pool', 6000], 0.776595744680851)
INFO:nas.trainer:eval | (sampled_gnn, metric_val) = (['ssg', 'gin', 2, 'global_max_pool', 8000], 0.7872340425531915)
INFO:nas.trainer:eval | (sampled_gnn, metric_val) = (['tag', 'gcn', 2, 'global_max_pool', 5000], 0.7872340425531915)
INFO:nas.trainer:eval | (sampled_gnn, metric_val) = (['gcn', 'gcn', 2, 'global_max_pool', 3000], 0.7872340425531915)
INFO:nas.trainer:eval | (sampled_gnn, metric_val) = (['ssg', 'sg', 2, 'global_add_pool', 3000], 0.776595744680851)
INFO:nas.trainer:eval | (sampled_gnn, metric_val) = (['tag', 'tag', 2, 'global_add_pool', 3000], 0.8191489361702128)
INFO:nas.trainer:eval | (sampled_gnn, metric_val) = (['sage', 'gcn', 2, 'global_max_pool', 4500], 0.7872340425531915)
INFO:nas.trainer:eval | (sampled_gnn, metric_val) = (['gmm', 'sg', 2, 'global_add_pool', 6000], 0.776595744680851)
INFO:nas.trainer:eval | (sampled_gnn, metric_val) = (['tag', 'tag', 2, 'global_max_pool', 6000], 0.7553191489361702)
INFO:nas.trainer:eval | (sampled_gnn, metric_val) = (['gmm', 'gin', 2, 'global_max_pool', 3500], 0.8191489361702128)
INFO:nas.trainer:eval | (sampled_gnn, metric_val) = (['ssg', 'gin', 2, 'global_max_pool', 6000], 0.7978723404255319)
INFO:nas.trainer:eval | (sampled_gnn, metric_val) = (['gin', 'gat', 2, 'global_add_pool', 6000], 0.7978723404255319)
INFO:nas.trainer:train | 23 era_time 9620.969159841537
INFO:nas.trainer:eval | (sampled_gnn, metric_val) = (['gat', 'gcn', 2, 'global_add_pool', 8000], 0.8297872340425532)
INFO:nas.trainer:eval | (sampled_gnn, metric_val) = (['gin', 'ssg', 2, 'global_max_pool', 7500], 0.7978723404255319)
INFO:nas.trainer:eval | (sampled_gnn, metric_val) = (['ssg', 'gin', 2, 'global_max_pool', 4500], 0.7872340425531915)
INFO:nas.trainer:eval | (sampled_gnn, metric_val) = (['sage', 'tag', 2, 'global_add_pool', 5000], 0.7659574468085106)
INFO:nas.trainer:eval | (sampled_gnn, metric_val) = (['gmm', 'gin', 2, 'global_mean_pool', 6000], 0.7659574468085106)
INFO:nas.trainer:eval | (sampled_gnn, metric_val) = (['ssg', 'tag', 2, 'global_max_pool', 5500], 0.8191489361702128)
INFO:nas.trainer:eval | (sampled_gnn, metric_val) = (['sg', 'gin', 2, 'global_add_pool', 6000], 0.8297872340425532)
INFO:nas.trainer:eval | (sampled_gnn, metric_val) = (['gin', 'gcn', 2, 'global_add_pool', 4500], 0.7127659574468085)
INFO:nas.trainer:eval | (sampled_gnn, metric_val) = (['tag', 'tag', 2, 'global_max_pool', 5000], 0.7978723404255319)
INFO:nas.trainer:eval | (sampled_gnn, metric_val) = (['gcn', 'gcn', 2, 'global_max_pool', 5500], 0.7872340425531915)
INFO:nas.trainer:eval | (sampled_gnn, metric_val) = (['gcn', 'gcn', 2, 'global_max_pool', 4500], 0.776595744680851)
INFO:nas.trainer:eval | (sampled_gnn, metric_val) = (['gat', 'gcn', 2, 'global_max_pool', 3000], 0.7872340425531915)
INFO:nas.trainer:eval | (sampled_gnn, metric_val) = (['gin', 'gmm', 2, 'global_add_pool', 7000], 0.8191489361702128)
INFO:nas.trainer:eval | (sampled_gnn, metric_val) = (['ssg', 'tag', 2, 'global_add_pool', 5000], 0.723404255319149)
INFO:nas.trainer:eval | (sampled_gnn, metric_val) = (['tag', 'gin', 2, 'global_max_pool', 7500], 0.7872340425531915)
INFO:nas.trainer:eval | (sampled_gnn, metric_val) = (['ssg', 'tag', 2, 'global_max_pool', 4500], 0.7659574468085106)
INFO:nas.trainer:eval | (sampled_gnn, metric_val) = (['gat', 'ssg', 2, 'global_add_pool', 8000], 0.7446808510638298)
INFO:nas.trainer:eval | (sampled_gnn, metric_val) = (['gmm', 'gcn', 2, 'global_max_pool', 4500], 0.8085106382978723)
INFO:nas.trainer:eval | (sampled_gnn, metric_val) = (['sg', 'tag', 2, 'global_add_pool', 3000], 0.7553191489361702)
INFO:nas.trainer:eval | (sampled_gnn, metric_val) = (['gin', 'gcn', 2, 'global_add_pool', 3000], 0.7978723404255319)
INFO:nas.trainer:train | 24 era_time 10415.005229711533
INFO:nas.trainer:eval | (sampled_gnn, metric_val) = (['tag', 'tag', 2, 'global_max_pool', 6000], 0.7872340425531915)
INFO:nas.trainer:eval | (sampled_gnn, metric_val) = (['gcn', 'tag', 2, 'global_max_pool', 3000], 0.7978723404255319)
INFO:nas.trainer:eval | (sampled_gnn, metric_val) = (['gin', 'sg', 2, 'global_max_pool', 7500], 0.7978723404255319)
INFO:nas.trainer:eval | (sampled_gnn, metric_val) = (['gin', 'gcn', 2, 'global_max_pool', 6000], 0.8191489361702128)
INFO:nas.trainer:eval | (sampled_gnn, metric_val) = (['tag', 'tag', 2, 'global_max_pool', 5500], 0.7872340425531915)
INFO:nas.trainer:eval | (sampled_gnn, metric_val) = (['gcn', 'gcn', 2, 'global_max_pool', 6500], 0.7553191489361702)
INFO:nas.trainer:eval | (sampled_gnn, metric_val) = (['sg', 'gcn', 2, 'global_max_pool', 6000], 0.776595744680851)
INFO:nas.trainer:eval | (sampled_gnn, metric_val) = (['ssg', 'gin', 2, 'global_add_pool', 3500], 0.7978723404255319)
INFO:nas.trainer:eval | (sampled_gnn, metric_val) = (['gat', 'ssg', 2, 'global_max_pool', 7500], 0.7872340425531915)
INFO:nas.trainer:eval | (sampled_gnn, metric_val) = (['ssg', 'gin', 2, 'global_add_pool', 6000], 0.8085106382978723)
INFO:nas.trainer:eval | (sampled_gnn, metric_val) = (['sage', 'sg', 2, 'global_max_pool', 3500], 0.7446808510638298)
INFO:nas.trainer:eval | (sampled_gnn, metric_val) = (['sg', 'gat', 2, 'global_add_pool', 6000], 0.776595744680851)
INFO:nas.trainer:eval | (sampled_gnn, metric_val) = (['tag', 'gcn', 2, 'global_add_pool', 7000], 0.7872340425531915)
INFO:nas.trainer:eval | (sampled_gnn, metric_val) = (['tag', 'sg', 2, 'global_max_pool', 4000], 0.8191489361702128)
INFO:nas.trainer:eval | (sampled_gnn, metric_val) = (['ssg', 'tag', 2, 'global_max_pool', 7000], 0.8085106382978723)
INFO:nas.trainer:eval | (sampled_gnn, metric_val) = (['tag', 'tag', 2, 'global_max_pool', 7500], 0.776595744680851)
INFO:nas.trainer:eval | (sampled_gnn, metric_val) = (['gmm', 'gcn', 2, 'global_max_pool', 3000], 0.7340425531914894)
INFO:nas.trainer:eval | (sampled_gnn, metric_val) = (['tag', 'gin', 2, 'global_add_pool', 7000], 0.7659574468085106)
INFO:nas.trainer:eval | (sampled_gnn, metric_val) = (['ssg', 'gcn', 2, 'global_max_pool', 4500], 0.7553191489361702)
INFO:nas.trainer:eval | (sampled_gnn, metric_val) = (['gin', 'gin', 2, 'global_max_pool', 8000], 0.7659574468085106)
INFO:nas.trainer:train | 25 era_time 11222.958385944366
INFO:nas.trainer:eval | (sampled_gnn, metric_val) = (['sg', 'gin', 2, 'global_max_pool', 3000], 0.776595744680851)
INFO:nas.trainer:eval | (sampled_gnn, metric_val) = (['gat', 'gat', 2, 'global_max_pool', 3000], 0.7978723404255319)
INFO:nas.trainer:eval | (sampled_gnn, metric_val) = (['gin', 'gmm', 2, 'global_max_pool', 3000], 0.776595744680851)
INFO:nas.trainer:eval | (sampled_gnn, metric_val) = (['tag', 'gcn', 2, 'global_max_pool', 8000], 0.8191489361702128)
INFO:nas.trainer:eval | (sampled_gnn, metric_val) = (['gmm', 'sg', 2, 'global_max_pool', 8000], 0.7978723404255319)
INFO:nas.trainer:eval | (sampled_gnn, metric_val) = (['gcn', 'tag', 2, 'global_max_pool', 7000], 0.7446808510638298)
INFO:nas.trainer:eval | (sampled_gnn, metric_val) = (['gin', 'gin', 2, 'global_add_pool', 7500], 0.7872340425531915)
INFO:nas.trainer:eval | (sampled_gnn, metric_val) = (['gin', 'gcn', 2, 'global_max_pool', 4500], 0.7446808510638298)
INFO:nas.trainer:eval | (sampled_gnn, metric_val) = (['gmm', 'tag', 2, 'global_max_pool', 8000], 0.8404255319148937)
INFO:nas.trainer:eval | (sampled_gnn, metric_val) = (['gcn', 'gcn', 2, 'global_add_pool', 8000], 0.7659574468085106)
INFO:nas.trainer:eval | (sampled_gnn, metric_val) = (['gat', 'sg', 2, 'global_max_pool', 5500], 0.776595744680851)
INFO:nas.trainer:eval | (sampled_gnn, metric_val) = (['gmm', 'gcn', 2, 'global_add_pool', 4000], 0.776595744680851)
INFO:nas.trainer:eval | (sampled_gnn, metric_val) = (['gcn', 'gcn', 2, 'global_max_pool', 7500], 0.7553191489361702)
INFO:nas.trainer:eval | (sampled_gnn, metric_val) = (['ssg', 'gin', 2, 'global_max_pool', 5000], 0.7872340425531915)
INFO:nas.trainer:eval | (sampled_gnn, metric_val) = (['gin', 'gin', 2, 'global_max_pool', 5000], 0.7978723404255319)
INFO:nas.trainer:eval | (sampled_gnn, metric_val) = (['gmm', 'gin', 2, 'global_add_pool', 3500], 0.776595744680851)
INFO:nas.trainer:eval | (sampled_gnn, metric_val) = (['sg', 'gcn', 2, 'global_max_pool', 5000], 0.8191489361702128)
INFO:nas.trainer:eval | (sampled_gnn, metric_val) = (['tag', 'tag', 2, 'global_add_pool', 7000], 0.7659574468085106)
INFO:nas.trainer:eval | (sampled_gnn, metric_val) = (['gin', 'gcn', 2, 'global_max_pool', 3500], 0.776595744680851)
INFO:nas.trainer:eval | (sampled_gnn, metric_val) = (['sg', 'gin', 2, 'global_max_pool', 3500], 0.776595744680851)
INFO:nas.trainer:train | 26 era_time 10583.426620006561
INFO:nas.trainer:eval | (sampled_gnn, metric_val) = (['tag', 'tag', 2, 'global_max_pool', 5000], 0.7446808510638298)
INFO:nas.trainer:eval | (sampled_gnn, metric_val) = (['sg', 'gin', 2, 'global_add_pool', 7500], 0.7872340425531915)
INFO:nas.trainer:eval | (sampled_gnn, metric_val) = (['tag', 'tag', 2, 'global_max_pool', 3000], 0.7553191489361702)
INFO:nas.trainer:eval | (sampled_gnn, metric_val) = (['gcn', 'gcn', 2, 'global_max_pool', 3000], 0.7872340425531915)
INFO:nas.trainer:eval | (sampled_gnn, metric_val) = (['gcn', 'sg', 2, 'global_add_pool', 7500], 0.7659574468085106)
INFO:nas.trainer:eval | (sampled_gnn, metric_val) = (['gcn', 'sg', 2, 'global_add_pool', 4500], 0.776595744680851)
INFO:nas.trainer:eval | (sampled_gnn, metric_val) = (['gcn', 'sg', 2, 'global_max_pool', 3500], 0.723404255319149)
INFO:nas.trainer:eval | (sampled_gnn, metric_val) = (['gmm', 'sage', 2, 'global_add_pool', 4000], 0.8191489361702128)
INFO:nas.trainer:eval | (sampled_gnn, metric_val) = (['sage', 'gin', 2, 'global_max_pool', 6000], 0.776595744680851)
INFO:nas.trainer:eval | (sampled_gnn, metric_val) = (['sage', 'gin', 2, 'global_max_pool', 5000], 0.7872340425531915)
INFO:nas.trainer:eval | (sampled_gnn, metric_val) = (['gat', 'tag', 2, 'global_add_pool', 7000], 0.776595744680851)
INFO:nas.trainer:eval | (sampled_gnn, metric_val) = (['gin', 'gin', 2, 'global_max_pool', 7000], 0.7659574468085106)
INFO:nas.trainer:eval | (sampled_gnn, metric_val) = (['sg', 'gin', 2, 'global_add_pool', 3000], 0.7553191489361702)
INFO:nas.trainer:eval | (sampled_gnn, metric_val) = (['gin', 'tag', 2, 'global_max_pool', 3500], 0.7978723404255319)
INFO:nas.trainer:eval | (sampled_gnn, metric_val) = (['sage', 'tag', 2, 'global_add_pool', 7500], 0.7127659574468085)
INFO:nas.trainer:eval | (sampled_gnn, metric_val) = (['gin', 'gcn', 2, 'global_add_pool', 3500], 0.7978723404255319)
INFO:nas.trainer:eval | (sampled_gnn, metric_val) = (['tag', 'gcn', 2, 'global_max_pool', 4000], 0.7553191489361702)
INFO:nas.trainer:eval | (sampled_gnn, metric_val) = (['gmm', 'gin', 2, 'global_add_pool', 3000], 0.7659574468085106)
INFO:nas.trainer:eval | (sampled_gnn, metric_val) = (['sg', 'gcn', 2, 'global_add_pool', 3500], 0.7872340425531915)
INFO:nas.trainer:eval | (sampled_gnn, metric_val) = (['gmm', 'gcn', 2, 'global_max_pool', 3000], 0.723404255319149)
INFO:nas.trainer:train | 27 era_time 8963.085688114166
INFO:nas.trainer:eval | (sampled_gnn, metric_val) = (['tag', 'gcn', 2, 'global_max_pool', 6000], 0.776595744680851)
INFO:nas.trainer:eval | (sampled_gnn, metric_val) = (['gcn', 'gcn', 2, 'global_max_pool', 3500], 0.7872340425531915)
INFO:nas.trainer:eval | (sampled_gnn, metric_val) = (['gin', 'gcn', 2, 'global_max_pool', 4500], 0.8085106382978723)
INFO:nas.trainer:eval | (sampled_gnn, metric_val) = (['gcn', 'sg', 2, 'global_max_pool', 7500], 0.7553191489361702)
INFO:nas.trainer:eval | (sampled_gnn, metric_val) = (['gmm', 'gcn', 2, 'global_max_pool', 3000], 0.776595744680851)
INFO:nas.trainer:eval | (sampled_gnn, metric_val) = (['gin', 'gcn', 2, 'global_max_pool', 3500], 0.7340425531914894)
INFO:nas.trainer:eval | (sampled_gnn, metric_val) = (['gcn', 'tag', 2, 'global_mean_pool', 7000], 0.8085106382978723)
INFO:nas.trainer:eval | (sampled_gnn, metric_val) = (['gin', 'tag', 2, 'global_max_pool', 7500], 0.8085106382978723)
INFO:nas.trainer:eval | (sampled_gnn, metric_val) = (['gmm', 'gin', 2, 'global_max_pool', 3000], 0.7659574468085106)
INFO:nas.trainer:eval | (sampled_gnn, metric_val) = (['ssg', 'gin', 2, 'global_add_pool', 3000], 0.22340425531914893)
INFO:nas.trainer:eval | (sampled_gnn, metric_val) = (['gmm', 'gin', 2, 'global_max_pool', 3000], 0.8404255319148937)
INFO:nas.trainer:eval | (sampled_gnn, metric_val) = (['gcn', 'gcn', 2, 'global_add_pool', 5500], 0.7978723404255319)
INFO:nas.trainer:eval | (sampled_gnn, metric_val) = (['sage', 'gat', 2, 'global_max_pool', 5000], 0.8191489361702128)
INFO:nas.trainer:eval | (sampled_gnn, metric_val) = (['gcn', 'gcn', 2, 'global_add_pool', 4500], 0.7978723404255319)
INFO:nas.trainer:eval | (sampled_gnn, metric_val) = (['gat', 'gin', 2, 'global_add_pool', 3000], 0.7553191489361702)
INFO:nas.trainer:eval | (sampled_gnn, metric_val) = (['sg', 'gin', 2, 'global_add_pool', 3000], 0.8191489361702128)
INFO:nas.trainer:eval | (sampled_gnn, metric_val) = (['gcn', 'gcn', 2, 'global_max_pool', 7000], 0.7446808510638298)
INFO:nas.trainer:eval | (sampled_gnn, metric_val) = (['sg', 'gin', 2, 'global_add_pool', 8000], 0.7872340425531915)
INFO:nas.trainer:eval | (sampled_gnn, metric_val) = (['tag', 'gmm', 2, 'global_add_pool', 5000], 0.7659574468085106)
INFO:nas.trainer:eval | (sampled_gnn, metric_val) = (['gin', 'gcn', 2, 'global_max_pool', 8000], 0.776595744680851)
INFO:nas.trainer:train | 28 era_time 9446.599001169205
INFO:nas.trainer:eval | (sampled_gnn, metric_val) = (['gcn', 'gin', 2, 'global_add_pool', 6000], 0.7553191489361702)
INFO:nas.trainer:eval | (sampled_gnn, metric_val) = (['gat', 'tag', 2, 'global_max_pool', 7500], 0.7553191489361702)
INFO:nas.trainer:eval | (sampled_gnn, metric_val) = (['gcn', 'gmm', 2, 'global_max_pool', 7500], 0.7446808510638298)
INFO:nas.trainer:eval | (sampled_gnn, metric_val) = (['ssg', 'gin', 2, 'global_max_pool', 3000], 0.7872340425531915)
INFO:nas.trainer:eval | (sampled_gnn, metric_val) = (['gat', 'sg', 2, 'global_max_pool', 8000], 0.7872340425531915)
INFO:nas.trainer:eval | (sampled_gnn, metric_val) = (['gcn', 'gin', 2, 'global_add_pool', 6000], 0.7553191489361702)
INFO:nas.trainer:eval | (sampled_gnn, metric_val) = (['tag', 'tag', 2, 'global_max_pool', 4500], 0.776595744680851)
INFO:nas.trainer:eval | (sampled_gnn, metric_val) = (['sg', 'sage', 2, 'global_max_pool', 4500], 0.7872340425531915)
INFO:nas.trainer:eval | (sampled_gnn, metric_val) = (['gat', 'gcn', 2, 'global_add_pool', 3500], 0.776595744680851)
INFO:nas.trainer:eval | (sampled_gnn, metric_val) = (['ssg', 'gcn', 2, 'global_add_pool', 5000], 0.7553191489361702)
INFO:nas.trainer:eval | (sampled_gnn, metric_val) = (['gmm', 'gat', 2, 'global_add_pool', 5500], 0.7553191489361702)
INFO:nas.trainer:eval | (sampled_gnn, metric_val) = (['gmm', 'tag', 2, 'global_max_pool', 3000], 0.7127659574468085)
INFO:nas.trainer:eval | (sampled_gnn, metric_val) = (['gat', 'tag', 2, 'global_max_pool', 3000], 0.8085106382978723)
INFO:nas.trainer:eval | (sampled_gnn, metric_val) = (['tag', 'gcn', 2, 'global_max_pool', 4500], 0.7978723404255319)
INFO:nas.trainer:eval | (sampled_gnn, metric_val) = (['gmm', 'gin', 2, 'global_add_pool', 7500], 0.776595744680851)
INFO:nas.trainer:eval | (sampled_gnn, metric_val) = (['gcn', 'tag', 2, 'global_add_pool', 5500], 0.7659574468085106)
INFO:nas.trainer:eval | (sampled_gnn, metric_val) = (['ssg', 'gcn', 2, 'global_max_pool', 7500], 0.7978723404255319)
INFO:nas.trainer:eval | (sampled_gnn, metric_val) = (['tag', 'gin', 2, 'global_max_pool', 7500], 0.8085106382978723)
INFO:nas.trainer:eval | (sampled_gnn, metric_val) = (['tag', 'sg', 2, 'global_add_pool', 4500], 0.776595744680851)
INFO:nas.trainer:eval | (sampled_gnn, metric_val) = (['gat', 'tag', 2, 'global_max_pool', 7000], 0.8297872340425532)
INFO:nas.trainer:train | 29 era_time 11020.354081392288
INFO:nas.trainer:eval | (sampled_gnn, metric_val) = (['tag', 'gin', 2, 'global_add_pool', 5000], 0.7872340425531915)
INFO:nas.trainer:eval | (sampled_gnn, metric_val) = (['gin', 'gcn', 2, 'global_max_pool', 6000], 0.7446808510638298)
INFO:nas.trainer:eval | (sampled_gnn, metric_val) = (['gin', 'gmm', 2, 'global_add_pool', 4000], 0.7978723404255319)
INFO:nas.trainer:eval | (sampled_gnn, metric_val) = (['gcn', 'gcn', 2, 'global_add_pool', 5000], 0.7659574468085106)
INFO:nas.trainer:eval | (sampled_gnn, metric_val) = (['sage', 'sg', 2, 'global_max_pool', 4000], 0.7872340425531915)
INFO:nas.trainer:eval | (sampled_gnn, metric_val) = (['tag', 'gin', 2, 'global_max_pool', 5000], 0.7978723404255319)
INFO:nas.trainer:eval | (sampled_gnn, metric_val) = (['tag', 'tag', 2, 'global_max_pool', 3500], 0.7446808510638298)
INFO:nas.trainer:eval | (sampled_gnn, metric_val) = (['gmm', 'gin', 2, 'global_max_pool', 3000], 0.7872340425531915)
INFO:nas.trainer:eval | (sampled_gnn, metric_val) = (['gat', 'gcn', 2, 'global_add_pool', 3500], 0.7659574468085106)
INFO:nas.trainer:eval | (sampled_gnn, metric_val) = (['gat', 'tag', 2, 'global_max_pool', 7500], 0.8191489361702128)
INFO:nas.trainer:eval | (sampled_gnn, metric_val) = (['tag', 'gcn', 2, 'global_max_pool', 5000], 0.8191489361702128)
INFO:nas.trainer:eval | (sampled_gnn, metric_val) = (['tag', 'gcn', 2, 'global_add_pool', 4500], 0.7872340425531915)
INFO:nas.trainer:eval | (sampled_gnn, metric_val) = (['ssg', 'gcn', 2, 'global_max_pool', 7000], 0.7340425531914894)
INFO:nas.trainer:eval | (sampled_gnn, metric_val) = (['sage', 'gcn', 2, 'global_max_pool', 5000], 0.776595744680851)
INFO:nas.trainer:eval | (sampled_gnn, metric_val) = (['sg', 'gcn', 2, 'global_max_pool', 3000], 0.7446808510638298)
INFO:nas.trainer:eval | (sampled_gnn, metric_val) = (['tag', 'tag', 2, 'global_max_pool', 3500], 0.776595744680851)
INFO:nas.trainer:eval | (sampled_gnn, metric_val) = (['ssg', 'ssg', 2, 'global_max_pool', 7000], 0.7446808510638298)
INFO:nas.trainer:eval | (sampled_gnn, metric_val) = (['tag', 'gin', 2, 'global_max_pool', 7500], 0.8191489361702128)
INFO:nas.trainer:eval | (sampled_gnn, metric_val) = (['gat', 'tag', 2, 'global_max_pool', 7000], 0.8404255319148937)
INFO:nas.trainer:eval | (sampled_gnn, metric_val) = (['gcn', 'gin', 2, 'global_max_pool', 4500], 0.8085106382978723)
INFO:nas.trainer:train | 30 era_time 9943.600498914719
ERROR:__main__:cfg_file = '/home/ubuntu/GNN-AID/src/nas/cfg/33.yml'
[Errno 2] No such file or directory: 'save/Trainer_600.pkl'
