INFO:__main__:dataset:
- multiple-graphs
- TUDataset
- COX2
derive_num: 10
is_random: false
logfname: cox2_basic_no-combinations.log
nas_args:
  dynamic_behaviour: undefined
  dynamic_nas_steps: 150
  forward:
    mode: train
    softmax_temp: 5.0
    tanh_c: 2.5
  hidden_size: 100
  reset:
    init_range: 0.1
ss_args:
  debug: false
  prob_scale: 4
  type: basic
  with_combinations: false
trainer_args:
  derive:
    derive_from_history: false
  eval:
    save_model_flag: false
  train:
    derive_finaly: false
    num_eras: 30
    save_eras: 50
  train_controller:
    epochs: 20

INFO:nas.trainer:eval | (sampled_gnn, metric_val) = (['ssg', 2, 'global_max_pool', 3000], 0.7978723404255319)
INFO:nas.trainer:eval | (sampled_gnn, metric_val) = (['gmm', 2, 'global_max_pool', 7500], 0.8191489361702128)
INFO:nas.trainer:eval | (sampled_gnn, metric_val) = (['ssg', 2, 'global_max_pool', 7500], 0.7872340425531915)
INFO:nas.trainer:eval | (sampled_gnn, metric_val) = (['gin', 2, 'global_mean_pool', 5000], 0.7872340425531915)
INFO:nas.trainer:eval | (sampled_gnn, metric_val) = (['sage', 2, 'global_add_pool', 8000], 0.851063829787234)
INFO:nas.trainer:eval | (sampled_gnn, metric_val) = (['gin', 2, 'global_max_pool', 4500], 0.8085106382978723)
INFO:nas.trainer:eval | (sampled_gnn, metric_val) = (['ssg', 2, 'global_add_pool', 5500], 0.8191489361702128)
INFO:nas.trainer:eval | (sampled_gnn, metric_val) = (['gmm', 2, 'global_mean_pool', 5500], 0.8404255319148937)
INFO:nas.trainer:eval | (sampled_gnn, metric_val) = (['gin', 2, 'global_max_pool', 5000], 0.7659574468085106)
INFO:nas.trainer:eval | (sampled_gnn, metric_val) = (['gin', 2, 'global_add_pool', 7000], 0.8404255319148937)
INFO:nas.trainer:eval | (sampled_gnn, metric_val) = (['sage', 2, 'global_max_pool', 5500], 0.776595744680851)
INFO:nas.trainer:eval | (sampled_gnn, metric_val) = (['gcn', 2, 'global_add_pool', 5500], 0.8404255319148937)
INFO:nas.trainer:eval | (sampled_gnn, metric_val) = (['gmm', 2, 'global_mean_pool', 5000], 0.7978723404255319)
INFO:nas.trainer:eval | (sampled_gnn, metric_val) = (['tag', 2, 'global_add_pool', 3500], 0.7446808510638298)
INFO:nas.trainer:eval | (sampled_gnn, metric_val) = (['sg', 2, 'global_mean_pool', 3000], 0.8191489361702128)
INFO:nas.trainer:eval | (sampled_gnn, metric_val) = (['sage', 2, 'global_mean_pool', 3000], 0.8404255319148937)
INFO:nas.trainer:eval | (sampled_gnn, metric_val) = (['sage', 2, 'global_max_pool', 7500], 0.851063829787234)
INFO:nas.trainer:eval | (sampled_gnn, metric_val) = (['gat', 2, 'global_add_pool', 5500], 0.8085106382978723)
INFO:nas.trainer:eval | (sampled_gnn, metric_val) = (['sage', 2, 'global_add_pool', 5000], 0.8191489361702128)
INFO:nas.trainer:eval | (sampled_gnn, metric_val) = (['tag', 2, 'global_max_pool', 5500], 0.7446808510638298)
INFO:nas.trainer:train | 1 era_time 9979.525973796844
INFO:nas.trainer:eval | (sampled_gnn, metric_val) = (['sage', 2, 'global_add_pool', 5500], 0.8404255319148937)
INFO:nas.trainer:eval | (sampled_gnn, metric_val) = (['tag', 2, 'global_max_pool', 4000], 0.723404255319149)
INFO:nas.trainer:eval | (sampled_gnn, metric_val) = (['gin', 2, 'global_max_pool', 4000], 0.7978723404255319)
INFO:nas.trainer:eval | (sampled_gnn, metric_val) = (['gmm', 2, 'global_add_pool', 8000], 0.7978723404255319)
INFO:nas.trainer:eval | (sampled_gnn, metric_val) = (['sage', 2, 'global_mean_pool', 8000], 0.8191489361702128)
INFO:nas.trainer:eval | (sampled_gnn, metric_val) = (['gat', 2, 'global_max_pool', 6000], 0.776595744680851)
INFO:nas.trainer:eval | (sampled_gnn, metric_val) = (['gin', 2, 'global_mean_pool', 5500], 0.7978723404255319)
INFO:nas.trainer:eval | (sampled_gnn, metric_val) = (['gmm', 2, 'global_mean_pool', 5500], 0.7978723404255319)
INFO:nas.trainer:eval | (sampled_gnn, metric_val) = (['sg', 2, 'global_mean_pool', 3000], 0.8297872340425532)
INFO:nas.trainer:eval | (sampled_gnn, metric_val) = (['sg', 2, 'global_max_pool', 6500], 0.8404255319148937)
INFO:nas.trainer:eval | (sampled_gnn, metric_val) = (['gcn', 2, 'global_max_pool', 6500], 0.8404255319148937)
INFO:nas.trainer:eval | (sampled_gnn, metric_val) = (['tag', 2, 'global_add_pool', 7500], 0.8297872340425532)
INFO:nas.trainer:eval | (sampled_gnn, metric_val) = (['sg', 2, 'global_max_pool', 4000], 0.8085106382978723)
INFO:nas.trainer:eval | (sampled_gnn, metric_val) = (['gmm', 2, 'global_add_pool', 3500], 0.8404255319148937)
INFO:nas.trainer:eval | (sampled_gnn, metric_val) = (['tag', 2, 'global_add_pool', 7500], 0.7553191489361702)
INFO:nas.trainer:eval | (sampled_gnn, metric_val) = (['ssg', 2, 'global_max_pool', 7000], 0.7978723404255319)
INFO:nas.trainer:eval | (sampled_gnn, metric_val) = (['gcn', 2, 'global_add_pool', 8000], 0.776595744680851)
INFO:nas.trainer:eval | (sampled_gnn, metric_val) = (['gin', 2, 'global_max_pool', 6500], 0.7978723404255319)
INFO:nas.trainer:eval | (sampled_gnn, metric_val) = (['gcn', 2, 'global_add_pool', 7500], 0.7872340425531915)
INFO:nas.trainer:eval | (sampled_gnn, metric_val) = (['sage', 2, 'global_add_pool', 7000], 0.776595744680851)
INFO:nas.trainer:train | 2 era_time 11408.80120587349
INFO:nas.trainer:eval | (sampled_gnn, metric_val) = (['sage', 2, 'global_add_pool', 7500], 0.8404255319148937)
INFO:nas.trainer:eval | (sampled_gnn, metric_val) = (['gmm', 2, 'global_add_pool', 4500], 0.8404255319148937)
INFO:nas.trainer:eval | (sampled_gnn, metric_val) = (['sage', 2, 'global_max_pool', 6500], 0.8085106382978723)
INFO:nas.trainer:eval | (sampled_gnn, metric_val) = (['gcn', 2, 'global_max_pool', 3000], 0.7659574468085106)
INFO:nas.trainer:eval | (sampled_gnn, metric_val) = (['gin', 2, 'global_mean_pool', 5000], 0.7978723404255319)
INFO:nas.trainer:eval | (sampled_gnn, metric_val) = (['sg', 2, 'global_add_pool', 3000], 0.7978723404255319)
INFO:nas.trainer:eval | (sampled_gnn, metric_val) = (['gcn', 2, 'global_add_pool', 6000], 0.8085106382978723)
INFO:nas.trainer:eval | (sampled_gnn, metric_val) = (['sg', 2, 'global_mean_pool', 4500], 0.8297872340425532)
INFO:nas.trainer:eval | (sampled_gnn, metric_val) = (['gcn', 2, 'global_mean_pool', 3500], 0.8297872340425532)
INFO:nas.trainer:eval | (sampled_gnn, metric_val) = (['gcn', 2, 'global_mean_pool', 6000], 0.8404255319148937)
INFO:nas.trainer:eval | (sampled_gnn, metric_val) = (['gin', 2, 'global_max_pool', 3000], 0.8297872340425532)
INFO:nas.trainer:eval | (sampled_gnn, metric_val) = (['tag', 2, 'global_add_pool', 7000], 0.8404255319148937)
INFO:nas.trainer:eval | (sampled_gnn, metric_val) = (['gcn', 2, 'global_add_pool', 6000], 0.851063829787234)
INFO:nas.trainer:eval | (sampled_gnn, metric_val) = (['gcn', 2, 'global_add_pool', 4000], 0.7872340425531915)
INFO:nas.trainer:eval | (sampled_gnn, metric_val) = (['gat', 2, 'global_max_pool', 6000], 0.8085106382978723)
INFO:nas.trainer:eval | (sampled_gnn, metric_val) = (['tag', 2, 'global_max_pool', 6000], 0.7127659574468085)
INFO:nas.trainer:eval | (sampled_gnn, metric_val) = (['gat', 2, 'global_mean_pool', 6000], 0.7659574468085106)
INFO:nas.trainer:eval | (sampled_gnn, metric_val) = (['tag', 2, 'global_max_pool', 6500], 0.776595744680851)
INFO:nas.trainer:eval | (sampled_gnn, metric_val) = (['ssg', 2, 'global_max_pool', 5500], 0.8297872340425532)
INFO:nas.trainer:eval | (sampled_gnn, metric_val) = (['gcn', 2, 'global_add_pool', 5500], 0.8404255319148937)
INFO:nas.trainer:train | 3 era_time 10168.277299165726
INFO:nas.trainer:eval | (sampled_gnn, metric_val) = (['sg', 2, 'global_max_pool', 7000], 0.7978723404255319)
INFO:nas.trainer:eval | (sampled_gnn, metric_val) = (['sg', 2, 'global_add_pool', 6500], 0.8404255319148937)
INFO:nas.trainer:eval | (sampled_gnn, metric_val) = (['sg', 2, 'global_add_pool', 4000], 0.8085106382978723)
INFO:nas.trainer:eval | (sampled_gnn, metric_val) = (['gcn', 2, 'global_mean_pool', 5500], 0.8085106382978723)
INFO:nas.trainer:eval | (sampled_gnn, metric_val) = (['ssg', 2, 'global_add_pool', 6500], 0.8191489361702128)
INFO:nas.trainer:eval | (sampled_gnn, metric_val) = (['gin', 2, 'global_max_pool', 6000], 0.851063829787234)
INFO:nas.trainer:eval | (sampled_gnn, metric_val) = (['gin', 2, 'global_add_pool', 4000], 0.7978723404255319)
INFO:nas.trainer:eval | (sampled_gnn, metric_val) = (['gmm', 2, 'global_max_pool', 4500], 0.8085106382978723)
INFO:nas.trainer:eval | (sampled_gnn, metric_val) = (['gat', 2, 'global_mean_pool', 3500], 0.8085106382978723)
INFO:nas.trainer:eval | (sampled_gnn, metric_val) = (['gcn', 2, 'global_add_pool', 3500], 0.776595744680851)
INFO:nas.trainer:eval | (sampled_gnn, metric_val) = (['ssg', 2, 'global_add_pool', 5000], 0.8297872340425532)
INFO:nas.trainer:eval | (sampled_gnn, metric_val) = (['ssg', 2, 'global_add_pool', 7000], 0.8191489361702128)
INFO:nas.trainer:eval | (sampled_gnn, metric_val) = (['sage', 2, 'global_add_pool', 3500], 0.8404255319148937)
INFO:nas.trainer:eval | (sampled_gnn, metric_val) = (['ssg', 2, 'global_mean_pool', 6500], 0.8297872340425532)
INFO:nas.trainer:eval | (sampled_gnn, metric_val) = (['gmm', 2, 'global_add_pool', 6000], 0.851063829787234)
INFO:nas.trainer:eval | (sampled_gnn, metric_val) = (['gin', 2, 'global_max_pool', 3000], 0.8085106382978723)
INFO:nas.trainer:eval | (sampled_gnn, metric_val) = (['gcn', 2, 'global_max_pool', 4500], 0.7872340425531915)
INFO:nas.trainer:eval | (sampled_gnn, metric_val) = (['gin', 2, 'global_max_pool', 3000], 0.7978723404255319)
INFO:nas.trainer:eval | (sampled_gnn, metric_val) = (['gat', 2, 'global_mean_pool', 3000], 0.7553191489361702)
INFO:nas.trainer:eval | (sampled_gnn, metric_val) = (['gat', 2, 'global_add_pool', 5000], 0.7446808510638298)
INFO:nas.trainer:train | 4 era_time 9181.81392621994
INFO:nas.trainer:eval | (sampled_gnn, metric_val) = (['gmm', 2, 'global_mean_pool', 7000], 0.8829787234042553)
INFO:nas.trainer:eval | (sampled_gnn, metric_val) = (['tag', 2, 'global_add_pool', 6500], 0.8191489361702128)
INFO:nas.trainer:eval | (sampled_gnn, metric_val) = (['gin', 2, 'global_mean_pool', 3500], 0.776595744680851)
INFO:nas.trainer:eval | (sampled_gnn, metric_val) = (['gmm', 2, 'global_max_pool', 7000], 0.7659574468085106)
INFO:nas.trainer:eval | (sampled_gnn, metric_val) = (['ssg', 2, 'global_max_pool', 7000], 0.776595744680851)
INFO:nas.trainer:eval | (sampled_gnn, metric_val) = (['tag', 2, 'global_add_pool', 6500], 0.8191489361702128)
INFO:nas.trainer:eval | (sampled_gnn, metric_val) = (['ssg', 2, 'global_mean_pool', 3500], 0.851063829787234)
INFO:nas.trainer:eval | (sampled_gnn, metric_val) = (['gmm', 2, 'global_max_pool', 3500], 0.8297872340425532)
INFO:nas.trainer:eval | (sampled_gnn, metric_val) = (['gin', 2, 'global_add_pool', 5500], 0.7978723404255319)
INFO:nas.trainer:eval | (sampled_gnn, metric_val) = (['sg', 2, 'global_mean_pool', 5500], 0.8404255319148937)
INFO:nas.trainer:eval | (sampled_gnn, metric_val) = (['sage', 2, 'global_add_pool', 3000], 0.8191489361702128)
INFO:nas.trainer:eval | (sampled_gnn, metric_val) = (['ssg', 2, 'global_add_pool', 5500], 0.8191489361702128)
INFO:nas.trainer:eval | (sampled_gnn, metric_val) = (['gin', 2, 'global_mean_pool', 6000], 0.776595744680851)
INFO:nas.trainer:eval | (sampled_gnn, metric_val) = (['sg', 2, 'global_add_pool', 5500], 0.8191489361702128)
INFO:nas.trainer:eval | (sampled_gnn, metric_val) = (['sg', 2, 'global_add_pool', 5000], 0.8085106382978723)
INFO:nas.trainer:eval | (sampled_gnn, metric_val) = (['gin', 2, 'global_add_pool', 7000], 0.776595744680851)
INFO:nas.trainer:eval | (sampled_gnn, metric_val) = (['gcn', 2, 'global_mean_pool', 6500], 0.8404255319148937)
INFO:nas.trainer:eval | (sampled_gnn, metric_val) = (['sage', 2, 'global_add_pool', 5000], 0.8191489361702128)
INFO:nas.trainer:eval | (sampled_gnn, metric_val) = (['sage', 2, 'global_mean_pool', 4500], 0.8617021276595744)
INFO:nas.trainer:eval | (sampled_gnn, metric_val) = (['sage', 2, 'global_mean_pool', 3000], 0.7872340425531915)
INFO:nas.trainer:train | 5 era_time 9796.99320936203
INFO:nas.trainer:eval | (sampled_gnn, metric_val) = (['ssg', 2, 'global_add_pool', 5000], 0.8617021276595744)
INFO:nas.trainer:eval | (sampled_gnn, metric_val) = (['sage', 2, 'global_mean_pool', 4000], 0.8085106382978723)
INFO:nas.trainer:eval | (sampled_gnn, metric_val) = (['sage', 2, 'global_add_pool', 4500], 0.8297872340425532)
INFO:nas.trainer:eval | (sampled_gnn, metric_val) = (['tag', 2, 'global_mean_pool', 7000], 0.8085106382978723)
INFO:nas.trainer:eval | (sampled_gnn, metric_val) = (['sg', 2, 'global_mean_pool', 5000], 0.8297872340425532)
INFO:nas.trainer:eval | (sampled_gnn, metric_val) = (['sage', 2, 'global_add_pool', 3000], 0.8297872340425532)
INFO:nas.trainer:eval | (sampled_gnn, metric_val) = (['sage', 2, 'global_add_pool', 4000], 0.7978723404255319)
INFO:nas.trainer:eval | (sampled_gnn, metric_val) = (['ssg', 2, 'global_mean_pool', 5500], 0.851063829787234)
INFO:nas.trainer:eval | (sampled_gnn, metric_val) = (['gat', 2, 'global_add_pool', 3500], 0.8085106382978723)
INFO:nas.trainer:eval | (sampled_gnn, metric_val) = (['gmm', 2, 'global_add_pool', 3000], 0.851063829787234)
INFO:nas.trainer:eval | (sampled_gnn, metric_val) = (['gcn', 2, 'global_add_pool', 7000], 0.8297872340425532)
INFO:nas.trainer:eval | (sampled_gnn, metric_val) = (['ssg', 2, 'global_add_pool', 7500], 0.8085106382978723)
INFO:nas.trainer:eval | (sampled_gnn, metric_val) = (['gin', 2, 'global_add_pool', 5000], 0.8191489361702128)
INFO:nas.trainer:eval | (sampled_gnn, metric_val) = (['sg', 2, 'global_mean_pool', 6500], 0.8297872340425532)
INFO:nas.trainer:eval | (sampled_gnn, metric_val) = (['sage', 2, 'global_mean_pool', 5000], 0.8404255319148937)
INFO:nas.trainer:eval | (sampled_gnn, metric_val) = (['gin', 2, 'global_max_pool', 5500], 0.7659574468085106)
INFO:nas.trainer:eval | (sampled_gnn, metric_val) = (['gin', 2, 'global_add_pool', 3000], 0.7872340425531915)
INFO:nas.trainer:eval | (sampled_gnn, metric_val) = (['ssg', 2, 'global_add_pool', 4500], 0.776595744680851)
INFO:nas.trainer:eval | (sampled_gnn, metric_val) = (['gat', 2, 'global_max_pool', 8000], 0.8191489361702128)
INFO:nas.trainer:eval | (sampled_gnn, metric_val) = (['gmm', 2, 'global_max_pool', 8000], 0.8085106382978723)
INFO:nas.trainer:train | 6 era_time 9910.959345817566
INFO:nas.trainer:eval | (sampled_gnn, metric_val) = (['gcn', 2, 'global_add_pool', 3000], 0.7978723404255319)
INFO:nas.trainer:eval | (sampled_gnn, metric_val) = (['gat', 2, 'global_mean_pool', 4500], 0.8085106382978723)
INFO:nas.trainer:eval | (sampled_gnn, metric_val) = (['sg', 2, 'global_mean_pool', 8000], 0.8297872340425532)
INFO:nas.trainer:eval | (sampled_gnn, metric_val) = (['gcn', 2, 'global_add_pool', 6000], 0.8723404255319149)
INFO:nas.trainer:eval | (sampled_gnn, metric_val) = (['gat', 2, 'global_add_pool', 8000], 0.8085106382978723)
INFO:nas.trainer:eval | (sampled_gnn, metric_val) = (['tag', 2, 'global_add_pool', 4500], 0.8297872340425532)
INFO:nas.trainer:eval | (sampled_gnn, metric_val) = (['ssg', 2, 'global_max_pool', 3500], 0.8085106382978723)
INFO:nas.trainer:eval | (sampled_gnn, metric_val) = (['ssg', 2, 'global_max_pool', 7500], 0.7872340425531915)
INFO:nas.trainer:eval | (sampled_gnn, metric_val) = (['sg', 2, 'global_mean_pool', 6500], 0.851063829787234)
INFO:nas.trainer:eval | (sampled_gnn, metric_val) = (['gin', 2, 'global_add_pool', 6000], 0.8723404255319149)
INFO:nas.trainer:eval | (sampled_gnn, metric_val) = (['tag', 2, 'global_mean_pool', 6500], 0.8829787234042553)
INFO:nas.trainer:eval | (sampled_gnn, metric_val) = (['gcn', 2, 'global_add_pool', 3500], 0.8085106382978723)
INFO:nas.trainer:eval | (sampled_gnn, metric_val) = (['gin', 2, 'global_max_pool', 4500], 0.776595744680851)
INFO:nas.trainer:eval | (sampled_gnn, metric_val) = (['gat', 2, 'global_max_pool', 3000], 0.8085106382978723)
INFO:nas.trainer:eval | (sampled_gnn, metric_val) = (['ssg', 2, 'global_add_pool', 4000], 0.7872340425531915)
INFO:nas.trainer:eval | (sampled_gnn, metric_val) = (['gcn', 2, 'global_add_pool', 3000], 0.7659574468085106)
INFO:nas.trainer:eval | (sampled_gnn, metric_val) = (['gcn', 2, 'global_max_pool', 6000], 0.8297872340425532)
INFO:nas.trainer:eval | (sampled_gnn, metric_val) = (['gmm', 2, 'global_mean_pool', 8000], 0.8191489361702128)
INFO:nas.trainer:eval | (sampled_gnn, metric_val) = (['gmm', 2, 'global_mean_pool', 3000], 0.8404255319148937)
INFO:nas.trainer:eval | (sampled_gnn, metric_val) = (['ssg', 2, 'global_mean_pool', 8000], 0.851063829787234)
INFO:nas.trainer:train | 7 era_time 10397.380008935928
INFO:nas.trainer:eval | (sampled_gnn, metric_val) = (['sage', 2, 'global_max_pool', 6000], 0.8191489361702128)
INFO:nas.trainer:eval | (sampled_gnn, metric_val) = (['sage', 2, 'global_mean_pool', 4500], 0.8085106382978723)
INFO:nas.trainer:eval | (sampled_gnn, metric_val) = (['sage', 2, 'global_mean_pool', 3000], 0.8085106382978723)
INFO:nas.trainer:eval | (sampled_gnn, metric_val) = (['sg', 2, 'global_max_pool', 5000], 0.7978723404255319)
INFO:nas.trainer:eval | (sampled_gnn, metric_val) = (['tag', 2, 'global_add_pool', 3000], 0.8085106382978723)
INFO:nas.trainer:eval | (sampled_gnn, metric_val) = (['ssg', 2, 'global_mean_pool', 7500], 0.851063829787234)
INFO:nas.trainer:eval | (sampled_gnn, metric_val) = (['sage', 2, 'global_add_pool', 6500], 0.776595744680851)
INFO:nas.trainer:eval | (sampled_gnn, metric_val) = (['gat', 2, 'global_mean_pool', 3000], 0.7659574468085106)
INFO:nas.trainer:eval | (sampled_gnn, metric_val) = (['gat', 2, 'global_mean_pool', 8000], 0.723404255319149)
INFO:nas.trainer:eval | (sampled_gnn, metric_val) = (['gin', 2, 'global_mean_pool', 7000], 0.776595744680851)
INFO:nas.trainer:eval | (sampled_gnn, metric_val) = (['sage', 2, 'global_add_pool', 6000], 0.8829787234042553)
INFO:nas.trainer:eval | (sampled_gnn, metric_val) = (['gin', 2, 'global_mean_pool', 7500], 0.7659574468085106)
INFO:nas.trainer:eval | (sampled_gnn, metric_val) = (['gmm', 2, 'global_max_pool', 8000], 0.8085106382978723)
INFO:nas.trainer:eval | (sampled_gnn, metric_val) = (['sg', 2, 'global_max_pool', 8000], 0.7553191489361702)
INFO:nas.trainer:eval | (sampled_gnn, metric_val) = (['gcn', 2, 'global_mean_pool', 6000], 0.8404255319148937)
INFO:nas.trainer:eval | (sampled_gnn, metric_val) = (['gcn', 2, 'global_mean_pool', 8000], 0.7978723404255319)
INFO:nas.trainer:eval | (sampled_gnn, metric_val) = (['gat', 2, 'global_mean_pool', 4000], 0.7872340425531915)
INFO:nas.trainer:eval | (sampled_gnn, metric_val) = (['gcn', 2, 'global_mean_pool', 8000], 0.8297872340425532)
INFO:nas.trainer:eval | (sampled_gnn, metric_val) = (['sg', 2, 'global_max_pool', 3000], 0.8085106382978723)
INFO:nas.trainer:eval | (sampled_gnn, metric_val) = (['sage', 2, 'global_mean_pool', 8000], 0.7446808510638298)
INFO:nas.trainer:train | 8 era_time 11200.979017019272
INFO:nas.trainer:eval | (sampled_gnn, metric_val) = (['sg', 2, 'global_max_pool', 4500], 0.7659574468085106)
INFO:nas.trainer:eval | (sampled_gnn, metric_val) = (['sg', 2, 'global_add_pool', 6500], 0.8297872340425532)
INFO:nas.trainer:eval | (sampled_gnn, metric_val) = (['sg', 2, 'global_mean_pool', 8000], 0.8404255319148937)
INFO:nas.trainer:eval | (sampled_gnn, metric_val) = (['ssg', 2, 'global_mean_pool', 3000], 0.851063829787234)
INFO:nas.trainer:eval | (sampled_gnn, metric_val) = (['gin', 2, 'global_mean_pool', 7000], 0.7978723404255319)
INFO:nas.trainer:eval | (sampled_gnn, metric_val) = (['gin', 2, 'global_max_pool', 7000], 0.7872340425531915)
INFO:nas.trainer:eval | (sampled_gnn, metric_val) = (['gmm', 2, 'global_add_pool', 3000], 0.776595744680851)
INFO:nas.trainer:eval | (sampled_gnn, metric_val) = (['gin', 2, 'global_add_pool', 6500], 0.7872340425531915)
INFO:nas.trainer:eval | (sampled_gnn, metric_val) = (['gat', 2, 'global_max_pool', 7500], 0.776595744680851)
INFO:nas.trainer:eval | (sampled_gnn, metric_val) = (['sage', 2, 'global_mean_pool', 4500], 0.8404255319148937)
INFO:nas.trainer:eval | (sampled_gnn, metric_val) = (['sage', 2, 'global_mean_pool', 6000], 0.851063829787234)
INFO:nas.trainer:eval | (sampled_gnn, metric_val) = (['gcn', 2, 'global_add_pool', 6000], 0.8191489361702128)
INFO:nas.trainer:eval | (sampled_gnn, metric_val) = (['tag', 2, 'global_mean_pool', 6000], 0.8297872340425532)
INFO:nas.trainer:eval | (sampled_gnn, metric_val) = (['sg', 2, 'global_add_pool', 7000], 0.8191489361702128)
INFO:nas.trainer:eval | (sampled_gnn, metric_val) = (['sage', 2, 'global_add_pool', 6000], 0.8085106382978723)
INFO:nas.trainer:eval | (sampled_gnn, metric_val) = (['gin', 2, 'global_mean_pool', 7500], 0.8297872340425532)
INFO:nas.trainer:eval | (sampled_gnn, metric_val) = (['gmm', 2, 'global_mean_pool', 6000], 0.7659574468085106)
INFO:nas.trainer:eval | (sampled_gnn, metric_val) = (['sg', 2, 'global_add_pool', 5500], 0.7872340425531915)
INFO:nas.trainer:eval | (sampled_gnn, metric_val) = (['sage', 2, 'global_add_pool', 3000], 0.8617021276595744)
INFO:nas.trainer:eval | (sampled_gnn, metric_val) = (['ssg', 2, 'global_mean_pool', 3500], 0.7872340425531915)
INFO:nas.trainer:train | 9 era_time 10527.275108337402
INFO:nas.trainer:eval | (sampled_gnn, metric_val) = (['gmm', 2, 'global_mean_pool', 6500], 0.776595744680851)
INFO:nas.trainer:eval | (sampled_gnn, metric_val) = (['ssg', 2, 'global_max_pool', 5500], 0.8085106382978723)
INFO:nas.trainer:eval | (sampled_gnn, metric_val) = (['sage', 2, 'global_add_pool', 3000], 0.8085106382978723)
INFO:nas.trainer:eval | (sampled_gnn, metric_val) = (['sg', 2, 'global_mean_pool', 6000], 0.8297872340425532)
INFO:nas.trainer:eval | (sampled_gnn, metric_val) = (['sage', 2, 'global_mean_pool', 6000], 0.8297872340425532)
INFO:nas.trainer:eval | (sampled_gnn, metric_val) = (['gmm', 2, 'global_mean_pool', 7500], 0.7872340425531915)
INFO:nas.trainer:eval | (sampled_gnn, metric_val) = (['gat', 2, 'global_mean_pool', 7500], 0.7872340425531915)
INFO:nas.trainer:eval | (sampled_gnn, metric_val) = (['ssg', 2, 'global_add_pool', 6500], 0.8617021276595744)
INFO:nas.trainer:eval | (sampled_gnn, metric_val) = (['gin', 2, 'global_max_pool', 3000], 0.776595744680851)
INFO:nas.trainer:eval | (sampled_gnn, metric_val) = (['sage', 2, 'global_mean_pool', 3000], 0.8617021276595744)
INFO:nas.trainer:eval | (sampled_gnn, metric_val) = (['sage', 2, 'global_add_pool', 6000], 0.7872340425531915)
INFO:nas.trainer:eval | (sampled_gnn, metric_val) = (['sg', 2, 'global_mean_pool', 6500], 0.8297872340425532)
INFO:nas.trainer:eval | (sampled_gnn, metric_val) = (['tag', 2, 'global_mean_pool', 4000], 0.8085106382978723)
INFO:nas.trainer:eval | (sampled_gnn, metric_val) = (['gmm', 2, 'global_add_pool', 6000], 0.8404255319148937)
INFO:nas.trainer:eval | (sampled_gnn, metric_val) = (['gmm', 2, 'global_mean_pool', 6000], 0.8085106382978723)
INFO:nas.trainer:eval | (sampled_gnn, metric_val) = (['gcn', 2, 'global_add_pool', 8000], 0.776595744680851)
INFO:nas.trainer:eval | (sampled_gnn, metric_val) = (['sage', 2, 'global_add_pool', 5000], 0.8085106382978723)
INFO:nas.trainer:eval | (sampled_gnn, metric_val) = (['ssg', 2, 'global_mean_pool', 3000], 0.8297872340425532)
INFO:nas.trainer:eval | (sampled_gnn, metric_val) = (['gin', 2, 'global_mean_pool', 6000], 0.8085106382978723)
INFO:nas.trainer:eval | (sampled_gnn, metric_val) = (['sage', 2, 'global_add_pool', 5000], 0.8404255319148937)
INFO:nas.trainer:train | 10 era_time 10113.312180757523
INFO:nas.trainer:eval | (sampled_gnn, metric_val) = (['sg', 2, 'global_mean_pool', 5000], 0.7659574468085106)
INFO:nas.trainer:eval | (sampled_gnn, metric_val) = (['gat', 2, 'global_max_pool', 5500], 0.7872340425531915)
INFO:nas.trainer:eval | (sampled_gnn, metric_val) = (['sg', 2, 'global_add_pool', 8000], 0.8297872340425532)
INFO:nas.trainer:eval | (sampled_gnn, metric_val) = (['gin', 2, 'global_add_pool', 4500], 0.7872340425531915)
INFO:nas.trainer:eval | (sampled_gnn, metric_val) = (['sg', 2, 'global_max_pool', 7000], 0.776595744680851)
INFO:nas.trainer:eval | (sampled_gnn, metric_val) = (['sage', 2, 'global_add_pool', 6000], 0.8404255319148937)
INFO:nas.trainer:eval | (sampled_gnn, metric_val) = (['sage', 2, 'global_mean_pool', 4500], 0.8723404255319149)
INFO:nas.trainer:eval | (sampled_gnn, metric_val) = (['tag', 2, 'global_max_pool', 6000], 0.8297872340425532)
INFO:nas.trainer:eval | (sampled_gnn, metric_val) = (['gin', 2, 'global_max_pool', 5000], 0.8404255319148937)
INFO:nas.trainer:eval | (sampled_gnn, metric_val) = (['tag', 2, 'global_max_pool', 5000], 0.7659574468085106)
INFO:nas.trainer:eval | (sampled_gnn, metric_val) = (['sage', 2, 'global_mean_pool', 5000], 0.8723404255319149)
INFO:nas.trainer:eval | (sampled_gnn, metric_val) = (['gmm', 2, 'global_add_pool', 8000], 0.851063829787234)
INFO:nas.trainer:eval | (sampled_gnn, metric_val) = (['gin', 2, 'global_add_pool', 6500], 0.8085106382978723)
INFO:nas.trainer:eval | (sampled_gnn, metric_val) = (['sg', 2, 'global_add_pool', 6000], 0.8297872340425532)
INFO:nas.trainer:eval | (sampled_gnn, metric_val) = (['sg', 2, 'global_mean_pool', 3000], 0.8191489361702128)
INFO:nas.trainer:eval | (sampled_gnn, metric_val) = (['sg', 2, 'global_add_pool', 8000], 0.7978723404255319)
INFO:nas.trainer:eval | (sampled_gnn, metric_val) = (['tag', 2, 'global_add_pool', 6000], 0.7553191489361702)
INFO:nas.trainer:eval | (sampled_gnn, metric_val) = (['gcn', 2, 'global_mean_pool', 7000], 0.7872340425531915)
INFO:nas.trainer:eval | (sampled_gnn, metric_val) = (['sage', 2, 'global_mean_pool', 6000], 0.776595744680851)
INFO:nas.trainer:eval | (sampled_gnn, metric_val) = (['sg', 2, 'global_mean_pool', 6000], 0.8191489361702128)
INFO:nas.trainer:train | 11 era_time 10954.85371375084
INFO:nas.trainer:eval | (sampled_gnn, metric_val) = (['gcn', 2, 'global_mean_pool', 3000], 0.8191489361702128)
INFO:nas.trainer:eval | (sampled_gnn, metric_val) = (['sg', 2, 'global_add_pool', 5500], 0.7446808510638298)
INFO:nas.trainer:eval | (sampled_gnn, metric_val) = (['gmm', 2, 'global_mean_pool', 4500], 0.851063829787234)
INFO:nas.trainer:eval | (sampled_gnn, metric_val) = (['gin', 2, 'global_add_pool', 8000], 0.8297872340425532)
INFO:nas.trainer:eval | (sampled_gnn, metric_val) = (['sage', 2, 'global_add_pool', 6000], 0.8297872340425532)
INFO:nas.trainer:eval | (sampled_gnn, metric_val) = (['ssg', 2, 'global_add_pool', 5000], 0.8404255319148937)
INFO:nas.trainer:eval | (sampled_gnn, metric_val) = (['ssg', 2, 'global_add_pool', 7500], 0.8404255319148937)
INFO:nas.trainer:eval | (sampled_gnn, metric_val) = (['sage', 2, 'global_max_pool', 3500], 0.8085106382978723)
INFO:nas.trainer:eval | (sampled_gnn, metric_val) = (['sg', 2, 'global_mean_pool', 7000], 0.8404255319148937)
INFO:nas.trainer:eval | (sampled_gnn, metric_val) = (['gcn', 2, 'global_mean_pool', 5000], 0.8297872340425532)
INFO:nas.trainer:eval | (sampled_gnn, metric_val) = (['gcn', 2, 'global_mean_pool', 5500], 0.851063829787234)
INFO:nas.trainer:eval | (sampled_gnn, metric_val) = (['sage', 2, 'global_mean_pool', 3000], 0.7659574468085106)
INFO:nas.trainer:eval | (sampled_gnn, metric_val) = (['gat', 2, 'global_mean_pool', 6000], 0.776595744680851)
INFO:nas.trainer:eval | (sampled_gnn, metric_val) = (['gat', 2, 'global_max_pool', 5000], 0.7872340425531915)
INFO:nas.trainer:eval | (sampled_gnn, metric_val) = (['sg', 2, 'global_mean_pool', 4000], 0.8404255319148937)
INFO:nas.trainer:eval | (sampled_gnn, metric_val) = (['gcn', 2, 'global_add_pool', 6000], 0.8085106382978723)
INFO:nas.trainer:eval | (sampled_gnn, metric_val) = (['gmm', 2, 'global_add_pool', 6000], 0.8723404255319149)
INFO:nas.trainer:eval | (sampled_gnn, metric_val) = (['sg', 2, 'global_mean_pool', 7000], 0.8404255319148937)
INFO:nas.trainer:eval | (sampled_gnn, metric_val) = (['sg', 2, 'global_mean_pool', 8000], 0.8297872340425532)
INFO:nas.trainer:eval | (sampled_gnn, metric_val) = (['sg', 2, 'global_mean_pool', 3000], 0.851063829787234)
INFO:nas.trainer:train | 12 era_time 10043.943211317062
INFO:nas.trainer:eval | (sampled_gnn, metric_val) = (['tag', 2, 'global_add_pool', 8000], 0.8191489361702128)
INFO:nas.trainer:eval | (sampled_gnn, metric_val) = (['gat', 2, 'global_add_pool', 7500], 0.7872340425531915)
INFO:nas.trainer:eval | (sampled_gnn, metric_val) = (['sage', 2, 'global_mean_pool', 5000], 0.8936170212765957)
INFO:nas.trainer:eval | (sampled_gnn, metric_val) = (['sg', 2, 'global_add_pool', 5000], 0.8297872340425532)
INFO:nas.trainer:eval | (sampled_gnn, metric_val) = (['ssg', 2, 'global_max_pool', 5500], 0.776595744680851)
INFO:nas.trainer:eval | (sampled_gnn, metric_val) = (['gmm', 2, 'global_mean_pool', 3000], 0.8085106382978723)
INFO:nas.trainer:eval | (sampled_gnn, metric_val) = (['sg', 2, 'global_mean_pool', 6000], 0.8404255319148937)
INFO:nas.trainer:eval | (sampled_gnn, metric_val) = (['gat', 2, 'global_max_pool', 3000], 0.851063829787234)
INFO:nas.trainer:eval | (sampled_gnn, metric_val) = (['tag', 2, 'global_max_pool', 7500], 0.7659574468085106)
INFO:nas.trainer:eval | (sampled_gnn, metric_val) = (['gat', 2, 'global_add_pool', 3500], 0.7978723404255319)
INFO:nas.trainer:eval | (sampled_gnn, metric_val) = (['sg', 2, 'global_add_pool', 5000], 0.7978723404255319)
INFO:nas.trainer:eval | (sampled_gnn, metric_val) = (['tag', 2, 'global_mean_pool', 7500], 0.8085106382978723)
INFO:nas.trainer:eval | (sampled_gnn, metric_val) = (['tag', 2, 'global_mean_pool', 3500], 0.8404255319148937)
INFO:nas.trainer:eval | (sampled_gnn, metric_val) = (['gmm', 2, 'global_mean_pool', 3500], 0.7978723404255319)
INFO:nas.trainer:eval | (sampled_gnn, metric_val) = (['tag', 2, 'global_add_pool', 7000], 0.8085106382978723)
INFO:nas.trainer:eval | (sampled_gnn, metric_val) = (['sg', 2, 'global_max_pool', 5000], 0.8085106382978723)
INFO:nas.trainer:eval | (sampled_gnn, metric_val) = (['sage', 2, 'global_add_pool', 7500], 0.8404255319148937)
INFO:nas.trainer:eval | (sampled_gnn, metric_val) = (['gmm', 2, 'global_mean_pool', 3000], 0.851063829787234)
INFO:nas.trainer:eval | (sampled_gnn, metric_val) = (['gin', 2, 'global_add_pool', 5000], 0.8297872340425532)
INFO:nas.trainer:eval | (sampled_gnn, metric_val) = (['sg', 2, 'global_mean_pool', 7000], 0.8723404255319149)
INFO:nas.trainer:train | 13 era_time 10600.925541877747
INFO:nas.trainer:eval | (sampled_gnn, metric_val) = (['sg', 2, 'global_add_pool', 8000], 0.7872340425531915)
INFO:nas.trainer:eval | (sampled_gnn, metric_val) = (['gcn', 2, 'global_add_pool', 8000], 0.776595744680851)
INFO:nas.trainer:eval | (sampled_gnn, metric_val) = (['sage', 2, 'global_mean_pool', 3000], 0.8297872340425532)
INFO:nas.trainer:eval | (sampled_gnn, metric_val) = (['sg', 2, 'global_mean_pool', 5000], 0.7978723404255319)
INFO:nas.trainer:eval | (sampled_gnn, metric_val) = (['ssg', 2, 'global_add_pool', 5000], 0.8191489361702128)
INFO:nas.trainer:eval | (sampled_gnn, metric_val) = (['sage', 2, 'global_add_pool', 6000], 0.8297872340425532)
INFO:nas.trainer:eval | (sampled_gnn, metric_val) = (['sage', 2, 'global_mean_pool', 6000], 0.8085106382978723)
INFO:nas.trainer:eval | (sampled_gnn, metric_val) = (['sage', 2, 'global_add_pool', 5000], 0.8404255319148937)
INFO:nas.trainer:eval | (sampled_gnn, metric_val) = (['gmm', 2, 'global_mean_pool', 3500], 0.8191489361702128)
INFO:nas.trainer:eval | (sampled_gnn, metric_val) = (['gmm', 2, 'global_add_pool', 3500], 0.851063829787234)
INFO:nas.trainer:eval | (sampled_gnn, metric_val) = (['sg', 2, 'global_add_pool', 3000], 0.7872340425531915)
INFO:nas.trainer:eval | (sampled_gnn, metric_val) = (['sage', 2, 'global_add_pool', 6000], 0.7978723404255319)
INFO:nas.trainer:eval | (sampled_gnn, metric_val) = (['gin', 2, 'global_add_pool', 3000], 0.7872340425531915)
INFO:nas.trainer:eval | (sampled_gnn, metric_val) = (['tag', 2, 'global_add_pool', 4000], 0.8085106382978723)
INFO:nas.trainer:eval | (sampled_gnn, metric_val) = (['sage', 2, 'global_mean_pool', 3500], 0.8723404255319149)
INFO:nas.trainer:eval | (sampled_gnn, metric_val) = (['gmm', 2, 'global_mean_pool', 4500], 0.7553191489361702)
INFO:nas.trainer:eval | (sampled_gnn, metric_val) = (['gcn', 2, 'global_add_pool', 5500], 0.851063829787234)
INFO:nas.trainer:eval | (sampled_gnn, metric_val) = (['sg', 2, 'global_mean_pool', 6500], 0.8297872340425532)
INFO:nas.trainer:eval | (sampled_gnn, metric_val) = (['tag', 2, 'global_mean_pool', 4500], 0.7340425531914894)
INFO:nas.trainer:eval | (sampled_gnn, metric_val) = (['gcn', 2, 'global_add_pool', 5000], 0.8191489361702128)
INFO:nas.trainer:train | 14 era_time 8900.133932113647
INFO:nas.trainer:eval | (sampled_gnn, metric_val) = (['gcn', 2, 'global_max_pool', 5500], 0.7978723404255319)
INFO:nas.trainer:eval | (sampled_gnn, metric_val) = (['gin', 2, 'global_mean_pool', 5000], 0.776595744680851)
INFO:nas.trainer:eval | (sampled_gnn, metric_val) = (['gat', 2, 'global_max_pool', 6500], 0.851063829787234)
INFO:nas.trainer:eval | (sampled_gnn, metric_val) = (['sg', 2, 'global_add_pool', 3000], 0.8191489361702128)
INFO:nas.trainer:eval | (sampled_gnn, metric_val) = (['gmm', 2, 'global_add_pool', 5000], 0.8617021276595744)
INFO:nas.trainer:eval | (sampled_gnn, metric_val) = (['gmm', 2, 'global_mean_pool', 5500], 0.8085106382978723)
INFO:nas.trainer:eval | (sampled_gnn, metric_val) = (['gcn', 2, 'global_max_pool', 4000], 0.8191489361702128)
INFO:nas.trainer:eval | (sampled_gnn, metric_val) = (['sage', 2, 'global_mean_pool', 8000], 0.776595744680851)
INFO:nas.trainer:eval | (sampled_gnn, metric_val) = (['gin', 2, 'global_max_pool', 4500], 0.776595744680851)
INFO:nas.trainer:eval | (sampled_gnn, metric_val) = (['sg', 2, 'global_add_pool', 8000], 0.8191489361702128)
INFO:nas.trainer:eval | (sampled_gnn, metric_val) = (['sg', 2, 'global_add_pool', 7000], 0.8191489361702128)
INFO:nas.trainer:eval | (sampled_gnn, metric_val) = (['tag', 2, 'global_max_pool', 5000], 0.7978723404255319)
INFO:nas.trainer:eval | (sampled_gnn, metric_val) = (['sg', 2, 'global_mean_pool', 6000], 0.851063829787234)
INFO:nas.trainer:eval | (sampled_gnn, metric_val) = (['gmm', 2, 'global_add_pool', 3000], 0.7978723404255319)
INFO:nas.trainer:eval | (sampled_gnn, metric_val) = (['sage', 2, 'global_add_pool', 3000], 0.8404255319148937)
INFO:nas.trainer:eval | (sampled_gnn, metric_val) = (['gin', 2, 'global_add_pool', 6000], 0.8297872340425532)
INFO:nas.trainer:eval | (sampled_gnn, metric_val) = (['ssg', 2, 'global_add_pool', 8000], 0.8297872340425532)
INFO:nas.trainer:eval | (sampled_gnn, metric_val) = (['sage', 2, 'global_max_pool', 3000], 0.8191489361702128)
INFO:nas.trainer:eval | (sampled_gnn, metric_val) = (['sage', 2, 'global_mean_pool', 4500], 0.8404255319148937)
INFO:nas.trainer:eval | (sampled_gnn, metric_val) = (['gcn', 2, 'global_add_pool', 6000], 0.851063829787234)
INFO:nas.trainer:train | 15 era_time 10065.752660512924
INFO:nas.trainer:eval | (sampled_gnn, metric_val) = (['tag', 2, 'global_add_pool', 6500], 0.8297872340425532)
INFO:nas.trainer:eval | (sampled_gnn, metric_val) = (['sage', 2, 'global_mean_pool', 8000], 0.8085106382978723)
INFO:nas.trainer:eval | (sampled_gnn, metric_val) = (['tag', 2, 'global_add_pool', 3000], 0.7872340425531915)
INFO:nas.trainer:eval | (sampled_gnn, metric_val) = (['sage', 2, 'global_mean_pool', 7000], 0.7872340425531915)
INFO:nas.trainer:eval | (sampled_gnn, metric_val) = (['sg', 2, 'global_add_pool', 5000], 0.8404255319148937)
INFO:nas.trainer:eval | (sampled_gnn, metric_val) = (['sg', 2, 'global_add_pool', 6000], 0.8404255319148937)
INFO:nas.trainer:eval | (sampled_gnn, metric_val) = (['gcn', 2, 'global_max_pool', 3000], 0.776595744680851)
INFO:nas.trainer:eval | (sampled_gnn, metric_val) = (['gin', 2, 'global_max_pool', 7000], 0.776595744680851)
INFO:nas.trainer:eval | (sampled_gnn, metric_val) = (['sg', 2, 'global_add_pool', 8000], 0.8191489361702128)
INFO:nas.trainer:eval | (sampled_gnn, metric_val) = (['sg', 2, 'global_add_pool', 6000], 0.7872340425531915)
INFO:nas.trainer:eval | (sampled_gnn, metric_val) = (['sg', 2, 'global_add_pool', 7000], 0.851063829787234)
INFO:nas.trainer:eval | (sampled_gnn, metric_val) = (['sg', 2, 'global_add_pool', 3000], 0.8085106382978723)
INFO:nas.trainer:eval | (sampled_gnn, metric_val) = (['sg', 2, 'global_add_pool', 5000], 0.8085106382978723)
INFO:nas.trainer:eval | (sampled_gnn, metric_val) = (['sg', 2, 'global_add_pool', 6000], 0.8191489361702128)
INFO:nas.trainer:eval | (sampled_gnn, metric_val) = (['gmm', 2, 'global_add_pool', 6000], 0.8404255319148937)
INFO:nas.trainer:eval | (sampled_gnn, metric_val) = (['sage', 2, 'global_mean_pool', 8000], 0.7872340425531915)
INFO:nas.trainer:eval | (sampled_gnn, metric_val) = (['sage', 2, 'global_add_pool', 5000], 0.8085106382978723)
INFO:nas.trainer:eval | (sampled_gnn, metric_val) = (['gmm', 2, 'global_add_pool', 6000], 0.8191489361702128)
INFO:nas.trainer:eval | (sampled_gnn, metric_val) = (['gcn', 2, 'global_add_pool', 4500], 0.8404255319148937)
INFO:nas.trainer:eval | (sampled_gnn, metric_val) = (['sg', 2, 'global_mean_pool', 7500], 0.8085106382978723)
INFO:nas.trainer:train | 16 era_time 10642.642079114914
INFO:nas.trainer:eval | (sampled_gnn, metric_val) = (['sg', 2, 'global_mean_pool', 5000], 0.8404255319148937)
INFO:nas.trainer:eval | (sampled_gnn, metric_val) = (['sg', 2, 'global_add_pool', 5000], 0.7978723404255319)
INFO:nas.trainer:eval | (sampled_gnn, metric_val) = (['sage', 2, 'global_add_pool', 7000], 0.8297872340425532)
INFO:nas.trainer:eval | (sampled_gnn, metric_val) = (['sg', 2, 'global_add_pool', 6000], 0.8829787234042553)
INFO:nas.trainer:eval | (sampled_gnn, metric_val) = (['tag', 2, 'global_mean_pool', 3000], 0.8617021276595744)
INFO:nas.trainer:eval | (sampled_gnn, metric_val) = (['ssg', 2, 'global_mean_pool', 5000], 0.7978723404255319)
INFO:nas.trainer:eval | (sampled_gnn, metric_val) = (['sage', 2, 'global_add_pool', 4500], 0.8297872340425532)
INFO:nas.trainer:eval | (sampled_gnn, metric_val) = (['gcn', 2, 'global_max_pool', 3000], 0.8404255319148937)
INFO:nas.trainer:eval | (sampled_gnn, metric_val) = (['gin', 2, 'global_mean_pool', 4500], 0.7659574468085106)
INFO:nas.trainer:eval | (sampled_gnn, metric_val) = (['sg', 2, 'global_add_pool', 6000], 0.7978723404255319)
INFO:nas.trainer:eval | (sampled_gnn, metric_val) = (['sage', 2, 'global_mean_pool', 4500], 0.8829787234042553)
INFO:nas.trainer:eval | (sampled_gnn, metric_val) = (['sage', 2, 'global_add_pool', 5500], 0.851063829787234)
INFO:nas.trainer:eval | (sampled_gnn, metric_val) = (['ssg', 2, 'global_mean_pool', 3500], 0.8297872340425532)
INFO:nas.trainer:eval | (sampled_gnn, metric_val) = (['gin', 2, 'global_add_pool', 6500], 0.776595744680851)
INFO:nas.trainer:eval | (sampled_gnn, metric_val) = (['gin', 2, 'global_add_pool', 8000], 0.7978723404255319)
INFO:nas.trainer:eval | (sampled_gnn, metric_val) = (['tag', 2, 'global_add_pool', 5000], 0.8191489361702128)
INFO:nas.trainer:eval | (sampled_gnn, metric_val) = (['gmm', 2, 'global_add_pool', 5000], 0.8085106382978723)
INFO:nas.trainer:eval | (sampled_gnn, metric_val) = (['sg', 2, 'global_add_pool', 4500], 0.8297872340425532)
INFO:nas.trainer:eval | (sampled_gnn, metric_val) = (['gat', 2, 'global_add_pool', 6000], 0.776595744680851)
INFO:nas.trainer:eval | (sampled_gnn, metric_val) = (['gin', 2, 'global_add_pool', 5500], 0.8085106382978723)
INFO:nas.trainer:train | 17 era_time 9380.230768442154
INFO:nas.trainer:eval | (sampled_gnn, metric_val) = (['gmm', 2, 'global_max_pool', 5000], 0.8085106382978723)
INFO:nas.trainer:eval | (sampled_gnn, metric_val) = (['gcn', 2, 'global_max_pool', 5000], 0.8404255319148937)
INFO:nas.trainer:eval | (sampled_gnn, metric_val) = (['sg', 2, 'global_add_pool', 5500], 0.8085106382978723)
INFO:nas.trainer:eval | (sampled_gnn, metric_val) = (['sage', 2, 'global_add_pool', 6000], 0.8085106382978723)
INFO:nas.trainer:eval | (sampled_gnn, metric_val) = (['sage', 2, 'global_add_pool', 6500], 0.8191489361702128)
INFO:nas.trainer:eval | (sampled_gnn, metric_val) = (['sg', 2, 'global_mean_pool', 5500], 0.8297872340425532)
INFO:nas.trainer:eval | (sampled_gnn, metric_val) = (['gcn', 2, 'global_add_pool', 6000], 0.8404255319148937)
INFO:nas.trainer:eval | (sampled_gnn, metric_val) = (['tag', 2, 'global_mean_pool', 4500], 0.7659574468085106)
INFO:nas.trainer:eval | (sampled_gnn, metric_val) = (['gmm', 2, 'global_add_pool', 8000], 0.8191489361702128)
INFO:nas.trainer:eval | (sampled_gnn, metric_val) = (['sage', 2, 'global_max_pool', 8000], 0.8191489361702128)
INFO:nas.trainer:eval | (sampled_gnn, metric_val) = (['gmm', 2, 'global_mean_pool', 4000], 0.8191489361702128)
INFO:nas.trainer:eval | (sampled_gnn, metric_val) = (['ssg', 2, 'global_add_pool', 5000], 0.8191489361702128)
INFO:nas.trainer:eval | (sampled_gnn, metric_val) = (['gmm', 2, 'global_add_pool', 4000], 0.851063829787234)
INFO:nas.trainer:eval | (sampled_gnn, metric_val) = (['gmm', 2, 'global_add_pool', 6000], 0.8723404255319149)
INFO:nas.trainer:eval | (sampled_gnn, metric_val) = (['gmm', 2, 'global_add_pool', 6000], 0.8191489361702128)
INFO:nas.trainer:eval | (sampled_gnn, metric_val) = (['gmm', 2, 'global_max_pool', 5000], 0.8404255319148937)
INFO:nas.trainer:eval | (sampled_gnn, metric_val) = (['sage', 2, 'global_mean_pool', 7000], 0.7659574468085106)
INFO:nas.trainer:eval | (sampled_gnn, metric_val) = (['gmm', 2, 'global_mean_pool', 6500], 0.7446808510638298)
INFO:nas.trainer:eval | (sampled_gnn, metric_val) = (['sage', 2, 'global_mean_pool', 6000], 0.8297872340425532)
INFO:nas.trainer:eval | (sampled_gnn, metric_val) = (['gmm', 2, 'global_add_pool', 3000], 0.8191489361702128)
INFO:nas.trainer:train | 18 era_time 10239.379775762558
INFO:nas.trainer:eval | (sampled_gnn, metric_val) = (['sage', 2, 'global_mean_pool', 5000], 0.8617021276595744)
INFO:nas.trainer:eval | (sampled_gnn, metric_val) = (['sage', 2, 'global_mean_pool', 8000], 0.8617021276595744)
INFO:nas.trainer:eval | (sampled_gnn, metric_val) = (['tag', 2, 'global_add_pool', 6000], 0.8191489361702128)
INFO:nas.trainer:eval | (sampled_gnn, metric_val) = (['sg', 2, 'global_add_pool', 4500], 0.7978723404255319)
INFO:nas.trainer:eval | (sampled_gnn, metric_val) = (['sage', 2, 'global_mean_pool', 8000], 0.851063829787234)
INFO:nas.trainer:eval | (sampled_gnn, metric_val) = (['sg', 2, 'global_add_pool', 7000], 0.8297872340425532)
INFO:nas.trainer:eval | (sampled_gnn, metric_val) = (['gat', 2, 'global_add_pool', 7500], 0.776595744680851)
INFO:nas.trainer:eval | (sampled_gnn, metric_val) = (['gcn', 2, 'global_mean_pool', 6500], 0.8191489361702128)
INFO:nas.trainer:eval | (sampled_gnn, metric_val) = (['gin', 2, 'global_max_pool', 6000], 0.8297872340425532)
INFO:nas.trainer:eval | (sampled_gnn, metric_val) = (['gat', 2, 'global_mean_pool', 6000], 0.776595744680851)
INFO:nas.trainer:eval | (sampled_gnn, metric_val) = (['ssg', 2, 'global_add_pool', 6500], 0.8191489361702128)
INFO:nas.trainer:eval | (sampled_gnn, metric_val) = (['gmm', 2, 'global_mean_pool', 4500], 0.8297872340425532)
INFO:nas.trainer:eval | (sampled_gnn, metric_val) = (['ssg', 2, 'global_mean_pool', 5000], 0.8617021276595744)
INFO:nas.trainer:eval | (sampled_gnn, metric_val) = (['gmm', 2, 'global_max_pool', 4000], 0.8297872340425532)
INFO:nas.trainer:eval | (sampled_gnn, metric_val) = (['gcn', 2, 'global_mean_pool', 3000], 0.8297872340425532)
INFO:nas.trainer:eval | (sampled_gnn, metric_val) = (['sg', 2, 'global_max_pool', 7000], 0.7872340425531915)
INFO:nas.trainer:eval | (sampled_gnn, metric_val) = (['gmm', 2, 'global_add_pool', 6000], 0.8085106382978723)
INFO:nas.trainer:eval | (sampled_gnn, metric_val) = (['gcn', 2, 'global_add_pool', 3000], 0.7872340425531915)
INFO:nas.trainer:eval | (sampled_gnn, metric_val) = (['gmm', 2, 'global_mean_pool', 8000], 0.7978723404255319)
INFO:nas.trainer:eval | (sampled_gnn, metric_val) = (['sg', 2, 'global_mean_pool', 4500], 0.7978723404255319)
INFO:nas.trainer:train | 19 era_time 10990.028768062592
INFO:nas.trainer:eval | (sampled_gnn, metric_val) = (['gin', 2, 'global_add_pool', 6000], 0.8404255319148937)
INFO:nas.trainer:eval | (sampled_gnn, metric_val) = (['gmm', 2, 'global_mean_pool', 5500], 0.7872340425531915)
INFO:nas.trainer:eval | (sampled_gnn, metric_val) = (['sg', 2, 'global_mean_pool', 7000], 0.8297872340425532)
INFO:nas.trainer:eval | (sampled_gnn, metric_val) = (['ssg', 2, 'global_mean_pool', 5000], 0.851063829787234)
INFO:nas.trainer:eval | (sampled_gnn, metric_val) = (['sg', 2, 'global_add_pool', 6000], 0.8297872340425532)
INFO:nas.trainer:eval | (sampled_gnn, metric_val) = (['gin', 2, 'global_add_pool', 5500], 0.6702127659574468)
INFO:nas.trainer:eval | (sampled_gnn, metric_val) = (['gin', 2, 'global_mean_pool', 3000], 0.7872340425531915)
INFO:nas.trainer:eval | (sampled_gnn, metric_val) = (['gmm', 2, 'global_mean_pool', 4500], 0.8191489361702128)
INFO:nas.trainer:eval | (sampled_gnn, metric_val) = (['sage', 2, 'global_add_pool', 5000], 0.8191489361702128)
INFO:nas.trainer:eval | (sampled_gnn, metric_val) = (['gmm', 2, 'global_mean_pool', 5000], 0.8191489361702128)
INFO:nas.trainer:eval | (sampled_gnn, metric_val) = (['sg', 2, 'global_add_pool', 8000], 0.8297872340425532)
INFO:nas.trainer:eval | (sampled_gnn, metric_val) = (['gmm', 2, 'global_add_pool', 6000], 0.8085106382978723)
INFO:nas.trainer:eval | (sampled_gnn, metric_val) = (['gcn', 2, 'global_mean_pool', 3000], 0.8191489361702128)
INFO:nas.trainer:eval | (sampled_gnn, metric_val) = (['gin', 2, 'global_add_pool', 6000], 0.7553191489361702)
INFO:nas.trainer:eval | (sampled_gnn, metric_val) = (['sg', 2, 'global_mean_pool', 6500], 0.8297872340425532)
INFO:nas.trainer:eval | (sampled_gnn, metric_val) = (['gin', 2, 'global_max_pool', 5000], 0.7553191489361702)
INFO:nas.trainer:eval | (sampled_gnn, metric_val) = (['sage', 2, 'global_max_pool', 6000], 0.8404255319148937)
INFO:nas.trainer:eval | (sampled_gnn, metric_val) = (['sage', 2, 'global_max_pool', 3000], 0.851063829787234)
INFO:nas.trainer:eval | (sampled_gnn, metric_val) = (['sg', 2, 'global_mean_pool', 5500], 0.8085106382978723)
INFO:nas.trainer:eval | (sampled_gnn, metric_val) = (['ssg', 2, 'global_mean_pool', 8000], 0.8404255319148937)
INFO:nas.trainer:train | 20 era_time 9837.711678981781
INFO:nas.trainer:eval | (sampled_gnn, metric_val) = (['gmm', 2, 'global_add_pool', 4000], 0.8191489361702128)
INFO:nas.trainer:eval | (sampled_gnn, metric_val) = (['ssg', 2, 'global_mean_pool', 6000], 0.8085106382978723)
INFO:nas.trainer:eval | (sampled_gnn, metric_val) = (['sage', 2, 'global_mean_pool', 6000], 0.776595744680851)
INFO:nas.trainer:eval | (sampled_gnn, metric_val) = (['gmm', 2, 'global_mean_pool', 5000], 0.8191489361702128)
INFO:nas.trainer:eval | (sampled_gnn, metric_val) = (['ssg', 2, 'global_add_pool', 4000], 0.8617021276595744)
INFO:nas.trainer:eval | (sampled_gnn, metric_val) = (['tag', 2, 'global_add_pool', 3000], 0.7978723404255319)
INFO:nas.trainer:eval | (sampled_gnn, metric_val) = (['gmm', 2, 'global_mean_pool', 8000], 0.7872340425531915)
INFO:nas.trainer:eval | (sampled_gnn, metric_val) = (['gmm', 2, 'global_mean_pool', 5000], 0.8404255319148937)
INFO:nas.trainer:eval | (sampled_gnn, metric_val) = (['gmm', 2, 'global_mean_pool', 3500], 0.7978723404255319)
INFO:nas.trainer:eval | (sampled_gnn, metric_val) = (['gmm', 2, 'global_mean_pool', 8000], 0.851063829787234)
INFO:nas.trainer:eval | (sampled_gnn, metric_val) = (['sg', 2, 'global_mean_pool', 6000], 0.776595744680851)
INFO:nas.trainer:eval | (sampled_gnn, metric_val) = (['gmm', 2, 'global_add_pool', 8000], 0.8297872340425532)
INFO:nas.trainer:eval | (sampled_gnn, metric_val) = (['sage', 2, 'global_mean_pool', 6500], 0.8297872340425532)
INFO:nas.trainer:eval | (sampled_gnn, metric_val) = (['sage', 2, 'global_add_pool', 8000], 0.8404255319148937)
INFO:nas.trainer:eval | (sampled_gnn, metric_val) = (['sage', 2, 'global_mean_pool', 8000], 0.8191489361702128)
INFO:nas.trainer:eval | (sampled_gnn, metric_val) = (['gmm', 2, 'global_mean_pool', 6000], 0.7978723404255319)
INFO:nas.trainer:eval | (sampled_gnn, metric_val) = (['gmm', 2, 'global_add_pool', 8000], 0.8191489361702128)
INFO:nas.trainer:eval | (sampled_gnn, metric_val) = (['sage', 2, 'global_mean_pool', 6500], 0.8723404255319149)
INFO:nas.trainer:eval | (sampled_gnn, metric_val) = (['gmm', 2, 'global_mean_pool', 8000], 0.8297872340425532)
INFO:nas.trainer:eval | (sampled_gnn, metric_val) = (['gcn', 2, 'global_add_pool', 5000], 0.8404255319148937)
INFO:nas.trainer:train | 21 era_time 11170.321081876755
INFO:nas.trainer:eval | (sampled_gnn, metric_val) = (['ssg', 2, 'global_mean_pool', 3000], 0.8297872340425532)
INFO:nas.trainer:eval | (sampled_gnn, metric_val) = (['sage', 2, 'global_add_pool', 6000], 0.776595744680851)
INFO:nas.trainer:eval | (sampled_gnn, metric_val) = (['sage', 2, 'global_mean_pool', 8000], 0.8191489361702128)
INFO:nas.trainer:eval | (sampled_gnn, metric_val) = (['sage', 2, 'global_add_pool', 4000], 0.8297872340425532)
INFO:nas.trainer:eval | (sampled_gnn, metric_val) = (['sage', 2, 'global_mean_pool', 7000], 0.8829787234042553)
INFO:nas.trainer:eval | (sampled_gnn, metric_val) = (['sage', 2, 'global_mean_pool', 8000], 0.8085106382978723)
INFO:nas.trainer:eval | (sampled_gnn, metric_val) = (['sage', 2, 'global_mean_pool', 4000], 0.8936170212765957)
INFO:nas.trainer:eval | (sampled_gnn, metric_val) = (['tag', 2, 'global_mean_pool', 6500], 0.8191489361702128)
INFO:nas.trainer:eval | (sampled_gnn, metric_val) = (['gmm', 2, 'global_mean_pool', 5000], 0.8617021276595744)
INFO:nas.trainer:eval | (sampled_gnn, metric_val) = (['ssg', 2, 'global_mean_pool', 5000], 0.8617021276595744)
INFO:nas.trainer:eval | (sampled_gnn, metric_val) = (['gmm', 2, 'global_mean_pool', 8000], 0.7872340425531915)
INFO:nas.trainer:eval | (sampled_gnn, metric_val) = (['sage', 2, 'global_mean_pool', 4000], 0.8085106382978723)
INFO:nas.trainer:eval | (sampled_gnn, metric_val) = (['sage', 2, 'global_mean_pool', 5000], 0.7872340425531915)
INFO:nas.trainer:eval | (sampled_gnn, metric_val) = (['sg', 2, 'global_mean_pool', 4000], 0.8191489361702128)
INFO:nas.trainer:eval | (sampled_gnn, metric_val) = (['sage', 2, 'global_mean_pool', 3000], 0.8404255319148937)
INFO:nas.trainer:eval | (sampled_gnn, metric_val) = (['sage', 2, 'global_add_pool', 6000], 0.8191489361702128)
INFO:nas.trainer:eval | (sampled_gnn, metric_val) = (['sage', 2, 'global_mean_pool', 7000], 0.776595744680851)
INFO:nas.trainer:eval | (sampled_gnn, metric_val) = (['ssg', 2, 'global_mean_pool', 3000], 0.8191489361702128)
INFO:nas.trainer:eval | (sampled_gnn, metric_val) = (['gcn', 2, 'global_add_pool', 8000], 0.776595744680851)
INFO:nas.trainer:eval | (sampled_gnn, metric_val) = (['sg', 2, 'global_add_pool', 5000], 0.7872340425531915)
INFO:nas.trainer:train | 22 era_time 9797.685620069504
INFO:nas.trainer:eval | (sampled_gnn, metric_val) = (['sage', 2, 'global_add_pool', 6500], 0.8404255319148937)
INFO:nas.trainer:eval | (sampled_gnn, metric_val) = (['sg', 2, 'global_mean_pool', 6000], 0.8085106382978723)
INFO:nas.trainer:eval | (sampled_gnn, metric_val) = (['gcn', 2, 'global_mean_pool', 4000], 0.851063829787234)
INFO:nas.trainer:eval | (sampled_gnn, metric_val) = (['sage', 2, 'global_mean_pool', 8000], 0.851063829787234)
INFO:nas.trainer:eval | (sampled_gnn, metric_val) = (['sage', 2, 'global_mean_pool', 3000], 0.8297872340425532)
INFO:nas.trainer:eval | (sampled_gnn, metric_val) = (['sage', 2, 'global_mean_pool', 6000], 0.723404255319149)
INFO:nas.trainer:eval | (sampled_gnn, metric_val) = (['gcn', 2, 'global_mean_pool', 4000], 0.8297872340425532)
INFO:nas.trainer:eval | (sampled_gnn, metric_val) = (['sage', 2, 'global_max_pool', 8000], 0.7978723404255319)
INFO:nas.trainer:eval | (sampled_gnn, metric_val) = (['sage', 2, 'global_mean_pool', 5000], 0.851063829787234)
INFO:nas.trainer:eval | (sampled_gnn, metric_val) = (['tag', 2, 'global_add_pool', 5000], 0.7659574468085106)
INFO:nas.trainer:eval | (sampled_gnn, metric_val) = (['ssg', 2, 'global_add_pool', 8000], 0.7978723404255319)
INFO:nas.trainer:eval | (sampled_gnn, metric_val) = (['gmm', 2, 'global_mean_pool', 8000], 0.776595744680851)
INFO:nas.trainer:eval | (sampled_gnn, metric_val) = (['sg', 2, 'global_mean_pool', 4500], 0.8617021276595744)
INFO:nas.trainer:eval | (sampled_gnn, metric_val) = (['sage', 2, 'global_mean_pool', 6500], 0.7872340425531915)
INFO:nas.trainer:eval | (sampled_gnn, metric_val) = (['gmm', 2, 'global_mean_pool', 4000], 0.776595744680851)
INFO:nas.trainer:eval | (sampled_gnn, metric_val) = (['gmm', 2, 'global_mean_pool', 6500], 0.8723404255319149)
INFO:nas.trainer:eval | (sampled_gnn, metric_val) = (['sage', 2, 'global_mean_pool', 7500], 0.8404255319148937)
INFO:nas.trainer:eval | (sampled_gnn, metric_val) = (['gmm', 2, 'global_mean_pool', 3500], 0.8085106382978723)
INFO:nas.trainer:eval | (sampled_gnn, metric_val) = (['sage', 2, 'global_mean_pool', 6000], 0.8404255319148937)
INFO:nas.trainer:eval | (sampled_gnn, metric_val) = (['sg', 2, 'global_mean_pool', 3500], 0.8404255319148937)
INFO:nas.trainer:train | 23 era_time 10149.14082956314
INFO:nas.trainer:eval | (sampled_gnn, metric_val) = (['gin', 2, 'global_mean_pool', 4000], 0.7872340425531915)
INFO:nas.trainer:eval | (sampled_gnn, metric_val) = (['gmm', 2, 'global_mean_pool', 6500], 0.7553191489361702)
INFO:nas.trainer:eval | (sampled_gnn, metric_val) = (['gin', 2, 'global_mean_pool', 5000], 0.8085106382978723)
INFO:nas.trainer:eval | (sampled_gnn, metric_val) = (['gmm', 2, 'global_mean_pool', 4000], 0.8191489361702128)
INFO:nas.trainer:eval | (sampled_gnn, metric_val) = (['gmm', 2, 'global_add_pool', 8000], 0.8404255319148937)
INFO:nas.trainer:eval | (sampled_gnn, metric_val) = (['sage', 2, 'global_mean_pool', 3500], 0.8297872340425532)
INFO:nas.trainer:eval | (sampled_gnn, metric_val) = (['sage', 2, 'global_mean_pool', 5000], 0.8404255319148937)
INFO:nas.trainer:eval | (sampled_gnn, metric_val) = (['gmm', 2, 'global_mean_pool', 6500], 0.8297872340425532)
INFO:nas.trainer:eval | (sampled_gnn, metric_val) = (['sage', 2, 'global_mean_pool', 6500], 0.851063829787234)
INFO:nas.trainer:eval | (sampled_gnn, metric_val) = (['ssg', 2, 'global_mean_pool', 5500], 0.8617021276595744)
INFO:nas.trainer:eval | (sampled_gnn, metric_val) = (['sage', 2, 'global_mean_pool', 4000], 0.851063829787234)
INFO:nas.trainer:eval | (sampled_gnn, metric_val) = (['ssg', 2, 'global_mean_pool', 4000], 0.7978723404255319)
INFO:nas.trainer:eval | (sampled_gnn, metric_val) = (['sage', 2, 'global_mean_pool', 4000], 0.7872340425531915)
INFO:nas.trainer:eval | (sampled_gnn, metric_val) = (['sg', 2, 'global_mean_pool', 4500], 0.8191489361702128)
INFO:nas.trainer:eval | (sampled_gnn, metric_val) = (['ssg', 2, 'global_mean_pool', 4500], 0.8191489361702128)
INFO:nas.trainer:eval | (sampled_gnn, metric_val) = (['gmm', 2, 'global_mean_pool', 5000], 0.8191489361702128)
INFO:nas.trainer:eval | (sampled_gnn, metric_val) = (['gmm', 2, 'global_mean_pool', 3500], 0.7446808510638298)
INFO:nas.trainer:eval | (sampled_gnn, metric_val) = (['sage', 2, 'global_add_pool', 6500], 0.8297872340425532)
INFO:nas.trainer:eval | (sampled_gnn, metric_val) = (['gat', 2, 'global_mean_pool', 5000], 0.7872340425531915)
INFO:nas.trainer:eval | (sampled_gnn, metric_val) = (['ssg', 2, 'global_mean_pool', 6500], 0.8297872340425532)
INFO:nas.trainer:train | 24 era_time 9447.698977708817
INFO:nas.trainer:eval | (sampled_gnn, metric_val) = (['sg', 2, 'global_mean_pool', 6500], 0.8191489361702128)
INFO:nas.trainer:eval | (sampled_gnn, metric_val) = (['gcn', 2, 'global_mean_pool', 7000], 0.7872340425531915)
INFO:nas.trainer:eval | (sampled_gnn, metric_val) = (['gmm', 2, 'global_mean_pool', 4000], 0.8404255319148937)
INFO:nas.trainer:eval | (sampled_gnn, metric_val) = (['gmm', 2, 'global_mean_pool', 3500], 0.8617021276595744)
INFO:nas.trainer:eval | (sampled_gnn, metric_val) = (['sage', 2, 'global_mean_pool', 4000], 0.8191489361702128)
INFO:nas.trainer:eval | (sampled_gnn, metric_val) = (['gcn', 2, 'global_mean_pool', 6000], 0.851063829787234)
INFO:nas.trainer:eval | (sampled_gnn, metric_val) = (['sage', 2, 'global_mean_pool', 4500], 0.7872340425531915)
INFO:nas.trainer:eval | (sampled_gnn, metric_val) = (['ssg', 2, 'global_mean_pool', 4500], 0.8723404255319149)
INFO:nas.trainer:eval | (sampled_gnn, metric_val) = (['gmm', 2, 'global_mean_pool', 5000], 0.8297872340425532)
INFO:nas.trainer:eval | (sampled_gnn, metric_val) = (['gmm', 2, 'global_mean_pool', 4000], 0.776595744680851)
INFO:nas.trainer:eval | (sampled_gnn, metric_val) = (['ssg', 2, 'global_mean_pool', 8000], 0.8404255319148937)
INFO:nas.trainer:eval | (sampled_gnn, metric_val) = (['sg', 2, 'global_mean_pool', 7500], 0.8297872340425532)
INFO:nas.trainer:eval | (sampled_gnn, metric_val) = (['gmm', 2, 'global_add_pool', 6500], 0.851063829787234)
INFO:nas.trainer:eval | (sampled_gnn, metric_val) = (['ssg', 2, 'global_mean_pool', 6500], 0.8617021276595744)
INFO:nas.trainer:eval | (sampled_gnn, metric_val) = (['sg', 2, 'global_mean_pool', 4000], 0.8617021276595744)
INFO:nas.trainer:eval | (sampled_gnn, metric_val) = (['sg', 2, 'global_mean_pool', 5000], 0.8404255319148937)
INFO:nas.trainer:eval | (sampled_gnn, metric_val) = (['gmm', 2, 'global_mean_pool', 6500], 0.8404255319148937)
INFO:nas.trainer:eval | (sampled_gnn, metric_val) = (['ssg', 2, 'global_mean_pool', 6500], 0.8191489361702128)
INFO:nas.trainer:eval | (sampled_gnn, metric_val) = (['sg', 2, 'global_mean_pool', 6500], 0.8723404255319149)
INFO:nas.trainer:eval | (sampled_gnn, metric_val) = (['gcn', 2, 'global_mean_pool', 4000], 0.776595744680851)
INFO:nas.trainer:train | 25 era_time 9982.075276136398
INFO:nas.trainer:eval | (sampled_gnn, metric_val) = (['gcn', 2, 'global_add_pool', 7000], 0.7978723404255319)
INFO:nas.trainer:eval | (sampled_gnn, metric_val) = (['gmm', 2, 'global_mean_pool', 3500], 0.8085106382978723)
INFO:nas.trainer:eval | (sampled_gnn, metric_val) = (['gcn', 2, 'global_mean_pool', 3000], 0.8191489361702128)
INFO:nas.trainer:eval | (sampled_gnn, metric_val) = (['sage', 2, 'global_mean_pool', 6500], 0.8297872340425532)
INFO:nas.trainer:eval | (sampled_gnn, metric_val) = (['sage', 2, 'global_mean_pool', 4500], 0.8191489361702128)
INFO:nas.trainer:eval | (sampled_gnn, metric_val) = (['sg', 2, 'global_mean_pool', 3500], 0.851063829787234)
INFO:nas.trainer:eval | (sampled_gnn, metric_val) = (['sage', 2, 'global_mean_pool', 8000], 0.8617021276595744)
INFO:nas.trainer:eval | (sampled_gnn, metric_val) = (['sg', 2, 'global_mean_pool', 3000], 0.8404255319148937)
INFO:nas.trainer:eval | (sampled_gnn, metric_val) = (['sg', 2, 'global_mean_pool', 8000], 0.7659574468085106)
INFO:nas.trainer:eval | (sampled_gnn, metric_val) = (['sage', 2, 'global_mean_pool', 6000], 0.8404255319148937)
INFO:nas.trainer:eval | (sampled_gnn, metric_val) = (['sg', 2, 'global_mean_pool', 4500], 0.8723404255319149)
INFO:nas.trainer:eval | (sampled_gnn, metric_val) = (['gcn', 2, 'global_mean_pool', 3000], 0.851063829787234)
INFO:nas.trainer:eval | (sampled_gnn, metric_val) = (['gmm', 2, 'global_mean_pool', 4500], 0.8085106382978723)
INFO:nas.trainer:eval | (sampled_gnn, metric_val) = (['sage', 2, 'global_mean_pool', 4500], 0.8085106382978723)
INFO:nas.trainer:eval | (sampled_gnn, metric_val) = (['ssg', 2, 'global_mean_pool', 6500], 0.8617021276595744)
INFO:nas.trainer:eval | (sampled_gnn, metric_val) = (['gmm', 2, 'global_mean_pool', 5000], 0.851063829787234)
INFO:nas.trainer:eval | (sampled_gnn, metric_val) = (['sg', 2, 'global_mean_pool', 5000], 0.8085106382978723)
INFO:nas.trainer:eval | (sampled_gnn, metric_val) = (['ssg', 2, 'global_mean_pool', 7500], 0.8404255319148937)
INFO:nas.trainer:eval | (sampled_gnn, metric_val) = (['sage', 2, 'global_mean_pool', 3000], 0.7978723404255319)
INFO:nas.trainer:eval | (sampled_gnn, metric_val) = (['sage', 2, 'global_mean_pool', 4500], 0.8723404255319149)
INFO:nas.trainer:train | 26 era_time 8966.755370140076
INFO:nas.trainer:eval | (sampled_gnn, metric_val) = (['sg', 2, 'global_mean_pool', 8000], 0.8085106382978723)
INFO:nas.trainer:eval | (sampled_gnn, metric_val) = (['gmm', 2, 'global_mean_pool', 3500], 0.851063829787234)
INFO:nas.trainer:eval | (sampled_gnn, metric_val) = (['sage', 2, 'global_mean_pool', 7000], 0.8191489361702128)
INFO:nas.trainer:eval | (sampled_gnn, metric_val) = (['sg', 2, 'global_mean_pool', 5500], 0.8191489361702128)
INFO:nas.trainer:eval | (sampled_gnn, metric_val) = (['gmm', 2, 'global_mean_pool', 4500], 0.8404255319148937)
INFO:nas.trainer:eval | (sampled_gnn, metric_val) = (['sage', 2, 'global_mean_pool', 4500], 0.8191489361702128)
INFO:nas.trainer:eval | (sampled_gnn, metric_val) = (['sg', 2, 'global_mean_pool', 7500], 0.7978723404255319)
INFO:nas.trainer:eval | (sampled_gnn, metric_val) = (['gmm', 2, 'global_mean_pool', 3500], 0.8404255319148937)
INFO:nas.trainer:eval | (sampled_gnn, metric_val) = (['gmm', 2, 'global_mean_pool', 3000], 0.8404255319148937)
INFO:nas.trainer:eval | (sampled_gnn, metric_val) = (['ssg', 2, 'global_mean_pool', 3000], 0.8085106382978723)
INFO:nas.trainer:eval | (sampled_gnn, metric_val) = (['sg', 2, 'global_mean_pool', 6500], 0.8191489361702128)
INFO:nas.trainer:eval | (sampled_gnn, metric_val) = (['gmm', 2, 'global_mean_pool', 5000], 0.7978723404255319)
INFO:nas.trainer:eval | (sampled_gnn, metric_val) = (['sg', 2, 'global_mean_pool', 4500], 0.8297872340425532)
INFO:nas.trainer:eval | (sampled_gnn, metric_val) = (['ssg', 2, 'global_mean_pool', 6500], 0.8617021276595744)
INFO:nas.trainer:eval | (sampled_gnn, metric_val) = (['gin', 2, 'global_mean_pool', 5500], 0.7978723404255319)
INFO:nas.trainer:eval | (sampled_gnn, metric_val) = (['sage', 2, 'global_max_pool', 7500], 0.8617021276595744)
INFO:nas.trainer:eval | (sampled_gnn, metric_val) = (['gcn', 2, 'global_mean_pool', 3500], 0.7978723404255319)
INFO:nas.trainer:eval | (sampled_gnn, metric_val) = (['gmm', 2, 'global_mean_pool', 6500], 0.8191489361702128)
INFO:nas.trainer:eval | (sampled_gnn, metric_val) = (['gmm', 2, 'global_mean_pool', 4500], 0.8404255319148937)
INFO:nas.trainer:eval | (sampled_gnn, metric_val) = (['ssg', 2, 'global_mean_pool', 6500], 0.8191489361702128)
INFO:nas.trainer:train | 27 era_time 9565.22694516182
INFO:nas.trainer:eval | (sampled_gnn, metric_val) = (['gmm', 2, 'global_mean_pool', 4500], 0.7978723404255319)
INFO:nas.trainer:eval | (sampled_gnn, metric_val) = (['sg', 2, 'global_add_pool', 6500], 0.8404255319148937)
INFO:nas.trainer:eval | (sampled_gnn, metric_val) = (['ssg', 2, 'global_mean_pool', 8000], 0.8085106382978723)
INFO:nas.trainer:eval | (sampled_gnn, metric_val) = (['sage', 2, 'global_mean_pool', 5500], 0.8723404255319149)
INFO:nas.trainer:eval | (sampled_gnn, metric_val) = (['gmm', 2, 'global_mean_pool', 3500], 0.8085106382978723)
INFO:nas.trainer:eval | (sampled_gnn, metric_val) = (['sage', 2, 'global_mean_pool', 4500], 0.8829787234042553)
INFO:nas.trainer:eval | (sampled_gnn, metric_val) = (['gin', 2, 'global_mean_pool', 3000], 0.723404255319149)
INFO:nas.trainer:eval | (sampled_gnn, metric_val) = (['ssg', 2, 'global_add_pool', 4500], 0.851063829787234)
INFO:nas.trainer:eval | (sampled_gnn, metric_val) = (['ssg', 2, 'global_mean_pool', 4500], 0.8297872340425532)
INFO:nas.trainer:eval | (sampled_gnn, metric_val) = (['gmm', 2, 'global_mean_pool', 6500], 0.851063829787234)
INFO:nas.trainer:eval | (sampled_gnn, metric_val) = (['sg', 2, 'global_mean_pool', 4500], 0.8404255319148937)
INFO:nas.trainer:eval | (sampled_gnn, metric_val) = (['ssg', 2, 'global_mean_pool', 4500], 0.8617021276595744)
INFO:nas.trainer:eval | (sampled_gnn, metric_val) = (['gmm', 2, 'global_mean_pool', 4500], 0.8723404255319149)
INFO:nas.trainer:eval | (sampled_gnn, metric_val) = (['sage', 2, 'global_mean_pool', 4500], 0.8297872340425532)
INFO:nas.trainer:eval | (sampled_gnn, metric_val) = (['sg', 2, 'global_mean_pool', 4500], 0.8404255319148937)
INFO:nas.trainer:eval | (sampled_gnn, metric_val) = (['sg', 2, 'global_mean_pool', 3500], 0.8297872340425532)
INFO:nas.trainer:eval | (sampled_gnn, metric_val) = (['sg', 2, 'global_add_pool', 3500], 0.8191489361702128)
INFO:nas.trainer:eval | (sampled_gnn, metric_val) = (['sage', 2, 'global_max_pool', 3500], 0.8404255319148937)
INFO:nas.trainer:eval | (sampled_gnn, metric_val) = (['sg', 2, 'global_mean_pool', 4500], 0.8085106382978723)
INFO:nas.trainer:eval | (sampled_gnn, metric_val) = (['sg', 2, 'global_mean_pool', 4500], 0.7978723404255319)
INFO:nas.trainer:train | 28 era_time 8309.886279821396
INFO:nas.trainer:eval | (sampled_gnn, metric_val) = (['sg', 2, 'global_mean_pool', 4500], 0.8085106382978723)
INFO:nas.trainer:eval | (sampled_gnn, metric_val) = (['ssg', 2, 'global_max_pool', 5500], 0.8191489361702128)
INFO:nas.trainer:eval | (sampled_gnn, metric_val) = (['sg', 2, 'global_mean_pool', 3500], 0.8085106382978723)
INFO:nas.trainer:eval | (sampled_gnn, metric_val) = (['ssg', 2, 'global_mean_pool', 4500], 0.7659574468085106)
INFO:nas.trainer:eval | (sampled_gnn, metric_val) = (['gmm', 2, 'global_mean_pool', 4500], 0.8404255319148937)
INFO:nas.trainer:eval | (sampled_gnn, metric_val) = (['ssg', 2, 'global_add_pool', 4500], 0.8404255319148937)
INFO:nas.trainer:eval | (sampled_gnn, metric_val) = (['ssg', 2, 'global_mean_pool', 5500], 0.8617021276595744)
INFO:nas.trainer:eval | (sampled_gnn, metric_val) = (['ssg', 2, 'global_mean_pool', 4500], 0.7978723404255319)
INFO:nas.trainer:eval | (sampled_gnn, metric_val) = (['gat', 2, 'global_mean_pool', 3000], 0.8191489361702128)
INFO:nas.trainer:eval | (sampled_gnn, metric_val) = (['gmm', 2, 'global_mean_pool', 5000], 0.7659574468085106)
INFO:nas.trainer:eval | (sampled_gnn, metric_val) = (['sg', 2, 'global_mean_pool', 5000], 0.8297872340425532)
INFO:nas.trainer:eval | (sampled_gnn, metric_val) = (['sage', 2, 'global_max_pool', 4500], 0.8191489361702128)
INFO:nas.trainer:eval | (sampled_gnn, metric_val) = (['sg', 2, 'global_mean_pool', 5500], 0.8191489361702128)
INFO:nas.trainer:eval | (sampled_gnn, metric_val) = (['sage', 2, 'global_mean_pool', 3500], 0.776595744680851)
INFO:nas.trainer:eval | (sampled_gnn, metric_val) = (['tag', 2, 'global_mean_pool', 5500], 0.776595744680851)
INFO:nas.trainer:eval | (sampled_gnn, metric_val) = (['ssg', 2, 'global_add_pool', 8000], 0.8191489361702128)
INFO:nas.trainer:eval | (sampled_gnn, metric_val) = (['ssg', 2, 'global_mean_pool', 4500], 0.851063829787234)
INFO:nas.trainer:eval | (sampled_gnn, metric_val) = (['ssg', 2, 'global_max_pool', 6500], 0.8085106382978723)
INFO:nas.trainer:eval | (sampled_gnn, metric_val) = (['sage', 2, 'global_max_pool', 7000], 0.7872340425531915)
INFO:nas.trainer:eval | (sampled_gnn, metric_val) = (['gmm', 2, 'global_mean_pool', 4500], 0.8085106382978723)
INFO:nas.trainer:train | 29 era_time 9037.15928721428
INFO:nas.trainer:eval | (sampled_gnn, metric_val) = (['gmm', 2, 'global_mean_pool', 6500], 0.7553191489361702)
INFO:nas.trainer:eval | (sampled_gnn, metric_val) = (['gmm', 2, 'global_mean_pool', 7500], 0.8085106382978723)
INFO:nas.trainer:eval | (sampled_gnn, metric_val) = (['gmm', 2, 'global_mean_pool', 4500], 0.8404255319148937)
INFO:nas.trainer:eval | (sampled_gnn, metric_val) = (['sg', 2, 'global_mean_pool', 3000], 0.8085106382978723)
INFO:nas.trainer:eval | (sampled_gnn, metric_val) = (['sg', 2, 'global_mean_pool', 4500], 0.8297872340425532)
INFO:nas.trainer:eval | (sampled_gnn, metric_val) = (['gcn', 2, 'global_mean_pool', 3500], 0.8191489361702128)
INFO:nas.trainer:eval | (sampled_gnn, metric_val) = (['sg', 2, 'global_mean_pool', 4000], 0.8085106382978723)
INFO:nas.trainer:eval | (sampled_gnn, metric_val) = (['ssg', 2, 'global_add_pool', 3500], 0.8085106382978723)
INFO:nas.trainer:eval | (sampled_gnn, metric_val) = (['sg', 2, 'global_mean_pool', 5500], 0.8191489361702128)
INFO:nas.trainer:eval | (sampled_gnn, metric_val) = (['gcn', 2, 'global_mean_pool', 4500], 0.7872340425531915)
INFO:nas.trainer:eval | (sampled_gnn, metric_val) = (['gin', 2, 'global_add_pool', 6500], 0.8723404255319149)
INFO:nas.trainer:eval | (sampled_gnn, metric_val) = (['gmm', 2, 'global_mean_pool', 4500], 0.776595744680851)
INFO:nas.trainer:eval | (sampled_gnn, metric_val) = (['gmm', 2, 'global_mean_pool', 4500], 0.8085106382978723)
INFO:nas.trainer:eval | (sampled_gnn, metric_val) = (['ssg', 2, 'global_add_pool', 6000], 0.7978723404255319)
INFO:nas.trainer:eval | (sampled_gnn, metric_val) = (['sage', 2, 'global_add_pool', 6500], 0.8404255319148937)
INFO:nas.trainer:eval | (sampled_gnn, metric_val) = (['sage', 2, 'global_mean_pool', 4500], 0.851063829787234)
INFO:nas.trainer:eval | (sampled_gnn, metric_val) = (['ssg', 2, 'global_mean_pool', 7500], 0.8191489361702128)
INFO:nas.trainer:eval | (sampled_gnn, metric_val) = (['sage', 2, 'global_mean_pool', 4500], 0.776595744680851)
INFO:nas.trainer:eval | (sampled_gnn, metric_val) = (['ssg', 2, 'global_add_pool', 5500], 0.7978723404255319)
INFO:nas.trainer:eval | (sampled_gnn, metric_val) = (['sage', 2, 'global_mean_pool', 6500], 0.851063829787234)
INFO:nas.trainer:train | 30 era_time 9251.07468533516
ERROR:__main__:cfg_file = '/home/ubuntu/GNN-AID/src/nas/cfg/34.yml'
[Errno 2] No such file or directory: 'save/Trainer_600.pkl'
