INFO:__main__:dataset:
- multiple-graphs
- TUDataset
- COX2
derive_num: 10
is_random: false
logfname: cox2_dynamic-probsonly_no-combinations.log
nas_args:
  dynamic_behaviour: probs_only
  dynamic_nas_steps: 150
  forward:
    mode: train
    softmax_temp: 5.0
    tanh_c: 2.5
  hidden_size: 100
  reset:
    init_range: 0.1
ss_args:
  debug: false
  prob_scale: 4
  type: dynamic_prob
  with_combinations: false
trainer_args:
  derive:
    derive_from_history: false
  eval:
    save_model_flag: false
  train:
    derive_finaly: false
    num_eras: 30
    save_eras: 50
  train_controller:
    epochs: 20

INFO:nas.trainer:eval | (sampled_gnn, metric_val) = (['gin', 2, 'global_max_pool', 8000], 0.7872340425531915)
INFO:nas.trainer:eval | (sampled_gnn, metric_val) = (['tag', 2, 'global_add_pool', 5500], 0.8617021276595744)
INFO:nas.trainer:eval | (sampled_gnn, metric_val) = (['gcn', 2, 'global_mean_pool', 6500], 0.8723404255319149)
INFO:nas.trainer:eval | (sampled_gnn, metric_val) = (['gcn', 2, 'global_max_pool', 7000], 0.8404255319148937)
INFO:nas.trainer:eval | (sampled_gnn, metric_val) = (['gin', 2, 'global_mean_pool', 3000], 0.8723404255319149)
INFO:nas.trainer:eval | (sampled_gnn, metric_val) = (['gin', 2, 'global_mean_pool', 6500], 0.7872340425531915)
INFO:nas.trainer:eval | (sampled_gnn, metric_val) = (['gcn', 2, 'global_add_pool', 4500], 0.8829787234042553)
INFO:nas.trainer:eval | (sampled_gnn, metric_val) = (['gin', 2, 'global_max_pool', 7500], 0.7659574468085106)
INFO:nas.trainer:eval | (sampled_gnn, metric_val) = (['ssg', 2, 'global_max_pool', 3000], 0.8191489361702128)
INFO:nas.trainer:eval | (sampled_gnn, metric_val) = (['gin', 2, 'global_add_pool', 5500], 0.851063829787234)
INFO:nas.trainer:eval | (sampled_gnn, metric_val) = (['gin', 2, 'global_max_pool', 7500], 0.851063829787234)
INFO:nas.trainer:eval | (sampled_gnn, metric_val) = (['gmm', 2, 'global_mean_pool', 4500], 0.851063829787234)
INFO:nas.trainer:eval | (sampled_gnn, metric_val) = (['sg', 2, 'global_max_pool', 3500], 0.851063829787234)
INFO:nas.trainer:eval | (sampled_gnn, metric_val) = (['sage', 2, 'global_max_pool', 5500], 0.8404255319148937)
INFO:nas.trainer:eval | (sampled_gnn, metric_val) = (['gin', 2, 'global_add_pool', 6500], 0.7872340425531915)
INFO:nas.trainer:eval | (sampled_gnn, metric_val) = (['tag', 2, 'global_add_pool', 7500], 0.8404255319148937)
INFO:nas.trainer:eval | (sampled_gnn, metric_val) = (['gcn', 2, 'global_max_pool', 8000], 0.8191489361702128)
INFO:nas.trainer:eval | (sampled_gnn, metric_val) = (['sage', 2, 'global_max_pool', 7500], 0.8297872340425532)
INFO:nas.trainer:eval | (sampled_gnn, metric_val) = (['gcn', 2, 'global_max_pool', 3000], 0.7978723404255319)
INFO:nas.trainer:eval | (sampled_gnn, metric_val) = (['sage', 2, 'global_max_pool', 7500], 0.7872340425531915)
INFO:nas.trainer:train | 1 era_time 10843.72846364975
INFO:nas.trainer:eval | (sampled_gnn, metric_val) = (['gmm', 2, 'global_add_pool', 6500], 0.8829787234042553)
INFO:nas.trainer:eval | (sampled_gnn, metric_val) = (['gmm', 2, 'global_mean_pool', 6000], 0.851063829787234)
INFO:nas.trainer:eval | (sampled_gnn, metric_val) = (['gin', 2, 'global_add_pool', 7000], 0.7978723404255319)
INFO:nas.trainer:eval | (sampled_gnn, metric_val) = (['tag', 2, 'global_add_pool', 3000], 0.8297872340425532)
INFO:nas.trainer:eval | (sampled_gnn, metric_val) = (['gin', 2, 'global_mean_pool', 4500], 0.7978723404255319)
INFO:nas.trainer:eval | (sampled_gnn, metric_val) = (['gin', 2, 'global_max_pool', 6500], 0.8829787234042553)
INFO:nas.trainer:eval | (sampled_gnn, metric_val) = (['gin', 2, 'global_mean_pool', 4500], 0.8191489361702128)
INFO:nas.trainer:eval | (sampled_gnn, metric_val) = (['gin', 2, 'global_max_pool', 5500], 0.8191489361702128)
INFO:nas.trainer:eval | (sampled_gnn, metric_val) = (['ssg', 2, 'global_max_pool', 4000], 0.8617021276595744)
INFO:nas.trainer:eval | (sampled_gnn, metric_val) = (['gin', 2, 'global_mean_pool', 6000], 0.8617021276595744)
INFO:nas.trainer:eval | (sampled_gnn, metric_val) = (['gin', 2, 'global_max_pool', 3500], 0.7978723404255319)
INFO:nas.trainer:eval | (sampled_gnn, metric_val) = (['gin', 2, 'global_add_pool', 3500], 0.8404255319148937)
INFO:nas.trainer:eval | (sampled_gnn, metric_val) = (['gcn', 2, 'global_add_pool', 3500], 0.8723404255319149)
INFO:nas.trainer:eval | (sampled_gnn, metric_val) = (['gin', 2, 'global_mean_pool', 6000], 0.776595744680851)
INFO:nas.trainer:eval | (sampled_gnn, metric_val) = (['gin', 2, 'global_mean_pool', 5000], 0.851063829787234)
INFO:nas.trainer:eval | (sampled_gnn, metric_val) = (['gcn', 2, 'global_add_pool', 7500], 0.8829787234042553)
INFO:nas.trainer:eval | (sampled_gnn, metric_val) = (['ssg', 2, 'global_mean_pool', 7500], 0.851063829787234)
INFO:nas.trainer:eval | (sampled_gnn, metric_val) = (['gcn', 2, 'global_mean_pool', 6000], 0.851063829787234)
INFO:nas.trainer:eval | (sampled_gnn, metric_val) = (['sg', 2, 'global_add_pool', 4000], 0.8404255319148937)
INFO:nas.trainer:eval | (sampled_gnn, metric_val) = (['gcn', 2, 'global_max_pool', 4500], 0.8617021276595744)
INFO:nas.trainer:train | 2 era_time 9674.063939332962
INFO:nas.trainer:eval | (sampled_gnn, metric_val) = (['gin', 2, 'global_add_pool', 4000], 0.7978723404255319)
INFO:nas.trainer:eval | (sampled_gnn, metric_val) = (['gin', 2, 'global_max_pool', 3000], 0.8191489361702128)
INFO:nas.trainer:eval | (sampled_gnn, metric_val) = (['sg', 2, 'global_max_pool', 3500], 0.8297872340425532)
INFO:nas.trainer:eval | (sampled_gnn, metric_val) = (['gin', 2, 'global_add_pool', 6000], 0.851063829787234)
INFO:nas.trainer:eval | (sampled_gnn, metric_val) = (['gcn', 2, 'global_add_pool', 3500], 0.8617021276595744)
INFO:nas.trainer:eval | (sampled_gnn, metric_val) = (['gin', 2, 'global_mean_pool', 7500], 0.8297872340425532)
INFO:nas.trainer:eval | (sampled_gnn, metric_val) = (['gat', 2, 'global_max_pool', 6500], 0.8085106382978723)
INFO:nas.trainer:eval | (sampled_gnn, metric_val) = (['gin', 2, 'global_max_pool', 8000], 0.8404255319148937)
INFO:nas.trainer:eval | (sampled_gnn, metric_val) = (['gmm', 2, 'global_mean_pool', 3000], 0.851063829787234)
INFO:nas.trainer:eval | (sampled_gnn, metric_val) = (['ssg', 2, 'global_max_pool', 6500], 0.8085106382978723)
INFO:nas.trainer:eval | (sampled_gnn, metric_val) = (['gcn', 2, 'global_mean_pool', 6500], 0.8617021276595744)
INFO:nas.trainer:eval | (sampled_gnn, metric_val) = (['gcn', 2, 'global_add_pool', 8000], 0.8617021276595744)
INFO:nas.trainer:eval | (sampled_gnn, metric_val) = (['gin', 2, 'global_max_pool', 7000], 0.8829787234042553)
INFO:nas.trainer:eval | (sampled_gnn, metric_val) = (['tag', 2, 'global_add_pool', 4500], 0.8085106382978723)
INFO:nas.trainer:eval | (sampled_gnn, metric_val) = (['gin', 2, 'global_add_pool', 4500], 0.8191489361702128)
INFO:nas.trainer:eval | (sampled_gnn, metric_val) = (['sg', 2, 'global_mean_pool', 6500], 0.851063829787234)
INFO:nas.trainer:eval | (sampled_gnn, metric_val) = (['gat', 2, 'global_mean_pool', 4500], 0.8297872340425532)
INFO:nas.trainer:eval | (sampled_gnn, metric_val) = (['gcn', 2, 'global_mean_pool', 3000], 0.8297872340425532)
INFO:nas.trainer:eval | (sampled_gnn, metric_val) = (['gat', 2, 'global_add_pool', 6000], 0.8297872340425532)
INFO:nas.trainer:eval | (sampled_gnn, metric_val) = (['gin', 2, 'global_add_pool', 3500], 0.851063829787234)
INFO:nas.trainer:train | 3 era_time 10268.243191480637
INFO:nas.trainer:eval | (sampled_gnn, metric_val) = (['sg', 2, 'global_add_pool', 5000], 0.8829787234042553)
INFO:nas.trainer:eval | (sampled_gnn, metric_val) = (['gcn', 2, 'global_max_pool', 6500], 0.8191489361702128)
INFO:nas.trainer:eval | (sampled_gnn, metric_val) = (['gmm', 2, 'global_add_pool', 3500], 0.9042553191489362)
INFO:nas.trainer:eval | (sampled_gnn, metric_val) = (['gin', 2, 'global_max_pool', 8000], 0.8297872340425532)
INFO:nas.trainer:eval | (sampled_gnn, metric_val) = (['gcn', 2, 'global_add_pool', 5000], 0.8936170212765957)
INFO:nas.trainer:eval | (sampled_gnn, metric_val) = (['gcn', 2, 'global_add_pool', 8000], 0.8936170212765957)
INFO:nas.trainer:eval | (sampled_gnn, metric_val) = (['sage', 2, 'global_max_pool', 6000], 0.8297872340425532)
INFO:nas.trainer:eval | (sampled_gnn, metric_val) = (['gcn', 2, 'global_max_pool', 8000], 0.8404255319148937)
INFO:nas.trainer:eval | (sampled_gnn, metric_val) = (['sage', 2, 'global_mean_pool', 4500], 0.8723404255319149)
INFO:nas.trainer:eval | (sampled_gnn, metric_val) = (['gin', 2, 'global_max_pool', 3500], 0.8297872340425532)
INFO:nas.trainer:eval | (sampled_gnn, metric_val) = (['gmm', 2, 'global_mean_pool', 5000], 0.8617021276595744)
INFO:nas.trainer:eval | (sampled_gnn, metric_val) = (['ssg', 2, 'global_mean_pool', 6500], 0.8404255319148937)
INFO:nas.trainer:eval | (sampled_gnn, metric_val) = (['gmm', 2, 'global_mean_pool', 4500], 0.8404255319148937)
INFO:nas.trainer:eval | (sampled_gnn, metric_val) = (['gcn', 2, 'global_mean_pool', 5500], 0.8723404255319149)
INFO:nas.trainer:eval | (sampled_gnn, metric_val) = (['gin', 2, 'global_add_pool', 5500], 0.8404255319148937)
INFO:nas.trainer:eval | (sampled_gnn, metric_val) = (['gin', 2, 'global_max_pool', 8000], 0.8297872340425532)
INFO:nas.trainer:eval | (sampled_gnn, metric_val) = (['sage', 2, 'global_max_pool', 3000], 0.7978723404255319)
INFO:nas.trainer:eval | (sampled_gnn, metric_val) = (['gcn', 2, 'global_add_pool', 8000], 0.8617021276595744)
INFO:nas.trainer:eval | (sampled_gnn, metric_val) = (['tag', 2, 'global_mean_pool', 3000], 0.8723404255319149)
INFO:nas.trainer:eval | (sampled_gnn, metric_val) = (['gin', 2, 'global_add_pool', 5500], 0.8404255319148937)
INFO:nas.trainer:train | 4 era_time 10332.000472307205
INFO:nas.trainer:eval | (sampled_gnn, metric_val) = (['ssg', 2, 'global_mean_pool', 3000], 0.8936170212765957)
INFO:nas.trainer:eval | (sampled_gnn, metric_val) = (['sg', 2, 'global_max_pool', 7500], 0.8404255319148937)
INFO:nas.trainer:eval | (sampled_gnn, metric_val) = (['gcn', 2, 'global_add_pool', 3500], 0.8936170212765957)
INFO:nas.trainer:eval | (sampled_gnn, metric_val) = (['gcn', 2, 'global_mean_pool', 5500], 0.8723404255319149)
INFO:nas.trainer:eval | (sampled_gnn, metric_val) = (['gin', 2, 'global_add_pool', 7000], 0.8404255319148937)
INFO:nas.trainer:eval | (sampled_gnn, metric_val) = (['gcn', 2, 'global_add_pool', 8000], 0.8723404255319149)
INFO:nas.trainer:eval | (sampled_gnn, metric_val) = (['gin', 2, 'global_mean_pool', 3000], 0.8191489361702128)
INFO:nas.trainer:eval | (sampled_gnn, metric_val) = (['sg', 2, 'global_add_pool', 6500], 0.8829787234042553)
INFO:nas.trainer:eval | (sampled_gnn, metric_val) = (['gcn', 2, 'global_mean_pool', 3000], 0.8723404255319149)
INFO:nas.trainer:eval | (sampled_gnn, metric_val) = (['gat', 2, 'global_max_pool', 3500], 0.8085106382978723)
INFO:nas.trainer:eval | (sampled_gnn, metric_val) = (['gmm', 2, 'global_add_pool', 8000], 0.8829787234042553)
INFO:nas.trainer:eval | (sampled_gnn, metric_val) = (['gcn', 2, 'global_add_pool', 5000], 0.8936170212765957)
INFO:nas.trainer:eval | (sampled_gnn, metric_val) = (['gin', 2, 'global_add_pool', 5500], 0.8404255319148937)
INFO:nas.trainer:eval | (sampled_gnn, metric_val) = (['gmm', 2, 'global_add_pool', 3000], 0.8617021276595744)
INFO:nas.trainer:eval | (sampled_gnn, metric_val) = (['gin', 2, 'global_mean_pool', 4500], 0.8085106382978723)
INFO:nas.trainer:eval | (sampled_gnn, metric_val) = (['tag', 2, 'global_add_pool', 5500], 0.8723404255319149)
INFO:nas.trainer:eval | (sampled_gnn, metric_val) = (['sg', 2, 'global_add_pool', 4000], 0.8723404255319149)
INFO:nas.trainer:eval | (sampled_gnn, metric_val) = (['gmm', 2, 'global_add_pool', 4000], 0.8829787234042553)
INFO:nas.trainer:eval | (sampled_gnn, metric_val) = (['gcn', 2, 'global_add_pool', 3000], 0.8617021276595744)
INFO:nas.trainer:eval | (sampled_gnn, metric_val) = (['tag', 2, 'global_add_pool', 3000], 0.8723404255319149)
INFO:nas.trainer:train | 5 era_time 9054.982227563858
INFO:nas.trainer:eval | (sampled_gnn, metric_val) = (['gcn', 2, 'global_add_pool', 6500], 0.851063829787234)
INFO:nas.trainer:eval | (sampled_gnn, metric_val) = (['gcn', 2, 'global_add_pool', 4000], 0.8829787234042553)
INFO:nas.trainer:eval | (sampled_gnn, metric_val) = (['gcn', 2, 'global_add_pool', 4500], 0.8829787234042553)
INFO:nas.trainer:eval | (sampled_gnn, metric_val) = (['sg', 2, 'global_add_pool', 6000], 0.8723404255319149)
INFO:nas.trainer:eval | (sampled_gnn, metric_val) = (['tag', 2, 'global_add_pool', 6500], 0.8085106382978723)
INFO:nas.trainer:eval | (sampled_gnn, metric_val) = (['gin', 2, 'global_add_pool', 7000], 0.7978723404255319)
INFO:nas.trainer:eval | (sampled_gnn, metric_val) = (['gcn', 2, 'global_mean_pool', 7000], 0.8617021276595744)
INFO:nas.trainer:eval | (sampled_gnn, metric_val) = (['ssg', 2, 'global_add_pool', 8000], 0.8617021276595744)
INFO:nas.trainer:eval | (sampled_gnn, metric_val) = (['gmm', 2, 'global_add_pool', 6000], 0.8723404255319149)
INFO:nas.trainer:eval | (sampled_gnn, metric_val) = (['sg', 2, 'global_add_pool', 7500], 0.8723404255319149)
INFO:nas.trainer:eval | (sampled_gnn, metric_val) = (['gcn', 2, 'global_add_pool', 4000], 0.8723404255319149)
INFO:nas.trainer:eval | (sampled_gnn, metric_val) = (['sg', 2, 'global_add_pool', 5000], 0.851063829787234)
INFO:nas.trainer:eval | (sampled_gnn, metric_val) = (['tag', 2, 'global_add_pool', 4000], 0.7553191489361702)
INFO:nas.trainer:eval | (sampled_gnn, metric_val) = (['gcn', 2, 'global_add_pool', 6500], 0.8617021276595744)
INFO:nas.trainer:eval | (sampled_gnn, metric_val) = (['ssg', 2, 'global_mean_pool', 7500], 0.8829787234042553)
INFO:nas.trainer:eval | (sampled_gnn, metric_val) = (['tag', 2, 'global_add_pool', 5000], 0.8617021276595744)
INFO:nas.trainer:eval | (sampled_gnn, metric_val) = (['gin', 2, 'global_add_pool', 6500], 0.8404255319148937)
INFO:nas.trainer:eval | (sampled_gnn, metric_val) = (['tag', 2, 'global_add_pool', 6500], 0.8297872340425532)
INFO:nas.trainer:eval | (sampled_gnn, metric_val) = (['gin', 2, 'global_add_pool', 5000], 0.8297872340425532)
INFO:nas.trainer:eval | (sampled_gnn, metric_val) = (['gmm', 2, 'global_add_pool', 6500], 0.8404255319148937)
INFO:nas.trainer:train | 6 era_time 11189.152154684067
INFO:nas.trainer:eval | (sampled_gnn, metric_val) = (['gcn', 2, 'global_add_pool', 5500], 0.8936170212765957)
INFO:nas.trainer:eval | (sampled_gnn, metric_val) = (['gmm', 2, 'global_add_pool', 8000], 0.8404255319148937)
INFO:nas.trainer:eval | (sampled_gnn, metric_val) = (['gcn', 2, 'global_add_pool', 5000], 0.851063829787234)
INFO:nas.trainer:eval | (sampled_gnn, metric_val) = (['gcn', 2, 'global_add_pool', 6500], 0.8723404255319149)
INFO:nas.trainer:eval | (sampled_gnn, metric_val) = (['sg', 2, 'global_add_pool', 5000], 0.8617021276595744)
INFO:nas.trainer:eval | (sampled_gnn, metric_val) = (['gcn', 2, 'global_add_pool', 3000], 0.851063829787234)
INFO:nas.trainer:eval | (sampled_gnn, metric_val) = (['gcn', 2, 'global_mean_pool', 6500], 0.8617021276595744)
INFO:nas.trainer:eval | (sampled_gnn, metric_val) = (['gcn', 2, 'global_add_pool', 5000], 0.8829787234042553)
INFO:nas.trainer:eval | (sampled_gnn, metric_val) = (['gin', 2, 'global_add_pool', 3500], 0.8936170212765957)
INFO:nas.trainer:eval | (sampled_gnn, metric_val) = (['gmm', 2, 'global_add_pool', 6000], 0.8829787234042553)
INFO:nas.trainer:eval | (sampled_gnn, metric_val) = (['gcn', 2, 'global_add_pool', 8000], 0.851063829787234)
INFO:nas.trainer:eval | (sampled_gnn, metric_val) = (['gin', 2, 'global_add_pool', 6500], 0.7978723404255319)
INFO:nas.trainer:eval | (sampled_gnn, metric_val) = (['gmm', 2, 'global_add_pool', 6500], 0.8617021276595744)
INFO:nas.trainer:eval | (sampled_gnn, metric_val) = (['gcn', 2, 'global_add_pool', 6000], 0.8723404255319149)
INFO:nas.trainer:eval | (sampled_gnn, metric_val) = (['gmm', 2, 'global_add_pool', 6000], 0.851063829787234)
INFO:nas.trainer:eval | (sampled_gnn, metric_val) = (['gmm', 2, 'global_add_pool', 5000], 0.8723404255319149)
INFO:nas.trainer:eval | (sampled_gnn, metric_val) = (['ssg', 2, 'global_add_pool', 8000], 0.8829787234042553)
INFO:nas.trainer:eval | (sampled_gnn, metric_val) = (['sg', 2, 'global_add_pool', 5000], 0.8723404255319149)
INFO:nas.trainer:eval | (sampled_gnn, metric_val) = (['gcn', 2, 'global_mean_pool', 6500], 0.8297872340425532)
INFO:nas.trainer:eval | (sampled_gnn, metric_val) = (['sg', 2, 'global_add_pool', 4500], 0.8829787234042553)
INFO:nas.trainer:train | 7 era_time 10918.375675916672
INFO:nas.trainer:eval | (sampled_gnn, metric_val) = (['gmm', 2, 'global_add_pool', 3500], 0.9042553191489362)
INFO:nas.trainer:eval | (sampled_gnn, metric_val) = (['gcn', 2, 'global_add_pool', 6000], 0.8617021276595744)
INFO:nas.trainer:eval | (sampled_gnn, metric_val) = (['sage', 2, 'global_mean_pool', 7500], 0.8085106382978723)
INFO:nas.trainer:eval | (sampled_gnn, metric_val) = (['ssg', 2, 'global_add_pool', 8000], 0.851063829787234)
INFO:nas.trainer:eval | (sampled_gnn, metric_val) = (['gcn', 2, 'global_mean_pool', 7500], 0.8723404255319149)
INFO:nas.trainer:eval | (sampled_gnn, metric_val) = (['ssg', 2, 'global_add_pool', 5500], 0.8829787234042553)
INFO:nas.trainer:eval | (sampled_gnn, metric_val) = (['sg', 2, 'global_add_pool', 5000], 0.8297872340425532)
INFO:nas.trainer:eval | (sampled_gnn, metric_val) = (['gcn', 2, 'global_add_pool', 4500], 0.8829787234042553)
INFO:nas.trainer:eval | (sampled_gnn, metric_val) = (['gcn', 2, 'global_add_pool', 4500], 0.8829787234042553)
INFO:nas.trainer:eval | (sampled_gnn, metric_val) = (['gin', 2, 'global_add_pool', 6000], 0.8617021276595744)
INFO:nas.trainer:eval | (sampled_gnn, metric_val) = (['gin', 2, 'global_add_pool', 6000], 0.8191489361702128)
INFO:nas.trainer:eval | (sampled_gnn, metric_val) = (['gat', 2, 'global_add_pool', 4000], 0.8297872340425532)
INFO:nas.trainer:eval | (sampled_gnn, metric_val) = (['sg', 2, 'global_add_pool', 4500], 0.8723404255319149)
INFO:nas.trainer:eval | (sampled_gnn, metric_val) = (['gin', 2, 'global_add_pool', 4500], 0.8723404255319149)
INFO:nas.trainer:eval | (sampled_gnn, metric_val) = (['gat', 2, 'global_add_pool', 6000], 0.851063829787234)
INFO:nas.trainer:eval | (sampled_gnn, metric_val) = (['sage', 2, 'global_add_pool', 4500], 0.851063829787234)
INFO:nas.trainer:eval | (sampled_gnn, metric_val) = (['gin', 2, 'global_add_pool', 8000], 0.8617021276595744)
INFO:nas.trainer:eval | (sampled_gnn, metric_val) = (['tag', 2, 'global_add_pool', 4500], 0.8617021276595744)
INFO:nas.trainer:eval | (sampled_gnn, metric_val) = (['gin', 2, 'global_add_pool', 3500], 0.8404255319148937)
INFO:nas.trainer:eval | (sampled_gnn, metric_val) = (['gin', 2, 'global_add_pool', 6000], 0.8936170212765957)
INFO:nas.trainer:train | 8 era_time 10148.888066768646
INFO:nas.trainer:eval | (sampled_gnn, metric_val) = (['gin', 2, 'global_add_pool', 4500], 0.8085106382978723)
INFO:nas.trainer:eval | (sampled_gnn, metric_val) = (['tag', 2, 'global_add_pool', 6000], 0.7978723404255319)
INFO:nas.trainer:eval | (sampled_gnn, metric_val) = (['gin', 2, 'global_add_pool', 4000], 0.8191489361702128)
INFO:nas.trainer:eval | (sampled_gnn, metric_val) = (['gin', 2, 'global_add_pool', 3500], 0.8723404255319149)
INFO:nas.trainer:eval | (sampled_gnn, metric_val) = (['gcn', 2, 'global_add_pool', 6000], 0.851063829787234)
INFO:nas.trainer:eval | (sampled_gnn, metric_val) = (['gin', 2, 'global_add_pool', 4000], 0.8191489361702128)
INFO:nas.trainer:eval | (sampled_gnn, metric_val) = (['gmm', 2, 'global_add_pool', 6000], 0.8297872340425532)
INFO:nas.trainer:eval | (sampled_gnn, metric_val) = (['sg', 2, 'global_add_pool', 6000], 0.8723404255319149)
INFO:nas.trainer:eval | (sampled_gnn, metric_val) = (['sage', 2, 'global_max_pool', 7000], 0.8085106382978723)
INFO:nas.trainer:eval | (sampled_gnn, metric_val) = (['gmm', 2, 'global_add_pool', 7000], 0.851063829787234)
INFO:nas.trainer:eval | (sampled_gnn, metric_val) = (['gin', 2, 'global_add_pool', 6000], 0.8723404255319149)
INFO:nas.trainer:eval | (sampled_gnn, metric_val) = (['gin', 2, 'global_add_pool', 6000], 0.776595744680851)
INFO:nas.trainer:eval | (sampled_gnn, metric_val) = (['gcn', 2, 'global_add_pool', 4000], 0.8936170212765957)
INFO:nas.trainer:eval | (sampled_gnn, metric_val) = (['gcn', 2, 'global_add_pool', 3500], 0.851063829787234)
INFO:nas.trainer:eval | (sampled_gnn, metric_val) = (['gmm', 2, 'global_add_pool', 8000], 0.851063829787234)
INFO:nas.trainer:eval | (sampled_gnn, metric_val) = (['sage', 2, 'global_add_pool', 4500], 0.8723404255319149)
INFO:nas.trainer:eval | (sampled_gnn, metric_val) = (['tag', 2, 'global_add_pool', 6000], 0.8723404255319149)
INFO:nas.trainer:eval | (sampled_gnn, metric_val) = (['tag', 2, 'global_add_pool', 6000], 0.8617021276595744)
INFO:nas.trainer:eval | (sampled_gnn, metric_val) = (['ssg', 2, 'global_add_pool', 6000], 0.8404255319148937)
INFO:nas.trainer:eval | (sampled_gnn, metric_val) = (['gin', 2, 'global_add_pool', 6000], 0.8085106382978723)
INFO:nas.trainer:train | 9 era_time 9937.83847951889
INFO:nas.trainer:eval | (sampled_gnn, metric_val) = (['gin', 2, 'global_add_pool', 4500], 0.8297872340425532)
INFO:nas.trainer:eval | (sampled_gnn, metric_val) = (['sg', 2, 'global_add_pool', 4500], 0.8723404255319149)
INFO:nas.trainer:eval | (sampled_gnn, metric_val) = (['gat', 2, 'global_add_pool', 6000], 0.8191489361702128)
INFO:nas.trainer:eval | (sampled_gnn, metric_val) = (['tag', 2, 'global_add_pool', 4500], 0.8297872340425532)
INFO:nas.trainer:eval | (sampled_gnn, metric_val) = (['tag', 2, 'global_add_pool', 6000], 0.851063829787234)
INFO:nas.trainer:eval | (sampled_gnn, metric_val) = (['gcn', 2, 'global_add_pool', 4500], 0.8723404255319149)
INFO:nas.trainer:eval | (sampled_gnn, metric_val) = (['ssg', 2, 'global_add_pool', 4500], 0.8829787234042553)
INFO:nas.trainer:eval | (sampled_gnn, metric_val) = (['gcn', 2, 'global_add_pool', 6000], 0.8936170212765957)
INFO:nas.trainer:eval | (sampled_gnn, metric_val) = (['gin', 2, 'global_add_pool', 6000], 0.8085106382978723)
INFO:nas.trainer:eval | (sampled_gnn, metric_val) = (['ssg', 2, 'global_add_pool', 3500], 0.8617021276595744)
INFO:nas.trainer:eval | (sampled_gnn, metric_val) = (['gat', 2, 'global_add_pool', 4000], 0.8297872340425532)
INFO:nas.trainer:eval | (sampled_gnn, metric_val) = (['gin', 2, 'global_add_pool', 4000], 0.8829787234042553)
INFO:nas.trainer:eval | (sampled_gnn, metric_val) = (['ssg', 2, 'global_add_pool', 6000], 0.8404255319148937)
INFO:nas.trainer:eval | (sampled_gnn, metric_val) = (['gcn', 2, 'global_add_pool', 3500], 0.8723404255319149)
INFO:nas.trainer:eval | (sampled_gnn, metric_val) = (['gin', 2, 'global_add_pool', 3500], 0.8829787234042553)
INFO:nas.trainer:eval | (sampled_gnn, metric_val) = (['gin', 2, 'global_add_pool', 4000], 0.8404255319148937)
INFO:nas.trainer:eval | (sampled_gnn, metric_val) = (['gcn', 2, 'global_add_pool', 4500], 0.8829787234042553)
INFO:nas.trainer:eval | (sampled_gnn, metric_val) = (['gcn', 2, 'global_add_pool', 4500], 0.8829787234042553)
INFO:nas.trainer:eval | (sampled_gnn, metric_val) = (['gcn', 2, 'global_add_pool', 3000], 0.8829787234042553)
INFO:nas.trainer:eval | (sampled_gnn, metric_val) = (['sg', 2, 'global_add_pool', 6000], 0.8723404255319149)
INFO:nas.trainer:train | 10 era_time 8754.068861246109
INFO:nas.trainer:eval | (sampled_gnn, metric_val) = (['gin', 2, 'global_add_pool', 5500], 0.7978723404255319)
INFO:nas.trainer:eval | (sampled_gnn, metric_val) = (['tag', 2, 'global_add_pool', 4000], 0.8191489361702128)
INFO:nas.trainer:eval | (sampled_gnn, metric_val) = (['gat', 2, 'global_add_pool', 8000], 0.8191489361702128)
INFO:nas.trainer:eval | (sampled_gnn, metric_val) = (['sg', 2, 'global_add_pool', 6000], 0.8617021276595744)
INFO:nas.trainer:eval | (sampled_gnn, metric_val) = (['gcn', 2, 'global_add_pool', 6000], 0.8404255319148937)
INFO:nas.trainer:eval | (sampled_gnn, metric_val) = (['sg', 2, 'global_add_pool', 4500], 0.8829787234042553)
INFO:nas.trainer:eval | (sampled_gnn, metric_val) = (['sage', 2, 'global_add_pool', 4000], 0.8936170212765957)
INFO:nas.trainer:eval | (sampled_gnn, metric_val) = (['gcn', 2, 'global_add_pool', 7500], 0.8936170212765957)
INFO:nas.trainer:eval | (sampled_gnn, metric_val) = (['sage', 2, 'global_add_pool', 6000], 0.8723404255319149)
INFO:nas.trainer:eval | (sampled_gnn, metric_val) = (['gmm', 2, 'global_add_pool', 6000], 0.8723404255319149)
INFO:nas.trainer:eval | (sampled_gnn, metric_val) = (['gin', 2, 'global_add_pool', 6000], 0.8617021276595744)
INFO:nas.trainer:eval | (sampled_gnn, metric_val) = (['sage', 2, 'global_add_pool', 6000], 0.8723404255319149)
INFO:nas.trainer:eval | (sampled_gnn, metric_val) = (['gcn', 2, 'global_add_pool', 4500], 0.8723404255319149)
INFO:nas.trainer:eval | (sampled_gnn, metric_val) = (['sg', 2, 'global_add_pool', 4500], 0.8829787234042553)
INFO:nas.trainer:eval | (sampled_gnn, metric_val) = (['gin', 2, 'global_add_pool', 4500], 0.8191489361702128)
INFO:nas.trainer:eval | (sampled_gnn, metric_val) = (['gat', 2, 'global_add_pool', 4500], 0.8404255319148937)
INFO:nas.trainer:eval | (sampled_gnn, metric_val) = (['gcn', 2, 'global_add_pool', 6000], 0.8297872340425532)
INFO:nas.trainer:eval | (sampled_gnn, metric_val) = (['sg', 2, 'global_add_pool', 6000], 0.8723404255319149)
INFO:nas.trainer:eval | (sampled_gnn, metric_val) = (['gin', 2, 'global_add_pool', 7500], 0.8297872340425532)
INFO:nas.trainer:eval | (sampled_gnn, metric_val) = (['sage', 2, 'global_add_pool', 4500], 0.8723404255319149)
INFO:nas.trainer:train | 11 era_time 10317.237269163132
INFO:nas.trainer:eval | (sampled_gnn, metric_val) = (['tag', 2, 'global_add_pool', 6000], 0.8617021276595744)
INFO:nas.trainer:eval | (sampled_gnn, metric_val) = (['gcn', 2, 'global_add_pool', 4000], 0.8723404255319149)
INFO:nas.trainer:eval | (sampled_gnn, metric_val) = (['gcn', 2, 'global_add_pool', 4000], 0.8936170212765957)
INFO:nas.trainer:eval | (sampled_gnn, metric_val) = (['sg', 2, 'global_add_pool', 4500], 0.8617021276595744)
INFO:nas.trainer:eval | (sampled_gnn, metric_val) = (['gmm', 2, 'global_add_pool', 6000], 0.8404255319148937)
INFO:nas.trainer:eval | (sampled_gnn, metric_val) = (['sg', 2, 'global_add_pool', 6000], 0.8723404255319149)
INFO:nas.trainer:eval | (sampled_gnn, metric_val) = (['gcn', 2, 'global_add_pool', 6000], 0.8723404255319149)
INFO:nas.trainer:eval | (sampled_gnn, metric_val) = (['gin', 2, 'global_add_pool', 7500], 0.851063829787234)
INFO:nas.trainer:eval | (sampled_gnn, metric_val) = (['gcn', 2, 'global_add_pool', 4500], 0.8829787234042553)
INFO:nas.trainer:eval | (sampled_gnn, metric_val) = (['gmm', 2, 'global_add_pool', 6000], 0.8617021276595744)
INFO:nas.trainer:eval | (sampled_gnn, metric_val) = (['gin', 2, 'global_add_pool', 4500], 0.851063829787234)
INFO:nas.trainer:eval | (sampled_gnn, metric_val) = (['gmm', 2, 'global_add_pool', 4000], 0.8723404255319149)
INFO:nas.trainer:eval | (sampled_gnn, metric_val) = (['gcn', 2, 'global_mean_pool', 4000], 0.8297872340425532)
INFO:nas.trainer:eval | (sampled_gnn, metric_val) = (['gat', 2, 'global_add_pool', 6000], 0.851063829787234)
INFO:nas.trainer:eval | (sampled_gnn, metric_val) = (['gat', 2, 'global_add_pool', 4000], 0.8191489361702128)
INFO:nas.trainer:eval | (sampled_gnn, metric_val) = (['ssg', 2, 'global_add_pool', 6000], 0.851063829787234)
INFO:nas.trainer:eval | (sampled_gnn, metric_val) = (['gcn', 2, 'global_add_pool', 6000], 0.851063829787234)
INFO:nas.trainer:eval | (sampled_gnn, metric_val) = (['gcn', 2, 'global_add_pool', 6000], 0.851063829787234)
INFO:nas.trainer:eval | (sampled_gnn, metric_val) = (['gcn', 2, 'global_add_pool', 6000], 0.851063829787234)
INFO:nas.trainer:eval | (sampled_gnn, metric_val) = (['gcn', 2, 'global_add_pool', 6000], 0.8723404255319149)
INFO:nas.trainer:train | 12 era_time 10173.831047534943
INFO:nas.trainer:eval | (sampled_gnn, metric_val) = (['sg', 2, 'global_add_pool', 6000], 0.8617021276595744)
INFO:nas.trainer:eval | (sampled_gnn, metric_val) = (['gcn', 2, 'global_add_pool', 4500], 0.8723404255319149)
INFO:nas.trainer:eval | (sampled_gnn, metric_val) = (['gin', 2, 'global_add_pool', 6000], 0.8191489361702128)
INFO:nas.trainer:eval | (sampled_gnn, metric_val) = (['ssg', 2, 'global_add_pool', 6000], 0.9042553191489362)
INFO:nas.trainer:eval | (sampled_gnn, metric_val) = (['gmm', 2, 'global_add_pool', 3000], 0.8617021276595744)
INFO:nas.trainer:eval | (sampled_gnn, metric_val) = (['gin', 2, 'global_add_pool', 6000], 0.8617021276595744)
INFO:nas.trainer:eval | (sampled_gnn, metric_val) = (['gcn', 2, 'global_add_pool', 5000], 0.8723404255319149)
INFO:nas.trainer:eval | (sampled_gnn, metric_val) = (['gin', 2, 'global_add_pool', 6000], 0.8404255319148937)
INFO:nas.trainer:eval | (sampled_gnn, metric_val) = (['ssg', 2, 'global_add_pool', 4500], 0.8723404255319149)
INFO:nas.trainer:eval | (sampled_gnn, metric_val) = (['sage', 2, 'global_add_pool', 4500], 0.851063829787234)
INFO:nas.trainer:eval | (sampled_gnn, metric_val) = (['sg', 2, 'global_add_pool', 3500], 0.8829787234042553)
INFO:nas.trainer:eval | (sampled_gnn, metric_val) = (['gin', 2, 'global_add_pool', 4500], 0.8723404255319149)
INFO:nas.trainer:eval | (sampled_gnn, metric_val) = (['gcn', 2, 'global_add_pool', 3500], 0.8723404255319149)
INFO:nas.trainer:eval | (sampled_gnn, metric_val) = (['gcn', 2, 'global_add_pool', 8000], 0.8404255319148937)
INFO:nas.trainer:eval | (sampled_gnn, metric_val) = (['gcn', 2, 'global_add_pool', 6000], 0.8723404255319149)
INFO:nas.trainer:eval | (sampled_gnn, metric_val) = (['gin', 2, 'global_add_pool', 4000], 0.851063829787234)
INFO:nas.trainer:eval | (sampled_gnn, metric_val) = (['gin', 2, 'global_add_pool', 4000], 0.8723404255319149)
INFO:nas.trainer:eval | (sampled_gnn, metric_val) = (['sage', 2, 'global_add_pool', 6000], 0.8936170212765957)
INFO:nas.trainer:eval | (sampled_gnn, metric_val) = (['gat', 2, 'global_add_pool', 6000], 0.8191489361702128)
INFO:nas.trainer:eval | (sampled_gnn, metric_val) = (['gin', 2, 'global_add_pool', 4000], 0.851063829787234)
INFO:nas.trainer:train | 13 era_time 9249.04854798317
INFO:nas.trainer:eval | (sampled_gnn, metric_val) = (['gat', 2, 'global_add_pool', 3500], 0.8297872340425532)
INFO:nas.trainer:eval | (sampled_gnn, metric_val) = (['gin', 2, 'global_add_pool', 4500], 0.776595744680851)
INFO:nas.trainer:eval | (sampled_gnn, metric_val) = (['gat', 2, 'global_add_pool', 6000], 0.8617021276595744)
INFO:nas.trainer:eval | (sampled_gnn, metric_val) = (['gin', 2, 'global_add_pool', 4500], 0.851063829787234)
INFO:nas.trainer:eval | (sampled_gnn, metric_val) = (['gcn', 2, 'global_add_pool', 6000], 0.8617021276595744)
INFO:nas.trainer:eval | (sampled_gnn, metric_val) = (['ssg', 2, 'global_add_pool', 3500], 0.8829787234042553)
INFO:nas.trainer:eval | (sampled_gnn, metric_val) = (['gin', 2, 'global_add_pool', 6000], 0.8191489361702128)
INFO:nas.trainer:eval | (sampled_gnn, metric_val) = (['ssg', 2, 'global_add_pool', 3500], 0.851063829787234)
INFO:nas.trainer:eval | (sampled_gnn, metric_val) = (['ssg', 2, 'global_add_pool', 3500], 0.8829787234042553)
INFO:nas.trainer:eval | (sampled_gnn, metric_val) = (['sage', 2, 'global_add_pool', 7000], 0.8829787234042553)
INFO:nas.trainer:eval | (sampled_gnn, metric_val) = (['gin', 2, 'global_add_pool', 4500], 0.8191489361702128)
INFO:nas.trainer:eval | (sampled_gnn, metric_val) = (['gin', 2, 'global_add_pool', 6000], 0.8191489361702128)
INFO:nas.trainer:eval | (sampled_gnn, metric_val) = (['gin', 2, 'global_add_pool', 4500], 0.776595744680851)
INFO:nas.trainer:eval | (sampled_gnn, metric_val) = (['gcn', 2, 'global_add_pool', 4500], 0.9042553191489362)
INFO:nas.trainer:eval | (sampled_gnn, metric_val) = (['gcn', 2, 'global_add_pool', 5500], 0.8829787234042553)
INFO:nas.trainer:eval | (sampled_gnn, metric_val) = (['gin', 2, 'global_add_pool', 6000], 0.8404255319148937)
INFO:nas.trainer:eval | (sampled_gnn, metric_val) = (['ssg', 2, 'global_add_pool', 4500], 0.8723404255319149)
INFO:nas.trainer:eval | (sampled_gnn, metric_val) = (['gmm', 2, 'global_add_pool', 4500], 0.8723404255319149)
INFO:nas.trainer:eval | (sampled_gnn, metric_val) = (['tag', 2, 'global_add_pool', 4000], 0.7872340425531915)
INFO:nas.trainer:eval | (sampled_gnn, metric_val) = (['sage', 2, 'global_add_pool', 4500], 0.8829787234042553)
INFO:nas.trainer:train | 14 era_time 9015.634104967117
INFO:nas.trainer:eval | (sampled_gnn, metric_val) = (['gcn', 2, 'global_add_pool', 6000], 0.8404255319148937)
INFO:nas.trainer:eval | (sampled_gnn, metric_val) = (['gin', 2, 'global_mean_pool', 3500], 0.8297872340425532)
INFO:nas.trainer:eval | (sampled_gnn, metric_val) = (['gin', 2, 'global_add_pool', 4000], 0.8297872340425532)
INFO:nas.trainer:eval | (sampled_gnn, metric_val) = (['tag', 2, 'global_add_pool', 5000], 0.8617021276595744)
INFO:nas.trainer:eval | (sampled_gnn, metric_val) = (['sage', 2, 'global_add_pool', 3500], 0.8723404255319149)
INFO:nas.trainer:eval | (sampled_gnn, metric_val) = (['gat', 2, 'global_add_pool', 4000], 0.8404255319148937)
INFO:nas.trainer:eval | (sampled_gnn, metric_val) = (['gin', 2, 'global_add_pool', 3500], 0.8085106382978723)
INFO:nas.trainer:eval | (sampled_gnn, metric_val) = (['sg', 2, 'global_add_pool', 6000], 0.8829787234042553)
INFO:nas.trainer:eval | (sampled_gnn, metric_val) = (['ssg', 2, 'global_add_pool', 4000], 0.8617021276595744)
INFO:nas.trainer:eval | (sampled_gnn, metric_val) = (['tag', 2, 'global_add_pool', 6000], 0.6382978723404256)
INFO:nas.trainer:eval | (sampled_gnn, metric_val) = (['gat', 2, 'global_add_pool', 4000], 0.8297872340425532)
INFO:nas.trainer:eval | (sampled_gnn, metric_val) = (['gin', 2, 'global_add_pool', 4500], 0.8404255319148937)
INFO:nas.trainer:eval | (sampled_gnn, metric_val) = (['gin', 2, 'global_add_pool', 4500], 0.851063829787234)
INFO:nas.trainer:eval | (sampled_gnn, metric_val) = (['gcn', 2, 'global_add_pool', 4500], 0.8829787234042553)
INFO:nas.trainer:eval | (sampled_gnn, metric_val) = (['gin', 2, 'global_add_pool', 6000], 0.8617021276595744)
INFO:nas.trainer:eval | (sampled_gnn, metric_val) = (['tag', 2, 'global_add_pool', 4500], 0.851063829787234)
INFO:nas.trainer:eval | (sampled_gnn, metric_val) = (['sage', 2, 'global_add_pool', 3500], 0.851063829787234)
INFO:nas.trainer:eval | (sampled_gnn, metric_val) = (['gcn', 2, 'global_add_pool', 4000], 0.8723404255319149)
INFO:nas.trainer:eval | (sampled_gnn, metric_val) = (['gin', 2, 'global_add_pool', 3500], 0.8297872340425532)
INFO:nas.trainer:eval | (sampled_gnn, metric_val) = (['gin', 2, 'global_add_pool', 4000], 0.851063829787234)
INFO:nas.trainer:train | 15 era_time 8297.285252571106
INFO:nas.trainer:eval | (sampled_gnn, metric_val) = (['sg', 2, 'global_add_pool', 4000], 0.8617021276595744)
INFO:nas.trainer:eval | (sampled_gnn, metric_val) = (['sg', 2, 'global_add_pool', 4000], 0.8829787234042553)
INFO:nas.trainer:eval | (sampled_gnn, metric_val) = (['gcn', 2, 'global_add_pool', 4000], 0.9042553191489362)
INFO:nas.trainer:eval | (sampled_gnn, metric_val) = (['gcn', 2, 'global_add_pool', 4500], 0.851063829787234)
INFO:nas.trainer:eval | (sampled_gnn, metric_val) = (['gin', 2, 'global_add_pool', 3500], 0.8829787234042553)
INFO:nas.trainer:eval | (sampled_gnn, metric_val) = (['sg', 2, 'global_add_pool', 6000], 0.851063829787234)
INFO:nas.trainer:eval | (sampled_gnn, metric_val) = (['sage', 2, 'global_add_pool', 6000], 0.8723404255319149)
INFO:nas.trainer:eval | (sampled_gnn, metric_val) = (['sage', 2, 'global_add_pool', 5500], 0.8723404255319149)
INFO:nas.trainer:eval | (sampled_gnn, metric_val) = (['gcn', 2, 'global_add_pool', 4500], 0.8723404255319149)
INFO:nas.trainer:eval | (sampled_gnn, metric_val) = (['gmm', 2, 'global_add_pool', 4000], 0.8723404255319149)
INFO:nas.trainer:eval | (sampled_gnn, metric_val) = (['gcn', 2, 'global_add_pool', 4500], 0.8617021276595744)
INFO:nas.trainer:eval | (sampled_gnn, metric_val) = (['gin', 2, 'global_add_pool', 4500], 0.8404255319148937)
INFO:nas.trainer:eval | (sampled_gnn, metric_val) = (['gin', 2, 'global_add_pool', 4500], 0.8404255319148937)
INFO:nas.trainer:eval | (sampled_gnn, metric_val) = (['gcn', 2, 'global_add_pool', 4000], 0.8936170212765957)
INFO:nas.trainer:eval | (sampled_gnn, metric_val) = (['gin', 2, 'global_add_pool', 4500], 0.8936170212765957)
INFO:nas.trainer:eval | (sampled_gnn, metric_val) = (['gcn', 2, 'global_add_pool', 3500], 0.8723404255319149)
INFO:nas.trainer:eval | (sampled_gnn, metric_val) = (['gmm', 2, 'global_add_pool', 3000], 0.8936170212765957)
INFO:nas.trainer:eval | (sampled_gnn, metric_val) = (['gcn', 2, 'global_add_pool', 4500], 0.8829787234042553)
INFO:nas.trainer:eval | (sampled_gnn, metric_val) = (['ssg', 2, 'global_add_pool', 4500], 0.8723404255319149)
INFO:nas.trainer:eval | (sampled_gnn, metric_val) = (['gcn', 2, 'global_add_pool', 4500], 0.8723404255319149)
INFO:nas.trainer:train | 16 era_time 7780.008550167084
INFO:nas.trainer:eval | (sampled_gnn, metric_val) = (['gcn', 2, 'global_add_pool', 6000], 0.8723404255319149)
INFO:nas.trainer:eval | (sampled_gnn, metric_val) = (['tag', 2, 'global_add_pool', 4500], 0.8404255319148937)
INFO:nas.trainer:eval | (sampled_gnn, metric_val) = (['ssg', 2, 'global_add_pool', 6000], 0.8617021276595744)
INFO:nas.trainer:eval | (sampled_gnn, metric_val) = (['sage', 2, 'global_add_pool', 3500], 0.8829787234042553)
INFO:nas.trainer:eval | (sampled_gnn, metric_val) = (['gin', 2, 'global_add_pool', 6000], 0.8404255319148937)
INFO:nas.trainer:eval | (sampled_gnn, metric_val) = (['gmm', 2, 'global_add_pool', 4500], 0.9148936170212766)
INFO:nas.trainer:eval | (sampled_gnn, metric_val) = (['gin', 2, 'global_add_pool', 4000], 0.8723404255319149)
INFO:nas.trainer:eval | (sampled_gnn, metric_val) = (['gmm', 2, 'global_add_pool', 4000], 0.8829787234042553)
INFO:nas.trainer:eval | (sampled_gnn, metric_val) = (['sage', 2, 'global_add_pool', 6000], 0.851063829787234)
INFO:nas.trainer:eval | (sampled_gnn, metric_val) = (['tag', 2, 'global_add_pool', 6000], 0.8404255319148937)
INFO:nas.trainer:eval | (sampled_gnn, metric_val) = (['gcn', 2, 'global_add_pool', 4500], 0.8829787234042553)
INFO:nas.trainer:eval | (sampled_gnn, metric_val) = (['tag', 2, 'global_add_pool', 4000], 0.851063829787234)
INFO:nas.trainer:eval | (sampled_gnn, metric_val) = (['gin', 2, 'global_add_pool', 3000], 0.7872340425531915)
INFO:nas.trainer:eval | (sampled_gnn, metric_val) = (['gin', 2, 'global_add_pool', 3500], 0.8723404255319149)
INFO:nas.trainer:eval | (sampled_gnn, metric_val) = (['gin', 2, 'global_add_pool', 3500], 0.8404255319148937)
INFO:nas.trainer:eval | (sampled_gnn, metric_val) = (['gin', 2, 'global_add_pool', 4500], 0.851063829787234)
INFO:nas.trainer:eval | (sampled_gnn, metric_val) = (['gmm', 2, 'global_add_pool', 4500], 0.8617021276595744)
INFO:nas.trainer:eval | (sampled_gnn, metric_val) = (['gin', 2, 'global_add_pool', 4000], 0.8617021276595744)
INFO:nas.trainer:eval | (sampled_gnn, metric_val) = (['sage', 2, 'global_add_pool', 5000], 0.8723404255319149)
INFO:nas.trainer:eval | (sampled_gnn, metric_val) = (['ssg', 2, 'global_add_pool', 4000], 0.8617021276595744)
INFO:nas.trainer:train | 17 era_time 8249.700103282928
INFO:nas.trainer:eval | (sampled_gnn, metric_val) = (['gcn', 2, 'global_add_pool', 4500], 0.8404255319148937)
INFO:nas.trainer:eval | (sampled_gnn, metric_val) = (['gin', 2, 'global_add_pool', 4500], 0.8085106382978723)
INFO:nas.trainer:eval | (sampled_gnn, metric_val) = (['sg', 2, 'global_add_pool', 6000], 0.851063829787234)
INFO:nas.trainer:eval | (sampled_gnn, metric_val) = (['gcn', 2, 'global_add_pool', 4500], 0.8829787234042553)
INFO:nas.trainer:eval | (sampled_gnn, metric_val) = (['gcn', 2, 'global_add_pool', 4000], 0.8829787234042553)
INFO:nas.trainer:eval | (sampled_gnn, metric_val) = (['tag', 2, 'global_add_pool', 6000], 0.8297872340425532)
INFO:nas.trainer:eval | (sampled_gnn, metric_val) = (['gmm', 2, 'global_add_pool', 6000], 0.9042553191489362)
INFO:nas.trainer:eval | (sampled_gnn, metric_val) = (['gin', 2, 'global_add_pool', 4000], 0.8404255319148937)
INFO:nas.trainer:eval | (sampled_gnn, metric_val) = (['sage', 2, 'global_add_pool', 4000], 0.851063829787234)
INFO:nas.trainer:eval | (sampled_gnn, metric_val) = (['gat', 2, 'global_add_pool', 4500], 0.8617021276595744)
INFO:nas.trainer:eval | (sampled_gnn, metric_val) = (['gat', 2, 'global_add_pool', 4500], 0.851063829787234)
INFO:nas.trainer:eval | (sampled_gnn, metric_val) = (['tag', 2, 'global_add_pool', 6000], 0.8404255319148937)
INFO:nas.trainer:eval | (sampled_gnn, metric_val) = (['gcn', 2, 'global_add_pool', 6000], 0.8617021276595744)
INFO:nas.trainer:eval | (sampled_gnn, metric_val) = (['gcn', 2, 'global_add_pool', 4500], 0.9042553191489362)
INFO:nas.trainer:eval | (sampled_gnn, metric_val) = (['tag', 2, 'global_add_pool', 3000], 0.8617021276595744)
INFO:nas.trainer:eval | (sampled_gnn, metric_val) = (['tag', 2, 'global_add_pool', 4000], 0.8297872340425532)
INFO:nas.trainer:eval | (sampled_gnn, metric_val) = (['gin', 2, 'global_add_pool', 5500], 0.8085106382978723)
INFO:nas.trainer:eval | (sampled_gnn, metric_val) = (['gcn', 2, 'global_add_pool', 4000], 0.851063829787234)
INFO:nas.trainer:eval | (sampled_gnn, metric_val) = (['gcn', 2, 'global_add_pool', 4500], 0.8829787234042553)
INFO:nas.trainer:eval | (sampled_gnn, metric_val) = (['ssg', 2, 'global_add_pool', 8000], 0.8617021276595744)
INFO:nas.trainer:train | 18 era_time 9161.689290761948
INFO:nas.trainer:eval | (sampled_gnn, metric_val) = (['gcn', 2, 'global_add_pool', 6000], 0.8829787234042553)
INFO:nas.trainer:eval | (sampled_gnn, metric_val) = (['gin', 2, 'global_add_pool', 3500], 0.8085106382978723)
INFO:nas.trainer:eval | (sampled_gnn, metric_val) = (['gin', 2, 'global_add_pool', 6000], 0.851063829787234)
INFO:nas.trainer:eval | (sampled_gnn, metric_val) = (['gat', 2, 'global_add_pool', 4500], 0.8297872340425532)
INFO:nas.trainer:eval | (sampled_gnn, metric_val) = (['gcn', 2, 'global_add_pool', 4500], 0.8723404255319149)
INFO:nas.trainer:eval | (sampled_gnn, metric_val) = (['sage', 2, 'global_add_pool', 4500], 0.8723404255319149)
INFO:nas.trainer:eval | (sampled_gnn, metric_val) = (['sg', 2, 'global_add_pool', 4000], 0.8829787234042553)
INFO:nas.trainer:eval | (sampled_gnn, metric_val) = (['gcn', 2, 'global_add_pool', 4000], 0.8829787234042553)
INFO:nas.trainer:eval | (sampled_gnn, metric_val) = (['gmm', 2, 'global_add_pool', 4500], 0.8723404255319149)
INFO:nas.trainer:eval | (sampled_gnn, metric_val) = (['sg', 2, 'global_add_pool', 6000], 0.8829787234042553)
INFO:nas.trainer:eval | (sampled_gnn, metric_val) = (['gcn', 2, 'global_add_pool', 6000], 0.8829787234042553)
INFO:nas.trainer:eval | (sampled_gnn, metric_val) = (['gcn', 2, 'global_add_pool', 4000], 0.8723404255319149)
INFO:nas.trainer:eval | (sampled_gnn, metric_val) = (['gat', 2, 'global_add_pool', 5000], 0.851063829787234)
INFO:nas.trainer:eval | (sampled_gnn, metric_val) = (['gat', 2, 'global_add_pool', 7000], 0.7872340425531915)
INFO:nas.trainer:eval | (sampled_gnn, metric_val) = (['gcn', 2, 'global_add_pool', 6000], 0.8404255319148937)
INFO:nas.trainer:eval | (sampled_gnn, metric_val) = (['sg', 2, 'global_add_pool', 4000], 0.8829787234042553)
INFO:nas.trainer:eval | (sampled_gnn, metric_val) = (['gat', 2, 'global_add_pool', 4500], 0.8617021276595744)
INFO:nas.trainer:eval | (sampled_gnn, metric_val) = (['gin', 2, 'global_add_pool', 3500], 0.8297872340425532)
INFO:nas.trainer:eval | (sampled_gnn, metric_val) = (['gin', 2, 'global_add_pool', 6000], 0.8404255319148937)
INFO:nas.trainer:eval | (sampled_gnn, metric_val) = (['tag', 2, 'global_add_pool', 4000], 0.851063829787234)
INFO:nas.trainer:train | 19 era_time 9436.499975442886
INFO:nas.trainer:eval | (sampled_gnn, metric_val) = (['gcn', 2, 'global_add_pool', 4500], 0.8829787234042553)
INFO:nas.trainer:eval | (sampled_gnn, metric_val) = (['gmm', 2, 'global_add_pool', 6000], 0.8617021276595744)
INFO:nas.trainer:eval | (sampled_gnn, metric_val) = (['gin', 2, 'global_add_pool', 7000], 0.851063829787234)
INFO:nas.trainer:eval | (sampled_gnn, metric_val) = (['gin', 2, 'global_add_pool', 6000], 0.8936170212765957)
INFO:nas.trainer:eval | (sampled_gnn, metric_val) = (['sg', 2, 'global_add_pool', 6000], 0.8723404255319149)
INFO:nas.trainer:eval | (sampled_gnn, metric_val) = (['gin', 2, 'global_add_pool', 7500], 0.8829787234042553)
INFO:nas.trainer:eval | (sampled_gnn, metric_val) = (['gcn', 2, 'global_add_pool', 6000], 0.8723404255319149)
INFO:nas.trainer:eval | (sampled_gnn, metric_val) = (['gin', 2, 'global_add_pool', 6000], 0.7659574468085106)
INFO:nas.trainer:eval | (sampled_gnn, metric_val) = (['gin', 2, 'global_add_pool', 6000], 0.8297872340425532)
INFO:nas.trainer:eval | (sampled_gnn, metric_val) = (['gcn', 2, 'global_add_pool', 4500], 0.8829787234042553)
INFO:nas.trainer:eval | (sampled_gnn, metric_val) = (['gcn', 2, 'global_add_pool', 8000], 0.851063829787234)
INFO:nas.trainer:eval | (sampled_gnn, metric_val) = (['sg', 2, 'global_add_pool', 4000], 0.8617021276595744)
INFO:nas.trainer:eval | (sampled_gnn, metric_val) = (['gin', 2, 'global_add_pool', 4000], 0.851063829787234)
INFO:nas.trainer:eval | (sampled_gnn, metric_val) = (['sg', 2, 'global_add_pool', 4500], 0.8723404255319149)
INFO:nas.trainer:eval | (sampled_gnn, metric_val) = (['tag', 2, 'global_add_pool', 8000], 0.8723404255319149)
INFO:nas.trainer:eval | (sampled_gnn, metric_val) = (['gmm', 2, 'global_add_pool', 4500], 0.8297872340425532)
INFO:nas.trainer:eval | (sampled_gnn, metric_val) = (['sage', 2, 'global_add_pool', 4500], 0.8829787234042553)
INFO:nas.trainer:eval | (sampled_gnn, metric_val) = (['gin', 2, 'global_add_pool', 7500], 0.8617021276595744)
INFO:nas.trainer:eval | (sampled_gnn, metric_val) = (['gcn', 2, 'global_add_pool', 4500], 0.8723404255319149)
INFO:nas.trainer:eval | (sampled_gnn, metric_val) = (['sage', 2, 'global_add_pool', 4000], 0.8936170212765957)
INFO:nas.trainer:train | 20 era_time 10169.430319070816
INFO:nas.trainer:eval | (sampled_gnn, metric_val) = (['sage', 2, 'global_add_pool', 4500], 0.8617021276595744)
INFO:nas.trainer:eval | (sampled_gnn, metric_val) = (['gcn', 2, 'global_add_pool', 4500], 0.8829787234042553)
INFO:nas.trainer:eval | (sampled_gnn, metric_val) = (['gcn', 2, 'global_add_pool', 4000], 0.9148936170212766)
INFO:nas.trainer:eval | (sampled_gnn, metric_val) = (['gcn', 2, 'global_add_pool', 4000], 0.8936170212765957)
INFO:nas.trainer:eval | (sampled_gnn, metric_val) = (['gcn', 2, 'global_add_pool', 4500], 0.8723404255319149)
INFO:nas.trainer:eval | (sampled_gnn, metric_val) = (['gat', 2, 'global_add_pool', 4500], 0.8723404255319149)
INFO:nas.trainer:eval | (sampled_gnn, metric_val) = (['ssg', 2, 'global_add_pool', 7500], 0.8297872340425532)
INFO:nas.trainer:eval | (sampled_gnn, metric_val) = (['gcn', 2, 'global_add_pool', 4000], 0.8829787234042553)
INFO:nas.trainer:eval | (sampled_gnn, metric_val) = (['sage', 2, 'global_add_pool', 6000], 0.8617021276595744)
INFO:nas.trainer:eval | (sampled_gnn, metric_val) = (['tag', 2, 'global_add_pool', 4000], 0.851063829787234)
INFO:nas.trainer:eval | (sampled_gnn, metric_val) = (['gin', 2, 'global_add_pool', 7500], 0.8191489361702128)
INFO:nas.trainer:eval | (sampled_gnn, metric_val) = (['gcn', 2, 'global_add_pool', 4000], 0.8723404255319149)
INFO:nas.trainer:eval | (sampled_gnn, metric_val) = (['gcn', 2, 'global_add_pool', 4500], 0.8617021276595744)
INFO:nas.trainer:eval | (sampled_gnn, metric_val) = (['gin', 2, 'global_add_pool', 4000], 0.8404255319148937)
INFO:nas.trainer:eval | (sampled_gnn, metric_val) = (['gcn', 2, 'global_add_pool', 4500], 0.8617021276595744)
INFO:nas.trainer:eval | (sampled_gnn, metric_val) = (['gat', 2, 'global_add_pool', 4500], 0.8829787234042553)
INFO:nas.trainer:eval | (sampled_gnn, metric_val) = (['sage', 2, 'global_add_pool', 4000], 0.8936170212765957)
INFO:nas.trainer:eval | (sampled_gnn, metric_val) = (['gmm', 2, 'global_add_pool', 4500], 0.8617021276595744)
INFO:nas.trainer:eval | (sampled_gnn, metric_val) = (['gcn', 2, 'global_add_pool', 4500], 0.8404255319148937)
INFO:nas.trainer:eval | (sampled_gnn, metric_val) = (['gcn', 2, 'global_add_pool', 4000], 0.8829787234042553)
INFO:nas.trainer:train | 21 era_time 8665.61762714386
INFO:nas.trainer:eval | (sampled_gnn, metric_val) = (['sage', 2, 'global_add_pool', 4000], 0.8723404255319149)
INFO:nas.trainer:eval | (sampled_gnn, metric_val) = (['gin', 2, 'global_add_pool', 4500], 0.8404255319148937)
INFO:nas.trainer:eval | (sampled_gnn, metric_val) = (['gcn', 2, 'global_add_pool', 4500], 0.8617021276595744)
INFO:nas.trainer:eval | (sampled_gnn, metric_val) = (['sg', 2, 'global_add_pool', 6000], 0.8617021276595744)
INFO:nas.trainer:eval | (sampled_gnn, metric_val) = (['tag', 2, 'global_add_pool', 4000], 0.8829787234042553)
INFO:nas.trainer:eval | (sampled_gnn, metric_val) = (['gat', 2, 'global_add_pool', 7500], 0.8191489361702128)
INFO:nas.trainer:eval | (sampled_gnn, metric_val) = (['sage', 2, 'global_add_pool', 4500], 0.8829787234042553)
INFO:nas.trainer:eval | (sampled_gnn, metric_val) = (['gat', 2, 'global_add_pool', 3500], 0.8617021276595744)
INFO:nas.trainer:eval | (sampled_gnn, metric_val) = (['gat', 2, 'global_add_pool', 4500], 0.851063829787234)
INFO:nas.trainer:eval | (sampled_gnn, metric_val) = (['gin', 2, 'global_add_pool', 4500], 0.8085106382978723)
INFO:nas.trainer:eval | (sampled_gnn, metric_val) = (['sg', 2, 'global_add_pool', 4000], 0.8723404255319149)
INFO:nas.trainer:eval | (sampled_gnn, metric_val) = (['gcn', 2, 'global_add_pool', 7500], 0.851063829787234)
INFO:nas.trainer:eval | (sampled_gnn, metric_val) = (['gin', 2, 'global_add_pool', 4000], 0.8617021276595744)
INFO:nas.trainer:eval | (sampled_gnn, metric_val) = (['sage', 2, 'global_add_pool', 4000], 0.8723404255319149)
INFO:nas.trainer:eval | (sampled_gnn, metric_val) = (['sage', 2, 'global_add_pool', 7000], 0.8723404255319149)
INFO:nas.trainer:eval | (sampled_gnn, metric_val) = (['gin', 2, 'global_add_pool', 4000], 0.851063829787234)
INFO:nas.trainer:eval | (sampled_gnn, metric_val) = (['gcn', 2, 'global_add_pool', 4500], 0.8936170212765957)
INFO:nas.trainer:eval | (sampled_gnn, metric_val) = (['gin', 2, 'global_add_pool', 6000], 0.851063829787234)
INFO:nas.trainer:eval | (sampled_gnn, metric_val) = (['gmm', 2, 'global_add_pool', 3500], 0.8297872340425532)
INFO:nas.trainer:eval | (sampled_gnn, metric_val) = (['gin', 2, 'global_add_pool', 4000], 0.8085106382978723)
INFO:nas.trainer:train | 22 era_time 8991.250726938248
INFO:nas.trainer:eval | (sampled_gnn, metric_val) = (['gcn', 2, 'global_add_pool', 4000], 0.8617021276595744)
INFO:nas.trainer:eval | (sampled_gnn, metric_val) = (['gat', 2, 'global_add_pool', 3500], 0.8297872340425532)
INFO:nas.trainer:eval | (sampled_gnn, metric_val) = (['gmm', 2, 'global_add_pool', 6000], 0.8297872340425532)
INFO:nas.trainer:eval | (sampled_gnn, metric_val) = (['ssg', 2, 'global_add_pool', 4000], 0.8829787234042553)
INFO:nas.trainer:eval | (sampled_gnn, metric_val) = (['gcn', 2, 'global_add_pool', 4500], 0.851063829787234)
INFO:nas.trainer:eval | (sampled_gnn, metric_val) = (['gat', 2, 'global_add_pool', 4500], 0.8404255319148937)
INFO:nas.trainer:eval | (sampled_gnn, metric_val) = (['sg', 2, 'global_add_pool', 3500], 0.851063829787234)
INFO:nas.trainer:eval | (sampled_gnn, metric_val) = (['gin', 2, 'global_add_pool', 6000], 0.8191489361702128)
INFO:nas.trainer:eval | (sampled_gnn, metric_val) = (['gcn', 2, 'global_add_pool', 4000], 0.9042553191489362)
INFO:nas.trainer:eval | (sampled_gnn, metric_val) = (['gin', 2, 'global_add_pool', 6000], 0.8297872340425532)
INFO:nas.trainer:eval | (sampled_gnn, metric_val) = (['sage', 2, 'global_add_pool', 6000], 0.8723404255319149)
INFO:nas.trainer:eval | (sampled_gnn, metric_val) = (['gmm', 2, 'global_add_pool', 7500], 0.8723404255319149)
INFO:nas.trainer:eval | (sampled_gnn, metric_val) = (['gin', 2, 'global_add_pool', 4000], 0.8404255319148937)
INFO:nas.trainer:eval | (sampled_gnn, metric_val) = (['tag', 2, 'global_add_pool', 3500], 0.8191489361702128)
INFO:nas.trainer:eval | (sampled_gnn, metric_val) = (['gin', 2, 'global_add_pool', 6000], 0.851063829787234)
INFO:nas.trainer:eval | (sampled_gnn, metric_val) = (['gcn', 2, 'global_add_pool', 4500], 0.8723404255319149)
INFO:nas.trainer:eval | (sampled_gnn, metric_val) = (['gin', 2, 'global_add_pool', 4500], 0.7872340425531915)
INFO:nas.trainer:eval | (sampled_gnn, metric_val) = (['sg', 2, 'global_add_pool', 4500], 0.8936170212765957)
INFO:nas.trainer:eval | (sampled_gnn, metric_val) = (['gcn', 2, 'global_add_pool', 4000], 0.8829787234042553)
INFO:nas.trainer:eval | (sampled_gnn, metric_val) = (['gin', 2, 'global_add_pool', 6000], 0.851063829787234)
INFO:nas.trainer:train | 23 era_time 8852.61824297905
INFO:nas.trainer:eval | (sampled_gnn, metric_val) = (['gin', 2, 'global_add_pool', 4000], 0.8297872340425532)
INFO:nas.trainer:eval | (sampled_gnn, metric_val) = (['gin', 2, 'global_add_pool', 3500], 0.8191489361702128)
INFO:nas.trainer:eval | (sampled_gnn, metric_val) = (['gcn', 2, 'global_add_pool', 4500], 0.8723404255319149)
INFO:nas.trainer:eval | (sampled_gnn, metric_val) = (['gcn', 2, 'global_add_pool', 6000], 0.9042553191489362)
INFO:nas.trainer:eval | (sampled_gnn, metric_val) = (['sage', 2, 'global_add_pool', 6000], 0.8829787234042553)
INFO:nas.trainer:eval | (sampled_gnn, metric_val) = (['gcn', 2, 'global_add_pool', 7500], 0.8723404255319149)
INFO:nas.trainer:eval | (sampled_gnn, metric_val) = (['gat', 2, 'global_mean_pool', 4000], 0.8297872340425532)
INFO:nas.trainer:eval | (sampled_gnn, metric_val) = (['sg', 2, 'global_add_pool', 6000], 0.8723404255319149)
INFO:nas.trainer:eval | (sampled_gnn, metric_val) = (['ssg', 2, 'global_add_pool', 4500], 0.851063829787234)
INFO:nas.trainer:eval | (sampled_gnn, metric_val) = (['gat', 2, 'global_add_pool', 4000], 0.8297872340425532)
INFO:nas.trainer:eval | (sampled_gnn, metric_val) = (['gat', 2, 'global_add_pool', 3500], 0.8829787234042553)
INFO:nas.trainer:eval | (sampled_gnn, metric_val) = (['gin', 2, 'global_add_pool', 7500], 0.8723404255319149)
INFO:nas.trainer:eval | (sampled_gnn, metric_val) = (['gcn', 2, 'global_add_pool', 4000], 0.851063829787234)
INFO:nas.trainer:eval | (sampled_gnn, metric_val) = (['gcn', 2, 'global_add_pool', 4500], 0.8936170212765957)
INFO:nas.trainer:eval | (sampled_gnn, metric_val) = (['gin', 2, 'global_add_pool', 4000], 0.851063829787234)
INFO:nas.trainer:eval | (sampled_gnn, metric_val) = (['gin', 2, 'global_add_pool', 4500], 0.8191489361702128)
INFO:nas.trainer:eval | (sampled_gnn, metric_val) = (['gcn', 2, 'global_add_pool', 5000], 0.8936170212765957)
INFO:nas.trainer:eval | (sampled_gnn, metric_val) = (['sg', 2, 'global_add_pool', 4000], 0.9148936170212766)
INFO:nas.trainer:eval | (sampled_gnn, metric_val) = (['gin', 2, 'global_add_pool', 3500], 0.8297872340425532)
INFO:nas.trainer:eval | (sampled_gnn, metric_val) = (['gcn', 2, 'global_add_pool', 4000], 0.8723404255319149)
INFO:nas.trainer:train | 24 era_time 8749.54607629776
INFO:nas.trainer:eval | (sampled_gnn, metric_val) = (['sg', 2, 'global_add_pool', 4000], 0.8404255319148937)
INFO:nas.trainer:eval | (sampled_gnn, metric_val) = (['sg', 2, 'global_add_pool', 4000], 0.8617021276595744)
INFO:nas.trainer:eval | (sampled_gnn, metric_val) = (['gat', 2, 'global_add_pool', 6000], 0.8297872340425532)
INFO:nas.trainer:eval | (sampled_gnn, metric_val) = (['gin', 2, 'global_add_pool', 6000], 0.7553191489361702)
INFO:nas.trainer:eval | (sampled_gnn, metric_val) = (['gin', 2, 'global_add_pool', 6000], 0.8191489361702128)
INFO:nas.trainer:eval | (sampled_gnn, metric_val) = (['gcn', 2, 'global_add_pool', 3500], 0.8829787234042553)
INFO:nas.trainer:eval | (sampled_gnn, metric_val) = (['gcn', 2, 'global_add_pool', 6000], 0.8936170212765957)
INFO:nas.trainer:eval | (sampled_gnn, metric_val) = (['gmm', 2, 'global_mean_pool', 4500], 0.851063829787234)
INFO:nas.trainer:eval | (sampled_gnn, metric_val) = (['sg', 2, 'global_add_pool', 5500], 0.8723404255319149)
INFO:nas.trainer:eval | (sampled_gnn, metric_val) = (['tag', 2, 'global_add_pool', 4000], 0.8297872340425532)
INFO:nas.trainer:eval | (sampled_gnn, metric_val) = (['ssg', 2, 'global_add_pool', 4500], 0.851063829787234)
INFO:nas.trainer:eval | (sampled_gnn, metric_val) = (['gin', 2, 'global_add_pool', 3000], 0.7978723404255319)
INFO:nas.trainer:eval | (sampled_gnn, metric_val) = (['ssg', 2, 'global_add_pool', 4500], 0.8829787234042553)
INFO:nas.trainer:eval | (sampled_gnn, metric_val) = (['tag', 2, 'global_add_pool', 4000], 0.851063829787234)
INFO:nas.trainer:eval | (sampled_gnn, metric_val) = (['gin', 2, 'global_add_pool', 4500], 0.851063829787234)
INFO:nas.trainer:eval | (sampled_gnn, metric_val) = (['gmm', 2, 'global_add_pool', 7500], 0.8404255319148937)
INFO:nas.trainer:eval | (sampled_gnn, metric_val) = (['gin', 2, 'global_add_pool', 4500], 0.8936170212765957)
INFO:nas.trainer:eval | (sampled_gnn, metric_val) = (['gcn', 2, 'global_add_pool', 4000], 0.8617021276595744)
INFO:nas.trainer:eval | (sampled_gnn, metric_val) = (['gin', 2, 'global_add_pool', 4000], 0.8617021276595744)
INFO:nas.trainer:eval | (sampled_gnn, metric_val) = (['gcn', 2, 'global_add_pool', 4500], 0.8617021276595744)
INFO:nas.trainer:train | 25 era_time 8762.960954904556
INFO:nas.trainer:eval | (sampled_gnn, metric_val) = (['gcn', 2, 'global_add_pool', 4500], 0.8936170212765957)
INFO:nas.trainer:eval | (sampled_gnn, metric_val) = (['tag', 2, 'global_add_pool', 4500], 0.8617021276595744)
INFO:nas.trainer:eval | (sampled_gnn, metric_val) = (['ssg', 2, 'global_add_pool', 3500], 0.8723404255319149)
INFO:nas.trainer:eval | (sampled_gnn, metric_val) = (['gcn', 2, 'global_add_pool', 3500], 0.8936170212765957)
INFO:nas.trainer:eval | (sampled_gnn, metric_val) = (['gin', 2, 'global_add_pool', 4000], 0.8297872340425532)
INFO:nas.trainer:eval | (sampled_gnn, metric_val) = (['sage', 2, 'global_add_pool', 4000], 0.8723404255319149)
INFO:nas.trainer:eval | (sampled_gnn, metric_val) = (['tag', 2, 'global_add_pool', 4500], 0.8404255319148937)
INFO:nas.trainer:eval | (sampled_gnn, metric_val) = (['tag', 2, 'global_add_pool', 4000], 0.851063829787234)
INFO:nas.trainer:eval | (sampled_gnn, metric_val) = (['gin', 2, 'global_add_pool', 4000], 0.8191489361702128)
INFO:nas.trainer:eval | (sampled_gnn, metric_val) = (['gcn', 2, 'global_add_pool', 3500], 0.8936170212765957)
INFO:nas.trainer:eval | (sampled_gnn, metric_val) = (['sage', 2, 'global_add_pool', 7500], 0.8404255319148937)
INFO:nas.trainer:eval | (sampled_gnn, metric_val) = (['gin', 2, 'global_add_pool', 4500], 0.7978723404255319)
INFO:nas.trainer:eval | (sampled_gnn, metric_val) = (['gat', 2, 'global_add_pool', 6000], 0.8297872340425532)
INFO:nas.trainer:eval | (sampled_gnn, metric_val) = (['gmm', 2, 'global_add_pool', 4500], 0.8829787234042553)
INFO:nas.trainer:eval | (sampled_gnn, metric_val) = (['tag', 2, 'global_add_pool', 4500], 0.8404255319148937)
INFO:nas.trainer:eval | (sampled_gnn, metric_val) = (['gin', 2, 'global_add_pool', 7500], 0.7978723404255319)
INFO:nas.trainer:eval | (sampled_gnn, metric_val) = (['gcn', 2, 'global_add_pool', 4500], 0.8829787234042553)
INFO:nas.trainer:eval | (sampled_gnn, metric_val) = (['gcn', 2, 'global_add_pool', 4000], 0.8829787234042553)
INFO:nas.trainer:eval | (sampled_gnn, metric_val) = (['gin', 2, 'global_add_pool', 6000], 0.8404255319148937)
INFO:nas.trainer:eval | (sampled_gnn, metric_val) = (['gcn', 2, 'global_add_pool', 6000], 0.8723404255319149)
INFO:nas.trainer:train | 26 era_time 8799.031011104584
INFO:nas.trainer:eval | (sampled_gnn, metric_val) = (['gcn', 2, 'global_add_pool', 4500], 0.8723404255319149)
INFO:nas.trainer:eval | (sampled_gnn, metric_val) = (['gat', 2, 'global_add_pool', 4500], 0.8297872340425532)
INFO:nas.trainer:eval | (sampled_gnn, metric_val) = (['gcn', 2, 'global_add_pool', 8000], 0.8936170212765957)
INFO:nas.trainer:eval | (sampled_gnn, metric_val) = (['sg', 2, 'global_add_pool', 4000], 0.8829787234042553)
INFO:nas.trainer:eval | (sampled_gnn, metric_val) = (['gcn', 2, 'global_add_pool', 3500], 0.8936170212765957)
INFO:nas.trainer:eval | (sampled_gnn, metric_val) = (['gcn', 2, 'global_add_pool', 4000], 0.8617021276595744)
INFO:nas.trainer:eval | (sampled_gnn, metric_val) = (['gcn', 2, 'global_add_pool', 3500], 0.8829787234042553)
INFO:nas.trainer:eval | (sampled_gnn, metric_val) = (['gcn', 2, 'global_add_pool', 4000], 0.8723404255319149)
INFO:nas.trainer:eval | (sampled_gnn, metric_val) = (['sage', 2, 'global_add_pool', 4500], 0.8723404255319149)
INFO:nas.trainer:eval | (sampled_gnn, metric_val) = (['sg', 2, 'global_add_pool', 4500], 0.8617021276595744)
INFO:nas.trainer:eval | (sampled_gnn, metric_val) = (['gcn', 2, 'global_add_pool', 3500], 0.851063829787234)
INFO:nas.trainer:eval | (sampled_gnn, metric_val) = (['sage', 2, 'global_add_pool', 6000], 0.8617021276595744)
INFO:nas.trainer:eval | (sampled_gnn, metric_val) = (['ssg', 2, 'global_add_pool', 4500], 0.9042553191489362)
INFO:nas.trainer:eval | (sampled_gnn, metric_val) = (['tag', 2, 'global_add_pool', 5000], 0.8297872340425532)
INFO:nas.trainer:eval | (sampled_gnn, metric_val) = (['gcn', 2, 'global_add_pool', 4000], 0.8829787234042553)
INFO:nas.trainer:eval | (sampled_gnn, metric_val) = (['gcn', 2, 'global_add_pool', 3500], 0.8617021276595744)
INFO:nas.trainer:eval | (sampled_gnn, metric_val) = (['gin', 2, 'global_add_pool', 8000], 0.8085106382978723)
INFO:nas.trainer:eval | (sampled_gnn, metric_val) = (['gin', 2, 'global_add_pool', 4000], 0.8723404255319149)
INFO:nas.trainer:eval | (sampled_gnn, metric_val) = (['gcn', 2, 'global_add_pool', 7500], 0.8723404255319149)
INFO:nas.trainer:eval | (sampled_gnn, metric_val) = (['ssg', 2, 'global_add_pool', 4500], 0.8723404255319149)
INFO:nas.trainer:train | 27 era_time 8703.731753826141
INFO:nas.trainer:eval | (sampled_gnn, metric_val) = (['gmm', 2, 'global_add_pool', 4500], 0.8617021276595744)
INFO:nas.trainer:eval | (sampled_gnn, metric_val) = (['sage', 2, 'global_add_pool', 4000], 0.8936170212765957)
INFO:nas.trainer:eval | (sampled_gnn, metric_val) = (['sg', 2, 'global_mean_pool', 3500], 0.851063829787234)
INFO:nas.trainer:eval | (sampled_gnn, metric_val) = (['gin', 2, 'global_add_pool', 6000], 0.8723404255319149)
INFO:nas.trainer:eval | (sampled_gnn, metric_val) = (['gcn', 2, 'global_add_pool', 3500], 0.8723404255319149)
INFO:nas.trainer:eval | (sampled_gnn, metric_val) = (['gin', 2, 'global_add_pool', 4500], 0.8297872340425532)
INFO:nas.trainer:eval | (sampled_gnn, metric_val) = (['ssg', 2, 'global_add_pool', 4000], 0.8936170212765957)
INFO:nas.trainer:eval | (sampled_gnn, metric_val) = (['gat', 2, 'global_max_pool', 4000], 0.7659574468085106)
INFO:nas.trainer:eval | (sampled_gnn, metric_val) = (['gmm', 2, 'global_add_pool', 4500], 0.8617021276595744)
INFO:nas.trainer:eval | (sampled_gnn, metric_val) = (['gcn', 2, 'global_add_pool', 4000], 0.8936170212765957)
INFO:nas.trainer:eval | (sampled_gnn, metric_val) = (['gin', 2, 'global_mean_pool', 4000], 0.776595744680851)
INFO:nas.trainer:eval | (sampled_gnn, metric_val) = (['gcn', 2, 'global_add_pool', 3500], 0.8829787234042553)
INFO:nas.trainer:eval | (sampled_gnn, metric_val) = (['gin', 2, 'global_add_pool', 4000], 0.851063829787234)
INFO:nas.trainer:eval | (sampled_gnn, metric_val) = (['gin', 2, 'global_add_pool', 4000], 0.851063829787234)
INFO:nas.trainer:eval | (sampled_gnn, metric_val) = (['tag', 2, 'global_add_pool', 4500], 0.8723404255319149)
INFO:nas.trainer:eval | (sampled_gnn, metric_val) = (['gin', 2, 'global_add_pool', 4000], 0.851063829787234)
INFO:nas.trainer:eval | (sampled_gnn, metric_val) = (['gin', 2, 'global_add_pool', 4500], 0.8404255319148937)
INFO:nas.trainer:eval | (sampled_gnn, metric_val) = (['gcn', 2, 'global_add_pool', 4000], 0.8829787234042553)
INFO:nas.trainer:eval | (sampled_gnn, metric_val) = (['gcn', 2, 'global_add_pool', 5500], 0.8297872340425532)
INFO:nas.trainer:eval | (sampled_gnn, metric_val) = (['gcn', 2, 'global_add_pool', 4500], 0.8723404255319149)
INFO:nas.trainer:train | 28 era_time 7799.578710794449
INFO:nas.trainer:eval | (sampled_gnn, metric_val) = (['gcn', 2, 'global_add_pool', 6000], 0.8936170212765957)
INFO:nas.trainer:eval | (sampled_gnn, metric_val) = (['ssg', 2, 'global_add_pool', 4500], 0.8723404255319149)
INFO:nas.trainer:eval | (sampled_gnn, metric_val) = (['gcn', 2, 'global_add_pool', 4500], 0.8085106382978723)
INFO:nas.trainer:eval | (sampled_gnn, metric_val) = (['gcn', 2, 'global_add_pool', 3500], 0.8829787234042553)
INFO:nas.trainer:eval | (sampled_gnn, metric_val) = (['gmm', 2, 'global_add_pool', 4000], 0.8936170212765957)
INFO:nas.trainer:eval | (sampled_gnn, metric_val) = (['gin', 2, 'global_add_pool', 4000], 0.8297872340425532)
INFO:nas.trainer:eval | (sampled_gnn, metric_val) = (['gcn', 2, 'global_add_pool', 4000], 0.8936170212765957)
INFO:nas.trainer:eval | (sampled_gnn, metric_val) = (['gcn', 2, 'global_add_pool', 3500], 0.8829787234042553)
INFO:nas.trainer:eval | (sampled_gnn, metric_val) = (['gin', 2, 'global_add_pool', 4000], 0.8723404255319149)
INFO:nas.trainer:eval | (sampled_gnn, metric_val) = (['gin', 2, 'global_add_pool', 8000], 0.8617021276595744)
INFO:nas.trainer:eval | (sampled_gnn, metric_val) = (['gcn', 2, 'global_add_pool', 4500], 0.8617021276595744)
INFO:nas.trainer:eval | (sampled_gnn, metric_val) = (['sage', 2, 'global_add_pool', 3500], 0.8723404255319149)
INFO:nas.trainer:eval | (sampled_gnn, metric_val) = (['ssg', 2, 'global_add_pool', 3500], 0.8829787234042553)
INFO:nas.trainer:eval | (sampled_gnn, metric_val) = (['gcn', 2, 'global_add_pool', 3500], 0.8829787234042553)
INFO:nas.trainer:eval | (sampled_gnn, metric_val) = (['gmm', 2, 'global_add_pool', 4500], 0.8723404255319149)
INFO:nas.trainer:eval | (sampled_gnn, metric_val) = (['gin', 2, 'global_add_pool', 4500], 0.8297872340425532)
INFO:nas.trainer:eval | (sampled_gnn, metric_val) = (['gcn', 2, 'global_add_pool', 4500], 0.8404255319148937)
INFO:nas.trainer:eval | (sampled_gnn, metric_val) = (['gin', 2, 'global_add_pool', 4000], 0.776595744680851)
INFO:nas.trainer:eval | (sampled_gnn, metric_val) = (['gmm', 2, 'global_add_pool', 3500], 0.8829787234042553)
INFO:nas.trainer:eval | (sampled_gnn, metric_val) = (['sage', 2, 'global_add_pool', 4000], 0.8297872340425532)
INFO:nas.trainer:train | 29 era_time 7739.226573228836
INFO:nas.trainer:eval | (sampled_gnn, metric_val) = (['gin', 2, 'global_add_pool', 6000], 0.8297872340425532)
INFO:nas.trainer:eval | (sampled_gnn, metric_val) = (['gmm', 2, 'global_add_pool', 3500], 0.8723404255319149)
INFO:nas.trainer:eval | (sampled_gnn, metric_val) = (['gin', 2, 'global_add_pool', 4000], 0.7978723404255319)
INFO:nas.trainer:eval | (sampled_gnn, metric_val) = (['gcn', 2, 'global_add_pool', 4000], 0.8723404255319149)
INFO:nas.trainer:eval | (sampled_gnn, metric_val) = (['gmm', 2, 'global_add_pool', 3500], 0.9042553191489362)
INFO:nas.trainer:eval | (sampled_gnn, metric_val) = (['gin', 2, 'global_add_pool', 6000], 0.8404255319148937)
INFO:nas.trainer:eval | (sampled_gnn, metric_val) = (['gat', 2, 'global_add_pool', 4000], 0.8723404255319149)
INFO:nas.trainer:eval | (sampled_gnn, metric_val) = (['sg', 2, 'global_add_pool', 3500], 0.8829787234042553)
INFO:nas.trainer:eval | (sampled_gnn, metric_val) = (['gcn', 2, 'global_add_pool', 3500], 0.9042553191489362)
INFO:nas.trainer:eval | (sampled_gnn, metric_val) = (['tag', 2, 'global_add_pool', 4500], 0.8617021276595744)
INFO:nas.trainer:eval | (sampled_gnn, metric_val) = (['tag', 2, 'global_add_pool', 3500], 0.8829787234042553)
INFO:nas.trainer:eval | (sampled_gnn, metric_val) = (['gin', 2, 'global_add_pool', 6000], 0.8617021276595744)
INFO:nas.trainer:eval | (sampled_gnn, metric_val) = (['gat', 2, 'global_add_pool', 4500], 0.8191489361702128)
INFO:nas.trainer:eval | (sampled_gnn, metric_val) = (['gcn', 2, 'global_add_pool', 4500], 0.8723404255319149)
INFO:nas.trainer:eval | (sampled_gnn, metric_val) = (['gin', 2, 'global_add_pool', 3500], 0.8191489361702128)
INFO:nas.trainer:eval | (sampled_gnn, metric_val) = (['ssg', 2, 'global_add_pool', 4000], 0.8829787234042553)
INFO:nas.trainer:eval | (sampled_gnn, metric_val) = (['gcn', 2, 'global_add_pool', 4000], 0.8723404255319149)
INFO:nas.trainer:eval | (sampled_gnn, metric_val) = (['gat', 2, 'global_add_pool', 6000], 0.8085106382978723)
INFO:nas.trainer:eval | (sampled_gnn, metric_val) = (['gcn', 2, 'global_add_pool', 6000], 0.8723404255319149)
INFO:nas.trainer:eval | (sampled_gnn, metric_val) = (['gin', 2, 'global_add_pool', 6000], 0.8617021276595744)
INFO:nas.trainer:train | 30 era_time 8697.766035318375
ERROR:__main__:cfg_file = '/home/ubuntu/GNN-AID/src/nas/cfg/40.yml'
[Errno 2] No such file or directory: 'save/Trainer_600.pkl'
