INFO:__main__:dataset:
- multiple-graphs
- TUDataset
- COX2
derive_num: 10
is_random: true
logfname: cox2_random.log
nas_args:
  dynamic_behaviour: undefined
  dynamic_nas_steps: -1
  forward:
    mode: train
    softmax_temp: 5.0
    tanh_c: 2.5
  hidden_size: 100
  reset:
    init_range: 0.1
ss_args:
  debug: false
  prob_scale: 1
  type: basic
  with_combinations: true
trainer_args:
  derive:
    derive_from_history: false
  eval:
    save_model_flag: false
  train:
    derive_finaly: false
    num_eras: 30
    save_eras: 300
  train_controller:
    epochs: 20

INFO:nas.trainer:eval | (sampled_gnn, metric_val) = (['sage', 'sg', 2, 'global_max_pool', 5000], 0.7340425531914894)
INFO:nas.trainer:eval | (sampled_gnn, metric_val) = (['gat', 'ssg', 2, 'global_max_pool', 7500], 0.776595744680851)
INFO:nas.trainer:eval | (sampled_gnn, metric_val) = (['sg', 'gin', 2, 'global_mean_pool', 4000], 0.32978723404255317)
INFO:nas.trainer:eval | (sampled_gnn, metric_val) = (['gat', 'sage', 2, 'global_max_pool', 6500], 0.7340425531914894)
INFO:nas.trainer:eval | (sampled_gnn, metric_val) = (['sg', 'tag', 2, 'global_add_pool', 6500], 0.8191489361702128)
INFO:nas.trainer:eval | (sampled_gnn, metric_val) = (['ssg', 'gat', 2, 'global_mean_pool', 4000], 0.851063829787234)
INFO:nas.trainer:eval | (sampled_gnn, metric_val) = (['sg', 'sg', 2, 'global_mean_pool', 6500], 0.8404255319148937)
INFO:nas.trainer:eval | (sampled_gnn, metric_val) = (['gin', 'gcn', 2, 'global_mean_pool', 5500], 0.5531914893617021)
INFO:nas.trainer:eval | (sampled_gnn, metric_val) = (['ssg', 'sg', 2, 'global_max_pool', 6500], 0.8297872340425532)
INFO:nas.trainer:eval | (sampled_gnn, metric_val) = (['ssg', 'gat', 2, 'global_mean_pool', 6500], 0.851063829787234)
INFO:nas.trainer:eval | (sampled_gnn, metric_val) = (['gin', 'gmm', 2, 'global_add_pool', 7000], 0.776595744680851)
INFO:nas.trainer:eval | (sampled_gnn, metric_val) = (['gcn', 'tag', 2, 'global_max_pool', 5500], 0.7978723404255319)
INFO:nas.trainer:eval | (sampled_gnn, metric_val) = (['sage', 'sg', 2, 'global_add_pool', 6000], 0.8297872340425532)
INFO:nas.trainer:eval | (sampled_gnn, metric_val) = (['gin', 'ssg', 2, 'global_add_pool', 8000], 0.7340425531914894)
INFO:nas.trainer:eval | (sampled_gnn, metric_val) = (['sg', 'gmm', 2, 'global_max_pool', 6500], 0.851063829787234)
INFO:nas.trainer:eval | (sampled_gnn, metric_val) = (['ssg', 'gin', 2, 'global_add_pool', 5000], 0.7659574468085106)
INFO:nas.trainer:eval | (sampled_gnn, metric_val) = (['gmm', 'gat', 2, 'global_mean_pool', 4000], 0.7872340425531915)
INFO:nas.trainer:eval | (sampled_gnn, metric_val) = (['ssg', 'sage', 2, 'global_add_pool', 5000], 0.8191489361702128)
INFO:nas.trainer:eval | (sampled_gnn, metric_val) = (['gmm', 'sage', 2, 'global_max_pool', 3500], 0.7553191489361702)
INFO:nas.trainer:eval | (sampled_gnn, metric_val) = (['gat', 'gmm', 2, 'global_add_pool', 4500], 0.8617021276595744)
INFO:nas.trainer:train | 0 era_time 10212.986993789673
INFO:nas.trainer:eval | (sampled_gnn, metric_val) = (['sg', 'sage', 2, 'global_mean_pool', 3000], 0.8404255319148937)
INFO:nas.trainer:eval | (sampled_gnn, metric_val) = (['sage', 'sage', 2, 'global_max_pool', 4000], 0.7446808510638298)
INFO:nas.trainer:eval | (sampled_gnn, metric_val) = (['tag', 'sage', 2, 'global_add_pool', 3000], 0.776595744680851)
INFO:nas.trainer:eval | (sampled_gnn, metric_val) = (['gmm', 'gmm', 2, 'global_mean_pool', 8000], 0.776595744680851)
INFO:nas.trainer:eval | (sampled_gnn, metric_val) = (['gmm', 'sage', 2, 'global_add_pool', 5000], 0.8085106382978723)
INFO:nas.trainer:eval | (sampled_gnn, metric_val) = (['sg', 'ssg', 2, 'global_mean_pool', 4500], 0.8723404255319149)
INFO:nas.trainer:eval | (sampled_gnn, metric_val) = (['sage', 'gin', 2, 'global_max_pool', 6500], 0.7659574468085106)
INFO:nas.trainer:eval | (sampled_gnn, metric_val) = (['gin', 'ssg', 2, 'global_mean_pool', 3500], 0.8829787234042553)
INFO:nas.trainer:eval | (sampled_gnn, metric_val) = (['ssg', 'gmm', 2, 'global_add_pool', 5000], 0.8404255319148937)
INFO:nas.trainer:eval | (sampled_gnn, metric_val) = (['gat', 'gin', 2, 'global_mean_pool', 5500], 0.7127659574468085)
INFO:nas.trainer:eval | (sampled_gnn, metric_val) = (['sage', 'ssg', 2, 'global_add_pool', 5000], 0.8085106382978723)
INFO:nas.trainer:eval | (sampled_gnn, metric_val) = (['gin', 'tag', 2, 'global_add_pool', 8000], 0.7659574468085106)
INFO:nas.trainer:eval | (sampled_gnn, metric_val) = (['gat', 'sg', 2, 'global_add_pool', 5500], 0.8191489361702128)
INFO:nas.trainer:eval | (sampled_gnn, metric_val) = (['tag', 'gcn', 2, 'global_add_pool', 3500], 0.8191489361702128)
INFO:nas.trainer:eval | (sampled_gnn, metric_val) = (['gmm', 'gmm', 2, 'global_mean_pool', 4500], 0.8191489361702128)
INFO:nas.trainer:eval | (sampled_gnn, metric_val) = (['tag', 'sage', 2, 'global_add_pool', 7500], 0.7978723404255319)
INFO:nas.trainer:eval | (sampled_gnn, metric_val) = (['ssg', 'gmm', 2, 'global_max_pool', 6500], 0.7872340425531915)
INFO:nas.trainer:eval | (sampled_gnn, metric_val) = (['tag', 'gmm', 2, 'global_mean_pool', 3500], 0.8085106382978723)
INFO:nas.trainer:eval | (sampled_gnn, metric_val) = (['gcn', 'gcn', 2, 'global_add_pool', 8000], 0.8617021276595744)
INFO:nas.trainer:eval | (sampled_gnn, metric_val) = (['gcn', 'ssg', 2, 'global_mean_pool', 5000], 0.851063829787234)
INFO:nas.trainer:train | 1 era_time 9096.000195264816
INFO:nas.trainer:eval | (sampled_gnn, metric_val) = (['gcn', 'sg', 2, 'global_mean_pool', 4500], 0.8404255319148937)
INFO:nas.trainer:eval | (sampled_gnn, metric_val) = (['gcn', 'gmm', 2, 'global_max_pool', 5500], 0.7659574468085106)
INFO:nas.trainer:eval | (sampled_gnn, metric_val) = (['gcn', 'sg', 2, 'global_add_pool', 5000], 0.8723404255319149)
INFO:nas.trainer:eval | (sampled_gnn, metric_val) = (['sg', 'gat', 2, 'global_add_pool', 7500], 0.8191489361702128)
INFO:nas.trainer:eval | (sampled_gnn, metric_val) = (['gat', 'tag', 2, 'global_max_pool', 4500], 0.7659574468085106)
INFO:nas.trainer:eval | (sampled_gnn, metric_val) = (['gcn', 'sg', 2, 'global_max_pool', 3000], 0.8829787234042553)
INFO:nas.trainer:eval | (sampled_gnn, metric_val) = (['sg', 'gin', 2, 'global_max_pool', 7500], 0.723404255319149)
INFO:nas.trainer:eval | (sampled_gnn, metric_val) = (['sg', 'sg', 2, 'global_max_pool', 6500], 0.7872340425531915)
INFO:nas.trainer:eval | (sampled_gnn, metric_val) = (['gin', 'gin', 2, 'global_max_pool', 7000], 0.7659574468085106)
INFO:nas.trainer:eval | (sampled_gnn, metric_val) = (['gmm', 'gcn', 2, 'global_add_pool', 8000], 0.8085106382978723)
INFO:nas.trainer:eval | (sampled_gnn, metric_val) = (['gmm', 'gmm', 2, 'global_add_pool', 4000], 0.7978723404255319)
INFO:nas.trainer:eval | (sampled_gnn, metric_val) = (['gat', 'gmm', 2, 'global_add_pool', 3500], 0.851063829787234)
INFO:nas.trainer:eval | (sampled_gnn, metric_val) = (['ssg', 'gin', 2, 'global_add_pool', 5000], 0.23404255319148937)
INFO:nas.trainer:eval | (sampled_gnn, metric_val) = (['ssg', 'gin', 2, 'global_max_pool', 3500], 0.776595744680851)
INFO:nas.trainer:eval | (sampled_gnn, metric_val) = (['gmm', 'gcn', 2, 'global_max_pool', 8000], 0.8085106382978723)
INFO:nas.trainer:eval | (sampled_gnn, metric_val) = (['gcn', 'gmm', 2, 'global_add_pool', 6500], 0.7978723404255319)
INFO:nas.trainer:eval | (sampled_gnn, metric_val) = (['gmm', 'ssg', 2, 'global_add_pool', 4500], 0.8723404255319149)
INFO:nas.trainer:eval | (sampled_gnn, metric_val) = (['gcn', 'gat', 2, 'global_mean_pool', 6500], 0.851063829787234)
INFO:nas.trainer:eval | (sampled_gnn, metric_val) = (['gmm', 'gmm', 2, 'global_max_pool', 5000], 0.7978723404255319)
INFO:nas.trainer:eval | (sampled_gnn, metric_val) = (['tag', 'gat', 2, 'global_add_pool', 5500], 0.776595744680851)
INFO:nas.trainer:train | 2 era_time 9890.524569034576
INFO:nas.trainer:eval | (sampled_gnn, metric_val) = (['tag', 'tag', 2, 'global_add_pool', 4000], 0.7978723404255319)
INFO:nas.trainer:eval | (sampled_gnn, metric_val) = (['gmm', 'gmm', 2, 'global_max_pool', 3500], 0.8297872340425532)
INFO:nas.trainer:eval | (sampled_gnn, metric_val) = (['gin', 'gin', 2, 'global_add_pool', 7500], 0.776595744680851)
INFO:nas.trainer:eval | (sampled_gnn, metric_val) = (['tag', 'gmm', 2, 'global_max_pool', 3500], 0.7553191489361702)
INFO:nas.trainer:eval | (sampled_gnn, metric_val) = (['tag', 'ssg', 2, 'global_add_pool', 3500], 0.8191489361702128)
INFO:nas.trainer:eval | (sampled_gnn, metric_val) = (['gin', 'ssg', 2, 'global_add_pool', 7000], 0.8723404255319149)
INFO:nas.trainer:eval | (sampled_gnn, metric_val) = (['ssg', 'gat', 2, 'global_mean_pool', 3000], 0.851063829787234)
INFO:nas.trainer:eval | (sampled_gnn, metric_val) = (['sg', 'tag', 2, 'global_mean_pool', 3000], 0.8617021276595744)
INFO:nas.trainer:eval | (sampled_gnn, metric_val) = (['gmm', 'sg', 2, 'global_mean_pool', 8000], 0.8617021276595744)
INFO:nas.trainer:eval | (sampled_gnn, metric_val) = (['gin', 'tag', 2, 'global_max_pool', 5500], 0.8085106382978723)
INFO:nas.trainer:eval | (sampled_gnn, metric_val) = (['tag', 'gat', 2, 'global_mean_pool', 4500], 0.8617021276595744)
INFO:nas.trainer:eval | (sampled_gnn, metric_val) = (['gcn', 'sage', 2, 'global_max_pool', 8000], 0.7978723404255319)
INFO:nas.trainer:eval | (sampled_gnn, metric_val) = (['gin', 'gmm', 2, 'global_add_pool', 5000], 0.776595744680851)
INFO:nas.trainer:eval | (sampled_gnn, metric_val) = (['ssg', 'gcn', 2, 'global_mean_pool', 5000], 0.8404255319148937)
INFO:nas.trainer:eval | (sampled_gnn, metric_val) = (['sg', 'gin', 2, 'global_mean_pool', 6500], 0.5106382978723404)
INFO:nas.trainer:eval | (sampled_gnn, metric_val) = (['gmm', 'sg', 2, 'global_max_pool', 3500], 0.8404255319148937)
INFO:nas.trainer:eval | (sampled_gnn, metric_val) = (['gat', 'sg', 2, 'global_max_pool', 3500], 0.776595744680851)
INFO:nas.trainer:eval | (sampled_gnn, metric_val) = (['gin', 'gmm', 2, 'global_add_pool', 5000], 0.8297872340425532)
INFO:nas.trainer:eval | (sampled_gnn, metric_val) = (['ssg', 'gin', 2, 'global_max_pool', 6500], 0.776595744680851)
INFO:nas.trainer:eval | (sampled_gnn, metric_val) = (['gin', 'ssg', 2, 'global_add_pool', 3000], 0.8191489361702128)
INFO:nas.trainer:train | 3 era_time 8640.213571310043
INFO:nas.trainer:eval | (sampled_gnn, metric_val) = (['tag', 'tag', 2, 'global_add_pool', 4500], 0.8404255319148937)
INFO:nas.trainer:eval | (sampled_gnn, metric_val) = (['sg', 'gcn', 2, 'global_max_pool', 7000], 0.851063829787234)
INFO:nas.trainer:eval | (sampled_gnn, metric_val) = (['sage', 'sage', 2, 'global_max_pool', 4000], 0.7978723404255319)
INFO:nas.trainer:eval | (sampled_gnn, metric_val) = (['sage', 'gcn', 2, 'global_mean_pool', 5000], 0.8085106382978723)
INFO:nas.trainer:eval | (sampled_gnn, metric_val) = (['ssg', 'sg', 2, 'global_add_pool', 6000], 0.851063829787234)
INFO:nas.trainer:eval | (sampled_gnn, metric_val) = (['tag', 'sg', 2, 'global_add_pool', 4500], 0.8404255319148937)
INFO:nas.trainer:eval | (sampled_gnn, metric_val) = (['gmm', 'gat', 2, 'global_max_pool', 4000], 0.8723404255319149)
INFO:nas.trainer:eval | (sampled_gnn, metric_val) = (['tag', 'gat', 2, 'global_max_pool', 3500], 0.7659574468085106)
INFO:nas.trainer:eval | (sampled_gnn, metric_val) = (['sg', 'sg', 2, 'global_mean_pool', 5500], 0.8297872340425532)
INFO:nas.trainer:eval | (sampled_gnn, metric_val) = (['tag', 'ssg', 2, 'global_max_pool', 4500], 0.776595744680851)
INFO:nas.trainer:eval | (sampled_gnn, metric_val) = (['sg', 'gcn', 2, 'global_add_pool', 5000], 0.8297872340425532)
INFO:nas.trainer:eval | (sampled_gnn, metric_val) = (['gcn', 'gat', 2, 'global_mean_pool', 4000], 0.851063829787234)
INFO:nas.trainer:eval | (sampled_gnn, metric_val) = (['gat', 'tag', 2, 'global_mean_pool', 8000], 0.851063829787234)
INFO:nas.trainer:eval | (sampled_gnn, metric_val) = (['sage', 'gat', 2, 'global_add_pool', 3000], 0.8191489361702128)
INFO:nas.trainer:eval | (sampled_gnn, metric_val) = (['sage', 'sg', 2, 'global_mean_pool', 3500], 0.8085106382978723)
INFO:nas.trainer:eval | (sampled_gnn, metric_val) = (['gmm', 'tag', 2, 'global_max_pool', 5500], 0.8297872340425532)
INFO:nas.trainer:eval | (sampled_gnn, metric_val) = (['gcn', 'gin', 2, 'global_max_pool', 5500], 0.776595744680851)
INFO:nas.trainer:eval | (sampled_gnn, metric_val) = (['sage', 'gcn', 2, 'global_mean_pool', 5000], 0.8297872340425532)
INFO:nas.trainer:eval | (sampled_gnn, metric_val) = (['gmm', 'gcn', 2, 'global_max_pool', 4000], 0.7659574468085106)
INFO:nas.trainer:eval | (sampled_gnn, metric_val) = (['sg', 'gmm', 2, 'global_max_pool', 4500], 0.851063829787234)
INFO:nas.trainer:train | 4 era_time 8541.239995718002
INFO:nas.trainer:eval | (sampled_gnn, metric_val) = (['tag', 'tag', 2, 'global_max_pool', 6500], 0.7872340425531915)
INFO:nas.trainer:eval | (sampled_gnn, metric_val) = (['gat', 'sage', 2, 'global_mean_pool', 6000], 0.8085106382978723)
INFO:nas.trainer:eval | (sampled_gnn, metric_val) = (['tag', 'gcn', 2, 'global_max_pool', 8000], 0.8085106382978723)
INFO:nas.trainer:eval | (sampled_gnn, metric_val) = (['tag', 'gin', 2, 'global_max_pool', 4000], 0.7978723404255319)
INFO:nas.trainer:eval | (sampled_gnn, metric_val) = (['gcn', 'sage', 2, 'global_mean_pool', 4000], 0.8404255319148937)
INFO:nas.trainer:eval | (sampled_gnn, metric_val) = (['ssg', 'gat', 2, 'global_max_pool', 4500], 0.8191489361702128)
INFO:nas.trainer:eval | (sampled_gnn, metric_val) = (['tag', 'ssg', 2, 'global_mean_pool', 4500], 0.7872340425531915)
INFO:nas.trainer:eval | (sampled_gnn, metric_val) = (['sg', 'gmm', 2, 'global_max_pool', 5500], 0.8297872340425532)
INFO:nas.trainer:eval | (sampled_gnn, metric_val) = (['gin', 'gmm', 2, 'global_add_pool', 6000], 0.8085106382978723)
INFO:nas.trainer:eval | (sampled_gnn, metric_val) = (['ssg', 'sg', 2, 'global_max_pool', 6500], 0.8191489361702128)
INFO:nas.trainer:eval | (sampled_gnn, metric_val) = (['sg', 'gat', 2, 'global_add_pool', 5500], 0.8723404255319149)
INFO:nas.trainer:eval | (sampled_gnn, metric_val) = (['gin', 'gcn', 2, 'global_mean_pool', 5000], 0.3404255319148936)
INFO:nas.trainer:eval | (sampled_gnn, metric_val) = (['sage', 'gat', 2, 'global_mean_pool', 5500], 0.7659574468085106)
INFO:nas.trainer:eval | (sampled_gnn, metric_val) = (['sage', 'ssg', 2, 'global_add_pool', 3500], 0.8085106382978723)
INFO:nas.trainer:eval | (sampled_gnn, metric_val) = (['gin', 'tag', 2, 'global_mean_pool', 8000], 0.7446808510638298)
INFO:nas.trainer:eval | (sampled_gnn, metric_val) = (['sg', 'ssg', 2, 'global_mean_pool', 4000], 0.8723404255319149)
INFO:nas.trainer:eval | (sampled_gnn, metric_val) = (['gin', 'gmm', 2, 'global_max_pool', 7500], 0.7659574468085106)
INFO:nas.trainer:eval | (sampled_gnn, metric_val) = (['ssg', 'sg', 2, 'global_mean_pool', 6500], 0.8404255319148937)
INFO:nas.trainer:eval | (sampled_gnn, metric_val) = (['gin', 'gin', 2, 'global_max_pool', 6500], 0.7553191489361702)
INFO:nas.trainer:eval | (sampled_gnn, metric_val) = (['sg', 'gin', 2, 'global_max_pool', 8000], 0.44680851063829785)
INFO:nas.trainer:train | 5 era_time 10331.539644479752
INFO:nas.trainer:eval | (sampled_gnn, metric_val) = (['ssg', 'gcn', 2, 'global_add_pool', 4500], 0.851063829787234)
INFO:nas.trainer:eval | (sampled_gnn, metric_val) = (['tag', 'ssg', 2, 'global_add_pool', 5500], 0.8297872340425532)
INFO:nas.trainer:eval | (sampled_gnn, metric_val) = (['gat', 'gmm', 2, 'global_max_pool', 3500], 0.8404255319148937)
INFO:nas.trainer:eval | (sampled_gnn, metric_val) = (['gin', 'gin', 2, 'global_mean_pool', 6000], 0.851063829787234)
INFO:nas.trainer:eval | (sampled_gnn, metric_val) = (['gmm', 'gat', 2, 'global_max_pool', 3500], 0.776595744680851)
INFO:nas.trainer:eval | (sampled_gnn, metric_val) = (['gin', 'gmm', 2, 'global_max_pool', 3000], 0.776595744680851)
INFO:nas.trainer:eval | (sampled_gnn, metric_val) = (['gmm', 'gmm', 2, 'global_max_pool', 7000], 0.8617021276595744)
INFO:nas.trainer:eval | (sampled_gnn, metric_val) = (['gcn', 'gin', 2, 'global_mean_pool', 5500], 0.5638297872340425)
INFO:nas.trainer:eval | (sampled_gnn, metric_val) = (['gin', 'ssg', 2, 'global_add_pool', 7000], 0.8191489361702128)
INFO:nas.trainer:eval | (sampled_gnn, metric_val) = (['ssg', 'gin', 2, 'global_max_pool', 3500], 0.7553191489361702)
INFO:nas.trainer:eval | (sampled_gnn, metric_val) = (['gmm', 'gat', 2, 'global_mean_pool', 6500], 0.8191489361702128)
INFO:nas.trainer:eval | (sampled_gnn, metric_val) = (['ssg', 'gin', 2, 'global_mean_pool', 5500], 0.7340425531914894)
INFO:nas.trainer:eval | (sampled_gnn, metric_val) = (['sage', 'gcn', 2, 'global_add_pool', 5000], 0.8191489361702128)
INFO:nas.trainer:eval | (sampled_gnn, metric_val) = (['ssg', 'ssg', 2, 'global_mean_pool', 5500], 0.8723404255319149)
INFO:nas.trainer:eval | (sampled_gnn, metric_val) = (['sage', 'tag', 2, 'global_max_pool', 3500], 0.8297872340425532)
INFO:nas.trainer:eval | (sampled_gnn, metric_val) = (['ssg', 'tag', 2, 'global_add_pool', 7500], 0.8297872340425532)
INFO:nas.trainer:eval | (sampled_gnn, metric_val) = (['gin', 'sage', 2, 'global_mean_pool', 7500], 0.776595744680851)
INFO:nas.trainer:eval | (sampled_gnn, metric_val) = (['sg', 'gmm', 2, 'global_mean_pool', 7500], 0.7978723404255319)
INFO:nas.trainer:eval | (sampled_gnn, metric_val) = (['sg', 'gmm', 2, 'global_mean_pool', 3500], 0.851063829787234)
INFO:nas.trainer:eval | (sampled_gnn, metric_val) = (['sage', 'sage', 2, 'global_add_pool', 7500], 0.7978723404255319)
INFO:nas.trainer:train | 6 era_time 9415.186987400055
INFO:nas.trainer:eval | (sampled_gnn, metric_val) = (['gcn', 'ssg', 2, 'global_max_pool', 7500], 0.776595744680851)
INFO:nas.trainer:eval | (sampled_gnn, metric_val) = (['tag', 'gcn', 2, 'global_max_pool', 8000], 0.723404255319149)
INFO:nas.trainer:eval | (sampled_gnn, metric_val) = (['gat', 'tag', 2, 'global_max_pool', 6500], 0.8085106382978723)
INFO:nas.trainer:eval | (sampled_gnn, metric_val) = (['gin', 'gat', 2, 'global_max_pool', 6500], 0.8085106382978723)
INFO:nas.trainer:eval | (sampled_gnn, metric_val) = (['gat', 'gcn', 2, 'global_max_pool', 6500], 0.8404255319148937)
INFO:nas.trainer:eval | (sampled_gnn, metric_val) = (['tag', 'gmm', 2, 'global_max_pool', 6500], 0.7127659574468085)
INFO:nas.trainer:eval | (sampled_gnn, metric_val) = (['sage', 'sage', 2, 'global_max_pool', 4500], 0.776595744680851)
INFO:nas.trainer:eval | (sampled_gnn, metric_val) = (['tag', 'ssg', 2, 'global_max_pool', 5500], 0.7978723404255319)
INFO:nas.trainer:eval | (sampled_gnn, metric_val) = (['sage', 'gcn', 2, 'global_mean_pool', 6000], 0.8297872340425532)
INFO:nas.trainer:eval | (sampled_gnn, metric_val) = (['ssg', 'sage', 2, 'global_max_pool', 6500], 0.7553191489361702)
INFO:nas.trainer:eval | (sampled_gnn, metric_val) = (['gin', 'tag', 2, 'global_mean_pool', 4500], 0.7872340425531915)
INFO:nas.trainer:eval | (sampled_gnn, metric_val) = (['gcn', 'gmm', 2, 'global_add_pool', 6500], 0.8297872340425532)
INFO:nas.trainer:eval | (sampled_gnn, metric_val) = (['tag', 'gin', 2, 'global_mean_pool', 6500], 0.7446808510638298)
INFO:nas.trainer:eval | (sampled_gnn, metric_val) = (['ssg', 'sg', 2, 'global_add_pool', 6000], 0.8723404255319149)
INFO:nas.trainer:eval | (sampled_gnn, metric_val) = (['sage', 'ssg', 2, 'global_add_pool', 5500], 0.8297872340425532)
INFO:nas.trainer:eval | (sampled_gnn, metric_val) = (['gcn', 'tag', 2, 'global_mean_pool', 3500], 0.7978723404255319)
INFO:nas.trainer:eval | (sampled_gnn, metric_val) = (['sage', 'gcn', 2, 'global_mean_pool', 4000], 0.8191489361702128)
INFO:nas.trainer:eval | (sampled_gnn, metric_val) = (['sage', 'ssg', 2, 'global_max_pool', 5000], 0.7659574468085106)
INFO:nas.trainer:eval | (sampled_gnn, metric_val) = (['ssg', 'sage', 2, 'global_add_pool', 4500], 0.8723404255319149)
INFO:nas.trainer:eval | (sampled_gnn, metric_val) = (['gmm', 'sg', 2, 'global_max_pool', 7500], 0.776595744680851)
INFO:nas.trainer:train | 7 era_time 10277.803542375565
INFO:nas.trainer:eval | (sampled_gnn, metric_val) = (['gmm', 'sg', 2, 'global_mean_pool', 5500], 0.8085106382978723)
INFO:nas.trainer:eval | (sampled_gnn, metric_val) = (['gat', 'sage', 2, 'global_mean_pool', 7500], 0.8404255319148937)
INFO:nas.trainer:eval | (sampled_gnn, metric_val) = (['gmm', 'ssg', 2, 'global_add_pool', 5000], 0.8191489361702128)
INFO:nas.trainer:eval | (sampled_gnn, metric_val) = (['sg', 'gmm', 2, 'global_max_pool', 5500], 0.776595744680851)
INFO:nas.trainer:eval | (sampled_gnn, metric_val) = (['gat', 'gat', 2, 'global_max_pool', 8000], 0.8191489361702128)
INFO:nas.trainer:eval | (sampled_gnn, metric_val) = (['gat', 'ssg', 2, 'global_max_pool', 6000], 0.8404255319148937)
INFO:nas.trainer:eval | (sampled_gnn, metric_val) = (['ssg', 'ssg', 2, 'global_mean_pool', 8000], 0.8191489361702128)
INFO:nas.trainer:eval | (sampled_gnn, metric_val) = (['sg', 'sg', 2, 'global_add_pool', 4500], 0.851063829787234)
INFO:nas.trainer:eval | (sampled_gnn, metric_val) = (['ssg', 'sg', 2, 'global_add_pool', 6500], 0.8723404255319149)
INFO:nas.trainer:eval | (sampled_gnn, metric_val) = (['gmm', 'tag', 2, 'global_max_pool', 5000], 0.7978723404255319)
INFO:nas.trainer:eval | (sampled_gnn, metric_val) = (['gat', 'ssg', 2, 'global_mean_pool', 6500], 0.8404255319148937)
INFO:nas.trainer:eval | (sampled_gnn, metric_val) = (['gcn', 'gmm', 2, 'global_max_pool', 3500], 0.7978723404255319)
INFO:nas.trainer:eval | (sampled_gnn, metric_val) = (['gin', 'gat', 2, 'global_mean_pool', 8000], 0.8297872340425532)
INFO:nas.trainer:eval | (sampled_gnn, metric_val) = (['tag', 'sage', 2, 'global_mean_pool', 6500], 0.7872340425531915)
INFO:nas.trainer:eval | (sampled_gnn, metric_val) = (['gmm', 'tag', 2, 'global_add_pool', 5000], 0.8191489361702128)
INFO:nas.trainer:eval | (sampled_gnn, metric_val) = (['ssg', 'tag', 2, 'global_add_pool', 7000], 0.851063829787234)
INFO:nas.trainer:eval | (sampled_gnn, metric_val) = (['tag', 'gin', 2, 'global_mean_pool', 6500], 0.7872340425531915)
INFO:nas.trainer:eval | (sampled_gnn, metric_val) = (['ssg', 'gmm', 2, 'global_mean_pool', 7000], 0.851063829787234)
INFO:nas.trainer:eval | (sampled_gnn, metric_val) = (['gat', 'gin', 2, 'global_max_pool', 3000], 0.7872340425531915)
INFO:nas.trainer:eval | (sampled_gnn, metric_val) = (['gat', 'sage', 2, 'global_max_pool', 5000], 0.7340425531914894)
INFO:nas.trainer:train | 8 era_time 11048.275772571564
INFO:nas.trainer:eval | (sampled_gnn, metric_val) = (['gmm', 'sg', 2, 'global_max_pool', 3500], 0.7659574468085106)
INFO:nas.trainer:eval | (sampled_gnn, metric_val) = (['gin', 'ssg', 2, 'global_max_pool', 7500], 0.776595744680851)
INFO:nas.trainer:eval | (sampled_gnn, metric_val) = (['sage', 'ssg', 2, 'global_mean_pool', 4500], 0.7978723404255319)
INFO:nas.trainer:eval | (sampled_gnn, metric_val) = (['gmm', 'ssg', 2, 'global_mean_pool', 7000], 0.851063829787234)
INFO:nas.trainer:eval | (sampled_gnn, metric_val) = (['gin', 'ssg', 2, 'global_mean_pool', 3000], 0.5)
INFO:nas.trainer:eval | (sampled_gnn, metric_val) = (['gmm', 'sage', 2, 'global_add_pool', 5500], 0.8191489361702128)
INFO:nas.trainer:eval | (sampled_gnn, metric_val) = (['sg', 'gat', 2, 'global_add_pool', 3500], 0.8085106382978723)
INFO:nas.trainer:eval | (sampled_gnn, metric_val) = (['sg', 'sage', 2, 'global_mean_pool', 3500], 0.851063829787234)
INFO:nas.trainer:eval | (sampled_gnn, metric_val) = (['sg', 'sg', 2, 'global_mean_pool', 5500], 0.8297872340425532)
INFO:nas.trainer:eval | (sampled_gnn, metric_val) = (['gin', 'ssg', 2, 'global_max_pool', 5000], 0.7021276595744681)
INFO:nas.trainer:eval | (sampled_gnn, metric_val) = (['ssg', 'gin', 2, 'global_add_pool', 6000], 0.3723404255319149)
INFO:nas.trainer:eval | (sampled_gnn, metric_val) = (['tag', 'gin', 2, 'global_add_pool', 3500], 0.7872340425531915)
INFO:nas.trainer:eval | (sampled_gnn, metric_val) = (['gin', 'sg', 2, 'global_max_pool', 4500], 0.7978723404255319)
INFO:nas.trainer:eval | (sampled_gnn, metric_val) = (['gin', 'gmm', 2, 'global_max_pool', 7500], 0.7659574468085106)
INFO:nas.trainer:eval | (sampled_gnn, metric_val) = (['gin', 'gat', 2, 'global_mean_pool', 5500], 0.8297872340425532)
INFO:nas.trainer:eval | (sampled_gnn, metric_val) = (['gin', 'gin', 2, 'global_max_pool', 4500], 0.7553191489361702)
INFO:nas.trainer:eval | (sampled_gnn, metric_val) = (['sage', 'ssg', 2, 'global_mean_pool', 5500], 0.7978723404255319)
INFO:nas.trainer:eval | (sampled_gnn, metric_val) = (['ssg', 'sage', 2, 'global_mean_pool', 3500], 0.8404255319148937)
INFO:nas.trainer:eval | (sampled_gnn, metric_val) = (['sage', 'gin', 2, 'global_mean_pool', 5000], 0.8191489361702128)
INFO:nas.trainer:eval | (sampled_gnn, metric_val) = (['gat', 'gin', 2, 'global_mean_pool', 8000], 0.8723404255319149)
INFO:nas.trainer:train | 9 era_time 8893.242280006409
INFO:nas.trainer:eval | (sampled_gnn, metric_val) = (['sg', 'gmm', 2, 'global_mean_pool', 4500], 0.8191489361702128)
INFO:nas.trainer:eval | (sampled_gnn, metric_val) = (['gcn', 'gat', 2, 'global_max_pool', 5000], 0.776595744680851)
INFO:nas.trainer:eval | (sampled_gnn, metric_val) = (['gmm', 'tag', 2, 'global_mean_pool', 5000], 0.8085106382978723)
INFO:nas.trainer:eval | (sampled_gnn, metric_val) = (['gmm', 'sg', 2, 'global_max_pool', 7500], 0.8191489361702128)
INFO:nas.trainer:eval | (sampled_gnn, metric_val) = (['gmm', 'gin', 2, 'global_max_pool', 6000], 0.7553191489361702)
INFO:nas.trainer:eval | (sampled_gnn, metric_val) = (['gat', 'gin', 2, 'global_max_pool', 5000], 0.7872340425531915)
INFO:nas.trainer:eval | (sampled_gnn, metric_val) = (['gat', 'gin', 2, 'global_mean_pool', 7000], 0.851063829787234)
INFO:nas.trainer:eval | (sampled_gnn, metric_val) = (['gmm', 'sg', 2, 'global_add_pool', 8000], 0.8297872340425532)
INFO:nas.trainer:eval | (sampled_gnn, metric_val) = (['tag', 'gat', 2, 'global_add_pool', 6000], 0.7659574468085106)
INFO:nas.trainer:eval | (sampled_gnn, metric_val) = (['gin', 'gcn', 2, 'global_mean_pool', 5000], 0.8404255319148937)
INFO:nas.trainer:eval | (sampled_gnn, metric_val) = (['sage', 'gin', 2, 'global_add_pool', 7000], 0.18085106382978725)
INFO:nas.trainer:eval | (sampled_gnn, metric_val) = (['gcn', 'gcn', 2, 'global_mean_pool', 3000], 0.851063829787234)
INFO:nas.trainer:eval | (sampled_gnn, metric_val) = (['ssg', 'ssg', 2, 'global_add_pool', 7000], 0.8617021276595744)
INFO:nas.trainer:eval | (sampled_gnn, metric_val) = (['gin', 'gin', 2, 'global_add_pool', 7000], 0.7872340425531915)
INFO:nas.trainer:eval | (sampled_gnn, metric_val) = (['sg', 'sg', 2, 'global_add_pool', 3000], 0.8297872340425532)
INFO:nas.trainer:eval | (sampled_gnn, metric_val) = (['tag', 'sage', 2, 'global_max_pool', 3000], 0.7659574468085106)
INFO:nas.trainer:eval | (sampled_gnn, metric_val) = (['gat', 'gcn', 2, 'global_mean_pool', 7000], 0.851063829787234)
INFO:nas.trainer:eval | (sampled_gnn, metric_val) = (['sage', 'sage', 2, 'global_add_pool', 4000], 0.7978723404255319)
INFO:nas.trainer:eval | (sampled_gnn, metric_val) = (['tag', 'tag', 2, 'global_mean_pool', 4500], 0.7978723404255319)
INFO:nas.trainer:eval | (sampled_gnn, metric_val) = (['ssg', 'tag', 2, 'global_max_pool', 4000], 0.7978723404255319)
INFO:nas.trainer:train | 10 era_time 9745.404515743256
INFO:nas.trainer:eval | (sampled_gnn, metric_val) = (['gmm', 'ssg', 2, 'global_max_pool', 4500], 0.7872340425531915)
INFO:nas.trainer:eval | (sampled_gnn, metric_val) = (['sage', 'gmm', 2, 'global_max_pool', 5500], 0.7978723404255319)
INFO:nas.trainer:eval | (sampled_gnn, metric_val) = (['sage', 'sage', 2, 'global_max_pool', 7500], 0.776595744680851)
INFO:nas.trainer:eval | (sampled_gnn, metric_val) = (['sage', 'tag', 2, 'global_max_pool', 6500], 0.8085106382978723)
INFO:nas.trainer:eval | (sampled_gnn, metric_val) = (['gcn', 'sage', 2, 'global_add_pool', 5500], 0.7872340425531915)
INFO:nas.trainer:eval | (sampled_gnn, metric_val) = (['tag', 'ssg', 2, 'global_max_pool', 7500], 0.7553191489361702)
INFO:nas.trainer:eval | (sampled_gnn, metric_val) = (['sg', 'gin', 2, 'global_add_pool', 5500], 0.6808510638297872)
INFO:nas.trainer:eval | (sampled_gnn, metric_val) = (['sage', 'tag', 2, 'global_max_pool', 7000], 0.8085106382978723)
INFO:nas.trainer:eval | (sampled_gnn, metric_val) = (['gat', 'gcn', 2, 'global_mean_pool', 5000], 0.851063829787234)
INFO:nas.trainer:eval | (sampled_gnn, metric_val) = (['tag', 'gat', 2, 'global_mean_pool', 5500], 0.776595744680851)
INFO:nas.trainer:eval | (sampled_gnn, metric_val) = (['sage', 'tag', 2, 'global_add_pool', 6500], 0.7978723404255319)
INFO:nas.trainer:eval | (sampled_gnn, metric_val) = (['ssg', 'gcn', 2, 'global_add_pool', 4500], 0.8617021276595744)
INFO:nas.trainer:eval | (sampled_gnn, metric_val) = (['gin', 'tag', 2, 'global_add_pool', 3000], 0.8085106382978723)
INFO:nas.trainer:eval | (sampled_gnn, metric_val) = (['ssg', 'gmm', 2, 'global_max_pool', 4000], 0.7872340425531915)
INFO:nas.trainer:eval | (sampled_gnn, metric_val) = (['gcn', 'gcn', 2, 'global_mean_pool', 7500], 0.8404255319148937)
INFO:nas.trainer:eval | (sampled_gnn, metric_val) = (['ssg', 'ssg', 2, 'global_mean_pool', 6000], 0.851063829787234)
INFO:nas.trainer:eval | (sampled_gnn, metric_val) = (['sg', 'gin', 2, 'global_max_pool', 3500], 0.7340425531914894)
INFO:nas.trainer:eval | (sampled_gnn, metric_val) = (['sg', 'sage', 2, 'global_mean_pool', 6500], 0.8404255319148937)
INFO:nas.trainer:eval | (sampled_gnn, metric_val) = (['ssg', 'sg', 2, 'global_mean_pool', 7000], 0.8404255319148937)
INFO:nas.trainer:eval | (sampled_gnn, metric_val) = (['gmm', 'gat', 2, 'global_add_pool', 7000], 0.8297872340425532)
INFO:nas.trainer:train | 11 era_time 10126.22910284996
INFO:nas.trainer:eval | (sampled_gnn, metric_val) = (['sage', 'gin', 2, 'global_add_pool', 8000], 0.8297872340425532)
INFO:nas.trainer:eval | (sampled_gnn, metric_val) = (['gmm', 'gat', 2, 'global_max_pool', 5500], 0.7872340425531915)
INFO:nas.trainer:eval | (sampled_gnn, metric_val) = (['gmm', 'tag', 2, 'global_mean_pool', 7000], 0.776595744680851)
INFO:nas.trainer:eval | (sampled_gnn, metric_val) = (['ssg', 'gcn', 2, 'global_max_pool', 5500], 0.7659574468085106)
INFO:nas.trainer:eval | (sampled_gnn, metric_val) = (['gcn', 'sage', 2, 'global_add_pool', 5000], 0.8191489361702128)
INFO:nas.trainer:eval | (sampled_gnn, metric_val) = (['gin', 'gat', 2, 'global_mean_pool', 6500], 0.7446808510638298)
INFO:nas.trainer:eval | (sampled_gnn, metric_val) = (['gmm', 'gcn', 2, 'global_add_pool', 3500], 0.8297872340425532)
INFO:nas.trainer:eval | (sampled_gnn, metric_val) = (['sg', 'gin', 2, 'global_add_pool', 8000], 0.851063829787234)
INFO:nas.trainer:eval | (sampled_gnn, metric_val) = (['gin', 'tag', 2, 'global_mean_pool', 4500], 0.6276595744680851)
INFO:nas.trainer:eval | (sampled_gnn, metric_val) = (['gat', 'gcn', 2, 'global_add_pool', 5000], 0.8085106382978723)
INFO:nas.trainer:eval | (sampled_gnn, metric_val) = (['gat', 'gat', 2, 'global_add_pool', 6500], 0.8404255319148937)
INFO:nas.trainer:eval | (sampled_gnn, metric_val) = (['sg', 'gmm', 2, 'global_add_pool', 8000], 0.8191489361702128)
INFO:nas.trainer:eval | (sampled_gnn, metric_val) = (['ssg', 'gcn', 2, 'global_add_pool', 4000], 0.9042553191489362)
INFO:nas.trainer:eval | (sampled_gnn, metric_val) = (['tag', 'tag', 2, 'global_max_pool', 4000], 0.7872340425531915)
INFO:nas.trainer:eval | (sampled_gnn, metric_val) = (['tag', 'gmm', 2, 'global_mean_pool', 5000], 0.7872340425531915)
INFO:nas.trainer:eval | (sampled_gnn, metric_val) = (['sg', 'sage', 2, 'global_max_pool', 3500], 0.7553191489361702)
INFO:nas.trainer:eval | (sampled_gnn, metric_val) = (['sg', 'sg', 2, 'global_mean_pool', 8000], 0.851063829787234)
INFO:nas.trainer:eval | (sampled_gnn, metric_val) = (['gmm', 'tag', 2, 'global_mean_pool', 4500], 0.8297872340425532)
INFO:nas.trainer:eval | (sampled_gnn, metric_val) = (['gat', 'sage', 2, 'global_add_pool', 3500], 0.8404255319148937)
INFO:nas.trainer:eval | (sampled_gnn, metric_val) = (['gat', 'tag', 2, 'global_max_pool', 6500], 0.7446808510638298)
INFO:nas.trainer:train | 12 era_time 10281.499534130096
INFO:nas.trainer:eval | (sampled_gnn, metric_val) = (['gat', 'ssg', 2, 'global_add_pool', 7500], 0.8191489361702128)
INFO:nas.trainer:eval | (sampled_gnn, metric_val) = (['sg', 'ssg', 2, 'global_mean_pool', 4000], 0.851063829787234)
INFO:nas.trainer:eval | (sampled_gnn, metric_val) = (['ssg', 'sg', 2, 'global_add_pool', 4000], 0.8617021276595744)
INFO:nas.trainer:eval | (sampled_gnn, metric_val) = (['gmm', 'sage', 2, 'global_add_pool', 6000], 0.8297872340425532)
INFO:nas.trainer:eval | (sampled_gnn, metric_val) = (['tag', 'tag', 2, 'global_max_pool', 3000], 0.7978723404255319)
INFO:nas.trainer:eval | (sampled_gnn, metric_val) = (['gmm', 'sage', 2, 'global_mean_pool', 6000], 0.851063829787234)
INFO:nas.trainer:eval | (sampled_gnn, metric_val) = (['ssg', 'gcn', 2, 'global_max_pool', 5500], 0.8085106382978723)
INFO:nas.trainer:eval | (sampled_gnn, metric_val) = (['tag', 'gcn', 2, 'global_add_pool', 8000], 0.7446808510638298)
INFO:nas.trainer:eval | (sampled_gnn, metric_val) = (['sage', 'gcn', 2, 'global_mean_pool', 7500], 0.8191489361702128)
INFO:nas.trainer:eval | (sampled_gnn, metric_val) = (['gmm', 'gmm', 2, 'global_mean_pool', 3000], 0.8191489361702128)
INFO:nas.trainer:eval | (sampled_gnn, metric_val) = (['gcn', 'sg', 2, 'global_add_pool', 3500], 0.8297872340425532)
INFO:nas.trainer:eval | (sampled_gnn, metric_val) = (['ssg', 'gat', 2, 'global_max_pool', 3500], 0.8085106382978723)
INFO:nas.trainer:eval | (sampled_gnn, metric_val) = (['tag', 'gcn', 2, 'global_add_pool', 7500], 0.8404255319148937)
INFO:nas.trainer:eval | (sampled_gnn, metric_val) = (['gat', 'gat', 2, 'global_mean_pool', 7000], 0.8297872340425532)
INFO:nas.trainer:eval | (sampled_gnn, metric_val) = (['gin', 'tag', 2, 'global_mean_pool', 3500], 0.7553191489361702)
INFO:nas.trainer:eval | (sampled_gnn, metric_val) = (['gmm', 'ssg', 2, 'global_max_pool', 5500], 0.7659574468085106)
INFO:nas.trainer:eval | (sampled_gnn, metric_val) = (['sage', 'ssg', 2, 'global_add_pool', 4500], 0.8297872340425532)
INFO:nas.trainer:eval | (sampled_gnn, metric_val) = (['tag', 'gmm', 2, 'global_add_pool', 6000], 0.8191489361702128)
INFO:nas.trainer:eval | (sampled_gnn, metric_val) = (['ssg', 'gat', 2, 'global_max_pool', 7000], 0.776595744680851)
INFO:nas.trainer:eval | (sampled_gnn, metric_val) = (['gin', 'gin', 2, 'global_max_pool', 6000], 0.7659574468085106)
INFO:nas.trainer:train | 13 era_time 9747.918311834335
INFO:nas.trainer:eval | (sampled_gnn, metric_val) = (['gin', 'gmm', 2, 'global_add_pool', 3000], 0.8085106382978723)
INFO:nas.trainer:eval | (sampled_gnn, metric_val) = (['tag', 'tag', 2, 'global_mean_pool', 7500], 0.8085106382978723)
INFO:nas.trainer:eval | (sampled_gnn, metric_val) = (['tag', 'gmm', 2, 'global_mean_pool', 3500], 0.8191489361702128)
INFO:nas.trainer:eval | (sampled_gnn, metric_val) = (['sg', 'ssg', 2, 'global_max_pool', 4500], 0.7978723404255319)
INFO:nas.trainer:eval | (sampled_gnn, metric_val) = (['sage', 'sage', 2, 'global_max_pool', 3000], 0.776595744680851)
INFO:nas.trainer:eval | (sampled_gnn, metric_val) = (['tag', 'sage', 2, 'global_add_pool', 3000], 0.9042553191489362)
INFO:nas.trainer:eval | (sampled_gnn, metric_val) = (['sage', 'sage', 2, 'global_add_pool', 4500], 0.8191489361702128)
INFO:nas.trainer:eval | (sampled_gnn, metric_val) = (['gin', 'sg', 2, 'global_max_pool', 3000], 0.7340425531914894)
INFO:nas.trainer:eval | (sampled_gnn, metric_val) = (['tag', 'gmm', 2, 'global_max_pool', 5500], 0.776595744680851)
INFO:nas.trainer:eval | (sampled_gnn, metric_val) = (['gin', 'gcn', 2, 'global_max_pool', 5000], 0.7446808510638298)
INFO:nas.trainer:eval | (sampled_gnn, metric_val) = (['gcn', 'sg', 2, 'global_mean_pool', 3500], 0.8723404255319149)
INFO:nas.trainer:eval | (sampled_gnn, metric_val) = (['sg', 'gcn', 2, 'global_add_pool', 8000], 0.8297872340425532)
INFO:nas.trainer:eval | (sampled_gnn, metric_val) = (['tag', 'sg', 2, 'global_add_pool', 4500], 0.7659574468085106)
INFO:nas.trainer:eval | (sampled_gnn, metric_val) = (['gin', 'sage', 2, 'global_max_pool', 4500], 0.7978723404255319)
INFO:nas.trainer:eval | (sampled_gnn, metric_val) = (['gmm', 'sg', 2, 'global_mean_pool', 4000], 0.851063829787234)
INFO:nas.trainer:eval | (sampled_gnn, metric_val) = (['gat', 'gmm', 2, 'global_max_pool', 7500], 0.7127659574468085)
INFO:nas.trainer:eval | (sampled_gnn, metric_val) = (['sg', 'tag', 2, 'global_mean_pool', 7500], 0.7659574468085106)
INFO:nas.trainer:eval | (sampled_gnn, metric_val) = (['gin', 'gat', 2, 'global_mean_pool', 5000], 0.8085106382978723)
INFO:nas.trainer:eval | (sampled_gnn, metric_val) = (['tag', 'sg', 2, 'global_mean_pool', 5500], 0.7978723404255319)
INFO:nas.trainer:eval | (sampled_gnn, metric_val) = (['gat', 'gin', 2, 'global_max_pool', 5000], 0.7659574468085106)
INFO:nas.trainer:train | 14 era_time 8578.308162212372
INFO:nas.trainer:eval | (sampled_gnn, metric_val) = (['gat', 'gat', 2, 'global_mean_pool', 7500], 0.851063829787234)
INFO:nas.trainer:eval | (sampled_gnn, metric_val) = (['sage', 'gin', 2, 'global_max_pool', 6500], 0.7553191489361702)
INFO:nas.trainer:eval | (sampled_gnn, metric_val) = (['tag', 'gcn', 2, 'global_max_pool', 4000], 0.7553191489361702)
INFO:nas.trainer:eval | (sampled_gnn, metric_val) = (['gat', 'gmm', 2, 'global_max_pool', 4000], 0.7446808510638298)
INFO:nas.trainer:eval | (sampled_gnn, metric_val) = (['gcn', 'sg', 2, 'global_mean_pool', 5000], 0.8617021276595744)
INFO:nas.trainer:eval | (sampled_gnn, metric_val) = (['ssg', 'gmm', 2, 'global_add_pool', 7000], 0.8191489361702128)
INFO:nas.trainer:eval | (sampled_gnn, metric_val) = (['ssg', 'tag', 2, 'global_add_pool', 3000], 0.8297872340425532)
INFO:nas.trainer:eval | (sampled_gnn, metric_val) = (['gin', 'gmm', 2, 'global_mean_pool', 5000], 0.8617021276595744)
INFO:nas.trainer:eval | (sampled_gnn, metric_val) = (['tag', 'gin', 2, 'global_max_pool', 8000], 0.7978723404255319)
INFO:nas.trainer:eval | (sampled_gnn, metric_val) = (['sg', 'sg', 2, 'global_max_pool', 3500], 0.8404255319148937)
INFO:nas.trainer:eval | (sampled_gnn, metric_val) = (['gin', 'sage', 2, 'global_max_pool', 4500], 0.7446808510638298)
INFO:nas.trainer:eval | (sampled_gnn, metric_val) = (['gcn', 'sage', 2, 'global_add_pool', 6500], 0.7978723404255319)
INFO:nas.trainer:eval | (sampled_gnn, metric_val) = (['sage', 'sage', 2, 'global_add_pool', 6500], 0.7978723404255319)
INFO:nas.trainer:eval | (sampled_gnn, metric_val) = (['gat', 'gcn', 2, 'global_max_pool', 6500], 0.8191489361702128)
INFO:nas.trainer:eval | (sampled_gnn, metric_val) = (['gat', 'tag', 2, 'global_max_pool', 8000], 0.7659574468085106)
INFO:nas.trainer:eval | (sampled_gnn, metric_val) = (['sg', 'sage', 2, 'global_mean_pool', 5500], 0.851063829787234)
INFO:nas.trainer:eval | (sampled_gnn, metric_val) = (['sage', 'tag', 2, 'global_add_pool', 8000], 0.8085106382978723)
INFO:nas.trainer:eval | (sampled_gnn, metric_val) = (['gcn', 'sg', 2, 'global_max_pool', 4500], 0.8191489361702128)
INFO:nas.trainer:eval | (sampled_gnn, metric_val) = (['sg', 'gmm', 2, 'global_max_pool', 6500], 0.776595744680851)
INFO:nas.trainer:eval | (sampled_gnn, metric_val) = (['gat', 'gin', 2, 'global_add_pool', 7500], 0.8617021276595744)
INFO:nas.trainer:train | 15 era_time 10706.190764427185
INFO:nas.trainer:eval | (sampled_gnn, metric_val) = (['sg', 'ssg', 2, 'global_add_pool', 7000], 0.8617021276595744)
INFO:nas.trainer:eval | (sampled_gnn, metric_val) = (['gat', 'sage', 2, 'global_mean_pool', 3500], 0.851063829787234)
INFO:nas.trainer:eval | (sampled_gnn, metric_val) = (['sage', 'gmm', 2, 'global_add_pool', 8000], 0.8085106382978723)
INFO:nas.trainer:eval | (sampled_gnn, metric_val) = (['gin', 'gat', 2, 'global_add_pool', 8000], 0.7978723404255319)
INFO:nas.trainer:eval | (sampled_gnn, metric_val) = (['gat', 'ssg', 2, 'global_max_pool', 3500], 0.8191489361702128)
INFO:nas.trainer:eval | (sampled_gnn, metric_val) = (['gcn', 'ssg', 2, 'global_add_pool', 3500], 0.8085106382978723)
INFO:nas.trainer:eval | (sampled_gnn, metric_val) = (['gat', 'gat', 2, 'global_max_pool', 6500], 0.7978723404255319)
INFO:nas.trainer:eval | (sampled_gnn, metric_val) = (['gcn', 'ssg', 2, 'global_max_pool', 5000], 0.8297872340425532)
INFO:nas.trainer:eval | (sampled_gnn, metric_val) = (['gin', 'gmm', 2, 'global_max_pool', 8000], 0.7659574468085106)
INFO:nas.trainer:eval | (sampled_gnn, metric_val) = (['tag', 'gmm', 2, 'global_add_pool', 6500], 0.8191489361702128)
INFO:nas.trainer:eval | (sampled_gnn, metric_val) = (['gin', 'ssg', 2, 'global_add_pool', 8000], 0.8191489361702128)
INFO:nas.trainer:eval | (sampled_gnn, metric_val) = (['gin', 'ssg', 2, 'global_mean_pool', 7500], 0.8617021276595744)
INFO:nas.trainer:eval | (sampled_gnn, metric_val) = (['sage', 'gcn', 2, 'global_max_pool', 8000], 0.7872340425531915)
INFO:nas.trainer:eval | (sampled_gnn, metric_val) = (['gat', 'gat', 2, 'global_mean_pool', 7500], 0.7872340425531915)
INFO:nas.trainer:eval | (sampled_gnn, metric_val) = (['sg', 'sage', 2, 'global_mean_pool', 8000], 0.8404255319148937)
INFO:nas.trainer:eval | (sampled_gnn, metric_val) = (['tag', 'tag', 2, 'global_mean_pool', 8000], 0.7659574468085106)
INFO:nas.trainer:eval | (sampled_gnn, metric_val) = (['gat', 'gin', 2, 'global_add_pool', 7500], 0.7978723404255319)
INFO:nas.trainer:eval | (sampled_gnn, metric_val) = (['gat', 'gmm', 2, 'global_mean_pool', 6000], 0.8723404255319149)
INFO:nas.trainer:eval | (sampled_gnn, metric_val) = (['gmm', 'gin', 2, 'global_add_pool', 3000], 0.3723404255319149)
INFO:nas.trainer:eval | (sampled_gnn, metric_val) = (['gat', 'sage', 2, 'global_max_pool', 7000], 0.7553191489361702)
INFO:nas.trainer:train | 16 era_time 11969.464454650879
INFO:nas.trainer:eval | (sampled_gnn, metric_val) = (['ssg', 'sage', 2, 'global_mean_pool', 8000], 0.851063829787234)
INFO:nas.trainer:eval | (sampled_gnn, metric_val) = (['gcn', 'gat', 2, 'global_max_pool', 5500], 0.7978723404255319)
INFO:nas.trainer:eval | (sampled_gnn, metric_val) = (['tag', 'sg', 2, 'global_mean_pool', 4500], 0.776595744680851)
INFO:nas.trainer:eval | (sampled_gnn, metric_val) = (['gcn', 'sg', 2, 'global_add_pool', 5500], 0.8723404255319149)
INFO:nas.trainer:eval | (sampled_gnn, metric_val) = (['sg', 'ssg', 2, 'global_max_pool', 5000], 0.7978723404255319)
INFO:nas.trainer:eval | (sampled_gnn, metric_val) = (['gmm', 'gmm', 2, 'global_add_pool', 7000], 0.776595744680851)
INFO:nas.trainer:eval | (sampled_gnn, metric_val) = (['gcn', 'gmm', 2, 'global_mean_pool', 4000], 0.851063829787234)
INFO:nas.trainer:eval | (sampled_gnn, metric_val) = (['gin', 'gmm', 2, 'global_add_pool', 7500], 0.8191489361702128)
INFO:nas.trainer:eval | (sampled_gnn, metric_val) = (['sage', 'sg', 2, 'global_mean_pool', 3500], 0.8617021276595744)
INFO:nas.trainer:eval | (sampled_gnn, metric_val) = (['gmm', 'gin', 2, 'global_max_pool', 5000], 0.7446808510638298)
INFO:nas.trainer:eval | (sampled_gnn, metric_val) = (['gmm', 'sg', 2, 'global_mean_pool', 5000], 0.8617021276595744)
INFO:nas.trainer:eval | (sampled_gnn, metric_val) = (['sg', 'gcn', 2, 'global_mean_pool', 3000], 0.851063829787234)
INFO:nas.trainer:eval | (sampled_gnn, metric_val) = (['tag', 'tag', 2, 'global_max_pool', 7000], 0.7659574468085106)
INFO:nas.trainer:eval | (sampled_gnn, metric_val) = (['sage', 'gcn', 2, 'global_mean_pool', 3000], 0.851063829787234)
INFO:nas.trainer:eval | (sampled_gnn, metric_val) = (['gmm', 'gcn', 2, 'global_mean_pool', 6000], 0.851063829787234)
INFO:nas.trainer:eval | (sampled_gnn, metric_val) = (['sg', 'gat', 2, 'global_max_pool', 5500], 0.8404255319148937)
INFO:nas.trainer:eval | (sampled_gnn, metric_val) = (['sg', 'sage', 2, 'global_max_pool', 7000], 0.7978723404255319)
INFO:nas.trainer:eval | (sampled_gnn, metric_val) = (['gin', 'sg', 2, 'global_max_pool', 7500], 0.7978723404255319)
INFO:nas.trainer:eval | (sampled_gnn, metric_val) = (['tag', 'gcn', 2, 'global_mean_pool', 6000], 0.8085106382978723)
INFO:nas.trainer:eval | (sampled_gnn, metric_val) = (['tag', 'sage', 2, 'global_mean_pool', 4000], 0.7872340425531915)
INFO:nas.trainer:train | 17 era_time 9597.276219844818
INFO:nas.trainer:eval | (sampled_gnn, metric_val) = (['gcn', 'gat', 2, 'global_add_pool', 7000], 0.8404255319148937)
INFO:nas.trainer:eval | (sampled_gnn, metric_val) = (['sage', 'sg', 2, 'global_max_pool', 7500], 0.723404255319149)
INFO:nas.trainer:eval | (sampled_gnn, metric_val) = (['sage', 'sg', 2, 'global_mean_pool', 4000], 0.8191489361702128)
INFO:nas.trainer:eval | (sampled_gnn, metric_val) = (['sg', 'gat', 2, 'global_max_pool', 3500], 0.8085106382978723)
INFO:nas.trainer:eval | (sampled_gnn, metric_val) = (['gmm', 'gin', 2, 'global_mean_pool', 6500], 0.648936170212766)
INFO:nas.trainer:eval | (sampled_gnn, metric_val) = (['gin', 'ssg', 2, 'global_max_pool', 4500], 0.7659574468085106)
INFO:nas.trainer:eval | (sampled_gnn, metric_val) = (['tag', 'sage', 2, 'global_mean_pool', 7000], 0.8085106382978723)
INFO:nas.trainer:eval | (sampled_gnn, metric_val) = (['gin', 'gmm', 2, 'global_add_pool', 3500], 0.6276595744680851)
INFO:nas.trainer:eval | (sampled_gnn, metric_val) = (['gcn', 'gcn', 2, 'global_mean_pool', 3000], 0.8723404255319149)
INFO:nas.trainer:eval | (sampled_gnn, metric_val) = (['gat', 'gcn', 2, 'global_mean_pool', 3000], 0.851063829787234)
INFO:nas.trainer:eval | (sampled_gnn, metric_val) = (['ssg', 'tag', 2, 'global_add_pool', 3500], 0.8723404255319149)
INFO:nas.trainer:eval | (sampled_gnn, metric_val) = (['gat', 'gcn', 2, 'global_add_pool', 5000], 0.851063829787234)
INFO:nas.trainer:eval | (sampled_gnn, metric_val) = (['gmm', 'sage', 2, 'global_add_pool', 3500], 0.8191489361702128)
INFO:nas.trainer:eval | (sampled_gnn, metric_val) = (['gmm', 'sg', 2, 'global_mean_pool', 4500], 0.8404255319148937)
INFO:nas.trainer:eval | (sampled_gnn, metric_val) = (['gcn', 'gat', 2, 'global_add_pool', 8000], 0.8297872340425532)
INFO:nas.trainer:eval | (sampled_gnn, metric_val) = (['gcn', 'gcn', 2, 'global_add_pool', 4000], 0.8297872340425532)
INFO:nas.trainer:eval | (sampled_gnn, metric_val) = (['gin', 'gcn', 2, 'global_max_pool', 6500], 0.7872340425531915)
INFO:nas.trainer:eval | (sampled_gnn, metric_val) = (['gcn', 'tag', 2, 'global_add_pool', 4500], 0.7978723404255319)
INFO:nas.trainer:eval | (sampled_gnn, metric_val) = (['gmm', 'gmm', 2, 'global_add_pool', 8000], 0.8085106382978723)
INFO:nas.trainer:eval | (sampled_gnn, metric_val) = (['sg', 'gin', 2, 'global_max_pool', 3000], 0.776595744680851)
INFO:nas.trainer:train | 18 era_time 8948.860029935837
INFO:nas.trainer:eval | (sampled_gnn, metric_val) = (['sage', 'gmm', 2, 'global_max_pool', 7500], 0.7553191489361702)
INFO:nas.trainer:eval | (sampled_gnn, metric_val) = (['gin', 'sg', 2, 'global_mean_pool', 3000], 0.7659574468085106)
INFO:nas.trainer:eval | (sampled_gnn, metric_val) = (['sage', 'ssg', 2, 'global_mean_pool', 5000], 0.8404255319148937)
INFO:nas.trainer:eval | (sampled_gnn, metric_val) = (['sage', 'sage', 2, 'global_max_pool', 8000], 0.6914893617021277)
INFO:nas.trainer:eval | (sampled_gnn, metric_val) = (['gin', 'gat', 2, 'global_mean_pool', 5000], 0.6914893617021277)
INFO:nas.trainer:eval | (sampled_gnn, metric_val) = (['sg', 'tag', 2, 'global_mean_pool', 4500], 0.8297872340425532)
INFO:nas.trainer:eval | (sampled_gnn, metric_val) = (['sg', 'sg', 2, 'global_max_pool', 3500], 0.8191489361702128)
INFO:nas.trainer:eval | (sampled_gnn, metric_val) = (['gat', 'gmm', 2, 'global_max_pool', 4000], 0.776595744680851)
INFO:nas.trainer:eval | (sampled_gnn, metric_val) = (['gat', 'ssg', 2, 'global_add_pool', 5000], 0.7978723404255319)
INFO:nas.trainer:eval | (sampled_gnn, metric_val) = (['gin', 'sg', 2, 'global_add_pool', 4500], 0.8191489361702128)
INFO:nas.trainer:eval | (sampled_gnn, metric_val) = (['sg', 'gat', 2, 'global_add_pool', 3500], 0.8191489361702128)
INFO:nas.trainer:eval | (sampled_gnn, metric_val) = (['tag', 'sage', 2, 'global_mean_pool', 3500], 0.7553191489361702)
INFO:nas.trainer:eval | (sampled_gnn, metric_val) = (['gmm', 'gmm', 2, 'global_add_pool', 8000], 0.8723404255319149)
INFO:nas.trainer:eval | (sampled_gnn, metric_val) = (['gcn', 'sage', 2, 'global_add_pool', 3000], 0.8617021276595744)
INFO:nas.trainer:eval | (sampled_gnn, metric_val) = (['gmm', 'gin', 2, 'global_max_pool', 4000], 0.7659574468085106)
INFO:nas.trainer:eval | (sampled_gnn, metric_val) = (['sage', 'sg', 2, 'global_add_pool', 5500], 0.8297872340425532)
INFO:nas.trainer:eval | (sampled_gnn, metric_val) = (['gat', 'gmm', 2, 'global_max_pool', 4500], 0.8297872340425532)
INFO:nas.trainer:eval | (sampled_gnn, metric_val) = (['sg', 'ssg', 2, 'global_mean_pool', 4000], 0.8404255319148937)
INFO:nas.trainer:eval | (sampled_gnn, metric_val) = (['sage', 'sg', 2, 'global_max_pool', 3000], 0.7872340425531915)
INFO:nas.trainer:eval | (sampled_gnn, metric_val) = (['sg', 'sg', 2, 'global_mean_pool', 6500], 0.8404255319148937)
INFO:nas.trainer:train | 19 era_time 8462.333461284637
INFO:nas.trainer:eval | (sampled_gnn, metric_val) = (['gmm', 'ssg', 2, 'global_add_pool', 7500], 0.7978723404255319)
INFO:nas.trainer:eval | (sampled_gnn, metric_val) = (['gcn', 'sage', 2, 'global_add_pool', 6500], 0.8404255319148937)
INFO:nas.trainer:eval | (sampled_gnn, metric_val) = (['gat', 'ssg', 2, 'global_mean_pool', 5500], 0.8404255319148937)
INFO:nas.trainer:eval | (sampled_gnn, metric_val) = (['sage', 'gmm', 2, 'global_mean_pool', 8000], 0.8191489361702128)
INFO:nas.trainer:eval | (sampled_gnn, metric_val) = (['sg', 'sg', 2, 'global_mean_pool', 6500], 0.8617021276595744)
INFO:nas.trainer:eval | (sampled_gnn, metric_val) = (['gat', 'ssg', 2, 'global_max_pool', 4000], 0.8297872340425532)
INFO:nas.trainer:eval | (sampled_gnn, metric_val) = (['sage', 'tag', 2, 'global_max_pool', 6000], 0.7659574468085106)
INFO:nas.trainer:eval | (sampled_gnn, metric_val) = (['sage', 'ssg', 2, 'global_add_pool', 4500], 0.8191489361702128)
INFO:nas.trainer:eval | (sampled_gnn, metric_val) = (['gcn', 'tag', 2, 'global_max_pool', 7000], 0.8404255319148937)
INFO:nas.trainer:eval | (sampled_gnn, metric_val) = (['gmm', 'gat', 2, 'global_max_pool', 8000], 0.7446808510638298)
INFO:nas.trainer:eval | (sampled_gnn, metric_val) = (['sg', 'gcn', 2, 'global_mean_pool', 6500], 0.851063829787234)
INFO:nas.trainer:eval | (sampled_gnn, metric_val) = (['gin', 'ssg', 2, 'global_max_pool', 8000], 0.776595744680851)
INFO:nas.trainer:eval | (sampled_gnn, metric_val) = (['gcn', 'gcn', 2, 'global_add_pool', 7000], 0.7978723404255319)
INFO:nas.trainer:eval | (sampled_gnn, metric_val) = (['sg', 'sg', 2, 'global_max_pool', 4500], 0.7978723404255319)
INFO:nas.trainer:eval | (sampled_gnn, metric_val) = (['gcn', 'ssg', 2, 'global_add_pool', 8000], 0.851063829787234)
INFO:nas.trainer:eval | (sampled_gnn, metric_val) = (['sage', 'gcn', 2, 'global_add_pool', 6000], 0.8191489361702128)
INFO:nas.trainer:eval | (sampled_gnn, metric_val) = (['gcn', 'gat', 2, 'global_max_pool', 3500], 0.851063829787234)
INFO:nas.trainer:eval | (sampled_gnn, metric_val) = (['tag', 'gcn', 2, 'global_add_pool', 8000], 0.7872340425531915)
INFO:nas.trainer:eval | (sampled_gnn, metric_val) = (['gat', 'ssg', 2, 'global_mean_pool', 4000], 0.851063829787234)
INFO:nas.trainer:eval | (sampled_gnn, metric_val) = (['gmm', 'sg', 2, 'global_add_pool', 4500], 0.8297872340425532)
INFO:nas.trainer:train | 20 era_time 10897.326819181442
INFO:nas.trainer:eval | (sampled_gnn, metric_val) = (['gmm', 'gat', 2, 'global_add_pool', 5500], 0.7978723404255319)
INFO:nas.trainer:eval | (sampled_gnn, metric_val) = (['gat', 'ssg', 2, 'global_max_pool', 3500], 0.8191489361702128)
INFO:nas.trainer:eval | (sampled_gnn, metric_val) = (['ssg', 'sg', 2, 'global_add_pool', 8000], 0.851063829787234)
INFO:nas.trainer:eval | (sampled_gnn, metric_val) = (['gat', 'gat', 2, 'global_add_pool', 5500], 0.7978723404255319)
INFO:nas.trainer:eval | (sampled_gnn, metric_val) = (['gat', 'gcn', 2, 'global_max_pool', 7500], 0.7872340425531915)
INFO:nas.trainer:eval | (sampled_gnn, metric_val) = (['gat', 'gmm', 2, 'global_mean_pool', 5500], 0.8191489361702128)
INFO:nas.trainer:eval | (sampled_gnn, metric_val) = (['gcn', 'gat', 2, 'global_add_pool', 3000], 0.851063829787234)
INFO:nas.trainer:eval | (sampled_gnn, metric_val) = (['sg', 'sg', 2, 'global_max_pool', 5000], 0.8297872340425532)
INFO:nas.trainer:eval | (sampled_gnn, metric_val) = (['gcn', 'gmm', 2, 'global_add_pool', 3500], 0.851063829787234)
INFO:nas.trainer:eval | (sampled_gnn, metric_val) = (['gmm', 'gin', 2, 'global_add_pool', 8000], 0.8191489361702128)
INFO:nas.trainer:eval | (sampled_gnn, metric_val) = (['gat', 'gmm', 2, 'global_mean_pool', 5000], 0.8404255319148937)
INFO:nas.trainer:eval | (sampled_gnn, metric_val) = (['gat', 'gat', 2, 'global_add_pool', 7000], 0.8085106382978723)
INFO:nas.trainer:eval | (sampled_gnn, metric_val) = (['sage', 'tag', 2, 'global_add_pool', 5000], 0.776595744680851)
INFO:nas.trainer:eval | (sampled_gnn, metric_val) = (['gmm', 'gmm', 2, 'global_mean_pool', 3000], 0.851063829787234)
INFO:nas.trainer:eval | (sampled_gnn, metric_val) = (['gmm', 'tag', 2, 'global_max_pool', 8000], 0.7340425531914894)
INFO:nas.trainer:eval | (sampled_gnn, metric_val) = (['gcn', 'sg', 2, 'global_max_pool', 7000], 0.7553191489361702)
INFO:nas.trainer:eval | (sampled_gnn, metric_val) = (['sg', 'gmm', 2, 'global_mean_pool', 6000], 0.851063829787234)
INFO:nas.trainer:eval | (sampled_gnn, metric_val) = (['gin', 'sage', 2, 'global_add_pool', 3500], 0.7659574468085106)
INFO:nas.trainer:eval | (sampled_gnn, metric_val) = (['sg', 'ssg', 2, 'global_add_pool', 4500], 0.851063829787234)
INFO:nas.trainer:eval | (sampled_gnn, metric_val) = (['gat', 'gin', 2, 'global_add_pool', 6000], 0.5212765957446809)
INFO:nas.trainer:train | 21 era_time 10430.333444356918
INFO:nas.trainer:eval | (sampled_gnn, metric_val) = (['sg', 'gat', 2, 'global_mean_pool', 7500], 0.851063829787234)
INFO:nas.trainer:eval | (sampled_gnn, metric_val) = (['gcn', 'gat', 2, 'global_mean_pool', 3000], 0.851063829787234)
INFO:nas.trainer:eval | (sampled_gnn, metric_val) = (['sg', 'sage', 2, 'global_add_pool', 5000], 0.8297872340425532)
INFO:nas.trainer:eval | (sampled_gnn, metric_val) = (['gin', 'tag', 2, 'global_mean_pool', 5500], 0.8085106382978723)
INFO:nas.trainer:eval | (sampled_gnn, metric_val) = (['gin', 'ssg', 2, 'global_add_pool', 7500], 0.8723404255319149)
INFO:nas.trainer:eval | (sampled_gnn, metric_val) = (['gat', 'tag', 2, 'global_add_pool', 6500], 0.7659574468085106)
INFO:nas.trainer:eval | (sampled_gnn, metric_val) = (['gat', 'ssg', 2, 'global_add_pool', 4000], 0.8085106382978723)
INFO:nas.trainer:eval | (sampled_gnn, metric_val) = (['gmm', 'ssg', 2, 'global_max_pool', 8000], 0.8617021276595744)
INFO:nas.trainer:eval | (sampled_gnn, metric_val) = (['tag', 'tag', 2, 'global_max_pool', 5000], 0.7553191489361702)
INFO:nas.trainer:eval | (sampled_gnn, metric_val) = (['ssg', 'gmm', 2, 'global_max_pool', 3500], 0.7872340425531915)
INFO:nas.trainer:eval | (sampled_gnn, metric_val) = (['gcn', 'gcn', 2, 'global_mean_pool', 5500], 0.851063829787234)
INFO:nas.trainer:eval | (sampled_gnn, metric_val) = (['sage', 'sage', 2, 'global_max_pool', 4500], 0.7340425531914894)
INFO:nas.trainer:eval | (sampled_gnn, metric_val) = (['tag', 'gcn', 2, 'global_mean_pool', 5000], 0.8085106382978723)
INFO:nas.trainer:eval | (sampled_gnn, metric_val) = (['ssg', 'gcn', 2, 'global_add_pool', 3000], 0.8617021276595744)
INFO:nas.trainer:eval | (sampled_gnn, metric_val) = (['gmm', 'gmm', 2, 'global_mean_pool', 8000], 0.8297872340425532)
INFO:nas.trainer:eval | (sampled_gnn, metric_val) = (['ssg', 'sage', 2, 'global_mean_pool', 3500], 0.8297872340425532)
INFO:nas.trainer:eval | (sampled_gnn, metric_val) = (['ssg', 'tag', 2, 'global_add_pool', 4500], 0.851063829787234)
INFO:nas.trainer:eval | (sampled_gnn, metric_val) = (['gcn', 'ssg', 2, 'global_mean_pool', 8000], 0.851063829787234)
INFO:nas.trainer:eval | (sampled_gnn, metric_val) = (['gat', 'ssg', 2, 'global_add_pool', 7500], 0.7978723404255319)
INFO:nas.trainer:eval | (sampled_gnn, metric_val) = (['gmm', 'tag', 2, 'global_max_pool', 7000], 0.8191489361702128)
INFO:nas.trainer:train | 22 era_time 10241.689903736115
INFO:nas.trainer:eval | (sampled_gnn, metric_val) = (['gin', 'ssg', 2, 'global_max_pool', 5000], 0.7340425531914894)
INFO:nas.trainer:eval | (sampled_gnn, metric_val) = (['ssg', 'tag', 2, 'global_add_pool', 5500], 0.8404255319148937)
INFO:nas.trainer:eval | (sampled_gnn, metric_val) = (['sage', 'tag', 2, 'global_max_pool', 3500], 0.7978723404255319)
INFO:nas.trainer:eval | (sampled_gnn, metric_val) = (['sage', 'gcn', 2, 'global_mean_pool', 3500], 0.8191489361702128)
INFO:nas.trainer:eval | (sampled_gnn, metric_val) = (['ssg', 'sage', 2, 'global_mean_pool', 4500], 0.851063829787234)
INFO:nas.trainer:eval | (sampled_gnn, metric_val) = (['gin', 'gcn', 2, 'global_mean_pool', 4000], 0.6170212765957447)
INFO:nas.trainer:eval | (sampled_gnn, metric_val) = (['ssg', 'sage', 2, 'global_add_pool', 7000], 0.8297872340425532)
INFO:nas.trainer:eval | (sampled_gnn, metric_val) = (['gmm', 'sg', 2, 'global_add_pool', 5500], 0.8723404255319149)
INFO:nas.trainer:eval | (sampled_gnn, metric_val) = (['gcn', 'gin', 2, 'global_add_pool', 3000], 0.5957446808510638)
INFO:nas.trainer:eval | (sampled_gnn, metric_val) = (['tag', 'gcn', 2, 'global_add_pool', 7500], 0.8085106382978723)
INFO:nas.trainer:eval | (sampled_gnn, metric_val) = (['sage', 'gat', 2, 'global_mean_pool', 4000], 0.851063829787234)
INFO:nas.trainer:eval | (sampled_gnn, metric_val) = (['sg', 'tag', 2, 'global_mean_pool', 4500], 0.7978723404255319)
INFO:nas.trainer:eval | (sampled_gnn, metric_val) = (['gmm', 'gat', 2, 'global_mean_pool', 6500], 0.8085106382978723)
INFO:nas.trainer:eval | (sampled_gnn, metric_val) = (['gcn', 'tag', 2, 'global_mean_pool', 4500], 0.8191489361702128)
INFO:nas.trainer:eval | (sampled_gnn, metric_val) = (['gmm', 'sg', 2, 'global_mean_pool', 6500], 0.851063829787234)
INFO:nas.trainer:eval | (sampled_gnn, metric_val) = (['ssg', 'tag', 2, 'global_mean_pool', 3500], 0.851063829787234)
INFO:nas.trainer:eval | (sampled_gnn, metric_val) = (['gat', 'sage', 2, 'global_mean_pool', 4000], 0.8297872340425532)
INFO:nas.trainer:eval | (sampled_gnn, metric_val) = (['gat', 'sg', 2, 'global_mean_pool', 5000], 0.851063829787234)
INFO:nas.trainer:eval | (sampled_gnn, metric_val) = (['sage', 'gat', 2, 'global_mean_pool', 7500], 0.8085106382978723)
INFO:nas.trainer:eval | (sampled_gnn, metric_val) = (['sage', 'gat', 2, 'global_add_pool', 5500], 0.776595744680851)
INFO:nas.trainer:train | 23 era_time 9000.669784545898
INFO:nas.trainer:eval | (sampled_gnn, metric_val) = (['gat', 'gat', 2, 'global_max_pool', 4500], 0.8191489361702128)
INFO:nas.trainer:eval | (sampled_gnn, metric_val) = (['gat', 'sage', 2, 'global_add_pool', 3500], 0.8191489361702128)
INFO:nas.trainer:eval | (sampled_gnn, metric_val) = (['sage', 'gat', 2, 'global_mean_pool', 8000], 0.8085106382978723)
INFO:nas.trainer:eval | (sampled_gnn, metric_val) = (['gin', 'sg', 2, 'global_mean_pool', 7000], 0.8085106382978723)
INFO:nas.trainer:eval | (sampled_gnn, metric_val) = (['tag', 'tag', 2, 'global_max_pool', 4000], 0.8085106382978723)
INFO:nas.trainer:eval | (sampled_gnn, metric_val) = (['gin', 'ssg', 2, 'global_mean_pool', 4000], 0.8723404255319149)
INFO:nas.trainer:eval | (sampled_gnn, metric_val) = (['sage', 'gmm', 2, 'global_mean_pool', 5500], 0.8085106382978723)
INFO:nas.trainer:eval | (sampled_gnn, metric_val) = (['sage', 'gmm', 2, 'global_add_pool', 6000], 0.7872340425531915)
INFO:nas.trainer:eval | (sampled_gnn, metric_val) = (['ssg', 'gat', 2, 'global_mean_pool', 5000], 0.851063829787234)
INFO:nas.trainer:eval | (sampled_gnn, metric_val) = (['gat', 'tag', 2, 'global_add_pool', 5500], 0.8085106382978723)
INFO:nas.trainer:eval | (sampled_gnn, metric_val) = (['ssg', 'gat', 2, 'global_max_pool', 8000], 0.8085106382978723)
INFO:nas.trainer:eval | (sampled_gnn, metric_val) = (['sg', 'gat', 2, 'global_max_pool', 7000], 0.8085106382978723)
INFO:nas.trainer:eval | (sampled_gnn, metric_val) = (['ssg', 'ssg', 2, 'global_add_pool', 7500], 0.8617021276595744)
INFO:nas.trainer:eval | (sampled_gnn, metric_val) = (['sg', 'gat', 2, 'global_mean_pool', 3500], 0.8404255319148937)
INFO:nas.trainer:eval | (sampled_gnn, metric_val) = (['tag', 'ssg', 2, 'global_mean_pool', 5000], 0.8297872340425532)
INFO:nas.trainer:eval | (sampled_gnn, metric_val) = (['gat', 'gat', 2, 'global_add_pool', 3000], 0.8829787234042553)
INFO:nas.trainer:eval | (sampled_gnn, metric_val) = (['gcn', 'gat', 2, 'global_max_pool', 4500], 0.7872340425531915)
INFO:nas.trainer:eval | (sampled_gnn, metric_val) = (['sg', 'gmm', 2, 'global_mean_pool', 6500], 0.8617021276595744)
INFO:nas.trainer:eval | (sampled_gnn, metric_val) = (['sage', 'sage', 2, 'global_mean_pool', 3500], 0.8085106382978723)
INFO:nas.trainer:eval | (sampled_gnn, metric_val) = (['sg', 'gmm', 2, 'global_mean_pool', 6000], 0.8829787234042553)
INFO:nas.trainer:train | 24 era_time 9948.329423666
INFO:nas.trainer:eval | (sampled_gnn, metric_val) = (['ssg', 'sage', 2, 'global_max_pool', 4500], 0.776595744680851)
INFO:nas.trainer:eval | (sampled_gnn, metric_val) = (['gmm', 'ssg', 2, 'global_max_pool', 6500], 0.8404255319148937)
INFO:nas.trainer:eval | (sampled_gnn, metric_val) = (['sage', 'ssg', 2, 'global_add_pool', 5000], 0.8723404255319149)
INFO:nas.trainer:eval | (sampled_gnn, metric_val) = (['gmm', 'gin', 2, 'global_max_pool', 6000], 0.8085106382978723)
INFO:nas.trainer:eval | (sampled_gnn, metric_val) = (['sg', 'ssg', 2, 'global_mean_pool', 3500], 0.8936170212765957)
INFO:nas.trainer:eval | (sampled_gnn, metric_val) = (['sg', 'sage', 2, 'global_max_pool', 4000], 0.723404255319149)
INFO:nas.trainer:eval | (sampled_gnn, metric_val) = (['ssg', 'gin', 2, 'global_mean_pool', 4500], 0.2553191489361702)
INFO:nas.trainer:eval | (sampled_gnn, metric_val) = (['gcn', 'gat', 2, 'global_max_pool', 5000], 0.7872340425531915)
INFO:nas.trainer:eval | (sampled_gnn, metric_val) = (['gin', 'gmm', 2, 'global_max_pool', 4000], 0.7446808510638298)
INFO:nas.trainer:eval | (sampled_gnn, metric_val) = (['sage', 'gcn', 2, 'global_add_pool', 6000], 0.7978723404255319)
INFO:nas.trainer:eval | (sampled_gnn, metric_val) = (['gat', 'gmm', 2, 'global_add_pool', 5000], 0.8191489361702128)
INFO:nas.trainer:eval | (sampled_gnn, metric_val) = (['sage', 'gcn', 2, 'global_max_pool', 7500], 0.776595744680851)
INFO:nas.trainer:eval | (sampled_gnn, metric_val) = (['ssg', 'gcn', 2, 'global_add_pool', 5500], 0.851063829787234)
INFO:nas.trainer:eval | (sampled_gnn, metric_val) = (['sg', 'sg', 2, 'global_add_pool', 3500], 0.8617021276595744)
INFO:nas.trainer:eval | (sampled_gnn, metric_val) = (['sage', 'tag', 2, 'global_max_pool', 6500], 0.723404255319149)
INFO:nas.trainer:eval | (sampled_gnn, metric_val) = (['sage', 'sage', 2, 'global_max_pool', 6500], 0.7340425531914894)
INFO:nas.trainer:eval | (sampled_gnn, metric_val) = (['ssg', 'ssg', 2, 'global_mean_pool', 5500], 0.8297872340425532)
INFO:nas.trainer:eval | (sampled_gnn, metric_val) = (['gin', 'sage', 2, 'global_add_pool', 3000], 0.8085106382978723)
INFO:nas.trainer:eval | (sampled_gnn, metric_val) = (['gmm', 'tag', 2, 'global_max_pool', 6500], 0.8297872340425532)
INFO:nas.trainer:eval | (sampled_gnn, metric_val) = (['tag', 'gin', 2, 'global_mean_pool', 7000], 0.7978723404255319)
INFO:nas.trainer:train | 25 era_time 9006.406717538834
INFO:nas.trainer:eval | (sampled_gnn, metric_val) = (['tag', 'ssg', 2, 'global_mean_pool', 8000], 0.7872340425531915)
INFO:nas.trainer:eval | (sampled_gnn, metric_val) = (['gcn', 'sage', 2, 'global_add_pool', 7000], 0.8404255319148937)
INFO:nas.trainer:eval | (sampled_gnn, metric_val) = (['sage', 'gat', 2, 'global_max_pool', 4500], 0.7659574468085106)
INFO:nas.trainer:eval | (sampled_gnn, metric_val) = (['gin', 'gin', 2, 'global_add_pool', 3000], 0.723404255319149)
INFO:nas.trainer:eval | (sampled_gnn, metric_val) = (['ssg', 'sg', 2, 'global_add_pool', 5000], 0.8617021276595744)
INFO:nas.trainer:eval | (sampled_gnn, metric_val) = (['ssg', 'gat', 2, 'global_max_pool', 3000], 0.776595744680851)
INFO:nas.trainer:eval | (sampled_gnn, metric_val) = (['sg', 'gmm', 2, 'global_mean_pool', 6500], 0.8404255319148937)
INFO:nas.trainer:eval | (sampled_gnn, metric_val) = (['sage', 'gmm', 2, 'global_max_pool', 7000], 0.8085106382978723)
INFO:nas.trainer:eval | (sampled_gnn, metric_val) = (['ssg', 'gat', 2, 'global_max_pool', 6500], 0.7978723404255319)
INFO:nas.trainer:eval | (sampled_gnn, metric_val) = (['ssg', 'gmm', 2, 'global_max_pool', 5000], 0.7872340425531915)
INFO:nas.trainer:eval | (sampled_gnn, metric_val) = (['ssg', 'tag', 2, 'global_max_pool', 5000], 0.776595744680851)
INFO:nas.trainer:eval | (sampled_gnn, metric_val) = (['gin', 'gmm', 2, 'global_max_pool', 3000], 0.8191489361702128)
INFO:nas.trainer:eval | (sampled_gnn, metric_val) = (['ssg', 'gcn', 2, 'global_mean_pool', 7000], 0.8297872340425532)
INFO:nas.trainer:eval | (sampled_gnn, metric_val) = (['gcn', 'gmm', 2, 'global_mean_pool', 5500], 0.8404255319148937)
INFO:nas.trainer:eval | (sampled_gnn, metric_val) = (['gcn', 'sage', 2, 'global_add_pool', 3000], 0.8297872340425532)
INFO:nas.trainer:eval | (sampled_gnn, metric_val) = (['tag', 'sage', 2, 'global_mean_pool', 8000], 0.7659574468085106)
INFO:nas.trainer:eval | (sampled_gnn, metric_val) = (['gcn', 'ssg', 2, 'global_mean_pool', 4000], 0.8617021276595744)
INFO:nas.trainer:eval | (sampled_gnn, metric_val) = (['ssg', 'sg', 2, 'global_mean_pool', 7500], 0.8297872340425532)
INFO:nas.trainer:eval | (sampled_gnn, metric_val) = (['ssg', 'sg', 2, 'global_max_pool', 4000], 0.7978723404255319)
INFO:nas.trainer:eval | (sampled_gnn, metric_val) = (['gmm', 'sg', 2, 'global_max_pool', 3000], 0.7446808510638298)
INFO:nas.trainer:train | 26 era_time 9098.579073429108
INFO:nas.trainer:eval | (sampled_gnn, metric_val) = (['gin', 'sg', 2, 'global_mean_pool', 4500], 0.7978723404255319)
INFO:nas.trainer:eval | (sampled_gnn, metric_val) = (['gin', 'tag', 2, 'global_mean_pool', 5000], 0.7659574468085106)
INFO:nas.trainer:eval | (sampled_gnn, metric_val) = (['gmm', 'gat', 2, 'global_max_pool', 4500], 0.8617021276595744)
INFO:nas.trainer:eval | (sampled_gnn, metric_val) = (['sg', 'gcn', 2, 'global_max_pool', 4000], 0.7659574468085106)
INFO:nas.trainer:eval | (sampled_gnn, metric_val) = (['gmm', 'sg', 2, 'global_add_pool', 7000], 0.8617021276595744)
INFO:nas.trainer:eval | (sampled_gnn, metric_val) = (['gmm', 'ssg', 2, 'global_mean_pool', 7000], 0.851063829787234)
INFO:nas.trainer:eval | (sampled_gnn, metric_val) = (['tag', 'ssg', 2, 'global_mean_pool', 7500], 0.8617021276595744)
INFO:nas.trainer:eval | (sampled_gnn, metric_val) = (['gin', 'gmm', 2, 'global_mean_pool', 7500], 0.851063829787234)
INFO:nas.trainer:eval | (sampled_gnn, metric_val) = (['gat', 'gcn', 2, 'global_add_pool', 5500], 0.8191489361702128)
INFO:nas.trainer:eval | (sampled_gnn, metric_val) = (['gcn', 'gin', 2, 'global_mean_pool', 4000], 0.8723404255319149)
INFO:nas.trainer:eval | (sampled_gnn, metric_val) = (['gmm', 'tag', 2, 'global_add_pool', 6500], 0.8085106382978723)
INFO:nas.trainer:eval | (sampled_gnn, metric_val) = (['ssg', 'gin', 2, 'global_mean_pool', 8000], 0.8191489361702128)
INFO:nas.trainer:eval | (sampled_gnn, metric_val) = (['gcn', 'ssg', 2, 'global_max_pool', 6500], 0.7872340425531915)
INFO:nas.trainer:eval | (sampled_gnn, metric_val) = (['gcn', 'ssg', 2, 'global_add_pool', 6000], 0.8297872340425532)
INFO:nas.trainer:eval | (sampled_gnn, metric_val) = (['sg', 'tag', 2, 'global_max_pool', 3000], 0.776595744680851)
INFO:nas.trainer:eval | (sampled_gnn, metric_val) = (['gat', 'gin', 2, 'global_mean_pool', 8000], 0.8723404255319149)
INFO:nas.trainer:eval | (sampled_gnn, metric_val) = (['gcn', 'gat', 2, 'global_add_pool', 5500], 0.8191489361702128)
INFO:nas.trainer:eval | (sampled_gnn, metric_val) = (['sg', 'gat', 2, 'global_mean_pool', 4500], 0.8297872340425532)
INFO:nas.trainer:eval | (sampled_gnn, metric_val) = (['ssg', 'gat', 2, 'global_mean_pool', 5500], 0.851063829787234)
INFO:nas.trainer:eval | (sampled_gnn, metric_val) = (['gmm', 'gmm', 2, 'global_max_pool', 3000], 0.7553191489361702)
INFO:nas.trainer:train | 27 era_time 10310.208217382431
INFO:nas.trainer:eval | (sampled_gnn, metric_val) = (['ssg', 'gcn', 2, 'global_max_pool', 6500], 0.7978723404255319)
INFO:nas.trainer:eval | (sampled_gnn, metric_val) = (['gat', 'tag', 2, 'global_mean_pool', 4500], 0.7872340425531915)
INFO:nas.trainer:eval | (sampled_gnn, metric_val) = (['tag', 'tag', 2, 'global_add_pool', 7500], 0.8297872340425532)
INFO:nas.trainer:eval | (sampled_gnn, metric_val) = (['sg', 'sg', 2, 'global_max_pool', 3500], 0.7872340425531915)
INFO:nas.trainer:eval | (sampled_gnn, metric_val) = (['ssg', 'gat', 2, 'global_max_pool', 4500], 0.851063829787234)
INFO:nas.trainer:eval | (sampled_gnn, metric_val) = (['tag', 'gcn', 2, 'global_max_pool', 6000], 0.776595744680851)
INFO:nas.trainer:eval | (sampled_gnn, metric_val) = (['tag', 'gin', 2, 'global_add_pool', 6000], 0.7659574468085106)
INFO:nas.trainer:eval | (sampled_gnn, metric_val) = (['tag', 'tag', 2, 'global_add_pool', 3500], 0.7978723404255319)
INFO:nas.trainer:eval | (sampled_gnn, metric_val) = (['gin', 'gcn', 2, 'global_max_pool', 7000], 0.7553191489361702)
INFO:nas.trainer:eval | (sampled_gnn, metric_val) = (['gmm', 'gat', 2, 'global_max_pool', 5000], 0.7446808510638298)
INFO:nas.trainer:eval | (sampled_gnn, metric_val) = (['gin', 'sage', 2, 'global_max_pool', 7500], 0.8085106382978723)
INFO:nas.trainer:eval | (sampled_gnn, metric_val) = (['ssg', 'gmm', 2, 'global_mean_pool', 8000], 0.8085106382978723)
INFO:nas.trainer:eval | (sampled_gnn, metric_val) = (['gin', 'sage', 2, 'global_add_pool', 5500], 0.8617021276595744)
INFO:nas.trainer:eval | (sampled_gnn, metric_val) = (['gmm', 'gat', 2, 'global_add_pool', 6000], 0.776595744680851)
INFO:nas.trainer:eval | (sampled_gnn, metric_val) = (['gin', 'sage', 2, 'global_mean_pool', 3000], 0.7127659574468085)
INFO:nas.trainer:eval | (sampled_gnn, metric_val) = (['gin', 'ssg', 2, 'global_add_pool', 6500], 0.7021276595744681)
INFO:nas.trainer:eval | (sampled_gnn, metric_val) = (['sage', 'ssg', 2, 'global_mean_pool', 4000], 0.8297872340425532)
INFO:nas.trainer:eval | (sampled_gnn, metric_val) = (['gat', 'sage', 2, 'global_add_pool', 4500], 0.851063829787234)
INFO:nas.trainer:eval | (sampled_gnn, metric_val) = (['gcn', 'gin', 2, 'global_add_pool', 5500], 0.39361702127659576)
INFO:nas.trainer:eval | (sampled_gnn, metric_val) = (['gin', 'gmm', 2, 'global_max_pool', 3000], 0.7978723404255319)
INFO:nas.trainer:train | 28 era_time 9405.727587938309
INFO:nas.trainer:eval | (sampled_gnn, metric_val) = (['tag', 'gmm', 2, 'global_add_pool', 5000], 0.7553191489361702)
INFO:nas.trainer:eval | (sampled_gnn, metric_val) = (['gmm', 'gat', 2, 'global_add_pool', 6000], 0.8191489361702128)
INFO:nas.trainer:eval | (sampled_gnn, metric_val) = (['sage', 'ssg', 2, 'global_add_pool', 6000], 0.8297872340425532)
INFO:nas.trainer:eval | (sampled_gnn, metric_val) = (['ssg', 'gcn', 2, 'global_add_pool', 6000], 0.8297872340425532)
INFO:nas.trainer:eval | (sampled_gnn, metric_val) = (['gin', 'gin', 2, 'global_max_pool', 6500], 0.7659574468085106)
INFO:nas.trainer:eval | (sampled_gnn, metric_val) = (['ssg', 'ssg', 2, 'global_max_pool', 7000], 0.8191489361702128)
INFO:nas.trainer:eval | (sampled_gnn, metric_val) = (['sage', 'gmm', 2, 'global_add_pool', 8000], 0.8191489361702128)
INFO:nas.trainer:eval | (sampled_gnn, metric_val) = (['gat', 'sg', 2, 'global_mean_pool', 3000], 0.8617021276595744)
INFO:nas.trainer:eval | (sampled_gnn, metric_val) = (['tag', 'gin', 2, 'global_mean_pool', 5500], 0.7553191489361702)
INFO:nas.trainer:eval | (sampled_gnn, metric_val) = (['tag', 'sage', 2, 'global_mean_pool', 3000], 0.7872340425531915)
INFO:nas.trainer:eval | (sampled_gnn, metric_val) = (['gmm', 'sg', 2, 'global_max_pool', 5000], 0.7978723404255319)
INFO:nas.trainer:eval | (sampled_gnn, metric_val) = (['ssg', 'tag', 2, 'global_add_pool', 3500], 0.8723404255319149)
INFO:nas.trainer:eval | (sampled_gnn, metric_val) = (['sg', 'sg', 2, 'global_max_pool', 3500], 0.8404255319148937)
INFO:nas.trainer:eval | (sampled_gnn, metric_val) = (['ssg', 'gmm', 2, 'global_max_pool', 4000], 0.851063829787234)
INFO:nas.trainer:eval | (sampled_gnn, metric_val) = (['gmm', 'gmm', 2, 'global_add_pool', 6000], 0.8829787234042553)
INFO:nas.trainer:eval | (sampled_gnn, metric_val) = (['gcn', 'sage', 2, 'global_mean_pool', 4500], 0.8085106382978723)
INFO:nas.trainer:eval | (sampled_gnn, metric_val) = (['sg', 'gin', 2, 'global_mean_pool', 6000], 0.574468085106383)
INFO:nas.trainer:eval | (sampled_gnn, metric_val) = (['tag', 'sage', 2, 'global_add_pool', 7000], 0.7978723404255319)
INFO:nas.trainer:eval | (sampled_gnn, metric_val) = (['tag', 'gat', 2, 'global_mean_pool', 7000], 0.7872340425531915)
INFO:nas.trainer:eval | (sampled_gnn, metric_val) = (['tag', 'tag', 2, 'global_add_pool', 4500], 0.8723404255319149)
INFO:nas.trainer:train | 29 era_time 9327.00326871872
INFO:nas.trainer:train | train_time 292176.775881052
ERROR:__main__:cfg_file = '/home/ubuntu/GNN-AID/src/nas/cfg/6.yml'
'RandomTrainer' object has no attribute 'derive'
