INFO:__main__:dataset:
- multiple-graphs
- TUDataset
- MUTAG
derive_num: 10
is_random: false
logfname: mutag_basic_no-combinations.log
nas_args:
  dynamic_behaviour: undefined
  dynamic_nas_steps: 150
  forward:
    mode: train
    softmax_temp: 5.0
    tanh_c: 2.5
  hidden_size: 100
  reset:
    init_range: 0.1
ss_args:
  debug: false
  prob_scale: 4
  type: basic
  with_combinations: false
trainer_args:
  derive:
    derive_from_history: false
  eval:
    save_model_flag: false
  train:
    derive_finaly: false
    num_eras: 30
    save_eras: 50
  train_controller:
    epochs: 20

INFO:nas.trainer:eval | (sampled_gnn, metric_val) = (['sage', 2, 'global_mean_pool', 6000], 0.8461538461538461)
INFO:nas.trainer:eval | (sampled_gnn, metric_val) = (['tag', 2, 'global_mean_pool', 7500], 0.8461538461538461)
INFO:nas.trainer:eval | (sampled_gnn, metric_val) = (['gmm', 2, 'global_mean_pool', 8000], 0.8461538461538461)
INFO:nas.trainer:eval | (sampled_gnn, metric_val) = (['tag', 2, 'global_mean_pool', 7000], 0.8205128205128205)
INFO:nas.trainer:eval | (sampled_gnn, metric_val) = (['gmm', 2, 'global_max_pool', 4500], 0.717948717948718)
INFO:nas.trainer:eval | (sampled_gnn, metric_val) = (['sage', 2, 'global_max_pool', 3000], 0.7435897435897436)
INFO:nas.trainer:eval | (sampled_gnn, metric_val) = (['sg', 2, 'global_add_pool', 5500], 0.8205128205128205)
INFO:nas.trainer:eval | (sampled_gnn, metric_val) = (['gcn', 2, 'global_mean_pool', 6500], 0.7948717948717948)
INFO:nas.trainer:eval | (sampled_gnn, metric_val) = (['sage', 2, 'global_max_pool', 7500], 0.7435897435897436)
INFO:nas.trainer:eval | (sampled_gnn, metric_val) = (['tag', 2, 'global_mean_pool', 3000], 0.8717948717948718)
INFO:nas.trainer:eval | (sampled_gnn, metric_val) = (['tag', 2, 'global_add_pool', 5000], 0.7948717948717948)
INFO:nas.trainer:eval | (sampled_gnn, metric_val) = (['gat', 2, 'global_add_pool', 7000], 0.8717948717948718)
INFO:nas.trainer:eval | (sampled_gnn, metric_val) = (['gat', 2, 'global_add_pool', 5000], 0.8717948717948718)
INFO:nas.trainer:eval | (sampled_gnn, metric_val) = (['gcn', 2, 'global_mean_pool', 8000], 0.8205128205128205)
INFO:nas.trainer:eval | (sampled_gnn, metric_val) = (['gmm', 2, 'global_add_pool', 7500], 0.8717948717948718)
INFO:nas.trainer:eval | (sampled_gnn, metric_val) = (['ssg', 2, 'global_add_pool', 5000], 0.8205128205128205)
INFO:nas.trainer:eval | (sampled_gnn, metric_val) = (['gat', 2, 'global_add_pool', 7500], 0.8205128205128205)
INFO:nas.trainer:eval | (sampled_gnn, metric_val) = (['gmm', 2, 'global_mean_pool', 6000], 0.8461538461538461)
INFO:nas.trainer:eval | (sampled_gnn, metric_val) = (['sg', 2, 'global_max_pool', 8000], 0.7435897435897436)
INFO:nas.trainer:eval | (sampled_gnn, metric_val) = (['ssg', 2, 'global_add_pool', 5000], 0.8205128205128205)
INFO:nas.trainer:train | 1 era_time 5406.961894273758
INFO:nas.trainer:eval | (sampled_gnn, metric_val) = (['gmm', 2, 'global_add_pool', 5000], 0.8717948717948718)
INFO:nas.trainer:eval | (sampled_gnn, metric_val) = (['tag', 2, 'global_add_pool', 4500], 0.7948717948717948)
INFO:nas.trainer:eval | (sampled_gnn, metric_val) = (['gmm', 2, 'global_add_pool', 8000], 0.7692307692307693)
INFO:nas.trainer:eval | (sampled_gnn, metric_val) = (['sage', 2, 'global_mean_pool', 5500], 0.8461538461538461)
INFO:nas.trainer:eval | (sampled_gnn, metric_val) = (['gcn', 2, 'global_mean_pool', 4500], 0.7948717948717948)
INFO:nas.trainer:eval | (sampled_gnn, metric_val) = (['gcn', 2, 'global_max_pool', 4000], 0.7435897435897436)
INFO:nas.trainer:eval | (sampled_gnn, metric_val) = (['tag', 2, 'global_max_pool', 3000], 0.8717948717948718)
INFO:nas.trainer:eval | (sampled_gnn, metric_val) = (['gin', 2, 'global_add_pool', 6500], 0.8974358974358975)
INFO:nas.trainer:eval | (sampled_gnn, metric_val) = (['gcn', 2, 'global_add_pool', 6500], 0.7948717948717948)
INFO:nas.trainer:eval | (sampled_gnn, metric_val) = (['gat', 2, 'global_add_pool', 6000], 0.8205128205128205)
INFO:nas.trainer:eval | (sampled_gnn, metric_val) = (['gcn', 2, 'global_max_pool', 3000], 0.7435897435897436)
INFO:nas.trainer:eval | (sampled_gnn, metric_val) = (['ssg', 2, 'global_mean_pool', 3500], 0.8461538461538461)
INFO:nas.trainer:eval | (sampled_gnn, metric_val) = (['gmm', 2, 'global_add_pool', 6500], 0.8717948717948718)
INFO:nas.trainer:eval | (sampled_gnn, metric_val) = (['gin', 2, 'global_max_pool', 6000], 0.8461538461538461)
INFO:nas.trainer:eval | (sampled_gnn, metric_val) = (['gin', 2, 'global_add_pool', 5000], 0.8461538461538461)
INFO:nas.trainer:eval | (sampled_gnn, metric_val) = (['ssg', 2, 'global_max_pool', 5500], 0.7435897435897436)
INFO:nas.trainer:eval | (sampled_gnn, metric_val) = (['sg', 2, 'global_add_pool', 5000], 0.8205128205128205)
INFO:nas.trainer:eval | (sampled_gnn, metric_val) = (['gmm', 2, 'global_mean_pool', 7000], 0.8461538461538461)
INFO:nas.trainer:eval | (sampled_gnn, metric_val) = (['gat', 2, 'global_add_pool', 6000], 0.8717948717948718)
INFO:nas.trainer:eval | (sampled_gnn, metric_val) = (['gmm', 2, 'global_mean_pool', 6000], 0.8461538461538461)
INFO:nas.trainer:train | 2 era_time 4510.030657529831
INFO:nas.trainer:eval | (sampled_gnn, metric_val) = (['sg', 2, 'global_mean_pool', 6000], 0.7948717948717948)
INFO:nas.trainer:eval | (sampled_gnn, metric_val) = (['tag', 2, 'global_mean_pool', 7000], 0.8461538461538461)
INFO:nas.trainer:eval | (sampled_gnn, metric_val) = (['gcn', 2, 'global_mean_pool', 6500], 0.7948717948717948)
INFO:nas.trainer:eval | (sampled_gnn, metric_val) = (['sg', 2, 'global_mean_pool', 6000], 0.8205128205128205)
INFO:nas.trainer:eval | (sampled_gnn, metric_val) = (['tag', 2, 'global_add_pool', 3000], 0.7948717948717948)
INFO:nas.trainer:eval | (sampled_gnn, metric_val) = (['gcn', 2, 'global_mean_pool', 7000], 0.8461538461538461)
INFO:nas.trainer:eval | (sampled_gnn, metric_val) = (['ssg', 2, 'global_add_pool', 4000], 0.7948717948717948)
INFO:nas.trainer:eval | (sampled_gnn, metric_val) = (['ssg', 2, 'global_add_pool', 7500], 0.7948717948717948)
INFO:nas.trainer:eval | (sampled_gnn, metric_val) = (['sg', 2, 'global_add_pool', 6000], 0.8205128205128205)
INFO:nas.trainer:eval | (sampled_gnn, metric_val) = (['gat', 2, 'global_add_pool', 3500], 0.8205128205128205)
INFO:nas.trainer:eval | (sampled_gnn, metric_val) = (['gat', 2, 'global_mean_pool', 7000], 0.8717948717948718)
INFO:nas.trainer:eval | (sampled_gnn, metric_val) = (['sage', 2, 'global_add_pool', 6000], 0.8717948717948718)
INFO:nas.trainer:eval | (sampled_gnn, metric_val) = (['gmm', 2, 'global_mean_pool', 7000], 0.8461538461538461)
INFO:nas.trainer:eval | (sampled_gnn, metric_val) = (['sage', 2, 'global_mean_pool', 3500], 0.8461538461538461)
INFO:nas.trainer:eval | (sampled_gnn, metric_val) = (['gin', 2, 'global_mean_pool', 6000], 0.8461538461538461)
INFO:nas.trainer:eval | (sampled_gnn, metric_val) = (['gin', 2, 'global_mean_pool', 7000], 0.8717948717948718)
INFO:nas.trainer:eval | (sampled_gnn, metric_val) = (['sg', 2, 'global_add_pool', 3500], 0.8205128205128205)
INFO:nas.trainer:eval | (sampled_gnn, metric_val) = (['gmm', 2, 'global_mean_pool', 3000], 0.8461538461538461)
INFO:nas.trainer:eval | (sampled_gnn, metric_val) = (['tag', 2, 'global_mean_pool', 7000], 0.8461538461538461)
INFO:nas.trainer:eval | (sampled_gnn, metric_val) = (['gat', 2, 'global_add_pool', 7000], 0.8205128205128205)
INFO:nas.trainer:train | 3 era_time 4750.649708747864
INFO:nas.trainer:eval | (sampled_gnn, metric_val) = (['gat', 2, 'global_mean_pool', 7000], 0.7948717948717948)
INFO:nas.trainer:eval | (sampled_gnn, metric_val) = (['sage', 2, 'global_mean_pool', 7500], 0.8461538461538461)
INFO:nas.trainer:eval | (sampled_gnn, metric_val) = (['sage', 2, 'global_mean_pool', 7000], 0.8461538461538461)
INFO:nas.trainer:eval | (sampled_gnn, metric_val) = (['tag', 2, 'global_add_pool', 7000], 0.8461538461538461)
INFO:nas.trainer:eval | (sampled_gnn, metric_val) = (['tag', 2, 'global_add_pool', 3500], 0.8461538461538461)
INFO:nas.trainer:eval | (sampled_gnn, metric_val) = (['gin', 2, 'global_mean_pool', 3500], 0.8205128205128205)
INFO:nas.trainer:eval | (sampled_gnn, metric_val) = (['gat', 2, 'global_mean_pool', 6000], 0.8717948717948718)
INFO:nas.trainer:eval | (sampled_gnn, metric_val) = (['sg', 2, 'global_mean_pool', 7500], 0.7692307692307693)
INFO:nas.trainer:eval | (sampled_gnn, metric_val) = (['gin', 2, 'global_mean_pool', 7500], 0.8974358974358975)
INFO:nas.trainer:eval | (sampled_gnn, metric_val) = (['ssg', 2, 'global_add_pool', 6000], 0.7948717948717948)
INFO:nas.trainer:eval | (sampled_gnn, metric_val) = (['gat', 2, 'global_add_pool', 6000], 0.8717948717948718)
INFO:nas.trainer:eval | (sampled_gnn, metric_val) = (['gmm', 2, 'global_mean_pool', 7500], 0.8205128205128205)
INFO:nas.trainer:eval | (sampled_gnn, metric_val) = (['gat', 2, 'global_mean_pool', 3500], 0.7948717948717948)
INFO:nas.trainer:eval | (sampled_gnn, metric_val) = (['sg', 2, 'global_mean_pool', 6000], 0.8205128205128205)
INFO:nas.trainer:eval | (sampled_gnn, metric_val) = (['gin', 2, 'global_mean_pool', 7000], 0.8974358974358975)
INFO:nas.trainer:eval | (sampled_gnn, metric_val) = (['sage', 2, 'global_add_pool', 7500], 0.8717948717948718)
INFO:nas.trainer:eval | (sampled_gnn, metric_val) = (['tag', 2, 'global_add_pool', 7000], 0.8717948717948718)
INFO:nas.trainer:eval | (sampled_gnn, metric_val) = (['sg', 2, 'global_mean_pool', 7000], 0.8205128205128205)
INFO:nas.trainer:eval | (sampled_gnn, metric_val) = (['gat', 2, 'global_mean_pool', 7500], 0.717948717948718)
INFO:nas.trainer:eval | (sampled_gnn, metric_val) = (['sage', 2, 'global_mean_pool', 7000], 0.8461538461538461)
INFO:nas.trainer:train | 4 era_time 5447.146768093109
INFO:nas.trainer:eval | (sampled_gnn, metric_val) = (['gin', 2, 'global_mean_pool', 3500], 0.8461538461538461)
INFO:nas.trainer:eval | (sampled_gnn, metric_val) = (['sage', 2, 'global_add_pool', 6000], 0.8205128205128205)
INFO:nas.trainer:eval | (sampled_gnn, metric_val) = (['gat', 2, 'global_mean_pool', 3500], 0.8461538461538461)
INFO:nas.trainer:eval | (sampled_gnn, metric_val) = (['gat', 2, 'global_add_pool', 3500], 0.8205128205128205)
INFO:nas.trainer:eval | (sampled_gnn, metric_val) = (['gin', 2, 'global_mean_pool', 6000], 0.8461538461538461)
INFO:nas.trainer:eval | (sampled_gnn, metric_val) = (['gin', 2, 'global_mean_pool', 3500], 0.8974358974358975)
INFO:nas.trainer:eval | (sampled_gnn, metric_val) = (['gmm', 2, 'global_add_pool', 3500], 0.8461538461538461)
INFO:nas.trainer:eval | (sampled_gnn, metric_val) = (['gin', 2, 'global_mean_pool', 7000], 0.8461538461538461)
INFO:nas.trainer:eval | (sampled_gnn, metric_val) = (['sg', 2, 'global_mean_pool', 7000], 0.8205128205128205)
INFO:nas.trainer:eval | (sampled_gnn, metric_val) = (['sage', 2, 'global_mean_pool', 6000], 0.8461538461538461)
INFO:nas.trainer:eval | (sampled_gnn, metric_val) = (['gcn', 2, 'global_add_pool', 6000], 0.7948717948717948)
INFO:nas.trainer:eval | (sampled_gnn, metric_val) = (['gin', 2, 'global_add_pool', 6000], 0.8717948717948718)
INFO:nas.trainer:eval | (sampled_gnn, metric_val) = (['tag', 2, 'global_mean_pool', 6000], 0.8205128205128205)
INFO:nas.trainer:eval | (sampled_gnn, metric_val) = (['tag', 2, 'global_mean_pool', 7500], 0.8205128205128205)
INFO:nas.trainer:eval | (sampled_gnn, metric_val) = (['gat', 2, 'global_mean_pool', 3500], 0.8205128205128205)
INFO:nas.trainer:eval | (sampled_gnn, metric_val) = (['gcn', 2, 'global_mean_pool', 3500], 0.7948717948717948)
INFO:nas.trainer:eval | (sampled_gnn, metric_val) = (['tag', 2, 'global_add_pool', 7000], 0.8205128205128205)
INFO:nas.trainer:eval | (sampled_gnn, metric_val) = (['sage', 2, 'global_mean_pool', 7500], 0.8461538461538461)
INFO:nas.trainer:eval | (sampled_gnn, metric_val) = (['ssg', 2, 'global_mean_pool', 6000], 0.7948717948717948)
INFO:nas.trainer:eval | (sampled_gnn, metric_val) = (['tag', 2, 'global_add_pool', 7000], 0.8461538461538461)
INFO:nas.trainer:train | 5 era_time 4617.488176822662
INFO:nas.trainer:eval | (sampled_gnn, metric_val) = (['sage', 2, 'global_mean_pool', 6000], 0.8461538461538461)
INFO:nas.trainer:eval | (sampled_gnn, metric_val) = (['gmm', 2, 'global_mean_pool', 3000], 0.8461538461538461)
INFO:nas.trainer:eval | (sampled_gnn, metric_val) = (['gin', 2, 'global_mean_pool', 7000], 0.8717948717948718)
INFO:nas.trainer:eval | (sampled_gnn, metric_val) = (['gat', 2, 'global_mean_pool', 7000], 0.8205128205128205)
INFO:nas.trainer:eval | (sampled_gnn, metric_val) = (['gmm', 2, 'global_add_pool', 3500], 0.8717948717948718)
INFO:nas.trainer:eval | (sampled_gnn, metric_val) = (['tag', 2, 'global_mean_pool', 7000], 0.8717948717948718)
INFO:nas.trainer:eval | (sampled_gnn, metric_val) = (['gin', 2, 'global_mean_pool', 6000], 0.8205128205128205)
INFO:nas.trainer:eval | (sampled_gnn, metric_val) = (['gin', 2, 'global_add_pool', 3500], 0.8717948717948718)
INFO:nas.trainer:eval | (sampled_gnn, metric_val) = (['sg', 2, 'global_add_pool', 7000], 0.8205128205128205)
INFO:nas.trainer:eval | (sampled_gnn, metric_val) = (['gat', 2, 'global_add_pool', 6000], 0.8717948717948718)
INFO:nas.trainer:eval | (sampled_gnn, metric_val) = (['gin', 2, 'global_mean_pool', 4000], 0.8461538461538461)
INFO:nas.trainer:eval | (sampled_gnn, metric_val) = (['tag', 2, 'global_add_pool', 6000], 0.8461538461538461)
INFO:nas.trainer:eval | (sampled_gnn, metric_val) = (['tag', 2, 'global_mean_pool', 6000], 0.7435897435897436)
INFO:nas.trainer:eval | (sampled_gnn, metric_val) = (['gmm', 2, 'global_add_pool', 6000], 0.8717948717948718)
INFO:nas.trainer:eval | (sampled_gnn, metric_val) = (['sage', 2, 'global_mean_pool', 7000], 0.8461538461538461)
INFO:nas.trainer:eval | (sampled_gnn, metric_val) = (['sg', 2, 'global_add_pool', 3500], 0.8205128205128205)
INFO:nas.trainer:eval | (sampled_gnn, metric_val) = (['gmm', 2, 'global_add_pool', 7000], 0.8461538461538461)
INFO:nas.trainer:eval | (sampled_gnn, metric_val) = (['sage', 2, 'global_add_pool', 7000], 0.8717948717948718)
INFO:nas.trainer:eval | (sampled_gnn, metric_val) = (['sage', 2, 'global_add_pool', 3500], 0.8717948717948718)
INFO:nas.trainer:eval | (sampled_gnn, metric_val) = (['gin', 2, 'global_add_pool', 4000], 0.8461538461538461)
INFO:nas.trainer:train | 6 era_time 4657.623020887375
INFO:nas.trainer:eval | (sampled_gnn, metric_val) = (['sg', 2, 'global_add_pool', 3500], 0.8205128205128205)
INFO:nas.trainer:eval | (sampled_gnn, metric_val) = (['sage', 2, 'global_add_pool', 7000], 0.8461538461538461)
INFO:nas.trainer:eval | (sampled_gnn, metric_val) = (['gcn', 2, 'global_add_pool', 6000], 0.8205128205128205)
INFO:nas.trainer:eval | (sampled_gnn, metric_val) = (['sage', 2, 'global_add_pool', 7000], 0.8205128205128205)
INFO:nas.trainer:eval | (sampled_gnn, metric_val) = (['sg', 2, 'global_add_pool', 7500], 0.7948717948717948)
INFO:nas.trainer:eval | (sampled_gnn, metric_val) = (['gat', 2, 'global_add_pool', 3500], 0.8205128205128205)
INFO:nas.trainer:eval | (sampled_gnn, metric_val) = (['gin', 2, 'global_mean_pool', 7000], 0.8717948717948718)
INFO:nas.trainer:eval | (sampled_gnn, metric_val) = (['tag', 2, 'global_add_pool', 3000], 0.7948717948717948)
INFO:nas.trainer:eval | (sampled_gnn, metric_val) = (['gat', 2, 'global_add_pool', 7000], 0.8717948717948718)
INFO:nas.trainer:eval | (sampled_gnn, metric_val) = (['gin', 2, 'global_add_pool', 3500], 0.8974358974358975)
INFO:nas.trainer:eval | (sampled_gnn, metric_val) = (['tag', 2, 'global_add_pool', 3500], 0.8205128205128205)
INFO:nas.trainer:eval | (sampled_gnn, metric_val) = (['sg', 2, 'global_add_pool', 6000], 0.8205128205128205)
INFO:nas.trainer:eval | (sampled_gnn, metric_val) = (['sage', 2, 'global_add_pool', 7000], 0.8205128205128205)
INFO:nas.trainer:eval | (sampled_gnn, metric_val) = (['sage', 2, 'global_add_pool', 3500], 0.8205128205128205)
INFO:nas.trainer:eval | (sampled_gnn, metric_val) = (['gmm', 2, 'global_add_pool', 3500], 0.8205128205128205)
INFO:nas.trainer:eval | (sampled_gnn, metric_val) = (['gin', 2, 'global_add_pool', 3500], 0.8974358974358975)
INFO:nas.trainer:eval | (sampled_gnn, metric_val) = (['gmm', 2, 'global_add_pool', 7500], 0.7948717948717948)
INFO:nas.trainer:eval | (sampled_gnn, metric_val) = (['sage', 2, 'global_add_pool', 3500], 0.8205128205128205)
INFO:nas.trainer:eval | (sampled_gnn, metric_val) = (['gat', 2, 'global_add_pool', 3500], 0.8717948717948718)
INFO:nas.trainer:eval | (sampled_gnn, metric_val) = (['gin', 2, 'global_mean_pool', 7000], 0.8717948717948718)
INFO:nas.trainer:train | 7 era_time 4296.062500476837
INFO:nas.trainer:eval | (sampled_gnn, metric_val) = (['gat', 2, 'global_mean_pool', 3500], 0.7948717948717948)
INFO:nas.trainer:eval | (sampled_gnn, metric_val) = (['gin', 2, 'global_mean_pool', 3500], 0.8205128205128205)
INFO:nas.trainer:eval | (sampled_gnn, metric_val) = (['gin', 2, 'global_add_pool', 6000], 0.8461538461538461)
INFO:nas.trainer:eval | (sampled_gnn, metric_val) = (['sg', 2, 'global_add_pool', 5500], 0.8205128205128205)
INFO:nas.trainer:eval | (sampled_gnn, metric_val) = (['sg', 2, 'global_add_pool', 4000], 0.7948717948717948)
INFO:nas.trainer:eval | (sampled_gnn, metric_val) = (['gat', 2, 'global_add_pool', 3500], 0.8717948717948718)
INFO:nas.trainer:eval | (sampled_gnn, metric_val) = (['gin', 2, 'global_add_pool', 7000], 0.7948717948717948)
INFO:nas.trainer:eval | (sampled_gnn, metric_val) = (['sage', 2, 'global_mean_pool', 3500], 0.8461538461538461)
INFO:nas.trainer:eval | (sampled_gnn, metric_val) = (['gin', 2, 'global_add_pool', 7000], 0.8974358974358975)
INFO:nas.trainer:eval | (sampled_gnn, metric_val) = (['sage', 2, 'global_add_pool', 3500], 0.8717948717948718)
INFO:nas.trainer:eval | (sampled_gnn, metric_val) = (['gin', 2, 'global_add_pool', 7000], 0.8717948717948718)
INFO:nas.trainer:eval | (sampled_gnn, metric_val) = (['gin', 2, 'global_add_pool', 6000], 0.8717948717948718)
INFO:nas.trainer:eval | (sampled_gnn, metric_val) = (['gin', 2, 'global_mean_pool', 6000], 0.6666666666666666)
INFO:nas.trainer:eval | (sampled_gnn, metric_val) = (['gin', 2, 'global_add_pool', 7000], 0.8717948717948718)
INFO:nas.trainer:eval | (sampled_gnn, metric_val) = (['sage', 2, 'global_add_pool', 6000], 0.8205128205128205)
INFO:nas.trainer:eval | (sampled_gnn, metric_val) = (['sg', 2, 'global_add_pool', 7000], 0.8205128205128205)
INFO:nas.trainer:eval | (sampled_gnn, metric_val) = (['gat', 2, 'global_add_pool', 3500], 0.8717948717948718)
INFO:nas.trainer:eval | (sampled_gnn, metric_val) = (['gmm', 2, 'global_add_pool', 7000], 0.8461538461538461)
INFO:nas.trainer:eval | (sampled_gnn, metric_val) = (['gin', 2, 'global_add_pool', 7000], 0.8717948717948718)
INFO:nas.trainer:eval | (sampled_gnn, metric_val) = (['gin', 2, 'global_add_pool', 7000], 0.8717948717948718)
INFO:nas.trainer:train | 8 era_time 4570.535444021225
INFO:nas.trainer:eval | (sampled_gnn, metric_val) = (['sage', 2, 'global_add_pool', 7000], 0.8461538461538461)
INFO:nas.trainer:eval | (sampled_gnn, metric_val) = (['gin', 2, 'global_add_pool', 3000], 0.8974358974358975)
INFO:nas.trainer:eval | (sampled_gnn, metric_val) = (['gin', 2, 'global_add_pool', 7000], 0.9230769230769231)
INFO:nas.trainer:eval | (sampled_gnn, metric_val) = (['tag', 2, 'global_add_pool', 3500], 0.8205128205128205)
INFO:nas.trainer:eval | (sampled_gnn, metric_val) = (['gat', 2, 'global_add_pool', 7000], 0.8205128205128205)
INFO:nas.trainer:eval | (sampled_gnn, metric_val) = (['gin', 2, 'global_add_pool', 3500], 0.8461538461538461)
INFO:nas.trainer:eval | (sampled_gnn, metric_val) = (['gat', 2, 'global_add_pool', 7000], 0.8205128205128205)
INFO:nas.trainer:eval | (sampled_gnn, metric_val) = (['gmm', 2, 'global_add_pool', 7000], 0.8717948717948718)
INFO:nas.trainer:eval | (sampled_gnn, metric_val) = (['gat', 2, 'global_add_pool', 3500], 0.8205128205128205)
INFO:nas.trainer:eval | (sampled_gnn, metric_val) = (['ssg', 2, 'global_add_pool', 5500], 0.7948717948717948)
INFO:nas.trainer:eval | (sampled_gnn, metric_val) = (['gin', 2, 'global_add_pool', 3500], 0.8717948717948718)
INFO:nas.trainer:eval | (sampled_gnn, metric_val) = (['gat', 2, 'global_add_pool', 7000], 0.7692307692307693)
INFO:nas.trainer:eval | (sampled_gnn, metric_val) = (['gmm', 2, 'global_add_pool', 3500], 0.8717948717948718)
INFO:nas.trainer:eval | (sampled_gnn, metric_val) = (['sage', 2, 'global_add_pool', 3500], 0.8461538461538461)
INFO:nas.trainer:eval | (sampled_gnn, metric_val) = (['gin', 2, 'global_add_pool', 7000], 0.8205128205128205)
INFO:nas.trainer:eval | (sampled_gnn, metric_val) = (['sage', 2, 'global_add_pool', 7000], 0.8717948717948718)
INFO:nas.trainer:eval | (sampled_gnn, metric_val) = (['gmm', 2, 'global_add_pool', 3500], 0.8205128205128205)
INFO:nas.trainer:eval | (sampled_gnn, metric_val) = (['gat', 2, 'global_add_pool', 7000], 0.8205128205128205)
INFO:nas.trainer:eval | (sampled_gnn, metric_val) = (['sage', 2, 'global_add_pool', 5500], 0.8717948717948718)
INFO:nas.trainer:eval | (sampled_gnn, metric_val) = (['gat', 2, 'global_add_pool', 4500], 0.8205128205128205)
INFO:nas.trainer:train | 9 era_time 4621.642375707626
INFO:nas.trainer:eval | (sampled_gnn, metric_val) = (['gat', 2, 'global_add_pool', 3500], 0.8717948717948718)
INFO:nas.trainer:eval | (sampled_gnn, metric_val) = (['gin', 2, 'global_add_pool', 6000], 0.8974358974358975)
INFO:nas.trainer:eval | (sampled_gnn, metric_val) = (['sage', 2, 'global_add_pool', 3500], 0.8461538461538461)
INFO:nas.trainer:eval | (sampled_gnn, metric_val) = (['gin', 2, 'global_add_pool', 7000], 0.8461538461538461)
INFO:nas.trainer:eval | (sampled_gnn, metric_val) = (['gin', 2, 'global_add_pool', 4500], 0.8717948717948718)
INFO:nas.trainer:eval | (sampled_gnn, metric_val) = (['gin', 2, 'global_add_pool', 7000], 0.8974358974358975)
INFO:nas.trainer:eval | (sampled_gnn, metric_val) = (['ssg', 2, 'global_add_pool', 7000], 0.8205128205128205)
INFO:nas.trainer:eval | (sampled_gnn, metric_val) = (['sage', 2, 'global_add_pool', 3500], 0.8717948717948718)
INFO:nas.trainer:eval | (sampled_gnn, metric_val) = (['gin', 2, 'global_add_pool', 3500], 0.8717948717948718)
INFO:nas.trainer:eval | (sampled_gnn, metric_val) = (['sage', 2, 'global_add_pool', 3500], 0.8205128205128205)
INFO:nas.trainer:eval | (sampled_gnn, metric_val) = (['gmm', 2, 'global_add_pool', 7000], 0.8205128205128205)
INFO:nas.trainer:eval | (sampled_gnn, metric_val) = (['gin', 2, 'global_add_pool', 3000], 0.8974358974358975)
INFO:nas.trainer:eval | (sampled_gnn, metric_val) = (['gat', 2, 'global_add_pool', 7000], 0.8717948717948718)
INFO:nas.trainer:eval | (sampled_gnn, metric_val) = (['gcn', 2, 'global_add_pool', 7000], 0.7948717948717948)
INFO:nas.trainer:eval | (sampled_gnn, metric_val) = (['tag', 2, 'global_add_pool', 7000], 0.7948717948717948)
INFO:nas.trainer:eval | (sampled_gnn, metric_val) = (['gat', 2, 'global_add_pool', 3000], 0.8205128205128205)
INFO:nas.trainer:eval | (sampled_gnn, metric_val) = (['gin', 2, 'global_add_pool', 3500], 0.8717948717948718)
INFO:nas.trainer:eval | (sampled_gnn, metric_val) = (['sage', 2, 'global_add_pool', 3500], 0.8717948717948718)
INFO:nas.trainer:eval | (sampled_gnn, metric_val) = (['gin', 2, 'global_add_pool', 7000], 0.8717948717948718)
INFO:nas.trainer:eval | (sampled_gnn, metric_val) = (['ssg', 2, 'global_add_pool', 7000], 0.8205128205128205)
INFO:nas.trainer:train | 10 era_time 4412.222294330597
INFO:nas.trainer:eval | (sampled_gnn, metric_val) = (['gcn', 2, 'global_add_pool', 3000], 0.8205128205128205)
INFO:nas.trainer:eval | (sampled_gnn, metric_val) = (['sage', 2, 'global_add_pool', 7000], 0.8717948717948718)
INFO:nas.trainer:eval | (sampled_gnn, metric_val) = (['sage', 2, 'global_add_pool', 6000], 0.8717948717948718)
INFO:nas.trainer:eval | (sampled_gnn, metric_val) = (['sage', 2, 'global_add_pool', 3000], 0.8205128205128205)
INFO:nas.trainer:eval | (sampled_gnn, metric_val) = (['sage', 2, 'global_add_pool', 7000], 0.8717948717948718)
INFO:nas.trainer:eval | (sampled_gnn, metric_val) = (['sage', 2, 'global_add_pool', 5500], 0.8717948717948718)
INFO:nas.trainer:eval | (sampled_gnn, metric_val) = (['gmm', 2, 'global_add_pool', 3500], 0.8205128205128205)
INFO:nas.trainer:eval | (sampled_gnn, metric_val) = (['gin', 2, 'global_add_pool', 7000], 0.8205128205128205)
INFO:nas.trainer:eval | (sampled_gnn, metric_val) = (['gin', 2, 'global_add_pool', 7000], 0.8717948717948718)
INFO:nas.trainer:eval | (sampled_gnn, metric_val) = (['gin', 2, 'global_add_pool', 6000], 0.8974358974358975)
INFO:nas.trainer:eval | (sampled_gnn, metric_val) = (['gin', 2, 'global_add_pool', 3500], 0.8717948717948718)
INFO:nas.trainer:eval | (sampled_gnn, metric_val) = (['gat', 2, 'global_add_pool', 3500], 0.8205128205128205)
INFO:nas.trainer:eval | (sampled_gnn, metric_val) = (['gin', 2, 'global_add_pool', 3500], 0.8974358974358975)
INFO:nas.trainer:eval | (sampled_gnn, metric_val) = (['gin', 2, 'global_add_pool', 3500], 0.8461538461538461)
INFO:nas.trainer:eval | (sampled_gnn, metric_val) = (['gin', 2, 'global_add_pool', 3500], 0.8717948717948718)
INFO:nas.trainer:eval | (sampled_gnn, metric_val) = (['gat', 2, 'global_add_pool', 5500], 0.8461538461538461)
INFO:nas.trainer:eval | (sampled_gnn, metric_val) = (['gin', 2, 'global_add_pool', 7500], 0.8461538461538461)
INFO:nas.trainer:eval | (sampled_gnn, metric_val) = (['gmm', 2, 'global_add_pool', 7000], 0.8205128205128205)
INFO:nas.trainer:eval | (sampled_gnn, metric_val) = (['gin', 2, 'global_add_pool', 3000], 0.8461538461538461)
INFO:nas.trainer:eval | (sampled_gnn, metric_val) = (['gin', 2, 'global_add_pool', 7000], 0.8461538461538461)
INFO:nas.trainer:train | 11 era_time 4248.947029829025
INFO:nas.trainer:eval | (sampled_gnn, metric_val) = (['gin', 2, 'global_add_pool', 5500], 0.8461538461538461)
INFO:nas.trainer:eval | (sampled_gnn, metric_val) = (['sage', 2, 'global_add_pool', 7000], 0.8717948717948718)
INFO:nas.trainer:eval | (sampled_gnn, metric_val) = (['sage', 2, 'global_add_pool', 3500], 0.8205128205128205)
INFO:nas.trainer:eval | (sampled_gnn, metric_val) = (['gin', 2, 'global_add_pool', 4000], 0.8717948717948718)
INFO:nas.trainer:eval | (sampled_gnn, metric_val) = (['sg', 2, 'global_add_pool', 7000], 0.8205128205128205)
INFO:nas.trainer:eval | (sampled_gnn, metric_val) = (['sage', 2, 'global_add_pool', 7500], 0.8205128205128205)
INFO:nas.trainer:eval | (sampled_gnn, metric_val) = (['tag', 2, 'global_add_pool', 6000], 0.8461538461538461)
INFO:nas.trainer:eval | (sampled_gnn, metric_val) = (['gin', 2, 'global_add_pool', 5500], 0.8717948717948718)
INFO:nas.trainer:eval | (sampled_gnn, metric_val) = (['gin', 2, 'global_add_pool', 7000], 0.8717948717948718)
INFO:nas.trainer:eval | (sampled_gnn, metric_val) = (['gin', 2, 'global_mean_pool', 7000], 0.8974358974358975)
INFO:nas.trainer:eval | (sampled_gnn, metric_val) = (['sage', 2, 'global_add_pool', 7000], 0.8717948717948718)
INFO:nas.trainer:eval | (sampled_gnn, metric_val) = (['sage', 2, 'global_add_pool', 7000], 0.8461538461538461)
INFO:nas.trainer:eval | (sampled_gnn, metric_val) = (['sage', 2, 'global_mean_pool', 7000], 0.8461538461538461)
INFO:nas.trainer:eval | (sampled_gnn, metric_val) = (['gin', 2, 'global_add_pool', 6000], 0.8717948717948718)
INFO:nas.trainer:eval | (sampled_gnn, metric_val) = (['gin', 2, 'global_add_pool', 7000], 0.8717948717948718)
INFO:nas.trainer:eval | (sampled_gnn, metric_val) = (['gin', 2, 'global_add_pool', 7000], 0.8717948717948718)
INFO:nas.trainer:eval | (sampled_gnn, metric_val) = (['gin', 2, 'global_add_pool', 7000], 0.8974358974358975)
INFO:nas.trainer:eval | (sampled_gnn, metric_val) = (['gin', 2, 'global_add_pool', 3500], 0.8717948717948718)
INFO:nas.trainer:eval | (sampled_gnn, metric_val) = (['gat', 2, 'global_add_pool', 7000], 0.8717948717948718)
INFO:nas.trainer:eval | (sampled_gnn, metric_val) = (['sage', 2, 'global_add_pool', 5500], 0.8205128205128205)
INFO:nas.trainer:train | 12 era_time 5155.4367842674255
INFO:nas.trainer:eval | (sampled_gnn, metric_val) = (['gin', 2, 'global_add_pool', 7000], 0.8461538461538461)
INFO:nas.trainer:eval | (sampled_gnn, metric_val) = (['gin', 2, 'global_mean_pool', 3500], 0.8974358974358975)
INFO:nas.trainer:eval | (sampled_gnn, metric_val) = (['gin', 2, 'global_add_pool', 3500], 0.8974358974358975)
INFO:nas.trainer:eval | (sampled_gnn, metric_val) = (['gin', 2, 'global_add_pool', 3500], 0.8717948717948718)
INFO:nas.trainer:eval | (sampled_gnn, metric_val) = (['gin', 2, 'global_add_pool', 3000], 0.8974358974358975)
INFO:nas.trainer:eval | (sampled_gnn, metric_val) = (['sage', 2, 'global_mean_pool', 5500], 0.8461538461538461)
INFO:nas.trainer:eval | (sampled_gnn, metric_val) = (['gin', 2, 'global_add_pool', 6000], 0.8974358974358975)
INFO:nas.trainer:eval | (sampled_gnn, metric_val) = (['gat', 2, 'global_add_pool', 7000], 0.7948717948717948)
INFO:nas.trainer:eval | (sampled_gnn, metric_val) = (['gin', 2, 'global_add_pool', 7500], 0.8717948717948718)
INFO:nas.trainer:eval | (sampled_gnn, metric_val) = (['gcn', 2, 'global_add_pool', 7000], 0.7948717948717948)
INFO:nas.trainer:eval | (sampled_gnn, metric_val) = (['sage', 2, 'global_mean_pool', 7000], 0.8461538461538461)
INFO:nas.trainer:eval | (sampled_gnn, metric_val) = (['gin', 2, 'global_add_pool', 3500], 0.8974358974358975)
INFO:nas.trainer:eval | (sampled_gnn, metric_val) = (['gin', 2, 'global_add_pool', 6000], 0.8461538461538461)
INFO:nas.trainer:eval | (sampled_gnn, metric_val) = (['sage', 2, 'global_add_pool', 6000], 0.8205128205128205)
INFO:nas.trainer:eval | (sampled_gnn, metric_val) = (['gin', 2, 'global_add_pool', 7000], 0.8717948717948718)
INFO:nas.trainer:eval | (sampled_gnn, metric_val) = (['gin', 2, 'global_add_pool', 7000], 0.8717948717948718)
INFO:nas.trainer:eval | (sampled_gnn, metric_val) = (['gin', 2, 'global_mean_pool', 3500], 0.8717948717948718)
INFO:nas.trainer:eval | (sampled_gnn, metric_val) = (['gin', 2, 'global_add_pool', 7000], 0.8461538461538461)
INFO:nas.trainer:eval | (sampled_gnn, metric_val) = (['ssg', 2, 'global_add_pool', 3500], 0.8205128205128205)
INFO:nas.trainer:eval | (sampled_gnn, metric_val) = (['gin', 2, 'global_add_pool', 6000], 0.8717948717948718)
INFO:nas.trainer:train | 13 era_time 4603.78209066391
INFO:nas.trainer:eval | (sampled_gnn, metric_val) = (['gin', 2, 'global_add_pool', 6000], 0.8974358974358975)
INFO:nas.trainer:eval | (sampled_gnn, metric_val) = (['gin', 2, 'global_add_pool', 6000], 0.8461538461538461)
INFO:nas.trainer:eval | (sampled_gnn, metric_val) = (['sage', 2, 'global_mean_pool', 7000], 0.8461538461538461)
INFO:nas.trainer:eval | (sampled_gnn, metric_val) = (['gin', 2, 'global_add_pool', 3500], 0.8461538461538461)
INFO:nas.trainer:eval | (sampled_gnn, metric_val) = (['gin', 2, 'global_add_pool', 3500], 0.8717948717948718)
INFO:nas.trainer:eval | (sampled_gnn, metric_val) = (['sage', 2, 'global_add_pool', 7000], 0.8717948717948718)
INFO:nas.trainer:eval | (sampled_gnn, metric_val) = (['gin', 2, 'global_mean_pool', 7000], 0.8717948717948718)
INFO:nas.trainer:eval | (sampled_gnn, metric_val) = (['gin', 2, 'global_add_pool', 6000], 0.8974358974358975)
INFO:nas.trainer:eval | (sampled_gnn, metric_val) = (['gat', 2, 'global_add_pool', 7000], 0.8205128205128205)
INFO:nas.trainer:eval | (sampled_gnn, metric_val) = (['sage', 2, 'global_add_pool', 3500], 0.8205128205128205)
INFO:nas.trainer:eval | (sampled_gnn, metric_val) = (['gin', 2, 'global_add_pool', 3500], 0.8717948717948718)
INFO:nas.trainer:eval | (sampled_gnn, metric_val) = (['gin', 2, 'global_add_pool', 7000], 0.8717948717948718)
INFO:nas.trainer:eval | (sampled_gnn, metric_val) = (['sage', 2, 'global_add_pool', 6000], 0.8717948717948718)
INFO:nas.trainer:eval | (sampled_gnn, metric_val) = (['gin', 2, 'global_mean_pool', 5500], 0.8717948717948718)
INFO:nas.trainer:eval | (sampled_gnn, metric_val) = (['gin', 2, 'global_add_pool', 4000], 0.8974358974358975)
INFO:nas.trainer:eval | (sampled_gnn, metric_val) = (['gmm', 2, 'global_add_pool', 7500], 0.8717948717948718)
INFO:nas.trainer:eval | (sampled_gnn, metric_val) = (['sage', 2, 'global_add_pool', 7000], 0.8717948717948718)
INFO:nas.trainer:eval | (sampled_gnn, metric_val) = (['gin', 2, 'global_add_pool', 3500], 0.8717948717948718)
INFO:nas.trainer:eval | (sampled_gnn, metric_val) = (['gin', 2, 'global_add_pool', 3500], 0.8461538461538461)
INFO:nas.trainer:eval | (sampled_gnn, metric_val) = (['gin', 2, 'global_add_pool', 3000], 0.8717948717948718)
INFO:nas.trainer:train | 14 era_time 4408.180683374405
INFO:nas.trainer:eval | (sampled_gnn, metric_val) = (['gcn', 2, 'global_add_pool', 3500], 0.8205128205128205)
INFO:nas.trainer:eval | (sampled_gnn, metric_val) = (['gin', 2, 'global_add_pool', 6000], 0.8974358974358975)
INFO:nas.trainer:eval | (sampled_gnn, metric_val) = (['gin', 2, 'global_add_pool', 4000], 0.8717948717948718)
INFO:nas.trainer:eval | (sampled_gnn, metric_val) = (['gin', 2, 'global_add_pool', 3500], 0.8717948717948718)
INFO:nas.trainer:eval | (sampled_gnn, metric_val) = (['gin', 2, 'global_add_pool', 3000], 0.8974358974358975)
INFO:nas.trainer:eval | (sampled_gnn, metric_val) = (['gin', 2, 'global_add_pool', 3500], 0.8205128205128205)
INFO:nas.trainer:eval | (sampled_gnn, metric_val) = (['tag', 2, 'global_mean_pool', 6000], 0.8205128205128205)
INFO:nas.trainer:eval | (sampled_gnn, metric_val) = (['gin', 2, 'global_add_pool', 7000], 0.8717948717948718)
INFO:nas.trainer:eval | (sampled_gnn, metric_val) = (['gin', 2, 'global_add_pool', 6000], 0.8205128205128205)
INFO:nas.trainer:eval | (sampled_gnn, metric_val) = (['gat', 2, 'global_max_pool', 3000], 0.717948717948718)
INFO:nas.trainer:eval | (sampled_gnn, metric_val) = (['gmm', 2, 'global_add_pool', 3000], 0.8717948717948718)
INFO:nas.trainer:eval | (sampled_gnn, metric_val) = (['sage', 2, 'global_add_pool', 6000], 0.8717948717948718)
INFO:nas.trainer:eval | (sampled_gnn, metric_val) = (['gin', 2, 'global_add_pool', 3500], 0.8205128205128205)
INFO:nas.trainer:eval | (sampled_gnn, metric_val) = (['sage', 2, 'global_add_pool', 5000], 0.8717948717948718)
INFO:nas.trainer:eval | (sampled_gnn, metric_val) = (['sage', 2, 'global_mean_pool', 5000], 0.8461538461538461)
INFO:nas.trainer:eval | (sampled_gnn, metric_val) = (['gin', 2, 'global_add_pool', 3500], 0.8974358974358975)
INFO:nas.trainer:eval | (sampled_gnn, metric_val) = (['gin', 2, 'global_mean_pool', 6000], 0.8717948717948718)
INFO:nas.trainer:eval | (sampled_gnn, metric_val) = (['gin', 2, 'global_add_pool', 3000], 0.8461538461538461)
INFO:nas.trainer:eval | (sampled_gnn, metric_val) = (['sage', 2, 'global_add_pool', 7000], 0.8717948717948718)
INFO:nas.trainer:eval | (sampled_gnn, metric_val) = (['gin', 2, 'global_add_pool', 7000], 0.8717948717948718)
INFO:nas.trainer:train | 15 era_time 3922.5604276657104
INFO:nas.trainer:eval | (sampled_gnn, metric_val) = (['gmm', 2, 'global_add_pool', 7000], 0.8717948717948718)
INFO:nas.trainer:eval | (sampled_gnn, metric_val) = (['sage', 2, 'global_add_pool', 3000], 0.8717948717948718)
INFO:nas.trainer:eval | (sampled_gnn, metric_val) = (['gin', 2, 'global_add_pool', 7000], 0.8974358974358975)
INFO:nas.trainer:eval | (sampled_gnn, metric_val) = (['sage', 2, 'global_add_pool', 6000], 0.8205128205128205)
INFO:nas.trainer:eval | (sampled_gnn, metric_val) = (['gmm', 2, 'global_add_pool', 3000], 0.8205128205128205)
INFO:nas.trainer:eval | (sampled_gnn, metric_val) = (['gin', 2, 'global_add_pool', 4000], 0.8974358974358975)
INFO:nas.trainer:eval | (sampled_gnn, metric_val) = (['gin', 2, 'global_add_pool', 5000], 0.8717948717948718)
INFO:nas.trainer:eval | (sampled_gnn, metric_val) = (['gin', 2, 'global_add_pool', 6000], 0.8974358974358975)
INFO:nas.trainer:eval | (sampled_gnn, metric_val) = (['gin', 2, 'global_add_pool', 3000], 0.8717948717948718)
INFO:nas.trainer:eval | (sampled_gnn, metric_val) = (['gin', 2, 'global_max_pool', 3000], 0.8205128205128205)
INFO:nas.trainer:eval | (sampled_gnn, metric_val) = (['gin', 2, 'global_add_pool', 3000], 0.8461538461538461)
INFO:nas.trainer:eval | (sampled_gnn, metric_val) = (['sage', 2, 'global_mean_pool', 4000], 0.7948717948717948)
INFO:nas.trainer:eval | (sampled_gnn, metric_val) = (['gin', 2, 'global_add_pool', 5000], 0.8717948717948718)
INFO:nas.trainer:eval | (sampled_gnn, metric_val) = (['gin', 2, 'global_add_pool', 3000], 0.8461538461538461)
INFO:nas.trainer:eval | (sampled_gnn, metric_val) = (['gin', 2, 'global_add_pool', 3500], 0.8461538461538461)
INFO:nas.trainer:eval | (sampled_gnn, metric_val) = (['gin', 2, 'global_add_pool', 3500], 0.8461538461538461)
INFO:nas.trainer:eval | (sampled_gnn, metric_val) = (['sage', 2, 'global_add_pool', 5000], 0.8717948717948718)
INFO:nas.trainer:eval | (sampled_gnn, metric_val) = (['sage', 2, 'global_add_pool', 5000], 0.8717948717948718)
INFO:nas.trainer:eval | (sampled_gnn, metric_val) = (['gin', 2, 'global_mean_pool', 4000], 0.8461538461538461)
INFO:nas.trainer:eval | (sampled_gnn, metric_val) = (['sg', 2, 'global_add_pool', 3000], 0.8205128205128205)
INFO:nas.trainer:train | 16 era_time 3563.528384208679
INFO:nas.trainer:eval | (sampled_gnn, metric_val) = (['gin', 2, 'global_add_pool', 6000], 0.8717948717948718)
INFO:nas.trainer:eval | (sampled_gnn, metric_val) = (['gin', 2, 'global_add_pool', 3500], 0.8717948717948718)
INFO:nas.trainer:eval | (sampled_gnn, metric_val) = (['gin', 2, 'global_add_pool', 6000], 0.8974358974358975)
INFO:nas.trainer:eval | (sampled_gnn, metric_val) = (['gin', 2, 'global_add_pool', 6000], 0.8461538461538461)
INFO:nas.trainer:eval | (sampled_gnn, metric_val) = (['gin', 2, 'global_add_pool', 5500], 0.7435897435897436)
INFO:nas.trainer:eval | (sampled_gnn, metric_val) = (['gmm', 2, 'global_add_pool', 5000], 0.8205128205128205)
INFO:nas.trainer:eval | (sampled_gnn, metric_val) = (['gin', 2, 'global_add_pool', 6000], 0.8205128205128205)
INFO:nas.trainer:eval | (sampled_gnn, metric_val) = (['gin', 2, 'global_add_pool', 6000], 0.8717948717948718)
INFO:nas.trainer:eval | (sampled_gnn, metric_val) = (['gin', 2, 'global_add_pool', 5500], 0.8461538461538461)
INFO:nas.trainer:eval | (sampled_gnn, metric_val) = (['gin', 2, 'global_add_pool', 7000], 0.8717948717948718)
INFO:nas.trainer:eval | (sampled_gnn, metric_val) = (['gmm', 2, 'global_add_pool', 5000], 0.7948717948717948)
INFO:nas.trainer:eval | (sampled_gnn, metric_val) = (['gin', 2, 'global_add_pool', 6000], 0.8461538461538461)
INFO:nas.trainer:eval | (sampled_gnn, metric_val) = (['gin', 2, 'global_add_pool', 5000], 0.9230769230769231)
INFO:nas.trainer:eval | (sampled_gnn, metric_val) = (['tag', 2, 'global_add_pool', 5000], 0.8205128205128205)
INFO:nas.trainer:eval | (sampled_gnn, metric_val) = (['gin', 2, 'global_add_pool', 7000], 0.8461538461538461)
INFO:nas.trainer:eval | (sampled_gnn, metric_val) = (['gin', 2, 'global_add_pool', 3500], 0.8974358974358975)
INFO:nas.trainer:eval | (sampled_gnn, metric_val) = (['sage', 2, 'global_add_pool', 4000], 0.8205128205128205)
INFO:nas.trainer:eval | (sampled_gnn, metric_val) = (['gin', 2, 'global_add_pool', 7000], 0.8974358974358975)
INFO:nas.trainer:eval | (sampled_gnn, metric_val) = (['gin', 2, 'global_add_pool', 3000], 0.8461538461538461)
INFO:nas.trainer:eval | (sampled_gnn, metric_val) = (['gin', 2, 'global_add_pool', 7000], 0.7948717948717948)
INFO:nas.trainer:train | 17 era_time 4542.59374833107
INFO:nas.trainer:eval | (sampled_gnn, metric_val) = (['gin', 2, 'global_add_pool', 5000], 0.8974358974358975)
INFO:nas.trainer:eval | (sampled_gnn, metric_val) = (['gin', 2, 'global_add_pool', 3500], 0.8717948717948718)
INFO:nas.trainer:eval | (sampled_gnn, metric_val) = (['gin', 2, 'global_add_pool', 5000], 0.8205128205128205)
INFO:nas.trainer:eval | (sampled_gnn, metric_val) = (['gin', 2, 'global_add_pool', 6000], 0.8974358974358975)
INFO:nas.trainer:eval | (sampled_gnn, metric_val) = (['gin', 2, 'global_add_pool', 3500], 0.8717948717948718)
INFO:nas.trainer:eval | (sampled_gnn, metric_val) = (['gmm', 2, 'global_add_pool', 6500], 0.8717948717948718)
INFO:nas.trainer:eval | (sampled_gnn, metric_val) = (['gin', 2, 'global_add_pool', 4000], 0.8461538461538461)
INFO:nas.trainer:eval | (sampled_gnn, metric_val) = (['gin', 2, 'global_add_pool', 6000], 0.8461538461538461)
INFO:nas.trainer:eval | (sampled_gnn, metric_val) = (['gmm', 2, 'global_add_pool', 7000], 0.8717948717948718)
INFO:nas.trainer:eval | (sampled_gnn, metric_val) = (['ssg', 2, 'global_add_pool', 7000], 0.7948717948717948)
INFO:nas.trainer:eval | (sampled_gnn, metric_val) = (['gin', 2, 'global_add_pool', 6000], 0.8717948717948718)
INFO:nas.trainer:eval | (sampled_gnn, metric_val) = (['tag', 2, 'global_add_pool', 7000], 0.8461538461538461)
INFO:nas.trainer:eval | (sampled_gnn, metric_val) = (['gin', 2, 'global_add_pool', 7000], 0.8717948717948718)
INFO:nas.trainer:eval | (sampled_gnn, metric_val) = (['gin', 2, 'global_add_pool', 8000], 0.8974358974358975)
INFO:nas.trainer:eval | (sampled_gnn, metric_val) = (['sage', 2, 'global_add_pool', 6500], 0.8717948717948718)
INFO:nas.trainer:eval | (sampled_gnn, metric_val) = (['gin', 2, 'global_add_pool', 5000], 0.8717948717948718)
INFO:nas.trainer:eval | (sampled_gnn, metric_val) = (['gin', 2, 'global_add_pool', 6500], 0.8717948717948718)
INFO:nas.trainer:eval | (sampled_gnn, metric_val) = (['gin', 2, 'global_add_pool', 3500], 0.8461538461538461)
INFO:nas.trainer:eval | (sampled_gnn, metric_val) = (['gin', 2, 'global_add_pool', 6000], 0.8717948717948718)
INFO:nas.trainer:eval | (sampled_gnn, metric_val) = (['gin', 2, 'global_mean_pool', 4000], 0.8205128205128205)
INFO:nas.trainer:train | 18 era_time 4690.986646652222
INFO:nas.trainer:eval | (sampled_gnn, metric_val) = (['gin', 2, 'global_add_pool', 3500], 0.8717948717948718)
INFO:nas.trainer:eval | (sampled_gnn, metric_val) = (['gin', 2, 'global_add_pool', 5000], 0.8717948717948718)
INFO:nas.trainer:eval | (sampled_gnn, metric_val) = (['gin', 2, 'global_add_pool', 4000], 0.8974358974358975)
INFO:nas.trainer:eval | (sampled_gnn, metric_val) = (['gin', 2, 'global_max_pool', 7000], 0.8205128205128205)
INFO:nas.trainer:eval | (sampled_gnn, metric_val) = (['gin', 2, 'global_add_pool', 8000], 0.8205128205128205)
INFO:nas.trainer:eval | (sampled_gnn, metric_val) = (['gin', 2, 'global_add_pool', 4000], 0.8717948717948718)
INFO:nas.trainer:eval | (sampled_gnn, metric_val) = (['gin', 2, 'global_add_pool', 4000], 0.8205128205128205)
INFO:nas.trainer:eval | (sampled_gnn, metric_val) = (['sage', 2, 'global_add_pool', 4000], 0.8717948717948718)
INFO:nas.trainer:eval | (sampled_gnn, metric_val) = (['gin', 2, 'global_add_pool', 6000], 0.8461538461538461)
INFO:nas.trainer:eval | (sampled_gnn, metric_val) = (['sage', 2, 'global_add_pool', 6500], 0.8717948717948718)
INFO:nas.trainer:eval | (sampled_gnn, metric_val) = (['gin', 2, 'global_add_pool', 3500], 0.8717948717948718)
INFO:nas.trainer:eval | (sampled_gnn, metric_val) = (['gin', 2, 'global_add_pool', 6500], 0.8974358974358975)
INFO:nas.trainer:eval | (sampled_gnn, metric_val) = (['sage', 2, 'global_add_pool', 8000], 0.8717948717948718)
INFO:nas.trainer:eval | (sampled_gnn, metric_val) = (['gin', 2, 'global_add_pool', 5000], 0.8717948717948718)
INFO:nas.trainer:eval | (sampled_gnn, metric_val) = (['sage', 2, 'global_add_pool', 5000], 0.8717948717948718)
INFO:nas.trainer:eval | (sampled_gnn, metric_val) = (['gin', 2, 'global_add_pool', 7000], 0.9230769230769231)
INFO:nas.trainer:eval | (sampled_gnn, metric_val) = (['ssg', 2, 'global_add_pool', 7000], 0.8205128205128205)
INFO:nas.trainer:eval | (sampled_gnn, metric_val) = (['gin', 2, 'global_add_pool', 6500], 0.8717948717948718)
INFO:nas.trainer:eval | (sampled_gnn, metric_val) = (['sage', 2, 'global_add_pool', 7000], 0.8205128205128205)
INFO:nas.trainer:eval | (sampled_gnn, metric_val) = (['gin', 2, 'global_add_pool', 3500], 0.8717948717948718)
INFO:nas.trainer:train | 19 era_time 4478.728529691696
INFO:nas.trainer:eval | (sampled_gnn, metric_val) = (['gin', 2, 'global_add_pool', 5000], 0.8974358974358975)
INFO:nas.trainer:eval | (sampled_gnn, metric_val) = (['sage', 2, 'global_add_pool', 3000], 0.8205128205128205)
INFO:nas.trainer:eval | (sampled_gnn, metric_val) = (['sage', 2, 'global_add_pool', 5000], 0.8717948717948718)
INFO:nas.trainer:eval | (sampled_gnn, metric_val) = (['gin', 2, 'global_add_pool', 4000], 0.8461538461538461)
INFO:nas.trainer:eval | (sampled_gnn, metric_val) = (['gin', 2, 'global_add_pool', 3500], 0.8461538461538461)
INFO:nas.trainer:eval | (sampled_gnn, metric_val) = (['gin', 2, 'global_mean_pool', 8000], 0.8461538461538461)
INFO:nas.trainer:eval | (sampled_gnn, metric_val) = (['sage', 2, 'global_add_pool', 3000], 0.8205128205128205)
INFO:nas.trainer:eval | (sampled_gnn, metric_val) = (['gin', 2, 'global_add_pool', 4000], 0.8717948717948718)
INFO:nas.trainer:eval | (sampled_gnn, metric_val) = (['ssg', 2, 'global_add_pool', 6500], 0.8205128205128205)
INFO:nas.trainer:eval | (sampled_gnn, metric_val) = (['gmm', 2, 'global_add_pool', 7000], 0.8717948717948718)
INFO:nas.trainer:eval | (sampled_gnn, metric_val) = (['sage', 2, 'global_add_pool', 6000], 0.8717948717948718)
INFO:nas.trainer:eval | (sampled_gnn, metric_val) = (['sage', 2, 'global_add_pool', 7000], 0.8717948717948718)
INFO:nas.trainer:eval | (sampled_gnn, metric_val) = (['gin', 2, 'global_add_pool', 8000], 0.8717948717948718)
INFO:nas.trainer:eval | (sampled_gnn, metric_val) = (['sage', 2, 'global_mean_pool', 8000], 0.8461538461538461)
INFO:nas.trainer:eval | (sampled_gnn, metric_val) = (['gin', 2, 'global_add_pool', 7000], 0.8461538461538461)
INFO:nas.trainer:eval | (sampled_gnn, metric_val) = (['sage', 2, 'global_add_pool', 4000], 0.8205128205128205)
INFO:nas.trainer:eval | (sampled_gnn, metric_val) = (['sage', 2, 'global_add_pool', 6500], 0.8717948717948718)
INFO:nas.trainer:eval | (sampled_gnn, metric_val) = (['gin', 2, 'global_add_pool', 3500], 0.8717948717948718)
INFO:nas.trainer:eval | (sampled_gnn, metric_val) = (['sage', 2, 'global_add_pool', 5000], 0.8717948717948718)
INFO:nas.trainer:eval | (sampled_gnn, metric_val) = (['gin', 2, 'global_add_pool', 3500], 0.8974358974358975)
INFO:nas.trainer:train | 20 era_time 4463.983209609985
INFO:nas.trainer:eval | (sampled_gnn, metric_val) = (['sage', 2, 'global_add_pool', 5000], 0.8717948717948718)
INFO:nas.trainer:eval | (sampled_gnn, metric_val) = (['sage', 2, 'global_add_pool', 4000], 0.8717948717948718)
INFO:nas.trainer:eval | (sampled_gnn, metric_val) = (['sage', 2, 'global_add_pool', 6500], 0.8717948717948718)
INFO:nas.trainer:eval | (sampled_gnn, metric_val) = (['sage', 2, 'global_add_pool', 8000], 0.8717948717948718)
INFO:nas.trainer:eval | (sampled_gnn, metric_val) = (['tag', 2, 'global_add_pool', 7000], 0.8205128205128205)
INFO:nas.trainer:eval | (sampled_gnn, metric_val) = (['sage', 2, 'global_add_pool', 5000], 0.8717948717948718)
INFO:nas.trainer:eval | (sampled_gnn, metric_val) = (['gin', 2, 'global_add_pool', 3500], 0.8974358974358975)
INFO:nas.trainer:eval | (sampled_gnn, metric_val) = (['gin', 2, 'global_add_pool', 5000], 0.8461538461538461)
INFO:nas.trainer:eval | (sampled_gnn, metric_val) = (['gin', 2, 'global_add_pool', 6000], 0.8974358974358975)
INFO:nas.trainer:eval | (sampled_gnn, metric_val) = (['gin', 2, 'global_add_pool', 4000], 0.8717948717948718)
INFO:nas.trainer:eval | (sampled_gnn, metric_val) = (['gin', 2, 'global_add_pool', 7000], 0.8974358974358975)
INFO:nas.trainer:eval | (sampled_gnn, metric_val) = (['sage', 2, 'global_add_pool', 5000], 0.8461538461538461)
INFO:nas.trainer:eval | (sampled_gnn, metric_val) = (['sage', 2, 'global_add_pool', 3500], 0.8205128205128205)
INFO:nas.trainer:eval | (sampled_gnn, metric_val) = (['gin', 2, 'global_add_pool', 8000], 0.8717948717948718)
INFO:nas.trainer:eval | (sampled_gnn, metric_val) = (['gin', 2, 'global_add_pool', 7000], 0.8717948717948718)
INFO:nas.trainer:eval | (sampled_gnn, metric_val) = (['gin', 2, 'global_mean_pool', 7000], 0.8974358974358975)
INFO:nas.trainer:eval | (sampled_gnn, metric_val) = (['gin', 2, 'global_add_pool', 6500], 0.8974358974358975)
INFO:nas.trainer:eval | (sampled_gnn, metric_val) = (['gin', 2, 'global_add_pool', 4000], 0.8974358974358975)
INFO:nas.trainer:eval | (sampled_gnn, metric_val) = (['gmm', 2, 'global_add_pool', 7000], 0.8717948717948718)
INFO:nas.trainer:eval | (sampled_gnn, metric_val) = (['sage', 2, 'global_add_pool', 6000], 0.8717948717948718)
INFO:nas.trainer:train | 21 era_time 4694.085212945938
INFO:nas.trainer:eval | (sampled_gnn, metric_val) = (['sage', 2, 'global_add_pool', 6000], 0.8717948717948718)
INFO:nas.trainer:eval | (sampled_gnn, metric_val) = (['gin', 2, 'global_add_pool', 8000], 0.8717948717948718)
INFO:nas.trainer:eval | (sampled_gnn, metric_val) = (['gin', 2, 'global_add_pool', 7000], 0.8717948717948718)
INFO:nas.trainer:eval | (sampled_gnn, metric_val) = (['gin', 2, 'global_add_pool', 6000], 0.8461538461538461)
INFO:nas.trainer:eval | (sampled_gnn, metric_val) = (['gin', 2, 'global_add_pool', 5000], 0.8717948717948718)
INFO:nas.trainer:eval | (sampled_gnn, metric_val) = (['gin', 2, 'global_add_pool', 4000], 0.8717948717948718)
INFO:nas.trainer:eval | (sampled_gnn, metric_val) = (['sage', 2, 'global_add_pool', 3500], 0.8205128205128205)
INFO:nas.trainer:eval | (sampled_gnn, metric_val) = (['sage', 2, 'global_add_pool', 3500], 0.7948717948717948)
INFO:nas.trainer:eval | (sampled_gnn, metric_val) = (['gin', 2, 'global_add_pool', 3500], 0.8205128205128205)
INFO:nas.trainer:eval | (sampled_gnn, metric_val) = (['gin', 2, 'global_add_pool', 7000], 0.8461538461538461)
INFO:nas.trainer:eval | (sampled_gnn, metric_val) = (['sage', 2, 'global_add_pool', 7000], 0.8717948717948718)
INFO:nas.trainer:eval | (sampled_gnn, metric_val) = (['gin', 2, 'global_add_pool', 4000], 0.8717948717948718)
INFO:nas.trainer:eval | (sampled_gnn, metric_val) = (['gin', 2, 'global_add_pool', 5000], 0.8717948717948718)
INFO:nas.trainer:eval | (sampled_gnn, metric_val) = (['gin', 2, 'global_add_pool', 5000], 0.8717948717948718)
INFO:nas.trainer:eval | (sampled_gnn, metric_val) = (['sage', 2, 'global_add_pool', 8000], 0.8205128205128205)
INFO:nas.trainer:eval | (sampled_gnn, metric_val) = (['gin', 2, 'global_add_pool', 6000], 0.8974358974358975)
INFO:nas.trainer:eval | (sampled_gnn, metric_val) = (['sage', 2, 'global_add_pool', 6500], 0.8717948717948718)
INFO:nas.trainer:eval | (sampled_gnn, metric_val) = (['gin', 2, 'global_add_pool', 3500], 0.8974358974358975)
INFO:nas.trainer:eval | (sampled_gnn, metric_val) = (['gin', 2, 'global_add_pool', 6500], 0.8461538461538461)
INFO:nas.trainer:eval | (sampled_gnn, metric_val) = (['gin', 2, 'global_add_pool', 4000], 0.8717948717948718)
INFO:nas.trainer:train | 22 era_time 4468.8005583286285
INFO:nas.trainer:eval | (sampled_gnn, metric_val) = (['gin', 2, 'global_add_pool', 8000], 0.8461538461538461)
INFO:nas.trainer:eval | (sampled_gnn, metric_val) = (['gin', 2, 'global_add_pool', 8000], 0.8205128205128205)
INFO:nas.trainer:eval | (sampled_gnn, metric_val) = (['gin', 2, 'global_add_pool', 3500], 0.8974358974358975)
INFO:nas.trainer:eval | (sampled_gnn, metric_val) = (['sage', 2, 'global_add_pool', 4000], 0.8717948717948718)
INFO:nas.trainer:eval | (sampled_gnn, metric_val) = (['tag', 2, 'global_add_pool', 4000], 0.8461538461538461)
INFO:nas.trainer:eval | (sampled_gnn, metric_val) = (['sage', 2, 'global_add_pool', 4000], 0.8717948717948718)
INFO:nas.trainer:eval | (sampled_gnn, metric_val) = (['gcn', 2, 'global_add_pool', 6500], 0.8205128205128205)
INFO:nas.trainer:eval | (sampled_gnn, metric_val) = (['gin', 2, 'global_add_pool', 3500], 0.8461538461538461)
INFO:nas.trainer:eval | (sampled_gnn, metric_val) = (['gin', 2, 'global_add_pool', 5000], 0.8461538461538461)
INFO:nas.trainer:eval | (sampled_gnn, metric_val) = (['gin', 2, 'global_add_pool', 5000], 0.8717948717948718)
INFO:nas.trainer:eval | (sampled_gnn, metric_val) = (['sage', 2, 'global_add_pool', 7000], 0.8461538461538461)
INFO:nas.trainer:eval | (sampled_gnn, metric_val) = (['gin', 2, 'global_add_pool', 7000], 0.8974358974358975)
INFO:nas.trainer:eval | (sampled_gnn, metric_val) = (['sage', 2, 'global_add_pool', 8000], 0.8717948717948718)
INFO:nas.trainer:eval | (sampled_gnn, metric_val) = (['sage', 2, 'global_add_pool', 7000], 0.8205128205128205)
INFO:nas.trainer:eval | (sampled_gnn, metric_val) = (['sage', 2, 'global_add_pool', 7000], 0.8717948717948718)
INFO:nas.trainer:eval | (sampled_gnn, metric_val) = (['gin', 2, 'global_add_pool', 6500], 0.8974358974358975)
INFO:nas.trainer:eval | (sampled_gnn, metric_val) = (['gin', 2, 'global_add_pool', 8000], 0.8461538461538461)
INFO:nas.trainer:eval | (sampled_gnn, metric_val) = (['gin', 2, 'global_add_pool', 8000], 0.8205128205128205)
INFO:nas.trainer:eval | (sampled_gnn, metric_val) = (['gin', 2, 'global_add_pool', 7000], 0.8205128205128205)
INFO:nas.trainer:eval | (sampled_gnn, metric_val) = (['gin', 2, 'global_add_pool', 7000], 0.8974358974358975)
INFO:nas.trainer:train | 23 era_time 5061.922939538956
INFO:nas.trainer:eval | (sampled_gnn, metric_val) = (['gin', 2, 'global_add_pool', 5000], 0.8974358974358975)
INFO:nas.trainer:eval | (sampled_gnn, metric_val) = (['gin', 2, 'global_add_pool', 3500], 0.8974358974358975)
INFO:nas.trainer:eval | (sampled_gnn, metric_val) = (['sage', 2, 'global_add_pool', 5000], 0.8717948717948718)
INFO:nas.trainer:eval | (sampled_gnn, metric_val) = (['gin', 2, 'global_add_pool', 4000], 0.8974358974358975)
INFO:nas.trainer:eval | (sampled_gnn, metric_val) = (['gin', 2, 'global_add_pool', 5000], 0.8461538461538461)
INFO:nas.trainer:eval | (sampled_gnn, metric_val) = (['sage', 2, 'global_add_pool', 6000], 0.8717948717948718)
INFO:nas.trainer:eval | (sampled_gnn, metric_val) = (['gin', 2, 'global_add_pool', 6000], 0.8974358974358975)
INFO:nas.trainer:eval | (sampled_gnn, metric_val) = (['sage', 2, 'global_add_pool', 5000], 0.8717948717948718)
INFO:nas.trainer:eval | (sampled_gnn, metric_val) = (['gin', 2, 'global_add_pool', 7000], 0.8974358974358975)
INFO:nas.trainer:eval | (sampled_gnn, metric_val) = (['gmm', 2, 'global_add_pool', 7000], 0.8717948717948718)
INFO:nas.trainer:eval | (sampled_gnn, metric_val) = (['sage', 2, 'global_add_pool', 8000], 0.8717948717948718)
INFO:nas.trainer:eval | (sampled_gnn, metric_val) = (['sage', 2, 'global_add_pool', 6000], 0.8717948717948718)
INFO:nas.trainer:eval | (sampled_gnn, metric_val) = (['sage', 2, 'global_add_pool', 6000], 0.8205128205128205)
INFO:nas.trainer:eval | (sampled_gnn, metric_val) = (['gin', 2, 'global_add_pool', 7000], 0.8717948717948718)
INFO:nas.trainer:eval | (sampled_gnn, metric_val) = (['gin', 2, 'global_add_pool', 6500], 0.8717948717948718)
INFO:nas.trainer:eval | (sampled_gnn, metric_val) = (['gin', 2, 'global_add_pool', 7000], 0.8205128205128205)
INFO:nas.trainer:eval | (sampled_gnn, metric_val) = (['gin', 2, 'global_add_pool', 7000], 0.8461538461538461)
INFO:nas.trainer:eval | (sampled_gnn, metric_val) = (['gin', 2, 'global_add_pool', 6000], 0.8461538461538461)
INFO:nas.trainer:eval | (sampled_gnn, metric_val) = (['sage', 2, 'global_add_pool', 3500], 0.8717948717948718)
INFO:nas.trainer:eval | (sampled_gnn, metric_val) = (['gin', 2, 'global_add_pool', 6500], 0.7948717948717948)
INFO:nas.trainer:train | 24 era_time 4687.737387418747
INFO:nas.trainer:eval | (sampled_gnn, metric_val) = (['gin', 2, 'global_add_pool', 6000], 0.8461538461538461)
INFO:nas.trainer:eval | (sampled_gnn, metric_val) = (['gin', 2, 'global_add_pool', 8000], 0.8717948717948718)
INFO:nas.trainer:eval | (sampled_gnn, metric_val) = (['gin', 2, 'global_add_pool', 7000], 0.8717948717948718)
INFO:nas.trainer:eval | (sampled_gnn, metric_val) = (['sage', 2, 'global_add_pool', 7000], 0.8205128205128205)
INFO:nas.trainer:eval | (sampled_gnn, metric_val) = (['sage', 2, 'global_add_pool', 4000], 0.8717948717948718)
INFO:nas.trainer:eval | (sampled_gnn, metric_val) = (['gin', 2, 'global_add_pool', 6000], 0.8974358974358975)
INFO:nas.trainer:eval | (sampled_gnn, metric_val) = (['sage', 2, 'global_add_pool', 3500], 0.8205128205128205)
INFO:nas.trainer:eval | (sampled_gnn, metric_val) = (['gin', 2, 'global_max_pool', 6000], 0.8205128205128205)
INFO:nas.trainer:eval | (sampled_gnn, metric_val) = (['sage', 2, 'global_add_pool', 4000], 0.8205128205128205)
INFO:nas.trainer:eval | (sampled_gnn, metric_val) = (['sage', 2, 'global_add_pool', 6000], 0.8461538461538461)
INFO:nas.trainer:eval | (sampled_gnn, metric_val) = (['sage', 2, 'global_add_pool', 7000], 0.8717948717948718)
INFO:nas.trainer:eval | (sampled_gnn, metric_val) = (['gin', 2, 'global_add_pool', 8000], 0.8974358974358975)
INFO:nas.trainer:eval | (sampled_gnn, metric_val) = (['sage', 2, 'global_add_pool', 5000], 0.8717948717948718)
INFO:nas.trainer:eval | (sampled_gnn, metric_val) = (['sage', 2, 'global_add_pool', 7000], 0.8717948717948718)
INFO:nas.trainer:eval | (sampled_gnn, metric_val) = (['gin', 2, 'global_add_pool', 7000], 0.8205128205128205)
INFO:nas.trainer:eval | (sampled_gnn, metric_val) = (['gin', 2, 'global_add_pool', 6500], 0.8974358974358975)
INFO:nas.trainer:eval | (sampled_gnn, metric_val) = (['gin', 2, 'global_add_pool', 7000], 0.8974358974358975)
INFO:nas.trainer:eval | (sampled_gnn, metric_val) = (['sage', 2, 'global_add_pool', 7000], 0.8717948717948718)
INFO:nas.trainer:eval | (sampled_gnn, metric_val) = (['gin', 2, 'global_add_pool', 6000], 0.8974358974358975)
INFO:nas.trainer:eval | (sampled_gnn, metric_val) = (['gin', 2, 'global_add_pool', 6000], 0.8461538461538461)
INFO:nas.trainer:train | 25 era_time 4919.668080806732
INFO:nas.trainer:eval | (sampled_gnn, metric_val) = (['gin', 2, 'global_add_pool', 7000], 0.8974358974358975)
INFO:nas.trainer:eval | (sampled_gnn, metric_val) = (['gin', 2, 'global_add_pool', 4000], 0.8205128205128205)
INFO:nas.trainer:eval | (sampled_gnn, metric_val) = (['sage', 2, 'global_add_pool', 7000], 0.8717948717948718)
INFO:nas.trainer:eval | (sampled_gnn, metric_val) = (['gin', 2, 'global_add_pool', 6000], 0.8974358974358975)
INFO:nas.trainer:eval | (sampled_gnn, metric_val) = (['gin', 2, 'global_add_pool', 6000], 0.8974358974358975)
INFO:nas.trainer:eval | (sampled_gnn, metric_val) = (['gin', 2, 'global_add_pool', 8000], 0.8205128205128205)
INFO:nas.trainer:eval | (sampled_gnn, metric_val) = (['gin', 2, 'global_add_pool', 6000], 0.8974358974358975)
INFO:nas.trainer:eval | (sampled_gnn, metric_val) = (['gin', 2, 'global_add_pool', 7000], 0.8717948717948718)
INFO:nas.trainer:eval | (sampled_gnn, metric_val) = (['gin', 2, 'global_add_pool', 3500], 0.8974358974358975)
INFO:nas.trainer:eval | (sampled_gnn, metric_val) = (['gin', 2, 'global_add_pool', 6500], 0.8205128205128205)
INFO:nas.trainer:eval | (sampled_gnn, metric_val) = (['gin', 2, 'global_add_pool', 3500], 0.8717948717948718)
INFO:nas.trainer:eval | (sampled_gnn, metric_val) = (['sage', 2, 'global_add_pool', 7000], 0.8717948717948718)
INFO:nas.trainer:eval | (sampled_gnn, metric_val) = (['sage', 2, 'global_add_pool', 7000], 0.8205128205128205)
INFO:nas.trainer:eval | (sampled_gnn, metric_val) = (['gin', 2, 'global_add_pool', 4000], 0.8461538461538461)
INFO:nas.trainer:eval | (sampled_gnn, metric_val) = (['sage', 2, 'global_add_pool', 6500], 0.8717948717948718)
INFO:nas.trainer:eval | (sampled_gnn, metric_val) = (['gin', 2, 'global_add_pool', 8000], 0.8461538461538461)
INFO:nas.trainer:eval | (sampled_gnn, metric_val) = (['sage', 2, 'global_add_pool', 6500], 0.8717948717948718)
INFO:nas.trainer:eval | (sampled_gnn, metric_val) = (['gin', 2, 'global_add_pool', 7000], 0.8717948717948718)
INFO:nas.trainer:eval | (sampled_gnn, metric_val) = (['gin', 2, 'global_add_pool', 6000], 0.8717948717948718)
INFO:nas.trainer:eval | (sampled_gnn, metric_val) = (['gin', 2, 'global_add_pool', 6500], 0.8717948717948718)
INFO:nas.trainer:train | 26 era_time 4916.636743068695
INFO:nas.trainer:eval | (sampled_gnn, metric_val) = (['gin', 2, 'global_add_pool', 6500], 0.8461538461538461)
INFO:nas.trainer:eval | (sampled_gnn, metric_val) = (['sage', 2, 'global_add_pool', 5000], 0.8717948717948718)
INFO:nas.trainer:eval | (sampled_gnn, metric_val) = (['gin', 2, 'global_add_pool', 7000], 0.8974358974358975)
INFO:nas.trainer:eval | (sampled_gnn, metric_val) = (['gin', 2, 'global_add_pool', 6000], 0.8974358974358975)
INFO:nas.trainer:eval | (sampled_gnn, metric_val) = (['sage', 2, 'global_add_pool', 3500], 0.8717948717948718)
INFO:nas.trainer:eval | (sampled_gnn, metric_val) = (['gin', 2, 'global_add_pool', 6000], 0.8974358974358975)
INFO:nas.trainer:eval | (sampled_gnn, metric_val) = (['gin', 2, 'global_add_pool', 8000], 0.8461538461538461)
INFO:nas.trainer:eval | (sampled_gnn, metric_val) = (['sage', 2, 'global_add_pool', 7000], 0.8717948717948718)
INFO:nas.trainer:eval | (sampled_gnn, metric_val) = (['gin', 2, 'global_add_pool', 3500], 0.8461538461538461)
INFO:nas.trainer:eval | (sampled_gnn, metric_val) = (['gin', 2, 'global_add_pool', 6500], 0.8461538461538461)
INFO:nas.trainer:eval | (sampled_gnn, metric_val) = (['tag', 2, 'global_add_pool', 4000], 0.8461538461538461)
INFO:nas.trainer:eval | (sampled_gnn, metric_val) = (['sage', 2, 'global_add_pool', 5000], 0.8205128205128205)
INFO:nas.trainer:eval | (sampled_gnn, metric_val) = (['gin', 2, 'global_add_pool', 6500], 0.6666666666666666)
INFO:nas.trainer:eval | (sampled_gnn, metric_val) = (['sage', 2, 'global_add_pool', 6500], 0.8205128205128205)
INFO:nas.trainer:eval | (sampled_gnn, metric_val) = (['sage', 2, 'global_add_pool', 6000], 0.8717948717948718)
INFO:nas.trainer:eval | (sampled_gnn, metric_val) = (['sage', 2, 'global_add_pool', 6500], 0.8205128205128205)
INFO:nas.trainer:eval | (sampled_gnn, metric_val) = (['gin', 2, 'global_add_pool', 6500], 0.8717948717948718)
INFO:nas.trainer:eval | (sampled_gnn, metric_val) = (['sage', 2, 'global_add_pool', 7000], 0.8717948717948718)
INFO:nas.trainer:eval | (sampled_gnn, metric_val) = (['sage', 2, 'global_add_pool', 6500], 0.8717948717948718)
INFO:nas.trainer:eval | (sampled_gnn, metric_val) = (['gin', 2, 'global_add_pool', 8000], 0.8461538461538461)
INFO:nas.trainer:train | 27 era_time 4831.397600889206
INFO:nas.trainer:eval | (sampled_gnn, metric_val) = (['sage', 2, 'global_mean_pool', 3500], 0.8461538461538461)
INFO:nas.trainer:eval | (sampled_gnn, metric_val) = (['sage', 2, 'global_add_pool', 4000], 0.8717948717948718)
INFO:nas.trainer:eval | (sampled_gnn, metric_val) = (['sage', 2, 'global_add_pool', 6000], 0.8205128205128205)
INFO:nas.trainer:eval | (sampled_gnn, metric_val) = (['gin', 2, 'global_add_pool', 6000], 0.8717948717948718)
INFO:nas.trainer:eval | (sampled_gnn, metric_val) = (['sage', 2, 'global_add_pool', 6500], 0.8205128205128205)
INFO:nas.trainer:eval | (sampled_gnn, metric_val) = (['gat', 2, 'global_add_pool', 4000], 0.8205128205128205)
INFO:nas.trainer:eval | (sampled_gnn, metric_val) = (['sage', 2, 'global_add_pool', 4000], 0.8717948717948718)
INFO:nas.trainer:eval | (sampled_gnn, metric_val) = (['gin', 2, 'global_add_pool', 7000], 0.8974358974358975)
INFO:nas.trainer:eval | (sampled_gnn, metric_val) = (['gin', 2, 'global_add_pool', 4000], 0.8461538461538461)
INFO:nas.trainer:eval | (sampled_gnn, metric_val) = (['sage', 2, 'global_add_pool', 5000], 0.8717948717948718)
INFO:nas.trainer:eval | (sampled_gnn, metric_val) = (['sage', 2, 'global_add_pool', 8000], 0.8717948717948718)
INFO:nas.trainer:eval | (sampled_gnn, metric_val) = (['gin', 2, 'global_add_pool', 7000], 0.8717948717948718)
INFO:nas.trainer:eval | (sampled_gnn, metric_val) = (['gin', 2, 'global_add_pool', 6000], 0.8974358974358975)
INFO:nas.trainer:eval | (sampled_gnn, metric_val) = (['gin', 2, 'global_add_pool', 5000], 0.8717948717948718)
INFO:nas.trainer:eval | (sampled_gnn, metric_val) = (['gin', 2, 'global_add_pool', 7000], 0.8717948717948718)
INFO:nas.trainer:eval | (sampled_gnn, metric_val) = (['gin', 2, 'global_add_pool', 5000], 0.8461538461538461)
INFO:nas.trainer:eval | (sampled_gnn, metric_val) = (['gin', 2, 'global_add_pool', 6000], 0.8461538461538461)
INFO:nas.trainer:eval | (sampled_gnn, metric_val) = (['gin', 2, 'global_add_pool', 7000], 0.9230769230769231)
INFO:nas.trainer:eval | (sampled_gnn, metric_val) = (['gin', 2, 'global_add_pool', 6000], 0.8717948717948718)
INFO:nas.trainer:eval | (sampled_gnn, metric_val) = (['gin', 2, 'global_add_pool', 6500], 0.8205128205128205)
INFO:nas.trainer:train | 28 era_time 4599.380336284637
INFO:nas.trainer:eval | (sampled_gnn, metric_val) = (['sage', 2, 'global_add_pool', 6500], 0.8717948717948718)
INFO:nas.trainer:eval | (sampled_gnn, metric_val) = (['sage', 2, 'global_add_pool', 3500], 0.8205128205128205)
INFO:nas.trainer:eval | (sampled_gnn, metric_val) = (['gat', 2, 'global_add_pool', 6000], 0.8205128205128205)
INFO:nas.trainer:eval | (sampled_gnn, metric_val) = (['sage', 2, 'global_add_pool', 7000], 0.8717948717948718)
INFO:nas.trainer:eval | (sampled_gnn, metric_val) = (['gin', 2, 'global_add_pool', 3500], 0.8461538461538461)
INFO:nas.trainer:eval | (sampled_gnn, metric_val) = (['sage', 2, 'global_add_pool', 3500], 0.8205128205128205)
INFO:nas.trainer:eval | (sampled_gnn, metric_val) = (['gin', 2, 'global_add_pool', 7000], 0.8461538461538461)
INFO:nas.trainer:eval | (sampled_gnn, metric_val) = (['gin', 2, 'global_add_pool', 7000], 0.8717948717948718)
INFO:nas.trainer:eval | (sampled_gnn, metric_val) = (['sage', 2, 'global_add_pool', 4000], 0.8717948717948718)
INFO:nas.trainer:eval | (sampled_gnn, metric_val) = (['gin', 2, 'global_add_pool', 6500], 0.8974358974358975)
INFO:nas.trainer:eval | (sampled_gnn, metric_val) = (['gin', 2, 'global_add_pool', 6000], 0.8717948717948718)
INFO:nas.trainer:eval | (sampled_gnn, metric_val) = (['gin', 2, 'global_add_pool', 6000], 0.8974358974358975)
INFO:nas.trainer:eval | (sampled_gnn, metric_val) = (['gin', 2, 'global_add_pool', 3500], 0.8974358974358975)
INFO:nas.trainer:eval | (sampled_gnn, metric_val) = (['sage', 2, 'global_add_pool', 8000], 0.8717948717948718)
INFO:nas.trainer:eval | (sampled_gnn, metric_val) = (['gin', 2, 'global_add_pool', 6500], 0.7435897435897436)
INFO:nas.trainer:eval | (sampled_gnn, metric_val) = (['sage', 2, 'global_add_pool', 7000], 0.8717948717948718)
INFO:nas.trainer:eval | (sampled_gnn, metric_val) = (['gin', 2, 'global_add_pool', 6000], 0.8717948717948718)
INFO:nas.trainer:eval | (sampled_gnn, metric_val) = (['gin', 2, 'global_add_pool', 8000], 0.8717948717948718)
INFO:nas.trainer:eval | (sampled_gnn, metric_val) = (['gat', 2, 'global_add_pool', 7000], 0.8717948717948718)
INFO:nas.trainer:eval | (sampled_gnn, metric_val) = (['gin', 2, 'global_add_pool', 6500], 0.8461538461538461)
INFO:nas.trainer:train | 29 era_time 4930.801097869873
INFO:nas.trainer:eval | (sampled_gnn, metric_val) = (['gin', 2, 'global_add_pool', 6000], 0.8974358974358975)
INFO:nas.trainer:eval | (sampled_gnn, metric_val) = (['gin', 2, 'global_add_pool', 8000], 0.8717948717948718)
INFO:nas.trainer:eval | (sampled_gnn, metric_val) = (['sage', 2, 'global_add_pool', 3500], 0.8717948717948718)
INFO:nas.trainer:eval | (sampled_gnn, metric_val) = (['gin', 2, 'global_add_pool', 6500], 0.8717948717948718)
INFO:nas.trainer:eval | (sampled_gnn, metric_val) = (['gin', 2, 'global_add_pool', 5000], 0.8974358974358975)
INFO:nas.trainer:eval | (sampled_gnn, metric_val) = (['sage', 2, 'global_add_pool', 3500], 0.8205128205128205)
INFO:nas.trainer:eval | (sampled_gnn, metric_val) = (['gin', 2, 'global_add_pool', 6500], 0.8205128205128205)
INFO:nas.trainer:eval | (sampled_gnn, metric_val) = (['gin', 2, 'global_mean_pool', 5000], 0.8717948717948718)
INFO:nas.trainer:eval | (sampled_gnn, metric_val) = (['gin', 2, 'global_add_pool', 3500], 0.8717948717948718)
INFO:nas.trainer:eval | (sampled_gnn, metric_val) = (['gin', 2, 'global_add_pool', 6500], 0.8974358974358975)
INFO:nas.trainer:eval | (sampled_gnn, metric_val) = (['gin', 2, 'global_add_pool', 3500], 0.8717948717948718)
INFO:nas.trainer:eval | (sampled_gnn, metric_val) = (['gin', 2, 'global_add_pool', 6500], 0.8461538461538461)
INFO:nas.trainer:eval | (sampled_gnn, metric_val) = (['sage', 2, 'global_add_pool', 4000], 0.8205128205128205)
INFO:nas.trainer:eval | (sampled_gnn, metric_val) = (['sage', 2, 'global_add_pool', 8000], 0.8205128205128205)
INFO:nas.trainer:eval | (sampled_gnn, metric_val) = (['gin', 2, 'global_add_pool', 3500], 0.8717948717948718)
INFO:nas.trainer:eval | (sampled_gnn, metric_val) = (['sage', 2, 'global_add_pool', 3500], 0.8205128205128205)
INFO:nas.trainer:eval | (sampled_gnn, metric_val) = (['tag', 2, 'global_add_pool', 5000], 0.8717948717948718)
INFO:nas.trainer:eval | (sampled_gnn, metric_val) = (['gin', 2, 'global_add_pool', 7000], 0.8717948717948718)
INFO:nas.trainer:eval | (sampled_gnn, metric_val) = (['gin', 2, 'global_add_pool', 6000], 0.8205128205128205)
INFO:nas.trainer:eval | (sampled_gnn, metric_val) = (['gin', 2, 'global_add_pool', 6000], 0.8461538461538461)
INFO:nas.trainer:train | 30 era_time 4365.667609930038
ERROR:__main__:cfg_file = '/home/ubuntu/GNN-AID/src/nas/cfg/26.yml'
[Errno 2] No such file or directory: 'save/Trainer_600.pkl'
