INFO:__main__:dataset:
- single-graph
- Amazon
- Photo
derive_num: 10
is_random: false
logfname: photo_fixed_no-combinations.log
nas_args:
  dynamic_behaviour: undefined
  dynamic_nas_steps: 150
  forward:
    mode: train
    softmax_temp: 5.0
    tanh_c: 2.5
  hidden_size: 100
  reset:
    init_range: 0.1
ss_args:
  debug: false
  prob_scale: 4
  type: fixed_prob
  with_combinations: false
trainer_args:
  derive:
    derive_from_history: false
  eval:
    save_model_flag: false
  train:
    derive_finaly: false
    num_eras: 30
    save_eras: 50
  train_controller:
    epochs: 20

INFO:nas.trainer:eval | (sampled_gnn, metric_val) = (['gcn', 2, 160], 0.8973856209150327)
INFO:nas.trainer:eval | (sampled_gnn, metric_val) = (['gcn', 2, 220], 0.9176470588235294)
INFO:nas.trainer:eval | (sampled_gnn, metric_val) = (['gmm', 2, 100], 0.9117647058823529)
INFO:nas.trainer:eval | (sampled_gnn, metric_val) = (['gcn', 2, 160], 0.8960784313725491)
INFO:nas.trainer:eval | (sampled_gnn, metric_val) = (['gmm', 2, 160], 0.938562091503268)
INFO:nas.trainer:eval | (sampled_gnn, metric_val) = (['gmm', 2, 180], 0.9228758169934641)
INFO:nas.trainer:eval | (sampled_gnn, metric_val) = (['tag', 2, 120], 0.21372549019607842)
INFO:nas.trainer:eval | (sampled_gnn, metric_val) = (['sg', 2, 120], 0.8823529411764706)
INFO:nas.trainer:eval | (sampled_gnn, metric_val) = (['sg', 2, 140], 0.865359477124183)
INFO:nas.trainer:eval | (sampled_gnn, metric_val) = (['sage', 2, 120], 0.9333333333333333)
INFO:nas.trainer:eval | (sampled_gnn, metric_val) = (['gcn', 2, 220], 0.9169934640522875)
INFO:nas.trainer:eval | (sampled_gnn, metric_val) = (['gmm', 2, 120], 0.8895424836601307)
INFO:nas.trainer:eval | (sampled_gnn, metric_val) = (['tag', 2, 160], 0.17254901960784313)
INFO:nas.trainer:eval | (sampled_gnn, metric_val) = (['gcn', 2, 100], 0.8856209150326797)
INFO:nas.trainer:eval | (sampled_gnn, metric_val) = (['gmm', 2, 100], 0.9248366013071896)
INFO:nas.trainer:eval | (sampled_gnn, metric_val) = (['gmm', 2, 140], 0.9287581699346406)
INFO:nas.trainer:eval | (sampled_gnn, metric_val) = (['gin', 2, 140], 0.5679738562091503)
INFO:nas.trainer:eval | (sampled_gnn, metric_val) = (['gmm', 2, 220], 0.938562091503268)
INFO:nas.trainer:eval | (sampled_gnn, metric_val) = (['gmm', 2, 140], 0.9411764705882353)
INFO:nas.trainer:eval | (sampled_gnn, metric_val) = (['gcn', 2, 160], 0.9104575163398693)
INFO:nas.trainer:train | 1 era_time 909.7139251232147
INFO:nas.trainer:eval | (sampled_gnn, metric_val) = (['gmm', 2, 200], 0.9411764705882353)
INFO:nas.trainer:eval | (sampled_gnn, metric_val) = (['ssg', 2, 120], 0.8836601307189542)
INFO:nas.trainer:eval | (sampled_gnn, metric_val) = (['gcn', 2, 180], 0.9052287581699346)
INFO:nas.trainer:eval | (sampled_gnn, metric_val) = (['sage', 2, 200], 0.9405228758169935)
INFO:nas.trainer:eval | (sampled_gnn, metric_val) = (['gcn', 2, 160], 0.9071895424836601)
INFO:nas.trainer:eval | (sampled_gnn, metric_val) = (['sage', 2, 180], 0.9398692810457516)
INFO:nas.trainer:eval | (sampled_gnn, metric_val) = (['gat', 2, 140], 0.9065359477124183)
INFO:nas.trainer:eval | (sampled_gnn, metric_val) = (['ssg', 2, 200], 0.9104575163398693)
INFO:nas.trainer:eval | (sampled_gnn, metric_val) = (['gcn', 2, 100], 0.8862745098039215)
INFO:nas.trainer:eval | (sampled_gnn, metric_val) = (['gmm', 2, 180], 0.9490196078431372)
INFO:nas.trainer:eval | (sampled_gnn, metric_val) = (['gmm', 2, 220], 0.9450980392156862)
INFO:nas.trainer:eval | (sampled_gnn, metric_val) = (['gat', 2, 140], 0.8928104575163399)
INFO:nas.trainer:eval | (sampled_gnn, metric_val) = (['gmm', 2, 220], 0.9418300653594771)
INFO:nas.trainer:eval | (sampled_gnn, metric_val) = (['sage', 2, 140], 0.9372549019607843)
INFO:nas.trainer:eval | (sampled_gnn, metric_val) = (['gcn', 2, 220], 0.9130718954248366)
INFO:nas.trainer:eval | (sampled_gnn, metric_val) = (['gcn', 2, 160], 0.907843137254902)
INFO:nas.trainer:eval | (sampled_gnn, metric_val) = (['gin', 2, 160], 0.6169934640522876)
INFO:nas.trainer:eval | (sampled_gnn, metric_val) = (['gcn', 2, 220], 0.9065359477124183)
INFO:nas.trainer:eval | (sampled_gnn, metric_val) = (['sg', 2, 100], 0.8098039215686275)
INFO:nas.trainer:eval | (sampled_gnn, metric_val) = (['gcn', 2, 220], 0.9156862745098039)
INFO:nas.trainer:train | 2 era_time 964.664835691452
INFO:nas.trainer:eval | (sampled_gnn, metric_val) = (['tag', 2, 180], 0.21437908496732025)
INFO:nas.trainer:eval | (sampled_gnn, metric_val) = (['gmm', 2, 220], 0.9339869281045752)
INFO:nas.trainer:eval | (sampled_gnn, metric_val) = (['gmm', 2, 100], 0.8941176470588236)
INFO:nas.trainer:eval | (sampled_gnn, metric_val) = (['gcn', 2, 220], 0.9209150326797385)
INFO:nas.trainer:eval | (sampled_gnn, metric_val) = (['sage', 2, 200], 0.9431372549019608)
INFO:nas.trainer:eval | (sampled_gnn, metric_val) = (['gcn', 2, 140], 0.888235294117647)
INFO:nas.trainer:eval | (sampled_gnn, metric_val) = (['ssg', 2, 140], 0.8339869281045752)
INFO:nas.trainer:eval | (sampled_gnn, metric_val) = (['gcn', 2, 180], 0.903921568627451)
INFO:nas.trainer:eval | (sampled_gnn, metric_val) = (['gmm', 2, 180], 0.9163398692810457)
INFO:nas.trainer:eval | (sampled_gnn, metric_val) = (['gmm', 2, 180], 0.9372549019607843)
INFO:nas.trainer:eval | (sampled_gnn, metric_val) = (['sg', 2, 120], 0.8803921568627451)
INFO:nas.trainer:eval | (sampled_gnn, metric_val) = (['gmm', 2, 200], 0.9437908496732026)
INFO:nas.trainer:eval | (sampled_gnn, metric_val) = (['gcn', 2, 140], 0.8947712418300654)
INFO:nas.trainer:eval | (sampled_gnn, metric_val) = (['sg', 2, 100], 0.8274509803921568)
INFO:nas.trainer:eval | (sampled_gnn, metric_val) = (['sg', 2, 100], 0.7875816993464052)
INFO:nas.trainer:eval | (sampled_gnn, metric_val) = (['gmm', 2, 220], 0.9333333333333333)
INFO:nas.trainer:eval | (sampled_gnn, metric_val) = (['gmm', 2, 180], 0.8967320261437909)
INFO:nas.trainer:eval | (sampled_gnn, metric_val) = (['gmm', 2, 180], 0.930718954248366)
INFO:nas.trainer:eval | (sampled_gnn, metric_val) = (['gcn', 2, 220], 0.9169934640522875)
INFO:nas.trainer:eval | (sampled_gnn, metric_val) = (['gmm', 2, 120], 0.8392156862745098)
INFO:nas.trainer:train | 3 era_time 980.5717172622681
INFO:nas.trainer:eval | (sampled_gnn, metric_val) = (['ssg', 2, 180], 0.8973856209150327)
INFO:nas.trainer:eval | (sampled_gnn, metric_val) = (['tag', 2, 140], 0.21437908496732025)
INFO:nas.trainer:eval | (sampled_gnn, metric_val) = (['tag', 2, 200], 0.2130718954248366)
INFO:nas.trainer:eval | (sampled_gnn, metric_val) = (['tag', 2, 200], 0.21568627450980393)
INFO:nas.trainer:eval | (sampled_gnn, metric_val) = (['gmm', 2, 220], 0.9372549019607843)
INFO:nas.trainer:eval | (sampled_gnn, metric_val) = (['gmm', 2, 220], 0.9163398692810457)
INFO:nas.trainer:eval | (sampled_gnn, metric_val) = (['gat', 2, 220], 0.930718954248366)
INFO:nas.trainer:eval | (sampled_gnn, metric_val) = (['sage', 2, 220], 0.9450980392156862)
INFO:nas.trainer:eval | (sampled_gnn, metric_val) = (['gmm', 2, 180], 0.9392156862745098)
INFO:nas.trainer:eval | (sampled_gnn, metric_val) = (['gcn', 2, 220], 0.9156862745098039)
INFO:nas.trainer:eval | (sampled_gnn, metric_val) = (['tag', 2, 140], 0.21437908496732025)
INFO:nas.trainer:eval | (sampled_gnn, metric_val) = (['gcn', 2, 220], 0.9241830065359478)
INFO:nas.trainer:eval | (sampled_gnn, metric_val) = (['sage', 2, 220], 0.949673202614379)
INFO:nas.trainer:eval | (sampled_gnn, metric_val) = (['gcn', 2, 180], 0.9143790849673202)
INFO:nas.trainer:eval | (sampled_gnn, metric_val) = (['gmm', 2, 180], 0.9398692810457516)
INFO:nas.trainer:eval | (sampled_gnn, metric_val) = (['ssg', 2, 100], 0.826797385620915)
INFO:nas.trainer:eval | (sampled_gnn, metric_val) = (['ssg', 2, 180], 0.9169934640522875)
INFO:nas.trainer:eval | (sampled_gnn, metric_val) = (['gmm', 2, 220], 0.8980392156862745)
INFO:nas.trainer:eval | (sampled_gnn, metric_val) = (['sage', 2, 220], 0.9483660130718954)
INFO:nas.trainer:eval | (sampled_gnn, metric_val) = (['gcn', 2, 180], 0.9032679738562092)
INFO:nas.trainer:train | 4 era_time 1602.4711978435516
INFO:nas.trainer:eval | (sampled_gnn, metric_val) = (['sage', 2, 100], 0.8836601307189542)
INFO:nas.trainer:eval | (sampled_gnn, metric_val) = (['gmm', 2, 100], 0.8816993464052287)
INFO:nas.trainer:eval | (sampled_gnn, metric_val) = (['gmm', 2, 180], 0.9359477124183007)
INFO:nas.trainer:eval | (sampled_gnn, metric_val) = (['sage', 2, 220], 0.9418300653594771)
INFO:nas.trainer:eval | (sampled_gnn, metric_val) = (['gmm', 2, 180], 0.9372549019607843)
INFO:nas.trainer:eval | (sampled_gnn, metric_val) = (['gcn', 2, 200], 0.9)
INFO:nas.trainer:eval | (sampled_gnn, metric_val) = (['gmm', 2, 220], 0.9483660130718954)
INFO:nas.trainer:eval | (sampled_gnn, metric_val) = (['gmm', 2, 200], 0.9372549019607843)
INFO:nas.trainer:eval | (sampled_gnn, metric_val) = (['gat', 2, 180], 0.9130718954248366)
INFO:nas.trainer:eval | (sampled_gnn, metric_val) = (['gat', 2, 180], 0.9235294117647059)
INFO:nas.trainer:eval | (sampled_gnn, metric_val) = (['gcn', 2, 220], 0.918954248366013)
INFO:nas.trainer:eval | (sampled_gnn, metric_val) = (['gmm', 2, 100], 0.9235294117647059)
INFO:nas.trainer:eval | (sampled_gnn, metric_val) = (['gcn', 2, 180], 0.9156862745098039)
INFO:nas.trainer:eval | (sampled_gnn, metric_val) = (['gmm', 2, 180], 0.8947712418300654)
INFO:nas.trainer:eval | (sampled_gnn, metric_val) = (['gcn', 2, 180], 0.9111111111111111)
INFO:nas.trainer:eval | (sampled_gnn, metric_val) = (['gin', 2, 100], 0.6254901960784314)
INFO:nas.trainer:eval | (sampled_gnn, metric_val) = (['sage', 2, 220], 0.9418300653594771)
INFO:nas.trainer:eval | (sampled_gnn, metric_val) = (['tag', 2, 180], 0.19607843137254902)
INFO:nas.trainer:eval | (sampled_gnn, metric_val) = (['gcn', 2, 220], 0.9156862745098039)
INFO:nas.trainer:eval | (sampled_gnn, metric_val) = (['gmm', 2, 220], 0.9405228758169935)
INFO:nas.trainer:train | 5 era_time 958.3822991847992
INFO:nas.trainer:eval | (sampled_gnn, metric_val) = (['gmm', 2, 100], 0.8470588235294118)
INFO:nas.trainer:eval | (sampled_gnn, metric_val) = (['gcn', 2, 140], 0.9045751633986928)
INFO:nas.trainer:eval | (sampled_gnn, metric_val) = (['gmm', 2, 220], 0.9398692810457516)
INFO:nas.trainer:eval | (sampled_gnn, metric_val) = (['gcn', 2, 180], 0.9156862745098039)
INFO:nas.trainer:eval | (sampled_gnn, metric_val) = (['gcn', 2, 220], 0.9209150326797385)
INFO:nas.trainer:eval | (sampled_gnn, metric_val) = (['gmm', 2, 120], 0.9215686274509803)
INFO:nas.trainer:eval | (sampled_gnn, metric_val) = (['sg', 2, 220], 0.9137254901960784)
INFO:nas.trainer:eval | (sampled_gnn, metric_val) = (['gmm', 2, 220], 0.9267973856209151)
INFO:nas.trainer:eval | (sampled_gnn, metric_val) = (['gcn', 2, 180], 0.9143790849673202)
INFO:nas.trainer:eval | (sampled_gnn, metric_val) = (['sage', 2, 180], 0.9359477124183007)
INFO:nas.trainer:eval | (sampled_gnn, metric_val) = (['tag', 2, 220], 0.21176470588235294)
INFO:nas.trainer:eval | (sampled_gnn, metric_val) = (['gmm', 2, 220], 0.9366013071895425)
INFO:nas.trainer:eval | (sampled_gnn, metric_val) = (['tag', 2, 220], 0.21437908496732025)
INFO:nas.trainer:eval | (sampled_gnn, metric_val) = (['gmm', 2, 200], 0.9084967320261438)
INFO:nas.trainer:eval | (sampled_gnn, metric_val) = (['gmm', 2, 180], 0.9333333333333333)
INFO:nas.trainer:eval | (sampled_gnn, metric_val) = (['sage', 2, 180], 0.9411764705882353)
INFO:nas.trainer:eval | (sampled_gnn, metric_val) = (['gcn', 2, 180], 0.8888888888888888)
INFO:nas.trainer:eval | (sampled_gnn, metric_val) = (['ssg', 2, 220], 0.918954248366013)
INFO:nas.trainer:eval | (sampled_gnn, metric_val) = (['gmm', 2, 220], 0.9352941176470588)
INFO:nas.trainer:eval | (sampled_gnn, metric_val) = (['gat', 2, 180], 0.9111111111111111)
INFO:nas.trainer:train | 6 era_time 1300.6638016700745
INFO:nas.trainer:eval | (sampled_gnn, metric_val) = (['gcn', 2, 220], 0.9150326797385621)
INFO:nas.trainer:eval | (sampled_gnn, metric_val) = (['gmm', 2, 220], 0.9405228758169935)
INFO:nas.trainer:eval | (sampled_gnn, metric_val) = (['gcn', 2, 200], 0.9130718954248366)
INFO:nas.trainer:eval | (sampled_gnn, metric_val) = (['gcn', 2, 220], 0.9130718954248366)
INFO:nas.trainer:eval | (sampled_gnn, metric_val) = (['gcn', 2, 220], 0.9209150326797385)
INFO:nas.trainer:eval | (sampled_gnn, metric_val) = (['sg', 2, 100], 0.8607843137254902)
INFO:nas.trainer:eval | (sampled_gnn, metric_val) = (['gcn', 2, 220], 0.9228758169934641)
INFO:nas.trainer:eval | (sampled_gnn, metric_val) = (['gcn', 2, 220], 0.9183006535947712)
INFO:nas.trainer:eval | (sampled_gnn, metric_val) = (['sg', 2, 180], 0.9019607843137255)
INFO:nas.trainer:eval | (sampled_gnn, metric_val) = (['gat', 2, 220], 0.9111111111111111)
INFO:nas.trainer:eval | (sampled_gnn, metric_val) = (['gmm', 2, 220], 0.8960784313725491)
INFO:nas.trainer:eval | (sampled_gnn, metric_val) = (['gmm', 2, 160], 0.9424836601307189)
INFO:nas.trainer:eval | (sampled_gnn, metric_val) = (['gmm', 2, 220], 0.9464052287581699)
INFO:nas.trainer:eval | (sampled_gnn, metric_val) = (['gmm', 2, 180], 0.9379084967320261)
INFO:nas.trainer:eval | (sampled_gnn, metric_val) = (['sage', 2, 220], 0.9437908496732026)
INFO:nas.trainer:eval | (sampled_gnn, metric_val) = (['gcn', 2, 120], 0.8790849673202614)
INFO:nas.trainer:eval | (sampled_gnn, metric_val) = (['gmm', 2, 220], 0.9411764705882353)
INFO:nas.trainer:eval | (sampled_gnn, metric_val) = (['gcn', 2, 220], 0.9163398692810457)
INFO:nas.trainer:eval | (sampled_gnn, metric_val) = (['gcn', 2, 180], 0.9052287581699346)
INFO:nas.trainer:eval | (sampled_gnn, metric_val) = (['gcn', 2, 200], 0.9098039215686274)
INFO:nas.trainer:train | 7 era_time 875.9895441532135
INFO:nas.trainer:eval | (sampled_gnn, metric_val) = (['gmm', 2, 220], 0.9431372549019608)
INFO:nas.trainer:eval | (sampled_gnn, metric_val) = (['sg', 2, 220], 0.9176470588235294)
INFO:nas.trainer:eval | (sampled_gnn, metric_val) = (['gcn', 2, 180], 0.9013071895424837)
INFO:nas.trainer:eval | (sampled_gnn, metric_val) = (['gmm', 2, 180], 0.9411764705882353)
INFO:nas.trainer:eval | (sampled_gnn, metric_val) = (['gcn', 2, 180], 0.9104575163398693)
INFO:nas.trainer:eval | (sampled_gnn, metric_val) = (['gmm', 2, 180], 0.9444444444444444)
INFO:nas.trainer:eval | (sampled_gnn, metric_val) = (['gcn', 2, 220], 0.903921568627451)
INFO:nas.trainer:eval | (sampled_gnn, metric_val) = (['gcn', 2, 180], 0.8888888888888888)
INFO:nas.trainer:eval | (sampled_gnn, metric_val) = (['gmm', 2, 200], 0.934640522875817)
INFO:nas.trainer:eval | (sampled_gnn, metric_val) = (['ssg', 2, 220], 0.9143790849673202)
INFO:nas.trainer:eval | (sampled_gnn, metric_val) = (['sg', 2, 220], 0.9084967320261438)
INFO:nas.trainer:eval | (sampled_gnn, metric_val) = (['sage', 2, 180], 0.9352941176470588)
INFO:nas.trainer:eval | (sampled_gnn, metric_val) = (['gmm', 2, 180], 0.9339869281045752)
INFO:nas.trainer:eval | (sampled_gnn, metric_val) = (['gcn', 2, 220], 0.9150326797385621)
INFO:nas.trainer:eval | (sampled_gnn, metric_val) = (['gcn', 2, 180], 0.888235294117647)
INFO:nas.trainer:eval | (sampled_gnn, metric_val) = (['gat', 2, 220], 0.930718954248366)
INFO:nas.trainer:eval | (sampled_gnn, metric_val) = (['sg', 2, 220], 0.8993464052287582)
INFO:nas.trainer:eval | (sampled_gnn, metric_val) = (['sg', 2, 220], 0.907843137254902)
INFO:nas.trainer:eval | (sampled_gnn, metric_val) = (['gmm', 2, 180], 0.9398692810457516)
INFO:nas.trainer:eval | (sampled_gnn, metric_val) = (['ssg', 2, 220], 0.9091503267973856)
INFO:nas.trainer:train | 8 era_time 1335.5181729793549
INFO:nas.trainer:eval | (sampled_gnn, metric_val) = (['gmm', 2, 200], 0.9418300653594771)
INFO:nas.trainer:eval | (sampled_gnn, metric_val) = (['gmm', 2, 180], 0.9320261437908497)
INFO:nas.trainer:eval | (sampled_gnn, metric_val) = (['gmm', 2, 180], 0.9418300653594771)
INFO:nas.trainer:eval | (sampled_gnn, metric_val) = (['gmm', 2, 220], 0.9431372549019608)
INFO:nas.trainer:eval | (sampled_gnn, metric_val) = (['sage', 2, 180], 0.9372549019607843)
INFO:nas.trainer:eval | (sampled_gnn, metric_val) = (['ssg', 2, 180], 0.9071895424836601)
INFO:nas.trainer:eval | (sampled_gnn, metric_val) = (['gat', 2, 200], 0.9202614379084967)
INFO:nas.trainer:eval | (sampled_gnn, metric_val) = (['gcn', 2, 220], 0.9176470588235294)
INFO:nas.trainer:eval | (sampled_gnn, metric_val) = (['gmm', 2, 100], 0.9124183006535947)
INFO:nas.trainer:eval | (sampled_gnn, metric_val) = (['sg', 2, 140], 0.884313725490196)
INFO:nas.trainer:eval | (sampled_gnn, metric_val) = (['gmm', 2, 200], 0.9424836601307189)
INFO:nas.trainer:eval | (sampled_gnn, metric_val) = (['gcn', 2, 200], 0.907843137254902)
INFO:nas.trainer:eval | (sampled_gnn, metric_val) = (['gmm', 2, 200], 0.9405228758169935)
INFO:nas.trainer:eval | (sampled_gnn, metric_val) = (['gcn', 2, 220], 0.9111111111111111)
INFO:nas.trainer:eval | (sampled_gnn, metric_val) = (['gmm', 2, 180], 0.9359477124183007)
INFO:nas.trainer:eval | (sampled_gnn, metric_val) = (['gcn', 2, 180], 0.9104575163398693)
INFO:nas.trainer:eval | (sampled_gnn, metric_val) = (['gin', 2, 220], 0.47843137254901963)
INFO:nas.trainer:eval | (sampled_gnn, metric_val) = (['gmm', 2, 200], 0.9457516339869281)
INFO:nas.trainer:eval | (sampled_gnn, metric_val) = (['gat', 2, 220], 0.9215686274509803)
INFO:nas.trainer:eval | (sampled_gnn, metric_val) = (['gmm', 2, 200], 0.9366013071895425)
INFO:nas.trainer:train | 9 era_time 958.3147125244141
INFO:nas.trainer:eval | (sampled_gnn, metric_val) = (['gmm', 2, 180], 0.9326797385620915)
INFO:nas.trainer:eval | (sampled_gnn, metric_val) = (['gmm', 2, 180], 0.9339869281045752)
INFO:nas.trainer:eval | (sampled_gnn, metric_val) = (['gat', 2, 220], 0.9281045751633987)
INFO:nas.trainer:eval | (sampled_gnn, metric_val) = (['gmm', 2, 200], 0.9339869281045752)
INFO:nas.trainer:eval | (sampled_gnn, metric_val) = (['gmm', 2, 200], 0.9437908496732026)
INFO:nas.trainer:eval | (sampled_gnn, metric_val) = (['gmm', 2, 120], 0.9150326797385621)
INFO:nas.trainer:eval | (sampled_gnn, metric_val) = (['gmm', 2, 180], 0.9411764705882353)
INFO:nas.trainer:eval | (sampled_gnn, metric_val) = (['sage', 2, 120], 0.9333333333333333)
INFO:nas.trainer:eval | (sampled_gnn, metric_val) = (['sage', 2, 200], 0.9450980392156862)
INFO:nas.trainer:eval | (sampled_gnn, metric_val) = (['gmm', 2, 200], 0.9359477124183007)
INFO:nas.trainer:eval | (sampled_gnn, metric_val) = (['gmm', 2, 220], 0.9339869281045752)
INFO:nas.trainer:eval | (sampled_gnn, metric_val) = (['gcn', 2, 220], 0.9150326797385621)
INFO:nas.trainer:eval | (sampled_gnn, metric_val) = (['gmm', 2, 120], 0.9156862745098039)
INFO:nas.trainer:eval | (sampled_gnn, metric_val) = (['gat', 2, 180], 0.9215686274509803)
INFO:nas.trainer:eval | (sampled_gnn, metric_val) = (['gin', 2, 220], 0.742483660130719)
INFO:nas.trainer:eval | (sampled_gnn, metric_val) = (['gmm', 2, 180], 0.934640522875817)
INFO:nas.trainer:eval | (sampled_gnn, metric_val) = (['sage', 2, 120], 0.9274509803921569)
INFO:nas.trainer:eval | (sampled_gnn, metric_val) = (['gmm', 2, 180], 0.9398692810457516)
INFO:nas.trainer:eval | (sampled_gnn, metric_val) = (['sage', 2, 200], 0.9490196078431372)
INFO:nas.trainer:eval | (sampled_gnn, metric_val) = (['gmm', 2, 200], 0.930718954248366)
INFO:nas.trainer:train | 10 era_time 884.2238206863403
INFO:nas.trainer:eval | (sampled_gnn, metric_val) = (['gmm', 2, 180], 0.9398692810457516)
INFO:nas.trainer:eval | (sampled_gnn, metric_val) = (['gmm', 2, 120], 0.8614379084967321)
INFO:nas.trainer:eval | (sampled_gnn, metric_val) = (['gmm', 2, 200], 0.9366013071895425)
INFO:nas.trainer:eval | (sampled_gnn, metric_val) = (['gmm', 2, 200], 0.9372549019607843)
INFO:nas.trainer:eval | (sampled_gnn, metric_val) = (['gmm', 2, 220], 0.8960784313725491)
INFO:nas.trainer:eval | (sampled_gnn, metric_val) = (['gmm', 2, 180], 0.9405228758169935)
INFO:nas.trainer:eval | (sampled_gnn, metric_val) = (['gmm', 2, 180], 0.9359477124183007)
INFO:nas.trainer:eval | (sampled_gnn, metric_val) = (['gmm', 2, 200], 0.9437908496732026)
INFO:nas.trainer:eval | (sampled_gnn, metric_val) = (['ssg', 2, 220], 0.9169934640522875)
INFO:nas.trainer:eval | (sampled_gnn, metric_val) = (['gmm', 2, 200], 0.9392156862745098)
INFO:nas.trainer:eval | (sampled_gnn, metric_val) = (['gmm', 2, 220], 0.9431372549019608)
INFO:nas.trainer:eval | (sampled_gnn, metric_val) = (['sage', 2, 200], 0.9398692810457516)
INFO:nas.trainer:eval | (sampled_gnn, metric_val) = (['gat', 2, 120], 0.8967320261437909)
INFO:nas.trainer:eval | (sampled_gnn, metric_val) = (['gat', 2, 120], 0.9202614379084967)
INFO:nas.trainer:eval | (sampled_gnn, metric_val) = (['gat', 2, 180], 0.9032679738562092)
INFO:nas.trainer:eval | (sampled_gnn, metric_val) = (['gmm', 2, 200], 0.9431372549019608)
INFO:nas.trainer:eval | (sampled_gnn, metric_val) = (['gat', 2, 180], 0.9202614379084967)
INFO:nas.trainer:eval | (sampled_gnn, metric_val) = (['gmm', 2, 120], 0.9431372549019608)
INFO:nas.trainer:eval | (sampled_gnn, metric_val) = (['gmm', 2, 200], 0.9379084967320261)
INFO:nas.trainer:eval | (sampled_gnn, metric_val) = (['gmm', 2, 120], 0.9294117647058824)
INFO:nas.trainer:train | 11 era_time 919.2250258922577
INFO:nas.trainer:eval | (sampled_gnn, metric_val) = (['gmm', 2, 200], 0.9287581699346406)
INFO:nas.trainer:eval | (sampled_gnn, metric_val) = (['gmm', 2, 120], 0.9104575163398693)
INFO:nas.trainer:eval | (sampled_gnn, metric_val) = (['ssg', 2, 220], 0.9176470588235294)
INFO:nas.trainer:eval | (sampled_gnn, metric_val) = (['gmm', 2, 200], 0.9411764705882353)
INFO:nas.trainer:eval | (sampled_gnn, metric_val) = (['gmm', 2, 200], 0.8993464052287582)
INFO:nas.trainer:eval | (sampled_gnn, metric_val) = (['gcn', 2, 180], 0.9111111111111111)
INFO:nas.trainer:eval | (sampled_gnn, metric_val) = (['gmm', 2, 220], 0.9464052287581699)
INFO:nas.trainer:eval | (sampled_gnn, metric_val) = (['gat', 2, 180], 0.9254901960784314)
INFO:nas.trainer:eval | (sampled_gnn, metric_val) = (['gmm', 2, 200], 0.9483660130718954)
INFO:nas.trainer:eval | (sampled_gnn, metric_val) = (['gcn', 2, 120], 0.8915032679738563)
INFO:nas.trainer:eval | (sampled_gnn, metric_val) = (['gat', 2, 220], 0.9222222222222223)
INFO:nas.trainer:eval | (sampled_gnn, metric_val) = (['gmm', 2, 200], 0.9352941176470588)
INFO:nas.trainer:eval | (sampled_gnn, metric_val) = (['gcn', 2, 220], 0.9137254901960784)
INFO:nas.trainer:eval | (sampled_gnn, metric_val) = (['gcn', 2, 180], 0.8888888888888888)
INFO:nas.trainer:eval | (sampled_gnn, metric_val) = (['sage', 2, 180], 0.934640522875817)
INFO:nas.trainer:eval | (sampled_gnn, metric_val) = (['gcn', 2, 120], 0.8947712418300654)
INFO:nas.trainer:eval | (sampled_gnn, metric_val) = (['gat', 2, 180], 0.9254901960784314)
INFO:nas.trainer:eval | (sampled_gnn, metric_val) = (['gcn', 2, 200], 0.9156862745098039)
INFO:nas.trainer:eval | (sampled_gnn, metric_val) = (['gmm', 2, 180], 0.9241830065359478)
INFO:nas.trainer:eval | (sampled_gnn, metric_val) = (['gmm', 2, 200], 0.9464052287581699)
INFO:nas.trainer:train | 12 era_time 865.7578926086426
INFO:nas.trainer:eval | (sampled_gnn, metric_val) = (['gmm', 2, 120], 0.9130718954248366)
INFO:nas.trainer:eval | (sampled_gnn, metric_val) = (['gmm', 2, 120], 0.9013071895424837)
INFO:nas.trainer:eval | (sampled_gnn, metric_val) = (['ssg', 2, 180], 0.8986928104575164)
INFO:nas.trainer:eval | (sampled_gnn, metric_val) = (['gmm', 2, 180], 0.9418300653594771)
INFO:nas.trainer:eval | (sampled_gnn, metric_val) = (['gat', 2, 220], 0.9267973856209151)
INFO:nas.trainer:eval | (sampled_gnn, metric_val) = (['gmm', 2, 180], 0.9300653594771242)
INFO:nas.trainer:eval | (sampled_gnn, metric_val) = (['gmm', 2, 220], 0.9339869281045752)
INFO:nas.trainer:eval | (sampled_gnn, metric_val) = (['sage', 2, 180], 0.9405228758169935)
INFO:nas.trainer:eval | (sampled_gnn, metric_val) = (['gcn', 2, 200], 0.8986928104575164)
INFO:nas.trainer:eval | (sampled_gnn, metric_val) = (['gmm', 2, 200], 0.9379084967320261)
INFO:nas.trainer:eval | (sampled_gnn, metric_val) = (['gmm', 2, 120], 0.9163398692810457)
INFO:nas.trainer:eval | (sampled_gnn, metric_val) = (['gmm', 2, 180], 0.9431372549019608)
INFO:nas.trainer:eval | (sampled_gnn, metric_val) = (['gmm', 2, 180], 0.9464052287581699)
INFO:nas.trainer:eval | (sampled_gnn, metric_val) = (['gcn', 2, 160], 0.9052287581699346)
INFO:nas.trainer:eval | (sampled_gnn, metric_val) = (['gmm', 2, 180], 0.9326797385620915)
INFO:nas.trainer:eval | (sampled_gnn, metric_val) = (['gmm', 2, 200], 0.9411764705882353)
INFO:nas.trainer:eval | (sampled_gnn, metric_val) = (['gcn', 2, 180], 0.9071895424836601)
INFO:nas.trainer:eval | (sampled_gnn, metric_val) = (['gmm', 2, 180], 0.9333333333333333)
INFO:nas.trainer:eval | (sampled_gnn, metric_val) = (['gat', 2, 200], 0.9222222222222223)
INFO:nas.trainer:eval | (sampled_gnn, metric_val) = (['gmm', 2, 120], 0.9013071895424837)
INFO:nas.trainer:train | 13 era_time 809.6337597370148
INFO:nas.trainer:eval | (sampled_gnn, metric_val) = (['gmm', 2, 180], 0.9411764705882353)
INFO:nas.trainer:eval | (sampled_gnn, metric_val) = (['gmm', 2, 180], 0.9405228758169935)
INFO:nas.trainer:eval | (sampled_gnn, metric_val) = (['gat', 2, 180], 0.9261437908496732)
INFO:nas.trainer:eval | (sampled_gnn, metric_val) = (['sage', 2, 200], 0.9359477124183007)
INFO:nas.trainer:eval | (sampled_gnn, metric_val) = (['gmm', 2, 200], 0.9405228758169935)
INFO:nas.trainer:eval | (sampled_gnn, metric_val) = (['gmm', 2, 220], 0.9352941176470588)
INFO:nas.trainer:eval | (sampled_gnn, metric_val) = (['gcn', 2, 220], 0.9169934640522875)
INFO:nas.trainer:eval | (sampled_gnn, metric_val) = (['gmm', 2, 200], 0.9470588235294117)
INFO:nas.trainer:eval | (sampled_gnn, metric_val) = (['gmm', 2, 220], 0.9411764705882353)
INFO:nas.trainer:eval | (sampled_gnn, metric_val) = (['gmm', 2, 200], 0.9372549019607843)
INFO:nas.trainer:eval | (sampled_gnn, metric_val) = (['gmm', 2, 180], 0.9366013071895425)
INFO:nas.trainer:eval | (sampled_gnn, metric_val) = (['gmm', 2, 180], 0.9379084967320261)
INFO:nas.trainer:eval | (sampled_gnn, metric_val) = (['gmm', 2, 200], 0.9424836601307189)
INFO:nas.trainer:eval | (sampled_gnn, metric_val) = (['gmm', 2, 200], 0.9398692810457516)
INFO:nas.trainer:eval | (sampled_gnn, metric_val) = (['gcn', 2, 180], 0.9026143790849673)
INFO:nas.trainer:eval | (sampled_gnn, metric_val) = (['gmm', 2, 200], 0.9431372549019608)
INFO:nas.trainer:eval | (sampled_gnn, metric_val) = (['gmm', 2, 180], 0.9437908496732026)
INFO:nas.trainer:eval | (sampled_gnn, metric_val) = (['gmm', 2, 120], 0.9032679738562092)
INFO:nas.trainer:eval | (sampled_gnn, metric_val) = (['sage', 2, 200], 0.9405228758169935)
INFO:nas.trainer:eval | (sampled_gnn, metric_val) = (['ssg', 2, 180], 0.9104575163398693)
INFO:nas.trainer:train | 14 era_time 936.8557846546173
INFO:nas.trainer:eval | (sampled_gnn, metric_val) = (['gmm', 2, 180], 0.9437908496732026)
INFO:nas.trainer:eval | (sampled_gnn, metric_val) = (['gmm', 2, 200], 0.8954248366013072)
INFO:nas.trainer:eval | (sampled_gnn, metric_val) = (['gmm', 2, 180], 0.9405228758169935)
INFO:nas.trainer:eval | (sampled_gnn, metric_val) = (['gmm', 2, 220], 0.9405228758169935)
INFO:nas.trainer:eval | (sampled_gnn, metric_val) = (['gmm', 2, 120], 0.9313725490196079)
INFO:nas.trainer:eval | (sampled_gnn, metric_val) = (['gat', 2, 180], 0.918954248366013)
INFO:nas.trainer:eval | (sampled_gnn, metric_val) = (['gcn', 2, 180], 0.9058823529411765)
INFO:nas.trainer:eval | (sampled_gnn, metric_val) = (['gat', 2, 200], 0.9209150326797385)
INFO:nas.trainer:eval | (sampled_gnn, metric_val) = (['sage', 2, 220], 0.9450980392156862)
INFO:nas.trainer:eval | (sampled_gnn, metric_val) = (['gat', 2, 180], 0.9222222222222223)
INFO:nas.trainer:eval | (sampled_gnn, metric_val) = (['gmm', 2, 220], 0.9411764705882353)
INFO:nas.trainer:eval | (sampled_gnn, metric_val) = (['gmm', 2, 160], 0.9444444444444444)
INFO:nas.trainer:eval | (sampled_gnn, metric_val) = (['gcn', 2, 180], 0.9026143790849673)
INFO:nas.trainer:eval | (sampled_gnn, metric_val) = (['sage', 2, 220], 0.9444444444444444)
INFO:nas.trainer:eval | (sampled_gnn, metric_val) = (['gmm', 2, 180], 0.9457516339869281)
INFO:nas.trainer:eval | (sampled_gnn, metric_val) = (['gmm', 2, 160], 0.9169934640522875)
INFO:nas.trainer:eval | (sampled_gnn, metric_val) = (['gmm', 2, 180], 0.938562091503268)
INFO:nas.trainer:eval | (sampled_gnn, metric_val) = (['sage', 2, 180], 0.9398692810457516)
INFO:nas.trainer:eval | (sampled_gnn, metric_val) = (['gmm', 2, 180], 0.9398692810457516)
INFO:nas.trainer:eval | (sampled_gnn, metric_val) = (['gmm', 2, 180], 0.9352941176470588)
INFO:nas.trainer:train | 15 era_time 951.1285307407379
INFO:nas.trainer:eval | (sampled_gnn, metric_val) = (['gmm', 2, 180], 0.9398692810457516)
INFO:nas.trainer:eval | (sampled_gnn, metric_val) = (['gcn', 2, 180], 0.9150326797385621)
INFO:nas.trainer:eval | (sampled_gnn, metric_val) = (['gcn', 2, 180], 0.9052287581699346)
INFO:nas.trainer:eval | (sampled_gnn, metric_val) = (['gmm', 2, 220], 0.9366013071895425)
INFO:nas.trainer:eval | (sampled_gnn, metric_val) = (['gmm', 2, 180], 0.9379084967320261)
INFO:nas.trainer:eval | (sampled_gnn, metric_val) = (['gmm', 2, 160], 0.9248366013071896)
INFO:nas.trainer:eval | (sampled_gnn, metric_val) = (['gmm', 2, 220], 0.9411764705882353)
INFO:nas.trainer:eval | (sampled_gnn, metric_val) = (['sage', 2, 220], 0.9490196078431372)
INFO:nas.trainer:eval | (sampled_gnn, metric_val) = (['sage', 2, 200], 0.9418300653594771)
INFO:nas.trainer:eval | (sampled_gnn, metric_val) = (['gcn', 2, 220], 0.9111111111111111)
INFO:nas.trainer:eval | (sampled_gnn, metric_val) = (['gmm', 2, 200], 0.9339869281045752)
INFO:nas.trainer:eval | (sampled_gnn, metric_val) = (['gcn', 2, 220], 0.9209150326797385)
INFO:nas.trainer:eval | (sampled_gnn, metric_val) = (['gmm', 2, 220], 0.9405228758169935)
INFO:nas.trainer:eval | (sampled_gnn, metric_val) = (['gmm', 2, 180], 0.9352941176470588)
INFO:nas.trainer:eval | (sampled_gnn, metric_val) = (['gat', 2, 200], 0.9117647058823529)
INFO:nas.trainer:eval | (sampled_gnn, metric_val) = (['gmm', 2, 180], 0.9392156862745098)
INFO:nas.trainer:eval | (sampled_gnn, metric_val) = (['gmm', 2, 200], 0.9418300653594771)
INFO:nas.trainer:eval | (sampled_gnn, metric_val) = (['gmm', 2, 220], 0.9398692810457516)
INFO:nas.trainer:eval | (sampled_gnn, metric_val) = (['gmm', 2, 200], 0.9392156862745098)
INFO:nas.trainer:eval | (sampled_gnn, metric_val) = (['gmm', 2, 200], 0.9372549019607843)
INFO:nas.trainer:train | 16 era_time 865.954603433609
INFO:nas.trainer:eval | (sampled_gnn, metric_val) = (['sage', 2, 200], 0.938562091503268)
INFO:nas.trainer:eval | (sampled_gnn, metric_val) = (['gmm', 2, 180], 0.9366013071895425)
INFO:nas.trainer:eval | (sampled_gnn, metric_val) = (['gmm', 2, 200], 0.9405228758169935)
INFO:nas.trainer:eval | (sampled_gnn, metric_val) = (['sage', 2, 200], 0.9418300653594771)
INFO:nas.trainer:eval | (sampled_gnn, metric_val) = (['sage', 2, 180], 0.9464052287581699)
INFO:nas.trainer:eval | (sampled_gnn, metric_val) = (['gmm', 2, 180], 0.9235294117647059)
INFO:nas.trainer:eval | (sampled_gnn, metric_val) = (['gmm', 2, 200], 0.9313725490196079)
INFO:nas.trainer:eval | (sampled_gnn, metric_val) = (['gmm', 2, 180], 0.930718954248366)
INFO:nas.trainer:eval | (sampled_gnn, metric_val) = (['gcn', 2, 180], 0.9091503267973856)
INFO:nas.trainer:eval | (sampled_gnn, metric_val) = (['gmm', 2, 180], 0.9359477124183007)
INFO:nas.trainer:eval | (sampled_gnn, metric_val) = (['gmm', 2, 180], 0.9339869281045752)
INFO:nas.trainer:eval | (sampled_gnn, metric_val) = (['gat', 2, 180], 0.9267973856209151)
INFO:nas.trainer:eval | (sampled_gnn, metric_val) = (['sage', 2, 200], 0.9444444444444444)
INFO:nas.trainer:eval | (sampled_gnn, metric_val) = (['gmm', 2, 200], 0.9457516339869281)
INFO:nas.trainer:eval | (sampled_gnn, metric_val) = (['sage', 2, 180], 0.9228758169934641)
INFO:nas.trainer:eval | (sampled_gnn, metric_val) = (['sg', 2, 200], 0.9)
INFO:nas.trainer:eval | (sampled_gnn, metric_val) = (['gmm', 2, 180], 0.918954248366013)
INFO:nas.trainer:eval | (sampled_gnn, metric_val) = (['gmm', 2, 220], 0.9464052287581699)
INFO:nas.trainer:eval | (sampled_gnn, metric_val) = (['gmm', 2, 180], 0.9294117647058824)
INFO:nas.trainer:eval | (sampled_gnn, metric_val) = (['gmm', 2, 220], 0.9444444444444444)
INFO:nas.trainer:train | 17 era_time 1026.3094642162323
INFO:nas.trainer:eval | (sampled_gnn, metric_val) = (['gmm', 2, 200], 0.9405228758169935)
INFO:nas.trainer:eval | (sampled_gnn, metric_val) = (['sage', 2, 200], 0.9450980392156862)
INFO:nas.trainer:eval | (sampled_gnn, metric_val) = (['gmm', 2, 200], 0.9320261437908497)
INFO:nas.trainer:eval | (sampled_gnn, metric_val) = (['gmm', 2, 180], 0.9457516339869281)
INFO:nas.trainer:eval | (sampled_gnn, metric_val) = (['gmm', 2, 200], 0.9444444444444444)
INFO:nas.trainer:eval | (sampled_gnn, metric_val) = (['gmm', 2, 220], 0.8967320261437909)
INFO:nas.trainer:eval | (sampled_gnn, metric_val) = (['gmm', 2, 200], 0.9065359477124183)
INFO:nas.trainer:eval | (sampled_gnn, metric_val) = (['gmm', 2, 200], 0.9339869281045752)
INFO:nas.trainer:eval | (sampled_gnn, metric_val) = (['sage', 2, 100], 0.9222222222222223)
INFO:nas.trainer:eval | (sampled_gnn, metric_val) = (['gmm', 2, 180], 0.9352941176470588)
INFO:nas.trainer:eval | (sampled_gnn, metric_val) = (['gmm', 2, 220], 0.9457516339869281)
INFO:nas.trainer:eval | (sampled_gnn, metric_val) = (['gmm', 2, 220], 0.9437908496732026)
INFO:nas.trainer:eval | (sampled_gnn, metric_val) = (['sage', 2, 180], 0.9379084967320261)
INFO:nas.trainer:eval | (sampled_gnn, metric_val) = (['gmm', 2, 200], 0.9483660130718954)
INFO:nas.trainer:eval | (sampled_gnn, metric_val) = (['gmm', 2, 200], 0.9437908496732026)
INFO:nas.trainer:eval | (sampled_gnn, metric_val) = (['sage', 2, 180], 0.9437908496732026)
INFO:nas.trainer:eval | (sampled_gnn, metric_val) = (['gmm', 2, 200], 0.9339869281045752)
INFO:nas.trainer:eval | (sampled_gnn, metric_val) = (['gmm', 2, 200], 0.9424836601307189)
INFO:nas.trainer:eval | (sampled_gnn, metric_val) = (['gmm', 2, 180], 0.9352941176470588)
INFO:nas.trainer:eval | (sampled_gnn, metric_val) = (['gmm', 2, 200], 0.938562091503268)
INFO:nas.trainer:train | 18 era_time 887.5961933135986
INFO:nas.trainer:eval | (sampled_gnn, metric_val) = (['gmm', 2, 200], 0.9418300653594771)
INFO:nas.trainer:eval | (sampled_gnn, metric_val) = (['gcn', 2, 200], 0.9176470588235294)
INFO:nas.trainer:eval | (sampled_gnn, metric_val) = (['gmm', 2, 220], 0.9379084967320261)
INFO:nas.trainer:eval | (sampled_gnn, metric_val) = (['gmm', 2, 200], 0.9418300653594771)
INFO:nas.trainer:eval | (sampled_gnn, metric_val) = (['gmm', 2, 220], 0.9444444444444444)
INFO:nas.trainer:eval | (sampled_gnn, metric_val) = (['gmm', 2, 180], 0.9470588235294117)
INFO:nas.trainer:eval | (sampled_gnn, metric_val) = (['sage', 2, 220], 0.9398692810457516)
INFO:nas.trainer:eval | (sampled_gnn, metric_val) = (['gcn', 2, 180], 0.8993464052287582)
INFO:nas.trainer:eval | (sampled_gnn, metric_val) = (['gmm', 2, 200], 0.9261437908496732)
INFO:nas.trainer:eval | (sampled_gnn, metric_val) = (['gat', 2, 220], 0.9248366013071896)
INFO:nas.trainer:eval | (sampled_gnn, metric_val) = (['gmm', 2, 200], 0.934640522875817)
INFO:nas.trainer:eval | (sampled_gnn, metric_val) = (['sage', 2, 200], 0.9392156862745098)
INFO:nas.trainer:eval | (sampled_gnn, metric_val) = (['sage', 2, 200], 0.9431372549019608)
INFO:nas.trainer:eval | (sampled_gnn, metric_val) = (['gmm', 2, 200], 0.9137254901960784)
INFO:nas.trainer:eval | (sampled_gnn, metric_val) = (['gmm', 2, 180], 0.9398692810457516)
INFO:nas.trainer:eval | (sampled_gnn, metric_val) = (['gmm', 2, 220], 0.9359477124183007)
INFO:nas.trainer:eval | (sampled_gnn, metric_val) = (['gmm', 2, 100], 0.9241830065359478)
INFO:nas.trainer:eval | (sampled_gnn, metric_val) = (['gcn', 2, 200], 0.8986928104575164)
INFO:nas.trainer:eval | (sampled_gnn, metric_val) = (['gmm', 2, 200], 0.8973856209150327)
INFO:nas.trainer:eval | (sampled_gnn, metric_val) = (['gmm', 2, 220], 0.9424836601307189)
INFO:nas.trainer:train | 19 era_time 883.2244272232056
INFO:nas.trainer:eval | (sampled_gnn, metric_val) = (['gmm', 2, 220], 0.9)
INFO:nas.trainer:eval | (sampled_gnn, metric_val) = (['ssg', 2, 200], 0.9104575163398693)
INFO:nas.trainer:eval | (sampled_gnn, metric_val) = (['gmm', 2, 200], 0.934640522875817)
INFO:nas.trainer:eval | (sampled_gnn, metric_val) = (['gmm', 2, 220], 0.9398692810457516)
INFO:nas.trainer:eval | (sampled_gnn, metric_val) = (['gmm', 2, 200], 0.9405228758169935)
INFO:nas.trainer:eval | (sampled_gnn, metric_val) = (['sage', 2, 200], 0.930718954248366)
INFO:nas.trainer:eval | (sampled_gnn, metric_val) = (['gmm', 2, 220], 0.9457516339869281)
INFO:nas.trainer:eval | (sampled_gnn, metric_val) = (['sage', 2, 220], 0.9431372549019608)
INFO:nas.trainer:eval | (sampled_gnn, metric_val) = (['gmm', 2, 200], 0.9248366013071896)
INFO:nas.trainer:eval | (sampled_gnn, metric_val) = (['gmm', 2, 180], 0.9339869281045752)
INFO:nas.trainer:eval | (sampled_gnn, metric_val) = (['gmm', 2, 200], 0.9333333333333333)
INFO:nas.trainer:eval | (sampled_gnn, metric_val) = (['gmm', 2, 220], 0.9437908496732026)
INFO:nas.trainer:eval | (sampled_gnn, metric_val) = (['gmm', 2, 220], 0.9418300653594771)
INFO:nas.trainer:eval | (sampled_gnn, metric_val) = (['gmm', 2, 220], 0.9418300653594771)
INFO:nas.trainer:eval | (sampled_gnn, metric_val) = (['sage', 2, 220], 0.9450980392156862)
INFO:nas.trainer:eval | (sampled_gnn, metric_val) = (['gcn', 2, 200], 0.9150326797385621)
INFO:nas.trainer:eval | (sampled_gnn, metric_val) = (['sage', 2, 220], 0.949673202614379)
INFO:nas.trainer:eval | (sampled_gnn, metric_val) = (['gcn', 2, 120], 0.9065359477124183)
INFO:nas.trainer:eval | (sampled_gnn, metric_val) = (['sage', 2, 200], 0.9411764705882353)
INFO:nas.trainer:eval | (sampled_gnn, metric_val) = (['gat', 2, 200], 0.9)
INFO:nas.trainer:train | 20 era_time 1021.485936164856
INFO:nas.trainer:eval | (sampled_gnn, metric_val) = (['sage', 2, 180], 0.9503267973856209)
INFO:nas.trainer:eval | (sampled_gnn, metric_val) = (['gmm', 2, 220], 0.930718954248366)
INFO:nas.trainer:eval | (sampled_gnn, metric_val) = (['gmm', 2, 180], 0.9248366013071896)
INFO:nas.trainer:eval | (sampled_gnn, metric_val) = (['sage', 2, 180], 0.9294117647058824)
INFO:nas.trainer:eval | (sampled_gnn, metric_val) = (['sage', 2, 200], 0.9437908496732026)
INFO:nas.trainer:eval | (sampled_gnn, metric_val) = (['gmm', 2, 200], 0.9411764705882353)
INFO:nas.trainer:eval | (sampled_gnn, metric_val) = (['ssg', 2, 180], 0.8908496732026144)
INFO:nas.trainer:eval | (sampled_gnn, metric_val) = (['sage', 2, 180], 0.9392156862745098)
INFO:nas.trainer:eval | (sampled_gnn, metric_val) = (['gmm', 2, 220], 0.9392156862745098)
INFO:nas.trainer:eval | (sampled_gnn, metric_val) = (['sage', 2, 140], 0.9352941176470588)
INFO:nas.trainer:eval | (sampled_gnn, metric_val) = (['gmm', 2, 220], 0.9470588235294117)
INFO:nas.trainer:eval | (sampled_gnn, metric_val) = (['sage', 2, 220], 0.9470588235294117)
INFO:nas.trainer:eval | (sampled_gnn, metric_val) = (['gmm', 2, 200], 0.9457516339869281)
INFO:nas.trainer:eval | (sampled_gnn, metric_val) = (['gmm', 2, 220], 0.9444444444444444)
INFO:nas.trainer:eval | (sampled_gnn, metric_val) = (['gmm', 2, 180], 0.9359477124183007)
INFO:nas.trainer:eval | (sampled_gnn, metric_val) = (['gcn', 2, 220], 0.9202614379084967)
INFO:nas.trainer:eval | (sampled_gnn, metric_val) = (['gmm', 2, 180], 0.9424836601307189)
INFO:nas.trainer:eval | (sampled_gnn, metric_val) = (['gmm', 2, 180], 0.938562091503268)
INFO:nas.trainer:eval | (sampled_gnn, metric_val) = (['gmm', 2, 180], 0.9379084967320261)
INFO:nas.trainer:eval | (sampled_gnn, metric_val) = (['gmm', 2, 180], 0.9411764705882353)
INFO:nas.trainer:train | 21 era_time 1003.5986590385437
INFO:nas.trainer:eval | (sampled_gnn, metric_val) = (['sage', 2, 220], 0.9287581699346406)
INFO:nas.trainer:eval | (sampled_gnn, metric_val) = (['sage', 2, 220], 0.9398692810457516)
INFO:nas.trainer:eval | (sampled_gnn, metric_val) = (['gmm', 2, 220], 0.938562091503268)
INFO:nas.trainer:eval | (sampled_gnn, metric_val) = (['gmm', 2, 180], 0.9431372549019608)
INFO:nas.trainer:eval | (sampled_gnn, metric_val) = (['gcn', 2, 200], 0.8947712418300654)
INFO:nas.trainer:eval | (sampled_gnn, metric_val) = (['gmm', 2, 220], 0.9450980392156862)
INFO:nas.trainer:eval | (sampled_gnn, metric_val) = (['sage', 2, 220], 0.9444444444444444)
INFO:nas.trainer:eval | (sampled_gnn, metric_val) = (['gmm', 2, 180], 0.9294117647058824)
INFO:nas.trainer:eval | (sampled_gnn, metric_val) = (['sage', 2, 200], 0.9424836601307189)
INFO:nas.trainer:eval | (sampled_gnn, metric_val) = (['sage', 2, 180], 0.9477124183006536)
INFO:nas.trainer:eval | (sampled_gnn, metric_val) = (['gmm', 2, 180], 0.934640522875817)
INFO:nas.trainer:eval | (sampled_gnn, metric_val) = (['gmm', 2, 200], 0.9477124183006536)
INFO:nas.trainer:eval | (sampled_gnn, metric_val) = (['gmm', 2, 220], 0.938562091503268)
INFO:nas.trainer:eval | (sampled_gnn, metric_val) = (['gat', 2, 200], 0.9267973856209151)
INFO:nas.trainer:eval | (sampled_gnn, metric_val) = (['sage', 2, 200], 0.9444444444444444)
INFO:nas.trainer:eval | (sampled_gnn, metric_val) = (['gmm', 2, 200], 0.9437908496732026)
INFO:nas.trainer:eval | (sampled_gnn, metric_val) = (['gmm', 2, 200], 0.9424836601307189)
INFO:nas.trainer:eval | (sampled_gnn, metric_val) = (['gmm', 2, 180], 0.888235294117647)
INFO:nas.trainer:eval | (sampled_gnn, metric_val) = (['gmm', 2, 200], 0.9398692810457516)
INFO:nas.trainer:eval | (sampled_gnn, metric_val) = (['gmm', 2, 180], 0.9431372549019608)
INFO:nas.trainer:train | 22 era_time 968.5947778224945
INFO:nas.trainer:eval | (sampled_gnn, metric_val) = (['gmm', 2, 220], 0.9183006535947712)
INFO:nas.trainer:eval | (sampled_gnn, metric_val) = (['sage', 2, 220], 0.9464052287581699)
INFO:nas.trainer:eval | (sampled_gnn, metric_val) = (['sage', 2, 180], 0.9437908496732026)
INFO:nas.trainer:eval | (sampled_gnn, metric_val) = (['sage', 2, 180], 0.9352941176470588)
INFO:nas.trainer:eval | (sampled_gnn, metric_val) = (['gmm', 2, 180], 0.934640522875817)
INFO:nas.trainer:eval | (sampled_gnn, metric_val) = (['gmm', 2, 180], 0.9411764705882353)
INFO:nas.trainer:eval | (sampled_gnn, metric_val) = (['gmm', 2, 180], 0.9359477124183007)
INFO:nas.trainer:eval | (sampled_gnn, metric_val) = (['gmm', 2, 220], 0.9464052287581699)
INFO:nas.trainer:eval | (sampled_gnn, metric_val) = (['sage', 2, 200], 0.9405228758169935)
INFO:nas.trainer:eval | (sampled_gnn, metric_val) = (['gcn', 2, 220], 0.9137254901960784)
INFO:nas.trainer:eval | (sampled_gnn, metric_val) = (['tag', 2, 180], 0.21437908496732025)
INFO:nas.trainer:eval | (sampled_gnn, metric_val) = (['gmm', 2, 180], 0.9163398692810457)
INFO:nas.trainer:eval | (sampled_gnn, metric_val) = (['gmm', 2, 180], 0.9457516339869281)
INFO:nas.trainer:eval | (sampled_gnn, metric_val) = (['gcn', 2, 180], 0.9084967320261438)
INFO:nas.trainer:eval | (sampled_gnn, metric_val) = (['sage', 2, 220], 0.9490196078431372)
INFO:nas.trainer:eval | (sampled_gnn, metric_val) = (['sage', 2, 200], 0.9398692810457516)
INFO:nas.trainer:eval | (sampled_gnn, metric_val) = (['gmm', 2, 200], 0.9339869281045752)
INFO:nas.trainer:eval | (sampled_gnn, metric_val) = (['gat', 2, 200], 0.8973856209150327)
INFO:nas.trainer:eval | (sampled_gnn, metric_val) = (['gat', 2, 200], 0.9274509803921569)
INFO:nas.trainer:eval | (sampled_gnn, metric_val) = (['gmm', 2, 180], 0.938562091503268)
INFO:nas.trainer:train | 23 era_time 1133.3419449329376
INFO:nas.trainer:eval | (sampled_gnn, metric_val) = (['gmm', 2, 180], 0.9261437908496732)
INFO:nas.trainer:eval | (sampled_gnn, metric_val) = (['gmm', 2, 220], 0.9490196078431372)
INFO:nas.trainer:eval | (sampled_gnn, metric_val) = (['gmm', 2, 220], 0.9418300653594771)
INFO:nas.trainer:eval | (sampled_gnn, metric_val) = (['gmm', 2, 220], 0.9372549019607843)
INFO:nas.trainer:eval | (sampled_gnn, metric_val) = (['gmm', 2, 180], 0.9359477124183007)
INFO:nas.trainer:eval | (sampled_gnn, metric_val) = (['ssg', 2, 200], 0.9111111111111111)
INFO:nas.trainer:eval | (sampled_gnn, metric_val) = (['gmm', 2, 180], 0.9287581699346406)
INFO:nas.trainer:eval | (sampled_gnn, metric_val) = (['gmm', 2, 220], 0.9372549019607843)
INFO:nas.trainer:eval | (sampled_gnn, metric_val) = (['sage', 2, 200], 0.9411764705882353)
INFO:nas.trainer:eval | (sampled_gnn, metric_val) = (['gmm', 2, 180], 0.9372549019607843)
INFO:nas.trainer:eval | (sampled_gnn, metric_val) = (['gmm', 2, 180], 0.9411764705882353)
INFO:nas.trainer:eval | (sampled_gnn, metric_val) = (['gmm', 2, 180], 0.9405228758169935)
INFO:nas.trainer:eval | (sampled_gnn, metric_val) = (['gmm', 2, 180], 0.9372549019607843)
INFO:nas.trainer:eval | (sampled_gnn, metric_val) = (['gmm', 2, 200], 0.9437908496732026)
INFO:nas.trainer:eval | (sampled_gnn, metric_val) = (['gmm', 2, 200], 0.9450980392156862)
INFO:nas.trainer:eval | (sampled_gnn, metric_val) = (['gmm', 2, 200], 0.9431372549019608)
INFO:nas.trainer:eval | (sampled_gnn, metric_val) = (['gcn', 2, 220], 0.9150326797385621)
INFO:nas.trainer:eval | (sampled_gnn, metric_val) = (['gmm', 2, 180], 0.9392156862745098)
INFO:nas.trainer:eval | (sampled_gnn, metric_val) = (['gcn', 2, 220], 0.9026143790849673)
INFO:nas.trainer:eval | (sampled_gnn, metric_val) = (['sage', 2, 220], 0.9418300653594771)
INFO:nas.trainer:train | 24 era_time 934.851891040802
INFO:nas.trainer:eval | (sampled_gnn, metric_val) = (['gmm', 2, 200], 0.9424836601307189)
INFO:nas.trainer:eval | (sampled_gnn, metric_val) = (['gmm', 2, 200], 0.9287581699346406)
INFO:nas.trainer:eval | (sampled_gnn, metric_val) = (['sage', 2, 180], 0.9392156862745098)
INFO:nas.trainer:eval | (sampled_gnn, metric_val) = (['gmm', 2, 220], 0.9398692810457516)
INFO:nas.trainer:eval | (sampled_gnn, metric_val) = (['gmm', 2, 200], 0.9326797385620915)
INFO:nas.trainer:eval | (sampled_gnn, metric_val) = (['gat', 2, 180], 0.9084967320261438)
INFO:nas.trainer:eval | (sampled_gnn, metric_val) = (['gmm', 2, 220], 0.9235294117647059)
INFO:nas.trainer:eval | (sampled_gnn, metric_val) = (['gmm', 2, 180], 0.9274509803921569)
INFO:nas.trainer:eval | (sampled_gnn, metric_val) = (['gmm', 2, 180], 0.9352941176470588)
INFO:nas.trainer:eval | (sampled_gnn, metric_val) = (['sage', 2, 180], 0.9470588235294117)
INFO:nas.trainer:eval | (sampled_gnn, metric_val) = (['gmm', 2, 220], 0.9405228758169935)
INFO:nas.trainer:eval | (sampled_gnn, metric_val) = (['gmm', 2, 140], 0.9418300653594771)
INFO:nas.trainer:eval | (sampled_gnn, metric_val) = (['sage', 2, 180], 0.934640522875817)
INFO:nas.trainer:eval | (sampled_gnn, metric_val) = (['sage', 2, 180], 0.930718954248366)
INFO:nas.trainer:eval | (sampled_gnn, metric_val) = (['gmm', 2, 220], 0.9431372549019608)
INFO:nas.trainer:eval | (sampled_gnn, metric_val) = (['sage', 2, 200], 0.9457516339869281)
INFO:nas.trainer:eval | (sampled_gnn, metric_val) = (['gcn', 2, 220], 0.9202614379084967)
INFO:nas.trainer:eval | (sampled_gnn, metric_val) = (['gmm', 2, 180], 0.9405228758169935)
INFO:nas.trainer:eval | (sampled_gnn, metric_val) = (['gmm', 2, 220], 0.9437908496732026)
INFO:nas.trainer:eval | (sampled_gnn, metric_val) = (['gmm', 2, 220], 0.9372549019607843)
INFO:nas.trainer:train | 25 era_time 901.0173132419586
INFO:nas.trainer:eval | (sampled_gnn, metric_val) = (['sage', 2, 180], 0.9411764705882353)
INFO:nas.trainer:eval | (sampled_gnn, metric_val) = (['gmm', 2, 200], 0.9418300653594771)
INFO:nas.trainer:eval | (sampled_gnn, metric_val) = (['gmm', 2, 180], 0.9287581699346406)
INFO:nas.trainer:eval | (sampled_gnn, metric_val) = (['sage', 2, 220], 0.9431372549019608)
INFO:nas.trainer:eval | (sampled_gnn, metric_val) = (['gmm', 2, 220], 0.9287581699346406)
INFO:nas.trainer:eval | (sampled_gnn, metric_val) = (['gmm', 2, 220], 0.9457516339869281)
INFO:nas.trainer:eval | (sampled_gnn, metric_val) = (['gcn', 2, 220], 0.9163398692810457)
INFO:nas.trainer:eval | (sampled_gnn, metric_val) = (['gmm', 2, 200], 0.9418300653594771)
INFO:nas.trainer:eval | (sampled_gnn, metric_val) = (['gmm', 2, 180], 0.9320261437908497)
INFO:nas.trainer:eval | (sampled_gnn, metric_val) = (['gmm', 2, 140], 0.9352941176470588)
INFO:nas.trainer:eval | (sampled_gnn, metric_val) = (['sage', 2, 200], 0.934640522875817)
INFO:nas.trainer:eval | (sampled_gnn, metric_val) = (['gcn', 2, 180], 0.9117647058823529)
INFO:nas.trainer:eval | (sampled_gnn, metric_val) = (['gmm', 2, 200], 0.9366013071895425)
INFO:nas.trainer:eval | (sampled_gnn, metric_val) = (['gmm', 2, 180], 0.9326797385620915)
INFO:nas.trainer:eval | (sampled_gnn, metric_val) = (['gmm', 2, 180], 0.9111111111111111)
INFO:nas.trainer:eval | (sampled_gnn, metric_val) = (['gmm', 2, 180], 0.9424836601307189)
INFO:nas.trainer:eval | (sampled_gnn, metric_val) = (['gmm', 2, 220], 0.9300653594771242)
INFO:nas.trainer:eval | (sampled_gnn, metric_val) = (['gmm', 2, 180], 0.8771241830065359)
INFO:nas.trainer:eval | (sampled_gnn, metric_val) = (['gmm', 2, 220], 0.9483660130718954)
INFO:nas.trainer:eval | (sampled_gnn, metric_val) = (['gmm', 2, 180], 0.9418300653594771)
INFO:nas.trainer:train | 26 era_time 818.649011850357
INFO:nas.trainer:eval | (sampled_gnn, metric_val) = (['gmm', 2, 200], 0.9366013071895425)
INFO:nas.trainer:eval | (sampled_gnn, metric_val) = (['sage', 2, 180], 0.9405228758169935)
INFO:nas.trainer:eval | (sampled_gnn, metric_val) = (['gmm', 2, 200], 0.8934640522875817)
INFO:nas.trainer:eval | (sampled_gnn, metric_val) = (['gmm', 2, 200], 0.9392156862745098)
INFO:nas.trainer:eval | (sampled_gnn, metric_val) = (['sage', 2, 220], 0.9437908496732026)
INFO:nas.trainer:eval | (sampled_gnn, metric_val) = (['gmm', 2, 220], 0.938562091503268)
INFO:nas.trainer:eval | (sampled_gnn, metric_val) = (['sage', 2, 220], 0.9470588235294117)
INFO:nas.trainer:eval | (sampled_gnn, metric_val) = (['gat', 2, 220], 0.907843137254902)
INFO:nas.trainer:eval | (sampled_gnn, metric_val) = (['gmm', 2, 220], 0.9450980392156862)
INFO:nas.trainer:eval | (sampled_gnn, metric_val) = (['gcn', 2, 200], 0.9143790849673202)
INFO:nas.trainer:eval | (sampled_gnn, metric_val) = (['sage', 2, 200], 0.9392156862745098)
INFO:nas.trainer:eval | (sampled_gnn, metric_val) = (['gmm', 2, 200], 0.9450980392156862)
INFO:nas.trainer:eval | (sampled_gnn, metric_val) = (['gmm', 2, 180], 0.9424836601307189)
INFO:nas.trainer:eval | (sampled_gnn, metric_val) = (['gmm', 2, 220], 0.9379084967320261)
INFO:nas.trainer:eval | (sampled_gnn, metric_val) = (['gmm', 2, 180], 0.9274509803921569)
INFO:nas.trainer:eval | (sampled_gnn, metric_val) = (['sage', 2, 220], 0.9392156862745098)
INFO:nas.trainer:eval | (sampled_gnn, metric_val) = (['gmm', 2, 200], 0.9392156862745098)
INFO:nas.trainer:eval | (sampled_gnn, metric_val) = (['gat', 2, 220], 0.9248366013071896)
INFO:nas.trainer:eval | (sampled_gnn, metric_val) = (['sage', 2, 200], 0.9405228758169935)
INFO:nas.trainer:eval | (sampled_gnn, metric_val) = (['gmm', 2, 200], 0.9143790849673202)
INFO:nas.trainer:train | 27 era_time 959.259655714035
INFO:nas.trainer:eval | (sampled_gnn, metric_val) = (['gmm', 2, 220], 0.9464052287581699)
INFO:nas.trainer:eval | (sampled_gnn, metric_val) = (['gmm', 2, 200], 0.9424836601307189)
INFO:nas.trainer:eval | (sampled_gnn, metric_val) = (['sage', 2, 200], 0.9437908496732026)
INFO:nas.trainer:eval | (sampled_gnn, metric_val) = (['gmm', 2, 220], 0.938562091503268)
INFO:nas.trainer:eval | (sampled_gnn, metric_val) = (['gmm', 2, 200], 0.9320261437908497)
INFO:nas.trainer:eval | (sampled_gnn, metric_val) = (['gmm', 2, 220], 0.9444444444444444)
INFO:nas.trainer:eval | (sampled_gnn, metric_val) = (['gmm', 2, 200], 0.9418300653594771)
INFO:nas.trainer:eval | (sampled_gnn, metric_val) = (['sage', 2, 200], 0.9359477124183007)
INFO:nas.trainer:eval | (sampled_gnn, metric_val) = (['gmm', 2, 200], 0.9333333333333333)
INFO:nas.trainer:eval | (sampled_gnn, metric_val) = (['gmm', 2, 220], 0.9450980392156862)
INFO:nas.trainer:eval | (sampled_gnn, metric_val) = (['gmm', 2, 200], 0.9457516339869281)
INFO:nas.trainer:eval | (sampled_gnn, metric_val) = (['sage', 2, 220], 0.9444444444444444)
INFO:nas.trainer:eval | (sampled_gnn, metric_val) = (['gmm', 2, 180], 0.9359477124183007)
INFO:nas.trainer:eval | (sampled_gnn, metric_val) = (['gmm', 2, 220], 0.9450980392156862)
INFO:nas.trainer:eval | (sampled_gnn, metric_val) = (['sage', 2, 200], 0.9483660130718954)
INFO:nas.trainer:eval | (sampled_gnn, metric_val) = (['gmm', 2, 220], 0.9411764705882353)
INFO:nas.trainer:eval | (sampled_gnn, metric_val) = (['gmm', 2, 220], 0.9287581699346406)
INFO:nas.trainer:eval | (sampled_gnn, metric_val) = (['sage', 2, 200], 0.9437908496732026)
INFO:nas.trainer:eval | (sampled_gnn, metric_val) = (['gmm', 2, 220], 0.9444444444444444)
INFO:nas.trainer:eval | (sampled_gnn, metric_val) = (['gmm', 2, 220], 0.9418300653594771)
INFO:nas.trainer:train | 28 era_time 887.0218141078949
INFO:nas.trainer:eval | (sampled_gnn, metric_val) = (['gmm', 2, 220], 0.938562091503268)
INFO:nas.trainer:eval | (sampled_gnn, metric_val) = (['gmm', 2, 200], 0.9405228758169935)
INFO:nas.trainer:eval | (sampled_gnn, metric_val) = (['sage', 2, 220], 0.9490196078431372)
INFO:nas.trainer:eval | (sampled_gnn, metric_val) = (['gmm', 2, 220], 0.9405228758169935)
INFO:nas.trainer:eval | (sampled_gnn, metric_val) = (['gmm', 2, 200], 0.9405228758169935)
INFO:nas.trainer:eval | (sampled_gnn, metric_val) = (['gmm', 2, 220], 0.9326797385620915)
INFO:nas.trainer:eval | (sampled_gnn, metric_val) = (['gmm', 2, 220], 0.930718954248366)
INFO:nas.trainer:eval | (sampled_gnn, metric_val) = (['gat', 2, 200], 0.9241830065359478)
INFO:nas.trainer:eval | (sampled_gnn, metric_val) = (['ssg', 2, 200], 0.8869281045751634)
INFO:nas.trainer:eval | (sampled_gnn, metric_val) = (['gmm', 2, 220], 0.9437908496732026)
INFO:nas.trainer:eval | (sampled_gnn, metric_val) = (['sage', 2, 220], 0.9424836601307189)
INFO:nas.trainer:eval | (sampled_gnn, metric_val) = (['gmm', 2, 200], 0.934640522875817)
INFO:nas.trainer:eval | (sampled_gnn, metric_val) = (['sage', 2, 200], 0.9359477124183007)
INFO:nas.trainer:eval | (sampled_gnn, metric_val) = (['gcn', 2, 220], 0.9196078431372549)
INFO:nas.trainer:eval | (sampled_gnn, metric_val) = (['sage', 2, 220], 0.9503267973856209)
INFO:nas.trainer:eval | (sampled_gnn, metric_val) = (['gmm', 2, 200], 0.9405228758169935)
INFO:nas.trainer:eval | (sampled_gnn, metric_val) = (['gcn', 2, 200], 0.9163398692810457)
INFO:nas.trainer:eval | (sampled_gnn, metric_val) = (['gmm', 2, 220], 0.9444444444444444)
INFO:nas.trainer:eval | (sampled_gnn, metric_val) = (['gmm', 2, 200], 0.9379084967320261)
INFO:nas.trainer:eval | (sampled_gnn, metric_val) = (['gmm', 2, 220], 0.9450980392156862)
INFO:nas.trainer:train | 29 era_time 1089.332974433899
INFO:nas.trainer:eval | (sampled_gnn, metric_val) = (['gmm', 2, 120], 0.9098039215686274)
INFO:nas.trainer:eval | (sampled_gnn, metric_val) = (['gmm', 2, 220], 0.938562091503268)
INFO:nas.trainer:eval | (sampled_gnn, metric_val) = (['gmm', 2, 220], 0.9418300653594771)
INFO:nas.trainer:eval | (sampled_gnn, metric_val) = (['gmm', 2, 200], 0.9424836601307189)
INFO:nas.trainer:eval | (sampled_gnn, metric_val) = (['gmm', 2, 220], 0.9437908496732026)
INFO:nas.trainer:eval | (sampled_gnn, metric_val) = (['gmm', 2, 200], 0.9418300653594771)
INFO:nas.trainer:eval | (sampled_gnn, metric_val) = (['gmm', 2, 120], 0.9281045751633987)
INFO:nas.trainer:eval | (sampled_gnn, metric_val) = (['gmm', 2, 220], 0.9372549019607843)
INFO:nas.trainer:eval | (sampled_gnn, metric_val) = (['gmm', 2, 220], 0.9019607843137255)
INFO:nas.trainer:eval | (sampled_gnn, metric_val) = (['gmm', 2, 200], 0.938562091503268)
INFO:nas.trainer:eval | (sampled_gnn, metric_val) = (['gmm', 2, 200], 0.9405228758169935)
INFO:nas.trainer:eval | (sampled_gnn, metric_val) = (['gmm', 2, 220], 0.9405228758169935)
INFO:nas.trainer:eval | (sampled_gnn, metric_val) = (['sage', 2, 160], 0.9379084967320261)
INFO:nas.trainer:eval | (sampled_gnn, metric_val) = (['sage', 2, 200], 0.9437908496732026)
INFO:nas.trainer:eval | (sampled_gnn, metric_val) = (['gmm', 2, 200], 0.9372549019607843)
INFO:nas.trainer:eval | (sampled_gnn, metric_val) = (['gmm', 2, 220], 0.9359477124183007)
INFO:nas.trainer:eval | (sampled_gnn, metric_val) = (['gmm', 2, 200], 0.9411764705882353)
INFO:nas.trainer:eval | (sampled_gnn, metric_val) = (['gmm', 2, 220], 0.9398692810457516)
INFO:nas.trainer:eval | (sampled_gnn, metric_val) = (['gmm', 2, 200], 0.9437908496732026)
INFO:nas.trainer:eval | (sampled_gnn, metric_val) = (['gcn', 2, 220], 0.9209150326797385)
INFO:nas.trainer:train | 30 era_time 827.8042953014374
ERROR:__main__:cfg_file = '/home/ubuntu/GNN-AID/src/nas/cfg/52.yml'
[Errno 2] No such file or directory: 'save/Trainer_600.pkl'
