INFO:__main__:dataset:
- single-graph
- Planetoid
- PubMed
derive_num: 10
is_random: false
logfname: pubmed_dynamic-both_no-combinations.log
nas_args:
  dynamic_behaviour: change_both
  dynamic_nas_steps: 150
  forward:
    mode: train
    softmax_temp: 5.0
    tanh_c: 2.5
  hidden_size: 100
  reset:
    init_range: 0.1
ss_args:
  debug: false
  prob_scale: 4
  type: dynamic_prob
  with_combinations: false
trainer_args:
  derive:
    derive_from_history: false
  eval:
    save_model_flag: false
  train:
    derive_finaly: false
    num_eras: 30
    save_eras: 50
  train_controller:
    epochs: 20

INFO:nas.trainer:eval | (sampled_gnn, metric_val) = (['gmm', 2, 140], 0.8473630831643002)
INFO:nas.trainer:eval | (sampled_gnn, metric_val) = (['gcn', 2, 140], 0.8331643002028397)
INFO:nas.trainer:eval | (sampled_gnn, metric_val) = (['sg', 2, 160], 0.8303752535496958)
INFO:nas.trainer:eval | (sampled_gnn, metric_val) = (['sage', 2, 140], 0.8400101419878296)
INFO:nas.trainer:eval | (sampled_gnn, metric_val) = (['gmm', 2, 160], 0.856237322515213)
INFO:nas.trainer:eval | (sampled_gnn, metric_val) = (['gmm', 2, 140], 0.85420892494929)
INFO:nas.trainer:eval | (sampled_gnn, metric_val) = (['gcn', 2, 180], 0.8372210953346856)
INFO:nas.trainer:eval | (sampled_gnn, metric_val) = (['sg', 2, 220], 0.8364604462474645)
INFO:nas.trainer:eval | (sampled_gnn, metric_val) = (['tag', 2, 140], 0.5750507099391481)
INFO:nas.trainer:eval | (sampled_gnn, metric_val) = (['gat', 2, 160], 0.829868154158215)
INFO:nas.trainer:eval | (sampled_gnn, metric_val) = (['gmm', 2, 100], 0.8379817444219066)
INFO:nas.trainer:eval | (sampled_gnn, metric_val) = (['sage', 2, 100], 0.8189655172413793)
INFO:nas.trainer:eval | (sampled_gnn, metric_val) = (['gin', 2, 100], 0.8504056795131846)
INFO:nas.trainer:eval | (sampled_gnn, metric_val) = (['gmm', 2, 140], 0.8466024340770791)
INFO:nas.trainer:eval | (sampled_gnn, metric_val) = (['ssg', 2, 100], 0.7822008113590264)
INFO:nas.trainer:eval | (sampled_gnn, metric_val) = (['gat', 2, 180], 0.8336713995943205)
INFO:nas.trainer:eval | (sampled_gnn, metric_val) = (['gin', 2, 180], 0.8483772819472617)
INFO:nas.trainer:eval | (sampled_gnn, metric_val) = (['gin', 2, 180], 0.8227687626774848)
INFO:nas.trainer:eval | (sampled_gnn, metric_val) = (['gcn', 2, 100], 0.8207403651115619)
INFO:nas.trainer:eval | (sampled_gnn, metric_val) = (['gmm', 2, 140], 0.8476166328600405)
INFO:nas.trainer:train | 1 era_time 1418.9355833530426
INFO:nas.trainer:eval | (sampled_gnn, metric_val) = (['gin', 2, 220], 0.8572515212981744)
INFO:nas.trainer:eval | (sampled_gnn, metric_val) = (['gmm', 2, 160], 0.8615618661257607)
INFO:nas.trainer:eval | (sampled_gnn, metric_val) = (['gcn', 2, 220], 0.8468559837728195)
INFO:nas.trainer:eval | (sampled_gnn, metric_val) = (['gmm', 2, 140], 0.8537018255578094)
INFO:nas.trainer:eval | (sampled_gnn, metric_val) = (['gmm', 2, 140], 0.8445740365111561)
INFO:nas.trainer:eval | (sampled_gnn, metric_val) = (['ssg', 2, 100], 0.7254056795131846)
INFO:nas.trainer:eval | (sampled_gnn, metric_val) = (['sage', 2, 200], 0.8569979716024341)
INFO:nas.trainer:eval | (sampled_gnn, metric_val) = (['tag', 2, 200], 0.593052738336714)
INFO:nas.trainer:eval | (sampled_gnn, metric_val) = (['ssg', 2, 220], 0.8420385395537525)
INFO:nas.trainer:eval | (sampled_gnn, metric_val) = (['sg', 2, 180], 0.8303752535496958)
INFO:nas.trainer:eval | (sampled_gnn, metric_val) = (['gmm', 2, 200], 0.8656186612576064)
INFO:nas.trainer:eval | (sampled_gnn, metric_val) = (['gmm', 2, 120], 0.8460953346855984)
INFO:nas.trainer:eval | (sampled_gnn, metric_val) = (['sg', 2, 180], 0.8351926977687627)
INFO:nas.trainer:eval | (sampled_gnn, metric_val) = (['gin', 2, 100], 0.5646551724137931)
INFO:nas.trainer:eval | (sampled_gnn, metric_val) = (['gat', 2, 220], 0.8405172413793104)
INFO:nas.trainer:eval | (sampled_gnn, metric_val) = (['gmm', 2, 180], 0.8605476673427992)
INFO:nas.trainer:eval | (sampled_gnn, metric_val) = (['gcn', 2, 180], 0.8405172413793104)
INFO:nas.trainer:eval | (sampled_gnn, metric_val) = (['gmm', 2, 100], 0.8377281947261663)
INFO:nas.trainer:eval | (sampled_gnn, metric_val) = (['gmm', 2, 100], 0.8397565922920892)
INFO:nas.trainer:eval | (sampled_gnn, metric_val) = (['gat', 2, 220], 0.8387423935091278)
INFO:nas.trainer:train | 2 era_time 1694.513822555542
INFO:nas.trainer:eval | (sampled_gnn, metric_val) = (['gmm', 2, 200], 0.8658722109533469)
INFO:nas.trainer:eval | (sampled_gnn, metric_val) = (['gmm', 2, 220], 0.8679006085192698)
INFO:nas.trainer:eval | (sampled_gnn, metric_val) = (['gcn', 2, 200], 0.842292089249493)
INFO:nas.trainer:eval | (sampled_gnn, metric_val) = (['gcn', 2, 120], 0.822261663286004)
INFO:nas.trainer:eval | (sampled_gnn, metric_val) = (['gmm', 2, 160], 0.8349391480730223)
INFO:nas.trainer:eval | (sampled_gnn, metric_val) = (['gcn', 2, 100], 0.8194726166328601)
INFO:nas.trainer:eval | (sampled_gnn, metric_val) = (['sage', 2, 180], 0.8498985801217038)
INFO:nas.trainer:eval | (sampled_gnn, metric_val) = (['gmm', 2, 120], 0.8455882352941176)
INFO:nas.trainer:eval | (sampled_gnn, metric_val) = (['gmm', 2, 140], 0.8544624746450304)
INFO:nas.trainer:eval | (sampled_gnn, metric_val) = (['sage', 2, 180], 0.85420892494929)
INFO:nas.trainer:eval | (sampled_gnn, metric_val) = (['gmm', 2, 220], 0.8666328600405679)
INFO:nas.trainer:eval | (sampled_gnn, metric_val) = (['gmm', 2, 160], 0.8506592292089249)
INFO:nas.trainer:eval | (sampled_gnn, metric_val) = (['gcn', 2, 220], 0.8420385395537525)
INFO:nas.trainer:eval | (sampled_gnn, metric_val) = (['tag', 2, 160], 0.563894523326572)
INFO:nas.trainer:eval | (sampled_gnn, metric_val) = (['gat', 2, 180], 0.8318965517241379)
INFO:nas.trainer:eval | (sampled_gnn, metric_val) = (['gmm', 2, 160], 0.8575050709939148)
INFO:nas.trainer:eval | (sampled_gnn, metric_val) = (['ssg', 2, 220], 0.8397565922920892)
INFO:nas.trainer:eval | (sampled_gnn, metric_val) = (['gin', 2, 180], 0.8559837728194726)
INFO:nas.trainer:eval | (sampled_gnn, metric_val) = (['gmm', 2, 180], 0.8643509127789046)
INFO:nas.trainer:eval | (sampled_gnn, metric_val) = (['gat', 2, 220], 0.8397565922920892)
INFO:nas.trainer:train | 3 era_time 1568.7175080776215
INFO:nas.trainer:eval | (sampled_gnn, metric_val) = (['gat', 2, 120], 0.8184584178498986)
INFO:nas.trainer:eval | (sampled_gnn, metric_val) = (['gmm', 2, 120], 0.8448275862068966)
INFO:nas.trainer:eval | (sampled_gnn, metric_val) = (['sg', 2, 100], 0.7639452332657201)
INFO:nas.trainer:eval | (sampled_gnn, metric_val) = (['gmm', 2, 120], 0.8466024340770791)
INFO:nas.trainer:eval | (sampled_gnn, metric_val) = (['sage', 2, 180], 0.8514198782961461)
INFO:nas.trainer:eval | (sampled_gnn, metric_val) = (['gmm', 2, 220], 0.8689148073022313)
INFO:nas.trainer:eval | (sampled_gnn, metric_val) = (['gat', 2, 140], 0.8199797160243407)
INFO:nas.trainer:eval | (sampled_gnn, metric_val) = (['gmm', 2, 140], 0.8504056795131846)
INFO:nas.trainer:eval | (sampled_gnn, metric_val) = (['sg', 2, 160], 0.8308823529411765)
INFO:nas.trainer:eval | (sampled_gnn, metric_val) = (['gmm', 2, 140], 0.8501521298174443)
INFO:nas.trainer:eval | (sampled_gnn, metric_val) = (['gmm', 2, 140], 0.8557302231237323)
INFO:nas.trainer:eval | (sampled_gnn, metric_val) = (['sg', 2, 180], 0.8341784989858012)
INFO:nas.trainer:eval | (sampled_gnn, metric_val) = (['sg', 2, 160], 0.8273326572008114)
INFO:nas.trainer:eval | (sampled_gnn, metric_val) = (['gmm', 2, 120], 0.8455882352941176)
INFO:nas.trainer:eval | (sampled_gnn, metric_val) = (['gcn', 2, 220], 0.845841784989858)
INFO:nas.trainer:eval | (sampled_gnn, metric_val) = (['ssg', 2, 220], 0.837474645030426)
INFO:nas.trainer:eval | (sampled_gnn, metric_val) = (['gcn', 2, 120], 0.8250507099391481)
INFO:nas.trainer:eval | (sampled_gnn, metric_val) = (['gcn', 2, 200], 0.843052738336714)
INFO:nas.trainer:eval | (sampled_gnn, metric_val) = (['gmm', 2, 160], 0.8544624746450304)
INFO:nas.trainer:eval | (sampled_gnn, metric_val) = (['gcn', 2, 120], 0.8263184584178499)
INFO:nas.trainer:train | 4 era_time 1426.705539226532
INFO:nas.trainer:eval | (sampled_gnn, metric_val) = (['gcn', 2, 100], 0.8141480730223124)
INFO:nas.trainer:eval | (sampled_gnn, metric_val) = (['sg', 2, 120], 0.7586206896551724)
INFO:nas.trainer:eval | (sampled_gnn, metric_val) = (['gmm', 2, 220], 0.8689148073022313)
INFO:nas.trainer:eval | (sampled_gnn, metric_val) = (['gcn', 2, 140], 0.8311359026369168)
INFO:nas.trainer:eval | (sampled_gnn, metric_val) = (['gcn', 2, 160], 0.8372210953346856)
INFO:nas.trainer:eval | (sampled_gnn, metric_val) = (['gin', 2, 220], 0.8455882352941176)
INFO:nas.trainer:eval | (sampled_gnn, metric_val) = (['gcn', 2, 140], 0.8326572008113591)
INFO:nas.trainer:eval | (sampled_gnn, metric_val) = (['sage', 2, 220], 0.8595334685598377)
INFO:nas.trainer:eval | (sampled_gnn, metric_val) = (['sage', 2, 220], 0.8580121703853956)
INFO:nas.trainer:eval | (sampled_gnn, metric_val) = (['gcn', 2, 180], 0.8379817444219066)
INFO:nas.trainer:eval | (sampled_gnn, metric_val) = (['gcn', 2, 220], 0.8445740365111561)
INFO:nas.trainer:eval | (sampled_gnn, metric_val) = (['gcn', 2, 200], 0.8405172413793104)
INFO:nas.trainer:eval | (sampled_gnn, metric_val) = (['sage', 2, 220], 0.8602941176470589)
INFO:nas.trainer:eval | (sampled_gnn, metric_val) = (['gat', 2, 140], 0.8260649087221096)
INFO:nas.trainer:eval | (sampled_gnn, metric_val) = (['sg', 2, 180], 0.8280933062880325)
INFO:nas.trainer:eval | (sampled_gnn, metric_val) = (['gmm', 2, 220], 0.8719574036511156)
INFO:nas.trainer:eval | (sampled_gnn, metric_val) = (['gmm', 2, 120], 0.8425456389452333)
INFO:nas.trainer:eval | (sampled_gnn, metric_val) = (['gcn', 2, 120], 0.8237829614604463)
INFO:nas.trainer:eval | (sampled_gnn, metric_val) = (['gmm', 2, 140], 0.8471095334685599)
INFO:nas.trainer:eval | (sampled_gnn, metric_val) = (['gmm', 2, 140], 0.8501521298174443)
INFO:nas.trainer:train | 5 era_time 1466.5254969596863
INFO:nas.trainer:eval | (sampled_gnn, metric_val) = (['tag', 2, 220], 0.4893509127789047)
INFO:nas.trainer:eval | (sampled_gnn, metric_val) = (['gat', 2, 120], 0.8199797160243407)
INFO:nas.trainer:eval | (sampled_gnn, metric_val) = (['sage', 2, 180], 0.856237322515213)
INFO:nas.trainer:eval | (sampled_gnn, metric_val) = (['gin', 2, 180], 0.8529411764705882)
INFO:nas.trainer:eval | (sampled_gnn, metric_val) = (['ssg', 2, 180], 0.8359533468559838)
INFO:nas.trainer:eval | (sampled_gnn, metric_val) = (['gcn', 2, 200], 0.8445740365111561)
INFO:nas.trainer:eval | (sampled_gnn, metric_val) = (['sage', 2, 220], 0.8557302231237323)
INFO:nas.trainer:eval | (sampled_gnn, metric_val) = (['gat', 2, 160], 0.8288539553752535)
INFO:nas.trainer:eval | (sampled_gnn, metric_val) = (['sage', 2, 200], 0.8544624746450304)
INFO:nas.trainer:eval | (sampled_gnn, metric_val) = (['sage', 2, 220], 0.8623225152129818)
INFO:nas.trainer:eval | (sampled_gnn, metric_val) = (['gcn', 2, 120], 0.8273326572008114)
INFO:nas.trainer:eval | (sampled_gnn, metric_val) = (['ssg', 2, 220], 0.8433062880324543)
INFO:nas.trainer:eval | (sampled_gnn, metric_val) = (['gat', 2, 160], 0.8303752535496958)
INFO:nas.trainer:eval | (sampled_gnn, metric_val) = (['gin', 2, 220], 0.8389959432048681)
INFO:nas.trainer:eval | (sampled_gnn, metric_val) = (['gmm', 2, 180], 0.8592799188640974)
INFO:nas.trainer:eval | (sampled_gnn, metric_val) = (['gin', 2, 120], 0.5286511156186613)
INFO:nas.trainer:eval | (sampled_gnn, metric_val) = (['gcn', 2, 220], 0.8425456389452333)
INFO:nas.trainer:eval | (sampled_gnn, metric_val) = (['tag', 2, 160], 0.4528397565922921)
INFO:nas.trainer:eval | (sampled_gnn, metric_val) = (['gmm', 2, 160], 0.8592799188640974)
INFO:nas.trainer:eval | (sampled_gnn, metric_val) = (['gcn', 2, 140], 0.8288539553752535)
INFO:nas.trainer:train | 6 era_time 1859.1576595306396
INFO:nas.trainer:eval | (sampled_gnn, metric_val) = (['gmm', 2, 220], 0.8671399594320487)
INFO:nas.trainer:eval | (sampled_gnn, metric_val) = (['gcn', 2, 220], 0.8448275862068966)
INFO:nas.trainer:eval | (sampled_gnn, metric_val) = (['gmm', 2, 220], 0.8646044624746451)
INFO:nas.trainer:eval | (sampled_gnn, metric_val) = (['gmm', 2, 220], 0.8658722109533469)
INFO:nas.trainer:eval | (sampled_gnn, metric_val) = (['gmm', 2, 180], 0.8620689655172413)
INFO:nas.trainer:eval | (sampled_gnn, metric_val) = (['sage', 2, 220], 0.8577586206896551)
INFO:nas.trainer:eval | (sampled_gnn, metric_val) = (['gcn', 2, 220], 0.8476166328600405)
INFO:nas.trainer:eval | (sampled_gnn, metric_val) = (['gat', 2, 100], 0.8095841784989858)
INFO:nas.trainer:eval | (sampled_gnn, metric_val) = (['gmm', 2, 160], 0.8529411764705882)
INFO:nas.trainer:eval | (sampled_gnn, metric_val) = (['gcn', 2, 120], 0.8280933062880325)
INFO:nas.trainer:eval | (sampled_gnn, metric_val) = (['gat', 2, 160], 0.8296146044624746)
INFO:nas.trainer:eval | (sampled_gnn, metric_val) = (['gcn', 2, 220], 0.8445740365111561)
INFO:nas.trainer:eval | (sampled_gnn, metric_val) = (['sage', 2, 200], 0.8531947261663286)
INFO:nas.trainer:eval | (sampled_gnn, metric_val) = (['gmm', 2, 160], 0.8605476673427992)
INFO:nas.trainer:eval | (sampled_gnn, metric_val) = (['sage', 2, 180], 0.8557302231237323)
INFO:nas.trainer:eval | (sampled_gnn, metric_val) = (['gmm', 2, 160], 0.8526876267748479)
INFO:nas.trainer:eval | (sampled_gnn, metric_val) = (['gmm', 2, 160], 0.8572515212981744)
INFO:nas.trainer:eval | (sampled_gnn, metric_val) = (['sg', 2, 220], 0.8425456389452333)
INFO:nas.trainer:eval | (sampled_gnn, metric_val) = (['sg', 2, 220], 0.8362068965517241)
INFO:nas.trainer:eval | (sampled_gnn, metric_val) = (['gcn', 2, 220], 0.8445740365111561)
INFO:nas.trainer:train | 7 era_time 1537.6356954574585
INFO:nas.trainer:eval | (sampled_gnn, metric_val) = (['gcn', 2, 180], 0.8367139959432048)
INFO:nas.trainer:eval | (sampled_gnn, metric_val) = (['gcn', 2, 220], 0.8460953346855984)
INFO:nas.trainer:eval | (sampled_gnn, metric_val) = (['gmm', 2, 200], 0.8633367139959433)
INFO:nas.trainer:eval | (sampled_gnn, metric_val) = (['gcn', 2, 220], 0.8463488843813387)
INFO:nas.trainer:eval | (sampled_gnn, metric_val) = (['gmm', 2, 200], 0.8625760649087221)
INFO:nas.trainer:eval | (sampled_gnn, metric_val) = (['ssg', 2, 160], 0.8283468559837728)
INFO:nas.trainer:eval | (sampled_gnn, metric_val) = (['gat', 2, 120], 0.813894523326572)
INFO:nas.trainer:eval | (sampled_gnn, metric_val) = (['gin', 2, 200], 0.8427991886409736)
INFO:nas.trainer:eval | (sampled_gnn, metric_val) = (['gmm', 2, 220], 0.8684077079107505)
INFO:nas.trainer:eval | (sampled_gnn, metric_val) = (['sage', 2, 100], 0.8316430020283976)
INFO:nas.trainer:eval | (sampled_gnn, metric_val) = (['gcn', 2, 220], 0.8450811359026369)
INFO:nas.trainer:eval | (sampled_gnn, metric_val) = (['gin', 2, 180], 0.8569979716024341)
INFO:nas.trainer:eval | (sampled_gnn, metric_val) = (['gmm', 2, 120], 0.8526876267748479)
INFO:nas.trainer:eval | (sampled_gnn, metric_val) = (['gcn', 2, 220], 0.8433062880324543)
INFO:nas.trainer:eval | (sampled_gnn, metric_val) = (['tag', 2, 200], 0.5996450304259635)
INFO:nas.trainer:eval | (sampled_gnn, metric_val) = (['sg', 2, 100], 0.7877789046653144)
INFO:nas.trainer:eval | (sampled_gnn, metric_val) = (['gmm', 2, 220], 0.8676470588235294)
INFO:nas.trainer:eval | (sampled_gnn, metric_val) = (['gin', 2, 220], 0.8395030425963489)
INFO:nas.trainer:eval | (sampled_gnn, metric_val) = (['gcn', 2, 160], 0.8367139959432048)
INFO:nas.trainer:eval | (sampled_gnn, metric_val) = (['gat', 2, 120], 0.8182048681541582)
INFO:nas.trainer:train | 8 era_time 1553.1408607959747
INFO:nas.trainer:eval | (sampled_gnn, metric_val) = (['sage', 2, 220], 0.8613083164300203)
INFO:nas.trainer:eval | (sampled_gnn, metric_val) = (['gat', 2, 200], 0.8379817444219066)
INFO:nas.trainer:eval | (sampled_gnn, metric_val) = (['gat', 2, 220], 0.8400101419878296)
INFO:nas.trainer:eval | (sampled_gnn, metric_val) = (['gcn', 2, 180], 0.8362068965517241)
INFO:nas.trainer:eval | (sampled_gnn, metric_val) = (['gmm', 2, 160], 0.853448275862069)
INFO:nas.trainer:eval | (sampled_gnn, metric_val) = (['gat', 2, 200], 0.8359533468559838)
INFO:nas.trainer:eval | (sampled_gnn, metric_val) = (['sage', 2, 220], 0.8592799188640974)
INFO:nas.trainer:eval | (sampled_gnn, metric_val) = (['gin', 2, 200], 0.8448275862068966)
INFO:nas.trainer:eval | (sampled_gnn, metric_val) = (['gcn', 2, 120], 0.8278397565922921)
INFO:nas.trainer:eval | (sampled_gnn, metric_val) = (['gin', 2, 160], 0.8539553752535497)
INFO:nas.trainer:eval | (sampled_gnn, metric_val) = (['gcn', 2, 200], 0.837474645030426)
INFO:nas.trainer:eval | (sampled_gnn, metric_val) = (['sage', 2, 180], 0.8496450304259635)
INFO:nas.trainer:eval | (sampled_gnn, metric_val) = (['sg', 2, 160], 0.8367139959432048)
INFO:nas.trainer:eval | (sampled_gnn, metric_val) = (['gmm', 2, 220], 0.8625760649087221)
INFO:nas.trainer:eval | (sampled_gnn, metric_val) = (['sg', 2, 120], 0.8080628803245437)
INFO:nas.trainer:eval | (sampled_gnn, metric_val) = (['gmm', 2, 220], 0.8681541582150102)
INFO:nas.trainer:eval | (sampled_gnn, metric_val) = (['gcn', 2, 220], 0.8438133874239351)
INFO:nas.trainer:eval | (sampled_gnn, metric_val) = (['gcn', 2, 200], 0.8397565922920892)
INFO:nas.trainer:eval | (sampled_gnn, metric_val) = (['sage', 2, 180], 0.8483772819472617)
INFO:nas.trainer:eval | (sampled_gnn, metric_val) = (['gcn', 2, 160], 0.8359533468559838)
INFO:nas.trainer:train | 9 era_time 1502.0454432964325
INFO:nas.trainer:eval | (sampled_gnn, metric_val) = (['gcn', 2, 120], 0.824290060851927)
INFO:nas.trainer:eval | (sampled_gnn, metric_val) = (['gmm', 2, 160], 0.8547160243407708)
INFO:nas.trainer:eval | (sampled_gnn, metric_val) = (['gcn', 2, 160], 0.8356997971602435)
INFO:nas.trainer:eval | (sampled_gnn, metric_val) = (['gmm', 2, 120], 0.847870182555781)
INFO:nas.trainer:eval | (sampled_gnn, metric_val) = (['tag', 2, 200], 0.6270283975659229)
INFO:nas.trainer:eval | (sampled_gnn, metric_val) = (['ssg', 2, 200], 0.8382352941176471)
INFO:nas.trainer:eval | (sampled_gnn, metric_val) = (['gcn', 2, 180], 0.8400101419878296)
INFO:nas.trainer:eval | (sampled_gnn, metric_val) = (['gat', 2, 140], 0.8265720081135902)
INFO:nas.trainer:eval | (sampled_gnn, metric_val) = (['gmm', 2, 220], 0.8686612576064908)
INFO:nas.trainer:eval | (sampled_gnn, metric_val) = (['gin', 2, 220], 0.8544624746450304)
INFO:nas.trainer:eval | (sampled_gnn, metric_val) = (['gat', 2, 100], 0.8108519269776876)
INFO:nas.trainer:eval | (sampled_gnn, metric_val) = (['ssg', 2, 220], 0.8397565922920892)
INFO:nas.trainer:eval | (sampled_gnn, metric_val) = (['gcn', 2, 220], 0.8433062880324543)
INFO:nas.trainer:eval | (sampled_gnn, metric_val) = (['gmm', 2, 100], 0.8356997971602435)
INFO:nas.trainer:eval | (sampled_gnn, metric_val) = (['gcn', 2, 180], 0.8372210953346856)
INFO:nas.trainer:eval | (sampled_gnn, metric_val) = (['ssg', 2, 220], 0.84026369168357)
INFO:nas.trainer:eval | (sampled_gnn, metric_val) = (['sage', 2, 180], 0.856237322515213)
INFO:nas.trainer:eval | (sampled_gnn, metric_val) = (['gat', 2, 100], 0.8123732251521298)
INFO:nas.trainer:eval | (sampled_gnn, metric_val) = (['gmm', 2, 220], 0.8640973630831643)
INFO:nas.trainer:eval | (sampled_gnn, metric_val) = (['sage', 2, 200], 0.8569979716024341)
INFO:nas.trainer:train | 10 era_time 1523.973525762558
INFO:nas.trainer:eval | (sampled_gnn, metric_val) = (['gcn', 2, 140], 0.8329107505070994)
INFO:nas.trainer:eval | (sampled_gnn, metric_val) = (['gcn', 2, 200], 0.8400101419878296)
INFO:nas.trainer:eval | (sampled_gnn, metric_val) = (['sg', 2, 220], 0.841024340770791)
INFO:nas.trainer:eval | (sampled_gnn, metric_val) = (['sage', 2, 160], 0.8468559837728195)
INFO:nas.trainer:eval | (sampled_gnn, metric_val) = (['gcn', 2, 220], 0.8440669371196755)
INFO:nas.trainer:eval | (sampled_gnn, metric_val) = (['gcn', 2, 220], 0.8433062880324543)
INFO:nas.trainer:eval | (sampled_gnn, metric_val) = (['gcn', 2, 200], 0.8420385395537525)
INFO:nas.trainer:eval | (sampled_gnn, metric_val) = (['tag', 2, 120], 0.6678498985801217)
INFO:nas.trainer:eval | (sampled_gnn, metric_val) = (['gmm', 2, 220], 0.8681541582150102)
INFO:nas.trainer:eval | (sampled_gnn, metric_val) = (['gmm', 2, 220], 0.8646044624746451)
INFO:nas.trainer:eval | (sampled_gnn, metric_val) = (['gmm', 2, 220], 0.8656186612576064)
INFO:nas.trainer:eval | (sampled_gnn, metric_val) = (['gmm', 2, 220], 0.8656186612576064)
INFO:nas.trainer:eval | (sampled_gnn, metric_val) = (['gcn', 2, 140], 0.8278397565922921)
INFO:nas.trainer:eval | (sampled_gnn, metric_val) = (['gmm', 2, 220], 0.8679006085192698)
INFO:nas.trainer:eval | (sampled_gnn, metric_val) = (['sg', 2, 200], 0.8349391480730223)
INFO:nas.trainer:eval | (sampled_gnn, metric_val) = (['gcn', 2, 220], 0.8438133874239351)
INFO:nas.trainer:eval | (sampled_gnn, metric_val) = (['gat', 2, 180], 0.8321501014198783)
INFO:nas.trainer:eval | (sampled_gnn, metric_val) = (['gin', 2, 220], 0.8559837728194726)
INFO:nas.trainer:eval | (sampled_gnn, metric_val) = (['gcn', 2, 220], 0.8435598377281948)
INFO:nas.trainer:eval | (sampled_gnn, metric_val) = (['gat', 2, 160], 0.8306288032454361)
INFO:nas.trainer:train | 11 era_time 1576.8299634456635
INFO:nas.trainer:eval | (sampled_gnn, metric_val) = (['gmm', 2, 220], 0.848630831643002)
INFO:nas.trainer:eval | (sampled_gnn, metric_val) = (['gcn', 2, 200], 0.8425456389452333)
INFO:nas.trainer:eval | (sampled_gnn, metric_val) = (['gmm', 2, 220], 0.861815415821501)
INFO:nas.trainer:eval | (sampled_gnn, metric_val) = (['sage', 2, 180], 0.8524340770791075)
INFO:nas.trainer:eval | (sampled_gnn, metric_val) = (['gin', 2, 200], 0.859026369168357)
INFO:nas.trainer:eval | (sampled_gnn, metric_val) = (['gmm', 2, 220], 0.8623225152129818)
INFO:nas.trainer:eval | (sampled_gnn, metric_val) = (['gcn', 2, 180], 0.84026369168357)
INFO:nas.trainer:eval | (sampled_gnn, metric_val) = (['gmm', 2, 220], 0.8640973630831643)
INFO:nas.trainer:eval | (sampled_gnn, metric_val) = (['gmm', 2, 180], 0.8646044624746451)
INFO:nas.trainer:eval | (sampled_gnn, metric_val) = (['sage', 2, 220], 0.8605476673427992)
INFO:nas.trainer:eval | (sampled_gnn, metric_val) = (['sg', 2, 220], 0.8359533468559838)
INFO:nas.trainer:eval | (sampled_gnn, metric_val) = (['sage', 2, 220], 0.8575050709939148)
INFO:nas.trainer:eval | (sampled_gnn, metric_val) = (['gmm', 2, 160], 0.8529411764705882)
INFO:nas.trainer:eval | (sampled_gnn, metric_val) = (['ssg', 2, 220], 0.8460953346855984)
INFO:nas.trainer:eval | (sampled_gnn, metric_val) = (['sage', 2, 200], 0.8602941176470589)
INFO:nas.trainer:eval | (sampled_gnn, metric_val) = (['gmm', 2, 220], 0.8633367139959433)
INFO:nas.trainer:eval | (sampled_gnn, metric_val) = (['gcn', 2, 120], 0.8308823529411765)
INFO:nas.trainer:eval | (sampled_gnn, metric_val) = (['gat', 2, 160], 0.8293610547667343)
INFO:nas.trainer:eval | (sampled_gnn, metric_val) = (['gmm', 2, 220], 0.8653651115618661)
INFO:nas.trainer:eval | (sampled_gnn, metric_val) = (['gat', 2, 160], 0.829868154158215)
INFO:nas.trainer:train | 12 era_time 1761.9822676181793
INFO:nas.trainer:eval | (sampled_gnn, metric_val) = (['gcn', 2, 200], 0.8427991886409736)
INFO:nas.trainer:eval | (sampled_gnn, metric_val) = (['sage', 2, 220], 0.8613083164300203)
INFO:nas.trainer:eval | (sampled_gnn, metric_val) = (['gmm', 2, 220], 0.8671399594320487)
INFO:nas.trainer:eval | (sampled_gnn, metric_val) = (['tag', 2, 140], 0.6021805273833671)
INFO:nas.trainer:eval | (sampled_gnn, metric_val) = (['gcn', 2, 160], 0.8349391480730223)
INFO:nas.trainer:eval | (sampled_gnn, metric_val) = (['gcn', 2, 160], 0.835446247464503)
INFO:nas.trainer:eval | (sampled_gnn, metric_val) = (['ssg', 2, 180], 0.8336713995943205)
INFO:nas.trainer:eval | (sampled_gnn, metric_val) = (['sg', 2, 220], 0.842292089249493)
INFO:nas.trainer:eval | (sampled_gnn, metric_val) = (['tag', 2, 160], 0.5841784989858012)
INFO:nas.trainer:eval | (sampled_gnn, metric_val) = (['ssg', 2, 220], 0.8443204868154158)
INFO:nas.trainer:eval | (sampled_gnn, metric_val) = (['gat', 2, 160], 0.8230223123732252)
INFO:nas.trainer:eval | (sampled_gnn, metric_val) = (['tag', 2, 160], 0.5431034482758621)
INFO:nas.trainer:eval | (sampled_gnn, metric_val) = (['gmm', 2, 120], 0.8450811359026369)
INFO:nas.trainer:eval | (sampled_gnn, metric_val) = (['gat', 2, 220], 0.8382352941176471)
INFO:nas.trainer:eval | (sampled_gnn, metric_val) = (['ssg', 2, 220], 0.8466024340770791)
INFO:nas.trainer:eval | (sampled_gnn, metric_val) = (['sage', 2, 160], 0.8420385395537525)
INFO:nas.trainer:eval | (sampled_gnn, metric_val) = (['sg', 2, 200], 0.8425456389452333)
INFO:nas.trainer:eval | (sampled_gnn, metric_val) = (['gmm', 2, 220], 0.8620689655172413)
INFO:nas.trainer:eval | (sampled_gnn, metric_val) = (['gat', 2, 200], 0.8356997971602435)
INFO:nas.trainer:eval | (sampled_gnn, metric_val) = (['gin', 2, 220], 0.8204868154158215)
INFO:nas.trainer:train | 13 era_time 2212.027487039566
INFO:nas.trainer:eval | (sampled_gnn, metric_val) = (['tag', 2, 120], 0.651369168356998)
INFO:nas.trainer:eval | (sampled_gnn, metric_val) = (['gmm', 2, 220], 0.8727180527383367)
INFO:nas.trainer:eval | (sampled_gnn, metric_val) = (['gin', 2, 220], 0.8460953346855984)
INFO:nas.trainer:eval | (sampled_gnn, metric_val) = (['gmm', 2, 100], 0.835446247464503)
INFO:nas.trainer:eval | (sampled_gnn, metric_val) = (['sg', 2, 220], 0.8412778904665315)
INFO:nas.trainer:eval | (sampled_gnn, metric_val) = (['gmm', 2, 160], 0.8580121703853956)
INFO:nas.trainer:eval | (sampled_gnn, metric_val) = (['gmm', 2, 160], 0.8597870182555781)
INFO:nas.trainer:eval | (sampled_gnn, metric_val) = (['gmm', 2, 220], 0.8648580121703854)
INFO:nas.trainer:eval | (sampled_gnn, metric_val) = (['sage', 2, 220], 0.8597870182555781)
INFO:nas.trainer:eval | (sampled_gnn, metric_val) = (['gmm', 2, 200], 0.8638438133874239)
INFO:nas.trainer:eval | (sampled_gnn, metric_val) = (['sage', 2, 220], 0.8580121703853956)
INFO:nas.trainer:eval | (sampled_gnn, metric_val) = (['gat', 2, 220], 0.8351926977687627)
INFO:nas.trainer:eval | (sampled_gnn, metric_val) = (['gcn', 2, 160], 0.8344320486815415)
INFO:nas.trainer:eval | (sampled_gnn, metric_val) = (['gmm', 2, 200], 0.8630831643002028)
INFO:nas.trainer:eval | (sampled_gnn, metric_val) = (['gcn', 2, 220], 0.843052738336714)
INFO:nas.trainer:eval | (sampled_gnn, metric_val) = (['gat', 2, 100], 0.8141480730223124)
INFO:nas.trainer:eval | (sampled_gnn, metric_val) = (['gat', 2, 100], 0.816683569979716)
INFO:nas.trainer:eval | (sampled_gnn, metric_val) = (['ssg', 2, 220], 0.8443204868154158)
INFO:nas.trainer:eval | (sampled_gnn, metric_val) = (['gmm', 2, 220], 0.8643509127789046)
INFO:nas.trainer:eval | (sampled_gnn, metric_val) = (['gcn', 2, 220], 0.8443204868154158)
INFO:nas.trainer:train | 14 era_time 1569.817488193512
INFO:nas.trainer:eval | (sampled_gnn, metric_val) = (['gat', 2, 120], 0.8209939148073022)
INFO:nas.trainer:eval | (sampled_gnn, metric_val) = (['gmm', 2, 220], 0.8666328600405679)
INFO:nas.trainer:eval | (sampled_gnn, metric_val) = (['gmm', 2, 160], 0.8539553752535497)
INFO:nas.trainer:eval | (sampled_gnn, metric_val) = (['gcn', 2, 200], 0.8397565922920892)
INFO:nas.trainer:eval | (sampled_gnn, metric_val) = (['gin', 2, 180], 0.8471095334685599)
INFO:nas.trainer:eval | (sampled_gnn, metric_val) = (['gcn', 2, 160], 0.8339249492900609)
INFO:nas.trainer:eval | (sampled_gnn, metric_val) = (['gcn', 2, 200], 0.8400101419878296)
INFO:nas.trainer:eval | (sampled_gnn, metric_val) = (['sg', 2, 200], 0.834685598377282)
INFO:nas.trainer:eval | (sampled_gnn, metric_val) = (['sg', 2, 200], 0.8344320486815415)
INFO:nas.trainer:eval | (sampled_gnn, metric_val) = (['sage', 2, 220], 0.856237322515213)
INFO:nas.trainer:eval | (sampled_gnn, metric_val) = (['gcn', 2, 220], 0.845841784989858)
INFO:nas.trainer:eval | (sampled_gnn, metric_val) = (['gat', 2, 200], 0.8364604462474645)
INFO:nas.trainer:eval | (sampled_gnn, metric_val) = (['gcn', 2, 220], 0.8463488843813387)
INFO:nas.trainer:eval | (sampled_gnn, metric_val) = (['gin', 2, 220], 0.8207403651115619)
INFO:nas.trainer:eval | (sampled_gnn, metric_val) = (['gat', 2, 120], 0.8161764705882353)
INFO:nas.trainer:eval | (sampled_gnn, metric_val) = (['sage', 2, 160], 0.8476166328600405)
INFO:nas.trainer:eval | (sampled_gnn, metric_val) = (['gcn', 2, 100], 0.8237829614604463)
INFO:nas.trainer:eval | (sampled_gnn, metric_val) = (['gcn', 2, 160], 0.837474645030426)
INFO:nas.trainer:eval | (sampled_gnn, metric_val) = (['ssg', 2, 220], 0.8448275862068966)
INFO:nas.trainer:eval | (sampled_gnn, metric_val) = (['gin', 2, 220], 0.8455882352941176)
INFO:nas.trainer:train | 15 era_time 1626.1322433948517
INFO:nas.trainer:eval | (sampled_gnn, metric_val) = (['gmm', 2, 220], 0.8671399594320487)
INFO:nas.trainer:eval | (sampled_gnn, metric_val) = (['gmm', 2, 180], 0.8602941176470589)
INFO:nas.trainer:eval | (sampled_gnn, metric_val) = (['ssg', 2, 200], 0.8435598377281948)
INFO:nas.trainer:eval | (sampled_gnn, metric_val) = (['gat', 2, 180], 0.8331643002028397)
INFO:nas.trainer:eval | (sampled_gnn, metric_val) = (['gmm', 2, 160], 0.8504056795131846)
INFO:nas.trainer:eval | (sampled_gnn, metric_val) = (['ssg', 2, 220], 0.8443204868154158)
INFO:nas.trainer:eval | (sampled_gnn, metric_val) = (['gcn', 2, 220], 0.845841784989858)
INFO:nas.trainer:eval | (sampled_gnn, metric_val) = (['gmm', 2, 180], 0.8602941176470589)
INFO:nas.trainer:eval | (sampled_gnn, metric_val) = (['sage', 2, 200], 0.8582657200811359)
INFO:nas.trainer:eval | (sampled_gnn, metric_val) = (['gcn', 2, 140], 0.8286004056795132)
INFO:nas.trainer:eval | (sampled_gnn, metric_val) = (['sg', 2, 220], 0.8379817444219066)
INFO:nas.trainer:eval | (sampled_gnn, metric_val) = (['gmm', 2, 160], 0.8524340770791075)
INFO:nas.trainer:eval | (sampled_gnn, metric_val) = (['gcn', 2, 220], 0.8453346855983773)
INFO:nas.trainer:eval | (sampled_gnn, metric_val) = (['gmm', 2, 220], 0.8706896551724138)
INFO:nas.trainer:eval | (sampled_gnn, metric_val) = (['gin', 2, 220], 0.8417849898580122)
INFO:nas.trainer:eval | (sampled_gnn, metric_val) = (['gin', 2, 200], 0.8559837728194726)
INFO:nas.trainer:eval | (sampled_gnn, metric_val) = (['gin', 2, 160], 0.8549695740365112)
INFO:nas.trainer:eval | (sampled_gnn, metric_val) = (['ssg', 2, 220], 0.8382352941176471)
INFO:nas.trainer:eval | (sampled_gnn, metric_val) = (['gcn', 2, 220], 0.8448275862068966)
INFO:nas.trainer:eval | (sampled_gnn, metric_val) = (['ssg', 2, 200], 0.8382352941176471)
INFO:nas.trainer:train | 16 era_time 1866.2214660644531
INFO:nas.trainer:eval | (sampled_gnn, metric_val) = (['gcn', 2, 200], 0.8412778904665315)
INFO:nas.trainer:eval | (sampled_gnn, metric_val) = (['sage', 2, 220], 0.8582657200811359)
INFO:nas.trainer:eval | (sampled_gnn, metric_val) = (['gcn', 2, 200], 0.8412778904665315)
INFO:nas.trainer:eval | (sampled_gnn, metric_val) = (['gmm', 2, 160], 0.8526876267748479)
INFO:nas.trainer:eval | (sampled_gnn, metric_val) = (['sg', 2, 220], 0.843052738336714)
INFO:nas.trainer:eval | (sampled_gnn, metric_val) = (['gmm', 2, 220], 0.8679006085192698)
INFO:nas.trainer:eval | (sampled_gnn, metric_val) = (['sg', 2, 160], 0.8311359026369168)
INFO:nas.trainer:eval | (sampled_gnn, metric_val) = (['gcn', 2, 220], 0.8448275862068966)
INFO:nas.trainer:eval | (sampled_gnn, metric_val) = (['gmm', 2, 220], 0.8648580121703854)
INFO:nas.trainer:eval | (sampled_gnn, metric_val) = (['gcn', 2, 160], 0.8344320486815415)
INFO:nas.trainer:eval | (sampled_gnn, metric_val) = (['gmm', 2, 120], 0.8468559837728195)
INFO:nas.trainer:eval | (sampled_gnn, metric_val) = (['gmm', 2, 220], 0.8701825557809331)
INFO:nas.trainer:eval | (sampled_gnn, metric_val) = (['gmm', 2, 220], 0.8681541582150102)
INFO:nas.trainer:eval | (sampled_gnn, metric_val) = (['gat', 2, 180], 0.8367139959432048)
INFO:nas.trainer:eval | (sampled_gnn, metric_val) = (['gat', 2, 100], 0.8118661257606491)
INFO:nas.trainer:eval | (sampled_gnn, metric_val) = (['tag', 2, 180], 0.6232251521298174)
INFO:nas.trainer:eval | (sampled_gnn, metric_val) = (['gcn', 2, 220], 0.8395030425963489)
INFO:nas.trainer:eval | (sampled_gnn, metric_val) = (['ssg', 2, 220], 0.8384888438133874)
INFO:nas.trainer:eval | (sampled_gnn, metric_val) = (['sage', 2, 220], 0.8602941176470589)
INFO:nas.trainer:eval | (sampled_gnn, metric_val) = (['sage', 2, 220], 0.8602941176470589)
INFO:nas.trainer:train | 17 era_time 1737.9136052131653
INFO:nas.trainer:eval | (sampled_gnn, metric_val) = (['sg', 2, 220], 0.8415314401622718)
INFO:nas.trainer:eval | (sampled_gnn, metric_val) = (['gat', 2, 100], 0.8149087221095335)
INFO:nas.trainer:eval | (sampled_gnn, metric_val) = (['gat', 2, 100], 0.8113590263691683)
INFO:nas.trainer:eval | (sampled_gnn, metric_val) = (['gat', 2, 120], 0.8156693711967545)
INFO:nas.trainer:eval | (sampled_gnn, metric_val) = (['gin', 2, 200], 0.8493914807302231)
INFO:nas.trainer:eval | (sampled_gnn, metric_val) = (['tag', 2, 120], 0.7449290060851927)
INFO:nas.trainer:eval | (sampled_gnn, metric_val) = (['gcn', 2, 160], 0.8336713995943205)
INFO:nas.trainer:eval | (sampled_gnn, metric_val) = (['gmm', 2, 220], 0.8640973630831643)
INFO:nas.trainer:eval | (sampled_gnn, metric_val) = (['sg', 2, 220], 0.8379817444219066)
INFO:nas.trainer:eval | (sampled_gnn, metric_val) = (['gat', 2, 120], 0.8207403651115619)
INFO:nas.trainer:eval | (sampled_gnn, metric_val) = (['gmm', 2, 220], 0.8671399594320487)
INFO:nas.trainer:eval | (sampled_gnn, metric_val) = (['gcn', 2, 200], 0.843052738336714)
INFO:nas.trainer:eval | (sampled_gnn, metric_val) = (['sg', 2, 180], 0.837474645030426)
INFO:nas.trainer:eval | (sampled_gnn, metric_val) = (['gmm', 2, 220], 0.8681541582150102)
INFO:nas.trainer:eval | (sampled_gnn, metric_val) = (['gcn', 2, 220], 0.8417849898580122)
INFO:nas.trainer:eval | (sampled_gnn, metric_val) = (['sg', 2, 160], 0.8230223123732252)
INFO:nas.trainer:eval | (sampled_gnn, metric_val) = (['gmm', 2, 220], 0.8701825557809331)
INFO:nas.trainer:eval | (sampled_gnn, metric_val) = (['gat', 2, 160], 0.8308823529411765)
INFO:nas.trainer:eval | (sampled_gnn, metric_val) = (['gin', 2, 160], 0.853448275862069)
INFO:nas.trainer:eval | (sampled_gnn, metric_val) = (['gmm', 2, 220], 0.8661257606490872)
INFO:nas.trainer:train | 18 era_time 1584.5343618392944
INFO:nas.trainer:eval | (sampled_gnn, metric_val) = (['gat', 2, 160], 0.8288539553752535)
INFO:nas.trainer:eval | (sampled_gnn, metric_val) = (['gcn', 2, 220], 0.845841784989858)
INFO:nas.trainer:eval | (sampled_gnn, metric_val) = (['ssg', 2, 220], 0.84026369168357)
INFO:nas.trainer:eval | (sampled_gnn, metric_val) = (['tag', 2, 220], 0.6138438133874239)
INFO:nas.trainer:eval | (sampled_gnn, metric_val) = (['sage', 2, 220], 0.8602941176470589)
INFO:nas.trainer:eval | (sampled_gnn, metric_val) = (['gmm', 2, 220], 0.867393509127789)
INFO:nas.trainer:eval | (sampled_gnn, metric_val) = (['gmm', 2, 100], 0.8336713995943205)
INFO:nas.trainer:eval | (sampled_gnn, metric_val) = (['gcn', 2, 180], 0.8392494929006086)
INFO:nas.trainer:eval | (sampled_gnn, metric_val) = (['sage', 2, 220], 0.8569979716024341)
INFO:nas.trainer:eval | (sampled_gnn, metric_val) = (['gat', 2, 180], 0.8349391480730223)
INFO:nas.trainer:eval | (sampled_gnn, metric_val) = (['sg', 2, 220], 0.8377281947261663)
INFO:nas.trainer:eval | (sampled_gnn, metric_val) = (['gat', 2, 200], 0.8379817444219066)
INFO:nas.trainer:eval | (sampled_gnn, metric_val) = (['gmm', 2, 180], 0.8638438133874239)
INFO:nas.trainer:eval | (sampled_gnn, metric_val) = (['sage', 2, 220], 0.8592799188640974)
INFO:nas.trainer:eval | (sampled_gnn, metric_val) = (['gcn', 2, 220], 0.8448275862068966)
INFO:nas.trainer:eval | (sampled_gnn, metric_val) = (['tag', 2, 200], 0.6148580121703854)
INFO:nas.trainer:eval | (sampled_gnn, metric_val) = (['gmm', 2, 220], 0.8666328600405679)
INFO:nas.trainer:eval | (sampled_gnn, metric_val) = (['gat', 2, 100], 0.8126267748478702)
INFO:nas.trainer:eval | (sampled_gnn, metric_val) = (['gmm', 2, 220], 0.8648580121703854)
INFO:nas.trainer:eval | (sampled_gnn, metric_val) = (['gmm', 2, 200], 0.8653651115618661)
INFO:nas.trainer:train | 19 era_time 1787.0951313972473
INFO:nas.trainer:eval | (sampled_gnn, metric_val) = (['gmm', 2, 220], 0.8701825557809331)
INFO:nas.trainer:eval | (sampled_gnn, metric_val) = (['gat', 2, 200], 0.8324036511156186)
INFO:nas.trainer:eval | (sampled_gnn, metric_val) = (['gcn', 2, 220], 0.8445740365111561)
INFO:nas.trainer:eval | (sampled_gnn, metric_val) = (['gmm', 2, 200], 0.8679006085192698)
INFO:nas.trainer:eval | (sampled_gnn, metric_val) = (['gcn', 2, 220], 0.842292089249493)
INFO:nas.trainer:eval | (sampled_gnn, metric_val) = (['sage', 2, 200], 0.8575050709939148)
INFO:nas.trainer:eval | (sampled_gnn, metric_val) = (['gmm', 2, 220], 0.8679006085192698)
INFO:nas.trainer:eval | (sampled_gnn, metric_val) = (['gcn', 2, 120], 0.8247971602434077)
INFO:nas.trainer:eval | (sampled_gnn, metric_val) = (['gmm', 2, 220], 0.8679006085192698)
INFO:nas.trainer:eval | (sampled_gnn, metric_val) = (['gcn', 2, 100], 0.8113590263691683)
INFO:nas.trainer:eval | (sampled_gnn, metric_val) = (['gat', 2, 140], 0.8235294117647058)
INFO:nas.trainer:eval | (sampled_gnn, metric_val) = (['gmm', 2, 160], 0.8552231237322515)
INFO:nas.trainer:eval | (sampled_gnn, metric_val) = (['gcn', 2, 220], 0.8448275862068966)
INFO:nas.trainer:eval | (sampled_gnn, metric_val) = (['gin', 2, 220], 0.8450811359026369)
INFO:nas.trainer:eval | (sampled_gnn, metric_val) = (['sage', 2, 220], 0.8592799188640974)
INFO:nas.trainer:eval | (sampled_gnn, metric_val) = (['gmm', 2, 200], 0.8640973630831643)
INFO:nas.trainer:eval | (sampled_gnn, metric_val) = (['gcn', 2, 220], 0.841024340770791)
INFO:nas.trainer:eval | (sampled_gnn, metric_val) = (['gmm', 2, 220], 0.8658722109533469)
INFO:nas.trainer:eval | (sampled_gnn, metric_val) = (['gat', 2, 220], 0.8405172413793104)
INFO:nas.trainer:eval | (sampled_gnn, metric_val) = (['tag', 2, 160], 0.5864604462474645)
INFO:nas.trainer:train | 20 era_time 1649.6936075687408
INFO:nas.trainer:eval | (sampled_gnn, metric_val) = (['gcn', 2, 220], 0.8435598377281948)
INFO:nas.trainer:eval | (sampled_gnn, metric_val) = (['sage', 2, 140], 0.8420385395537525)
INFO:nas.trainer:eval | (sampled_gnn, metric_val) = (['gcn', 2, 180], 0.8395030425963489)
INFO:nas.trainer:eval | (sampled_gnn, metric_val) = (['ssg', 2, 180], 0.8349391480730223)
INFO:nas.trainer:eval | (sampled_gnn, metric_val) = (['gat', 2, 100], 0.8151622718052738)
INFO:nas.trainer:eval | (sampled_gnn, metric_val) = (['gcn', 2, 220], 0.8460953346855984)
INFO:nas.trainer:eval | (sampled_gnn, metric_val) = (['gcn', 2, 220], 0.8466024340770791)
INFO:nas.trainer:eval | (sampled_gnn, metric_val) = (['tag', 2, 120], 0.579107505070994)
INFO:nas.trainer:eval | (sampled_gnn, metric_val) = (['sage', 2, 220], 0.8600405679513184)
INFO:nas.trainer:eval | (sampled_gnn, metric_val) = (['gcn', 2, 220], 0.8435598377281948)
INFO:nas.trainer:eval | (sampled_gnn, metric_val) = (['gcn', 2, 220], 0.843052738336714)
INFO:nas.trainer:eval | (sampled_gnn, metric_val) = (['gcn', 2, 220], 0.8435598377281948)
INFO:nas.trainer:eval | (sampled_gnn, metric_val) = (['sage', 2, 220], 0.8587728194726166)
INFO:nas.trainer:eval | (sampled_gnn, metric_val) = (['sg', 2, 220], 0.8389959432048681)
INFO:nas.trainer:eval | (sampled_gnn, metric_val) = (['gmm', 2, 220], 0.8706896551724138)
INFO:nas.trainer:eval | (sampled_gnn, metric_val) = (['gmm', 2, 200], 0.8628296146044625)
INFO:nas.trainer:eval | (sampled_gnn, metric_val) = (['sage', 2, 220], 0.8592799188640974)
INFO:nas.trainer:eval | (sampled_gnn, metric_val) = (['sage', 2, 200], 0.8547160243407708)
INFO:nas.trainer:eval | (sampled_gnn, metric_val) = (['gmm', 2, 220], 0.869421906693712)
INFO:nas.trainer:eval | (sampled_gnn, metric_val) = (['gcn', 2, 220], 0.8415314401622718)
INFO:nas.trainer:train | 21 era_time 1766.524658203125
INFO:nas.trainer:eval | (sampled_gnn, metric_val) = (['gmm', 2, 200], 0.861815415821501)
INFO:nas.trainer:eval | (sampled_gnn, metric_val) = (['sage', 2, 220], 0.8610547667342799)
INFO:nas.trainer:eval | (sampled_gnn, metric_val) = (['gat', 2, 180], 0.8324036511156186)
INFO:nas.trainer:eval | (sampled_gnn, metric_val) = (['gmm', 2, 220], 0.8684077079107505)
INFO:nas.trainer:eval | (sampled_gnn, metric_val) = (['gmm', 2, 220], 0.8711967545638946)
INFO:nas.trainer:eval | (sampled_gnn, metric_val) = (['sage', 2, 200], 0.8564908722109533)
INFO:nas.trainer:eval | (sampled_gnn, metric_val) = (['sg', 2, 220], 0.8412778904665315)
INFO:nas.trainer:eval | (sampled_gnn, metric_val) = (['gmm', 2, 160], 0.856237322515213)
INFO:nas.trainer:eval | (sampled_gnn, metric_val) = (['ssg', 2, 220], 0.8440669371196755)
INFO:nas.trainer:eval | (sampled_gnn, metric_val) = (['sage', 2, 220], 0.8544624746450304)
INFO:nas.trainer:eval | (sampled_gnn, metric_val) = (['gmm', 2, 220], 0.8658722109533469)
INFO:nas.trainer:eval | (sampled_gnn, metric_val) = (['ssg', 2, 200], 0.8384888438133874)
INFO:nas.trainer:eval | (sampled_gnn, metric_val) = (['gcn', 2, 220], 0.8427991886409736)
INFO:nas.trainer:eval | (sampled_gnn, metric_val) = (['gat', 2, 160], 0.8263184584178499)
INFO:nas.trainer:eval | (sampled_gnn, metric_val) = (['gcn', 2, 220], 0.8455882352941176)
INFO:nas.trainer:eval | (sampled_gnn, metric_val) = (['gin', 2, 220], 0.8483772819472617)
INFO:nas.trainer:eval | (sampled_gnn, metric_val) = (['gin', 2, 220], 0.8549695740365112)
INFO:nas.trainer:eval | (sampled_gnn, metric_val) = (['gcn', 2, 220], 0.8460953346855984)
INFO:nas.trainer:eval | (sampled_gnn, metric_val) = (['sage', 2, 220], 0.8613083164300203)
INFO:nas.trainer:eval | (sampled_gnn, metric_val) = (['sage', 2, 220], 0.8610547667342799)
INFO:nas.trainer:train | 22 era_time 1867.1091265678406
INFO:nas.trainer:eval | (sampled_gnn, metric_val) = (['sg', 2, 220], 0.8438133874239351)
INFO:nas.trainer:eval | (sampled_gnn, metric_val) = (['sage', 2, 220], 0.8582657200811359)
INFO:nas.trainer:eval | (sampled_gnn, metric_val) = (['gat', 2, 180], 0.8362068965517241)
INFO:nas.trainer:eval | (sampled_gnn, metric_val) = (['gcn', 2, 220], 0.8466024340770791)
INFO:nas.trainer:eval | (sampled_gnn, metric_val) = (['gat', 2, 180], 0.8369675456389453)
INFO:nas.trainer:eval | (sampled_gnn, metric_val) = (['gat', 2, 100], 0.8078093306288032)
INFO:nas.trainer:eval | (sampled_gnn, metric_val) = (['sage', 2, 220], 0.8587728194726166)
INFO:nas.trainer:eval | (sampled_gnn, metric_val) = (['gcn', 2, 220], 0.8445740365111561)
INFO:nas.trainer:eval | (sampled_gnn, metric_val) = (['ssg', 2, 160], 0.8265720081135902)
INFO:nas.trainer:eval | (sampled_gnn, metric_val) = (['ssg', 2, 220], 0.8407707910750507)
INFO:nas.trainer:eval | (sampled_gnn, metric_val) = (['gin', 2, 220], 0.8392494929006086)
INFO:nas.trainer:eval | (sampled_gnn, metric_val) = (['gcn', 2, 220], 0.8445740365111561)
INFO:nas.trainer:eval | (sampled_gnn, metric_val) = (['gcn', 2, 220], 0.8463488843813387)
INFO:nas.trainer:eval | (sampled_gnn, metric_val) = (['ssg', 2, 220], 0.8481237322515213)
INFO:nas.trainer:eval | (sampled_gnn, metric_val) = (['ssg', 2, 220], 0.837474645030426)
INFO:nas.trainer:eval | (sampled_gnn, metric_val) = (['gcn', 2, 220], 0.8389959432048681)
INFO:nas.trainer:eval | (sampled_gnn, metric_val) = (['gat', 2, 140], 0.8227687626774848)
INFO:nas.trainer:eval | (sampled_gnn, metric_val) = (['ssg', 2, 220], 0.8450811359026369)
INFO:nas.trainer:eval | (sampled_gnn, metric_val) = (['gcn', 2, 200], 0.8415314401622718)
INFO:nas.trainer:eval | (sampled_gnn, metric_val) = (['tag', 2, 200], 0.6001521298174443)
INFO:nas.trainer:train | 23 era_time 2041.4034657478333
INFO:nas.trainer:eval | (sampled_gnn, metric_val) = (['tag', 2, 220], 0.5585699797160243)
INFO:nas.trainer:eval | (sampled_gnn, metric_val) = (['sage', 2, 220], 0.8605476673427992)
INFO:nas.trainer:eval | (sampled_gnn, metric_val) = (['gin', 2, 220], 0.8488843813387424)
INFO:nas.trainer:eval | (sampled_gnn, metric_val) = (['gmm', 2, 220], 0.8668864097363083)
INFO:nas.trainer:eval | (sampled_gnn, metric_val) = (['gmm', 2, 220], 0.8671399594320487)
INFO:nas.trainer:eval | (sampled_gnn, metric_val) = (['gmm', 2, 220], 0.8648580121703854)
INFO:nas.trainer:eval | (sampled_gnn, metric_val) = (['gcn', 2, 220], 0.8440669371196755)
INFO:nas.trainer:eval | (sampled_gnn, metric_val) = (['gcn', 2, 200], 0.8425456389452333)
INFO:nas.trainer:eval | (sampled_gnn, metric_val) = (['gin', 2, 120], 0.8575050709939148)
INFO:nas.trainer:eval | (sampled_gnn, metric_val) = (['gmm', 2, 220], 0.8706896551724138)
INFO:nas.trainer:eval | (sampled_gnn, metric_val) = (['sage', 2, 220], 0.8600405679513184)
INFO:nas.trainer:eval | (sampled_gnn, metric_val) = (['gin', 2, 220], 0.8539553752535497)
INFO:nas.trainer:eval | (sampled_gnn, metric_val) = (['sage', 2, 220], 0.8582657200811359)
INFO:nas.trainer:eval | (sampled_gnn, metric_val) = (['gmm', 2, 220], 0.8638438133874239)
INFO:nas.trainer:eval | (sampled_gnn, metric_val) = (['gmm', 2, 200], 0.8623225152129818)
INFO:nas.trainer:eval | (sampled_gnn, metric_val) = (['gat', 2, 200], 0.8331643002028397)
INFO:nas.trainer:eval | (sampled_gnn, metric_val) = (['gmm', 2, 200], 0.8646044624746451)
INFO:nas.trainer:eval | (sampled_gnn, metric_val) = (['gin', 2, 200], 0.8582657200811359)
INFO:nas.trainer:eval | (sampled_gnn, metric_val) = (['tag', 2, 180], 0.4186105476673428)
INFO:nas.trainer:eval | (sampled_gnn, metric_val) = (['gin', 2, 200], 0.8483772819472617)
INFO:nas.trainer:train | 24 era_time 1816.1632723808289
INFO:nas.trainer:eval | (sampled_gnn, metric_val) = (['gmm', 2, 220], 0.8701825557809331)
INFO:nas.trainer:eval | (sampled_gnn, metric_val) = (['sage', 2, 220], 0.8605476673427992)
INFO:nas.trainer:eval | (sampled_gnn, metric_val) = (['gat', 2, 220], 0.842292089249493)
INFO:nas.trainer:eval | (sampled_gnn, metric_val) = (['sg', 2, 220], 0.8384888438133874)
INFO:nas.trainer:eval | (sampled_gnn, metric_val) = (['gmm', 2, 200], 0.8651115618661258)
INFO:nas.trainer:eval | (sampled_gnn, metric_val) = (['gcn', 2, 200], 0.8425456389452333)
INFO:nas.trainer:eval | (sampled_gnn, metric_val) = (['gat', 2, 220], 0.8463488843813387)
INFO:nas.trainer:eval | (sampled_gnn, metric_val) = (['gcn', 2, 220], 0.8443204868154158)
INFO:nas.trainer:eval | (sampled_gnn, metric_val) = (['gmm', 2, 220], 0.8668864097363083)
INFO:nas.trainer:eval | (sampled_gnn, metric_val) = (['gat', 2, 220], 0.837474645030426)
INFO:nas.trainer:eval | (sampled_gnn, metric_val) = (['gmm', 2, 220], 0.8635902636916836)
INFO:nas.trainer:eval | (sampled_gnn, metric_val) = (['sg', 2, 220], 0.8407707910750507)
INFO:nas.trainer:eval | (sampled_gnn, metric_val) = (['gmm', 2, 160], 0.8498985801217038)
INFO:nas.trainer:eval | (sampled_gnn, metric_val) = (['gmm', 2, 220], 0.8661257606490872)
INFO:nas.trainer:eval | (sampled_gnn, metric_val) = (['gcn', 2, 220], 0.8453346855983773)
INFO:nas.trainer:eval | (sampled_gnn, metric_val) = (['gmm', 2, 220], 0.8661257606490872)
INFO:nas.trainer:eval | (sampled_gnn, metric_val) = (['gmm', 2, 220], 0.8646044624746451)
INFO:nas.trainer:eval | (sampled_gnn, metric_val) = (['gmm', 2, 220], 0.8679006085192698)
INFO:nas.trainer:eval | (sampled_gnn, metric_val) = (['sage', 2, 220], 0.8610547667342799)
INFO:nas.trainer:eval | (sampled_gnn, metric_val) = (['gmm', 2, 220], 0.8658722109533469)
INFO:nas.trainer:train | 25 era_time 1723.1217110157013
INFO:nas.trainer:eval | (sampled_gnn, metric_val) = (['gin', 2, 160], 0.8156693711967545)
INFO:nas.trainer:eval | (sampled_gnn, metric_val) = (['sage', 2, 220], 0.8564908722109533)
INFO:nas.trainer:eval | (sampled_gnn, metric_val) = (['gat', 2, 160], 0.829868154158215)
INFO:nas.trainer:eval | (sampled_gnn, metric_val) = (['sage', 2, 220], 0.8577586206896551)
INFO:nas.trainer:eval | (sampled_gnn, metric_val) = (['sage', 2, 220], 0.8580121703853956)
INFO:nas.trainer:eval | (sampled_gnn, metric_val) = (['gin', 2, 220], 0.8435598377281948)
INFO:nas.trainer:eval | (sampled_gnn, metric_val) = (['gcn', 2, 220], 0.842292089249493)
INFO:nas.trainer:eval | (sampled_gnn, metric_val) = (['gin', 2, 220], 0.8440669371196755)
INFO:nas.trainer:eval | (sampled_gnn, metric_val) = (['gcn', 2, 220], 0.8455882352941176)
INFO:nas.trainer:eval | (sampled_gnn, metric_val) = (['ssg', 2, 220], 0.8471095334685599)
INFO:nas.trainer:eval | (sampled_gnn, metric_val) = (['gmm', 2, 180], 0.8587728194726166)
INFO:nas.trainer:eval | (sampled_gnn, metric_val) = (['sage', 2, 220], 0.8608012170385395)
INFO:nas.trainer:eval | (sampled_gnn, metric_val) = (['gat', 2, 100], 0.8141480730223124)
INFO:nas.trainer:eval | (sampled_gnn, metric_val) = (['sg', 2, 220], 0.8356997971602435)
INFO:nas.trainer:eval | (sampled_gnn, metric_val) = (['gmm', 2, 220], 0.8648580121703854)
INFO:nas.trainer:eval | (sampled_gnn, metric_val) = (['sg', 2, 220], 0.842292089249493)
INFO:nas.trainer:eval | (sampled_gnn, metric_val) = (['gcn', 2, 220], 0.8443204868154158)
INFO:nas.trainer:eval | (sampled_gnn, metric_val) = (['gmm', 2, 220], 0.8663793103448276)
INFO:nas.trainer:eval | (sampled_gnn, metric_val) = (['gat', 2, 180], 0.8308823529411765)
INFO:nas.trainer:eval | (sampled_gnn, metric_val) = (['gat', 2, 220], 0.8433062880324543)
INFO:nas.trainer:train | 26 era_time 1995.7434840202332
INFO:nas.trainer:eval | (sampled_gnn, metric_val) = (['gmm', 2, 220], 0.8676470588235294)
INFO:nas.trainer:eval | (sampled_gnn, metric_val) = (['gmm', 2, 220], 0.8666328600405679)
INFO:nas.trainer:eval | (sampled_gnn, metric_val) = (['gin', 2, 180], 0.8531947261663286)
INFO:nas.trainer:eval | (sampled_gnn, metric_val) = (['sage', 2, 200], 0.8537018255578094)
INFO:nas.trainer:eval | (sampled_gnn, metric_val) = (['gmm', 2, 220], 0.8706896551724138)
INFO:nas.trainer:eval | (sampled_gnn, metric_val) = (['gin', 2, 220], 0.8455882352941176)
INFO:nas.trainer:eval | (sampled_gnn, metric_val) = (['gat', 2, 160], 0.8265720081135902)
INFO:nas.trainer:eval | (sampled_gnn, metric_val) = (['gcn', 2, 220], 0.845841784989858)
INFO:nas.trainer:eval | (sampled_gnn, metric_val) = (['sage', 2, 220], 0.8620689655172413)
INFO:nas.trainer:eval | (sampled_gnn, metric_val) = (['gat', 2, 220], 0.8392494929006086)
INFO:nas.trainer:eval | (sampled_gnn, metric_val) = (['gmm', 2, 220], 0.8620689655172413)
INFO:nas.trainer:eval | (sampled_gnn, metric_val) = (['gmm', 2, 220], 0.8646044624746451)
INFO:nas.trainer:eval | (sampled_gnn, metric_val) = (['sage', 2, 220], 0.856237322515213)
INFO:nas.trainer:eval | (sampled_gnn, metric_val) = (['gin', 2, 220], 0.8498985801217038)
INFO:nas.trainer:eval | (sampled_gnn, metric_val) = (['sage', 2, 220], 0.8597870182555781)
INFO:nas.trainer:eval | (sampled_gnn, metric_val) = (['gin', 2, 220], 0.8567444219066938)
INFO:nas.trainer:eval | (sampled_gnn, metric_val) = (['sg', 2, 100], 0.8045131845841785)
INFO:nas.trainer:eval | (sampled_gnn, metric_val) = (['gmm', 2, 220], 0.8689148073022313)
INFO:nas.trainer:eval | (sampled_gnn, metric_val) = (['sage', 2, 220], 0.8597870182555781)
INFO:nas.trainer:eval | (sampled_gnn, metric_val) = (['gat', 2, 200], 0.8344320486815415)
INFO:nas.trainer:train | 27 era_time 1893.0042526721954
INFO:nas.trainer:eval | (sampled_gnn, metric_val) = (['gat', 2, 200], 0.8377281947261663)
INFO:nas.trainer:eval | (sampled_gnn, metric_val) = (['gmm', 2, 220], 0.8714503042596349)
INFO:nas.trainer:eval | (sampled_gnn, metric_val) = (['gmm', 2, 220], 0.8686612576064908)
INFO:nas.trainer:eval | (sampled_gnn, metric_val) = (['gat', 2, 220], 0.8417849898580122)
INFO:nas.trainer:eval | (sampled_gnn, metric_val) = (['gcn', 2, 220], 0.843052738336714)
INFO:nas.trainer:eval | (sampled_gnn, metric_val) = (['gmm', 2, 220], 0.8681541582150102)
INFO:nas.trainer:eval | (sampled_gnn, metric_val) = (['gmm', 2, 220], 0.8663793103448276)
INFO:nas.trainer:eval | (sampled_gnn, metric_val) = (['sage', 2, 220], 0.8597870182555781)
INFO:nas.trainer:eval | (sampled_gnn, metric_val) = (['sage', 2, 220], 0.8597870182555781)
INFO:nas.trainer:eval | (sampled_gnn, metric_val) = (['gat', 2, 120], 0.8192190669371197)
INFO:nas.trainer:eval | (sampled_gnn, metric_val) = (['sage', 2, 220], 0.8613083164300203)
INFO:nas.trainer:eval | (sampled_gnn, metric_val) = (['gmm', 2, 220], 0.8638438133874239)
INFO:nas.trainer:eval | (sampled_gnn, metric_val) = (['gat', 2, 220], 0.845841784989858)
INFO:nas.trainer:eval | (sampled_gnn, metric_val) = (['sage', 2, 220], 0.8623225152129818)
INFO:nas.trainer:eval | (sampled_gnn, metric_val) = (['sage', 2, 200], 0.8575050709939148)
INFO:nas.trainer:eval | (sampled_gnn, metric_val) = (['gmm', 2, 220], 0.8656186612576064)
INFO:nas.trainer:eval | (sampled_gnn, metric_val) = (['sage', 2, 200], 0.8569979716024341)
INFO:nas.trainer:eval | (sampled_gnn, metric_val) = (['gmm', 2, 220], 0.8701825557809331)
INFO:nas.trainer:eval | (sampled_gnn, metric_val) = (['gmm', 2, 220], 0.8681541582150102)
INFO:nas.trainer:eval | (sampled_gnn, metric_val) = (['gat', 2, 180], 0.8344320486815415)
INFO:nas.trainer:train | 28 era_time 1851.0545790195465
INFO:nas.trainer:eval | (sampled_gnn, metric_val) = (['sage', 2, 220], 0.8595334685598377)
INFO:nas.trainer:eval | (sampled_gnn, metric_val) = (['gmm', 2, 220], 0.8691683569979716)
INFO:nas.trainer:eval | (sampled_gnn, metric_val) = (['gcn', 2, 220], 0.8435598377281948)
INFO:nas.trainer:eval | (sampled_gnn, metric_val) = (['gmm', 2, 220], 0.867393509127789)
INFO:nas.trainer:eval | (sampled_gnn, metric_val) = (['gmm', 2, 220], 0.8699290060851927)
INFO:nas.trainer:eval | (sampled_gnn, metric_val) = (['sage', 2, 220], 0.8575050709939148)
INFO:nas.trainer:eval | (sampled_gnn, metric_val) = (['gin', 2, 220], 0.8504056795131846)
INFO:nas.trainer:eval | (sampled_gnn, metric_val) = (['gcn', 2, 200], 0.8412778904665315)
INFO:nas.trainer:eval | (sampled_gnn, metric_val) = (['gat', 2, 220], 0.8448275862068966)
INFO:nas.trainer:eval | (sampled_gnn, metric_val) = (['gin', 2, 220], 0.8496450304259635)
INFO:nas.trainer:eval | (sampled_gnn, metric_val) = (['gcn', 2, 220], 0.8440669371196755)
INFO:nas.trainer:eval | (sampled_gnn, metric_val) = (['gin', 2, 220], 0.8519269776876268)
INFO:nas.trainer:eval | (sampled_gnn, metric_val) = (['gmm', 2, 220], 0.8638438133874239)
INFO:nas.trainer:eval | (sampled_gnn, metric_val) = (['sage', 2, 220], 0.8602941176470589)
INFO:nas.trainer:eval | (sampled_gnn, metric_val) = (['sage', 2, 220], 0.8539553752535497)
INFO:nas.trainer:eval | (sampled_gnn, metric_val) = (['gmm', 2, 200], 0.8597870182555781)
INFO:nas.trainer:eval | (sampled_gnn, metric_val) = (['ssg', 2, 220], 0.8453346855983773)
INFO:nas.trainer:eval | (sampled_gnn, metric_val) = (['gat', 2, 140], 0.8217545638945233)
INFO:nas.trainer:eval | (sampled_gnn, metric_val) = (['gmm', 2, 200], 0.8668864097363083)
INFO:nas.trainer:eval | (sampled_gnn, metric_val) = (['gmm', 2, 220], 0.8438133874239351)
INFO:nas.trainer:train | 29 era_time 1892.5779597759247
INFO:nas.trainer:eval | (sampled_gnn, metric_val) = (['gmm', 2, 220], 0.8658722109533469)
INFO:nas.trainer:eval | (sampled_gnn, metric_val) = (['sage', 2, 200], 0.8610547667342799)
INFO:nas.trainer:eval | (sampled_gnn, metric_val) = (['gmm', 2, 200], 0.8620689655172413)
INFO:nas.trainer:eval | (sampled_gnn, metric_val) = (['gcn', 2, 220], 0.8445740365111561)
INFO:nas.trainer:eval | (sampled_gnn, metric_val) = (['gat', 2, 180], 0.8326572008113591)
INFO:nas.trainer:eval | (sampled_gnn, metric_val) = (['gcn', 2, 200], 0.8405172413793104)
INFO:nas.trainer:eval | (sampled_gnn, metric_val) = (['gmm', 2, 200], 0.867393509127789)
INFO:nas.trainer:eval | (sampled_gnn, metric_val) = (['gat', 2, 180], 0.8303752535496958)
INFO:nas.trainer:eval | (sampled_gnn, metric_val) = (['gmm', 2, 220], 0.8605476673427992)
INFO:nas.trainer:eval | (sampled_gnn, metric_val) = (['gin', 2, 220], 0.8235294117647058)
INFO:nas.trainer:eval | (sampled_gnn, metric_val) = (['gat', 2, 220], 0.837474645030426)
INFO:nas.trainer:eval | (sampled_gnn, metric_val) = (['gmm', 2, 220], 0.8684077079107505)
INFO:nas.trainer:eval | (sampled_gnn, metric_val) = (['sage', 2, 220], 0.8610547667342799)
INFO:nas.trainer:eval | (sampled_gnn, metric_val) = (['gmm', 2, 220], 0.8696754563894523)
INFO:nas.trainer:eval | (sampled_gnn, metric_val) = (['gin', 2, 220], 0.8504056795131846)
INFO:nas.trainer:eval | (sampled_gnn, metric_val) = (['gmm', 2, 120], 0.8450811359026369)
INFO:nas.trainer:eval | (sampled_gnn, metric_val) = (['gmm', 2, 220], 0.8684077079107505)
INFO:nas.trainer:eval | (sampled_gnn, metric_val) = (['sage', 2, 220], 0.8602941176470589)
INFO:nas.trainer:eval | (sampled_gnn, metric_val) = (['gmm', 2, 220], 0.8643509127789046)
INFO:nas.trainer:eval | (sampled_gnn, metric_val) = (['gcn', 2, 220], 0.8445740365111561)
INFO:nas.trainer:train | 30 era_time 1736.826866388321
ERROR:__main__:cfg_file = '/home/ubuntu/GNN-AID/src/nas/cfg/22.yml'
[Errno 2] No such file or directory: 'save/Trainer_600.pkl'
