INFO:__main__:dataset:
- multiple-graphs
- TUDataset
- COX2
derive_num: 10
is_random: false
logfname: cox2_basic_combinations.log
nas_args:
  dynamic_behaviour: undefined
  dynamic_nas_steps: 150
  forward:
    mode: train
    softmax_temp: 5.0
    tanh_c: 2.5
  hidden_size: 100
  reset:
    init_range: 0.1
ss_args:
  debug: false
  prob_scale: 4
  type: basic
  with_combinations: true
trainer_args:
  derive:
    derive_from_history: false
  eval:
    save_model_flag: false
  train:
    derive_finaly: false
    num_eras: 30
    save_eras: 30
  train_controller:
    epochs: 20

INFO:nas.trainer:eval | (sampled_gnn, metric_val) = (['gat', 'gat', 2, 'global_add_pool', 5500], 0.8191489361702128)
INFO:nas.trainer:eval | (sampled_gnn, metric_val) = (['sage', 'sg', 2, 'global_add_pool', 4500], 0.8297872340425532)
INFO:nas.trainer:eval | (sampled_gnn, metric_val) = (['gcn', 'gin', 2, 'global_mean_pool', 6000], 0.7872340425531915)
INFO:nas.trainer:eval | (sampled_gnn, metric_val) = (['gcn', 'gin', 2, 'global_add_pool', 6500], 0.7872340425531915)
INFO:nas.trainer:eval | (sampled_gnn, metric_val) = (['gat', 'sage', 2, 'global_add_pool', 7500], 0.7978723404255319)
INFO:nas.trainer:eval | (sampled_gnn, metric_val) = (['sg', 'gat', 2, 'global_add_pool', 4500], 0.7659574468085106)
INFO:nas.trainer:eval | (sampled_gnn, metric_val) = (['sage', 'gat', 2, 'global_max_pool', 4500], 0.776595744680851)
INFO:nas.trainer:eval | (sampled_gnn, metric_val) = (['gmm', 'gat', 2, 'global_max_pool', 3000], 0.776595744680851)
INFO:nas.trainer:eval | (sampled_gnn, metric_val) = (['gin', 'gcn', 2, 'global_max_pool', 3500], 0.8085106382978723)
INFO:nas.trainer:eval | (sampled_gnn, metric_val) = (['tag', 'ssg', 2, 'global_add_pool', 6000], 0.7659574468085106)
INFO:nas.trainer:eval | (sampled_gnn, metric_val) = (['ssg', 'gin', 2, 'global_max_pool', 4500], 0.776595744680851)
INFO:nas.trainer:eval | (sampled_gnn, metric_val) = (['gin', 'gat', 2, 'global_mean_pool', 6500], 0.8085106382978723)
INFO:nas.trainer:eval | (sampled_gnn, metric_val) = (['sage', 'tag', 2, 'global_mean_pool', 4500], 0.8191489361702128)
INFO:nas.trainer:eval | (sampled_gnn, metric_val) = (['ssg', 'tag', 2, 'global_max_pool', 6500], 0.776595744680851)
INFO:nas.trainer:eval | (sampled_gnn, metric_val) = (['ssg', 'gcn', 2, 'global_add_pool', 3000], 0.7872340425531915)
INFO:nas.trainer:eval | (sampled_gnn, metric_val) = (['gin', 'sage', 2, 'global_add_pool', 7500], 0.7659574468085106)
INFO:nas.trainer:eval | (sampled_gnn, metric_val) = (['sg', 'gmm', 2, 'global_add_pool', 3500], 0.776595744680851)
INFO:nas.trainer:eval | (sampled_gnn, metric_val) = (['sage', 'gmm', 2, 'global_max_pool', 5500], 0.7872340425531915)
INFO:nas.trainer:eval | (sampled_gnn, metric_val) = (['gmm', 'gcn', 2, 'global_add_pool', 6000], 0.8191489361702128)
INFO:nas.trainer:eval | (sampled_gnn, metric_val) = (['sage', 'gmm', 2, 'global_mean_pool', 8000], 0.8085106382978723)
INFO:nas.trainer:train | 0 era_time 4123.808256626129
INFO:nas.trainer:eval | (sampled_gnn, metric_val) = (['gcn', 'gin', 2, 'global_max_pool', 3500], 0.7340425531914894)
INFO:nas.trainer:eval | (sampled_gnn, metric_val) = (['gin', 'gin', 2, 'global_mean_pool', 4000], 0.7659574468085106)
INFO:nas.trainer:eval | (sampled_gnn, metric_val) = (['gcn', 'sage', 2, 'global_max_pool', 5000], 0.7127659574468085)
INFO:nas.trainer:eval | (sampled_gnn, metric_val) = (['sage', 'gcn', 2, 'global_add_pool', 7000], 0.8191489361702128)
INFO:nas.trainer:eval | (sampled_gnn, metric_val) = (['sg', 'gcn', 2, 'global_max_pool', 3000], 0.8191489361702128)
INFO:nas.trainer:eval | (sampled_gnn, metric_val) = (['sage', 'gmm', 2, 'global_mean_pool', 7000], 0.8191489361702128)
INFO:nas.trainer:eval | (sampled_gnn, metric_val) = (['sage', 'gmm', 2, 'global_add_pool', 4500], 0.8297872340425532)
INFO:nas.trainer:eval | (sampled_gnn, metric_val) = (['sage', 'gcn', 2, 'global_max_pool', 7500], 0.776595744680851)
INFO:nas.trainer:eval | (sampled_gnn, metric_val) = (['sg', 'gcn', 2, 'global_max_pool', 6000], 0.7446808510638298)
INFO:nas.trainer:eval | (sampled_gnn, metric_val) = (['sg', 'gcn', 2, 'global_max_pool', 6000], 0.7978723404255319)
INFO:nas.trainer:eval | (sampled_gnn, metric_val) = (['sage', 'ssg', 2, 'global_mean_pool', 3000], 0.776595744680851)
INFO:nas.trainer:eval | (sampled_gnn, metric_val) = (['gat', 'sage', 2, 'global_mean_pool', 4000], 0.7872340425531915)
INFO:nas.trainer:eval | (sampled_gnn, metric_val) = (['gin', 'sage', 2, 'global_mean_pool', 6500], 0.776595744680851)
INFO:nas.trainer:eval | (sampled_gnn, metric_val) = (['gin', 'gat', 2, 'global_mean_pool', 3500], 0.7872340425531915)
INFO:nas.trainer:eval | (sampled_gnn, metric_val) = (['gcn', 'sage', 2, 'global_mean_pool', 3500], 0.7659574468085106)
INFO:nas.trainer:eval | (sampled_gnn, metric_val) = (['sg', 'tag', 2, 'global_mean_pool', 7000], 0.7659574468085106)
INFO:nas.trainer:eval | (sampled_gnn, metric_val) = (['gmm', 'ssg', 2, 'global_add_pool', 3500], 0.7978723404255319)
INFO:nas.trainer:eval | (sampled_gnn, metric_val) = (['sg', 'gin', 2, 'global_max_pool', 5000], 0.776595744680851)
INFO:nas.trainer:eval | (sampled_gnn, metric_val) = (['sg', 'tag', 2, 'global_mean_pool', 5000], 0.7872340425531915)
INFO:nas.trainer:eval | (sampled_gnn, metric_val) = (['sage', 'ssg', 2, 'global_mean_pool', 8000], 0.8404255319148937)
INFO:nas.trainer:train | 1 era_time 3696.666880130768
INFO:nas.trainer:eval | (sampled_gnn, metric_val) = (['sage', 'tag', 2, 'global_add_pool', 7000], 0.7978723404255319)
INFO:nas.trainer:eval | (sampled_gnn, metric_val) = (['sg', 'ssg', 2, 'global_add_pool', 3000], 0.7872340425531915)
INFO:nas.trainer:eval | (sampled_gnn, metric_val) = (['gat', 'ssg', 2, 'global_add_pool', 6000], 0.7978723404255319)
INFO:nas.trainer:eval | (sampled_gnn, metric_val) = (['gcn', 'gat', 2, 'global_add_pool', 3000], 0.7978723404255319)
INFO:nas.trainer:eval | (sampled_gnn, metric_val) = (['gat', 'sage', 2, 'global_mean_pool', 3500], 0.8297872340425532)
INFO:nas.trainer:eval | (sampled_gnn, metric_val) = (['tag', 'ssg', 2, 'global_mean_pool', 7000], 0.776595744680851)
INFO:nas.trainer:eval | (sampled_gnn, metric_val) = (['sg', 'sage', 2, 'global_add_pool', 4000], 0.776595744680851)
INFO:nas.trainer:eval | (sampled_gnn, metric_val) = (['sg', 'gat', 2, 'global_add_pool', 4500], 0.8085106382978723)
INFO:nas.trainer:eval | (sampled_gnn, metric_val) = (['tag', 'gmm', 2, 'global_mean_pool', 3000], 0.7978723404255319)
INFO:nas.trainer:eval | (sampled_gnn, metric_val) = (['gin', 'gat', 2, 'global_max_pool', 3000], 0.7446808510638298)
INFO:nas.trainer:eval | (sampled_gnn, metric_val) = (['sg', 'gin', 2, 'global_add_pool', 3000], 0.7659574468085106)
INFO:nas.trainer:eval | (sampled_gnn, metric_val) = (['sg', 'tag', 2, 'global_max_pool', 8000], 0.7872340425531915)
INFO:nas.trainer:eval | (sampled_gnn, metric_val) = (['gin', 'gat', 2, 'global_mean_pool', 7000], 0.776595744680851)
INFO:nas.trainer:eval | (sampled_gnn, metric_val) = (['gcn', 'tag', 2, 'global_mean_pool', 5500], 0.7553191489361702)
INFO:nas.trainer:eval | (sampled_gnn, metric_val) = (['ssg', 'gat', 2, 'global_max_pool', 3000], 0.776595744680851)
INFO:nas.trainer:eval | (sampled_gnn, metric_val) = (['sg', 'gin', 2, 'global_mean_pool', 5000], 0.46808510638297873)
INFO:nas.trainer:eval | (sampled_gnn, metric_val) = (['gmm', 'gcn', 2, 'global_add_pool', 5000], 0.7978723404255319)
INFO:nas.trainer:eval | (sampled_gnn, metric_val) = (['ssg', 'sage', 2, 'global_mean_pool', 6500], 0.7872340425531915)
INFO:nas.trainer:eval | (sampled_gnn, metric_val) = (['sage', 'gat', 2, 'global_mean_pool', 8000], 0.8191489361702128)
INFO:nas.trainer:eval | (sampled_gnn, metric_val) = (['gcn', 'ssg', 2, 'global_add_pool', 5500], 0.7872340425531915)
INFO:nas.trainer:train | 2 era_time 3924.491517305374
INFO:nas.trainer:eval | (sampled_gnn, metric_val) = (['gin', 'sage', 2, 'global_mean_pool', 4000], 0.7127659574468085)
INFO:nas.trainer:eval | (sampled_gnn, metric_val) = (['sage', 'gcn', 2, 'global_mean_pool', 7000], 0.776595744680851)
INFO:nas.trainer:eval | (sampled_gnn, metric_val) = (['sage', 'ssg', 2, 'global_add_pool', 5000], 0.8085106382978723)
INFO:nas.trainer:eval | (sampled_gnn, metric_val) = (['gat', 'gin', 2, 'global_add_pool', 5000], 0.7127659574468085)
INFO:nas.trainer:eval | (sampled_gnn, metric_val) = (['sage', 'gmm', 2, 'global_mean_pool', 5500], 0.776595744680851)
INFO:nas.trainer:eval | (sampled_gnn, metric_val) = (['gmm', 'sg', 2, 'global_mean_pool', 6000], 0.8191489361702128)
INFO:nas.trainer:eval | (sampled_gnn, metric_val) = (['ssg', 'ssg', 2, 'global_add_pool', 3500], 0.7978723404255319)
INFO:nas.trainer:eval | (sampled_gnn, metric_val) = (['gcn', 'gcn', 2, 'global_mean_pool', 4000], 0.7872340425531915)
INFO:nas.trainer:eval | (sampled_gnn, metric_val) = (['tag', 'gmm', 2, 'global_mean_pool', 7500], 0.7978723404255319)
INFO:nas.trainer:eval | (sampled_gnn, metric_val) = (['sage', 'sage', 2, 'global_mean_pool', 3000], 0.8085106382978723)
INFO:nas.trainer:eval | (sampled_gnn, metric_val) = (['sg', 'sg', 2, 'global_mean_pool', 7000], 0.7872340425531915)
INFO:nas.trainer:eval | (sampled_gnn, metric_val) = (['gcn', 'gin', 2, 'global_max_pool', 7000], 0.8191489361702128)
INFO:nas.trainer:eval | (sampled_gnn, metric_val) = (['sg', 'ssg', 2, 'global_max_pool', 4500], 0.8297872340425532)
INFO:nas.trainer:eval | (sampled_gnn, metric_val) = (['gat', 'gat', 2, 'global_add_pool', 5500], 0.8191489361702128)
INFO:nas.trainer:eval | (sampled_gnn, metric_val) = (['gcn', 'gat', 2, 'global_max_pool', 7500], 0.7659574468085106)
INFO:nas.trainer:eval | (sampled_gnn, metric_val) = (['gcn', 'gcn', 2, 'global_mean_pool', 7500], 0.7553191489361702)
INFO:nas.trainer:eval | (sampled_gnn, metric_val) = (['sage', 'ssg', 2, 'global_add_pool', 7500], 0.7978723404255319)
INFO:nas.trainer:eval | (sampled_gnn, metric_val) = (['tag', 'sage', 2, 'global_max_pool', 7000], 0.7978723404255319)
INFO:nas.trainer:eval | (sampled_gnn, metric_val) = (['ssg', 'gmm', 2, 'global_mean_pool', 6500], 0.8085106382978723)
INFO:nas.trainer:eval | (sampled_gnn, metric_val) = (['ssg', 'gin', 2, 'global_add_pool', 4500], 0.48936170212765956)
INFO:nas.trainer:train | 3 era_time 4289.517798900604
INFO:nas.trainer:eval | (sampled_gnn, metric_val) = (['sg', 'gcn', 2, 'global_add_pool', 7500], 0.7659574468085106)
INFO:nas.trainer:eval | (sampled_gnn, metric_val) = (['sg', 'gmm', 2, 'global_mean_pool', 5000], 0.7872340425531915)
INFO:nas.trainer:eval | (sampled_gnn, metric_val) = (['ssg', 'ssg', 2, 'global_add_pool', 7500], 0.7872340425531915)
INFO:nas.trainer:eval | (sampled_gnn, metric_val) = (['ssg', 'sage', 2, 'global_add_pool', 7000], 0.776595744680851)
INFO:nas.trainer:eval | (sampled_gnn, metric_val) = (['sg', 'tag', 2, 'global_add_pool', 7500], 0.776595744680851)
INFO:nas.trainer:eval | (sampled_gnn, metric_val) = (['gmm', 'sg', 2, 'global_mean_pool', 4500], 0.776595744680851)
INFO:nas.trainer:eval | (sampled_gnn, metric_val) = (['gat', 'tag', 2, 'global_mean_pool', 5000], 0.7872340425531915)
INFO:nas.trainer:eval | (sampled_gnn, metric_val) = (['tag', 'ssg', 2, 'global_mean_pool', 6000], 0.8085106382978723)
INFO:nas.trainer:eval | (sampled_gnn, metric_val) = (['gat', 'gmm', 2, 'global_max_pool', 4500], 0.7446808510638298)
INFO:nas.trainer:eval | (sampled_gnn, metric_val) = (['tag', 'gmm', 2, 'global_mean_pool', 6500], 0.8297872340425532)
INFO:nas.trainer:eval | (sampled_gnn, metric_val) = (['gcn', 'gmm', 2, 'global_add_pool', 6000], 0.776595744680851)
INFO:nas.trainer:eval | (sampled_gnn, metric_val) = (['sage', 'ssg', 2, 'global_max_pool', 4500], 0.7872340425531915)
INFO:nas.trainer:eval | (sampled_gnn, metric_val) = (['tag', 'ssg', 2, 'global_max_pool', 5000], 0.7446808510638298)
INFO:nas.trainer:eval | (sampled_gnn, metric_val) = (['sage', 'sage', 2, 'global_add_pool', 6000], 0.8297872340425532)
INFO:nas.trainer:eval | (sampled_gnn, metric_val) = (['tag', 'gcn', 2, 'global_max_pool', 5000], 0.7978723404255319)
INFO:nas.trainer:eval | (sampled_gnn, metric_val) = (['gmm', 'gmm', 2, 'global_add_pool', 4000], 0.7978723404255319)
INFO:nas.trainer:eval | (sampled_gnn, metric_val) = (['gcn', 'gmm', 2, 'global_max_pool', 5500], 0.723404255319149)
INFO:nas.trainer:eval | (sampled_gnn, metric_val) = (['gat', 'sg', 2, 'global_mean_pool', 6500], 0.8617021276595744)
INFO:nas.trainer:eval | (sampled_gnn, metric_val) = (['gcn', 'gmm', 2, 'global_add_pool', 6000], 0.776595744680851)
INFO:nas.trainer:eval | (sampled_gnn, metric_val) = (['gin', 'tag', 2, 'global_mean_pool', 3500], 0.8297872340425532)
INFO:nas.trainer:train | 4 era_time 4287.1548001766205
INFO:nas.trainer:eval | (sampled_gnn, metric_val) = (['gmm', 'sg', 2, 'global_add_pool', 7000], 0.8191489361702128)
INFO:nas.trainer:eval | (sampled_gnn, metric_val) = (['sage', 'gcn', 2, 'global_add_pool', 3500], 0.7872340425531915)
INFO:nas.trainer:eval | (sampled_gnn, metric_val) = (['gcn', 'sage', 2, 'global_add_pool', 4000], 0.7659574468085106)
INFO:nas.trainer:eval | (sampled_gnn, metric_val) = (['ssg', 'gat', 2, 'global_add_pool', 6000], 0.7659574468085106)
INFO:nas.trainer:eval | (sampled_gnn, metric_val) = (['ssg', 'gmm', 2, 'global_mean_pool', 8000], 0.8297872340425532)
INFO:nas.trainer:eval | (sampled_gnn, metric_val) = (['sage', 'gmm', 2, 'global_mean_pool', 7000], 0.7978723404255319)
INFO:nas.trainer:eval | (sampled_gnn, metric_val) = (['gat', 'sg', 2, 'global_mean_pool', 5500], 0.8404255319148937)
INFO:nas.trainer:eval | (sampled_gnn, metric_val) = (['gmm', 'gat', 2, 'global_mean_pool', 4500], 0.776595744680851)
INFO:nas.trainer:eval | (sampled_gnn, metric_val) = (['ssg', 'gcn', 2, 'global_add_pool', 6000], 0.7553191489361702)
INFO:nas.trainer:eval | (sampled_gnn, metric_val) = (['ssg', 'sage', 2, 'global_add_pool', 4500], 0.776595744680851)
INFO:nas.trainer:eval | (sampled_gnn, metric_val) = (['gmm', 'gcn', 2, 'global_add_pool', 8000], 0.776595744680851)
INFO:nas.trainer:eval | (sampled_gnn, metric_val) = (['gin', 'gin', 2, 'global_add_pool', 6000], 0.7553191489361702)
INFO:nas.trainer:eval | (sampled_gnn, metric_val) = (['gcn', 'sage', 2, 'global_add_pool', 6000], 0.7872340425531915)
INFO:nas.trainer:eval | (sampled_gnn, metric_val) = (['gat', 'sage', 2, 'global_mean_pool', 6500], 0.7872340425531915)
INFO:nas.trainer:eval | (sampled_gnn, metric_val) = (['gmm', 'gmm', 2, 'global_mean_pool', 6500], 0.8085106382978723)
INFO:nas.trainer:eval | (sampled_gnn, metric_val) = (['sage', 'gin', 2, 'global_add_pool', 3500], 0.6914893617021277)
INFO:nas.trainer:eval | (sampled_gnn, metric_val) = (['ssg', 'gmm', 2, 'global_mean_pool', 7000], 0.776595744680851)
INFO:nas.trainer:eval | (sampled_gnn, metric_val) = (['tag', 'gin', 2, 'global_mean_pool', 5000], 0.7872340425531915)
INFO:nas.trainer:eval | (sampled_gnn, metric_val) = (['gmm', 'sage', 2, 'global_mean_pool', 4500], 0.7978723404255319)
INFO:nas.trainer:eval | (sampled_gnn, metric_val) = (['gin', 'gmm', 2, 'global_mean_pool', 7000], 0.7978723404255319)
INFO:nas.trainer:train | 5 era_time 4264.244188308716
INFO:nas.trainer:eval | (sampled_gnn, metric_val) = (['gin', 'gcn', 2, 'global_mean_pool', 4000], 0.7659574468085106)
INFO:nas.trainer:eval | (sampled_gnn, metric_val) = (['gat', 'sg', 2, 'global_mean_pool', 3000], 0.7446808510638298)
INFO:nas.trainer:eval | (sampled_gnn, metric_val) = (['gmm', 'gcn', 2, 'global_mean_pool', 7000], 0.7446808510638298)
INFO:nas.trainer:eval | (sampled_gnn, metric_val) = (['sg', 'gcn', 2, 'global_mean_pool', 7500], 0.7872340425531915)
INFO:nas.trainer:eval | (sampled_gnn, metric_val) = (['gin', 'gmm', 2, 'global_mean_pool', 7500], 0.7659574468085106)
INFO:nas.trainer:eval | (sampled_gnn, metric_val) = (['sg', 'ssg', 2, 'global_mean_pool', 5500], 0.776595744680851)
INFO:nas.trainer:eval | (sampled_gnn, metric_val) = (['tag', 'gcn', 2, 'global_mean_pool', 4000], 0.8404255319148937)
INFO:nas.trainer:eval | (sampled_gnn, metric_val) = (['ssg', 'gmm', 2, 'global_mean_pool', 6500], 0.8085106382978723)
INFO:nas.trainer:eval | (sampled_gnn, metric_val) = (['gmm', 'gmm', 2, 'global_mean_pool', 7000], 0.7978723404255319)
INFO:nas.trainer:eval | (sampled_gnn, metric_val) = (['gin', 'sage', 2, 'global_mean_pool', 7500], 0.7446808510638298)
INFO:nas.trainer:eval | (sampled_gnn, metric_val) = (['ssg', 'sg', 2, 'global_mean_pool', 7000], 0.776595744680851)
INFO:nas.trainer:eval | (sampled_gnn, metric_val) = (['ssg', 'sage', 2, 'global_mean_pool', 5000], 0.7872340425531915)
INFO:nas.trainer:eval | (sampled_gnn, metric_val) = (['gat', 'sage', 2, 'global_mean_pool', 7500], 0.7872340425531915)
INFO:nas.trainer:eval | (sampled_gnn, metric_val) = (['sg', 'ssg', 2, 'global_mean_pool', 7000], 0.7978723404255319)
INFO:nas.trainer:eval | (sampled_gnn, metric_val) = (['tag', 'gmm', 2, 'global_mean_pool', 4000], 0.7872340425531915)
INFO:nas.trainer:eval | (sampled_gnn, metric_val) = (['gmm', 'sage', 2, 'global_max_pool', 4000], 0.776595744680851)
INFO:nas.trainer:eval | (sampled_gnn, metric_val) = (['sg', 'gmm', 2, 'global_max_pool', 7500], 0.7446808510638298)
INFO:nas.trainer:eval | (sampled_gnn, metric_val) = (['gmm', 'tag', 2, 'global_mean_pool', 7500], 0.8085106382978723)
INFO:nas.trainer:eval | (sampled_gnn, metric_val) = (['sg', 'sg', 2, 'global_mean_pool', 7500], 0.7978723404255319)
INFO:nas.trainer:eval | (sampled_gnn, metric_val) = (['tag', 'gmm', 2, 'global_mean_pool', 8000], 0.7872340425531915)
INFO:nas.trainer:train | 6 era_time 4496.898061752319
INFO:nas.trainer:eval | (sampled_gnn, metric_val) = (['sg', 'ssg', 2, 'global_mean_pool', 3500], 0.776595744680851)
INFO:nas.trainer:eval | (sampled_gnn, metric_val) = (['gin', 'ssg', 2, 'global_mean_pool', 7500], 0.5957446808510638)
INFO:nas.trainer:eval | (sampled_gnn, metric_val) = (['sage', 'ssg', 2, 'global_mean_pool', 4000], 0.8404255319148937)
INFO:nas.trainer:eval | (sampled_gnn, metric_val) = (['sg', 'gmm', 2, 'global_mean_pool', 8000], 0.7978723404255319)
INFO:nas.trainer:eval | (sampled_gnn, metric_val) = (['ssg', 'sage', 2, 'global_mean_pool', 4500], 0.776595744680851)
INFO:nas.trainer:eval | (sampled_gnn, metric_val) = (['gcn', 'ssg', 2, 'global_mean_pool', 7000], 0.776595744680851)
INFO:nas.trainer:eval | (sampled_gnn, metric_val) = (['gcn', 'sage', 2, 'global_mean_pool', 8000], 0.7872340425531915)
INFO:nas.trainer:eval | (sampled_gnn, metric_val) = (['gmm', 'sage', 2, 'global_mean_pool', 6500], 0.776595744680851)
INFO:nas.trainer:eval | (sampled_gnn, metric_val) = (['tag', 'tag', 2, 'global_mean_pool', 7500], 0.776595744680851)
INFO:nas.trainer:eval | (sampled_gnn, metric_val) = (['sg', 'gat', 2, 'global_mean_pool', 7000], 0.776595744680851)
INFO:nas.trainer:eval | (sampled_gnn, metric_val) = (['gin', 'gcn', 2, 'global_mean_pool', 7500], 0.776595744680851)
INFO:nas.trainer:eval | (sampled_gnn, metric_val) = (['gat', 'sg', 2, 'global_mean_pool', 8000], 0.776595744680851)
INFO:nas.trainer:eval | (sampled_gnn, metric_val) = (['sg', 'tag', 2, 'global_mean_pool', 8000], 0.7872340425531915)
INFO:nas.trainer:eval | (sampled_gnn, metric_val) = (['gmm', 'tag', 2, 'global_mean_pool', 8000], 0.8297872340425532)
INFO:nas.trainer:eval | (sampled_gnn, metric_val) = (['gmm', 'ssg', 2, 'global_mean_pool', 7000], 0.776595744680851)
INFO:nas.trainer:eval | (sampled_gnn, metric_val) = (['gmm', 'gmm', 2, 'global_mean_pool', 8000], 0.8191489361702128)
INFO:nas.trainer:eval | (sampled_gnn, metric_val) = (['gin', 'gcn', 2, 'global_mean_pool', 4000], 0.8085106382978723)
INFO:nas.trainer:eval | (sampled_gnn, metric_val) = (['gat', 'gcn', 2, 'global_mean_pool', 4000], 0.8297872340425532)
INFO:nas.trainer:eval | (sampled_gnn, metric_val) = (['sage', 'gmm', 2, 'global_mean_pool', 7500], 0.8191489361702128)
INFO:nas.trainer:eval | (sampled_gnn, metric_val) = (['gmm', 'tag', 2, 'global_mean_pool', 6500], 0.851063829787234)
INFO:nas.trainer:train | 7 era_time 5090.939253807068
INFO:nas.trainer:eval | (sampled_gnn, metric_val) = (['gmm', 'gmm', 2, 'global_add_pool', 8000], 0.8297872340425532)
INFO:nas.trainer:eval | (sampled_gnn, metric_val) = (['gat', 'ssg', 2, 'global_mean_pool', 4000], 0.776595744680851)
INFO:nas.trainer:eval | (sampled_gnn, metric_val) = (['gcn', 'sg', 2, 'global_mean_pool', 8000], 0.776595744680851)
INFO:nas.trainer:eval | (sampled_gnn, metric_val) = (['gat', 'gcn', 2, 'global_mean_pool', 4000], 0.7978723404255319)
INFO:nas.trainer:eval | (sampled_gnn, metric_val) = (['gcn', 'gat', 2, 'global_mean_pool', 6500], 0.8085106382978723)
INFO:nas.trainer:eval | (sampled_gnn, metric_val) = (['gmm', 'gmm', 2, 'global_mean_pool', 7500], 0.776595744680851)
INFO:nas.trainer:eval | (sampled_gnn, metric_val) = (['gin', 'gmm', 2, 'global_mean_pool', 7000], 0.7021276595744681)
INFO:nas.trainer:eval | (sampled_gnn, metric_val) = (['sg', 'sage', 2, 'global_mean_pool', 7000], 0.776595744680851)
INFO:nas.trainer:eval | (sampled_gnn, metric_val) = (['gmm', 'tag', 2, 'global_mean_pool', 4000], 0.7978723404255319)
INFO:nas.trainer:eval | (sampled_gnn, metric_val) = (['sg', 'sage', 2, 'global_mean_pool', 7500], 0.7659574468085106)
INFO:nas.trainer:eval | (sampled_gnn, metric_val) = (['tag', 'gmm', 2, 'global_mean_pool', 6500], 0.7553191489361702)
INFO:nas.trainer:eval | (sampled_gnn, metric_val) = (['ssg', 'gmm', 2, 'global_mean_pool', 4500], 0.776595744680851)
INFO:nas.trainer:eval | (sampled_gnn, metric_val) = (['gmm', 'tag', 2, 'global_mean_pool', 4000], 0.8191489361702128)
INFO:nas.trainer:eval | (sampled_gnn, metric_val) = (['gmm', 'sage', 2, 'global_mean_pool', 7000], 0.7978723404255319)
INFO:nas.trainer:eval | (sampled_gnn, metric_val) = (['tag', 'tag', 2, 'global_mean_pool', 7500], 0.7978723404255319)
INFO:nas.trainer:eval | (sampled_gnn, metric_val) = (['gin', 'gcn', 2, 'global_mean_pool', 6000], 0.7978723404255319)
INFO:nas.trainer:eval | (sampled_gnn, metric_val) = (['sg', 'gmm', 2, 'global_mean_pool', 3500], 0.776595744680851)
INFO:nas.trainer:eval | (sampled_gnn, metric_val) = (['gcn', 'sage', 2, 'global_mean_pool', 7500], 0.7659574468085106)
INFO:nas.trainer:eval | (sampled_gnn, metric_val) = (['gcn', 'tag', 2, 'global_mean_pool', 7500], 0.7978723404255319)
INFO:nas.trainer:eval | (sampled_gnn, metric_val) = (['gin', 'gmm', 2, 'global_mean_pool', 7000], 0.7978723404255319)
INFO:nas.trainer:train | 8 era_time 4795.821208715439
INFO:nas.trainer:eval | (sampled_gnn, metric_val) = (['tag', 'tag', 2, 'global_mean_pool', 6500], 0.7978723404255319)
INFO:nas.trainer:eval | (sampled_gnn, metric_val) = (['gmm', 'gmm', 2, 'global_mean_pool', 7500], 0.8085106382978723)
INFO:nas.trainer:eval | (sampled_gnn, metric_val) = (['ssg', 'gmm', 2, 'global_add_pool', 7500], 0.7659574468085106)
INFO:nas.trainer:eval | (sampled_gnn, metric_val) = (['tag', 'gmm', 2, 'global_mean_pool', 8000], 0.8617021276595744)
INFO:nas.trainer:eval | (sampled_gnn, metric_val) = (['tag', 'sg', 2, 'global_mean_pool', 4500], 0.8191489361702128)
INFO:nas.trainer:eval | (sampled_gnn, metric_val) = (['gat', 'gcn', 2, 'global_mean_pool', 4500], 0.7872340425531915)
INFO:nas.trainer:eval | (sampled_gnn, metric_val) = (['tag', 'tag', 2, 'global_mean_pool', 4000], 0.7553191489361702)
INFO:nas.trainer:eval | (sampled_gnn, metric_val) = (['ssg', 'tag', 2, 'global_mean_pool', 8000], 0.7872340425531915)
INFO:nas.trainer:eval | (sampled_gnn, metric_val) = (['ssg', 'sg', 2, 'global_mean_pool', 6500], 0.776595744680851)
INFO:nas.trainer:eval | (sampled_gnn, metric_val) = (['gin', 'ssg', 2, 'global_mean_pool', 4000], 0.8085106382978723)
INFO:nas.trainer:eval | (sampled_gnn, metric_val) = (['sg', 'gat', 2, 'global_mean_pool', 4000], 0.8297872340425532)
INFO:nas.trainer:eval | (sampled_gnn, metric_val) = (['sage', 'gmm', 2, 'global_mean_pool', 8000], 0.8297872340425532)
INFO:nas.trainer:eval | (sampled_gnn, metric_val) = (['gin', 'tag', 2, 'global_mean_pool', 6500], 0.7872340425531915)
INFO:nas.trainer:eval | (sampled_gnn, metric_val) = (['tag', 'ssg', 2, 'global_mean_pool', 8000], 0.8297872340425532)
INFO:nas.trainer:eval | (sampled_gnn, metric_val) = (['sage', 'tag', 2, 'global_mean_pool', 4500], 0.8085106382978723)
INFO:nas.trainer:eval | (sampled_gnn, metric_val) = (['tag', 'gmm', 2, 'global_mean_pool', 4000], 0.8297872340425532)
INFO:nas.trainer:eval | (sampled_gnn, metric_val) = (['gcn', 'gmm', 2, 'global_mean_pool', 8000], 0.7872340425531915)
INFO:nas.trainer:eval | (sampled_gnn, metric_val) = (['gat', 'gmm', 2, 'global_mean_pool', 4000], 0.776595744680851)
INFO:nas.trainer:eval | (sampled_gnn, metric_val) = (['gmm', 'tag', 2, 'global_mean_pool', 6500], 0.8297872340425532)
INFO:nas.trainer:eval | (sampled_gnn, metric_val) = (['ssg', 'ssg', 2, 'global_mean_pool', 5000], 0.7978723404255319)
INFO:nas.trainer:train | 9 era_time 4686.316246986389
INFO:nas.trainer:eval | (sampled_gnn, metric_val) = (['gcn', 'tag', 2, 'global_mean_pool', 4000], 0.7872340425531915)
INFO:nas.trainer:eval | (sampled_gnn, metric_val) = (['gmm', 'gmm', 2, 'global_mean_pool', 8000], 0.776595744680851)
INFO:nas.trainer:eval | (sampled_gnn, metric_val) = (['tag', 'sage', 2, 'global_mean_pool', 6500], 0.776595744680851)
INFO:nas.trainer:eval | (sampled_gnn, metric_val) = (['gmm', 'gmm', 2, 'global_mean_pool', 8000], 0.851063829787234)
INFO:nas.trainer:eval | (sampled_gnn, metric_val) = (['sage', 'sage', 2, 'global_mean_pool', 8000], 0.8191489361702128)
INFO:nas.trainer:eval | (sampled_gnn, metric_val) = (['sg', 'sg', 2, 'global_mean_pool', 8000], 0.7872340425531915)
INFO:nas.trainer:eval | (sampled_gnn, metric_val) = (['sage', 'tag', 2, 'global_mean_pool', 3000], 0.8191489361702128)
INFO:nas.trainer:eval | (sampled_gnn, metric_val) = (['ssg', 'gmm', 2, 'global_mean_pool', 7000], 0.776595744680851)
INFO:nas.trainer:eval | (sampled_gnn, metric_val) = (['gcn', 'gmm', 2, 'global_mean_pool', 6500], 0.8191489361702128)
INFO:nas.trainer:eval | (sampled_gnn, metric_val) = (['sg', 'ssg', 2, 'global_mean_pool', 4000], 0.7659574468085106)
INFO:nas.trainer:eval | (sampled_gnn, metric_val) = (['gcn', 'gmm', 2, 'global_mean_pool', 8000], 0.7659574468085106)
INFO:nas.trainer:eval | (sampled_gnn, metric_val) = (['gmm', 'gmm', 2, 'global_mean_pool', 5500], 0.776595744680851)
INFO:nas.trainer:eval | (sampled_gnn, metric_val) = (['gmm', 'gmm', 2, 'global_mean_pool', 8000], 0.7872340425531915)
INFO:nas.trainer:eval | (sampled_gnn, metric_val) = (['gmm', 'sage', 2, 'global_mean_pool', 6500], 0.8191489361702128)
INFO:nas.trainer:eval | (sampled_gnn, metric_val) = (['sage', 'sage', 2, 'global_mean_pool', 4000], 0.8404255319148937)
INFO:nas.trainer:eval | (sampled_gnn, metric_val) = (['ssg', 'tag', 2, 'global_mean_pool', 8000], 0.776595744680851)
INFO:nas.trainer:eval | (sampled_gnn, metric_val) = (['ssg', 'tag', 2, 'global_mean_pool', 8000], 0.7553191489361702)
INFO:nas.trainer:eval | (sampled_gnn, metric_val) = (['sage', 'tag', 2, 'global_mean_pool', 8000], 0.8085106382978723)
INFO:nas.trainer:eval | (sampled_gnn, metric_val) = (['gmm', 'gmm', 2, 'global_mean_pool', 6500], 0.8085106382978723)
INFO:nas.trainer:eval | (sampled_gnn, metric_val) = (['gcn', 'sg', 2, 'global_mean_pool', 4500], 0.7978723404255319)
INFO:nas.trainer:train | 10 era_time 4929.998391151428
INFO:nas.trainer:eval | (sampled_gnn, metric_val) = (['tag', 'ssg', 2, 'global_mean_pool', 4000], 0.7978723404255319)
INFO:nas.trainer:eval | (sampled_gnn, metric_val) = (['sage', 'tag', 2, 'global_mean_pool', 5500], 0.8191489361702128)
INFO:nas.trainer:eval | (sampled_gnn, metric_val) = (['sg', 'gmm', 2, 'global_mean_pool', 7000], 0.7872340425531915)
INFO:nas.trainer:eval | (sampled_gnn, metric_val) = (['sage', 'tag', 2, 'global_mean_pool', 6500], 0.776595744680851)
INFO:nas.trainer:eval | (sampled_gnn, metric_val) = (['gmm', 'gmm', 2, 'global_mean_pool', 4000], 0.776595744680851)
INFO:nas.trainer:eval | (sampled_gnn, metric_val) = (['tag', 'tag', 2, 'global_mean_pool', 4000], 0.7553191489361702)
INFO:nas.trainer:eval | (sampled_gnn, metric_val) = (['tag', 'tag', 2, 'global_mean_pool', 4000], 0.776595744680851)
INFO:nas.trainer:eval | (sampled_gnn, metric_val) = (['tag', 'tag', 2, 'global_mean_pool', 4000], 0.7659574468085106)
INFO:nas.trainer:eval | (sampled_gnn, metric_val) = (['gmm', 'gmm', 2, 'global_mean_pool', 4000], 0.776595744680851)
INFO:nas.trainer:eval | (sampled_gnn, metric_val) = (['ssg', 'ssg', 2, 'global_mean_pool', 4000], 0.776595744680851)
INFO:nas.trainer:eval | (sampled_gnn, metric_val) = (['ssg', 'gat', 2, 'global_mean_pool', 5500], 0.8191489361702128)
INFO:nas.trainer:eval | (sampled_gnn, metric_val) = (['gin', 'gcn', 2, 'global_mean_pool', 8000], 0.7127659574468085)
INFO:nas.trainer:eval | (sampled_gnn, metric_val) = (['gat', 'gmm', 2, 'global_mean_pool', 8000], 0.8085106382978723)
INFO:nas.trainer:eval | (sampled_gnn, metric_val) = (['sg', 'gin', 2, 'global_mean_pool', 6500], 0.7553191489361702)
INFO:nas.trainer:eval | (sampled_gnn, metric_val) = (['sage', 'gat', 2, 'global_mean_pool', 4000], 0.8297872340425532)
INFO:nas.trainer:eval | (sampled_gnn, metric_val) = (['tag', 'gmm', 2, 'global_mean_pool', 4500], 0.8085106382978723)
INFO:nas.trainer:eval | (sampled_gnn, metric_val) = (['gmm', 'gmm', 2, 'global_mean_pool', 6500], 0.8191489361702128)
INFO:nas.trainer:eval | (sampled_gnn, metric_val) = (['sg', 'sage', 2, 'global_mean_pool', 5500], 0.7978723404255319)
INFO:nas.trainer:eval | (sampled_gnn, metric_val) = (['sage', 'tag', 2, 'global_mean_pool', 5500], 0.7659574468085106)
INFO:nas.trainer:eval | (sampled_gnn, metric_val) = (['gcn', 'gmm', 2, 'global_mean_pool', 5500], 0.8191489361702128)
INFO:nas.trainer:train | 11 era_time 4192.807865619659
INFO:nas.trainer:eval | (sampled_gnn, metric_val) = (['ssg', 'ssg', 2, 'global_max_pool', 8000], 0.7659574468085106)
INFO:nas.trainer:eval | (sampled_gnn, metric_val) = (['gat', 'gmm', 2, 'global_mean_pool', 4000], 0.776595744680851)
INFO:nas.trainer:eval | (sampled_gnn, metric_val) = (['sg', 'gin', 2, 'global_max_pool', 4000], 0.723404255319149)
INFO:nas.trainer:eval | (sampled_gnn, metric_val) = (['sage', 'sage', 2, 'global_mean_pool', 5500], 0.8085106382978723)
INFO:nas.trainer:eval | (sampled_gnn, metric_val) = (['gmm', 'tag', 2, 'global_mean_pool', 4000], 0.8191489361702128)
INFO:nas.trainer:eval | (sampled_gnn, metric_val) = (['gcn', 'gmm', 2, 'global_mean_pool', 8000], 0.776595744680851)
INFO:nas.trainer:eval | (sampled_gnn, metric_val) = (['sg', 'gmm', 2, 'global_mean_pool', 8000], 0.7872340425531915)
INFO:nas.trainer:eval | (sampled_gnn, metric_val) = (['sage', 'gat', 2, 'global_max_pool', 8000], 0.7021276595744681)
INFO:nas.trainer:eval | (sampled_gnn, metric_val) = (['gat', 'gmm', 2, 'global_mean_pool', 7000], 0.7978723404255319)
INFO:nas.trainer:eval | (sampled_gnn, metric_val) = (['ssg', 'tag', 2, 'global_mean_pool', 4000], 0.776595744680851)
INFO:nas.trainer:eval | (sampled_gnn, metric_val) = (['sage', 'ssg', 2, 'global_mean_pool', 6500], 0.8191489361702128)
INFO:nas.trainer:eval | (sampled_gnn, metric_val) = (['gat', 'gcn', 2, 'global_mean_pool', 5500], 0.7978723404255319)
INFO:nas.trainer:eval | (sampled_gnn, metric_val) = (['tag', 'ssg', 2, 'global_mean_pool', 4000], 0.7553191489361702)
INFO:nas.trainer:eval | (sampled_gnn, metric_val) = (['ssg', 'gat', 2, 'global_mean_pool', 8000], 0.7978723404255319)
INFO:nas.trainer:eval | (sampled_gnn, metric_val) = (['tag', 'gmm', 2, 'global_mean_pool', 8000], 0.8085106382978723)
INFO:nas.trainer:eval | (sampled_gnn, metric_val) = (['sage', 'gmm', 2, 'global_mean_pool', 3000], 0.851063829787234)
INFO:nas.trainer:eval | (sampled_gnn, metric_val) = (['sage', 'gat', 2, 'global_mean_pool', 8000], 0.776595744680851)
INFO:nas.trainer:eval | (sampled_gnn, metric_val) = (['gmm', 'sage', 2, 'global_mean_pool', 4000], 0.8297872340425532)
INFO:nas.trainer:eval | (sampled_gnn, metric_val) = (['ssg', 'sage', 2, 'global_mean_pool', 4500], 0.7872340425531915)
INFO:nas.trainer:eval | (sampled_gnn, metric_val) = (['gin', 'sg', 2, 'global_mean_pool', 6500], 0.7340425531914894)
INFO:nas.trainer:train | 12 era_time 4734.2629318237305
INFO:nas.trainer:eval | (sampled_gnn, metric_val) = (['ssg', 'ssg', 2, 'global_mean_pool', 8000], 0.776595744680851)
INFO:nas.trainer:eval | (sampled_gnn, metric_val) = (['tag', 'tag', 2, 'global_mean_pool', 4500], 0.7872340425531915)
INFO:nas.trainer:eval | (sampled_gnn, metric_val) = (['sg', 'sage', 2, 'global_mean_pool', 6500], 0.776595744680851)
INFO:nas.trainer:eval | (sampled_gnn, metric_val) = (['sage', 'gcn', 2, 'global_mean_pool', 6500], 0.8191489361702128)
INFO:nas.trainer:eval | (sampled_gnn, metric_val) = (['gat', 'sg', 2, 'global_mean_pool', 4000], 0.8085106382978723)
INFO:nas.trainer:eval | (sampled_gnn, metric_val) = (['ssg', 'gcn', 2, 'global_mean_pool', 5500], 0.776595744680851)
INFO:nas.trainer:eval | (sampled_gnn, metric_val) = (['ssg', 'ssg', 2, 'global_mean_pool', 4000], 0.7978723404255319)
INFO:nas.trainer:eval | (sampled_gnn, metric_val) = (['sage', 'ssg', 2, 'global_mean_pool', 5500], 0.7978723404255319)
INFO:nas.trainer:eval | (sampled_gnn, metric_val) = (['gmm', 'gmm', 2, 'global_mean_pool', 6500], 0.776595744680851)
INFO:nas.trainer:eval | (sampled_gnn, metric_val) = (['ssg', 'sage', 2, 'global_mean_pool', 5500], 0.776595744680851)
INFO:nas.trainer:eval | (sampled_gnn, metric_val) = (['gcn', 'sage', 2, 'global_mean_pool', 4000], 0.8297872340425532)
INFO:nas.trainer:eval | (sampled_gnn, metric_val) = (['gin', 'gmm', 2, 'global_mean_pool', 6500], 0.7553191489361702)
INFO:nas.trainer:eval | (sampled_gnn, metric_val) = (['gmm', 'tag', 2, 'global_mean_pool', 5500], 0.7553191489361702)
INFO:nas.trainer:eval | (sampled_gnn, metric_val) = (['ssg', 'gmm', 2, 'global_mean_pool', 6500], 0.8191489361702128)
INFO:nas.trainer:eval | (sampled_gnn, metric_val) = (['ssg', 'gmm', 2, 'global_mean_pool', 6500], 0.776595744680851)
INFO:nas.trainer:eval | (sampled_gnn, metric_val) = (['sage', 'sage', 2, 'global_mean_pool', 8000], 0.8085106382978723)
INFO:nas.trainer:eval | (sampled_gnn, metric_val) = (['ssg', 'gmm', 2, 'global_mean_pool', 5000], 0.7978723404255319)
INFO:nas.trainer:eval | (sampled_gnn, metric_val) = (['ssg', 'gcn', 2, 'global_mean_pool', 6500], 0.776595744680851)
INFO:nas.trainer:eval | (sampled_gnn, metric_val) = (['sage', 'sage', 2, 'global_mean_pool', 6500], 0.8191489361702128)
INFO:nas.trainer:eval | (sampled_gnn, metric_val) = (['gat', 'sage', 2, 'global_mean_pool', 4000], 0.7978723404255319)
INFO:nas.trainer:train | 13 era_time 4385.168494224548
INFO:nas.trainer:eval | (sampled_gnn, metric_val) = (['gin', 'gmm', 2, 'global_mean_pool', 8000], 0.5106382978723404)
INFO:nas.trainer:eval | (sampled_gnn, metric_val) = (['sage', 'gmm', 2, 'global_mean_pool', 5500], 0.8297872340425532)
INFO:nas.trainer:eval | (sampled_gnn, metric_val) = (['tag', 'tag', 2, 'global_mean_pool', 6500], 0.8085106382978723)
INFO:nas.trainer:eval | (sampled_gnn, metric_val) = (['gat', 'ssg', 2, 'global_mean_pool', 6500], 0.7872340425531915)
INFO:nas.trainer:eval | (sampled_gnn, metric_val) = (['gmm', 'ssg', 2, 'global_mean_pool', 7000], 0.8085106382978723)
INFO:nas.trainer:eval | (sampled_gnn, metric_val) = (['sage', 'sage', 2, 'global_mean_pool', 8000], 0.8085106382978723)
INFO:nas.trainer:eval | (sampled_gnn, metric_val) = (['sg', 'ssg', 2, 'global_mean_pool', 4000], 0.776595744680851)
INFO:nas.trainer:eval | (sampled_gnn, metric_val) = (['gat', 'ssg', 2, 'global_mean_pool', 6500], 0.776595744680851)
INFO:nas.trainer:eval | (sampled_gnn, metric_val) = (['ssg', 'gmm', 2, 'global_mean_pool', 8000], 0.7978723404255319)
INFO:nas.trainer:eval | (sampled_gnn, metric_val) = (['gcn', 'gmm', 2, 'global_mean_pool', 3000], 0.7659574468085106)
INFO:nas.trainer:eval | (sampled_gnn, metric_val) = (['gmm', 'ssg', 2, 'global_mean_pool', 6500], 0.7978723404255319)
INFO:nas.trainer:eval | (sampled_gnn, metric_val) = (['tag', 'gmm', 2, 'global_mean_pool', 4500], 0.7872340425531915)
INFO:nas.trainer:eval | (sampled_gnn, metric_val) = (['gat', 'sg', 2, 'global_mean_pool', 4500], 0.8085106382978723)
INFO:nas.trainer:eval | (sampled_gnn, metric_val) = (['sg', 'gmm', 2, 'global_mean_pool', 5500], 0.776595744680851)
INFO:nas.trainer:eval | (sampled_gnn, metric_val) = (['sg', 'sg', 2, 'global_mean_pool', 8000], 0.776595744680851)
INFO:nas.trainer:eval | (sampled_gnn, metric_val) = (['sage', 'sage', 2, 'global_mean_pool', 6500], 0.8297872340425532)
INFO:nas.trainer:eval | (sampled_gnn, metric_val) = (['sage', 'gcn', 2, 'global_mean_pool', 6500], 0.8191489361702128)
INFO:nas.trainer:eval | (sampled_gnn, metric_val) = (['tag', 'gmm', 2, 'global_mean_pool', 6500], 0.8085106382978723)
INFO:nas.trainer:eval | (sampled_gnn, metric_val) = (['sage', 'gmm', 2, 'global_mean_pool', 8000], 0.8191489361702128)
INFO:nas.trainer:eval | (sampled_gnn, metric_val) = (['gin', 'ssg', 2, 'global_mean_pool', 6500], 0.8085106382978723)
INFO:nas.trainer:train | 14 era_time 4714.124076366425
INFO:nas.trainer:eval | (sampled_gnn, metric_val) = (['sage', 'tag', 2, 'global_mean_pool', 4000], 0.8085106382978723)
INFO:nas.trainer:eval | (sampled_gnn, metric_val) = (['sage', 'tag', 2, 'global_mean_pool', 5500], 0.776595744680851)
INFO:nas.trainer:eval | (sampled_gnn, metric_val) = (['sg', 'gat', 2, 'global_mean_pool', 8000], 0.776595744680851)
INFO:nas.trainer:eval | (sampled_gnn, metric_val) = (['tag', 'sg', 2, 'global_mean_pool', 5500], 0.7978723404255319)
INFO:nas.trainer:eval | (sampled_gnn, metric_val) = (['tag', 'gmm', 2, 'global_mean_pool', 4500], 0.7872340425531915)
INFO:nas.trainer:eval | (sampled_gnn, metric_val) = (['sg', 'sage', 2, 'global_mean_pool', 8000], 0.8297872340425532)
INFO:nas.trainer:eval | (sampled_gnn, metric_val) = (['gcn', 'ssg', 2, 'global_mean_pool', 6500], 0.776595744680851)
INFO:nas.trainer:eval | (sampled_gnn, metric_val) = (['gcn', 'gmm', 2, 'global_mean_pool', 8000], 0.7978723404255319)
INFO:nas.trainer:eval | (sampled_gnn, metric_val) = (['tag', 'ssg', 2, 'global_mean_pool', 4000], 0.8191489361702128)
INFO:nas.trainer:eval | (sampled_gnn, metric_val) = (['tag', 'gmm', 2, 'global_mean_pool', 6500], 0.8191489361702128)
INFO:nas.trainer:eval | (sampled_gnn, metric_val) = (['sage', 'ssg', 2, 'global_mean_pool', 6500], 0.8297872340425532)
INFO:nas.trainer:eval | (sampled_gnn, metric_val) = (['sage', 'gmm', 2, 'global_mean_pool', 5000], 0.8297872340425532)
INFO:nas.trainer:eval | (sampled_gnn, metric_val) = (['tag', 'sg', 2, 'global_mean_pool', 4000], 0.8191489361702128)
INFO:nas.trainer:eval | (sampled_gnn, metric_val) = (['ssg', 'sage', 2, 'global_mean_pool', 6500], 0.7978723404255319)
INFO:nas.trainer:eval | (sampled_gnn, metric_val) = (['gcn', 'ssg', 2, 'global_mean_pool', 6500], 0.7659574468085106)
INFO:nas.trainer:eval | (sampled_gnn, metric_val) = (['sage', 'gmm', 2, 'global_mean_pool', 6500], 0.8404255319148937)
INFO:nas.trainer:eval | (sampled_gnn, metric_val) = (['gmm', 'gmm', 2, 'global_mean_pool', 8000], 0.776595744680851)
INFO:nas.trainer:eval | (sampled_gnn, metric_val) = (['gat', 'gmm', 2, 'global_mean_pool', 4000], 0.7659574468085106)
INFO:nas.trainer:eval | (sampled_gnn, metric_val) = (['gcn', 'sg', 2, 'global_mean_pool', 8000], 0.7978723404255319)
INFO:nas.trainer:eval | (sampled_gnn, metric_val) = (['gmm', 'ssg', 2, 'global_mean_pool', 4000], 0.776595744680851)
INFO:nas.trainer:train | 15 era_time 4454.706481456757
INFO:nas.trainer:eval | (sampled_gnn, metric_val) = (['gin', 'ssg', 2, 'global_mean_pool', 4000], 0.7872340425531915)
INFO:nas.trainer:eval | (sampled_gnn, metric_val) = (['sage', 'ssg', 2, 'global_mean_pool', 4500], 0.776595744680851)
INFO:nas.trainer:eval | (sampled_gnn, metric_val) = (['sage', 'sage', 2, 'global_mean_pool', 5500], 0.8297872340425532)
INFO:nas.trainer:eval | (sampled_gnn, metric_val) = (['gcn', 'sage', 2, 'global_mean_pool', 4500], 0.776595744680851)
INFO:nas.trainer:eval | (sampled_gnn, metric_val) = (['gmm', 'ssg', 2, 'global_mean_pool', 7000], 0.776595744680851)
INFO:nas.trainer:eval | (sampled_gnn, metric_val) = (['tag', 'gmm', 2, 'global_mean_pool', 5000], 0.8085106382978723)
INFO:nas.trainer:eval | (sampled_gnn, metric_val) = (['gcn', 'gmm', 2, 'global_mean_pool', 4000], 0.7978723404255319)
INFO:nas.trainer:eval | (sampled_gnn, metric_val) = (['sg', 'tag', 2, 'global_mean_pool', 5500], 0.776595744680851)
INFO:nas.trainer:eval | (sampled_gnn, metric_val) = (['gmm', 'gcn', 2, 'global_mean_pool', 6500], 0.7978723404255319)
INFO:nas.trainer:eval | (sampled_gnn, metric_val) = (['sage', 'tag', 2, 'global_mean_pool', 8000], 0.8085106382978723)
INFO:nas.trainer:eval | (sampled_gnn, metric_val) = (['tag', 'gin', 2, 'global_mean_pool', 8000], 0.776595744680851)
INFO:nas.trainer:eval | (sampled_gnn, metric_val) = (['tag', 'sage', 2, 'global_mean_pool', 6500], 0.8085106382978723)
INFO:nas.trainer:eval | (sampled_gnn, metric_val) = (['gmm', 'ssg', 2, 'global_mean_pool', 6500], 0.776595744680851)
INFO:nas.trainer:eval | (sampled_gnn, metric_val) = (['sg', 'gcn', 2, 'global_mean_pool', 5500], 0.776595744680851)
INFO:nas.trainer:eval | (sampled_gnn, metric_val) = (['ssg', 'gmm', 2, 'global_mean_pool', 8000], 0.7872340425531915)
INFO:nas.trainer:eval | (sampled_gnn, metric_val) = (['sage', 'gmm', 2, 'global_mean_pool', 5500], 0.8404255319148937)
INFO:nas.trainer:eval | (sampled_gnn, metric_val) = (['gcn', 'gmm', 2, 'global_mean_pool', 4500], 0.776595744680851)
INFO:nas.trainer:eval | (sampled_gnn, metric_val) = (['gmm', 'gmm', 2, 'global_mean_pool', 8000], 0.8297872340425532)
INFO:nas.trainer:eval | (sampled_gnn, metric_val) = (['tag', 'gmm', 2, 'global_mean_pool', 6500], 0.7659574468085106)
INFO:nas.trainer:eval | (sampled_gnn, metric_val) = (['sage', 'sage', 2, 'global_mean_pool', 5500], 0.8085106382978723)
INFO:nas.trainer:train | 16 era_time 4383.775784730911
INFO:nas.trainer:eval | (sampled_gnn, metric_val) = (['gmm', 'gmm', 2, 'global_mean_pool', 8000], 0.8297872340425532)
INFO:nas.trainer:eval | (sampled_gnn, metric_val) = (['ssg', 'gcn', 2, 'global_mean_pool', 8000], 0.7978723404255319)
INFO:nas.trainer:eval | (sampled_gnn, metric_val) = (['gat', 'tag', 2, 'global_mean_pool', 4000], 0.8191489361702128)
INFO:nas.trainer:eval | (sampled_gnn, metric_val) = (['gcn', 'ssg', 2, 'global_mean_pool', 8000], 0.776595744680851)
INFO:nas.trainer:eval | (sampled_gnn, metric_val) = (['sage', 'tag', 2, 'global_mean_pool', 8000], 0.8297872340425532)
INFO:nas.trainer:eval | (sampled_gnn, metric_val) = (['sage', 'gmm', 2, 'global_mean_pool', 5500], 0.7978723404255319)
INFO:nas.trainer:eval | (sampled_gnn, metric_val) = (['sg', 'gmm', 2, 'global_mean_pool', 5500], 0.7872340425531915)
INFO:nas.trainer:eval | (sampled_gnn, metric_val) = (['tag', 'sage', 2, 'global_mean_pool', 5500], 0.7659574468085106)
INFO:nas.trainer:eval | (sampled_gnn, metric_val) = (['gmm', 'gat', 2, 'global_mean_pool', 4000], 0.776595744680851)
INFO:nas.trainer:eval | (sampled_gnn, metric_val) = (['gat', 'tag', 2, 'global_mean_pool', 3000], 0.7872340425531915)
INFO:nas.trainer:eval | (sampled_gnn, metric_val) = (['sage', 'sage', 2, 'global_mean_pool', 4500], 0.7978723404255319)
INFO:nas.trainer:eval | (sampled_gnn, metric_val) = (['sage', 'gmm', 2, 'global_mean_pool', 8000], 0.776595744680851)
INFO:nas.trainer:eval | (sampled_gnn, metric_val) = (['gin', 'gmm', 2, 'global_mean_pool', 6500], 0.7978723404255319)
INFO:nas.trainer:eval | (sampled_gnn, metric_val) = (['gin', 'gcn', 2, 'global_mean_pool', 4500], 0.7659574468085106)
INFO:nas.trainer:eval | (sampled_gnn, metric_val) = (['sage', 'sage', 2, 'global_mean_pool', 8000], 0.8404255319148937)
INFO:nas.trainer:eval | (sampled_gnn, metric_val) = (['tag', 'sage', 2, 'global_mean_pool', 5500], 0.8191489361702128)
INFO:nas.trainer:eval | (sampled_gnn, metric_val) = (['gmm', 'sg', 2, 'global_mean_pool', 4000], 0.8297872340425532)
INFO:nas.trainer:eval | (sampled_gnn, metric_val) = (['sage', 'sage', 2, 'global_mean_pool', 8000], 0.8085106382978723)
INFO:nas.trainer:eval | (sampled_gnn, metric_val) = (['ssg', 'sage', 2, 'global_mean_pool', 5500], 0.776595744680851)
INFO:nas.trainer:eval | (sampled_gnn, metric_val) = (['sage', 'tag', 2, 'global_mean_pool', 4000], 0.8085106382978723)
INFO:nas.trainer:train | 17 era_time 4333.7972240448
INFO:nas.trainer:eval | (sampled_gnn, metric_val) = (['gmm', 'ssg', 2, 'global_max_pool', 5500], 0.7127659574468085)
INFO:nas.trainer:eval | (sampled_gnn, metric_val) = (['gcn', 'gmm', 2, 'global_mean_pool', 8000], 0.776595744680851)
INFO:nas.trainer:eval | (sampled_gnn, metric_val) = (['gmm', 'gmm', 2, 'global_mean_pool', 4000], 0.8191489361702128)
INFO:nas.trainer:eval | (sampled_gnn, metric_val) = (['sage', 'gmm', 2, 'global_mean_pool', 4000], 0.8404255319148937)
INFO:nas.trainer:eval | (sampled_gnn, metric_val) = (['tag', 'ssg', 2, 'global_mean_pool', 8000], 0.776595744680851)
INFO:nas.trainer:eval | (sampled_gnn, metric_val) = (['gat', 'ssg', 2, 'global_mean_pool', 5500], 0.776595744680851)
INFO:nas.trainer:eval | (sampled_gnn, metric_val) = (['tag', 'gmm', 2, 'global_mean_pool', 6500], 0.8085106382978723)
INFO:nas.trainer:eval | (sampled_gnn, metric_val) = (['ssg', 'tag', 2, 'global_mean_pool', 6500], 0.7659574468085106)
INFO:nas.trainer:eval | (sampled_gnn, metric_val) = (['sage', 'sage', 2, 'global_mean_pool', 8000], 0.8297872340425532)
INFO:nas.trainer:eval | (sampled_gnn, metric_val) = (['ssg', 'tag', 2, 'global_mean_pool', 8000], 0.8085106382978723)
INFO:nas.trainer:eval | (sampled_gnn, metric_val) = (['ssg', 'gmm', 2, 'global_mean_pool', 4000], 0.776595744680851)
INFO:nas.trainer:eval | (sampled_gnn, metric_val) = (['sage', 'sage', 2, 'global_mean_pool', 6500], 0.7872340425531915)
INFO:nas.trainer:eval | (sampled_gnn, metric_val) = (['tag', 'ssg', 2, 'global_mean_pool', 5500], 0.8085106382978723)
INFO:nas.trainer:eval | (sampled_gnn, metric_val) = (['gmm', 'ssg', 2, 'global_mean_pool', 6000], 0.8297872340425532)
INFO:nas.trainer:eval | (sampled_gnn, metric_val) = (['ssg', 'gcn', 2, 'global_mean_pool', 6500], 0.7978723404255319)
INFO:nas.trainer:eval | (sampled_gnn, metric_val) = (['gmm', 'tag', 2, 'global_mean_pool', 6500], 0.8297872340425532)
INFO:nas.trainer:eval | (sampled_gnn, metric_val) = (['sage', 'tag', 2, 'global_mean_pool', 6500], 0.8191489361702128)
INFO:nas.trainer:eval | (sampled_gnn, metric_val) = (['gat', 'gmm', 2, 'global_mean_pool', 8000], 0.7978723404255319)
INFO:nas.trainer:eval | (sampled_gnn, metric_val) = (['gmm', 'sage', 2, 'global_mean_pool', 4000], 0.8085106382978723)
INFO:nas.trainer:eval | (sampled_gnn, metric_val) = (['sage', 'gmm', 2, 'global_mean_pool', 5500], 0.8297872340425532)
INFO:nas.trainer:train | 18 era_time 4707.2318596839905
INFO:nas.trainer:eval | (sampled_gnn, metric_val) = (['sage', 'gmm', 2, 'global_mean_pool', 5500], 0.8191489361702128)
INFO:nas.trainer:eval | (sampled_gnn, metric_val) = (['gmm', 'sage', 2, 'global_mean_pool', 8000], 0.8191489361702128)
INFO:nas.trainer:eval | (sampled_gnn, metric_val) = (['sage', 'gmm', 2, 'global_mean_pool', 8000], 0.8297872340425532)
INFO:nas.trainer:eval | (sampled_gnn, metric_val) = (['ssg', 'tag', 2, 'global_add_pool', 6500], 0.7872340425531915)
INFO:nas.trainer:eval | (sampled_gnn, metric_val) = (['ssg', 'sage', 2, 'global_mean_pool', 8000], 0.7978723404255319)
INFO:nas.trainer:eval | (sampled_gnn, metric_val) = (['sage', 'tag', 2, 'global_mean_pool', 5500], 0.8191489361702128)
INFO:nas.trainer:eval | (sampled_gnn, metric_val) = (['tag', 'gmm', 2, 'global_mean_pool', 5500], 0.8191489361702128)
INFO:nas.trainer:eval | (sampled_gnn, metric_val) = (['gcn', 'gin', 2, 'global_mean_pool', 8000], 0.7872340425531915)
INFO:nas.trainer:eval | (sampled_gnn, metric_val) = (['gmm', 'gmm', 2, 'global_mean_pool', 4500], 0.776595744680851)
INFO:nas.trainer:eval | (sampled_gnn, metric_val) = (['gcn', 'sage', 2, 'global_mean_pool', 6500], 0.7446808510638298)
INFO:nas.trainer:eval | (sampled_gnn, metric_val) = (['gat', 'gmm', 2, 'global_mean_pool', 4000], 0.8085106382978723)
INFO:nas.trainer:eval | (sampled_gnn, metric_val) = (['ssg', 'sg', 2, 'global_mean_pool', 4000], 0.7872340425531915)
INFO:nas.trainer:eval | (sampled_gnn, metric_val) = (['sg', 'gcn', 2, 'global_max_pool', 4000], 0.776595744680851)
INFO:nas.trainer:eval | (sampled_gnn, metric_val) = (['sage', 'gmm', 2, 'global_mean_pool', 4000], 0.776595744680851)
INFO:nas.trainer:eval | (sampled_gnn, metric_val) = (['gat', 'ssg', 2, 'global_mean_pool', 8000], 0.776595744680851)
INFO:nas.trainer:eval | (sampled_gnn, metric_val) = (['tag', 'gmm', 2, 'global_mean_pool', 4000], 0.8085106382978723)
INFO:nas.trainer:eval | (sampled_gnn, metric_val) = (['gcn', 'ssg', 2, 'global_mean_pool', 6000], 0.7978723404255319)
INFO:nas.trainer:eval | (sampled_gnn, metric_val) = (['gmm', 'gmm', 2, 'global_mean_pool', 6000], 0.8297872340425532)
INFO:nas.trainer:eval | (sampled_gnn, metric_val) = (['tag', 'sage', 2, 'global_mean_pool', 4000], 0.8085106382978723)
INFO:nas.trainer:eval | (sampled_gnn, metric_val) = (['gmm', 'ssg', 2, 'global_mean_pool', 6000], 0.776595744680851)
INFO:nas.trainer:train | 19 era_time 4373.31760597229
INFO:nas.trainer:eval | (sampled_gnn, metric_val) = (['gmm', 'ssg', 2, 'global_mean_pool', 6500], 0.776595744680851)
INFO:nas.trainer:eval | (sampled_gnn, metric_val) = (['gmm', 'gmm', 2, 'global_mean_pool', 5500], 0.776595744680851)
INFO:nas.trainer:eval | (sampled_gnn, metric_val) = (['gat', 'gmm', 2, 'global_mean_pool', 4000], 0.776595744680851)
INFO:nas.trainer:eval | (sampled_gnn, metric_val) = (['tag', 'tag', 2, 'global_mean_pool', 5500], 0.776595744680851)
INFO:nas.trainer:eval | (sampled_gnn, metric_val) = (['ssg', 'sg', 2, 'global_mean_pool', 8000], 0.776595744680851)
INFO:nas.trainer:eval | (sampled_gnn, metric_val) = (['tag', 'gat', 2, 'global_mean_pool', 8000], 0.776595744680851)
INFO:nas.trainer:eval | (sampled_gnn, metric_val) = (['tag', 'ssg', 2, 'global_mean_pool', 4000], 0.8191489361702128)
INFO:nas.trainer:eval | (sampled_gnn, metric_val) = (['ssg', 'gmm', 2, 'global_mean_pool', 5500], 0.776595744680851)
INFO:nas.trainer:eval | (sampled_gnn, metric_val) = (['gmm', 'ssg', 2, 'global_mean_pool', 7000], 0.776595744680851)
INFO:nas.trainer:eval | (sampled_gnn, metric_val) = (['sage', 'gmm', 2, 'global_mean_pool', 4000], 0.8085106382978723)
INFO:nas.trainer:eval | (sampled_gnn, metric_val) = (['gmm', 'ssg', 2, 'global_mean_pool', 6500], 0.8404255319148937)
INFO:nas.trainer:eval | (sampled_gnn, metric_val) = (['ssg', 'tag', 2, 'global_mean_pool', 7000], 0.7446808510638298)
INFO:nas.trainer:eval | (sampled_gnn, metric_val) = (['ssg', 'tag', 2, 'global_mean_pool', 5500], 0.7872340425531915)
INFO:nas.trainer:eval | (sampled_gnn, metric_val) = (['ssg', 'sage', 2, 'global_mean_pool', 5500], 0.7872340425531915)
INFO:nas.trainer:eval | (sampled_gnn, metric_val) = (['tag', 'tag', 2, 'global_mean_pool', 4000], 0.8297872340425532)
INFO:nas.trainer:eval | (sampled_gnn, metric_val) = (['tag', 'tag', 2, 'global_mean_pool', 4000], 0.8404255319148937)
INFO:nas.trainer:eval | (sampled_gnn, metric_val) = (['sg', 'sage', 2, 'global_mean_pool', 6500], 0.776595744680851)
INFO:nas.trainer:eval | (sampled_gnn, metric_val) = (['sage', 'tag', 2, 'global_mean_pool', 4000], 0.8191489361702128)
INFO:nas.trainer:eval | (sampled_gnn, metric_val) = (['tag', 'sage', 2, 'global_mean_pool', 6500], 0.7978723404255319)
INFO:nas.trainer:eval | (sampled_gnn, metric_val) = (['gmm', 'tag', 2, 'global_mean_pool', 8000], 0.7872340425531915)
INFO:nas.trainer:train | 20 era_time 4493.2942497730255
INFO:nas.trainer:eval | (sampled_gnn, metric_val) = (['gmm', 'sage', 2, 'global_mean_pool', 7000], 0.7978723404255319)
INFO:nas.trainer:eval | (sampled_gnn, metric_val) = (['ssg', 'tag', 2, 'global_mean_pool', 6500], 0.851063829787234)
INFO:nas.trainer:eval | (sampled_gnn, metric_val) = (['sg', 'sage', 2, 'global_mean_pool', 5500], 0.7978723404255319)
INFO:nas.trainer:eval | (sampled_gnn, metric_val) = (['ssg', 'sg', 2, 'global_mean_pool', 6500], 0.7872340425531915)
INFO:nas.trainer:eval | (sampled_gnn, metric_val) = (['gmm', 'gmm', 2, 'global_mean_pool', 6500], 0.7872340425531915)
INFO:nas.trainer:eval | (sampled_gnn, metric_val) = (['tag', 'gmm', 2, 'global_mean_pool', 8000], 0.7978723404255319)
INFO:nas.trainer:eval | (sampled_gnn, metric_val) = (['sage', 'sage', 2, 'global_mean_pool', 6000], 0.8085106382978723)
INFO:nas.trainer:eval | (sampled_gnn, metric_val) = (['tag', 'sage', 2, 'global_mean_pool', 5500], 0.8085106382978723)
INFO:nas.trainer:eval | (sampled_gnn, metric_val) = (['sage', 'ssg', 2, 'global_mean_pool', 8000], 0.8191489361702128)
INFO:nas.trainer:eval | (sampled_gnn, metric_val) = (['tag', 'tag', 2, 'global_mean_pool', 5500], 0.7659574468085106)
INFO:nas.trainer:eval | (sampled_gnn, metric_val) = (['ssg', 'sg', 2, 'global_mean_pool', 6000], 0.776595744680851)
INFO:nas.trainer:eval | (sampled_gnn, metric_val) = (['gmm', 'ssg', 2, 'global_mean_pool', 5500], 0.776595744680851)
INFO:nas.trainer:eval | (sampled_gnn, metric_val) = (['sage', 'sage', 2, 'global_mean_pool', 5500], 0.8085106382978723)
INFO:nas.trainer:eval | (sampled_gnn, metric_val) = (['gmm', 'ssg', 2, 'global_mean_pool', 5500], 0.776595744680851)
INFO:nas.trainer:eval | (sampled_gnn, metric_val) = (['sage', 'ssg', 2, 'global_add_pool', 5500], 0.8085106382978723)
INFO:nas.trainer:eval | (sampled_gnn, metric_val) = (['sage', 'sg', 2, 'global_mean_pool', 6500], 0.8085106382978723)
INFO:nas.trainer:eval | (sampled_gnn, metric_val) = (['tag', 'tag', 2, 'global_mean_pool', 8000], 0.776595744680851)
INFO:nas.trainer:eval | (sampled_gnn, metric_val) = (['tag', 'gmm', 2, 'global_mean_pool', 6500], 0.8723404255319149)
INFO:nas.trainer:eval | (sampled_gnn, metric_val) = (['tag', 'sg', 2, 'global_mean_pool', 5500], 0.7659574468085106)
INFO:nas.trainer:eval | (sampled_gnn, metric_val) = (['ssg', 'tag', 2, 'global_mean_pool', 5500], 0.7872340425531915)
INFO:nas.trainer:train | 21 era_time 4629.141901731491
INFO:nas.trainer:eval | (sampled_gnn, metric_val) = (['tag', 'sage', 2, 'global_mean_pool', 4000], 0.8085106382978723)
INFO:nas.trainer:eval | (sampled_gnn, metric_val) = (['gmm', 'ssg', 2, 'global_mean_pool', 7000], 0.776595744680851)
INFO:nas.trainer:eval | (sampled_gnn, metric_val) = (['gmm', 'sage', 2, 'global_mean_pool', 5500], 0.7872340425531915)
INFO:nas.trainer:eval | (sampled_gnn, metric_val) = (['tag', 'tag', 2, 'global_mean_pool', 5500], 0.8085106382978723)
INFO:nas.trainer:eval | (sampled_gnn, metric_val) = (['sage', 'tag', 2, 'global_mean_pool', 6500], 0.8297872340425532)
INFO:nas.trainer:eval | (sampled_gnn, metric_val) = (['tag', 'tag', 2, 'global_mean_pool', 8000], 0.7446808510638298)
INFO:nas.trainer:eval | (sampled_gnn, metric_val) = (['gmm', 'ssg', 2, 'global_mean_pool', 8000], 0.7872340425531915)
INFO:nas.trainer:eval | (sampled_gnn, metric_val) = (['sg', 'sg', 2, 'global_mean_pool', 5000], 0.776595744680851)
INFO:nas.trainer:eval | (sampled_gnn, metric_val) = (['sage', 'sage', 2, 'global_mean_pool', 4000], 0.8297872340425532)
INFO:nas.trainer:eval | (sampled_gnn, metric_val) = (['tag', 'sage', 2, 'global_mean_pool', 4000], 0.7659574468085106)
INFO:nas.trainer:eval | (sampled_gnn, metric_val) = (['gmm', 'tag', 2, 'global_mean_pool', 4000], 0.8085106382978723)
INFO:nas.trainer:eval | (sampled_gnn, metric_val) = (['tag', 'gmm', 2, 'global_mean_pool', 4000], 0.776595744680851)
INFO:nas.trainer:eval | (sampled_gnn, metric_val) = (['gmm', 'tag', 2, 'global_mean_pool', 6500], 0.7872340425531915)
INFO:nas.trainer:eval | (sampled_gnn, metric_val) = (['sage', 'gmm', 2, 'global_mean_pool', 4000], 0.8617021276595744)
INFO:nas.trainer:eval | (sampled_gnn, metric_val) = (['ssg', 'ssg', 2, 'global_mean_pool', 6500], 0.7872340425531915)
INFO:nas.trainer:eval | (sampled_gnn, metric_val) = (['gmm', 'tag', 2, 'global_mean_pool', 6000], 0.8085106382978723)
INFO:nas.trainer:eval | (sampled_gnn, metric_val) = (['ssg', 'gmm', 2, 'global_mean_pool', 4000], 0.776595744680851)
INFO:nas.trainer:eval | (sampled_gnn, metric_val) = (['sage', 'gmm', 2, 'global_mean_pool', 8000], 0.8085106382978723)
INFO:nas.trainer:eval | (sampled_gnn, metric_val) = (['gmm', 'sage', 2, 'global_mean_pool', 6000], 0.7978723404255319)
INFO:nas.trainer:eval | (sampled_gnn, metric_val) = (['sage', 'sage', 2, 'global_mean_pool', 4000], 0.8085106382978723)
INFO:nas.trainer:train | 22 era_time 4136.994292020798
INFO:nas.trainer:eval | (sampled_gnn, metric_val) = (['sage', 'tag', 2, 'global_mean_pool', 5500], 0.8191489361702128)
INFO:nas.trainer:eval | (sampled_gnn, metric_val) = (['tag', 'tag', 2, 'global_mean_pool', 7500], 0.7659574468085106)
INFO:nas.trainer:eval | (sampled_gnn, metric_val) = (['gmm', 'tag', 2, 'global_mean_pool', 6500], 0.8191489361702128)
INFO:nas.trainer:eval | (sampled_gnn, metric_val) = (['tag', 'ssg', 2, 'global_mean_pool', 6500], 0.7659574468085106)
INFO:nas.trainer:eval | (sampled_gnn, metric_val) = (['ssg', 'gmm', 2, 'global_mean_pool', 7000], 0.7553191489361702)
INFO:nas.trainer:eval | (sampled_gnn, metric_val) = (['gmm', 'ssg', 2, 'global_mean_pool', 4000], 0.8297872340425532)
INFO:nas.trainer:eval | (sampled_gnn, metric_val) = (['gmm', 'gmm', 2, 'global_mean_pool', 6000], 0.8191489361702128)
INFO:nas.trainer:eval | (sampled_gnn, metric_val) = (['gmm', 'sage', 2, 'global_mean_pool', 8000], 0.776595744680851)
INFO:nas.trainer:eval | (sampled_gnn, metric_val) = (['tag', 'gmm', 2, 'global_add_pool', 5500], 0.7978723404255319)
INFO:nas.trainer:eval | (sampled_gnn, metric_val) = (['sage', 'sage', 2, 'global_mean_pool', 3500], 0.8404255319148937)
INFO:nas.trainer:eval | (sampled_gnn, metric_val) = (['sage', 'ssg', 2, 'global_mean_pool', 6500], 0.8297872340425532)
INFO:nas.trainer:eval | (sampled_gnn, metric_val) = (['tag', 'ssg', 2, 'global_add_pool', 4000], 0.7978723404255319)
INFO:nas.trainer:eval | (sampled_gnn, metric_val) = (['tag', 'tag', 2, 'global_mean_pool', 4000], 0.8404255319148937)
INFO:nas.trainer:eval | (sampled_gnn, metric_val) = (['gmm', 'gmm', 2, 'global_mean_pool', 4000], 0.8191489361702128)
INFO:nas.trainer:eval | (sampled_gnn, metric_val) = (['sage', 'sg', 2, 'global_mean_pool', 8000], 0.776595744680851)
INFO:nas.trainer:eval | (sampled_gnn, metric_val) = (['gmm', 'ssg', 2, 'global_mean_pool', 8000], 0.776595744680851)
INFO:nas.trainer:eval | (sampled_gnn, metric_val) = (['gmm', 'gmm', 2, 'global_mean_pool', 4000], 0.8191489361702128)
INFO:nas.trainer:eval | (sampled_gnn, metric_val) = (['tag', 'tag', 2, 'global_mean_pool', 5500], 0.8085106382978723)
INFO:nas.trainer:eval | (sampled_gnn, metric_val) = (['sage', 'sage', 2, 'global_mean_pool', 8000], 0.8191489361702128)
INFO:nas.trainer:eval | (sampled_gnn, metric_val) = (['sage', 'ssg', 2, 'global_mean_pool', 6500], 0.8404255319148937)
INFO:nas.trainer:train | 23 era_time 4415.568608045578
INFO:nas.trainer:eval | (sampled_gnn, metric_val) = (['sg', 'tag', 2, 'global_mean_pool', 5500], 0.7978723404255319)
INFO:nas.trainer:eval | (sampled_gnn, metric_val) = (['gmm', 'ssg', 2, 'global_mean_pool', 5500], 0.776595744680851)
INFO:nas.trainer:eval | (sampled_gnn, metric_val) = (['sage', 'sage', 2, 'global_mean_pool', 6000], 0.8191489361702128)
INFO:nas.trainer:eval | (sampled_gnn, metric_val) = (['tag', 'tag', 2, 'global_mean_pool', 4000], 0.8404255319148937)
INFO:nas.trainer:eval | (sampled_gnn, metric_val) = (['gmm', 'gmm', 2, 'global_mean_pool', 8000], 0.776595744680851)
INFO:nas.trainer:eval | (sampled_gnn, metric_val) = (['sage', 'gmm', 2, 'global_mean_pool', 6000], 0.776595744680851)
INFO:nas.trainer:eval | (sampled_gnn, metric_val) = (['gmm', 'sage', 2, 'global_mean_pool', 5500], 0.8191489361702128)
INFO:nas.trainer:eval | (sampled_gnn, metric_val) = (['gmm', 'tag', 2, 'global_mean_pool', 5500], 0.7872340425531915)
INFO:nas.trainer:eval | (sampled_gnn, metric_val) = (['gmm', 'gmm', 2, 'global_mean_pool', 5500], 0.8085106382978723)
INFO:nas.trainer:eval | (sampled_gnn, metric_val) = (['gmm', 'gmm', 2, 'global_mean_pool', 5500], 0.7872340425531915)
INFO:nas.trainer:eval | (sampled_gnn, metric_val) = (['tag', 'gmm', 2, 'global_mean_pool', 4000], 0.7872340425531915)
INFO:nas.trainer:eval | (sampled_gnn, metric_val) = (['gat', 'gmm', 2, 'global_mean_pool', 6000], 0.776595744680851)
INFO:nas.trainer:eval | (sampled_gnn, metric_val) = (['sg', 'tag', 2, 'global_mean_pool', 4000], 0.7978723404255319)
INFO:nas.trainer:eval | (sampled_gnn, metric_val) = (['sage', 'gmm', 2, 'global_mean_pool', 4000], 0.8085106382978723)
INFO:nas.trainer:eval | (sampled_gnn, metric_val) = (['ssg', 'sage', 2, 'global_mean_pool', 6500], 0.7872340425531915)
INFO:nas.trainer:eval | (sampled_gnn, metric_val) = (['gmm', 'tag', 2, 'global_mean_pool', 6500], 0.776595744680851)
INFO:nas.trainer:eval | (sampled_gnn, metric_val) = (['gmm', 'tag', 2, 'global_mean_pool', 4000], 0.7978723404255319)
INFO:nas.trainer:eval | (sampled_gnn, metric_val) = (['gmm', 'sage', 2, 'global_mean_pool', 6500], 0.776595744680851)
INFO:nas.trainer:eval | (sampled_gnn, metric_val) = (['sage', 'sage', 2, 'global_mean_pool', 5500], 0.8404255319148937)
INFO:nas.trainer:eval | (sampled_gnn, metric_val) = (['tag', 'gmm', 2, 'global_mean_pool', 5500], 0.776595744680851)
INFO:nas.trainer:train | 24 era_time 4137.081521272659
INFO:nas.trainer:eval | (sampled_gnn, metric_val) = (['gmm', 'tag', 2, 'global_mean_pool', 6000], 0.7872340425531915)
INFO:nas.trainer:eval | (sampled_gnn, metric_val) = (['gmm', 'sage', 2, 'global_mean_pool', 6500], 0.8085106382978723)
INFO:nas.trainer:eval | (sampled_gnn, metric_val) = (['sg', 'tag', 2, 'global_mean_pool', 6000], 0.7553191489361702)
INFO:nas.trainer:eval | (sampled_gnn, metric_val) = (['ssg', 'gmm', 2, 'global_mean_pool', 4000], 0.776595744680851)
INFO:nas.trainer:eval | (sampled_gnn, metric_val) = (['ssg', 'ssg', 2, 'global_mean_pool', 5500], 0.7872340425531915)
INFO:nas.trainer:eval | (sampled_gnn, metric_val) = (['sage', 'gmm', 2, 'global_mean_pool', 6000], 0.8297872340425532)
INFO:nas.trainer:eval | (sampled_gnn, metric_val) = (['gin', 'sage', 2, 'global_mean_pool', 6500], 0.6808510638297872)
INFO:nas.trainer:eval | (sampled_gnn, metric_val) = (['sage', 'gmm', 2, 'global_mean_pool', 8000], 0.8085106382978723)
INFO:nas.trainer:eval | (sampled_gnn, metric_val) = (['tag', 'sg', 2, 'global_mean_pool', 4000], 0.7659574468085106)
INFO:nas.trainer:eval | (sampled_gnn, metric_val) = (['tag', 'gmm', 2, 'global_mean_pool', 6500], 0.7553191489361702)
INFO:nas.trainer:eval | (sampled_gnn, metric_val) = (['gmm', 'gmm', 2, 'global_mean_pool', 4000], 0.776595744680851)
INFO:nas.trainer:eval | (sampled_gnn, metric_val) = (['sage', 'gmm', 2, 'global_mean_pool', 6500], 0.8297872340425532)
INFO:nas.trainer:eval | (sampled_gnn, metric_val) = (['sage', 'tag', 2, 'global_mean_pool', 6000], 0.7978723404255319)
INFO:nas.trainer:eval | (sampled_gnn, metric_val) = (['gmm', 'gmm', 2, 'global_mean_pool', 3500], 0.8297872340425532)
INFO:nas.trainer:eval | (sampled_gnn, metric_val) = (['gmm', 'sage', 2, 'global_mean_pool', 4000], 0.851063829787234)
INFO:nas.trainer:eval | (sampled_gnn, metric_val) = (['sage', 'tag', 2, 'global_mean_pool', 6500], 0.8191489361702128)
INFO:nas.trainer:eval | (sampled_gnn, metric_val) = (['tag', 'gmm', 2, 'global_mean_pool', 4000], 0.7659574468085106)
INFO:nas.trainer:eval | (sampled_gnn, metric_val) = (['sage', 'gmm', 2, 'global_mean_pool', 8000], 0.8085106382978723)
INFO:nas.trainer:eval | (sampled_gnn, metric_val) = (['sage', 'gmm', 2, 'global_mean_pool', 5500], 0.8404255319148937)
INFO:nas.trainer:eval | (sampled_gnn, metric_val) = (['sage', 'tag', 2, 'global_mean_pool', 8000], 0.8085106382978723)
INFO:nas.trainer:train | 25 era_time 4147.274592399597
INFO:nas.trainer:eval | (sampled_gnn, metric_val) = (['gmm', 'gmm', 2, 'global_mean_pool', 5000], 0.776595744680851)
INFO:nas.trainer:eval | (sampled_gnn, metric_val) = (['gmm', 'tag', 2, 'global_mean_pool', 3500], 0.8297872340425532)
INFO:nas.trainer:eval | (sampled_gnn, metric_val) = (['sage', 'tag', 2, 'global_mean_pool', 4000], 0.8085106382978723)
INFO:nas.trainer:eval | (sampled_gnn, metric_val) = (['tag', 'gmm', 2, 'global_mean_pool', 8000], 0.8297872340425532)
INFO:nas.trainer:eval | (sampled_gnn, metric_val) = (['sage', 'sage', 2, 'global_mean_pool', 6000], 0.8404255319148937)
INFO:nas.trainer:eval | (sampled_gnn, metric_val) = (['tag', 'ssg', 2, 'global_mean_pool', 5500], 0.8085106382978723)
INFO:nas.trainer:eval | (sampled_gnn, metric_val) = (['tag', 'sage', 2, 'global_mean_pool', 8000], 0.776595744680851)
INFO:nas.trainer:eval | (sampled_gnn, metric_val) = (['sg', 'sage', 2, 'global_mean_pool', 8000], 0.7978723404255319)
INFO:nas.trainer:eval | (sampled_gnn, metric_val) = (['sage', 'sage', 2, 'global_mean_pool', 4000], 0.8085106382978723)
INFO:nas.trainer:eval | (sampled_gnn, metric_val) = (['tag', 'tag', 2, 'global_mean_pool', 3500], 0.7978723404255319)
INFO:nas.trainer:eval | (sampled_gnn, metric_val) = (['gmm', 'ssg', 2, 'global_mean_pool', 6500], 0.776595744680851)
INFO:nas.trainer:eval | (sampled_gnn, metric_val) = (['gmm', 'sage', 2, 'global_mean_pool', 6000], 0.776595744680851)
INFO:nas.trainer:eval | (sampled_gnn, metric_val) = (['sage', 'tag', 2, 'global_mean_pool', 4000], 0.7978723404255319)
INFO:nas.trainer:eval | (sampled_gnn, metric_val) = (['gmm', 'tag', 2, 'global_mean_pool', 6000], 0.7978723404255319)
INFO:nas.trainer:eval | (sampled_gnn, metric_val) = (['tag', 'gmm', 2, 'global_mean_pool', 5000], 0.7978723404255319)
INFO:nas.trainer:eval | (sampled_gnn, metric_val) = (['tag', 'tag', 2, 'global_mean_pool', 5000], 0.7978723404255319)
INFO:nas.trainer:eval | (sampled_gnn, metric_val) = (['ssg', 'tag', 2, 'global_mean_pool', 6000], 0.7872340425531915)
INFO:nas.trainer:eval | (sampled_gnn, metric_val) = (['sg', 'tag', 2, 'global_mean_pool', 6500], 0.7872340425531915)
INFO:nas.trainer:eval | (sampled_gnn, metric_val) = (['tag', 'gmm', 2, 'global_mean_pool', 6500], 0.7978723404255319)
INFO:nas.trainer:eval | (sampled_gnn, metric_val) = (['tag', 'sage', 2, 'global_mean_pool', 4000], 0.8404255319148937)
INFO:nas.trainer:train | 26 era_time 4186.128350973129
INFO:nas.trainer:eval | (sampled_gnn, metric_val) = (['gmm', 'sage', 2, 'global_mean_pool', 5500], 0.8297872340425532)
INFO:nas.trainer:eval | (sampled_gnn, metric_val) = (['tag', 'tag', 2, 'global_mean_pool', 6000], 0.7659574468085106)
INFO:nas.trainer:eval | (sampled_gnn, metric_val) = (['gmm', 'gmm', 2, 'global_mean_pool', 6000], 0.8404255319148937)
INFO:nas.trainer:eval | (sampled_gnn, metric_val) = (['tag', 'sage', 2, 'global_mean_pool', 6000], 0.776595744680851)
INFO:nas.trainer:eval | (sampled_gnn, metric_val) = (['tag', 'sage', 2, 'global_mean_pool', 5500], 0.7978723404255319)
INFO:nas.trainer:eval | (sampled_gnn, metric_val) = (['tag', 'sage', 2, 'global_mean_pool', 5500], 0.7872340425531915)
INFO:nas.trainer:eval | (sampled_gnn, metric_val) = (['sage', 'tag', 2, 'global_mean_pool', 4000], 0.8297872340425532)
INFO:nas.trainer:eval | (sampled_gnn, metric_val) = (['tag', 'sage', 2, 'global_mean_pool', 6000], 0.7553191489361702)
INFO:nas.trainer:eval | (sampled_gnn, metric_val) = (['gat', 'sage', 2, 'global_mean_pool', 5500], 0.776595744680851)
INFO:nas.trainer:eval | (sampled_gnn, metric_val) = (['ssg', 'tag', 2, 'global_mean_pool', 6500], 0.7978723404255319)
INFO:nas.trainer:eval | (sampled_gnn, metric_val) = (['tag', 'sage', 2, 'global_mean_pool', 5500], 0.8085106382978723)
INFO:nas.trainer:eval | (sampled_gnn, metric_val) = (['sg', 'tag', 2, 'global_mean_pool', 6500], 0.7659574468085106)
INFO:nas.trainer:eval | (sampled_gnn, metric_val) = (['tag', 'sage', 2, 'global_mean_pool', 6500], 0.7872340425531915)
INFO:nas.trainer:eval | (sampled_gnn, metric_val) = (['gmm', 'tag', 2, 'global_mean_pool', 5500], 0.7978723404255319)
INFO:nas.trainer:eval | (sampled_gnn, metric_val) = (['gcn', 'sage', 2, 'global_mean_pool', 5500], 0.7872340425531915)
INFO:nas.trainer:eval | (sampled_gnn, metric_val) = (['sage', 'sage', 2, 'global_mean_pool', 8000], 0.8297872340425532)
INFO:nas.trainer:eval | (sampled_gnn, metric_val) = (['ssg', 'sage', 2, 'global_mean_pool', 6000], 0.7872340425531915)
INFO:nas.trainer:eval | (sampled_gnn, metric_val) = (['tag', 'sage', 2, 'global_mean_pool', 6500], 0.7872340425531915)
INFO:nas.trainer:eval | (sampled_gnn, metric_val) = (['sage', 'gcn', 2, 'global_mean_pool', 3500], 0.776595744680851)
INFO:nas.trainer:eval | (sampled_gnn, metric_val) = (['tag', 'sage', 2, 'global_mean_pool', 5000], 0.776595744680851)
INFO:nas.trainer:train | 27 era_time 4348.316778659821
INFO:nas.trainer:eval | (sampled_gnn, metric_val) = (['sage', 'sage', 2, 'global_mean_pool', 5500], 0.8085106382978723)
INFO:nas.trainer:eval | (sampled_gnn, metric_val) = (['sage', 'tag', 2, 'global_mean_pool', 8000], 0.7872340425531915)
INFO:nas.trainer:eval | (sampled_gnn, metric_val) = (['sage', 'tag', 2, 'global_mean_pool', 8000], 0.8297872340425532)
INFO:nas.trainer:eval | (sampled_gnn, metric_val) = (['tag', 'tag', 2, 'global_mean_pool', 5000], 0.7978723404255319)
INFO:nas.trainer:eval | (sampled_gnn, metric_val) = (['sage', 'tag', 2, 'global_mean_pool', 8000], 0.8085106382978723)
INFO:nas.trainer:eval | (sampled_gnn, metric_val) = (['gmm', 'ssg', 2, 'global_mean_pool', 6500], 0.776595744680851)
INFO:nas.trainer:eval | (sampled_gnn, metric_val) = (['gmm', 'gmm', 2, 'global_mean_pool', 6500], 0.8297872340425532)
INFO:nas.trainer:eval | (sampled_gnn, metric_val) = (['ssg', 'sage', 2, 'global_mean_pool', 6500], 0.7872340425531915)
INFO:nas.trainer:eval | (sampled_gnn, metric_val) = (['sage', 'sage', 2, 'global_mean_pool', 5500], 0.8085106382978723)
INFO:nas.trainer:eval | (sampled_gnn, metric_val) = (['tag', 'gmm', 2, 'global_mean_pool', 5000], 0.8297872340425532)
INFO:nas.trainer:eval | (sampled_gnn, metric_val) = (['sage', 'tag', 2, 'global_mean_pool', 5500], 0.8191489361702128)
INFO:nas.trainer:eval | (sampled_gnn, metric_val) = (['gmm', 'ssg', 2, 'global_mean_pool', 6500], 0.776595744680851)
INFO:nas.trainer:eval | (sampled_gnn, metric_val) = (['gcn', 'gmm', 2, 'global_mean_pool', 5500], 0.776595744680851)
INFO:nas.trainer:eval | (sampled_gnn, metric_val) = (['sage', 'tag', 2, 'global_mean_pool', 5500], 0.8085106382978723)
INFO:nas.trainer:eval | (sampled_gnn, metric_val) = (['sg', 'gmm', 2, 'global_mean_pool', 5000], 0.7872340425531915)
INFO:nas.trainer:eval | (sampled_gnn, metric_val) = (['gmm', 'sage', 2, 'global_mean_pool', 8000], 0.8404255319148937)
INFO:nas.trainer:eval | (sampled_gnn, metric_val) = (['gmm', 'sage', 2, 'global_mean_pool', 6500], 0.776595744680851)
INFO:nas.trainer:eval | (sampled_gnn, metric_val) = (['sage', 'gmm', 2, 'global_mean_pool', 8000], 0.7978723404255319)
INFO:nas.trainer:eval | (sampled_gnn, metric_val) = (['tag', 'tag', 2, 'global_mean_pool', 7500], 0.7872340425531915)
INFO:nas.trainer:eval | (sampled_gnn, metric_val) = (['sage', 'tag', 2, 'global_mean_pool', 8000], 0.8297872340425532)
INFO:nas.trainer:train | 28 era_time 4980.285807847977
INFO:nas.trainer:eval | (sampled_gnn, metric_val) = (['gmm', 'sage', 2, 'global_mean_pool', 8000], 0.8191489361702128)
INFO:nas.trainer:eval | (sampled_gnn, metric_val) = (['sage', 'tag', 2, 'global_mean_pool', 6000], 0.7978723404255319)
INFO:nas.trainer:eval | (sampled_gnn, metric_val) = (['gmm', 'sage', 2, 'global_mean_pool', 4000], 0.8297872340425532)
INFO:nas.trainer:eval | (sampled_gnn, metric_val) = (['tag', 'sage', 2, 'global_mean_pool', 6500], 0.8191489361702128)
INFO:nas.trainer:eval | (sampled_gnn, metric_val) = (['sage', 'gmm', 2, 'global_mean_pool', 4000], 0.8297872340425532)
INFO:nas.trainer:eval | (sampled_gnn, metric_val) = (['sage', 'sage', 2, 'global_mean_pool', 5000], 0.776595744680851)
INFO:nas.trainer:eval | (sampled_gnn, metric_val) = (['sage', 'sage', 2, 'global_mean_pool', 8000], 0.8191489361702128)
INFO:nas.trainer:eval | (sampled_gnn, metric_val) = (['sage', 'sage', 2, 'global_mean_pool', 4000], 0.7978723404255319)
INFO:nas.trainer:eval | (sampled_gnn, metric_val) = (['tag', 'tag', 2, 'global_mean_pool', 4000], 0.7872340425531915)
INFO:nas.trainer:eval | (sampled_gnn, metric_val) = (['sage', 'sage', 2, 'global_mean_pool', 6000], 0.8297872340425532)
INFO:nas.trainer:eval | (sampled_gnn, metric_val) = (['tag', 'ssg', 2, 'global_mean_pool', 6500], 0.7978723404255319)
INFO:nas.trainer:eval | (sampled_gnn, metric_val) = (['sage', 'tag', 2, 'global_mean_pool', 5000], 0.7978723404255319)
INFO:nas.trainer:eval | (sampled_gnn, metric_val) = (['gmm', 'gmm', 2, 'global_mean_pool', 5500], 0.8297872340425532)
INFO:nas.trainer:eval | (sampled_gnn, metric_val) = (['sage', 'gmm', 2, 'global_mean_pool', 8000], 0.8191489361702128)
INFO:nas.trainer:eval | (sampled_gnn, metric_val) = (['gmm', 'sage', 2, 'global_mean_pool', 6500], 0.8191489361702128)
INFO:nas.trainer:eval | (sampled_gnn, metric_val) = (['sage', 'tag', 2, 'global_mean_pool', 3500], 0.8404255319148937)
INFO:nas.trainer:eval | (sampled_gnn, metric_val) = (['gmm', 'tag', 2, 'global_mean_pool', 4000], 0.7659574468085106)
INFO:nas.trainer:eval | (sampled_gnn, metric_val) = (['sage', 'gmm', 2, 'global_mean_pool', 4000], 0.8191489361702128)
INFO:nas.trainer:eval | (sampled_gnn, metric_val) = (['gmm', 'sage', 2, 'global_mean_pool', 3500], 0.8191489361702128)
INFO:nas.trainer:eval | (sampled_gnn, metric_val) = (['sage', 'gat', 2, 'global_mean_pool', 6500], 0.8085106382978723)
INFO:nas.trainer:train | 29 era_time 4002.397807598114
INFO:nas.trainer:train | train_time 132368.85988879204
INFO:nas.trainer:eval | (sampled_gnn, metric_val) = (['gmm', 'tag', 2, 'global_mean_pool', 6000], 0.8085106382978723)
INFO:nas.trainer:eval | (sampled_gnn, metric_val) = (['sage', 'ssg', 2, 'global_mean_pool', 6000], 0.776595744680851)
INFO:nas.trainer:eval | (sampled_gnn, metric_val) = (['gmm', 'sage', 2, 'global_mean_pool', 5500], 0.8404255319148937)
INFO:nas.trainer:eval | (sampled_gnn, metric_val) = (['gmm', 'tag', 2, 'global_mean_pool', 5500], 0.7978723404255319)
INFO:nas.trainer:eval | (sampled_gnn, metric_val) = (['gcn', 'tag', 2, 'global_mean_pool', 8000], 0.7553191489361702)
INFO:nas.trainer:eval | (sampled_gnn, metric_val) = (['tag', 'sage', 2, 'global_mean_pool', 8000], 0.7872340425531915)
INFO:nas.trainer:eval | (sampled_gnn, metric_val) = (['tag', 'sage', 2, 'global_mean_pool', 4000], 0.7553191489361702)
INFO:nas.trainer:eval | (sampled_gnn, metric_val) = (['gmm', 'tag', 2, 'global_mean_pool', 3500], 0.8085106382978723)
INFO:nas.trainer:eval | (sampled_gnn, metric_val) = (['gmm', 'gmm', 2, 'global_mean_pool', 4000], 0.776595744680851)
INFO:nas.trainer:eval | (sampled_gnn, metric_val) = (['sage', 'gmm', 2, 'global_mean_pool', 8000], 0.8297872340425532)
INFO:root:'/home/ubuntu/GNN-AID/src/nas/cfg/25.yml' cfg_file best structure: ['gmm', 'sage', 2, 'global_mean_pool', 5500]
