INFO:__main__:dataset:
- single-graph
- Amazon
- Photo
derive_num: 10
is_random: false
logfname: photo_dynamic-probsonly_no-combinations.log
nas_args:
  dynamic_behaviour: probs_only
  dynamic_nas_steps: 150
  forward:
    mode: train
    softmax_temp: 5.0
    tanh_c: 2.5
  hidden_size: 100
  reset:
    init_range: 0.1
ss_args:
  debug: false
  prob_scale: 4
  type: dynamic_prob
  with_combinations: false
trainer_args:
  derive:
    derive_from_history: false
  eval:
    save_model_flag: false
  train:
    derive_finaly: false
    num_eras: 30
    save_eras: 50
  train_controller:
    epochs: 20

INFO:nas.trainer:eval | (sampled_gnn, metric_val) = (['gcn', 2, 140], 0.9124183006535947)
INFO:nas.trainer:eval | (sampled_gnn, metric_val) = (['gcn', 2, 160], 0.9084967320261438)
INFO:nas.trainer:eval | (sampled_gnn, metric_val) = (['ssg', 2, 220], 0.918954248366013)
INFO:nas.trainer:eval | (sampled_gnn, metric_val) = (['gin', 2, 100], 0.6895424836601307)
INFO:nas.trainer:eval | (sampled_gnn, metric_val) = (['gin', 2, 160], 0.7993464052287582)
INFO:nas.trainer:eval | (sampled_gnn, metric_val) = (['gmm', 2, 160], 0.9209150326797385)
INFO:nas.trainer:eval | (sampled_gnn, metric_val) = (['ssg', 2, 160], 0.9019607843137255)
INFO:nas.trainer:eval | (sampled_gnn, metric_val) = (['gmm', 2, 100], 0.8209150326797385)
INFO:nas.trainer:eval | (sampled_gnn, metric_val) = (['gin', 2, 100], 0.5686274509803921)
INFO:nas.trainer:eval | (sampled_gnn, metric_val) = (['gcn', 2, 120], 0.8601307189542484)
INFO:nas.trainer:eval | (sampled_gnn, metric_val) = (['gmm', 2, 180], 0.9431372549019608)
INFO:nas.trainer:eval | (sampled_gnn, metric_val) = (['gcn', 2, 140], 0.9019607843137255)
INFO:nas.trainer:eval | (sampled_gnn, metric_val) = (['gmm', 2, 200], 0.9398692810457516)
INFO:nas.trainer:eval | (sampled_gnn, metric_val) = (['gcn', 2, 160], 0.9091503267973856)
INFO:nas.trainer:eval | (sampled_gnn, metric_val) = (['gmm', 2, 120], 0.8738562091503268)
INFO:nas.trainer:eval | (sampled_gnn, metric_val) = (['gmm', 2, 120], 0.9267973856209151)
INFO:nas.trainer:eval | (sampled_gnn, metric_val) = (['sg', 2, 160], 0.8921568627450981)
INFO:nas.trainer:eval | (sampled_gnn, metric_val) = (['sage', 2, 200], 0.9464052287581699)
INFO:nas.trainer:eval | (sampled_gnn, metric_val) = (['tag', 2, 140], 0.3176470588235294)
INFO:nas.trainer:eval | (sampled_gnn, metric_val) = (['sage', 2, 140], 0.9326797385620915)
INFO:nas.trainer:train | 1 era_time 923.3379762172699
INFO:nas.trainer:eval | (sampled_gnn, metric_val) = (['sage', 2, 120], 0.9241830065359478)
INFO:nas.trainer:eval | (sampled_gnn, metric_val) = (['tag', 2, 180], 0.18366013071895426)
INFO:nas.trainer:eval | (sampled_gnn, metric_val) = (['gcn', 2, 120], 0.9032679738562092)
INFO:nas.trainer:eval | (sampled_gnn, metric_val) = (['gcn', 2, 140], 0.9111111111111111)
INFO:nas.trainer:eval | (sampled_gnn, metric_val) = (['ssg', 2, 180], 0.903921568627451)
INFO:nas.trainer:eval | (sampled_gnn, metric_val) = (['tag', 2, 100], 0.20065359477124184)
INFO:nas.trainer:eval | (sampled_gnn, metric_val) = (['gmm', 2, 100], 0.9130718954248366)
INFO:nas.trainer:eval | (sampled_gnn, metric_val) = (['gcn', 2, 100], 0.8633986928104576)
INFO:nas.trainer:eval | (sampled_gnn, metric_val) = (['sage', 2, 140], 0.9437908496732026)
INFO:nas.trainer:eval | (sampled_gnn, metric_val) = (['gcn', 2, 220], 0.9222222222222223)
INFO:nas.trainer:eval | (sampled_gnn, metric_val) = (['gcn', 2, 180], 0.9143790849673202)
INFO:nas.trainer:eval | (sampled_gnn, metric_val) = (['gcn', 2, 220], 0.918954248366013)
INFO:nas.trainer:eval | (sampled_gnn, metric_val) = (['gmm', 2, 140], 0.9359477124183007)
INFO:nas.trainer:eval | (sampled_gnn, metric_val) = (['tag', 2, 200], 0.2)
INFO:nas.trainer:eval | (sampled_gnn, metric_val) = (['gin', 2, 220], 0.7065359477124183)
INFO:nas.trainer:eval | (sampled_gnn, metric_val) = (['gmm', 2, 120], 0.8934640522875817)
INFO:nas.trainer:eval | (sampled_gnn, metric_val) = (['gmm', 2, 200], 0.9359477124183007)
INFO:nas.trainer:eval | (sampled_gnn, metric_val) = (['ssg', 2, 120], 0.8980392156862745)
INFO:nas.trainer:eval | (sampled_gnn, metric_val) = (['gcn', 2, 180], 0.9215686274509803)
INFO:nas.trainer:eval | (sampled_gnn, metric_val) = (['sage', 2, 120], 0.9405228758169935)
INFO:nas.trainer:train | 2 era_time 1001.2371425628662
INFO:nas.trainer:eval | (sampled_gnn, metric_val) = (['sage', 2, 140], 0.938562091503268)
INFO:nas.trainer:eval | (sampled_gnn, metric_val) = (['ssg', 2, 200], 0.9222222222222223)
INFO:nas.trainer:eval | (sampled_gnn, metric_val) = (['gcn', 2, 220], 0.9241830065359478)
INFO:nas.trainer:eval | (sampled_gnn, metric_val) = (['gmm', 2, 100], 0.9137254901960784)
INFO:nas.trainer:eval | (sampled_gnn, metric_val) = (['gmm', 2, 220], 0.9477124183006536)
INFO:nas.trainer:eval | (sampled_gnn, metric_val) = (['ssg', 2, 140], 0.8941176470588236)
INFO:nas.trainer:eval | (sampled_gnn, metric_val) = (['gmm', 2, 140], 0.9366013071895425)
INFO:nas.trainer:eval | (sampled_gnn, metric_val) = (['gat', 2, 120], 0.9019607843137255)
INFO:nas.trainer:eval | (sampled_gnn, metric_val) = (['gmm', 2, 120], 0.930718954248366)
INFO:nas.trainer:eval | (sampled_gnn, metric_val) = (['gat', 2, 220], 0.9235294117647059)
INFO:nas.trainer:eval | (sampled_gnn, metric_val) = (['sage', 2, 200], 0.9313725490196079)
INFO:nas.trainer:eval | (sampled_gnn, metric_val) = (['gcn', 2, 180], 0.918954248366013)
INFO:nas.trainer:eval | (sampled_gnn, metric_val) = (['sg', 2, 220], 0.9176470588235294)
INFO:nas.trainer:eval | (sampled_gnn, metric_val) = (['sg', 2, 220], 0.9071895424836601)
INFO:nas.trainer:eval | (sampled_gnn, metric_val) = (['tag', 2, 120], 0.1954248366013072)
INFO:nas.trainer:eval | (sampled_gnn, metric_val) = (['tag', 2, 120], 0.19869281045751633)
INFO:nas.trainer:eval | (sampled_gnn, metric_val) = (['sg', 2, 100], 0.8431372549019608)
INFO:nas.trainer:eval | (sampled_gnn, metric_val) = (['sage', 2, 160], 0.9294117647058824)
INFO:nas.trainer:eval | (sampled_gnn, metric_val) = (['gcn', 2, 220], 0.9235294117647059)
INFO:nas.trainer:eval | (sampled_gnn, metric_val) = (['gmm', 2, 100], 0.9150326797385621)
INFO:nas.trainer:train | 3 era_time 1105.5935323238373
INFO:nas.trainer:eval | (sampled_gnn, metric_val) = (['gmm', 2, 140], 0.9359477124183007)
INFO:nas.trainer:eval | (sampled_gnn, metric_val) = (['tag', 2, 140], 0.13137254901960785)
INFO:nas.trainer:eval | (sampled_gnn, metric_val) = (['gcn', 2, 200], 0.9196078431372549)
INFO:nas.trainer:eval | (sampled_gnn, metric_val) = (['gmm', 2, 140], 0.9366013071895425)
INFO:nas.trainer:eval | (sampled_gnn, metric_val) = (['gcn', 2, 120], 0.8529411764705882)
INFO:nas.trainer:eval | (sampled_gnn, metric_val) = (['gcn', 2, 120], 0.9013071895424837)
INFO:nas.trainer:eval | (sampled_gnn, metric_val) = (['gcn', 2, 220], 0.9274509803921569)
INFO:nas.trainer:eval | (sampled_gnn, metric_val) = (['sage', 2, 100], 0.9294117647058824)
INFO:nas.trainer:eval | (sampled_gnn, metric_val) = (['gcn', 2, 200], 0.9156862745098039)
INFO:nas.trainer:eval | (sampled_gnn, metric_val) = (['gcn', 2, 180], 0.9163398692810457)
INFO:nas.trainer:eval | (sampled_gnn, metric_val) = (['gmm', 2, 180], 0.934640522875817)
INFO:nas.trainer:eval | (sampled_gnn, metric_val) = (['gcn', 2, 180], 0.9215686274509803)
INFO:nas.trainer:eval | (sampled_gnn, metric_val) = (['gcn', 2, 120], 0.9)
INFO:nas.trainer:eval | (sampled_gnn, metric_val) = (['tag', 2, 160], 0.2)
INFO:nas.trainer:eval | (sampled_gnn, metric_val) = (['gat', 2, 180], 0.9209150326797385)
INFO:nas.trainer:eval | (sampled_gnn, metric_val) = (['gcn', 2, 140], 0.9)
INFO:nas.trainer:eval | (sampled_gnn, metric_val) = (['gmm', 2, 200], 0.9457516339869281)
INFO:nas.trainer:eval | (sampled_gnn, metric_val) = (['sg', 2, 120], 0.8503267973856209)
INFO:nas.trainer:eval | (sampled_gnn, metric_val) = (['gcn', 2, 140], 0.8993464052287582)
INFO:nas.trainer:eval | (sampled_gnn, metric_val) = (['tag', 2, 180], 0.27320261437908494)
INFO:nas.trainer:train | 4 era_time 920.1657164096832
INFO:nas.trainer:eval | (sampled_gnn, metric_val) = (['gmm', 2, 200], 0.930718954248366)
INFO:nas.trainer:eval | (sampled_gnn, metric_val) = (['gmm', 2, 200], 0.9444444444444444)
INFO:nas.trainer:eval | (sampled_gnn, metric_val) = (['gmm', 2, 160], 0.9281045751633987)
INFO:nas.trainer:eval | (sampled_gnn, metric_val) = (['gmm', 2, 120], 0.9326797385620915)
INFO:nas.trainer:eval | (sampled_gnn, metric_val) = (['gcn', 2, 200], 0.9267973856209151)
INFO:nas.trainer:eval | (sampled_gnn, metric_val) = (['tag', 2, 100], 0.2633986928104575)
INFO:nas.trainer:eval | (sampled_gnn, metric_val) = (['gcn', 2, 220], 0.9176470588235294)
INFO:nas.trainer:eval | (sampled_gnn, metric_val) = (['gat', 2, 180], 0.8934640522875817)
INFO:nas.trainer:eval | (sampled_gnn, metric_val) = (['gmm', 2, 120], 0.9241830065359478)
INFO:nas.trainer:eval | (sampled_gnn, metric_val) = (['gcn', 2, 140], 0.9032679738562092)
INFO:nas.trainer:eval | (sampled_gnn, metric_val) = (['gmm', 2, 140], 0.9398692810457516)
INFO:nas.trainer:eval | (sampled_gnn, metric_val) = (['gcn', 2, 100], 0.8947712418300654)
INFO:nas.trainer:eval | (sampled_gnn, metric_val) = (['sg', 2, 100], 0.796078431372549)
INFO:nas.trainer:eval | (sampled_gnn, metric_val) = (['gin', 2, 140], 0.7627450980392156)
INFO:nas.trainer:eval | (sampled_gnn, metric_val) = (['gmm', 2, 160], 0.9424836601307189)
INFO:nas.trainer:eval | (sampled_gnn, metric_val) = (['gin', 2, 200], 0.6869281045751634)
INFO:nas.trainer:eval | (sampled_gnn, metric_val) = (['sage', 2, 140], 0.938562091503268)
INFO:nas.trainer:eval | (sampled_gnn, metric_val) = (['gcn', 2, 140], 0.9130718954248366)
INFO:nas.trainer:eval | (sampled_gnn, metric_val) = (['sage', 2, 160], 0.9431372549019608)
INFO:nas.trainer:eval | (sampled_gnn, metric_val) = (['tag', 2, 200], 0.2)
INFO:nas.trainer:train | 5 era_time 851.4996821880341
INFO:nas.trainer:eval | (sampled_gnn, metric_val) = (['gcn', 2, 200], 0.9248366013071896)
INFO:nas.trainer:eval | (sampled_gnn, metric_val) = (['gat', 2, 180], 0.9261437908496732)
INFO:nas.trainer:eval | (sampled_gnn, metric_val) = (['gcn', 2, 180], 0.8888888888888888)
INFO:nas.trainer:eval | (sampled_gnn, metric_val) = (['gcn', 2, 180], 0.9254901960784314)
INFO:nas.trainer:eval | (sampled_gnn, metric_val) = (['gin', 2, 140], 0.7281045751633987)
INFO:nas.trainer:eval | (sampled_gnn, metric_val) = (['gmm', 2, 120], 0.9274509803921569)
INFO:nas.trainer:eval | (sampled_gnn, metric_val) = (['gmm', 2, 180], 0.8973856209150327)
INFO:nas.trainer:eval | (sampled_gnn, metric_val) = (['sage', 2, 120], 0.9326797385620915)
INFO:nas.trainer:eval | (sampled_gnn, metric_val) = (['gat', 2, 160], 0.9098039215686274)
INFO:nas.trainer:eval | (sampled_gnn, metric_val) = (['gin', 2, 140], 0.7947712418300653)
INFO:nas.trainer:eval | (sampled_gnn, metric_val) = (['gcn', 2, 200], 0.9143790849673202)
INFO:nas.trainer:eval | (sampled_gnn, metric_val) = (['tag', 2, 120], 0.24705882352941178)
INFO:nas.trainer:eval | (sampled_gnn, metric_val) = (['gmm', 2, 180], 0.9392156862745098)
INFO:nas.trainer:eval | (sampled_gnn, metric_val) = (['sage', 2, 200], 0.9457516339869281)
INFO:nas.trainer:eval | (sampled_gnn, metric_val) = (['gcn', 2, 120], 0.8960784313725491)
INFO:nas.trainer:eval | (sampled_gnn, metric_val) = (['gmm', 2, 120], 0.9267973856209151)
INFO:nas.trainer:eval | (sampled_gnn, metric_val) = (['gmm', 2, 180], 0.9366013071895425)
INFO:nas.trainer:eval | (sampled_gnn, metric_val) = (['gmm', 2, 220], 0.9398692810457516)
INFO:nas.trainer:eval | (sampled_gnn, metric_val) = (['gmm', 2, 120], 0.9281045751633987)
INFO:nas.trainer:eval | (sampled_gnn, metric_val) = (['sg', 2, 140], 0.8888888888888888)
INFO:nas.trainer:train | 6 era_time 752.1060945987701
INFO:nas.trainer:eval | (sampled_gnn, metric_val) = (['gcn', 2, 140], 0.9137254901960784)
INFO:nas.trainer:eval | (sampled_gnn, metric_val) = (['gin', 2, 180], 0.6529411764705882)
INFO:nas.trainer:eval | (sampled_gnn, metric_val) = (['sg', 2, 160], 0.9091503267973856)
INFO:nas.trainer:eval | (sampled_gnn, metric_val) = (['gmm', 2, 180], 0.9339869281045752)
INFO:nas.trainer:eval | (sampled_gnn, metric_val) = (['gcn', 2, 120], 0.8947712418300654)
INFO:nas.trainer:eval | (sampled_gnn, metric_val) = (['gat', 2, 140], 0.9248366013071896)
INFO:nas.trainer:eval | (sampled_gnn, metric_val) = (['gcn', 2, 140], 0.9169934640522875)
INFO:nas.trainer:eval | (sampled_gnn, metric_val) = (['sage', 2, 180], 0.9359477124183007)
INFO:nas.trainer:eval | (sampled_gnn, metric_val) = (['sage', 2, 100], 0.9202614379084967)
INFO:nas.trainer:eval | (sampled_gnn, metric_val) = (['gmm', 2, 180], 0.8810457516339869)
INFO:nas.trainer:eval | (sampled_gnn, metric_val) = (['gcn', 2, 220], 0.9202614379084967)
INFO:nas.trainer:eval | (sampled_gnn, metric_val) = (['ssg', 2, 100], 0.8568627450980392)
INFO:nas.trainer:eval | (sampled_gnn, metric_val) = (['sage', 2, 180], 0.9431372549019608)
INFO:nas.trainer:eval | (sampled_gnn, metric_val) = (['gcn', 2, 220], 0.9169934640522875)
INFO:nas.trainer:eval | (sampled_gnn, metric_val) = (['tag', 2, 180], 0.2)
INFO:nas.trainer:eval | (sampled_gnn, metric_val) = (['gcn', 2, 200], 0.9222222222222223)
INFO:nas.trainer:eval | (sampled_gnn, metric_val) = (['gmm', 2, 200], 0.9274509803921569)
INFO:nas.trainer:eval | (sampled_gnn, metric_val) = (['gcn', 2, 220], 0.9196078431372549)
INFO:nas.trainer:eval | (sampled_gnn, metric_val) = (['gcn', 2, 220], 0.9)
INFO:nas.trainer:eval | (sampled_gnn, metric_val) = (['sg', 2, 120], 0.8836601307189542)
INFO:nas.trainer:train | 7 era_time 932.4565505981445
INFO:nas.trainer:eval | (sampled_gnn, metric_val) = (['gcn', 2, 160], 0.9111111111111111)
INFO:nas.trainer:eval | (sampled_gnn, metric_val) = (['sage', 2, 180], 0.9418300653594771)
INFO:nas.trainer:eval | (sampled_gnn, metric_val) = (['sg', 2, 140], 0.8352941176470589)
INFO:nas.trainer:eval | (sampled_gnn, metric_val) = (['ssg', 2, 220], 0.9111111111111111)
INFO:nas.trainer:eval | (sampled_gnn, metric_val) = (['gcn', 2, 220], 0.9111111111111111)
INFO:nas.trainer:eval | (sampled_gnn, metric_val) = (['gin', 2, 160], 0.826797385620915)
INFO:nas.trainer:eval | (sampled_gnn, metric_val) = (['gmm', 2, 160], 0.9444444444444444)
INFO:nas.trainer:eval | (sampled_gnn, metric_val) = (['gmm', 2, 140], 0.9281045751633987)
INFO:nas.trainer:eval | (sampled_gnn, metric_val) = (['ssg', 2, 100], 0.7875816993464052)
INFO:nas.trainer:eval | (sampled_gnn, metric_val) = (['gcn', 2, 200], 0.8183006535947712)
INFO:nas.trainer:eval | (sampled_gnn, metric_val) = (['sage', 2, 200], 0.9490196078431372)
INFO:nas.trainer:eval | (sampled_gnn, metric_val) = (['gmm', 2, 220], 0.9444444444444444)
INFO:nas.trainer:eval | (sampled_gnn, metric_val) = (['gcn', 2, 180], 0.9215686274509803)
INFO:nas.trainer:eval | (sampled_gnn, metric_val) = (['gcn', 2, 180], 0.9091503267973856)
INFO:nas.trainer:eval | (sampled_gnn, metric_val) = (['gcn', 2, 200], 0.9215686274509803)
INFO:nas.trainer:eval | (sampled_gnn, metric_val) = (['gmm', 2, 220], 0.9503267973856209)
INFO:nas.trainer:eval | (sampled_gnn, metric_val) = (['tag', 2, 220], 0.07908496732026143)
INFO:nas.trainer:eval | (sampled_gnn, metric_val) = (['ssg', 2, 140], 0.8954248366013072)
INFO:nas.trainer:eval | (sampled_gnn, metric_val) = (['tag', 2, 180], 0.2)
INFO:nas.trainer:eval | (sampled_gnn, metric_val) = (['gcn', 2, 100], 0.8895424836601307)
INFO:nas.trainer:train | 8 era_time 1048.432284116745
INFO:nas.trainer:eval | (sampled_gnn, metric_val) = (['gmm', 2, 120], 0.9339869281045752)
INFO:nas.trainer:eval | (sampled_gnn, metric_val) = (['gmm', 2, 120], 0.8888888888888888)
INFO:nas.trainer:eval | (sampled_gnn, metric_val) = (['gat', 2, 220], 0.9183006535947712)
INFO:nas.trainer:eval | (sampled_gnn, metric_val) = (['sage', 2, 220], 0.9431372549019608)
INFO:nas.trainer:eval | (sampled_gnn, metric_val) = (['gmm', 2, 220], 0.9392156862745098)
INFO:nas.trainer:eval | (sampled_gnn, metric_val) = (['sg', 2, 200], 0.9196078431372549)
INFO:nas.trainer:eval | (sampled_gnn, metric_val) = (['gcn', 2, 180], 0.9026143790849673)
INFO:nas.trainer:eval | (sampled_gnn, metric_val) = (['gcn', 2, 100], 0.8915032679738563)
INFO:nas.trainer:eval | (sampled_gnn, metric_val) = (['gcn', 2, 200], 0.9215686274509803)
INFO:nas.trainer:eval | (sampled_gnn, metric_val) = (['gmm', 2, 100], 0.8137254901960784)
INFO:nas.trainer:eval | (sampled_gnn, metric_val) = (['sage', 2, 220], 0.9483660130718954)
INFO:nas.trainer:eval | (sampled_gnn, metric_val) = (['sage', 2, 180], 0.9444444444444444)
INFO:nas.trainer:eval | (sampled_gnn, metric_val) = (['sage', 2, 120], 0.9300653594771242)
INFO:nas.trainer:eval | (sampled_gnn, metric_val) = (['gmm', 2, 160], 0.9392156862745098)
INFO:nas.trainer:eval | (sampled_gnn, metric_val) = (['gat', 2, 120], 0.9065359477124183)
INFO:nas.trainer:eval | (sampled_gnn, metric_val) = (['sage', 2, 100], 0.9137254901960784)
INFO:nas.trainer:eval | (sampled_gnn, metric_val) = (['sage', 2, 220], 0.9464052287581699)
INFO:nas.trainer:eval | (sampled_gnn, metric_val) = (['gin', 2, 180], 0.7967320261437908)
INFO:nas.trainer:eval | (sampled_gnn, metric_val) = (['gcn', 2, 140], 0.9019607843137255)
INFO:nas.trainer:eval | (sampled_gnn, metric_val) = (['gin', 2, 180], 0.8117647058823529)
INFO:nas.trainer:train | 9 era_time 852.2367649078369
INFO:nas.trainer:eval | (sampled_gnn, metric_val) = (['gcn', 2, 200], 0.9261437908496732)
INFO:nas.trainer:eval | (sampled_gnn, metric_val) = (['gcn', 2, 180], 0.918954248366013)
INFO:nas.trainer:eval | (sampled_gnn, metric_val) = (['ssg', 2, 160], 0.9091503267973856)
INFO:nas.trainer:eval | (sampled_gnn, metric_val) = (['sage', 2, 140], 0.938562091503268)
INFO:nas.trainer:eval | (sampled_gnn, metric_val) = (['gmm', 2, 140], 0.918954248366013)
INFO:nas.trainer:eval | (sampled_gnn, metric_val) = (['gcn', 2, 220], 0.9222222222222223)
INFO:nas.trainer:eval | (sampled_gnn, metric_val) = (['gmm', 2, 200], 0.9424836601307189)
INFO:nas.trainer:eval | (sampled_gnn, metric_val) = (['gin', 2, 120], 0.7738562091503268)
INFO:nas.trainer:eval | (sampled_gnn, metric_val) = (['sg', 2, 160], 0.9071895424836601)
INFO:nas.trainer:eval | (sampled_gnn, metric_val) = (['ssg', 2, 140], 0.8967320261437909)
INFO:nas.trainer:eval | (sampled_gnn, metric_val) = (['gcn', 2, 140], 0.9071895424836601)
INFO:nas.trainer:eval | (sampled_gnn, metric_val) = (['sage', 2, 200], 0.9294117647058824)
INFO:nas.trainer:eval | (sampled_gnn, metric_val) = (['gmm', 2, 120], 0.9248366013071896)
INFO:nas.trainer:eval | (sampled_gnn, metric_val) = (['gcn', 2, 180], 0.9169934640522875)
INFO:nas.trainer:eval | (sampled_gnn, metric_val) = (['gin', 2, 120], 0.6254901960784314)
INFO:nas.trainer:eval | (sampled_gnn, metric_val) = (['gat', 2, 160], 0.9)
INFO:nas.trainer:eval | (sampled_gnn, metric_val) = (['gmm', 2, 220], 0.9437908496732026)
INFO:nas.trainer:eval | (sampled_gnn, metric_val) = (['gmm', 2, 140], 0.9405228758169935)
INFO:nas.trainer:eval | (sampled_gnn, metric_val) = (['gmm', 2, 120], 0.9313725490196079)
INFO:nas.trainer:eval | (sampled_gnn, metric_val) = (['gcn', 2, 200], 0.9209150326797385)
INFO:nas.trainer:train | 10 era_time 818.3620648384094
INFO:nas.trainer:eval | (sampled_gnn, metric_val) = (['gin', 2, 200], 0.7928104575163398)
INFO:nas.trainer:eval | (sampled_gnn, metric_val) = (['gcn', 2, 180], 0.9156862745098039)
INFO:nas.trainer:eval | (sampled_gnn, metric_val) = (['gmm', 2, 160], 0.9130718954248366)
INFO:nas.trainer:eval | (sampled_gnn, metric_val) = (['ssg', 2, 200], 0.9137254901960784)
INFO:nas.trainer:eval | (sampled_gnn, metric_val) = (['sage', 2, 180], 0.9405228758169935)
INFO:nas.trainer:eval | (sampled_gnn, metric_val) = (['sg', 2, 220], 0.9143790849673202)
INFO:nas.trainer:eval | (sampled_gnn, metric_val) = (['gin', 2, 220], 0.7098039215686275)
INFO:nas.trainer:eval | (sampled_gnn, metric_val) = (['gcn', 2, 140], 0.8496732026143791)
INFO:nas.trainer:eval | (sampled_gnn, metric_val) = (['gmm', 2, 160], 0.9372549019607843)
INFO:nas.trainer:eval | (sampled_gnn, metric_val) = (['gcn', 2, 160], 0.9111111111111111)
INFO:nas.trainer:eval | (sampled_gnn, metric_val) = (['gmm', 2, 140], 0.9176470588235294)
INFO:nas.trainer:eval | (sampled_gnn, metric_val) = (['gat', 2, 180], 0.9209150326797385)
INFO:nas.trainer:eval | (sampled_gnn, metric_val) = (['sage', 2, 220], 0.9424836601307189)
INFO:nas.trainer:eval | (sampled_gnn, metric_val) = (['gcn', 2, 140], 0.8901960784313725)
INFO:nas.trainer:eval | (sampled_gnn, metric_val) = (['gat', 2, 220], 0.9267973856209151)
INFO:nas.trainer:eval | (sampled_gnn, metric_val) = (['gcn', 2, 200], 0.9235294117647059)
INFO:nas.trainer:eval | (sampled_gnn, metric_val) = (['sg', 2, 200], 0.9143790849673202)
INFO:nas.trainer:eval | (sampled_gnn, metric_val) = (['gmm', 2, 200], 0.934640522875817)
INFO:nas.trainer:eval | (sampled_gnn, metric_val) = (['gmm', 2, 220], 0.930718954248366)
INFO:nas.trainer:eval | (sampled_gnn, metric_val) = (['gcn', 2, 140], 0.9137254901960784)
INFO:nas.trainer:train | 11 era_time 959.82812666893
INFO:nas.trainer:eval | (sampled_gnn, metric_val) = (['ssg', 2, 160], 0.8941176470588236)
INFO:nas.trainer:eval | (sampled_gnn, metric_val) = (['gcn', 2, 220], 0.9202614379084967)
INFO:nas.trainer:eval | (sampled_gnn, metric_val) = (['gcn', 2, 140], 0.9150326797385621)
INFO:nas.trainer:eval | (sampled_gnn, metric_val) = (['sg', 2, 220], 0.9045751633986928)
INFO:nas.trainer:eval | (sampled_gnn, metric_val) = (['gmm', 2, 100], 0.8784313725490196)
INFO:nas.trainer:eval | (sampled_gnn, metric_val) = (['gat', 2, 180], 0.9111111111111111)
INFO:nas.trainer:eval | (sampled_gnn, metric_val) = (['sage', 2, 220], 0.9503267973856209)
INFO:nas.trainer:eval | (sampled_gnn, metric_val) = (['gcn', 2, 200], 0.9241830065359478)
INFO:nas.trainer:eval | (sampled_gnn, metric_val) = (['ssg', 2, 200], 0.9169934640522875)
INFO:nas.trainer:eval | (sampled_gnn, metric_val) = (['gin', 2, 100], 0.4084967320261438)
INFO:nas.trainer:eval | (sampled_gnn, metric_val) = (['gcn', 2, 140], 0.8875816993464052)
INFO:nas.trainer:eval | (sampled_gnn, metric_val) = (['ssg', 2, 200], 0.9222222222222223)
INFO:nas.trainer:eval | (sampled_gnn, metric_val) = (['sg', 2, 160], 0.9137254901960784)
INFO:nas.trainer:eval | (sampled_gnn, metric_val) = (['gcn', 2, 100], 0.8555555555555555)
INFO:nas.trainer:eval | (sampled_gnn, metric_val) = (['gmm', 2, 220], 0.9431372549019608)
INFO:nas.trainer:eval | (sampled_gnn, metric_val) = (['gmm', 2, 200], 0.9359477124183007)
INFO:nas.trainer:eval | (sampled_gnn, metric_val) = (['gmm', 2, 220], 0.9405228758169935)
INFO:nas.trainer:eval | (sampled_gnn, metric_val) = (['gat', 2, 160], 0.9006535947712418)
INFO:nas.trainer:eval | (sampled_gnn, metric_val) = (['ssg', 2, 140], 0.8725490196078431)
INFO:nas.trainer:eval | (sampled_gnn, metric_val) = (['gmm', 2, 160], 0.9411764705882353)
INFO:nas.trainer:train | 12 era_time 993.022242307663
INFO:nas.trainer:eval | (sampled_gnn, metric_val) = (['sage', 2, 140], 0.9366013071895425)
INFO:nas.trainer:eval | (sampled_gnn, metric_val) = (['gat', 2, 200], 0.9326797385620915)
INFO:nas.trainer:eval | (sampled_gnn, metric_val) = (['sg', 2, 160], 0.9032679738562092)
INFO:nas.trainer:eval | (sampled_gnn, metric_val) = (['gcn', 2, 220], 0.9235294117647059)
INFO:nas.trainer:eval | (sampled_gnn, metric_val) = (['gmm', 2, 200], 0.9405228758169935)
INFO:nas.trainer:eval | (sampled_gnn, metric_val) = (['gmm', 2, 200], 0.8954248366013072)
INFO:nas.trainer:eval | (sampled_gnn, metric_val) = (['gmm', 2, 140], 0.9431372549019608)
INFO:nas.trainer:eval | (sampled_gnn, metric_val) = (['gat', 2, 200], 0.9281045751633987)
INFO:nas.trainer:eval | (sampled_gnn, metric_val) = (['gin', 2, 200], 0.673202614379085)
INFO:nas.trainer:eval | (sampled_gnn, metric_val) = (['gmm', 2, 160], 0.9359477124183007)
INFO:nas.trainer:eval | (sampled_gnn, metric_val) = (['gcn', 2, 160], 0.9117647058823529)
INFO:nas.trainer:eval | (sampled_gnn, metric_val) = (['sg', 2, 200], 0.9111111111111111)
INFO:nas.trainer:eval | (sampled_gnn, metric_val) = (['sage', 2, 220], 0.9437908496732026)
INFO:nas.trainer:eval | (sampled_gnn, metric_val) = (['gmm', 2, 220], 0.9516339869281045)
INFO:nas.trainer:eval | (sampled_gnn, metric_val) = (['gmm', 2, 200], 0.9398692810457516)
INFO:nas.trainer:eval | (sampled_gnn, metric_val) = (['gcn', 2, 160], 0.8849673202614379)
INFO:nas.trainer:eval | (sampled_gnn, metric_val) = (['gcn', 2, 160], 0.8810457516339869)
INFO:nas.trainer:eval | (sampled_gnn, metric_val) = (['gmm', 2, 220], 0.9477124183006536)
INFO:nas.trainer:eval | (sampled_gnn, metric_val) = (['tag', 2, 140], 0.2607843137254902)
INFO:nas.trainer:eval | (sampled_gnn, metric_val) = (['gmm', 2, 160], 0.9287581699346406)
INFO:nas.trainer:train | 13 era_time 973.8891038894653
INFO:nas.trainer:eval | (sampled_gnn, metric_val) = (['gmm', 2, 140], 0.9333333333333333)
INFO:nas.trainer:eval | (sampled_gnn, metric_val) = (['gmm', 2, 140], 0.9202614379084967)
INFO:nas.trainer:eval | (sampled_gnn, metric_val) = (['gcn', 2, 200], 0.9254901960784314)
INFO:nas.trainer:eval | (sampled_gnn, metric_val) = (['gcn', 2, 200], 0.9124183006535947)
INFO:nas.trainer:eval | (sampled_gnn, metric_val) = (['gcn', 2, 220], 0.9235294117647059)
INFO:nas.trainer:eval | (sampled_gnn, metric_val) = (['sage', 2, 220], 0.9477124183006536)
INFO:nas.trainer:eval | (sampled_gnn, metric_val) = (['gcn', 2, 160], 0.9163398692810457)
INFO:nas.trainer:eval | (sampled_gnn, metric_val) = (['gcn', 2, 160], 0.9052287581699346)
INFO:nas.trainer:eval | (sampled_gnn, metric_val) = (['gmm', 2, 180], 0.9437908496732026)
INFO:nas.trainer:eval | (sampled_gnn, metric_val) = (['gin', 2, 200], 0.8261437908496732)
INFO:nas.trainer:eval | (sampled_gnn, metric_val) = (['gmm', 2, 220], 0.9470588235294117)
INFO:nas.trainer:eval | (sampled_gnn, metric_val) = (['gat', 2, 220], 0.918954248366013)
INFO:nas.trainer:eval | (sampled_gnn, metric_val) = (['gmm', 2, 160], 0.8869281045751634)
INFO:nas.trainer:eval | (sampled_gnn, metric_val) = (['sage', 2, 220], 0.9470588235294117)
INFO:nas.trainer:eval | (sampled_gnn, metric_val) = (['gat', 2, 200], 0.9169934640522875)
INFO:nas.trainer:eval | (sampled_gnn, metric_val) = (['gmm', 2, 220], 0.9450980392156862)
INFO:nas.trainer:eval | (sampled_gnn, metric_val) = (['gat', 2, 200], 0.9261437908496732)
INFO:nas.trainer:eval | (sampled_gnn, metric_val) = (['gmm', 2, 160], 0.9398692810457516)
INFO:nas.trainer:eval | (sampled_gnn, metric_val) = (['sage', 2, 180], 0.9424836601307189)
INFO:nas.trainer:eval | (sampled_gnn, metric_val) = (['sage', 2, 200], 0.9464052287581699)
INFO:nas.trainer:train | 14 era_time 831.9917891025543
INFO:nas.trainer:eval | (sampled_gnn, metric_val) = (['gmm', 2, 220], 0.9464052287581699)
INFO:nas.trainer:eval | (sampled_gnn, metric_val) = (['gat', 2, 220], 0.9294117647058824)
INFO:nas.trainer:eval | (sampled_gnn, metric_val) = (['sg', 2, 220], 0.9202614379084967)
INFO:nas.trainer:eval | (sampled_gnn, metric_val) = (['ssg', 2, 160], 0.9104575163398693)
INFO:nas.trainer:eval | (sampled_gnn, metric_val) = (['sage', 2, 180], 0.9392156862745098)
INFO:nas.trainer:eval | (sampled_gnn, metric_val) = (['gmm', 2, 200], 0.934640522875817)
INFO:nas.trainer:eval | (sampled_gnn, metric_val) = (['gcn', 2, 220], 0.9261437908496732)
INFO:nas.trainer:eval | (sampled_gnn, metric_val) = (['gcn', 2, 220], 0.9215686274509803)
INFO:nas.trainer:eval | (sampled_gnn, metric_val) = (['gmm', 2, 200], 0.934640522875817)
INFO:nas.trainer:eval | (sampled_gnn, metric_val) = (['tag', 2, 140], 0.27320261437908494)
INFO:nas.trainer:eval | (sampled_gnn, metric_val) = (['gin', 2, 180], 0.5019607843137255)
INFO:nas.trainer:eval | (sampled_gnn, metric_val) = (['gcn', 2, 180], 0.9150326797385621)
INFO:nas.trainer:eval | (sampled_gnn, metric_val) = (['gat', 2, 220], 0.9228758169934641)
INFO:nas.trainer:eval | (sampled_gnn, metric_val) = (['sage', 2, 140], 0.9352941176470588)
INFO:nas.trainer:eval | (sampled_gnn, metric_val) = (['gmm', 2, 180], 0.9450980392156862)
INFO:nas.trainer:eval | (sampled_gnn, metric_val) = (['gcn', 2, 180], 0.9006535947712418)
INFO:nas.trainer:eval | (sampled_gnn, metric_val) = (['sg', 2, 200], 0.8947712418300654)
INFO:nas.trainer:eval | (sampled_gnn, metric_val) = (['gin', 2, 160], 0.822875816993464)
INFO:nas.trainer:eval | (sampled_gnn, metric_val) = (['gmm', 2, 160], 0.9366013071895425)
INFO:nas.trainer:eval | (sampled_gnn, metric_val) = (['sg', 2, 200], 0.8928104575163399)
INFO:nas.trainer:train | 15 era_time 1166.784521818161
INFO:nas.trainer:eval | (sampled_gnn, metric_val) = (['gin', 2, 160], 0.7104575163398693)
INFO:nas.trainer:eval | (sampled_gnn, metric_val) = (['gin', 2, 180], 0.6836601307189543)
INFO:nas.trainer:eval | (sampled_gnn, metric_val) = (['tag', 2, 160], 0.2725490196078431)
INFO:nas.trainer:eval | (sampled_gnn, metric_val) = (['gcn', 2, 200], 0.9235294117647059)
INFO:nas.trainer:eval | (sampled_gnn, metric_val) = (['gcn', 2, 180], 0.9163398692810457)
INFO:nas.trainer:eval | (sampled_gnn, metric_val) = (['gcn', 2, 180], 0.9137254901960784)
INFO:nas.trainer:eval | (sampled_gnn, metric_val) = (['gmm', 2, 180], 0.934640522875817)
INFO:nas.trainer:eval | (sampled_gnn, metric_val) = (['gcn', 2, 180], 0.9215686274509803)
INFO:nas.trainer:eval | (sampled_gnn, metric_val) = (['gmm', 2, 220], 0.9464052287581699)
INFO:nas.trainer:eval | (sampled_gnn, metric_val) = (['gmm', 2, 220], 0.9431372549019608)
INFO:nas.trainer:eval | (sampled_gnn, metric_val) = (['gmm', 2, 160], 0.9222222222222223)
INFO:nas.trainer:eval | (sampled_gnn, metric_val) = (['tag', 2, 160], 0.20065359477124184)
INFO:nas.trainer:eval | (sampled_gnn, metric_val) = (['gcn', 2, 220], 0.9215686274509803)
INFO:nas.trainer:eval | (sampled_gnn, metric_val) = (['ssg', 2, 160], 0.8921568627450981)
INFO:nas.trainer:eval | (sampled_gnn, metric_val) = (['ssg', 2, 120], 0.8862745098039215)
INFO:nas.trainer:eval | (sampled_gnn, metric_val) = (['gmm', 2, 180], 0.934640522875817)
INFO:nas.trainer:eval | (sampled_gnn, metric_val) = (['gin', 2, 180], 0.7607843137254902)
INFO:nas.trainer:eval | (sampled_gnn, metric_val) = (['gmm', 2, 160], 0.9437908496732026)
INFO:nas.trainer:eval | (sampled_gnn, metric_val) = (['gcn', 2, 220], 0.9267973856209151)
INFO:nas.trainer:eval | (sampled_gnn, metric_val) = (['sage', 2, 200], 0.9470588235294117)
INFO:nas.trainer:train | 16 era_time 1048.5289602279663
INFO:nas.trainer:eval | (sampled_gnn, metric_val) = (['gcn', 2, 180], 0.9111111111111111)
INFO:nas.trainer:eval | (sampled_gnn, metric_val) = (['gmm', 2, 180], 0.9)
INFO:nas.trainer:eval | (sampled_gnn, metric_val) = (['gcn', 2, 180], 0.9235294117647059)
INFO:nas.trainer:eval | (sampled_gnn, metric_val) = (['gin', 2, 140], 0.5764705882352941)
INFO:nas.trainer:eval | (sampled_gnn, metric_val) = (['gat', 2, 220], 0.9313725490196079)
INFO:nas.trainer:eval | (sampled_gnn, metric_val) = (['gmm', 2, 180], 0.9437908496732026)
INFO:nas.trainer:eval | (sampled_gnn, metric_val) = (['gmm', 2, 220], 0.9437908496732026)
INFO:nas.trainer:eval | (sampled_gnn, metric_val) = (['gmm', 2, 180], 0.9372549019607843)
INFO:nas.trainer:eval | (sampled_gnn, metric_val) = (['sage', 2, 180], 0.9457516339869281)
INFO:nas.trainer:eval | (sampled_gnn, metric_val) = (['gmm', 2, 180], 0.9424836601307189)
INFO:nas.trainer:eval | (sampled_gnn, metric_val) = (['gmm', 2, 140], 0.9281045751633987)
INFO:nas.trainer:eval | (sampled_gnn, metric_val) = (['gmm', 2, 220], 0.9431372549019608)
INFO:nas.trainer:eval | (sampled_gnn, metric_val) = (['ssg', 2, 160], 0.9032679738562092)
INFO:nas.trainer:eval | (sampled_gnn, metric_val) = (['gcn', 2, 220], 0.9209150326797385)
INFO:nas.trainer:eval | (sampled_gnn, metric_val) = (['gmm', 2, 160], 0.9183006535947712)
INFO:nas.trainer:eval | (sampled_gnn, metric_val) = (['gat', 2, 180], 0.9300653594771242)
INFO:nas.trainer:eval | (sampled_gnn, metric_val) = (['gcn', 2, 220], 0.9176470588235294)
INFO:nas.trainer:eval | (sampled_gnn, metric_val) = (['tag', 2, 220], 0.2679738562091503)
INFO:nas.trainer:eval | (sampled_gnn, metric_val) = (['sage', 2, 180], 0.9424836601307189)
INFO:nas.trainer:eval | (sampled_gnn, metric_val) = (['gmm', 2, 220], 0.9457516339869281)
INFO:nas.trainer:train | 17 era_time 908.2852299213409
INFO:nas.trainer:eval | (sampled_gnn, metric_val) = (['gcn', 2, 180], 0.9124183006535947)
INFO:nas.trainer:eval | (sampled_gnn, metric_val) = (['ssg', 2, 180], 0.9091503267973856)
INFO:nas.trainer:eval | (sampled_gnn, metric_val) = (['tag', 2, 220], 0.27320261437908494)
INFO:nas.trainer:eval | (sampled_gnn, metric_val) = (['sg', 2, 180], 0.9032679738562092)
INFO:nas.trainer:eval | (sampled_gnn, metric_val) = (['gcn', 2, 160], 0.8941176470588236)
INFO:nas.trainer:eval | (sampled_gnn, metric_val) = (['tag', 2, 160], 0.2718954248366013)
INFO:nas.trainer:eval | (sampled_gnn, metric_val) = (['gcn', 2, 220], 0.9084967320261438)
INFO:nas.trainer:eval | (sampled_gnn, metric_val) = (['gmm', 2, 220], 0.9071895424836601)
INFO:nas.trainer:eval | (sampled_gnn, metric_val) = (['sg', 2, 180], 0.9130718954248366)
INFO:nas.trainer:eval | (sampled_gnn, metric_val) = (['gcn', 2, 180], 0.9084967320261438)
INFO:nas.trainer:eval | (sampled_gnn, metric_val) = (['gcn', 2, 180], 0.9150326797385621)
INFO:nas.trainer:eval | (sampled_gnn, metric_val) = (['sg', 2, 220], 0.8967320261437909)
INFO:nas.trainer:eval | (sampled_gnn, metric_val) = (['sg', 2, 180], 0.9124183006535947)
INFO:nas.trainer:eval | (sampled_gnn, metric_val) = (['gmm', 2, 220], 0.9431372549019608)
INFO:nas.trainer:eval | (sampled_gnn, metric_val) = (['sage', 2, 220], 0.949673202614379)
INFO:nas.trainer:eval | (sampled_gnn, metric_val) = (['gcn', 2, 160], 0.918954248366013)
INFO:nas.trainer:eval | (sampled_gnn, metric_val) = (['sage', 2, 140], 0.9405228758169935)
INFO:nas.trainer:eval | (sampled_gnn, metric_val) = (['gcn', 2, 180], 0.9196078431372549)
INFO:nas.trainer:eval | (sampled_gnn, metric_val) = (['gcn', 2, 220], 0.9130718954248366)
INFO:nas.trainer:eval | (sampled_gnn, metric_val) = (['ssg', 2, 220], 0.9150326797385621)
INFO:nas.trainer:train | 18 era_time 1349.623367547989
INFO:nas.trainer:eval | (sampled_gnn, metric_val) = (['sage', 2, 180], 0.9450980392156862)
INFO:nas.trainer:eval | (sampled_gnn, metric_val) = (['tag', 2, 220], 0.2)
INFO:nas.trainer:eval | (sampled_gnn, metric_val) = (['gcn', 2, 160], 0.9058823529411765)
INFO:nas.trainer:eval | (sampled_gnn, metric_val) = (['gat', 2, 220], 0.9300653594771242)
INFO:nas.trainer:eval | (sampled_gnn, metric_val) = (['ssg', 2, 220], 0.9228758169934641)
INFO:nas.trainer:eval | (sampled_gnn, metric_val) = (['sage', 2, 100], 0.9196078431372549)
INFO:nas.trainer:eval | (sampled_gnn, metric_val) = (['gat', 2, 180], 0.9202614379084967)
INFO:nas.trainer:eval | (sampled_gnn, metric_val) = (['gat', 2, 160], 0.903921568627451)
INFO:nas.trainer:eval | (sampled_gnn, metric_val) = (['gat', 2, 180], 0.930718954248366)
INFO:nas.trainer:eval | (sampled_gnn, metric_val) = (['tag', 2, 180], 0.2718954248366013)
INFO:nas.trainer:eval | (sampled_gnn, metric_val) = (['sage', 2, 220], 0.9470588235294117)
INFO:nas.trainer:eval | (sampled_gnn, metric_val) = (['gcn', 2, 220], 0.9124183006535947)
INFO:nas.trainer:eval | (sampled_gnn, metric_val) = (['sg', 2, 160], 0.8960784313725491)
INFO:nas.trainer:eval | (sampled_gnn, metric_val) = (['gcn', 2, 200], 0.9241830065359478)
INFO:nas.trainer:eval | (sampled_gnn, metric_val) = (['sage', 2, 220], 0.9477124183006536)
INFO:nas.trainer:eval | (sampled_gnn, metric_val) = (['sage', 2, 160], 0.9013071895424837)
INFO:nas.trainer:eval | (sampled_gnn, metric_val) = (['gcn', 2, 180], 0.9235294117647059)
INFO:nas.trainer:eval | (sampled_gnn, metric_val) = (['gcn', 2, 180], 0.9150326797385621)
INFO:nas.trainer:eval | (sampled_gnn, metric_val) = (['gmm', 2, 200], 0.9405228758169935)
INFO:nas.trainer:eval | (sampled_gnn, metric_val) = (['gmm', 2, 200], 0.9424836601307189)
INFO:nas.trainer:train | 19 era_time 1200.5629608631134
INFO:nas.trainer:eval | (sampled_gnn, metric_val) = (['tag', 2, 180], 0.20065359477124184)
INFO:nas.trainer:eval | (sampled_gnn, metric_val) = (['sage', 2, 220], 0.9352941176470588)
INFO:nas.trainer:eval | (sampled_gnn, metric_val) = (['sg', 2, 180], 0.9032679738562092)
INFO:nas.trainer:eval | (sampled_gnn, metric_val) = (['gmm', 2, 220], 0.9464052287581699)
INFO:nas.trainer:eval | (sampled_gnn, metric_val) = (['sage', 2, 220], 0.9470588235294117)
INFO:nas.trainer:eval | (sampled_gnn, metric_val) = (['tag', 2, 160], 0.19215686274509805)
INFO:nas.trainer:eval | (sampled_gnn, metric_val) = (['gcn', 2, 200], 0.9215686274509803)
INFO:nas.trainer:eval | (sampled_gnn, metric_val) = (['sage', 2, 160], 0.9287581699346406)
INFO:nas.trainer:eval | (sampled_gnn, metric_val) = (['tag', 2, 220], 0.2718954248366013)
INFO:nas.trainer:eval | (sampled_gnn, metric_val) = (['gmm', 2, 140], 0.9169934640522875)
INFO:nas.trainer:eval | (sampled_gnn, metric_val) = (['ssg', 2, 180], 0.9098039215686274)
INFO:nas.trainer:eval | (sampled_gnn, metric_val) = (['sage', 2, 200], 0.9431372549019608)
INFO:nas.trainer:eval | (sampled_gnn, metric_val) = (['sg', 2, 140], 0.9013071895424837)
INFO:nas.trainer:eval | (sampled_gnn, metric_val) = (['gcn', 2, 200], 0.9215686274509803)
INFO:nas.trainer:eval | (sampled_gnn, metric_val) = (['gmm', 2, 120], 0.8921568627450981)
INFO:nas.trainer:eval | (sampled_gnn, metric_val) = (['gmm', 2, 180], 0.9215686274509803)
INFO:nas.trainer:eval | (sampled_gnn, metric_val) = (['tag', 2, 140], 0.2)
INFO:nas.trainer:eval | (sampled_gnn, metric_val) = (['gmm', 2, 220], 0.9398692810457516)
INFO:nas.trainer:eval | (sampled_gnn, metric_val) = (['gcn', 2, 180], 0.9130718954248366)
INFO:nas.trainer:eval | (sampled_gnn, metric_val) = (['gcn', 2, 180], 0.9228758169934641)
INFO:nas.trainer:train | 20 era_time 1369.3330917358398
INFO:nas.trainer:eval | (sampled_gnn, metric_val) = (['gin', 2, 180], 0.5830065359477125)
INFO:nas.trainer:eval | (sampled_gnn, metric_val) = (['gmm', 2, 180], 0.9431372549019608)
INFO:nas.trainer:eval | (sampled_gnn, metric_val) = (['gmm', 2, 200], 0.9450980392156862)
INFO:nas.trainer:eval | (sampled_gnn, metric_val) = (['gcn', 2, 140], 0.8947712418300654)
INFO:nas.trainer:eval | (sampled_gnn, metric_val) = (['gcn', 2, 200], 0.9137254901960784)
INFO:nas.trainer:eval | (sampled_gnn, metric_val) = (['gcn', 2, 200], 0.9202614379084967)
INFO:nas.trainer:eval | (sampled_gnn, metric_val) = (['gin', 2, 220], 0.5758169934640522)
INFO:nas.trainer:eval | (sampled_gnn, metric_val) = (['gmm', 2, 120], 0.9392156862745098)
INFO:nas.trainer:eval | (sampled_gnn, metric_val) = (['gmm', 2, 200], 0.9352941176470588)
INFO:nas.trainer:eval | (sampled_gnn, metric_val) = (['gin', 2, 200], 0.7196078431372549)
INFO:nas.trainer:eval | (sampled_gnn, metric_val) = (['gcn', 2, 200], 0.9209150326797385)
INFO:nas.trainer:eval | (sampled_gnn, metric_val) = (['gmm', 2, 180], 0.9450980392156862)
INFO:nas.trainer:eval | (sampled_gnn, metric_val) = (['gat', 2, 180], 0.9156862745098039)
INFO:nas.trainer:eval | (sampled_gnn, metric_val) = (['gin', 2, 220], 0.7607843137254902)
INFO:nas.trainer:eval | (sampled_gnn, metric_val) = (['ssg', 2, 220], 0.9215686274509803)
INFO:nas.trainer:eval | (sampled_gnn, metric_val) = (['sg', 2, 120], 0.8457516339869281)
INFO:nas.trainer:eval | (sampled_gnn, metric_val) = (['sage', 2, 180], 0.9366013071895425)
INFO:nas.trainer:eval | (sampled_gnn, metric_val) = (['gcn', 2, 220], 0.9254901960784314)
INFO:nas.trainer:eval | (sampled_gnn, metric_val) = (['gcn', 2, 220], 0.9241830065359478)
INFO:nas.trainer:eval | (sampled_gnn, metric_val) = (['ssg', 2, 220], 0.9137254901960784)
INFO:nas.trainer:train | 21 era_time 946.0804679393768
INFO:nas.trainer:eval | (sampled_gnn, metric_val) = (['gmm', 2, 100], 0.9052287581699346)
INFO:nas.trainer:eval | (sampled_gnn, metric_val) = (['gmm', 2, 220], 0.9117647058823529)
INFO:nas.trainer:eval | (sampled_gnn, metric_val) = (['gmm', 2, 200], 0.9163398692810457)
INFO:nas.trainer:eval | (sampled_gnn, metric_val) = (['tag', 2, 160], 0.2)
INFO:nas.trainer:eval | (sampled_gnn, metric_val) = (['tag', 2, 180], 0.19477124183006536)
INFO:nas.trainer:eval | (sampled_gnn, metric_val) = (['gmm', 2, 180], 0.9366013071895425)
INFO:nas.trainer:eval | (sampled_gnn, metric_val) = (['gcn', 2, 220], 0.9130718954248366)
INFO:nas.trainer:eval | (sampled_gnn, metric_val) = (['ssg', 2, 220], 0.9169934640522875)
INFO:nas.trainer:eval | (sampled_gnn, metric_val) = (['sg', 2, 140], 0.8915032679738563)
INFO:nas.trainer:eval | (sampled_gnn, metric_val) = (['gmm', 2, 220], 0.9490196078431372)
INFO:nas.trainer:eval | (sampled_gnn, metric_val) = (['sg', 2, 200], 0.9013071895424837)
INFO:nas.trainer:eval | (sampled_gnn, metric_val) = (['gcn', 2, 140], 0.9071895424836601)
INFO:nas.trainer:eval | (sampled_gnn, metric_val) = (['gcn', 2, 180], 0.9111111111111111)
INFO:nas.trainer:eval | (sampled_gnn, metric_val) = (['gcn', 2, 160], 0.9254901960784314)
INFO:nas.trainer:eval | (sampled_gnn, metric_val) = (['ssg', 2, 200], 0.9006535947712418)
INFO:nas.trainer:eval | (sampled_gnn, metric_val) = (['gmm', 2, 220], 0.9352941176470588)
INFO:nas.trainer:eval | (sampled_gnn, metric_val) = (['gmm', 2, 220], 0.9418300653594771)
INFO:nas.trainer:eval | (sampled_gnn, metric_val) = (['gcn', 2, 220], 0.9215686274509803)
INFO:nas.trainer:eval | (sampled_gnn, metric_val) = (['gmm', 2, 220], 0.9437908496732026)
INFO:nas.trainer:eval | (sampled_gnn, metric_val) = (['sg', 2, 140], 0.8967320261437909)
INFO:nas.trainer:train | 22 era_time 1083.6016719341278
INFO:nas.trainer:eval | (sampled_gnn, metric_val) = (['gcn', 2, 200], 0.9248366013071896)
INFO:nas.trainer:eval | (sampled_gnn, metric_val) = (['gat', 2, 200], 0.9313725490196079)
INFO:nas.trainer:eval | (sampled_gnn, metric_val) = (['tag', 2, 180], 0.19934640522875818)
INFO:nas.trainer:eval | (sampled_gnn, metric_val) = (['sage', 2, 120], 0.9359477124183007)
INFO:nas.trainer:eval | (sampled_gnn, metric_val) = (['gmm', 2, 220], 0.9450980392156862)
INFO:nas.trainer:eval | (sampled_gnn, metric_val) = (['tag', 2, 200], 0.27320261437908494)
INFO:nas.trainer:eval | (sampled_gnn, metric_val) = (['gmm', 2, 220], 0.9444444444444444)
INFO:nas.trainer:eval | (sampled_gnn, metric_val) = (['gmm', 2, 200], 0.9032679738562092)
INFO:nas.trainer:eval | (sampled_gnn, metric_val) = (['gcn', 2, 200], 0.907843137254902)
INFO:nas.trainer:eval | (sampled_gnn, metric_val) = (['gat', 2, 220], 0.9333333333333333)
INFO:nas.trainer:eval | (sampled_gnn, metric_val) = (['gcn', 2, 180], 0.9052287581699346)
INFO:nas.trainer:eval | (sampled_gnn, metric_val) = (['gcn', 2, 220], 0.9267973856209151)
INFO:nas.trainer:eval | (sampled_gnn, metric_val) = (['gmm', 2, 100], 0.9176470588235294)
INFO:nas.trainer:eval | (sampled_gnn, metric_val) = (['gcn', 2, 220], 0.9228758169934641)
INFO:nas.trainer:eval | (sampled_gnn, metric_val) = (['gcn', 2, 180], 0.9052287581699346)
INFO:nas.trainer:eval | (sampled_gnn, metric_val) = (['sg', 2, 200], 0.9084967320261438)
INFO:nas.trainer:eval | (sampled_gnn, metric_val) = (['ssg', 2, 180], 0.9143790849673202)
INFO:nas.trainer:eval | (sampled_gnn, metric_val) = (['ssg', 2, 220], 0.9169934640522875)
INFO:nas.trainer:eval | (sampled_gnn, metric_val) = (['sage', 2, 180], 0.9398692810457516)
INFO:nas.trainer:eval | (sampled_gnn, metric_val) = (['gcn', 2, 180], 0.9052287581699346)
INFO:nas.trainer:train | 23 era_time 1224.3188529014587
INFO:nas.trainer:eval | (sampled_gnn, metric_val) = (['sage', 2, 180], 0.9254901960784314)
INFO:nas.trainer:eval | (sampled_gnn, metric_val) = (['gcn', 2, 140], 0.8980392156862745)
INFO:nas.trainer:eval | (sampled_gnn, metric_val) = (['gmm', 2, 220], 0.9418300653594771)
INFO:nas.trainer:eval | (sampled_gnn, metric_val) = (['gin', 2, 120], 0.5849673202614379)
INFO:nas.trainer:eval | (sampled_gnn, metric_val) = (['gmm', 2, 220], 0.949673202614379)
INFO:nas.trainer:eval | (sampled_gnn, metric_val) = (['gcn', 2, 220], 0.9065359477124183)
INFO:nas.trainer:eval | (sampled_gnn, metric_val) = (['gmm', 2, 200], 0.9372549019607843)
INFO:nas.trainer:eval | (sampled_gnn, metric_val) = (['gcn', 2, 160], 0.9209150326797385)
INFO:nas.trainer:eval | (sampled_gnn, metric_val) = (['gmm', 2, 180], 0.9418300653594771)
INFO:nas.trainer:eval | (sampled_gnn, metric_val) = (['gcn', 2, 220], 0.9261437908496732)
INFO:nas.trainer:eval | (sampled_gnn, metric_val) = (['gcn', 2, 180], 0.9163398692810457)
INFO:nas.trainer:eval | (sampled_gnn, metric_val) = (['gcn', 2, 140], 0.8856209150326797)
INFO:nas.trainer:eval | (sampled_gnn, metric_val) = (['tag', 2, 180], 0.2)
INFO:nas.trainer:eval | (sampled_gnn, metric_val) = (['gcn', 2, 220], 0.9169934640522875)
INFO:nas.trainer:eval | (sampled_gnn, metric_val) = (['sage', 2, 220], 0.9424836601307189)
INFO:nas.trainer:eval | (sampled_gnn, metric_val) = (['gmm', 2, 200], 0.9313725490196079)
INFO:nas.trainer:eval | (sampled_gnn, metric_val) = (['ssg', 2, 180], 0.918954248366013)
INFO:nas.trainer:eval | (sampled_gnn, metric_val) = (['sg', 2, 180], 0.8947712418300654)
INFO:nas.trainer:eval | (sampled_gnn, metric_val) = (['gmm', 2, 180], 0.9326797385620915)
INFO:nas.trainer:eval | (sampled_gnn, metric_val) = (['gcn', 2, 160], 0.9058823529411765)
INFO:nas.trainer:train | 24 era_time 871.7238919734955
INFO:nas.trainer:eval | (sampled_gnn, metric_val) = (['gin', 2, 200], 0.7222222222222222)
INFO:nas.trainer:eval | (sampled_gnn, metric_val) = (['gcn', 2, 180], 0.8947712418300654)
INFO:nas.trainer:eval | (sampled_gnn, metric_val) = (['gcn', 2, 220], 0.9228758169934641)
INFO:nas.trainer:eval | (sampled_gnn, metric_val) = (['sage', 2, 180], 0.9398692810457516)
INFO:nas.trainer:eval | (sampled_gnn, metric_val) = (['sg', 2, 200], 0.9045751633986928)
INFO:nas.trainer:eval | (sampled_gnn, metric_val) = (['gmm', 2, 220], 0.9411764705882353)
INFO:nas.trainer:eval | (sampled_gnn, metric_val) = (['gin', 2, 220], 0.7679738562091504)
INFO:nas.trainer:eval | (sampled_gnn, metric_val) = (['gmm', 2, 220], 0.9437908496732026)
INFO:nas.trainer:eval | (sampled_gnn, metric_val) = (['gmm', 2, 220], 0.9084967320261438)
INFO:nas.trainer:eval | (sampled_gnn, metric_val) = (['ssg', 2, 140], 0.8581699346405228)
INFO:nas.trainer:eval | (sampled_gnn, metric_val) = (['gat', 2, 220], 0.9196078431372549)
INFO:nas.trainer:eval | (sampled_gnn, metric_val) = (['tag', 2, 160], 0.19477124183006536)
INFO:nas.trainer:eval | (sampled_gnn, metric_val) = (['sage', 2, 220], 0.9320261437908497)
INFO:nas.trainer:eval | (sampled_gnn, metric_val) = (['tag', 2, 120], 0.27320261437908494)
INFO:nas.trainer:eval | (sampled_gnn, metric_val) = (['sg', 2, 100], 0.8333333333333334)
INFO:nas.trainer:eval | (sampled_gnn, metric_val) = (['gmm', 2, 180], 0.9352941176470588)
INFO:nas.trainer:eval | (sampled_gnn, metric_val) = (['sage', 2, 200], 0.9333333333333333)
INFO:nas.trainer:eval | (sampled_gnn, metric_val) = (['gcn', 2, 220], 0.9294117647058824)
INFO:nas.trainer:eval | (sampled_gnn, metric_val) = (['gcn', 2, 200], 0.9222222222222223)
INFO:nas.trainer:eval | (sampled_gnn, metric_val) = (['sage', 2, 220], 0.9483660130718954)
INFO:nas.trainer:train | 25 era_time 1232.3445990085602
INFO:nas.trainer:eval | (sampled_gnn, metric_val) = (['tag', 2, 100], 0.27124183006535946)
INFO:nas.trainer:eval | (sampled_gnn, metric_val) = (['gat', 2, 180], 0.9098039215686274)
INFO:nas.trainer:eval | (sampled_gnn, metric_val) = (['tag', 2, 100], 0.19934640522875818)
INFO:nas.trainer:eval | (sampled_gnn, metric_val) = (['gat', 2, 140], 0.9130718954248366)
INFO:nas.trainer:eval | (sampled_gnn, metric_val) = (['gmm', 2, 180], 0.9437908496732026)
INFO:nas.trainer:eval | (sampled_gnn, metric_val) = (['gcn', 2, 160], 0.9026143790849673)
INFO:nas.trainer:eval | (sampled_gnn, metric_val) = (['gcn', 2, 180], 0.9052287581699346)
INFO:nas.trainer:eval | (sampled_gnn, metric_val) = (['gmm', 2, 180], 0.9457516339869281)
INFO:nas.trainer:eval | (sampled_gnn, metric_val) = (['sage', 2, 220], 0.9477124183006536)
INFO:nas.trainer:eval | (sampled_gnn, metric_val) = (['gmm', 2, 180], 0.9281045751633987)
INFO:nas.trainer:eval | (sampled_gnn, metric_val) = (['ssg', 2, 140], 0.9019607843137255)
INFO:nas.trainer:eval | (sampled_gnn, metric_val) = (['gcn', 2, 140], 0.8960784313725491)
INFO:nas.trainer:eval | (sampled_gnn, metric_val) = (['gcn', 2, 180], 0.9196078431372549)
INFO:nas.trainer:eval | (sampled_gnn, metric_val) = (['gat', 2, 140], 0.9006535947712418)
INFO:nas.trainer:eval | (sampled_gnn, metric_val) = (['gcn', 2, 220], 0.9143790849673202)
INFO:nas.trainer:eval | (sampled_gnn, metric_val) = (['ssg', 2, 140], 0.8705882352941177)
INFO:nas.trainer:eval | (sampled_gnn, metric_val) = (['sg', 2, 100], 0.8666666666666667)
INFO:nas.trainer:eval | (sampled_gnn, metric_val) = (['gin', 2, 180], 0.8117647058823529)
INFO:nas.trainer:eval | (sampled_gnn, metric_val) = (['sage', 2, 140], 0.9294117647058824)
INFO:nas.trainer:eval | (sampled_gnn, metric_val) = (['sg', 2, 220], 0.9117647058823529)
INFO:nas.trainer:train | 26 era_time 982.9070582389832
INFO:nas.trainer:eval | (sampled_gnn, metric_val) = (['gmm', 2, 180], 0.9163398692810457)
INFO:nas.trainer:eval | (sampled_gnn, metric_val) = (['gcn', 2, 180], 0.9196078431372549)
INFO:nas.trainer:eval | (sampled_gnn, metric_val) = (['tag', 2, 200], 0.2)
INFO:nas.trainer:eval | (sampled_gnn, metric_val) = (['gmm', 2, 180], 0.9379084967320261)
INFO:nas.trainer:eval | (sampled_gnn, metric_val) = (['gmm', 2, 180], 0.9379084967320261)
INFO:nas.trainer:eval | (sampled_gnn, metric_val) = (['gmm', 2, 220], 0.9444444444444444)
INFO:nas.trainer:eval | (sampled_gnn, metric_val) = (['gmm', 2, 220], 0.9411764705882353)
INFO:nas.trainer:eval | (sampled_gnn, metric_val) = (['gmm', 2, 220], 0.934640522875817)
INFO:nas.trainer:eval | (sampled_gnn, metric_val) = (['ssg', 2, 200], 0.9228758169934641)
INFO:nas.trainer:eval | (sampled_gnn, metric_val) = (['gcn', 2, 180], 0.8934640522875817)
INFO:nas.trainer:eval | (sampled_gnn, metric_val) = (['gcn', 2, 220], 0.9163398692810457)
INFO:nas.trainer:eval | (sampled_gnn, metric_val) = (['gmm', 2, 200], 0.9274509803921569)
INFO:nas.trainer:eval | (sampled_gnn, metric_val) = (['ssg', 2, 220], 0.9196078431372549)
INFO:nas.trainer:eval | (sampled_gnn, metric_val) = (['gmm', 2, 220], 0.9411764705882353)
INFO:nas.trainer:eval | (sampled_gnn, metric_val) = (['gin', 2, 180], 0.75359477124183)
INFO:nas.trainer:eval | (sampled_gnn, metric_val) = (['gcn', 2, 200], 0.9104575163398693)
INFO:nas.trainer:eval | (sampled_gnn, metric_val) = (['gmm', 2, 160], 0.9333333333333333)
INFO:nas.trainer:eval | (sampled_gnn, metric_val) = (['ssg', 2, 160], 0.9013071895424837)
INFO:nas.trainer:eval | (sampled_gnn, metric_val) = (['gcn', 2, 220], 0.9261437908496732)
INFO:nas.trainer:eval | (sampled_gnn, metric_val) = (['sage', 2, 220], 0.9477124183006536)
INFO:nas.trainer:train | 27 era_time 994.8916015625
INFO:nas.trainer:eval | (sampled_gnn, metric_val) = (['sg', 2, 100], 0.8379084967320262)
INFO:nas.trainer:eval | (sampled_gnn, metric_val) = (['gat', 2, 100], 0.8960784313725491)
INFO:nas.trainer:eval | (sampled_gnn, metric_val) = (['tag', 2, 120], 0.20065359477124184)
INFO:nas.trainer:eval | (sampled_gnn, metric_val) = (['gat', 2, 120], 0.9)
INFO:nas.trainer:eval | (sampled_gnn, metric_val) = (['sage', 2, 160], 0.9392156862745098)
INFO:nas.trainer:eval | (sampled_gnn, metric_val) = (['gmm', 2, 180], 0.9437908496732026)
INFO:nas.trainer:eval | (sampled_gnn, metric_val) = (['sage', 2, 180], 0.9418300653594771)
INFO:nas.trainer:eval | (sampled_gnn, metric_val) = (['gcn', 2, 160], 0.9137254901960784)
INFO:nas.trainer:eval | (sampled_gnn, metric_val) = (['gin', 2, 180], 0.6183006535947713)
INFO:nas.trainer:eval | (sampled_gnn, metric_val) = (['gat', 2, 200], 0.9130718954248366)
INFO:nas.trainer:eval | (sampled_gnn, metric_val) = (['gmm', 2, 220], 0.9450980392156862)
INFO:nas.trainer:eval | (sampled_gnn, metric_val) = (['gcn', 2, 200], 0.9209150326797385)
INFO:nas.trainer:eval | (sampled_gnn, metric_val) = (['sage', 2, 220], 0.9464052287581699)
INFO:nas.trainer:eval | (sampled_gnn, metric_val) = (['gmm', 2, 220], 0.9359477124183007)
INFO:nas.trainer:eval | (sampled_gnn, metric_val) = (['gin', 2, 220], 0.8254901960784313)
INFO:nas.trainer:eval | (sampled_gnn, metric_val) = (['gmm', 2, 220], 0.8947712418300654)
INFO:nas.trainer:eval | (sampled_gnn, metric_val) = (['sg', 2, 180], 0.9071895424836601)
INFO:nas.trainer:eval | (sampled_gnn, metric_val) = (['gmm', 2, 220], 0.9503267973856209)
INFO:nas.trainer:eval | (sampled_gnn, metric_val) = (['gmm', 2, 200], 0.9424836601307189)
INFO:nas.trainer:eval | (sampled_gnn, metric_val) = (['sg', 2, 140], 0.8986928104575164)
INFO:nas.trainer:train | 28 era_time 1070.2077107429504
INFO:nas.trainer:eval | (sampled_gnn, metric_val) = (['gin', 2, 220], 0.8313725490196079)
INFO:nas.trainer:eval | (sampled_gnn, metric_val) = (['gcn', 2, 220], 0.9235294117647059)
INFO:nas.trainer:eval | (sampled_gnn, metric_val) = (['gat', 2, 220], 0.9313725490196079)
INFO:nas.trainer:eval | (sampled_gnn, metric_val) = (['ssg', 2, 140], 0.9026143790849673)
INFO:nas.trainer:eval | (sampled_gnn, metric_val) = (['gmm', 2, 220], 0.9424836601307189)
INFO:nas.trainer:eval | (sampled_gnn, metric_val) = (['gcn', 2, 200], 0.9209150326797385)
INFO:nas.trainer:eval | (sampled_gnn, metric_val) = (['gmm', 2, 180], 0.9477124183006536)
INFO:nas.trainer:eval | (sampled_gnn, metric_val) = (['gcn', 2, 200], 0.9156862745098039)
INFO:nas.trainer:eval | (sampled_gnn, metric_val) = (['gin', 2, 220], 0.630718954248366)
INFO:nas.trainer:eval | (sampled_gnn, metric_val) = (['gin', 2, 200], 0.834640522875817)
INFO:nas.trainer:eval | (sampled_gnn, metric_val) = (['gmm', 2, 180], 0.9026143790849673)
INFO:nas.trainer:eval | (sampled_gnn, metric_val) = (['tag', 2, 140], 0.20130718954248367)
INFO:nas.trainer:eval | (sampled_gnn, metric_val) = (['tag', 2, 100], 0.11764705882352941)
INFO:nas.trainer:eval | (sampled_gnn, metric_val) = (['sage', 2, 180], 0.9366013071895425)
INFO:nas.trainer:eval | (sampled_gnn, metric_val) = (['tag', 2, 100], 0.2019607843137255)
INFO:nas.trainer:eval | (sampled_gnn, metric_val) = (['gin', 2, 180], 0.6503267973856209)
INFO:nas.trainer:eval | (sampled_gnn, metric_val) = (['tag', 2, 180], 0.19738562091503267)
INFO:nas.trainer:eval | (sampled_gnn, metric_val) = (['gcn', 2, 220], 0.9117647058823529)
INFO:nas.trainer:eval | (sampled_gnn, metric_val) = (['sg', 2, 220], 0.918954248366013)
INFO:nas.trainer:eval | (sampled_gnn, metric_val) = (['gmm', 2, 200], 0.9359477124183007)
INFO:nas.trainer:train | 29 era_time 1162.8664288520813
INFO:nas.trainer:eval | (sampled_gnn, metric_val) = (['gat', 2, 140], 0.9006535947712418)
INFO:nas.trainer:eval | (sampled_gnn, metric_val) = (['gmm', 2, 180], 0.8725490196078431)
INFO:nas.trainer:eval | (sampled_gnn, metric_val) = (['gcn', 2, 180], 0.9124183006535947)
INFO:nas.trainer:eval | (sampled_gnn, metric_val) = (['gmm', 2, 220], 0.9457516339869281)
INFO:nas.trainer:eval | (sampled_gnn, metric_val) = (['gmm', 2, 220], 0.9418300653594771)
INFO:nas.trainer:eval | (sampled_gnn, metric_val) = (['gmm', 2, 160], 0.9333333333333333)
INFO:nas.trainer:eval | (sampled_gnn, metric_val) = (['gmm', 2, 200], 0.9450980392156862)
INFO:nas.trainer:eval | (sampled_gnn, metric_val) = (['sg', 2, 220], 0.918954248366013)
INFO:nas.trainer:eval | (sampled_gnn, metric_val) = (['gat', 2, 200], 0.9176470588235294)
INFO:nas.trainer:eval | (sampled_gnn, metric_val) = (['gcn', 2, 160], 0.9045751633986928)
INFO:nas.trainer:eval | (sampled_gnn, metric_val) = (['gin', 2, 160], 0.7150326797385621)
INFO:nas.trainer:eval | (sampled_gnn, metric_val) = (['gat', 2, 120], 0.9183006535947712)
INFO:nas.trainer:eval | (sampled_gnn, metric_val) = (['gat', 2, 220], 0.9281045751633987)
INFO:nas.trainer:eval | (sampled_gnn, metric_val) = (['gcn', 2, 160], 0.9209150326797385)
INFO:nas.trainer:eval | (sampled_gnn, metric_val) = (['gmm', 2, 180], 0.934640522875817)
INFO:nas.trainer:eval | (sampled_gnn, metric_val) = (['gcn', 2, 180], 0.9222222222222223)
INFO:nas.trainer:eval | (sampled_gnn, metric_val) = (['gmm', 2, 220], 0.9366013071895425)
INFO:nas.trainer:eval | (sampled_gnn, metric_val) = (['sg', 2, 140], 0.8967320261437909)
INFO:nas.trainer:eval | (sampled_gnn, metric_val) = (['gcn', 2, 200], 0.9254901960784314)
INFO:nas.trainer:eval | (sampled_gnn, metric_val) = (['ssg', 2, 140], 0.9058823529411765)
INFO:nas.trainer:train | 30 era_time 885.7656710147858
ERROR:__main__:cfg_file = '/home/ubuntu/GNN-AID/src/nas/cfg/24.yml'
[Errno 2] No such file or directory: 'save/Trainer_600.pkl'
