INFO:__main__:dataset:
- single-graph
- Planetoid
- PubMed
derive_num: 10
is_random: false
logfname: pubmed_fixed_combinations.log
nas_args:
  dynamic_behaviour: undefined
  dynamic_nas_steps: 150
  forward:
    mode: train
    softmax_temp: 5.0
    tanh_c: 2.5
  hidden_size: 100
  reset:
    init_range: 0.1
ss_args:
  debug: false
  prob_scale: 4
  type: fixed_prob
  with_combinations: true
trainer_args:
  derive:
    derive_from_history: false
  eval:
    save_model_flag: false
  train:
    derive_finaly: false
    num_eras: 30
    save_eras: 30
  train_controller:
    epochs: 20

INFO:nas.trainer:eval | (sampled_gnn, metric_val) = (['gmm', 'gat', 2, 220], 0.8463488843813387)
INFO:nas.trainer:eval | (sampled_gnn, metric_val) = (['tag', 'ssg', 2, 200], 0.8356997971602435)
INFO:nas.trainer:eval | (sampled_gnn, metric_val) = (['ssg', 'sg', 2, 140], 0.8171906693711968)
INFO:nas.trainer:eval | (sampled_gnn, metric_val) = (['tag', 'gcn', 2, 200], 0.8372210953346856)
INFO:nas.trainer:eval | (sampled_gnn, metric_val) = (['gmm', 'gin', 2, 220], 0.8169371196754563)
INFO:nas.trainer:eval | (sampled_gnn, metric_val) = (['gat', 'sage', 2, 160], 0.8349391480730223)
INFO:nas.trainer:eval | (sampled_gnn, metric_val) = (['tag', 'gcn', 2, 200], 0.8336713995943205)
INFO:nas.trainer:eval | (sampled_gnn, metric_val) = (['gmm', 'gmm', 2, 120], 0.845841784989858)
INFO:nas.trainer:eval | (sampled_gnn, metric_val) = (['sg', 'gcn', 2, 100], 0.8093306288032455)
INFO:nas.trainer:eval | (sampled_gnn, metric_val) = (['gcn', 'gmm', 2, 100], 0.8268255578093306)
INFO:nas.trainer:eval | (sampled_gnn, metric_val) = (['gmm', 'gcn', 2, 100], 0.8232758620689655)
INFO:nas.trainer:eval | (sampled_gnn, metric_val) = (['gmm', 'gin', 2, 200], 0.8045131845841785)
INFO:nas.trainer:eval | (sampled_gnn, metric_val) = (['gmm', 'tag', 2, 120], 0.7933569979716024)
INFO:nas.trainer:eval | (sampled_gnn, metric_val) = (['gmm', 'gmm', 2, 160], 0.8504056795131846)
INFO:nas.trainer:eval | (sampled_gnn, metric_val) = (['gcn', 'gcn', 2, 100], 0.815922920892495)
INFO:nas.trainer:eval | (sampled_gnn, metric_val) = (['sg', 'ssg', 2, 160], 0.8260649087221096)
INFO:nas.trainer:eval | (sampled_gnn, metric_val) = (['gmm', 'ssg', 2, 160], 0.841024340770791)
INFO:nas.trainer:eval | (sampled_gnn, metric_val) = (['tag', 'gcn', 2, 180], 0.8349391480730223)
INFO:nas.trainer:eval | (sampled_gnn, metric_val) = (['gmm', 'sage', 2, 100], 0.8293610547667343)
INFO:nas.trainer:eval | (sampled_gnn, metric_val) = (['gmm', 'gcn', 2, 120], 0.8321501014198783)
INFO:nas.trainer:train | 0 era_time 858.5690772533417
INFO:nas.trainer:eval | (sampled_gnn, metric_val) = (['gcn', 'gcn', 2, 200], 0.8427991886409736)
INFO:nas.trainer:eval | (sampled_gnn, metric_val) = (['gcn', 'gat', 2, 160], 0.8260649087221096)
INFO:nas.trainer:eval | (sampled_gnn, metric_val) = (['ssg', 'gmm', 2, 100], 0.8268255578093306)
INFO:nas.trainer:eval | (sampled_gnn, metric_val) = (['gcn', 'ssg', 2, 220], 0.8417849898580122)
INFO:nas.trainer:eval | (sampled_gnn, metric_val) = (['gat', 'gat', 2, 120], 0.8126267748478702)
INFO:nas.trainer:eval | (sampled_gnn, metric_val) = (['gat', 'sg', 2, 100], 0.7920892494929006)
INFO:nas.trainer:eval | (sampled_gnn, metric_val) = (['sage', 'sage', 2, 200], 0.8496450304259635)
INFO:nas.trainer:eval | (sampled_gnn, metric_val) = (['tag', 'gcn', 2, 220], 0.8351926977687627)
INFO:nas.trainer:eval | (sampled_gnn, metric_val) = (['gcn', 'gcn', 2, 180], 0.8389959432048681)
INFO:nas.trainer:eval | (sampled_gnn, metric_val) = (['tag', 'gin', 2, 220], 0.8176977687626775)
INFO:nas.trainer:eval | (sampled_gnn, metric_val) = (['gmm', 'gcn', 2, 140], 0.8395030425963489)
INFO:nas.trainer:eval | (sampled_gnn, metric_val) = (['gmm', 'gcn', 2, 220], 0.8493914807302231)
INFO:nas.trainer:eval | (sampled_gnn, metric_val) = (['gcn', 'gcn', 2, 220], 0.8438133874239351)
INFO:nas.trainer:eval | (sampled_gnn, metric_val) = (['sage', 'gmm', 2, 200], 0.859026369168357)
INFO:nas.trainer:eval | (sampled_gnn, metric_val) = (['ssg', 'gcn', 2, 180], 0.8412778904665315)
INFO:nas.trainer:eval | (sampled_gnn, metric_val) = (['tag', 'gcn', 2, 180], 0.8303752535496958)
INFO:nas.trainer:eval | (sampled_gnn, metric_val) = (['gcn', 'sg', 2, 140], 0.8245436105476673)
INFO:nas.trainer:eval | (sampled_gnn, metric_val) = (['gcn', 'gmm', 2, 160], 0.8427991886409736)
INFO:nas.trainer:eval | (sampled_gnn, metric_val) = (['sg', 'gmm', 2, 100], 0.8202332657200812)
INFO:nas.trainer:eval | (sampled_gnn, metric_val) = (['gcn', 'sage', 2, 180], 0.8415314401622718)
INFO:nas.trainer:train | 1 era_time 919.7019543647766
INFO:nas.trainer:eval | (sampled_gnn, metric_val) = (['gin', 'gmm', 2, 160], 0.8605476673427992)
INFO:nas.trainer:eval | (sampled_gnn, metric_val) = (['ssg', 'gmm', 2, 220], 0.8506592292089249)
INFO:nas.trainer:eval | (sampled_gnn, metric_val) = (['gcn', 'gmm', 2, 120], 0.8202332657200812)
INFO:nas.trainer:eval | (sampled_gnn, metric_val) = (['gmm', 'gcn', 2, 120], 0.821501014198783)
INFO:nas.trainer:eval | (sampled_gnn, metric_val) = (['gin', 'sage', 2, 120], 0.8544624746450304)
INFO:nas.trainer:eval | (sampled_gnn, metric_val) = (['gin', 'sg', 2, 160], 0.8610547667342799)
INFO:nas.trainer:eval | (sampled_gnn, metric_val) = (['ssg', 'gin', 2, 220], 0.8549695740365112)
INFO:nas.trainer:eval | (sampled_gnn, metric_val) = (['ssg', 'gmm', 2, 160], 0.8397565922920892)
INFO:nas.trainer:eval | (sampled_gnn, metric_val) = (['gmm', 'gmm', 2, 160], 0.8339249492900609)
INFO:nas.trainer:eval | (sampled_gnn, metric_val) = (['gcn', 'gmm', 2, 220], 0.8481237322515213)
INFO:nas.trainer:eval | (sampled_gnn, metric_val) = (['ssg', 'tag', 2, 180], 0.8057809330628803)
INFO:nas.trainer:eval | (sampled_gnn, metric_val) = (['gmm', 'ssg', 2, 180], 0.8395030425963489)
INFO:nas.trainer:eval | (sampled_gnn, metric_val) = (['sage', 'tag', 2, 180], 0.8095841784989858)
INFO:nas.trainer:eval | (sampled_gnn, metric_val) = (['gcn', 'sg', 2, 140], 0.8202332657200812)
INFO:nas.trainer:eval | (sampled_gnn, metric_val) = (['gcn', 'gcn', 2, 120], 0.8240365111561866)
INFO:nas.trainer:eval | (sampled_gnn, metric_val) = (['gat', 'gcn', 2, 200], 0.8367139959432048)
INFO:nas.trainer:eval | (sampled_gnn, metric_val) = (['gat', 'gcn', 2, 200], 0.8364604462474645)
INFO:nas.trainer:eval | (sampled_gnn, metric_val) = (['gcn', 'gmm', 2, 120], 0.8156693711967545)
INFO:nas.trainer:eval | (sampled_gnn, metric_val) = (['gcn', 'gat', 2, 120], 0.8146551724137931)
INFO:nas.trainer:eval | (sampled_gnn, metric_val) = (['gat', 'gin', 2, 220], 0.84026369168357)
INFO:nas.trainer:train | 2 era_time 860.5727736949921
INFO:nas.trainer:eval | (sampled_gnn, metric_val) = (['gcn', 'ssg', 2, 220], 0.842292089249493)
INFO:nas.trainer:eval | (sampled_gnn, metric_val) = (['gmm', 'gcn', 2, 180], 0.8471095334685599)
INFO:nas.trainer:eval | (sampled_gnn, metric_val) = (['gin', 'gmm', 2, 200], 0.8506592292089249)
INFO:nas.trainer:eval | (sampled_gnn, metric_val) = (['tag', 'sg', 2, 120], 0.8197261663286004)
INFO:nas.trainer:eval | (sampled_gnn, metric_val) = (['gmm', 'gmm', 2, 120], 0.8397565922920892)
INFO:nas.trainer:eval | (sampled_gnn, metric_val) = (['sg', 'gcn', 2, 100], 0.8133874239350912)
INFO:nas.trainer:eval | (sampled_gnn, metric_val) = (['tag', 'tag', 2, 120], 0.6014198782961461)
INFO:nas.trainer:eval | (sampled_gnn, metric_val) = (['sage', 'gat', 2, 160], 0.8356997971602435)
INFO:nas.trainer:eval | (sampled_gnn, metric_val) = (['gmm', 'gmm', 2, 180], 0.8580121703853956)
INFO:nas.trainer:eval | (sampled_gnn, metric_val) = (['gat', 'tag', 2, 180], 0.8212474645030426)
INFO:nas.trainer:eval | (sampled_gnn, metric_val) = (['gcn', 'gmm', 2, 220], 0.8524340770791075)
INFO:nas.trainer:eval | (sampled_gnn, metric_val) = (['gcn', 'gmm', 2, 200], 0.8509127789046653)
INFO:nas.trainer:eval | (sampled_gnn, metric_val) = (['gcn', 'gcn', 2, 220], 0.8438133874239351)
INFO:nas.trainer:eval | (sampled_gnn, metric_val) = (['gin', 'ssg', 2, 220], 0.8498985801217038)
INFO:nas.trainer:eval | (sampled_gnn, metric_val) = (['gmm', 'gmm', 2, 140], 0.8293610547667343)
INFO:nas.trainer:eval | (sampled_gnn, metric_val) = (['gmm', 'gmm', 2, 160], 0.8496450304259635)
INFO:nas.trainer:eval | (sampled_gnn, metric_val) = (['gmm', 'gcn', 2, 220], 0.8511663286004056)
INFO:nas.trainer:eval | (sampled_gnn, metric_val) = (['gmm', 'gmm', 2, 100], 0.8308823529411765)
INFO:nas.trainer:eval | (sampled_gnn, metric_val) = (['gin', 'gcn', 2, 200], 0.8572515212981744)
INFO:nas.trainer:eval | (sampled_gnn, metric_val) = (['gcn', 'gmm', 2, 180], 0.8471095334685599)
INFO:nas.trainer:train | 3 era_time 808.9085977077484
INFO:nas.trainer:eval | (sampled_gnn, metric_val) = (['gin', 'gmm', 2, 200], 0.8473630831643002)
INFO:nas.trainer:eval | (sampled_gnn, metric_val) = (['ssg', 'tag', 2, 200], 0.8042596348884381)
INFO:nas.trainer:eval | (sampled_gnn, metric_val) = (['gmm', 'gcn', 2, 200], 0.8473630831643002)
INFO:nas.trainer:eval | (sampled_gnn, metric_val) = (['tag', 'gmm', 2, 200], 0.8316430020283976)
INFO:nas.trainer:eval | (sampled_gnn, metric_val) = (['gcn', 'gmm', 2, 180], 0.8509127789046653)
INFO:nas.trainer:eval | (sampled_gnn, metric_val) = (['gcn', 'gcn', 2, 220], 0.8435598377281948)
INFO:nas.trainer:eval | (sampled_gnn, metric_val) = (['gat', 'gcn', 2, 200], 0.8344320486815415)
INFO:nas.trainer:eval | (sampled_gnn, metric_val) = (['gcn', 'gmm', 2, 220], 0.8554766734279919)
INFO:nas.trainer:eval | (sampled_gnn, metric_val) = (['sage', 'gat', 2, 180], 0.8369675456389453)
INFO:nas.trainer:eval | (sampled_gnn, metric_val) = (['gcn', 'ssg', 2, 200], 0.8379817444219066)
INFO:nas.trainer:eval | (sampled_gnn, metric_val) = (['gin', 'gcn', 2, 140], 0.8605476673427992)
INFO:nas.trainer:eval | (sampled_gnn, metric_val) = (['gmm', 'gin', 2, 140], 0.8537018255578094)
INFO:nas.trainer:eval | (sampled_gnn, metric_val) = (['ssg', 'gmm', 2, 200], 0.8493914807302231)
INFO:nas.trainer:eval | (sampled_gnn, metric_val) = (['gcn', 'gcn', 2, 220], 0.842292089249493)
INFO:nas.trainer:eval | (sampled_gnn, metric_val) = (['gmm', 'gcn', 2, 180], 0.8412778904665315)
INFO:nas.trainer:eval | (sampled_gnn, metric_val) = (['sg', 'tag', 2, 140], 0.7956389452332657)
INFO:nas.trainer:eval | (sampled_gnn, metric_val) = (['gcn', 'gcn', 2, 160], 0.8301217038539553)
INFO:nas.trainer:eval | (sampled_gnn, metric_val) = (['ssg', 'gat', 2, 220], 0.8356997971602435)
INFO:nas.trainer:eval | (sampled_gnn, metric_val) = (['gmm', 'gat', 2, 220], 0.8435598377281948)
INFO:nas.trainer:eval | (sampled_gnn, metric_val) = (['gcn', 'gcn', 2, 140], 0.8260649087221096)
INFO:nas.trainer:train | 4 era_time 983.8023204803467
INFO:nas.trainer:eval | (sampled_gnn, metric_val) = (['sage', 'gin', 2, 200], 0.8306288032454361)
INFO:nas.trainer:eval | (sampled_gnn, metric_val) = (['ssg', 'gmm', 2, 160], 0.8450811359026369)
INFO:nas.trainer:eval | (sampled_gnn, metric_val) = (['gin', 'gmm', 2, 140], 0.8506592292089249)
INFO:nas.trainer:eval | (sampled_gnn, metric_val) = (['sage', 'gmm', 2, 140], 0.8453346855983773)
INFO:nas.trainer:eval | (sampled_gnn, metric_val) = (['gcn', 'gcn', 2, 140], 0.8265720081135902)
INFO:nas.trainer:eval | (sampled_gnn, metric_val) = (['gmm', 'gcn', 2, 220], 0.8519269776876268)
INFO:nas.trainer:eval | (sampled_gnn, metric_val) = (['gcn', 'ssg', 2, 200], 0.8417849898580122)
INFO:nas.trainer:eval | (sampled_gnn, metric_val) = (['gcn', 'gmm', 2, 220], 0.8524340770791075)
INFO:nas.trainer:eval | (sampled_gnn, metric_val) = (['gin', 'gcn', 2, 140], 0.8577586206896551)
INFO:nas.trainer:eval | (sampled_gnn, metric_val) = (['sg', 'gmm', 2, 140], 0.8268255578093306)
INFO:nas.trainer:eval | (sampled_gnn, metric_val) = (['tag', 'gcn', 2, 220], 0.8364604462474645)
INFO:nas.trainer:eval | (sampled_gnn, metric_val) = (['sg', 'gcn', 2, 220], 0.8433062880324543)
INFO:nas.trainer:eval | (sampled_gnn, metric_val) = (['gcn', 'sage', 2, 200], 0.845841784989858)
INFO:nas.trainer:eval | (sampled_gnn, metric_val) = (['sage', 'gat', 2, 220], 0.8417849898580122)
INFO:nas.trainer:eval | (sampled_gnn, metric_val) = (['gat', 'sg', 2, 160], 0.8207403651115619)
INFO:nas.trainer:eval | (sampled_gnn, metric_val) = (['gin', 'gcn', 2, 220], 0.8602941176470589)
INFO:nas.trainer:eval | (sampled_gnn, metric_val) = (['sage', 'gcn', 2, 200], 0.843052738336714)
INFO:nas.trainer:eval | (sampled_gnn, metric_val) = (['tag', 'gcn', 2, 160], 0.8339249492900609)
INFO:nas.trainer:eval | (sampled_gnn, metric_val) = (['gcn', 'gmm', 2, 220], 0.8493914807302231)
INFO:nas.trainer:eval | (sampled_gnn, metric_val) = (['gmm', 'gat', 2, 100], 0.8232758620689655)
INFO:nas.trainer:train | 5 era_time 989.3125331401825
INFO:nas.trainer:eval | (sampled_gnn, metric_val) = (['gat', 'gmm', 2, 180], 0.8417849898580122)
INFO:nas.trainer:eval | (sampled_gnn, metric_val) = (['gmm', 'gin', 2, 220], 0.8103448275862069)
INFO:nas.trainer:eval | (sampled_gnn, metric_val) = (['sg', 'gcn', 2, 200], 0.8417849898580122)
INFO:nas.trainer:eval | (sampled_gnn, metric_val) = (['sg', 'gmm', 2, 140], 0.7745943204868154)
INFO:nas.trainer:eval | (sampled_gnn, metric_val) = (['sg', 'gat', 2, 140], 0.8288539553752535)
INFO:nas.trainer:eval | (sampled_gnn, metric_val) = (['gat', 'sg', 2, 140], 0.808316430020284)
INFO:nas.trainer:eval | (sampled_gnn, metric_val) = (['gcn', 'ssg', 2, 220], 0.8427991886409736)
INFO:nas.trainer:eval | (sampled_gnn, metric_val) = (['gmm', 'gcn', 2, 180], 0.8433062880324543)
INFO:nas.trainer:eval | (sampled_gnn, metric_val) = (['gmm', 'gat', 2, 200], 0.8417849898580122)
INFO:nas.trainer:eval | (sampled_gnn, metric_val) = (['ssg', 'gcn', 2, 200], 0.8438133874239351)
INFO:nas.trainer:eval | (sampled_gnn, metric_val) = (['gcn', 'gmm', 2, 200], 0.8455882352941176)
INFO:nas.trainer:eval | (sampled_gnn, metric_val) = (['gmm', 'gmm', 2, 160], 0.8572515212981744)
INFO:nas.trainer:eval | (sampled_gnn, metric_val) = (['ssg', 'gcn', 2, 200], 0.8450811359026369)
INFO:nas.trainer:eval | (sampled_gnn, metric_val) = (['gin', 'gat', 2, 140], 0.853448275862069)
INFO:nas.trainer:eval | (sampled_gnn, metric_val) = (['ssg', 'gmm', 2, 220], 0.8473630831643002)
INFO:nas.trainer:eval | (sampled_gnn, metric_val) = (['tag', 'gcn', 2, 220], 0.8356997971602435)
INFO:nas.trainer:eval | (sampled_gnn, metric_val) = (['gcn', 'gmm', 2, 200], 0.8509127789046653)
INFO:nas.trainer:eval | (sampled_gnn, metric_val) = (['gmm', 'sage', 2, 220], 0.8567444219066938)
INFO:nas.trainer:eval | (sampled_gnn, metric_val) = (['gat', 'gcn', 2, 200], 0.8324036511156186)
INFO:nas.trainer:eval | (sampled_gnn, metric_val) = (['gcn', 'gat', 2, 200], 0.8197261663286004)
INFO:nas.trainer:train | 6 era_time 1018.7063779830933
INFO:nas.trainer:eval | (sampled_gnn, metric_val) = (['tag', 'gmm', 2, 220], 0.8359533468559838)
INFO:nas.trainer:eval | (sampled_gnn, metric_val) = (['ssg', 'gcn', 2, 200], 0.8433062880324543)
INFO:nas.trainer:eval | (sampled_gnn, metric_val) = (['gmm', 'gcn', 2, 160], 0.841024340770791)
INFO:nas.trainer:eval | (sampled_gnn, metric_val) = (['gmm', 'gcn', 2, 200], 0.8453346855983773)
INFO:nas.trainer:eval | (sampled_gnn, metric_val) = (['gcn', 'gmm', 2, 220], 0.8471095334685599)
INFO:nas.trainer:eval | (sampled_gnn, metric_val) = (['gmm', 'gcn', 2, 220], 0.8506592292089249)
INFO:nas.trainer:eval | (sampled_gnn, metric_val) = (['gcn', 'gmm', 2, 220], 0.8493914807302231)
INFO:nas.trainer:eval | (sampled_gnn, metric_val) = (['gmm', 'sg', 2, 200], 0.8473630831643002)
INFO:nas.trainer:eval | (sampled_gnn, metric_val) = (['gcn', 'gat', 2, 140], 0.8151622718052738)
INFO:nas.trainer:eval | (sampled_gnn, metric_val) = (['gmm', 'gcn', 2, 220], 0.8493914807302231)
INFO:nas.trainer:eval | (sampled_gnn, metric_val) = (['gat', 'gcn', 2, 220], 0.8382352941176471)
INFO:nas.trainer:eval | (sampled_gnn, metric_val) = (['gcn', 'gcn', 2, 220], 0.8438133874239351)
INFO:nas.trainer:eval | (sampled_gnn, metric_val) = (['ssg', 'gmm', 2, 220], 0.8537018255578094)
INFO:nas.trainer:eval | (sampled_gnn, metric_val) = (['gmm', 'gmm', 2, 200], 0.8575050709939148)
INFO:nas.trainer:eval | (sampled_gnn, metric_val) = (['sage', 'gcn', 2, 220], 0.8506592292089249)
INFO:nas.trainer:eval | (sampled_gnn, metric_val) = (['ssg', 'gat', 2, 220], 0.8356997971602435)
INFO:nas.trainer:eval | (sampled_gnn, metric_val) = (['gat', 'gmm', 2, 160], 0.8356997971602435)
INFO:nas.trainer:eval | (sampled_gnn, metric_val) = (['gcn', 'gcn', 2, 220], 0.8435598377281948)
INFO:nas.trainer:eval | (sampled_gnn, metric_val) = (['ssg', 'gcn', 2, 200], 0.8438133874239351)
INFO:nas.trainer:eval | (sampled_gnn, metric_val) = (['gcn', 'ssg', 2, 220], 0.8412778904665315)
INFO:nas.trainer:train | 7 era_time 1013.6024339199066
INFO:nas.trainer:eval | (sampled_gnn, metric_val) = (['gmm', 'gmm', 2, 220], 0.861815415821501)
INFO:nas.trainer:eval | (sampled_gnn, metric_val) = (['gmm', 'gmm', 2, 200], 0.8582657200811359)
INFO:nas.trainer:eval | (sampled_gnn, metric_val) = (['sage', 'gcn', 2, 200], 0.8468559837728195)
INFO:nas.trainer:eval | (sampled_gnn, metric_val) = (['gin', 'gmm', 2, 220], 0.8516734279918864)
INFO:nas.trainer:eval | (sampled_gnn, metric_val) = (['gcn', 'gcn', 2, 220], 0.8443204868154158)
INFO:nas.trainer:eval | (sampled_gnn, metric_val) = (['gat', 'gmm', 2, 220], 0.8493914807302231)
INFO:nas.trainer:eval | (sampled_gnn, metric_val) = (['ssg', 'gmm', 2, 160], 0.8417849898580122)
INFO:nas.trainer:eval | (sampled_gnn, metric_val) = (['gmm', 'gcn', 2, 200], 0.8460953346855984)
INFO:nas.trainer:eval | (sampled_gnn, metric_val) = (['gmm', 'gmm', 2, 180], 0.8554766734279919)
INFO:nas.trainer:eval | (sampled_gnn, metric_val) = (['gmm', 'ssg', 2, 200], 0.8488843813387424)
INFO:nas.trainer:eval | (sampled_gnn, metric_val) = (['gcn', 'gmm', 2, 200], 0.8367139959432048)
INFO:nas.trainer:eval | (sampled_gnn, metric_val) = (['gmm', 'gin', 2, 200], 0.8019776876267748)
INFO:nas.trainer:eval | (sampled_gnn, metric_val) = (['gcn', 'gmm', 2, 200], 0.8488843813387424)
INFO:nas.trainer:eval | (sampled_gnn, metric_val) = (['sg', 'gat', 2, 140], 0.8273326572008114)
INFO:nas.trainer:eval | (sampled_gnn, metric_val) = (['gcn', 'gmm', 2, 200], 0.8506592292089249)
INFO:nas.trainer:eval | (sampled_gnn, metric_val) = (['gat', 'gcn', 2, 200], 0.8351926977687627)
INFO:nas.trainer:eval | (sampled_gnn, metric_val) = (['ssg', 'gcn', 2, 220], 0.8448275862068966)
INFO:nas.trainer:eval | (sampled_gnn, metric_val) = (['gmm', 'gmm', 2, 220], 0.8635902636916836)
INFO:nas.trainer:eval | (sampled_gnn, metric_val) = (['sg', 'gcn', 2, 200], 0.8372210953346856)
INFO:nas.trainer:eval | (sampled_gnn, metric_val) = (['gcn', 'gmm', 2, 200], 0.8473630831643002)
INFO:nas.trainer:train | 8 era_time 905.6955227851868
INFO:nas.trainer:eval | (sampled_gnn, metric_val) = (['gin', 'gcn', 2, 180], 0.8569979716024341)
INFO:nas.trainer:eval | (sampled_gnn, metric_val) = (['tag', 'gcn', 2, 200], 0.835446247464503)
INFO:nas.trainer:eval | (sampled_gnn, metric_val) = (['gin', 'gcn', 2, 220], 0.8524340770791075)
INFO:nas.trainer:eval | (sampled_gnn, metric_val) = (['sg', 'gin', 2, 200], 0.8511663286004056)
INFO:nas.trainer:eval | (sampled_gnn, metric_val) = (['gcn', 'gmm', 2, 220], 0.8504056795131846)
INFO:nas.trainer:eval | (sampled_gnn, metric_val) = (['gmm', 'gcn', 2, 220], 0.847870182555781)
INFO:nas.trainer:eval | (sampled_gnn, metric_val) = (['gcn', 'gmm', 2, 200], 0.8498985801217038)
INFO:nas.trainer:eval | (sampled_gnn, metric_val) = (['gin', 'sage', 2, 220], 0.8537018255578094)
INFO:nas.trainer:eval | (sampled_gnn, metric_val) = (['gmm', 'gcn', 2, 200], 0.8496450304259635)
INFO:nas.trainer:eval | (sampled_gnn, metric_val) = (['gcn', 'gmm', 2, 200], 0.8496450304259635)
INFO:nas.trainer:eval | (sampled_gnn, metric_val) = (['gmm', 'gcn', 2, 220], 0.8481237322515213)
INFO:nas.trainer:eval | (sampled_gnn, metric_val) = (['gcn', 'gmm', 2, 200], 0.8481237322515213)
INFO:nas.trainer:eval | (sampled_gnn, metric_val) = (['gcn', 'gmm', 2, 200], 0.8498985801217038)
INFO:nas.trainer:eval | (sampled_gnn, metric_val) = (['ssg', 'sage', 2, 220], 0.845841784989858)
INFO:nas.trainer:eval | (sampled_gnn, metric_val) = (['gin', 'sage', 2, 200], 0.8491379310344828)
INFO:nas.trainer:eval | (sampled_gnn, metric_val) = (['gat', 'gcn', 2, 220], 0.8395030425963489)
INFO:nas.trainer:eval | (sampled_gnn, metric_val) = (['gmm', 'gmm', 2, 200], 0.856237322515213)
INFO:nas.trainer:eval | (sampled_gnn, metric_val) = (['ssg', 'gmm', 2, 220], 0.8504056795131846)
INFO:nas.trainer:eval | (sampled_gnn, metric_val) = (['gcn', 'gmm', 2, 220], 0.8537018255578094)
INFO:nas.trainer:eval | (sampled_gnn, metric_val) = (['gcn', 'ssg', 2, 220], 0.842292089249493)
INFO:nas.trainer:train | 9 era_time 1039.8986229896545
INFO:nas.trainer:eval | (sampled_gnn, metric_val) = (['gin', 'gcn', 2, 220], 0.8575050709939148)
INFO:nas.trainer:eval | (sampled_gnn, metric_val) = (['gcn', 'gcn', 2, 200], 0.8397565922920892)
INFO:nas.trainer:eval | (sampled_gnn, metric_val) = (['gmm', 'gmm', 2, 220], 0.8608012170385395)
INFO:nas.trainer:eval | (sampled_gnn, metric_val) = (['gmm', 'gcn', 2, 200], 0.8493914807302231)
INFO:nas.trainer:eval | (sampled_gnn, metric_val) = (['sage', 'sage', 2, 200], 0.8488843813387424)
INFO:nas.trainer:eval | (sampled_gnn, metric_val) = (['ssg', 'gin', 2, 120], 0.8498985801217038)
INFO:nas.trainer:eval | (sampled_gnn, metric_val) = (['gin', 'gcn', 2, 220], 0.8572515212981744)
INFO:nas.trainer:eval | (sampled_gnn, metric_val) = (['gmm', 'gcn', 2, 220], 0.8468559837728195)
INFO:nas.trainer:eval | (sampled_gnn, metric_val) = (['gin', 'gcn', 2, 200], 0.8572515212981744)
INFO:nas.trainer:eval | (sampled_gnn, metric_val) = (['gcn', 'gmm', 2, 220], 0.8519269776876268)
INFO:nas.trainer:eval | (sampled_gnn, metric_val) = (['sg', 'gmm', 2, 220], 0.8415314401622718)
INFO:nas.trainer:eval | (sampled_gnn, metric_val) = (['gmm', 'gmm', 2, 220], 0.8625760649087221)
INFO:nas.trainer:eval | (sampled_gnn, metric_val) = (['gin', 'gcn', 2, 200], 0.8549695740365112)
INFO:nas.trainer:eval | (sampled_gnn, metric_val) = (['gcn', 'gcn', 2, 220], 0.8445740365111561)
INFO:nas.trainer:eval | (sampled_gnn, metric_val) = (['sg', 'gcn', 2, 220], 0.8440669371196755)
INFO:nas.trainer:eval | (sampled_gnn, metric_val) = (['gin', 'sage', 2, 220], 0.8496450304259635)
INFO:nas.trainer:eval | (sampled_gnn, metric_val) = (['sg', 'gat', 2, 220], 0.8382352941176471)
INFO:nas.trainer:eval | (sampled_gnn, metric_val) = (['gcn', 'gcn', 2, 200], 0.8433062880324543)
INFO:nas.trainer:eval | (sampled_gnn, metric_val) = (['gmm', 'gin', 2, 220], 0.8286004056795132)
INFO:nas.trainer:eval | (sampled_gnn, metric_val) = (['gcn', 'gin', 2, 220], 0.8121196754563894)
INFO:nas.trainer:train | 10 era_time 1025.1455178260803
INFO:nas.trainer:eval | (sampled_gnn, metric_val) = (['gcn', 'gmm', 2, 220], 0.8488843813387424)
INFO:nas.trainer:eval | (sampled_gnn, metric_val) = (['tag', 'gcn', 2, 200], 0.8326572008113591)
INFO:nas.trainer:eval | (sampled_gnn, metric_val) = (['gcn', 'gmm', 2, 200], 0.845841784989858)
INFO:nas.trainer:eval | (sampled_gnn, metric_val) = (['gmm', 'gmm', 2, 200], 0.856237322515213)
INFO:nas.trainer:eval | (sampled_gnn, metric_val) = (['sage', 'gmm', 2, 200], 0.85420892494929)
INFO:nas.trainer:eval | (sampled_gnn, metric_val) = (['tag', 'gmm', 2, 200], 0.8199797160243407)
INFO:nas.trainer:eval | (sampled_gnn, metric_val) = (['ssg', 'gcn', 2, 200], 0.8316430020283976)
INFO:nas.trainer:eval | (sampled_gnn, metric_val) = (['gcn', 'gin', 2, 200], 0.8547160243407708)
INFO:nas.trainer:eval | (sampled_gnn, metric_val) = (['gmm', 'gmm', 2, 200], 0.8453346855983773)
INFO:nas.trainer:eval | (sampled_gnn, metric_val) = (['ssg', 'gmm', 2, 200], 0.8427991886409736)
INFO:nas.trainer:eval | (sampled_gnn, metric_val) = (['gcn', 'gmm', 2, 100], 0.8275862068965517)
INFO:nas.trainer:eval | (sampled_gnn, metric_val) = (['gcn', 'gmm', 2, 200], 0.8445740365111561)
INFO:nas.trainer:eval | (sampled_gnn, metric_val) = (['gcn', 'sage', 2, 200], 0.8450811359026369)
INFO:nas.trainer:eval | (sampled_gnn, metric_val) = (['gmm', 'sage', 2, 220], 0.853448275862069)
INFO:nas.trainer:eval | (sampled_gnn, metric_val) = (['gmm', 'gin', 2, 200], 0.8189655172413793)
INFO:nas.trainer:eval | (sampled_gnn, metric_val) = (['gat', 'gmm', 2, 200], 0.8443204868154158)
INFO:nas.trainer:eval | (sampled_gnn, metric_val) = (['sage', 'gat', 2, 220], 0.8400101419878296)
INFO:nas.trainer:eval | (sampled_gnn, metric_val) = (['gat', 'gin', 2, 220], 0.8463488843813387)
INFO:nas.trainer:eval | (sampled_gnn, metric_val) = (['gcn', 'gcn', 2, 200], 0.8407707910750507)
INFO:nas.trainer:eval | (sampled_gnn, metric_val) = (['gcn', 'gcn', 2, 200], 0.8443204868154158)
INFO:nas.trainer:train | 11 era_time 967.5269887447357
INFO:nas.trainer:eval | (sampled_gnn, metric_val) = (['sg', 'gcn', 2, 200], 0.84026369168357)
INFO:nas.trainer:eval | (sampled_gnn, metric_val) = (['gmm', 'gat', 2, 140], 0.8240365111561866)
INFO:nas.trainer:eval | (sampled_gnn, metric_val) = (['gcn', 'sage', 2, 220], 0.8491379310344828)
INFO:nas.trainer:eval | (sampled_gnn, metric_val) = (['gmm', 'gmm', 2, 200], 0.8610547667342799)
INFO:nas.trainer:eval | (sampled_gnn, metric_val) = (['gat', 'gcn', 2, 140], 0.822261663286004)
INFO:nas.trainer:eval | (sampled_gnn, metric_val) = (['gcn', 'gmm', 2, 100], 0.8176977687626775)
INFO:nas.trainer:eval | (sampled_gnn, metric_val) = (['gin', 'gmm', 2, 200], 0.8443204868154158)
INFO:nas.trainer:eval | (sampled_gnn, metric_val) = (['gat', 'sage', 2, 200], 0.8405172413793104)
INFO:nas.trainer:eval | (sampled_gnn, metric_val) = (['gmm', 'gcn', 2, 220], 0.8488843813387424)
INFO:nas.trainer:eval | (sampled_gnn, metric_val) = (['gin', 'gcn', 2, 220], 0.8554766734279919)
INFO:nas.trainer:eval | (sampled_gnn, metric_val) = (['gmm', 'gcn', 2, 200], 0.8491379310344828)
INFO:nas.trainer:eval | (sampled_gnn, metric_val) = (['gmm', 'gin', 2, 200], 0.8204868154158215)
INFO:nas.trainer:eval | (sampled_gnn, metric_val) = (['gin', 'gcn', 2, 200], 0.856237322515213)
INFO:nas.trainer:eval | (sampled_gnn, metric_val) = (['gmm', 'gcn', 2, 200], 0.8463488843813387)
INFO:nas.trainer:eval | (sampled_gnn, metric_val) = (['ssg', 'gcn', 2, 220], 0.8450811359026369)
INFO:nas.trainer:eval | (sampled_gnn, metric_val) = (['gmm', 'sage', 2, 200], 0.8488843813387424)
INFO:nas.trainer:eval | (sampled_gnn, metric_val) = (['gmm', 'gmm', 2, 220], 0.8615618661257607)
INFO:nas.trainer:eval | (sampled_gnn, metric_val) = (['gmm', 'gcn', 2, 220], 0.8511663286004056)
INFO:nas.trainer:eval | (sampled_gnn, metric_val) = (['gmm', 'gmm', 2, 220], 0.8610547667342799)
INFO:nas.trainer:eval | (sampled_gnn, metric_val) = (['gmm', 'gcn', 2, 200], 0.8504056795131846)
INFO:nas.trainer:train | 12 era_time 860.3262865543365
INFO:nas.trainer:eval | (sampled_gnn, metric_val) = (['sage', 'sg', 2, 220], 0.845841784989858)
INFO:nas.trainer:eval | (sampled_gnn, metric_val) = (['gcn', 'gmm', 2, 140], 0.8204868154158215)
INFO:nas.trainer:eval | (sampled_gnn, metric_val) = (['gmm', 'gmm', 2, 200], 0.8615618661257607)
INFO:nas.trainer:eval | (sampled_gnn, metric_val) = (['sg', 'gmm', 2, 200], 0.8435598377281948)
INFO:nas.trainer:eval | (sampled_gnn, metric_val) = (['sage', 'tag', 2, 220], 0.8240365111561866)
INFO:nas.trainer:eval | (sampled_gnn, metric_val) = (['gcn', 'gmm', 2, 200], 0.8506592292089249)
INFO:nas.trainer:eval | (sampled_gnn, metric_val) = (['sage', 'gcn', 2, 200], 0.8468559837728195)
INFO:nas.trainer:eval | (sampled_gnn, metric_val) = (['gmm', 'gmm', 2, 200], 0.8585192697768763)
INFO:nas.trainer:eval | (sampled_gnn, metric_val) = (['gcn', 'gmm', 2, 220], 0.8524340770791075)
INFO:nas.trainer:eval | (sampled_gnn, metric_val) = (['gmm', 'gat', 2, 220], 0.8463488843813387)
INFO:nas.trainer:eval | (sampled_gnn, metric_val) = (['gcn', 'gmm', 2, 200], 0.8509127789046653)
INFO:nas.trainer:eval | (sampled_gnn, metric_val) = (['gmm', 'gcn', 2, 200], 0.8445740365111561)
INFO:nas.trainer:eval | (sampled_gnn, metric_val) = (['gmm', 'gcn', 2, 220], 0.8501521298174443)
INFO:nas.trainer:eval | (sampled_gnn, metric_val) = (['gmm', 'gmm', 2, 200], 0.8569979716024341)
INFO:nas.trainer:eval | (sampled_gnn, metric_val) = (['gat', 'sage', 2, 220], 0.8496450304259635)
INFO:nas.trainer:eval | (sampled_gnn, metric_val) = (['gcn', 'tag', 2, 200], 0.8085699797160243)
INFO:nas.trainer:eval | (sampled_gnn, metric_val) = (['gcn', 'gmm', 2, 220], 0.8524340770791075)
INFO:nas.trainer:eval | (sampled_gnn, metric_val) = (['gcn', 'gat', 2, 220], 0.8382352941176471)
INFO:nas.trainer:eval | (sampled_gnn, metric_val) = (['gcn', 'sage', 2, 220], 0.8455882352941176)
INFO:nas.trainer:eval | (sampled_gnn, metric_val) = (['gmm', 'sage', 2, 200], 0.8488843813387424)
INFO:nas.trainer:train | 13 era_time 859.5165801048279
INFO:nas.trainer:eval | (sampled_gnn, metric_val) = (['gcn', 'sage', 2, 220], 0.8471095334685599)
INFO:nas.trainer:eval | (sampled_gnn, metric_val) = (['gmm', 'sg', 2, 220], 0.8488843813387424)
INFO:nas.trainer:eval | (sampled_gnn, metric_val) = (['gmm', 'gmm', 2, 200], 0.8587728194726166)
INFO:nas.trainer:eval | (sampled_gnn, metric_val) = (['gmm', 'gmm', 2, 200], 0.856237322515213)
INFO:nas.trainer:eval | (sampled_gnn, metric_val) = (['gmm', 'sage', 2, 200], 0.8521805273833671)
INFO:nas.trainer:eval | (sampled_gnn, metric_val) = (['gmm', 'gmm', 2, 200], 0.8567444219066938)
INFO:nas.trainer:eval | (sampled_gnn, metric_val) = (['gcn', 'gcn', 2, 220], 0.8435598377281948)
INFO:nas.trainer:eval | (sampled_gnn, metric_val) = (['gmm', 'gmm', 2, 160], 0.8526876267748479)
INFO:nas.trainer:eval | (sampled_gnn, metric_val) = (['gcn', 'gmm', 2, 220], 0.8526876267748479)
INFO:nas.trainer:eval | (sampled_gnn, metric_val) = (['gin', 'gmm', 2, 220], 0.8572515212981744)
INFO:nas.trainer:eval | (sampled_gnn, metric_val) = (['gmm', 'gcn', 2, 220], 0.848630831643002)
INFO:nas.trainer:eval | (sampled_gnn, metric_val) = (['gin', 'gcn', 2, 200], 0.8623225152129818)
INFO:nas.trainer:eval | (sampled_gnn, metric_val) = (['gat', 'gmm', 2, 220], 0.8504056795131846)
INFO:nas.trainer:eval | (sampled_gnn, metric_val) = (['gcn', 'gcn', 2, 200], 0.8392494929006086)
INFO:nas.trainer:eval | (sampled_gnn, metric_val) = (['tag', 'gcn', 2, 140], 0.8265720081135902)
INFO:nas.trainer:eval | (sampled_gnn, metric_val) = (['gmm', 'gcn', 2, 200], 0.8493914807302231)
INFO:nas.trainer:eval | (sampled_gnn, metric_val) = (['gmm', 'gmm', 2, 200], 0.8625760649087221)
INFO:nas.trainer:eval | (sampled_gnn, metric_val) = (['gcn', 'sg', 2, 220], 0.8400101419878296)
INFO:nas.trainer:eval | (sampled_gnn, metric_val) = (['gat', 'sage', 2, 220], 0.8488843813387424)
INFO:nas.trainer:eval | (sampled_gnn, metric_val) = (['gin', 'ssg', 2, 200], 0.8577586206896551)
INFO:nas.trainer:train | 14 era_time 858.546115398407
INFO:nas.trainer:eval | (sampled_gnn, metric_val) = (['gmm', 'sage', 2, 220], 0.8564908722109533)
INFO:nas.trainer:eval | (sampled_gnn, metric_val) = (['gcn', 'tag', 2, 200], 0.8022312373225152)
INFO:nas.trainer:eval | (sampled_gnn, metric_val) = (['sage', 'gmm', 2, 200], 0.856237322515213)
INFO:nas.trainer:eval | (sampled_gnn, metric_val) = (['gmm', 'sage', 2, 220], 0.8554766734279919)
INFO:nas.trainer:eval | (sampled_gnn, metric_val) = (['gat', 'gmm', 2, 200], 0.8460953346855984)
INFO:nas.trainer:eval | (sampled_gnn, metric_val) = (['gmm', 'gmm', 2, 200], 0.8575050709939148)
INFO:nas.trainer:eval | (sampled_gnn, metric_val) = (['gcn', 'gmm', 2, 220], 0.8491379310344828)
INFO:nas.trainer:eval | (sampled_gnn, metric_val) = (['gcn', 'gmm', 2, 220], 0.8516734279918864)
INFO:nas.trainer:eval | (sampled_gnn, metric_val) = (['tag', 'gcn', 2, 220], 0.8316430020283976)
INFO:nas.trainer:eval | (sampled_gnn, metric_val) = (['tag', 'gmm', 2, 220], 0.8207403651115619)
INFO:nas.trainer:eval | (sampled_gnn, metric_val) = (['gmm', 'gmm', 2, 220], 0.8613083164300203)
INFO:nas.trainer:eval | (sampled_gnn, metric_val) = (['gcn', 'gcn', 2, 200], 0.8397565922920892)
INFO:nas.trainer:eval | (sampled_gnn, metric_val) = (['gin', 'sage', 2, 220], 0.845841784989858)
INFO:nas.trainer:eval | (sampled_gnn, metric_val) = (['sage', 'gmm', 2, 220], 0.8572515212981744)
INFO:nas.trainer:eval | (sampled_gnn, metric_val) = (['gcn', 'gmm', 2, 200], 0.8483772819472617)
INFO:nas.trainer:eval | (sampled_gnn, metric_val) = (['sage', 'gmm', 2, 200], 0.8569979716024341)
INFO:nas.trainer:eval | (sampled_gnn, metric_val) = (['gmm', 'gcn', 2, 200], 0.8466024340770791)
INFO:nas.trainer:eval | (sampled_gnn, metric_val) = (['sage', 'gcn', 2, 220], 0.8496450304259635)
INFO:nas.trainer:eval | (sampled_gnn, metric_val) = (['gmm', 'gmm', 2, 200], 0.8567444219066938)
INFO:nas.trainer:eval | (sampled_gnn, metric_val) = (['gmm', 'gcn', 2, 220], 0.8473630831643002)
INFO:nas.trainer:train | 15 era_time 979.596156835556
INFO:nas.trainer:eval | (sampled_gnn, metric_val) = (['gcn', 'sage', 2, 200], 0.848630831643002)
INFO:nas.trainer:eval | (sampled_gnn, metric_val) = (['gmm', 'gmm', 2, 220], 0.8572515212981744)
INFO:nas.trainer:eval | (sampled_gnn, metric_val) = (['sage', 'sage', 2, 200], 0.8488843813387424)
INFO:nas.trainer:eval | (sampled_gnn, metric_val) = (['gmm', 'sage', 2, 220], 0.853448275862069)
INFO:nas.trainer:eval | (sampled_gnn, metric_val) = (['sage', 'gcn', 2, 200], 0.8466024340770791)
INFO:nas.trainer:eval | (sampled_gnn, metric_val) = (['gat', 'sage', 2, 220], 0.8450811359026369)
INFO:nas.trainer:eval | (sampled_gnn, metric_val) = (['sg', 'sage', 2, 220], 0.848630831643002)
INFO:nas.trainer:eval | (sampled_gnn, metric_val) = (['gcn', 'gmm', 2, 200], 0.8506592292089249)
INFO:nas.trainer:eval | (sampled_gnn, metric_val) = (['gmm', 'gmm', 2, 220], 0.8602941176470589)
INFO:nas.trainer:eval | (sampled_gnn, metric_val) = (['gmm', 'sage', 2, 200], 0.8529411764705882)
INFO:nas.trainer:eval | (sampled_gnn, metric_val) = (['tag', 'gmm', 2, 220], 0.8435598377281948)
INFO:nas.trainer:eval | (sampled_gnn, metric_val) = (['gcn', 'gin', 2, 200], 0.8552231237322515)
INFO:nas.trainer:eval | (sampled_gnn, metric_val) = (['gmm', 'gcn', 2, 200], 0.8506592292089249)
INFO:nas.trainer:eval | (sampled_gnn, metric_val) = (['gcn', 'gat', 2, 200], 0.8255578093306288)
INFO:nas.trainer:eval | (sampled_gnn, metric_val) = (['gin', 'gmm', 2, 200], 0.8476166328600405)
INFO:nas.trainer:eval | (sampled_gnn, metric_val) = (['sage', 'sg', 2, 220], 0.8463488843813387)
INFO:nas.trainer:eval | (sampled_gnn, metric_val) = (['gcn', 'sage', 2, 200], 0.8445740365111561)
INFO:nas.trainer:eval | (sampled_gnn, metric_val) = (['gcn', 'gmm', 2, 220], 0.8488843813387424)
INFO:nas.trainer:eval | (sampled_gnn, metric_val) = (['sage', 'gcn', 2, 200], 0.8445740365111561)
INFO:nas.trainer:eval | (sampled_gnn, metric_val) = (['gmm', 'gmm', 2, 200], 0.8569979716024341)
INFO:nas.trainer:train | 16 era_time 953.5386321544647
INFO:nas.trainer:eval | (sampled_gnn, metric_val) = (['sage', 'gmm', 2, 220], 0.8577586206896551)
INFO:nas.trainer:eval | (sampled_gnn, metric_val) = (['gmm', 'gmm', 2, 220], 0.8625760649087221)
INFO:nas.trainer:eval | (sampled_gnn, metric_val) = (['gcn', 'gcn', 2, 200], 0.8395030425963489)
INFO:nas.trainer:eval | (sampled_gnn, metric_val) = (['tag', 'gmm', 2, 220], 0.8435598377281948)
INFO:nas.trainer:eval | (sampled_gnn, metric_val) = (['gcn', 'gmm', 2, 200], 0.8445740365111561)
INFO:nas.trainer:eval | (sampled_gnn, metric_val) = (['gcn', 'sage', 2, 220], 0.8504056795131846)
INFO:nas.trainer:eval | (sampled_gnn, metric_val) = (['gmm', 'gmm', 2, 220], 0.8585192697768763)
INFO:nas.trainer:eval | (sampled_gnn, metric_val) = (['gmm', 'gmm', 2, 220], 0.8587728194726166)
INFO:nas.trainer:eval | (sampled_gnn, metric_val) = (['gat', 'gmm', 2, 200], 0.8435598377281948)
INFO:nas.trainer:eval | (sampled_gnn, metric_val) = (['gcn', 'gmm', 2, 220], 0.8498985801217038)
INFO:nas.trainer:eval | (sampled_gnn, metric_val) = (['gcn', 'gmm', 2, 220], 0.8427991886409736)
INFO:nas.trainer:eval | (sampled_gnn, metric_val) = (['gmm', 'sage', 2, 200], 0.8509127789046653)
INFO:nas.trainer:eval | (sampled_gnn, metric_val) = (['gat', 'gmm', 2, 200], 0.8463488843813387)
INFO:nas.trainer:eval | (sampled_gnn, metric_val) = (['gmm', 'gmm', 2, 220], 0.8597870182555781)
INFO:nas.trainer:eval | (sampled_gnn, metric_val) = (['gmm', 'gcn', 2, 180], 0.8471095334685599)
INFO:nas.trainer:eval | (sampled_gnn, metric_val) = (['gcn', 'gmm', 2, 200], 0.8504056795131846)
INFO:nas.trainer:eval | (sampled_gnn, metric_val) = (['gcn', 'gmm', 2, 200], 0.8516734279918864)
INFO:nas.trainer:eval | (sampled_gnn, metric_val) = (['gin', 'gmm', 2, 200], 0.8531947261663286)
INFO:nas.trainer:eval | (sampled_gnn, metric_val) = (['gmm', 'gmm', 2, 200], 0.8580121703853956)
INFO:nas.trainer:eval | (sampled_gnn, metric_val) = (['gcn', 'gmm', 2, 220], 0.8511663286004056)
INFO:nas.trainer:train | 17 era_time 861.3104350566864
INFO:nas.trainer:eval | (sampled_gnn, metric_val) = (['gat', 'gcn', 2, 200], 0.8339249492900609)
INFO:nas.trainer:eval | (sampled_gnn, metric_val) = (['sage', 'gmm', 2, 220], 0.8608012170385395)
INFO:nas.trainer:eval | (sampled_gnn, metric_val) = (['gcn', 'gcn', 2, 220], 0.8425456389452333)
INFO:nas.trainer:eval | (sampled_gnn, metric_val) = (['ssg', 'sg', 2, 200], 0.8382352941176471)
INFO:nas.trainer:eval | (sampled_gnn, metric_val) = (['gcn', 'sage', 2, 220], 0.8476166328600405)
INFO:nas.trainer:eval | (sampled_gnn, metric_val) = (['gcn', 'gmm', 2, 200], 0.8450811359026369)
INFO:nas.trainer:eval | (sampled_gnn, metric_val) = (['gmm', 'gcn', 2, 220], 0.8491379310344828)
INFO:nas.trainer:eval | (sampled_gnn, metric_val) = (['gcn', 'gcn', 2, 120], 0.8240365111561866)
INFO:nas.trainer:eval | (sampled_gnn, metric_val) = (['gmm', 'gmm', 2, 220], 0.8620689655172413)
INFO:nas.trainer:eval | (sampled_gnn, metric_val) = (['gmm', 'gcn', 2, 220], 0.8511663286004056)
INFO:nas.trainer:eval | (sampled_gnn, metric_val) = (['gmm', 'gmm', 2, 200], 0.8564908722109533)
INFO:nas.trainer:eval | (sampled_gnn, metric_val) = (['gin', 'gmm', 2, 200], 0.8521805273833671)
INFO:nas.trainer:eval | (sampled_gnn, metric_val) = (['gmm', 'sage', 2, 200], 0.8519269776876268)
INFO:nas.trainer:eval | (sampled_gnn, metric_val) = (['gmm', 'gmm', 2, 200], 0.85420892494929)
INFO:nas.trainer:eval | (sampled_gnn, metric_val) = (['gin', 'gmm', 2, 200], 0.8575050709939148)
INFO:nas.trainer:eval | (sampled_gnn, metric_val) = (['gmm', 'gmm', 2, 200], 0.8580121703853956)
INFO:nas.trainer:eval | (sampled_gnn, metric_val) = (['gcn', 'gcn', 2, 220], 0.8445740365111561)
INFO:nas.trainer:eval | (sampled_gnn, metric_val) = (['gcn', 'gat', 2, 200], 0.8265720081135902)
INFO:nas.trainer:eval | (sampled_gnn, metric_val) = (['gat', 'gcn', 2, 200], 0.8372210953346856)
INFO:nas.trainer:eval | (sampled_gnn, metric_val) = (['gcn', 'sage', 2, 140], 0.8339249492900609)
INFO:nas.trainer:train | 18 era_time 836.9621222019196
INFO:nas.trainer:eval | (sampled_gnn, metric_val) = (['sage', 'gcn', 2, 220], 0.8466024340770791)
INFO:nas.trainer:eval | (sampled_gnn, metric_val) = (['gmm', 'sage', 2, 200], 0.8514198782961461)
INFO:nas.trainer:eval | (sampled_gnn, metric_val) = (['gmm', 'gat', 2, 160], 0.8359533468559838)
INFO:nas.trainer:eval | (sampled_gnn, metric_val) = (['gin', 'gmm', 2, 220], 0.847870182555781)
INFO:nas.trainer:eval | (sampled_gnn, metric_val) = (['gmm', 'sg', 2, 200], 0.8349391480730223)
INFO:nas.trainer:eval | (sampled_gnn, metric_val) = (['gmm', 'gmm', 2, 200], 0.8580121703853956)
INFO:nas.trainer:eval | (sampled_gnn, metric_val) = (['gin', 'gmm', 2, 220], 0.8529411764705882)
INFO:nas.trainer:eval | (sampled_gnn, metric_val) = (['gmm', 'gcn', 2, 220], 0.8463488843813387)
INFO:nas.trainer:eval | (sampled_gnn, metric_val) = (['gcn', 'sage', 2, 200], 0.8435598377281948)
INFO:nas.trainer:eval | (sampled_gnn, metric_val) = (['ssg', 'gcn', 2, 180], 0.8407707910750507)
INFO:nas.trainer:eval | (sampled_gnn, metric_val) = (['sage', 'gcn', 2, 200], 0.8468559837728195)
INFO:nas.trainer:eval | (sampled_gnn, metric_val) = (['gmm', 'sage', 2, 220], 0.8537018255578094)
INFO:nas.trainer:eval | (sampled_gnn, metric_val) = (['gmm', 'sage', 2, 220], 0.8554766734279919)
INFO:nas.trainer:eval | (sampled_gnn, metric_val) = (['sage', 'gcn', 2, 220], 0.8468559837728195)
INFO:nas.trainer:eval | (sampled_gnn, metric_val) = (['gmm', 'gcn', 2, 200], 0.8476166328600405)
INFO:nas.trainer:eval | (sampled_gnn, metric_val) = (['gcn', 'gmm', 2, 220], 0.8504056795131846)
INFO:nas.trainer:eval | (sampled_gnn, metric_val) = (['gcn', 'gmm', 2, 220], 0.853448275862069)
INFO:nas.trainer:eval | (sampled_gnn, metric_val) = (['gcn', 'gin', 2, 220], 0.8488843813387424)
INFO:nas.trainer:eval | (sampled_gnn, metric_val) = (['gmm', 'gmm', 2, 140], 0.8415314401622718)
INFO:nas.trainer:eval | (sampled_gnn, metric_val) = (['gmm', 'gmm', 2, 200], 0.8511663286004056)
INFO:nas.trainer:train | 19 era_time 870.5213079452515
INFO:nas.trainer:eval | (sampled_gnn, metric_val) = (['gmm', 'gmm', 2, 200], 0.8554766734279919)
INFO:nas.trainer:eval | (sampled_gnn, metric_val) = (['gcn', 'gmm', 2, 220], 0.8531947261663286)
INFO:nas.trainer:eval | (sampled_gnn, metric_val) = (['gcn', 'gcn', 2, 200], 0.84026369168357)
INFO:nas.trainer:eval | (sampled_gnn, metric_val) = (['gcn', 'gmm', 2, 220], 0.853448275862069)
INFO:nas.trainer:eval | (sampled_gnn, metric_val) = (['gmm', 'gmm', 2, 180], 0.8580121703853956)
INFO:nas.trainer:eval | (sampled_gnn, metric_val) = (['gcn', 'gmm', 2, 220], 0.8519269776876268)
INFO:nas.trainer:eval | (sampled_gnn, metric_val) = (['gin', 'gat', 2, 220], 0.847870182555781)
INFO:nas.trainer:eval | (sampled_gnn, metric_val) = (['sage', 'gat', 2, 200], 0.8400101419878296)
INFO:nas.trainer:eval | (sampled_gnn, metric_val) = (['gmm', 'sage', 2, 220], 0.8524340770791075)
INFO:nas.trainer:eval | (sampled_gnn, metric_val) = (['sg', 'gmm', 2, 220], 0.8476166328600405)
INFO:nas.trainer:eval | (sampled_gnn, metric_val) = (['gmm', 'gcn', 2, 220], 0.8506592292089249)
INFO:nas.trainer:eval | (sampled_gnn, metric_val) = (['sage', 'sage', 2, 220], 0.8521805273833671)
INFO:nas.trainer:eval | (sampled_gnn, metric_val) = (['gmm', 'gcn', 2, 220], 0.8511663286004056)
INFO:nas.trainer:eval | (sampled_gnn, metric_val) = (['gmm', 'ssg', 2, 220], 0.8466024340770791)
INFO:nas.trainer:eval | (sampled_gnn, metric_val) = (['sage', 'gmm', 2, 200], 0.8608012170385395)
INFO:nas.trainer:eval | (sampled_gnn, metric_val) = (['gmm', 'gcn', 2, 220], 0.8509127789046653)
INFO:nas.trainer:eval | (sampled_gnn, metric_val) = (['gcn', 'gmm', 2, 200], 0.8400101419878296)
INFO:nas.trainer:eval | (sampled_gnn, metric_val) = (['gcn', 'gin', 2, 200], 0.8630831643002028)
INFO:nas.trainer:eval | (sampled_gnn, metric_val) = (['gmm', 'gmm', 2, 220], 0.8580121703853956)
INFO:nas.trainer:eval | (sampled_gnn, metric_val) = (['sage', 'sage', 2, 200], 0.8491379310344828)
INFO:nas.trainer:train | 20 era_time 910.7292466163635
INFO:nas.trainer:eval | (sampled_gnn, metric_val) = (['gmm', 'gcn', 2, 220], 0.8498985801217038)
INFO:nas.trainer:eval | (sampled_gnn, metric_val) = (['gcn', 'gmm', 2, 200], 0.845841784989858)
INFO:nas.trainer:eval | (sampled_gnn, metric_val) = (['sage', 'sage', 2, 200], 0.8504056795131846)
INFO:nas.trainer:eval | (sampled_gnn, metric_val) = (['gcn', 'gmm', 2, 220], 0.8539553752535497)
INFO:nas.trainer:eval | (sampled_gnn, metric_val) = (['gcn', 'gin', 2, 200], 0.8481237322515213)
INFO:nas.trainer:eval | (sampled_gnn, metric_val) = (['gmm', 'gmm', 2, 200], 0.8582657200811359)
INFO:nas.trainer:eval | (sampled_gnn, metric_val) = (['ssg', 'sage', 2, 200], 0.8433062880324543)
INFO:nas.trainer:eval | (sampled_gnn, metric_val) = (['gmm', 'gin', 2, 200], 0.8253042596348884)
INFO:nas.trainer:eval | (sampled_gnn, metric_val) = (['sage', 'gin', 2, 220], 0.8073022312373225)
INFO:nas.trainer:eval | (sampled_gnn, metric_val) = (['gat', 'gmm', 2, 200], 0.8425456389452333)
INFO:nas.trainer:eval | (sampled_gnn, metric_val) = (['gmm', 'gmm', 2, 220], 0.8448275862068966)
INFO:nas.trainer:eval | (sampled_gnn, metric_val) = (['gmm', 'gcn', 2, 220], 0.8466024340770791)
INFO:nas.trainer:eval | (sampled_gnn, metric_val) = (['gat', 'gmm', 2, 200], 0.835446247464503)
INFO:nas.trainer:eval | (sampled_gnn, metric_val) = (['gmm', 'sage', 2, 220], 0.8564908722109533)
INFO:nas.trainer:eval | (sampled_gnn, metric_val) = (['gcn', 'gin', 2, 200], 0.847870182555781)
INFO:nas.trainer:eval | (sampled_gnn, metric_val) = (['tag', 'gcn', 2, 100], 0.8182048681541582)
INFO:nas.trainer:eval | (sampled_gnn, metric_val) = (['sage', 'gmm', 2, 200], 0.8587728194726166)
INFO:nas.trainer:eval | (sampled_gnn, metric_val) = (['ssg', 'gmm', 2, 200], 0.8460953346855984)
INFO:nas.trainer:eval | (sampled_gnn, metric_val) = (['gmm', 'gmm', 2, 200], 0.8585192697768763)
INFO:nas.trainer:eval | (sampled_gnn, metric_val) = (['gcn', 'gmm', 2, 220], 0.8526876267748479)
INFO:nas.trainer:train | 21 era_time 899.4028117656708
INFO:nas.trainer:eval | (sampled_gnn, metric_val) = (['gmm', 'gcn', 2, 220], 0.8509127789046653)
INFO:nas.trainer:eval | (sampled_gnn, metric_val) = (['gin', 'sage', 2, 200], 0.8537018255578094)
INFO:nas.trainer:eval | (sampled_gnn, metric_val) = (['sage', 'sage', 2, 220], 0.8547160243407708)
INFO:nas.trainer:eval | (sampled_gnn, metric_val) = (['gcn', 'gmm', 2, 220], 0.8501521298174443)
INFO:nas.trainer:eval | (sampled_gnn, metric_val) = (['gmm', 'sage', 2, 200], 0.853448275862069)
INFO:nas.trainer:eval | (sampled_gnn, metric_val) = (['gmm', 'gmm', 2, 220], 0.8605476673427992)
INFO:nas.trainer:eval | (sampled_gnn, metric_val) = (['gin', 'gmm', 2, 200], 0.8438133874239351)
INFO:nas.trainer:eval | (sampled_gnn, metric_val) = (['gcn', 'gcn', 2, 220], 0.8433062880324543)
INFO:nas.trainer:eval | (sampled_gnn, metric_val) = (['gmm', 'gcn', 2, 220], 0.8493914807302231)
INFO:nas.trainer:eval | (sampled_gnn, metric_val) = (['gmm', 'gmm', 2, 200], 0.8633367139959433)
INFO:nas.trainer:eval | (sampled_gnn, metric_val) = (['gcn', 'gmm', 2, 200], 0.8496450304259635)
INFO:nas.trainer:eval | (sampled_gnn, metric_val) = (['gcn', 'gmm', 2, 200], 0.8463488843813387)
INFO:nas.trainer:eval | (sampled_gnn, metric_val) = (['gmm', 'sage', 2, 220], 0.8521805273833671)
INFO:nas.trainer:eval | (sampled_gnn, metric_val) = (['gmm', 'gmm', 2, 200], 0.8547160243407708)
INFO:nas.trainer:eval | (sampled_gnn, metric_val) = (['gmm', 'gmm', 2, 200], 0.853448275862069)
INFO:nas.trainer:eval | (sampled_gnn, metric_val) = (['gcn', 'gmm', 2, 220], 0.8511663286004056)
INFO:nas.trainer:eval | (sampled_gnn, metric_val) = (['gin', 'gmm', 2, 220], 0.8471095334685599)
INFO:nas.trainer:eval | (sampled_gnn, metric_val) = (['gcn', 'gmm', 2, 220], 0.8531947261663286)
INFO:nas.trainer:eval | (sampled_gnn, metric_val) = (['gcn', 'gmm', 2, 200], 0.8493914807302231)
INFO:nas.trainer:eval | (sampled_gnn, metric_val) = (['gmm', 'gcn', 2, 200], 0.8491379310344828)
INFO:nas.trainer:train | 22 era_time 853.543247461319
INFO:nas.trainer:eval | (sampled_gnn, metric_val) = (['gcn', 'sage', 2, 200], 0.8450811359026369)
INFO:nas.trainer:eval | (sampled_gnn, metric_val) = (['gcn', 'gmm', 2, 200], 0.8382352941176471)
INFO:nas.trainer:eval | (sampled_gnn, metric_val) = (['gcn', 'gmm', 2, 200], 0.8405172413793104)
INFO:nas.trainer:eval | (sampled_gnn, metric_val) = (['gmm', 'gmm', 2, 220], 0.8605476673427992)
INFO:nas.trainer:eval | (sampled_gnn, metric_val) = (['gmm', 'gmm', 2, 220], 0.8608012170385395)
INFO:nas.trainer:eval | (sampled_gnn, metric_val) = (['gmm', 'gcn', 2, 220], 0.847870182555781)
INFO:nas.trainer:eval | (sampled_gnn, metric_val) = (['gmm', 'gmm', 2, 220], 0.8643509127789046)
INFO:nas.trainer:eval | (sampled_gnn, metric_val) = (['gin', 'gmm', 2, 200], 0.8537018255578094)
INFO:nas.trainer:eval | (sampled_gnn, metric_val) = (['sage', 'gmm', 2, 220], 0.8600405679513184)
INFO:nas.trainer:eval | (sampled_gnn, metric_val) = (['gmm', 'gmm', 2, 220], 0.8585192697768763)
INFO:nas.trainer:eval | (sampled_gnn, metric_val) = (['gmm', 'gmm', 2, 220], 0.8623225152129818)
INFO:nas.trainer:eval | (sampled_gnn, metric_val) = (['sage', 'gmm', 2, 200], 0.8537018255578094)
INFO:nas.trainer:eval | (sampled_gnn, metric_val) = (['tag', 'gcn', 2, 220], 0.8344320486815415)
INFO:nas.trainer:eval | (sampled_gnn, metric_val) = (['sg', 'gmm', 2, 200], 0.8473630831643002)
INFO:nas.trainer:eval | (sampled_gnn, metric_val) = (['ssg', 'gcn', 2, 220], 0.8445740365111561)
INFO:nas.trainer:eval | (sampled_gnn, metric_val) = (['gmm', 'sage', 2, 200], 0.847870182555781)
INFO:nas.trainer:eval | (sampled_gnn, metric_val) = (['gmm', 'gmm', 2, 220], 0.8575050709939148)
INFO:nas.trainer:eval | (sampled_gnn, metric_val) = (['gmm', 'gcn', 2, 220], 0.847870182555781)
INFO:nas.trainer:eval | (sampled_gnn, metric_val) = (['sage', 'gmm', 2, 220], 0.8615618661257607)
INFO:nas.trainer:eval | (sampled_gnn, metric_val) = (['sage', 'gmm', 2, 220], 0.8605476673427992)
INFO:nas.trainer:train | 23 era_time 1010.1787405014038
INFO:nas.trainer:eval | (sampled_gnn, metric_val) = (['gcn', 'gmm', 2, 220], 0.8519269776876268)
INFO:nas.trainer:eval | (sampled_gnn, metric_val) = (['ssg', 'gcn', 2, 200], 0.8405172413793104)
INFO:nas.trainer:eval | (sampled_gnn, metric_val) = (['gmm', 'gmm', 2, 220], 0.8661257606490872)
INFO:nas.trainer:eval | (sampled_gnn, metric_val) = (['sage', 'sage', 2, 220], 0.8504056795131846)
INFO:nas.trainer:eval | (sampled_gnn, metric_val) = (['gcn', 'gmm', 2, 220], 0.8501521298174443)
INFO:nas.trainer:eval | (sampled_gnn, metric_val) = (['gmm', 'gmm', 2, 200], 0.8567444219066938)
INFO:nas.trainer:eval | (sampled_gnn, metric_val) = (['gmm', 'gmm', 2, 200], 0.8595334685598377)
INFO:nas.trainer:eval | (sampled_gnn, metric_val) = (['gcn', 'gmm', 2, 200], 0.8524340770791075)
INFO:nas.trainer:eval | (sampled_gnn, metric_val) = (['gcn', 'gmm', 2, 220], 0.8443204868154158)
INFO:nas.trainer:eval | (sampled_gnn, metric_val) = (['gcn', 'gmm', 2, 200], 0.8481237322515213)
INFO:nas.trainer:eval | (sampled_gnn, metric_val) = (['gat', 'gmm', 2, 220], 0.8460953346855984)
INFO:nas.trainer:eval | (sampled_gnn, metric_val) = (['gcn', 'sage', 2, 220], 0.8455882352941176)
INFO:nas.trainer:eval | (sampled_gnn, metric_val) = (['gcn', 'gin', 2, 200], 0.8460953346855984)
INFO:nas.trainer:eval | (sampled_gnn, metric_val) = (['gmm', 'gmm', 2, 220], 0.8615618661257607)
INFO:nas.trainer:eval | (sampled_gnn, metric_val) = (['gat', 'gmm', 2, 220], 0.8417849898580122)
INFO:nas.trainer:eval | (sampled_gnn, metric_val) = (['gat', 'gcn', 2, 200], 0.835446247464503)
INFO:nas.trainer:eval | (sampled_gnn, metric_val) = (['gcn', 'gcn', 2, 220], 0.8433062880324543)
INFO:nas.trainer:eval | (sampled_gnn, metric_val) = (['gcn', 'sage', 2, 220], 0.8476166328600405)
INFO:nas.trainer:eval | (sampled_gnn, metric_val) = (['gmm', 'ssg', 2, 200], 0.8448275862068966)
INFO:nas.trainer:eval | (sampled_gnn, metric_val) = (['gcn', 'gmm', 2, 200], 0.8498985801217038)
INFO:nas.trainer:train | 24 era_time 830.0359897613525
INFO:nas.trainer:eval | (sampled_gnn, metric_val) = (['gmm', 'gmm', 2, 220], 0.8569979716024341)
INFO:nas.trainer:eval | (sampled_gnn, metric_val) = (['gcn', 'gcn', 2, 220], 0.8433062880324543)
INFO:nas.trainer:eval | (sampled_gnn, metric_val) = (['gcn', 'gmm', 2, 200], 0.848630831643002)
INFO:nas.trainer:eval | (sampled_gnn, metric_val) = (['tag', 'gmm', 2, 200], 0.8420385395537525)
INFO:nas.trainer:eval | (sampled_gnn, metric_val) = (['gmm', 'gmm', 2, 220], 0.8585192697768763)
INFO:nas.trainer:eval | (sampled_gnn, metric_val) = (['gmm', 'gmm', 2, 220], 0.861815415821501)
INFO:nas.trainer:eval | (sampled_gnn, metric_val) = (['gcn', 'gmm', 2, 140], 0.8387423935091278)
INFO:nas.trainer:eval | (sampled_gnn, metric_val) = (['ssg', 'gmm', 2, 220], 0.8483772819472617)
INFO:nas.trainer:eval | (sampled_gnn, metric_val) = (['gmm', 'sage', 2, 200], 0.847870182555781)
INFO:nas.trainer:eval | (sampled_gnn, metric_val) = (['gmm', 'gmm', 2, 220], 0.8448275862068966)
INFO:nas.trainer:eval | (sampled_gnn, metric_val) = (['gmm', 'gmm', 2, 140], 0.8471095334685599)
INFO:nas.trainer:eval | (sampled_gnn, metric_val) = (['gcn', 'sage', 2, 200], 0.8438133874239351)
INFO:nas.trainer:eval | (sampled_gnn, metric_val) = (['gmm', 'gmm', 2, 220], 0.8610547667342799)
INFO:nas.trainer:eval | (sampled_gnn, metric_val) = (['gmm', 'gmm', 2, 200], 0.8585192697768763)
INFO:nas.trainer:eval | (sampled_gnn, metric_val) = (['gmm', 'sage', 2, 220], 0.8554766734279919)
INFO:nas.trainer:eval | (sampled_gnn, metric_val) = (['gmm', 'sage', 2, 200], 0.8514198782961461)
INFO:nas.trainer:eval | (sampled_gnn, metric_val) = (['gmm', 'gmm', 2, 200], 0.8592799188640974)
INFO:nas.trainer:eval | (sampled_gnn, metric_val) = (['gin', 'gmm', 2, 220], 0.8468559837728195)
INFO:nas.trainer:eval | (sampled_gnn, metric_val) = (['gmm', 'gmm', 2, 220], 0.8554766734279919)
INFO:nas.trainer:eval | (sampled_gnn, metric_val) = (['gat', 'gmm', 2, 220], 0.8420385395537525)
INFO:nas.trainer:train | 25 era_time 860.0883376598358
INFO:nas.trainer:eval | (sampled_gnn, metric_val) = (['sg', 'gmm', 2, 200], 0.8511663286004056)
INFO:nas.trainer:eval | (sampled_gnn, metric_val) = (['gcn', 'gmm', 2, 200], 0.84026369168357)
INFO:nas.trainer:eval | (sampled_gnn, metric_val) = (['tag', 'gin', 2, 220], 0.8192190669371197)
INFO:nas.trainer:eval | (sampled_gnn, metric_val) = (['gmm', 'sage', 2, 200], 0.8531947261663286)
INFO:nas.trainer:eval | (sampled_gnn, metric_val) = (['gmm', 'gmm', 2, 200], 0.8615618661257607)
INFO:nas.trainer:eval | (sampled_gnn, metric_val) = (['gcn', 'gmm', 2, 200], 0.8453346855983773)
INFO:nas.trainer:eval | (sampled_gnn, metric_val) = (['gcn', 'gmm', 2, 220], 0.8516734279918864)
INFO:nas.trainer:eval | (sampled_gnn, metric_val) = (['gcn', 'gcn', 2, 220], 0.8435598377281948)
INFO:nas.trainer:eval | (sampled_gnn, metric_val) = (['gmm', 'sage', 2, 220], 0.8539553752535497)
INFO:nas.trainer:eval | (sampled_gnn, metric_val) = (['gmm', 'sage', 2, 220], 0.8539553752535497)
INFO:nas.trainer:eval | (sampled_gnn, metric_val) = (['gin', 'gcn', 2, 220], 0.8567444219066938)
INFO:nas.trainer:eval | (sampled_gnn, metric_val) = (['gmm', 'gmm', 2, 200], 0.8587728194726166)
INFO:nas.trainer:eval | (sampled_gnn, metric_val) = (['ssg', 'gmm', 2, 160], 0.8351926977687627)
INFO:nas.trainer:eval | (sampled_gnn, metric_val) = (['gmm', 'sage', 2, 200], 0.8498985801217038)
INFO:nas.trainer:eval | (sampled_gnn, metric_val) = (['gmm', 'gcn', 2, 220], 0.8516734279918864)
INFO:nas.trainer:eval | (sampled_gnn, metric_val) = (['gmm', 'gmm', 2, 200], 0.8582657200811359)
INFO:nas.trainer:eval | (sampled_gnn, metric_val) = (['sage', 'gmm', 2, 220], 0.8615618661257607)
INFO:nas.trainer:eval | (sampled_gnn, metric_val) = (['gmm', 'gcn', 2, 200], 0.8493914807302231)
INFO:nas.trainer:eval | (sampled_gnn, metric_val) = (['gcn', 'gmm', 2, 200], 0.847870182555781)
INFO:nas.trainer:eval | (sampled_gnn, metric_val) = (['gcn', 'gmm', 2, 200], 0.8504056795131846)
INFO:nas.trainer:train | 26 era_time 916.3500418663025
INFO:nas.trainer:eval | (sampled_gnn, metric_val) = (['gcn', 'gmm', 2, 220], 0.8526876267748479)
INFO:nas.trainer:eval | (sampled_gnn, metric_val) = (['gmm', 'gmm', 2, 220], 0.8605476673427992)
INFO:nas.trainer:eval | (sampled_gnn, metric_val) = (['gat', 'gmm', 2, 220], 0.8364604462474645)
INFO:nas.trainer:eval | (sampled_gnn, metric_val) = (['gmm', 'gcn', 2, 220], 0.8511663286004056)
INFO:nas.trainer:eval | (sampled_gnn, metric_val) = (['gmm', 'gmm', 2, 220], 0.8443204868154158)
INFO:nas.trainer:eval | (sampled_gnn, metric_val) = (['gcn', 'sage', 2, 220], 0.8468559837728195)
INFO:nas.trainer:eval | (sampled_gnn, metric_val) = (['gin', 'gmm', 2, 200], 0.8529411764705882)
INFO:nas.trainer:eval | (sampled_gnn, metric_val) = (['gmm', 'gcn', 2, 200], 0.8493914807302231)
INFO:nas.trainer:eval | (sampled_gnn, metric_val) = (['sage', 'gcn', 2, 220], 0.8491379310344828)
INFO:nas.trainer:eval | (sampled_gnn, metric_val) = (['gmm', 'gcn', 2, 200], 0.8463488843813387)
INFO:nas.trainer:eval | (sampled_gnn, metric_val) = (['gmm', 'gmm', 2, 200], 0.8539553752535497)
INFO:nas.trainer:eval | (sampled_gnn, metric_val) = (['sage', 'sage', 2, 200], 0.8501521298174443)
INFO:nas.trainer:eval | (sampled_gnn, metric_val) = (['gcn', 'gcn', 2, 220], 0.8443204868154158)
INFO:nas.trainer:eval | (sampled_gnn, metric_val) = (['gmm', 'gmm', 2, 200], 0.8539553752535497)
INFO:nas.trainer:eval | (sampled_gnn, metric_val) = (['gcn', 'gmm', 2, 220], 0.848630831643002)
INFO:nas.trainer:eval | (sampled_gnn, metric_val) = (['gmm', 'gmm', 2, 220], 0.8585192697768763)
INFO:nas.trainer:eval | (sampled_gnn, metric_val) = (['sage', 'sage', 2, 220], 0.8567444219066938)
INFO:nas.trainer:eval | (sampled_gnn, metric_val) = (['gmm', 'gmm', 2, 200], 0.8506592292089249)
INFO:nas.trainer:eval | (sampled_gnn, metric_val) = (['gcn', 'gmm', 2, 200], 0.8443204868154158)
INFO:nas.trainer:eval | (sampled_gnn, metric_val) = (['gcn', 'sage', 2, 220], 0.848630831643002)
INFO:nas.trainer:train | 27 era_time 854.9635810852051
INFO:nas.trainer:eval | (sampled_gnn, metric_val) = (['gmm', 'sage', 2, 220], 0.8526876267748479)
INFO:nas.trainer:eval | (sampled_gnn, metric_val) = (['sage', 'sage', 2, 200], 0.8491379310344828)
INFO:nas.trainer:eval | (sampled_gnn, metric_val) = (['gmm', 'gcn', 2, 200], 0.8481237322515213)
INFO:nas.trainer:eval | (sampled_gnn, metric_val) = (['gmm', 'ssg', 2, 200], 0.8473630831643002)
INFO:nas.trainer:eval | (sampled_gnn, metric_val) = (['sage', 'gcn', 2, 220], 0.8481237322515213)
INFO:nas.trainer:eval | (sampled_gnn, metric_val) = (['gmm', 'gmm', 2, 200], 0.856237322515213)
INFO:nas.trainer:eval | (sampled_gnn, metric_val) = (['gmm', 'gmm', 2, 200], 0.8531947261663286)
INFO:nas.trainer:eval | (sampled_gnn, metric_val) = (['gcn', 'gmm', 2, 200], 0.8455882352941176)
INFO:nas.trainer:eval | (sampled_gnn, metric_val) = (['gmm', 'gmm', 2, 100], 0.8326572008113591)
INFO:nas.trainer:eval | (sampled_gnn, metric_val) = (['gmm', 'sage', 2, 220], 0.8552231237322515)
INFO:nas.trainer:eval | (sampled_gnn, metric_val) = (['gin', 'gcn', 2, 200], 0.8597870182555781)
INFO:nas.trainer:eval | (sampled_gnn, metric_val) = (['sage', 'gmm', 2, 200], 0.8549695740365112)
INFO:nas.trainer:eval | (sampled_gnn, metric_val) = (['ssg', 'gmm', 2, 220], 0.8519269776876268)
INFO:nas.trainer:eval | (sampled_gnn, metric_val) = (['gmm', 'gcn', 2, 200], 0.8488843813387424)
INFO:nas.trainer:eval | (sampled_gnn, metric_val) = (['gmm', 'sage', 2, 220], 0.8544624746450304)
INFO:nas.trainer:eval | (sampled_gnn, metric_val) = (['sage', 'gmm', 2, 220], 0.8592799188640974)
INFO:nas.trainer:eval | (sampled_gnn, metric_val) = (['gmm', 'gmm', 2, 220], 0.8531947261663286)
INFO:nas.trainer:eval | (sampled_gnn, metric_val) = (['gmm', 'gmm', 2, 220], 0.8605476673427992)
INFO:nas.trainer:eval | (sampled_gnn, metric_val) = (['gmm', 'gmm', 2, 200], 0.8595334685598377)
INFO:nas.trainer:eval | (sampled_gnn, metric_val) = (['gcn', 'gmm', 2, 220], 0.8483772819472617)
INFO:nas.trainer:train | 28 era_time 867.6215193271637
INFO:nas.trainer:eval | (sampled_gnn, metric_val) = (['gcn', 'gmm', 2, 220], 0.8552231237322515)
INFO:nas.trainer:eval | (sampled_gnn, metric_val) = (['sage', 'gcn', 2, 120], 0.8303752535496958)
INFO:nas.trainer:eval | (sampled_gnn, metric_val) = (['gmm', 'gmm', 2, 200], 0.8577586206896551)
INFO:nas.trainer:eval | (sampled_gnn, metric_val) = (['gmm', 'gmm', 2, 180], 0.8521805273833671)
INFO:nas.trainer:eval | (sampled_gnn, metric_val) = (['gmm', 'gmm', 2, 220], 0.8633367139959433)
INFO:nas.trainer:eval | (sampled_gnn, metric_val) = (['gcn', 'gcn', 2, 220], 0.8400101419878296)
INFO:nas.trainer:eval | (sampled_gnn, metric_val) = (['sage', 'gmm', 2, 200], 0.8552231237322515)
INFO:nas.trainer:eval | (sampled_gnn, metric_val) = (['gmm', 'gcn', 2, 200], 0.8468559837728195)
INFO:nas.trainer:eval | (sampled_gnn, metric_val) = (['gmm', 'gmm', 2, 200], 0.8453346855983773)
INFO:nas.trainer:eval | (sampled_gnn, metric_val) = (['gmm', 'gmm', 2, 200], 0.859026369168357)
INFO:nas.trainer:eval | (sampled_gnn, metric_val) = (['gmm', 'sage', 2, 200], 0.8504056795131846)
INFO:nas.trainer:eval | (sampled_gnn, metric_val) = (['gmm', 'gmm', 2, 200], 0.8580121703853956)
INFO:nas.trainer:eval | (sampled_gnn, metric_val) = (['gmm', 'gmm', 2, 200], 0.8569979716024341)
INFO:nas.trainer:eval | (sampled_gnn, metric_val) = (['gcn', 'gmm', 2, 220], 0.8526876267748479)
INFO:nas.trainer:eval | (sampled_gnn, metric_val) = (['gmm', 'gmm', 2, 220], 0.8587728194726166)
INFO:nas.trainer:eval | (sampled_gnn, metric_val) = (['gmm', 'sage', 2, 220], 0.8564908722109533)
INFO:nas.trainer:eval | (sampled_gnn, metric_val) = (['gmm', 'gmm', 2, 200], 0.8438133874239351)
INFO:nas.trainer:eval | (sampled_gnn, metric_val) = (['gin', 'gmm', 2, 200], 0.8567444219066938)
INFO:nas.trainer:eval | (sampled_gnn, metric_val) = (['gmm', 'sage', 2, 200], 0.8547160243407708)
INFO:nas.trainer:eval | (sampled_gnn, metric_val) = (['gcn', 'gmm', 2, 220], 0.8466024340770791)
INFO:nas.trainer:train | 29 era_time 787.5586063861847
INFO:nas.trainer:train | train_time 27263.36056470871
INFO:nas.trainer:eval | (sampled_gnn, metric_val) = (['ssg', 'gmm', 2, 200], 0.8501521298174443)
INFO:nas.trainer:eval | (sampled_gnn, metric_val) = (['gcn', 'gmm', 2, 200], 0.8481237322515213)
INFO:nas.trainer:eval | (sampled_gnn, metric_val) = (['gmm', 'gmm', 2, 220], 0.8575050709939148)
INFO:nas.trainer:eval | (sampled_gnn, metric_val) = (['gcn', 'gmm', 2, 220], 0.8498985801217038)
INFO:nas.trainer:eval | (sampled_gnn, metric_val) = (['sage', 'sage', 2, 200], 0.8511663286004056)
INFO:nas.trainer:eval | (sampled_gnn, metric_val) = (['gmm', 'sage', 2, 200], 0.8529411764705882)
INFO:nas.trainer:eval | (sampled_gnn, metric_val) = (['sage', 'sage', 2, 200], 0.8498985801217038)
INFO:nas.trainer:eval | (sampled_gnn, metric_val) = (['gcn', 'gcn', 2, 220], 0.8443204868154158)
INFO:nas.trainer:eval | (sampled_gnn, metric_val) = (['gmm', 'gmm', 2, 220], 0.8638438133874239)
INFO:nas.trainer:eval | (sampled_gnn, metric_val) = (['gmm', 'sage', 2, 220], 0.8526876267748479)
INFO:root:'/home/ubuntu/GNN-AID/src/nas/cfg/11.yml' cfg_file best structure: ['gmm', 'gmm', 2, 220]
